<?xml version="1.0" encoding="UTF-8"?>
<testsuite name="Tests" tests="1" skipped="0" failures="0" errors="0" timestamp="2022-02-24T15:50:28" hostname="DESKTOP-HS4DRCO" time="4.973">
  <properties/>
  <testcase name="start" classname="Tests" time="4.973"/>
  <system-out><![CDATA[?[1;31m
Start test 1?[0m

  .   ____          _            __ _ _
 /\\ / ___'_ __ _ _(_)_ __  __ _ \ \ \ \
( ( )\___ | '_ | '_| | '_ \/ _` | \ \ \ \
 \\/  ___)| |_)| | | | | || (_| |  ) ) ) )
  '  |____| .__|_| |_|_| |_\__, | / / / /
 =========|_|==============|___/=/_/_/_/
 :: Spring Boot ::                (v2.5.6)

2022-02-24 18:50:29.166  INFO 17640 --- [    Test worker] task.Main                                : Starting Main using Java 17.0.1 on DESKTOP-HS4DRCO with PID 17640 (started by almaz in D:\devel\Recipes1\Topics\Exception handling\Four status codes)
2022-02-24 18:50:29.171  INFO 17640 --- [    Test worker] task.Main                                : No active profile set, falling back to default profiles: default
2022-02-24 18:50:31.145  INFO 17640 --- [    Test worker] o.s.b.w.embedded.tomcat.TomcatWebServer  : Tomcat initialized with port(s): 28852 (http)
2022-02-24 18:50:31.167  INFO 17640 --- [    Test worker] o.apache.catalina.core.StandardService   : Starting service [Tomcat]
2022-02-24 18:50:31.167  INFO 17640 --- [    Test worker] org.apache.catalina.core.StandardEngine  : Starting Servlet engine: [Apache Tomcat/9.0.54]
2022-02-24 18:50:31.333  INFO 17640 --- [    Test worker] o.a.c.c.C.[Tomcat].[localhost].[/]       : Initializing Spring embedded WebApplicationContext
2022-02-24 18:50:31.334  INFO 17640 --- [    Test worker] w.s.c.ServletWebServerApplicationContext : Root WebApplicationContext: initialization completed in 2085 ms
2022-02-24 18:50:32.477  INFO 17640 --- [    Test worker] o.s.b.a.e.web.EndpointLinksResolver      : Exposing 14 endpoint(s) beneath base path '/actuator'
2022-02-24 18:50:32.542  INFO 17640 --- [    Test worker] o.s.b.w.embedded.tomcat.TomcatWebServer  : Tomcat started on port(s): 28852 (http) with context path ''
2022-02-24 18:50:32.565  INFO 17640 --- [    Test worker] task.Main                                : Started Main in 3.945 seconds (JVM running for 4.859)
2022-02-24 18:50:33.074  INFO 17640 --- [io-28852-exec-1] o.a.c.c.C.[Tomcat].[localhost].[/]       : Initializing Spring DispatcherServlet 'dispatcherServlet'
2022-02-24 18:50:33.075  INFO 17640 --- [io-28852-exec-1] o.s.web.servlet.DispatcherServlet        : Initializing Servlet 'dispatcherServlet'
2022-02-24 18:50:33.077  INFO 17640 --- [io-28852-exec-1] o.s.web.servlet.DispatcherServlet        : Completed initialization in 2 ms
?[1;31m
Start test 2?[0m
?[1;31m
Start test 3?[0m
?[1;31m
Start test 4?[0m
]]></system-out>
  <system-err><![CDATA[]]></system-err>
</testsuite>
