<?xml version="1.0" encoding="UTF-8"?>
<testsuite name="Tests" tests="1" skipped="0" failures="0" errors="0" timestamp="2022-02-22T10:38:38" hostname="DESKTOP-HS4DRCO" time="5.787">
  <properties/>
  <testcase name="start" classname="Tests" time="5.787"/>
  <system-out><![CDATA[?[1;31m
Start test 1?[0m

  .   ____          _            __ _ _
 /\\ / ___'_ __ _ _(_)_ __  __ _ \ \ \ \
( ( )\___ | '_ | '_| | '_ \/ _` | \ \ \ \
 \\/  ___)| |_)| | | | | || (_| |  ) ) ) )
  '  |____| .__|_| |_|_| |_\__, | / / / /
 =========|_|==============|___/=/_/_/_/
 :: Spring Boot ::                (v2.5.6)

2022-02-22 13:38:39.568  INFO 21592 --- [    Test worker] task.Main                                : Starting Main using Java 17.0.1 on DESKTOP-HS4DRCO with PID 21592 (started by almaz in D:\devel\Recipes1\Topics\Handling requests with bodies\Important message)
2022-02-22 13:38:39.572  INFO 21592 --- [    Test worker] task.Main                                : No active profile set, falling back to default profiles: default
2022-02-22 13:38:41.805  INFO 21592 --- [    Test worker] o.s.b.w.embedded.tomcat.TomcatWebServer  : Tomcat initialized with port(s): 28852 (http)
2022-02-22 13:38:41.826  INFO 21592 --- [    Test worker] o.apache.catalina.core.StandardService   : Starting service [Tomcat]
2022-02-22 13:38:41.827  INFO 21592 --- [    Test worker] org.apache.catalina.core.StandardEngine  : Starting Servlet engine: [Apache Tomcat/9.0.54]
2022-02-22 13:38:41.981  INFO 21592 --- [    Test worker] o.a.c.c.C.[Tomcat].[localhost].[/]       : Initializing Spring embedded WebApplicationContext
2022-02-22 13:38:41.981  INFO 21592 --- [    Test worker] w.s.c.ServletWebServerApplicationContext : Root WebApplicationContext: initialization completed in 2269 ms
2022-02-22 13:38:42.985  INFO 21592 --- [    Test worker] o.s.b.a.e.web.EndpointLinksResolver      : Exposing 14 endpoint(s) beneath base path '/actuator'
2022-02-22 13:38:43.048  INFO 21592 --- [    Test worker] o.s.b.w.embedded.tomcat.TomcatWebServer  : Tomcat started on port(s): 28852 (http) with context path ''
2022-02-22 13:38:43.069  INFO 21592 --- [    Test worker] task.Main                                : Started Main in 4.361 seconds (JVM running for 5.794)
2022-02-22 13:38:43.672  INFO 21592 --- [io-28852-exec-1] o.a.c.c.C.[Tomcat].[localhost].[/]       : Initializing Spring DispatcherServlet 'dispatcherServlet'
2022-02-22 13:38:43.672  INFO 21592 --- [io-28852-exec-1] o.s.web.servlet.DispatcherServlet        : Initializing Servlet 'dispatcherServlet'
2022-02-22 13:38:43.675  INFO 21592 --- [io-28852-exec-1] o.s.web.servlet.DispatcherServlet        : Completed initialization in 2 ms
?[1;31m
Start test 2?[0m
?[1;31m
Start test 3?[0m
?[1;31m
Start test 4?[0m
?[1;31m
Start test 5?[0m
?[1;31m
Start test 6?[0m
?[1;31m
Start test 7?[0m
?[1;31m
Start test 8?[0m
]]></system-out>
  <system-err><![CDATA[]]></system-err>
</testsuite>
