<?xml version="1.0" encoding="UTF-8"?>
<testsuite name="Tests" tests="1" skipped="0" failures="0" errors="0" timestamp="2022-02-21T08:16:01" hostname="DESKTOP-HS4DRCO" time="5.648">
  <properties/>
  <testcase name="start" classname="Tests" time="5.648"/>
  <system-out><![CDATA[?[1;31m
Start test 1?[0m

  .   ____          _            __ _ _
 /\\ / ___'_ __ _ _(_)_ __  __ _ \ \ \ \
( ( )\___ | '_ | '_| | '_ \/ _` | \ \ \ \
 \\/  ___)| |_)| | | | | || (_| |  ) ) ) )
  '  |____| .__|_| |_|_| |_\__, | / / / /
 =========|_|==============|___/=/_/_/_/
 :: Spring Boot ::                (v2.5.6)

2022-02-21 11:16:01.900  INFO 6992 --- [    Test worker] task.Main                                : Starting Main using Java 17.0.1 on DESKTOP-HS4DRCO with PID 6992 (started by almaz in D:\devel\Recipes1\Topics\Posting and deleting data via REST\Deleting items)
2022-02-21 11:16:01.906  INFO 6992 --- [    Test worker] task.Main                                : No active profile set, falling back to default profiles: default
2022-02-21 11:16:03.974  INFO 6992 --- [    Test worker] o.s.b.w.embedded.tomcat.TomcatWebServer  : Tomcat initialized with port(s): 28852 (http)
2022-02-21 11:16:03.994  INFO 6992 --- [    Test worker] o.apache.catalina.core.StandardService   : Starting service [Tomcat]
2022-02-21 11:16:03.995  INFO 6992 --- [    Test worker] org.apache.catalina.core.StandardEngine  : Starting Servlet engine: [Apache Tomcat/9.0.54]
2022-02-21 11:16:04.164  INFO 6992 --- [    Test worker] o.a.c.c.C.[Tomcat].[localhost].[/]       : Initializing Spring embedded WebApplicationContext
2022-02-21 11:16:04.164  INFO 6992 --- [    Test worker] w.s.c.ServletWebServerApplicationContext : Root WebApplicationContext: initialization completed in 2180 ms
2022-02-21 11:16:05.593  INFO 6992 --- [    Test worker] o.s.b.a.e.web.EndpointLinksResolver      : Exposing 14 endpoint(s) beneath base path '/actuator'
2022-02-21 11:16:05.668  INFO 6992 --- [    Test worker] o.s.b.w.embedded.tomcat.TomcatWebServer  : Tomcat started on port(s): 28852 (http) with context path ''
2022-02-21 11:16:05.696  INFO 6992 --- [    Test worker] task.Main                                : Started Main in 4.351 seconds (JVM running for 5.423)
2022-02-21 11:16:06.267  INFO 6992 --- [io-28852-exec-1] o.a.c.c.C.[Tomcat].[localhost].[/]       : Initializing Spring DispatcherServlet 'dispatcherServlet'
2022-02-21 11:16:06.268  INFO 6992 --- [io-28852-exec-1] o.s.web.servlet.DispatcherServlet        : Initializing Servlet 'dispatcherServlet'
2022-02-21 11:16:06.270  INFO 6992 --- [io-28852-exec-1] o.s.web.servlet.DispatcherServlet        : Completed initialization in 2 ms
?[1;31m
Start test 2?[0m
?[1;31m
Start test 3?[0m
?[1;31m
Start test 4?[0m
?[1;31m
Start test 5?[0m
?[1;31m
Start test 6?[0m
?[1;31m
Start test 7?[0m
?[1;31m
Start test 8?[0m
?[1;31m
Start test 9?[0m
?[1;31m
Start test 10?[0m
?[1;31m
Start test 11?[0m
?[1;31m
Start test 12?[0m
?[1;31m
Start test 13?[0m
?[1;31m
Start test 14?[0m
?[1;31m
Start test 15?[0m
?[1;31m
Start test 16?[0m
?[1;31m
Start test 17?[0m
]]></system-out>
  <system-err><![CDATA[]]></system-err>
</testsuite>
