<?xml version="1.0" encoding="UTF-8"?>
<testsuite name="RecipesApplicationTest" tests="1" skipped="0" failures="0" errors="0" timestamp="2022-03-20T09:26:22" hostname="DESKTOP-HS4DRCO" time="30.055">
  <properties/>
  <testcase name="start" classname="RecipesApplicationTest" time="30.055"/>
  <system-out><![CDATA[?[1;31m
Start test 1?[0m

  .   ____          _            __ _ _
 /\\ / ___'_ __ _ _(_)_ __  __ _ \ \ \ \
( ( )\___ | '_ | '_| | '_ \/ _` | \ \ \ \
 \\/  ___)| |_)| | | | | || (_| |  ) ) ) )
  '  |____| .__|_| |_|_| |_\__, | / / / /
 =========|_|==============|___/=/_/_/_/
 :: Spring Boot ::                (v2.5.6)

2022-03-20 12:26:23.075  INFO 5300 --- [    Test worker] recipes.RecipesApplication               : Starting RecipesApplication using Java 17.0.1 on DESKTOP-HS4DRCO with PID 5300 (started by almaz in D:\devel\Recipes1\Recipes\task)
2022-03-20 12:26:23.078  INFO 5300 --- [    Test worker] recipes.RecipesApplication               : No active profile set, falling back to default profiles: default
2022-03-20 12:26:23.079 DEBUG 5300 --- [    Test worker] o.s.boot.SpringApplication               : Loading source class recipes.RecipesApplication
2022-03-20 12:26:23.165 DEBUG 5300 --- [    Test worker] ConfigServletWebServerApplicationContext : Refreshing org.springframework.boot.web.servlet.context.AnnotationConfigServletWebServerApplicationContext@6f70f32f
2022-03-20 12:26:23.202 DEBUG 5300 --- [    Test worker] o.s.b.f.s.DefaultListableBeanFactory     : Creating shared instance of singleton bean 'org.springframework.context.annotation.internalConfigurationAnnotationProcessor'
2022-03-20 12:26:23.239 DEBUG 5300 --- [    Test worker] o.s.b.f.s.DefaultListableBeanFactory     : Creating shared instance of singleton bean 'org.springframework.boot.autoconfigure.internalCachingMetadataReaderFactory'
2022-03-20 12:26:23.359 DEBUG 5300 --- [    Test worker] o.s.c.a.ClassPathBeanDefinitionScanner   : Identified candidate component class: file [D:\devel\Recipes1\Recipes\task\build\classes\java\main\recipes\businesslayer\RecipeService.class]
2022-03-20 12:26:23.361 DEBUG 5300 --- [    Test worker] o.s.c.a.ClassPathBeanDefinitionScanner   : Identified candidate component class: file [D:\devel\Recipes1\Recipes\task\build\classes\java\main\recipes\businesslayer\UserDetailsServiceImpl.class]
2022-03-20 12:26:23.363 DEBUG 5300 --- [    Test worker] o.s.c.a.ClassPathBeanDefinitionScanner   : Identified candidate component class: file [D:\devel\Recipes1\Recipes\task\build\classes\java\main\recipes\businesslayer\UserService.class]
2022-03-20 12:26:23.367 DEBUG 5300 --- [    Test worker] o.s.c.a.ClassPathBeanDefinitionScanner   : Ignored because not a concrete top-level class: file [D:\devel\Recipes1\Recipes\task\build\classes\java\main\recipes\persistence\RecipeRepository.class]
2022-03-20 12:26:23.368 DEBUG 5300 --- [    Test worker] o.s.c.a.ClassPathBeanDefinitionScanner   : Ignored because not a concrete top-level class: file [D:\devel\Recipes1\Recipes\task\build\classes\java\main\recipes\persistence\UserRepository.class]
2022-03-20 12:26:23.398 DEBUG 5300 --- [    Test worker] o.s.c.a.ClassPathBeanDefinitionScanner   : Identified candidate component class: file [D:\devel\Recipes1\Recipes\task\build\classes\java\main\recipes\presentation\RecipesController.class]
2022-03-20 12:26:23.417 DEBUG 5300 --- [    Test worker] o.s.c.a.ClassPathBeanDefinitionScanner   : Identified candidate component class: file [D:\devel\Recipes1\Recipes\task\build\classes\java\main\recipes\presentation\WebSecurityConfigurerImpl.class]
2022-03-20 12:26:24.718  INFO 5300 --- [    Test worker] .s.d.r.c.RepositoryConfigurationDelegate : Bootstrapping Spring Data JPA repositories in DEFAULT mode.
2022-03-20 12:26:24.735 DEBUG 5300 --- [    Test worker] o.s.b.f.s.DefaultListableBeanFactory     : Creating shared instance of singleton bean 'org.springframework.boot.autoconfigure.AutoConfigurationPackages'
2022-03-20 12:26:24.736 DEBUG 5300 --- [    Test worker] o.s.b.a.AutoConfigurationPackages        : @EnableAutoConfiguration was declared on a class in the package 'recipes'. Automatic @Repository and @Entity scanning is enabled.
2022-03-20 12:26:24.740 DEBUG 5300 --- [    Test worker] .s.d.r.c.RepositoryConfigurationDelegate : Scanning for JPA repositories in packages recipes.
2022-03-20 12:26:24.759 DEBUG 5300 --- [    Test worker] o.s.d.r.c.RepositoryComponentProvider    : Identified candidate component class: file [D:\devel\Recipes1\Recipes\task\build\classes\java\main\recipes\persistence\RecipeRepository.class]
2022-03-20 12:26:24.759 DEBUG 5300 --- [    Test worker] o.s.d.r.c.RepositoryComponentProvider    : Identified candidate component class: file [D:\devel\Recipes1\Recipes\task\build\classes\java\main\recipes\persistence\UserRepository.class]
2022-03-20 12:26:24.824 DEBUG 5300 --- [    Test worker] ssPathScanningCandidateComponentProvider : Identified candidate component class: file [D:\devel\Recipes1\Recipes\task\build\classes\java\main\recipes\businesslayer\UserDetailsImpl.class]
2022-03-20 12:26:24.825 DEBUG 5300 --- [    Test worker] ssPathScanningCandidateComponentProvider : Identified candidate component class: file [D:\devel\Recipes1\Recipes\task\build\classes\java\main\recipes\businesslayer\UserDetailsServiceImpl.class]
2022-03-20 12:26:24.827 DEBUG 5300 --- [    Test worker] ssPathScanningCandidateComponentProvider : Identified candidate component class: file [D:\devel\Recipes1\Recipes\task\build\classes\java\main\recipes\presentation\WebSecurityConfigurerImpl.class]
2022-03-20 12:26:24.862  INFO 5300 --- [    Test worker] .s.d.r.c.RepositoryConfigurationDelegate : Finished Spring Data repository scanning in 118 ms. Found 2 JPA repository interfaces.
2022-03-20 12:26:25.369 DEBUG 5300 --- [    Test worker] o.s.b.f.s.DefaultListableBeanFactory     : Creating shared instance of singleton bean 'propertySourcesPlaceholderConfigurer'
2022-03-20 12:26:25.393 DEBUG 5300 --- [    Test worker] o.s.b.f.s.DefaultListableBeanFactory     : Creating shared instance of singleton bean 'emBeanDefinitionRegistrarPostProcessor'
2022-03-20 12:26:25.395 DEBUG 5300 --- [    Test worker] o.s.b.f.s.DefaultListableBeanFactory     : Creating shared instance of singleton bean 'org.springframework.boot.sql.init.dependency.DatabaseInitializationDependencyConfigurer$DependsOnDatabaseInitializationPostProcessor'
2022-03-20 12:26:25.575 DEBUG 5300 --- [    Test worker] o.s.b.f.s.DefaultListableBeanFactory     : Creating shared instance of singleton bean 'org.springframework.context.event.internalEventListenerProcessor'
2022-03-20 12:26:25.579 DEBUG 5300 --- [    Test worker] o.s.b.f.s.DefaultListableBeanFactory     : Creating shared instance of singleton bean 'conversionServicePostProcessor'
2022-03-20 12:26:25.592 DEBUG 5300 --- [    Test worker] o.s.b.f.s.DefaultListableBeanFactory     : Creating shared instance of singleton bean 'preserveErrorControllerTargetClassPostProcessor'
2022-03-20 12:26:25.595 DEBUG 5300 --- [    Test worker] o.s.b.f.s.DefaultListableBeanFactory     : Creating shared instance of singleton bean 'org.springframework.context.event.internalEventListenerFactory'
2022-03-20 12:26:25.596 DEBUG 5300 --- [    Test worker] o.s.b.f.s.DefaultListableBeanFactory     : Creating shared instance of singleton bean 'org.springframework.transaction.config.internalTransactionalEventListenerFactory'
2022-03-20 12:26:25.606 DEBUG 5300 --- [    Test worker] o.s.b.f.s.DefaultListableBeanFactory     : Creating shared instance of singleton bean 'org.springframework.context.annotation.internalAutowiredAnnotationProcessor'
2022-03-20 12:26:25.610 DEBUG 5300 --- [    Test worker] o.s.b.f.s.DefaultListableBeanFactory     : Creating shared instance of singleton bean 'org.springframework.context.annotation.internalCommonAnnotationProcessor'
2022-03-20 12:26:25.620 DEBUG 5300 --- [    Test worker] o.s.b.f.s.DefaultListableBeanFactory     : Creating shared instance of singleton bean 'org.springframework.context.annotation.internalPersistenceAnnotationProcessor'
2022-03-20 12:26:25.621 DEBUG 5300 --- [    Test worker] o.s.b.f.s.DefaultListableBeanFactory     : Creating shared instance of singleton bean 'org.springframework.boot.context.properties.ConfigurationPropertiesBindingPostProcessor'
2022-03-20 12:26:25.622 DEBUG 5300 --- [    Test worker] o.s.b.f.s.DefaultListableBeanFactory     : Creating shared instance of singleton bean 'org.springframework.boot.context.internalConfigurationPropertiesBinder'
2022-03-20 12:26:25.623 DEBUG 5300 --- [    Test worker] o.s.b.f.s.DefaultListableBeanFactory     : Creating shared instance of singleton bean 'org.springframework.boot.context.internalConfigurationPropertiesBinderFactory'
2022-03-20 12:26:25.629 DEBUG 5300 --- [    Test worker] o.s.b.f.s.DefaultListableBeanFactory     : Creating shared instance of singleton bean 'methodValidationPostProcessor'
2022-03-20 12:26:25.659 DEBUG 5300 --- [    Test worker] o.s.b.f.s.DefaultListableBeanFactory     : Autowiring by type from bean name 'methodValidationPostProcessor' via factory method to bean named 'environment'
2022-03-20 12:26:25.663 DEBUG 5300 --- [    Test worker] o.s.b.f.s.DefaultListableBeanFactory     : Creating shared instance of singleton bean 'org.springframework.boot.context.properties.EnableConfigurationPropertiesRegistrar.methodValidationExcludeFilter'
2022-03-20 12:26:25.691 DEBUG 5300 --- [    Test worker] o.s.b.f.s.DefaultListableBeanFactory     : Creating shared instance of singleton bean 'org.springframework.aop.config.internalAutoProxyCreator'
2022-03-20 12:26:25.762 DEBUG 5300 --- [    Test worker] o.s.b.f.s.DefaultListableBeanFactory     : Creating shared instance of singleton bean 'persistenceExceptionTranslationPostProcessor'
2022-03-20 12:26:25.764 DEBUG 5300 --- [    Test worker] o.s.b.f.s.DefaultListableBeanFactory     : Autowiring by type from bean name 'persistenceExceptionTranslationPostProcessor' via factory method to bean named 'environment'
2022-03-20 12:26:25.768 DEBUG 5300 --- [    Test worker] o.s.b.f.s.DefaultListableBeanFactory     : Creating shared instance of singleton bean 'webServerFactoryCustomizerBeanPostProcessor'
2022-03-20 12:26:25.770 DEBUG 5300 --- [    Test worker] o.s.b.f.s.DefaultListableBeanFactory     : Creating shared instance of singleton bean 'errorPageRegistrarBeanPostProcessor'
2022-03-20 12:26:25.771 DEBUG 5300 --- [    Test worker] o.s.b.f.s.DefaultListableBeanFactory     : Creating shared instance of singleton bean 'healthEndpointGroupsBeanPostProcessor'
2022-03-20 12:26:25.776 DEBUG 5300 --- [    Test worker] o.s.b.f.s.DefaultListableBeanFactory     : Creating shared instance of singleton bean 'org.springframework.transaction.config.internalTransactionAdvisor'
2022-03-20 12:26:25.777 DEBUG 5300 --- [    Test worker] o.s.b.f.s.DefaultListableBeanFactory     : Creating shared instance of singleton bean 'org.springframework.transaction.annotation.ProxyTransactionManagementConfiguration'
2022-03-20 12:26:25.828 DEBUG 5300 --- [    Test worker] o.s.b.f.s.DefaultListableBeanFactory     : Creating shared instance of singleton bean 'transactionAttributeSource'
2022-03-20 12:26:25.842 DEBUG 5300 --- [    Test worker] o.s.b.f.s.DefaultListableBeanFactory     : Creating shared instance of singleton bean 'transactionInterceptor'
2022-03-20 12:26:25.845 DEBUG 5300 --- [    Test worker] o.s.b.f.s.DefaultListableBeanFactory     : Autowiring by type from bean name 'transactionInterceptor' via factory method to bean named 'transactionAttributeSource'
2022-03-20 12:26:25.877 DEBUG 5300 --- [    Test worker] o.s.b.f.s.DefaultListableBeanFactory     : Autowiring by type from bean name 'org.springframework.transaction.config.internalTransactionAdvisor' via factory method to bean named 'transactionAttributeSource'
2022-03-20 12:26:25.878 DEBUG 5300 --- [    Test worker] o.s.b.f.s.DefaultListableBeanFactory     : Autowiring by type from bean name 'org.springframework.transaction.config.internalTransactionAdvisor' via factory method to bean named 'transactionInterceptor'
2022-03-20 12:26:25.900 DEBUG 5300 --- [    Test worker] o.s.b.f.s.DefaultListableBeanFactory     : Creating shared instance of singleton bean 'meterRegistryPostProcessor'
2022-03-20 12:26:25.903 DEBUG 5300 --- [    Test worker] o.s.b.f.s.DefaultListableBeanFactory     : Autowiring by type from bean name 'meterRegistryPostProcessor' via factory method to bean named 'org.springframework.boot.web.servlet.context.AnnotationConfigServletWebServerApplicationContext@6f70f32f'
2022-03-20 12:26:25.907 DEBUG 5300 --- [    Test worker] o.s.b.f.s.DefaultListableBeanFactory     : Creating shared instance of singleton bean 'metricsRepositoryMethodInvocationListenerBeanPostProcessor'
2022-03-20 12:26:25.918 DEBUG 5300 --- [    Test worker] o.s.b.f.s.DefaultListableBeanFactory     : Creating shared instance of singleton bean 'projectingArgumentResolverBeanPostProcessor'
2022-03-20 12:26:26.018 DEBUG 5300 --- [    Test worker] o.s.u.c.s.UiApplicationContextUtils      : Unable to locate ThemeSource with name 'themeSource': using default [org.springframework.ui.context.support.ResourceBundleThemeSource@65afeb6d]
2022-03-20 12:26:26.023 DEBUG 5300 --- [    Test worker] o.s.b.f.s.DefaultListableBeanFactory     : Creating shared instance of singleton bean 'tomcatServletWebServerFactory'
2022-03-20 12:26:26.024 DEBUG 5300 --- [    Test worker] o.s.b.f.s.DefaultListableBeanFactory     : Creating shared instance of singleton bean 'org.springframework.boot.autoconfigure.web.servlet.ServletWebServerFactoryConfiguration$EmbeddedTomcat'
2022-03-20 12:26:26.143 DEBUG 5300 --- [    Test worker] o.s.b.f.s.DefaultListableBeanFactory     : Creating shared instance of singleton bean 'websocketServletWebServerCustomizer'
2022-03-20 12:26:26.144 DEBUG 5300 --- [    Test worker] o.s.b.f.s.DefaultListableBeanFactory     : Creating shared instance of singleton bean 'org.springframework.boot.autoconfigure.websocket.servlet.WebSocketServletAutoConfiguration$TomcatWebSocketConfiguration'
2022-03-20 12:26:26.149 DEBUG 5300 --- [    Test worker] o.s.b.f.s.DefaultListableBeanFactory     : Creating shared instance of singleton bean 'servletWebServerFactoryCustomizer'
2022-03-20 12:26:26.151 DEBUG 5300 --- [    Test worker] o.s.b.f.s.DefaultListableBeanFactory     : Creating shared instance of singleton bean 'org.springframework.boot.autoconfigure.web.servlet.ServletWebServerFactoryAutoConfiguration'
2022-03-20 12:26:26.158 DEBUG 5300 --- [    Test worker] o.s.b.f.s.DefaultListableBeanFactory     : Creating shared instance of singleton bean 'server-org.springframework.boot.autoconfigure.web.ServerProperties'
2022-03-20 12:26:26.216 DEBUG 5300 --- [    Test worker] o.s.b.f.s.DefaultListableBeanFactory     : Creating shared instance of singleton bean 'org.springframework.boot.context.properties.BoundConfigurationProperties'
2022-03-20 12:26:26.275 DEBUG 5300 --- [    Test worker] o.s.b.f.s.DefaultListableBeanFactory     : Autowiring by type from bean name 'servletWebServerFactoryCustomizer' via factory method to bean named 'server-org.springframework.boot.autoconfigure.web.ServerProperties'
2022-03-20 12:26:26.283 DEBUG 5300 --- [    Test worker] o.s.b.f.s.DefaultListableBeanFactory     : Creating shared instance of singleton bean 'tomcatServletWebServerFactoryCustomizer'
2022-03-20 12:26:26.289 DEBUG 5300 --- [    Test worker] o.s.b.f.s.DefaultListableBeanFactory     : Autowiring by type from bean name 'tomcatServletWebServerFactoryCustomizer' via factory method to bean named 'server-org.springframework.boot.autoconfigure.web.ServerProperties'
2022-03-20 12:26:26.292 DEBUG 5300 --- [    Test worker] o.s.b.f.s.DefaultListableBeanFactory     : Creating shared instance of singleton bean 'tomcatWebServerFactoryCustomizer'
2022-03-20 12:26:26.294 DEBUG 5300 --- [    Test worker] o.s.b.f.s.DefaultListableBeanFactory     : Creating shared instance of singleton bean 'org.springframework.boot.autoconfigure.web.embedded.EmbeddedWebServerFactoryCustomizerAutoConfiguration$TomcatWebServerFactoryCustomizerConfiguration'
2022-03-20 12:26:26.306 DEBUG 5300 --- [    Test worker] o.s.b.f.s.DefaultListableBeanFactory     : Autowiring by type from bean name 'tomcatWebServerFactoryCustomizer' via factory method to bean named 'environment'
2022-03-20 12:26:26.306 DEBUG 5300 --- [    Test worker] o.s.b.f.s.DefaultListableBeanFactory     : Autowiring by type from bean name 'tomcatWebServerFactoryCustomizer' via factory method to bean named 'server-org.springframework.boot.autoconfigure.web.ServerProperties'
2022-03-20 12:26:26.311 DEBUG 5300 --- [    Test worker] o.s.b.f.s.DefaultListableBeanFactory     : Creating shared instance of singleton bean 'localeCharsetMappingsCustomizer'
2022-03-20 12:26:26.313 DEBUG 5300 --- [    Test worker] o.s.b.f.s.DefaultListableBeanFactory     : Creating shared instance of singleton bean 'org.springframework.boot.autoconfigure.web.servlet.HttpEncodingAutoConfiguration'
2022-03-20 12:26:26.317 DEBUG 5300 --- [    Test worker] o.s.b.f.s.DefaultListableBeanFactory     : Autowiring by type from bean name 'org.springframework.boot.autoconfigure.web.servlet.HttpEncodingAutoConfiguration' via constructor to bean named 'server-org.springframework.boot.autoconfigure.web.ServerProperties'
2022-03-20 12:26:26.461 DEBUG 5300 --- [    Test worker] o.s.b.f.s.DefaultListableBeanFactory     : Creating shared instance of singleton bean 'errorPageCustomizer'
2022-03-20 12:26:26.462 DEBUG 5300 --- [    Test worker] o.s.b.f.s.DefaultListableBeanFactory     : Creating shared instance of singleton bean 'org.springframework.boot.autoconfigure.web.servlet.error.ErrorMvcAutoConfiguration'
2022-03-20 12:26:26.465 DEBUG 5300 --- [    Test worker] o.s.b.f.s.DefaultListableBeanFactory     : Autowiring by type from bean name 'org.springframework.boot.autoconfigure.web.servlet.error.ErrorMvcAutoConfiguration' via constructor to bean named 'server-org.springframework.boot.autoconfigure.web.ServerProperties'
2022-03-20 12:26:26.469 DEBUG 5300 --- [    Test worker] o.s.b.f.s.DefaultListableBeanFactory     : Creating shared instance of singleton bean 'dispatcherServletRegistration'
2022-03-20 12:26:26.470 DEBUG 5300 --- [    Test worker] o.s.b.f.s.DefaultListableBeanFactory     : Creating shared instance of singleton bean 'org.springframework.boot.autoconfigure.web.servlet.DispatcherServletAutoConfiguration$DispatcherServletRegistrationConfiguration'
2022-03-20 12:26:26.475 DEBUG 5300 --- [    Test worker] o.s.b.f.s.DefaultListableBeanFactory     : Creating shared instance of singleton bean 'dispatcherServlet'
2022-03-20 12:26:26.476 DEBUG 5300 --- [    Test worker] o.s.b.f.s.DefaultListableBeanFactory     : Creating shared instance of singleton bean 'org.springframework.boot.autoconfigure.web.servlet.DispatcherServletAutoConfiguration$DispatcherServletConfiguration'
2022-03-20 12:26:26.480 DEBUG 5300 --- [    Test worker] o.s.b.f.s.DefaultListableBeanFactory     : Creating shared instance of singleton bean 'spring.mvc-org.springframework.boot.autoconfigure.web.servlet.WebMvcProperties'
2022-03-20 12:26:26.495 DEBUG 5300 --- [    Test worker] o.s.b.f.s.DefaultListableBeanFactory     : Autowiring by type from bean name 'dispatcherServlet' via factory method to bean named 'spring.mvc-org.springframework.boot.autoconfigure.web.servlet.WebMvcProperties'
2022-03-20 12:26:26.535 DEBUG 5300 --- [    Test worker] o.s.b.f.s.DefaultListableBeanFactory     : Autowiring by type from bean name 'dispatcherServletRegistration' via factory method to bean named 'dispatcherServlet'
2022-03-20 12:26:26.535 DEBUG 5300 --- [    Test worker] o.s.b.f.s.DefaultListableBeanFactory     : Autowiring by type from bean name 'dispatcherServletRegistration' via factory method to bean named 'spring.mvc-org.springframework.boot.autoconfigure.web.servlet.WebMvcProperties'
2022-03-20 12:26:26.542 DEBUG 5300 --- [    Test worker] o.s.b.f.s.DefaultListableBeanFactory     : Creating shared instance of singleton bean 'multipartConfigElement'
2022-03-20 12:26:26.543 DEBUG 5300 --- [    Test worker] o.s.b.f.s.DefaultListableBeanFactory     : Creating shared instance of singleton bean 'org.springframework.boot.autoconfigure.web.servlet.MultipartAutoConfiguration'
2022-03-20 12:26:26.544 DEBUG 5300 --- [    Test worker] o.s.b.f.s.DefaultListableBeanFactory     : Creating shared instance of singleton bean 'spring.servlet.multipart-org.springframework.boot.autoconfigure.web.servlet.MultipartProperties'
2022-03-20 12:26:26.561 DEBUG 5300 --- [    Test worker] o.s.b.f.s.DefaultListableBeanFactory     : Autowiring by type from bean name 'org.springframework.boot.autoconfigure.web.servlet.MultipartAutoConfiguration' via constructor to bean named 'spring.servlet.multipart-org.springframework.boot.autoconfigure.web.servlet.MultipartProperties'
2022-03-20 12:26:26.574 DEBUG 5300 --- [    Test worker] o.s.b.f.s.DefaultListableBeanFactory     : Autowiring by type from bean name 'errorPageCustomizer' via factory method to bean named 'dispatcherServletRegistration'
2022-03-20 12:26:26.767 DEBUG 5300 --- [    Test worker] .s.b.w.e.t.TomcatServletWebServerFactory : Code archive: D:\devel\java_pft2\addressbook-web-tests\gradle\caches\modules-2\files-2.1\org.springframework.boot\spring-boot\2.5.6\d8c6b97fd3182fb6d7d06ebf710cd9ccabc83b89\spring-boot-2.5.6.jar
2022-03-20 12:26:26.768 DEBUG 5300 --- [    Test worker] .s.b.w.e.t.TomcatServletWebServerFactory : Code archive: D:\devel\java_pft2\addressbook-web-tests\gradle\caches\modules-2\files-2.1\org.springframework.boot\spring-boot\2.5.6\d8c6b97fd3182fb6d7d06ebf710cd9ccabc83b89\spring-boot-2.5.6.jar
2022-03-20 12:26:26.768 DEBUG 5300 --- [    Test worker] .s.b.w.e.t.TomcatServletWebServerFactory : None of the document roots [src/main/webapp, public, static] point to a directory and will be ignored.
2022-03-20 12:26:26.855  INFO 5300 --- [    Test worker] o.s.b.w.embedded.tomcat.TomcatWebServer  : Tomcat initialized with port(s): 8701 (http)
2022-03-20 12:26:26.896  INFO 5300 --- [    Test worker] o.apache.catalina.core.StandardService   : Starting service [Tomcat]
2022-03-20 12:26:26.904  INFO 5300 --- [    Test worker] org.apache.catalina.core.StandardEngine  : Starting Servlet engine: [Apache Tomcat/9.0.54]
2022-03-20 12:26:27.220  INFO 5300 --- [    Test worker] o.a.c.c.C.[Tomcat].[localhost].[/]       : Initializing Spring embedded WebApplicationContext
2022-03-20 12:26:27.222 DEBUG 5300 --- [    Test worker] w.s.c.ServletWebServerApplicationContext : Published root WebApplicationContext as ServletContext attribute with name [org.springframework.web.context.WebApplicationContext.ROOT]
2022-03-20 12:26:27.223  INFO 5300 --- [    Test worker] w.s.c.ServletWebServerApplicationContext : Root WebApplicationContext: initialization completed in 4058 ms
2022-03-20 12:26:27.233 DEBUG 5300 --- [    Test worker] o.s.b.f.s.DefaultListableBeanFactory     : Creating shared instance of singleton bean 'webMvcMetricsFilter'
2022-03-20 12:26:27.235 DEBUG 5300 --- [    Test worker] o.s.b.f.s.DefaultListableBeanFactory     : Creating shared instance of singleton bean 'org.springframework.boot.actuate.autoconfigure.metrics.web.servlet.WebMvcMetricsAutoConfiguration'
2022-03-20 12:26:27.237 DEBUG 5300 --- [    Test worker] o.s.b.f.s.DefaultListableBeanFactory     : Creating shared instance of singleton bean 'management.metrics-org.springframework.boot.actuate.autoconfigure.metrics.MetricsProperties'
2022-03-20 12:26:27.256 DEBUG 5300 --- [    Test worker] o.s.b.f.s.DefaultListableBeanFactory     : Autowiring by type from bean name 'org.springframework.boot.actuate.autoconfigure.metrics.web.servlet.WebMvcMetricsAutoConfiguration' via constructor to bean named 'management.metrics-org.springframework.boot.actuate.autoconfigure.metrics.MetricsProperties'
2022-03-20 12:26:27.262 DEBUG 5300 --- [    Test worker] o.s.b.f.s.DefaultListableBeanFactory     : Creating shared instance of singleton bean 'simpleMeterRegistry'
2022-03-20 12:26:27.264 DEBUG 5300 --- [    Test worker] o.s.b.f.s.DefaultListableBeanFactory     : Creating shared instance of singleton bean 'org.springframework.boot.actuate.autoconfigure.metrics.export.simple.SimpleMetricsExportAutoConfiguration'
2022-03-20 12:26:27.267 DEBUG 5300 --- [    Test worker] o.s.b.f.s.DefaultListableBeanFactory     : Creating shared instance of singleton bean 'simpleConfig'
2022-03-20 12:26:27.270 DEBUG 5300 --- [    Test worker] o.s.b.f.s.DefaultListableBeanFactory     : Creating shared instance of singleton bean 'management.metrics.export.simple-org.springframework.boot.actuate.autoconfigure.metrics.export.simple.SimpleProperties'
2022-03-20 12:26:27.277 DEBUG 5300 --- [    Test worker] o.s.b.f.s.DefaultListableBeanFactory     : Autowiring by type from bean name 'simpleConfig' via factory method to bean named 'management.metrics.export.simple-org.springframework.boot.actuate.autoconfigure.metrics.export.simple.SimpleProperties'
2022-03-20 12:26:27.302 DEBUG 5300 --- [    Test worker] o.s.b.f.s.DefaultListableBeanFactory     : Creating shared instance of singleton bean 'micrometerClock'
2022-03-20 12:26:27.303 DEBUG 5300 --- [    Test worker] o.s.b.f.s.DefaultListableBeanFactory     : Creating shared instance of singleton bean 'org.springframework.boot.actuate.autoconfigure.metrics.MetricsAutoConfiguration'
2022-03-20 12:26:27.310 DEBUG 5300 --- [    Test worker] o.s.b.f.s.DefaultListableBeanFactory     : Autowiring by type from bean name 'simpleMeterRegistry' via factory method to bean named 'simpleConfig'
2022-03-20 12:26:27.310 DEBUG 5300 --- [    Test worker] o.s.b.f.s.DefaultListableBeanFactory     : Autowiring by type from bean name 'simpleMeterRegistry' via factory method to bean named 'micrometerClock'
2022-03-20 12:26:27.387 DEBUG 5300 --- [    Test worker] o.s.b.f.s.DefaultListableBeanFactory     : Creating shared instance of singleton bean 'propertiesMeterFilter'
2022-03-20 12:26:27.390 DEBUG 5300 --- [    Test worker] o.s.b.f.s.DefaultListableBeanFactory     : Autowiring by type from bean name 'propertiesMeterFilter' via factory method to bean named 'management.metrics-org.springframework.boot.actuate.autoconfigure.metrics.MetricsProperties'
2022-03-20 12:26:27.410 DEBUG 5300 --- [    Test worker] o.s.b.f.s.DefaultListableBeanFactory     : Creating shared instance of singleton bean 'metricsHttpClientUriTagFilter'
2022-03-20 12:26:27.411 DEBUG 5300 --- [    Test worker] o.s.b.f.s.DefaultListableBeanFactory     : Creating shared instance of singleton bean 'org.springframework.boot.actuate.autoconfigure.metrics.web.client.HttpClientMetricsAutoConfiguration'
2022-03-20 12:26:27.414 DEBUG 5300 --- [    Test worker] o.s.b.f.s.DefaultListableBeanFactory     : Autowiring by type from bean name 'metricsHttpClientUriTagFilter' via factory method to bean named 'management.metrics-org.springframework.boot.actuate.autoconfigure.metrics.MetricsProperties'
2022-03-20 12:26:27.425 DEBUG 5300 --- [    Test worker] o.s.b.f.s.DefaultListableBeanFactory     : Creating shared instance of singleton bean 'metricsHttpServerUriTagFilter'
2022-03-20 12:26:27.435 DEBUG 5300 --- [    Test worker] o.s.b.f.s.DefaultListableBeanFactory     : Creating shared instance of singleton bean 'jvmGcMetrics'
2022-03-20 12:26:27.436 DEBUG 5300 --- [    Test worker] o.s.b.f.s.DefaultListableBeanFactory     : Creating shared instance of singleton bean 'org.springframework.boot.actuate.autoconfigure.metrics.JvmMetricsAutoConfiguration'
2022-03-20 12:26:27.467 DEBUG 5300 --- [    Test worker] o.s.b.f.s.DefaultListableBeanFactory     : Creating shared instance of singleton bean 'jvmMemoryMetrics'
2022-03-20 12:26:27.471 DEBUG 5300 --- [    Test worker] o.s.b.f.s.DefaultListableBeanFactory     : Creating shared instance of singleton bean 'jvmThreadMetrics'
2022-03-20 12:26:27.476 DEBUG 5300 --- [    Test worker] o.s.b.f.s.DefaultListableBeanFactory     : Creating shared instance of singleton bean 'classLoaderMetrics'
2022-03-20 12:26:27.480 DEBUG 5300 --- [    Test worker] o.s.b.f.s.DefaultListableBeanFactory     : Creating shared instance of singleton bean 'logbackMetrics'
2022-03-20 12:26:27.481 DEBUG 5300 --- [    Test worker] o.s.b.f.s.DefaultListableBeanFactory     : Creating shared instance of singleton bean 'org.springframework.boot.actuate.autoconfigure.metrics.LogbackMetricsAutoConfiguration'
2022-03-20 12:26:27.491 DEBUG 5300 --- [    Test worker] o.s.b.f.s.DefaultListableBeanFactory     : Creating shared instance of singleton bean 'uptimeMetrics'
2022-03-20 12:26:27.492 DEBUG 5300 --- [    Test worker] o.s.b.f.s.DefaultListableBeanFactory     : Creating shared instance of singleton bean 'org.springframework.boot.actuate.autoconfigure.metrics.SystemMetricsAutoConfiguration'
2022-03-20 12:26:27.496 DEBUG 5300 --- [    Test worker] o.s.b.f.s.DefaultListableBeanFactory     : Creating shared instance of singleton bean 'processorMetrics'
2022-03-20 12:26:27.505 DEBUG 5300 --- [    Test worker] o.s.b.f.s.DefaultListableBeanFactory     : Creating shared instance of singleton bean 'fileDescriptorMetrics'
2022-03-20 12:26:27.612 DEBUG 5300 --- [    Test worker] o.s.b.f.s.DefaultListableBeanFactory     : Creating shared instance of singleton bean 'webMvcTagsProvider'
2022-03-20 12:26:27.621 DEBUG 5300 --- [    Test worker] o.s.b.f.s.DefaultListableBeanFactory     : Autowiring by type from bean name 'webMvcMetricsFilter' via factory method to bean named 'simpleMeterRegistry'
2022-03-20 12:26:27.641 DEBUG 5300 --- [    Test worker] o.s.b.f.s.DefaultListableBeanFactory     : Autowiring by type from bean name 'webMvcMetricsFilter' via factory method to bean named 'webMvcTagsProvider'
2022-03-20 12:26:27.644 DEBUG 5300 --- [    Test worker] o.s.b.f.s.DefaultListableBeanFactory     : Creating shared instance of singleton bean 'h2Console'
2022-03-20 12:26:27.645 DEBUG 5300 --- [    Test worker] o.s.b.f.s.DefaultListableBeanFactory     : Creating shared instance of singleton bean 'org.springframework.boot.autoconfigure.h2.H2ConsoleAutoConfiguration'
2022-03-20 12:26:27.649 DEBUG 5300 --- [    Test worker] o.s.b.f.s.DefaultListableBeanFactory     : Creating shared instance of singleton bean 'spring.h2.console-org.springframework.boot.autoconfigure.h2.H2ConsoleProperties'
2022-03-20 12:26:27.664 DEBUG 5300 --- [    Test worker] o.s.b.f.s.DefaultListableBeanFactory     : Autowiring by type from bean name 'h2Console' via factory method to bean named 'spring.h2.console-org.springframework.boot.autoconfigure.h2.H2ConsoleProperties'
2022-03-20 12:26:27.667 DEBUG 5300 --- [    Test worker] o.s.b.f.s.DefaultListableBeanFactory     : Creating shared instance of singleton bean 'dataSource'
2022-03-20 12:26:27.668 DEBUG 5300 --- [    Test worker] o.s.b.f.s.DefaultListableBeanFactory     : Creating shared instance of singleton bean 'org.springframework.boot.autoconfigure.jdbc.DataSourceConfiguration$Hikari'
2022-03-20 12:26:27.673 DEBUG 5300 --- [    Test worker] o.s.b.f.s.DefaultListableBeanFactory     : Creating shared instance of singleton bean 'spring.datasource-org.springframework.boot.autoconfigure.jdbc.DataSourceProperties'
2022-03-20 12:26:27.697 DEBUG 5300 --- [    Test worker] o.s.b.f.s.DefaultListableBeanFactory     : Autowiring by type from bean name 'dataSource' via factory method to bean named 'spring.datasource-org.springframework.boot.autoconfigure.jdbc.DataSourceProperties'
2022-03-20 12:26:27.758  INFO 5300 --- [    Test worker] com.zaxxer.hikari.HikariDataSource       : HikariPool-1 - Starting...
2022-03-20 12:26:27.989  INFO 5300 --- [    Test worker] com.zaxxer.hikari.HikariDataSource       : HikariPool-1 - Start completed.
2022-03-20 12:26:28.009  INFO 5300 --- [    Test worker] o.s.b.a.h2.H2ConsoleAutoConfiguration    : H2 console available at '/h2'. Database available at 'jdbc:h2:tcp://localhost/~/testdb'
2022-03-20 12:26:28.030 DEBUG 5300 --- [    Test worker] o.s.b.f.s.DefaultListableBeanFactory     : Creating shared instance of singleton bean 'securityFilterChainRegistration'
2022-03-20 12:26:28.033 DEBUG 5300 --- [    Test worker] o.s.b.f.s.DefaultListableBeanFactory     : Creating shared instance of singleton bean 'org.springframework.boot.autoconfigure.security.servlet.SecurityFilterAutoConfiguration'
2022-03-20 12:26:28.038 DEBUG 5300 --- [    Test worker] o.s.b.f.s.DefaultListableBeanFactory     : Creating shared instance of singleton bean 'spring.security-org.springframework.boot.autoconfigure.security.SecurityProperties'
2022-03-20 12:26:28.044 DEBUG 5300 --- [    Test worker] o.s.b.f.s.DefaultListableBeanFactory     : Autowiring by type from bean name 'securityFilterChainRegistration' via factory method to bean named 'spring.security-org.springframework.boot.autoconfigure.security.SecurityProperties'
2022-03-20 12:26:28.063 DEBUG 5300 --- [    Test worker] o.s.b.f.s.DefaultListableBeanFactory     : Creating shared instance of singleton bean 'servletEndpointRegistrar'
2022-03-20 12:26:28.065 DEBUG 5300 --- [    Test worker] o.s.b.f.s.DefaultListableBeanFactory     : Creating shared instance of singleton bean 'org.springframework.boot.actuate.autoconfigure.endpoint.web.ServletEndpointManagementContextConfiguration$WebMvcServletEndpointManagementContextConfiguration'
2022-03-20 12:26:28.073 DEBUG 5300 --- [    Test worker] o.s.b.f.s.DefaultListableBeanFactory     : Creating shared instance of singleton bean 'management.endpoints.web-org.springframework.boot.actuate.autoconfigure.endpoint.web.WebEndpointProperties'
2022-03-20 12:26:28.087 DEBUG 5300 --- [    Test worker] o.s.b.f.s.DefaultListableBeanFactory     : Creating shared instance of singleton bean 'servletEndpointDiscoverer'
2022-03-20 12:26:28.087 DEBUG 5300 --- [    Test worker] o.s.b.f.s.DefaultListableBeanFactory     : Creating shared instance of singleton bean 'org.springframework.boot.actuate.autoconfigure.endpoint.web.WebEndpointAutoConfiguration$WebEndpointServletConfiguration'
2022-03-20 12:26:28.090 DEBUG 5300 --- [    Test worker] o.s.b.f.s.DefaultListableBeanFactory     : Autowiring by type from bean name 'servletEndpointDiscoverer' via factory method to bean named 'org.springframework.boot.web.servlet.context.AnnotationConfigServletWebServerApplicationContext@6f70f32f'
2022-03-20 12:26:28.099 DEBUG 5300 --- [    Test worker] o.s.b.f.s.DefaultListableBeanFactory     : Creating shared instance of singleton bean 'webEndpointPathMapper'
2022-03-20 12:26:28.100 DEBUG 5300 --- [    Test worker] o.s.b.f.s.DefaultListableBeanFactory     : Creating shared instance of singleton bean 'org.springframework.boot.actuate.autoconfigure.endpoint.web.WebEndpointAutoConfiguration'
2022-03-20 12:26:28.104 DEBUG 5300 --- [    Test worker] o.s.b.f.s.DefaultListableBeanFactory     : Autowiring by type from bean name 'org.springframework.boot.actuate.autoconfigure.endpoint.web.WebEndpointAutoConfiguration' via constructor to bean named 'org.springframework.boot.web.servlet.context.AnnotationConfigServletWebServerApplicationContext@6f70f32f'
2022-03-20 12:26:28.106 DEBUG 5300 --- [    Test worker] o.s.b.f.s.DefaultListableBeanFactory     : Autowiring by type from bean name 'org.springframework.boot.actuate.autoconfigure.endpoint.web.WebEndpointAutoConfiguration' via constructor to bean named 'management.endpoints.web-org.springframework.boot.actuate.autoconfigure.endpoint.web.WebEndpointProperties'
2022-03-20 12:26:28.120 DEBUG 5300 --- [    Test worker] o.s.b.f.s.DefaultListableBeanFactory     : Creating shared instance of singleton bean 'servletExposeExcludePropertyEndpointFilter'
2022-03-20 12:26:28.120 DEBUG 5300 --- [    Test worker] o.s.b.f.s.DefaultListableBeanFactory     : Creating shared instance of singleton bean 'org.springframework.boot.actuate.autoconfigure.endpoint.web.ServletEndpointManagementContextConfiguration'
2022-03-20 12:26:28.124 DEBUG 5300 --- [    Test worker] o.s.b.f.s.DefaultListableBeanFactory     : Autowiring by type from bean name 'servletExposeExcludePropertyEndpointFilter' via factory method to bean named 'management.endpoints.web-org.springframework.boot.actuate.autoconfigure.endpoint.web.WebEndpointProperties'
2022-03-20 12:26:28.150 DEBUG 5300 --- [    Test worker] o.s.b.f.s.DefaultListableBeanFactory     : Autowiring by type from bean name 'servletEndpointRegistrar' via factory method to bean named 'management.endpoints.web-org.springframework.boot.actuate.autoconfigure.endpoint.web.WebEndpointProperties'
2022-03-20 12:26:28.153 DEBUG 5300 --- [    Test worker] o.s.b.f.s.DefaultListableBeanFactory     : Autowiring by type from bean name 'servletEndpointRegistrar' via factory method to bean named 'servletEndpointDiscoverer'
2022-03-20 12:26:28.153 DEBUG 5300 --- [    Test worker] o.s.b.f.s.DefaultListableBeanFactory     : Autowiring by type from bean name 'servletEndpointRegistrar' via factory method to bean named 'dispatcherServletRegistration'
2022-03-20 12:26:28.203 DEBUG 5300 --- [    Test worker] o.s.b.f.s.DefaultListableBeanFactory     : Creating shared instance of singleton bean 'requestContextFilter'
2022-03-20 12:26:28.209 DEBUG 5300 --- [    Test worker] o.s.b.f.s.DefaultListableBeanFactory     : Creating shared instance of singleton bean 'formContentFilter'
2022-03-20 12:26:28.210 DEBUG 5300 --- [    Test worker] o.s.b.f.s.DefaultListableBeanFactory     : Creating shared instance of singleton bean 'org.springframework.boot.autoconfigure.web.servlet.WebMvcAutoConfiguration'
2022-03-20 12:26:28.218 DEBUG 5300 --- [    Test worker] o.s.b.f.s.DefaultListableBeanFactory     : Creating shared instance of singleton bean 'characterEncodingFilter'
2022-03-20 12:26:28.241 DEBUG 5300 --- [    Test worker] o.s.b.w.s.ServletContextInitializerBeans : Mapping filters: filterRegistrationBean urls=[/*] order=-2147483647, springSecurityFilterChain urls=[/*] order=-100, characterEncodingFilter urls=[/*] order=-2147483648, formContentFilter urls=[/*] order=-9900, requestContextFilter urls=[/*] order=-105
2022-03-20 12:26:28.242 DEBUG 5300 --- [    Test worker] o.s.b.w.s.ServletContextInitializerBeans : Mapping servlets: dispatcherServlet urls=[/], webServlet urls=[/h2/*]
2022-03-20 12:26:28.317 DEBUG 5300 --- [    Test worker] o.s.b.a.m.w.servlet.WebMvcMetricsFilter  : Filter 'webMvcMetricsFilter' configured for use
2022-03-20 12:26:28.318 DEBUG 5300 --- [    Test worker] o.s.b.w.s.f.OrderedRequestContextFilter  : Filter 'requestContextFilter' configured for use
2022-03-20 12:26:28.327 DEBUG 5300 --- [    Test worker] s.b.w.s.f.OrderedCharacterEncodingFilter : Filter 'characterEncodingFilter' configured for use
2022-03-20 12:26:28.332 DEBUG 5300 --- [    Test worker] .DelegatingFilterProxyRegistrationBean$1 : Filter 'springSecurityFilterChain' configured for use
2022-03-20 12:26:28.333 DEBUG 5300 --- [    Test worker] o.s.b.w.s.f.OrderedFormContentFilter     : Filter 'formContentFilter' configured for use
2022-03-20 12:26:28.370 DEBUG 5300 --- [    Test worker] o.s.b.f.s.DefaultListableBeanFactory     : Creating shared instance of singleton bean 'dataSourceScriptDatabaseInitializer'
2022-03-20 12:26:28.370 DEBUG 5300 --- [    Test worker] o.s.b.f.s.DefaultListableBeanFactory     : Creating shared instance of singleton bean 'org.springframework.boot.autoconfigure.sql.init.DataSourceInitializationConfiguration'
2022-03-20 12:26:28.374 DEBUG 5300 --- [    Test worker] o.s.b.f.s.DefaultListableBeanFactory     : Creating shared instance of singleton bean 'spring.sql.init-org.springframework.boot.autoconfigure.sql.init.SqlInitializationProperties'
2022-03-20 12:26:28.384 DEBUG 5300 --- [    Test worker] o.s.b.f.s.DefaultListableBeanFactory     : Autowiring by type from bean name 'dataSourceScriptDatabaseInitializer' via factory method to bean named 'dataSource'
2022-03-20 12:26:28.384 DEBUG 5300 --- [    Test worker] o.s.b.f.s.DefaultListableBeanFactory     : Autowiring by type from bean name 'dataSourceScriptDatabaseInitializer' via factory method to bean named 'spring.sql.init-org.springframework.boot.autoconfigure.sql.init.SqlInitializationProperties'
2022-03-20 12:26:28.395 DEBUG 5300 --- [    Test worker] o.s.b.f.s.DefaultListableBeanFactory     : Creating shared instance of singleton bean 'entityManagerFactory'
2022-03-20 12:26:28.397 DEBUG 5300 --- [    Test worker] o.s.b.f.s.DefaultListableBeanFactory     : Creating shared instance of singleton bean 'org.springframework.boot.autoconfigure.orm.jpa.HibernateJpaConfiguration'
2022-03-20 12:26:28.401 DEBUG 5300 --- [    Test worker] o.s.b.f.s.DefaultListableBeanFactory     : Creating shared instance of singleton bean 'spring.jpa-org.springframework.boot.autoconfigure.orm.jpa.JpaProperties'
2022-03-20 12:26:28.407 DEBUG 5300 --- [    Test worker] o.s.b.f.s.DefaultListableBeanFactory     : Creating shared instance of singleton bean 'spring.jpa.hibernate-org.springframework.boot.autoconfigure.orm.jpa.HibernateProperties'
2022-03-20 12:26:28.413 DEBUG 5300 --- [    Test worker] o.s.b.f.s.DefaultListableBeanFactory     : Autowiring by type from bean name 'org.springframework.boot.autoconfigure.orm.jpa.HibernateJpaConfiguration' via constructor to bean named 'dataSource'
2022-03-20 12:26:28.415 DEBUG 5300 --- [    Test worker] o.s.b.f.s.DefaultListableBeanFactory     : Autowiring by type from bean name 'org.springframework.boot.autoconfigure.orm.jpa.HibernateJpaConfiguration' via constructor to bean named 'spring.jpa-org.springframework.boot.autoconfigure.orm.jpa.JpaProperties'
2022-03-20 12:26:28.415 DEBUG 5300 --- [    Test worker] o.s.b.f.s.DefaultListableBeanFactory     : Autowiring by type from bean name 'org.springframework.boot.autoconfigure.orm.jpa.HibernateJpaConfiguration' via constructor to bean named 'org.springframework.beans.factory.support.DefaultListableBeanFactory@219f4597'
2022-03-20 12:26:28.415 DEBUG 5300 --- [    Test worker] o.s.b.f.s.DefaultListableBeanFactory     : Autowiring by type from bean name 'org.springframework.boot.autoconfigure.orm.jpa.HibernateJpaConfiguration' via constructor to bean named 'spring.jpa.hibernate-org.springframework.boot.autoconfigure.orm.jpa.HibernateProperties'
2022-03-20 12:26:28.426 DEBUG 5300 --- [    Test worker] o.s.b.f.s.DefaultListableBeanFactory     : Creating shared instance of singleton bean 'hikariPoolDataSourceMetadataProvider'
2022-03-20 12:26:28.427 DEBUG 5300 --- [    Test worker] o.s.b.f.s.DefaultListableBeanFactory     : Creating shared instance of singleton bean 'org.springframework.boot.autoconfigure.jdbc.metadata.DataSourcePoolMetadataProvidersConfiguration$HikariPoolDataSourceMetadataProviderConfiguration'
2022-03-20 12:26:28.441 DEBUG 5300 --- [    Test worker] o.s.b.f.s.DefaultListableBeanFactory     : Creating shared instance of singleton bean 'entityManagerFactoryBuilder'
2022-03-20 12:26:28.443 DEBUG 5300 --- [    Test worker] o.s.b.f.s.DefaultListableBeanFactory     : Creating shared instance of singleton bean 'jpaVendorAdapter'
2022-03-20 12:26:28.472 DEBUG 5300 --- [    Test worker] o.s.b.f.s.DefaultListableBeanFactory     : Autowiring by type from bean name 'entityManagerFactoryBuilder' via factory method to bean named 'jpaVendorAdapter'
2022-03-20 12:26:28.480 DEBUG 5300 --- [    Test worker] o.s.b.f.s.DefaultListableBeanFactory     : Autowiring by type from bean name 'entityManagerFactory' via factory method to bean named 'entityManagerFactoryBuilder'
2022-03-20 12:26:28.545 DEBUG 5300 --- [    Test worker] j.LocalContainerEntityManagerFactoryBean : Building JPA container EntityManagerFactory for persistence unit 'default'
2022-03-20 12:26:28.607  INFO 5300 --- [    Test worker] o.hibernate.jpa.internal.util.LogHelper  : HHH000204: Processing PersistenceUnitInfo [name: default]
2022-03-20 12:26:28.818  INFO 5300 --- [    Test worker] org.hibernate.Version                    : HHH000412: Hibernate ORM core version 5.4.32.Final
2022-03-20 12:26:29.440  INFO 5300 --- [    Test worker] o.hibernate.annotations.common.Version   : HCANN000001: Hibernate Commons Annotations {5.1.2.Final}
2022-03-20 12:26:29.873  INFO 5300 --- [    Test worker] org.hibernate.dialect.Dialect            : HHH000400: Using dialect: org.hibernate.dialect.H2Dialect
Hibernate: create table recipes (id bigint not null, category varchar(255), date timestamp, description varchar(255), email varchar(255), name varchar(255), primary key (id))
Hibernate: create table users (email varchar(255) not null, password varchar(255), primary key (email))
Hibernate: alter table recipe_directions add constraint FKhvcukpdw0n8nnnwcdkw16v44s foreign key (recipe_id) references recipes
2022-03-20 12:26:31.245  WARN 5300 --- [    Test worker] o.h.t.s.i.ExceptionHandlerLoggedImpl     : GenerationTarget encountered exception accepting command : Error executing DDL "alter table recipe_directions add constraint FKhvcukpdw0n8nnnwcdkw16v44s foreign key (recipe_id) references recipes" via JDBC Statement

org.hibernate.tool.schema.spi.CommandAcceptanceException: Error executing DDL "alter table recipe_directions add constraint FKhvcukpdw0n8nnnwcdkw16v44s foreign key (recipe_id) references recipes" via JDBC Statement
	at org.hibernate.tool.schema.internal.exec.GenerationTargetToDatabase.accept(GenerationTargetToDatabase.java:67) ~[hibernate-core-5.4.32.Final.jar:5.4.32.Final]
	at org.hibernate.tool.schema.internal.AbstractSchemaMigrator.applySqlString(AbstractSchemaMigrator.java:562) ~[hibernate-core-5.4.32.Final.jar:5.4.32.Final]
	at org.hibernate.tool.schema.internal.AbstractSchemaMigrator.applySqlStrings(AbstractSchemaMigrator.java:507) ~[hibernate-core-5.4.32.Final.jar:5.4.32.Final]
	at org.hibernate.tool.schema.internal.AbstractSchemaMigrator.applyForeignKeys(AbstractSchemaMigrator.java:433) ~[hibernate-core-5.4.32.Final.jar:5.4.32.Final]
	at org.hibernate.tool.schema.internal.AbstractSchemaMigrator.performMigration(AbstractSchemaMigrator.java:249) ~[hibernate-core-5.4.32.Final.jar:5.4.32.Final]
	at org.hibernate.tool.schema.internal.AbstractSchemaMigrator.doMigration(AbstractSchemaMigrator.java:114) ~[hibernate-core-5.4.32.Final.jar:5.4.32.Final]
	at org.hibernate.tool.schema.spi.SchemaManagementToolCoordinator.performDatabaseAction(SchemaManagementToolCoordinator.java:184) ~[hibernate-core-5.4.32.Final.jar:5.4.32.Final]
	at org.hibernate.tool.schema.spi.SchemaManagementToolCoordinator.process(SchemaManagementToolCoordinator.java:73) ~[hibernate-core-5.4.32.Final.jar:5.4.32.Final]
	at org.hibernate.internal.SessionFactoryImpl.<init>(SessionFactoryImpl.java:318) ~[hibernate-core-5.4.32.Final.jar:5.4.32.Final]
	at org.hibernate.boot.internal.SessionFactoryBuilderImpl.build(SessionFactoryBuilderImpl.java:468) ~[hibernate-core-5.4.32.Final.jar:5.4.32.Final]
	at org.hibernate.jpa.boot.internal.EntityManagerFactoryBuilderImpl.build(EntityManagerFactoryBuilderImpl.java:1259) ~[hibernate-core-5.4.32.Final.jar:5.4.32.Final]
	at org.springframework.orm.jpa.vendor.SpringHibernateJpaPersistenceProvider.createContainerEntityManagerFactory(SpringHibernateJpaPersistenceProvider.java:58) ~[spring-orm-5.3.12.jar:5.3.12]
	at org.springframework.orm.jpa.LocalContainerEntityManagerFactoryBean.createNativeEntityManagerFactory(LocalContainerEntityManagerFactoryBean.java:365) ~[spring-orm-5.3.12.jar:5.3.12]
	at org.springframework.orm.jpa.AbstractEntityManagerFactoryBean.buildNativeEntityManagerFactory(AbstractEntityManagerFactoryBean.java:409) ~[spring-orm-5.3.12.jar:5.3.12]
	at org.springframework.orm.jpa.AbstractEntityManagerFactoryBean.afterPropertiesSet(AbstractEntityManagerFactoryBean.java:396) ~[spring-orm-5.3.12.jar:5.3.12]
	at org.springframework.orm.jpa.LocalContainerEntityManagerFactoryBean.afterPropertiesSet(LocalContainerEntityManagerFactoryBean.java:341) ~[spring-orm-5.3.12.jar:5.3.12]
	at org.springframework.beans.factory.support.AbstractAutowireCapableBeanFactory.lambda$invokeInitMethods$5(AbstractAutowireCapableBeanFactory.java:1854) ~[spring-beans-5.3.12.jar:5.3.12]
	at java.base/java.security.AccessController.doPrivileged(AccessController.java:712) ~[na:na]
	at org.springframework.beans.factory.support.AbstractAutowireCapableBeanFactory.invokeInitMethods(AbstractAutowireCapableBeanFactory.java:1853) ~[spring-beans-5.3.12.jar:5.3.12]
	at org.springframework.beans.factory.support.AbstractAutowireCapableBeanFactory.initializeBean(AbstractAutowireCapableBeanFactory.java:1800) ~[spring-beans-5.3.12.jar:5.3.12]
	at org.springframework.beans.factory.support.AbstractAutowireCapableBeanFactory.doCreateBean(AbstractAutowireCapableBeanFactory.java:620) ~[spring-beans-5.3.12.jar:5.3.12]
	at org.springframework.beans.factory.support.AbstractAutowireCapableBeanFactory.createBean(AbstractAutowireCapableBeanFactory.java:542) ~[spring-beans-5.3.12.jar:5.3.12]
	at org.springframework.beans.factory.support.AbstractBeanFactory.lambda$doGetBean$0(AbstractBeanFactory.java:335) ~[spring-beans-5.3.12.jar:5.3.12]
	at org.springframework.beans.factory.support.DefaultSingletonBeanRegistry.getSingleton(DefaultSingletonBeanRegistry.java:234) ~[spring-beans-5.3.12.jar:5.3.12]
	at org.springframework.beans.factory.support.AbstractBeanFactory.doGetBean(AbstractBeanFactory.java:333) ~[spring-beans-5.3.12.jar:5.3.12]
	at org.springframework.beans.factory.support.AbstractBeanFactory.getBean(AbstractBeanFactory.java:208) ~[spring-beans-5.3.12.jar:5.3.12]
	at org.springframework.context.support.AbstractApplicationContext.getBean(AbstractApplicationContext.java:1154) ~[spring-context-5.3.12.jar:5.3.12]
	at org.springframework.context.support.AbstractApplicationContext.finishBeanFactoryInitialization(AbstractApplicationContext.java:908) ~[spring-context-5.3.12.jar:5.3.12]
	at org.springframework.context.support.AbstractApplicationContext.refresh(AbstractApplicationContext.java:583) ~[spring-context-5.3.12.jar:5.3.12]
	at org.springframework.boot.web.servlet.context.ServletWebServerApplicationContext.refresh(ServletWebServerApplicationContext.java:145) ~[spring-boot-2.5.6.jar:2.5.6]
	at org.springframework.boot.SpringApplication.refresh(SpringApplication.java:754) ~[spring-boot-2.5.6.jar:2.5.6]
	at org.springframework.boot.SpringApplication.refreshContext(SpringApplication.java:434) ~[spring-boot-2.5.6.jar:2.5.6]
	at org.springframework.boot.SpringApplication.run(SpringApplication.java:338) ~[spring-boot-2.5.6.jar:2.5.6]
	at org.springframework.boot.SpringApplication.run(SpringApplication.java:1343) ~[spring-boot-2.5.6.jar:2.5.6]
	at org.springframework.boot.SpringApplication.run(SpringApplication.java:1332) ~[spring-boot-2.5.6.jar:2.5.6]
	at recipes.RecipesApplication.main(RecipesApplication.java:9) ~[main/:na]
	at java.base/jdk.internal.reflect.NativeMethodAccessorImpl.invoke0(Native Method) ~[na:na]
	at java.base/jdk.internal.reflect.NativeMethodAccessorImpl.invoke(NativeMethodAccessorImpl.java:77) ~[na:na]
	at java.base/jdk.internal.reflect.DelegatingMethodAccessorImpl.invoke(DelegatingMethodAccessorImpl.java:43) ~[na:na]
	at java.base/java.lang.reflect.Method.invoke(Method.java:568) ~[na:na]
	at org.hyperskill.hstest.stage.SpringTest.startSpring(SpringTest.java:139) ~[hs-test-release-SNAPSHOT.jar:na]
	at org.hyperskill.hstest.stage.SpringTest.launchSpring(SpringTest.java:50) ~[hs-test-release-SNAPSHOT.jar:na]
	at org.hyperskill.hstest.testing.runner.SpringApplicationRunner.launchSpringBootApplication(SpringApplicationRunner.java:20) ~[hs-test-release-SNAPSHOT.jar:na]
	at org.hyperskill.hstest.testing.runner.SpringApplicationRunner.setUp(SpringApplicationRunner.java:35) ~[hs-test-release-SNAPSHOT.jar:na]
	at org.hyperskill.hstest.testing.TestRun.setUp(TestRun.java:70) ~[hs-test-release-SNAPSHOT.jar:na]
	at org.hyperskill.hstest.stage.StageTest.start(StageTest.java:111) ~[hs-test-release-SNAPSHOT.jar:na]
	at java.base/jdk.internal.reflect.NativeMethodAccessorImpl.invoke0(Native Method) ~[na:na]
	at java.base/jdk.internal.reflect.NativeMethodAccessorImpl.invoke(NativeMethodAccessorImpl.java:77) ~[na:na]
	at java.base/jdk.internal.reflect.DelegatingMethodAccessorImpl.invoke(DelegatingMethodAccessorImpl.java:43) ~[na:na]
	at java.base/java.lang.reflect.Method.invoke(Method.java:568) ~[na:na]
	at org.junit.runners.model.FrameworkMethod$1.runReflectiveCall(FrameworkMethod.java:59) ~[junit-4.13.2.jar:4.13.2]
	at org.junit.internal.runners.model.ReflectiveCallable.run(ReflectiveCallable.java:12) ~[junit-4.13.2.jar:4.13.2]
	at org.junit.runners.model.FrameworkMethod.invokeExplosively(FrameworkMethod.java:56) ~[junit-4.13.2.jar:4.13.2]
	at org.junit.internal.runners.statements.InvokeMethod.evaluate(InvokeMethod.java:17) ~[junit-4.13.2.jar:4.13.2]
	at org.junit.internal.runners.statements.RunAfters.evaluate(RunAfters.java:27) ~[junit-4.13.2.jar:4.13.2]
	at org.junit.runners.ParentRunner$3.evaluate(ParentRunner.java:306) ~[junit-4.13.2.jar:4.13.2]
	at org.junit.runners.BlockJUnit4ClassRunner$1.evaluate(BlockJUnit4ClassRunner.java:100) ~[junit-4.13.2.jar:4.13.2]
	at org.junit.runners.ParentRunner.runLeaf(ParentRunner.java:366) ~[junit-4.13.2.jar:4.13.2]
	at org.junit.runners.BlockJUnit4ClassRunner.runChild(BlockJUnit4ClassRunner.java:103) ~[junit-4.13.2.jar:4.13.2]
	at org.junit.runners.BlockJUnit4ClassRunner.runChild(BlockJUnit4ClassRunner.java:63) ~[junit-4.13.2.jar:4.13.2]
	at org.junit.runners.ParentRunner$4.run(ParentRunner.java:331) ~[junit-4.13.2.jar:4.13.2]
	at org.junit.runners.ParentRunner$1.schedule(ParentRunner.java:79) ~[junit-4.13.2.jar:4.13.2]
	at org.junit.runners.ParentRunner.runChildren(ParentRunner.java:329) ~[junit-4.13.2.jar:4.13.2]
	at org.junit.runners.ParentRunner.access$100(ParentRunner.java:66) ~[junit-4.13.2.jar:4.13.2]
	at org.junit.runners.ParentRunner$2.evaluate(ParentRunner.java:293) ~[junit-4.13.2.jar:4.13.2]
	at org.junit.runners.ParentRunner$3.evaluate(ParentRunner.java:306) ~[junit-4.13.2.jar:4.13.2]
	at org.junit.runners.ParentRunner.run(ParentRunner.java:413) ~[junit-4.13.2.jar:4.13.2]
	at org.gradle.api.internal.tasks.testing.junit.JUnitTestClassExecutor.runTestClass(JUnitTestClassExecutor.java:110) ~[na:na]
	at org.gradle.api.internal.tasks.testing.junit.JUnitTestClassExecutor.execute(JUnitTestClassExecutor.java:58) ~[na:na]
	at org.gradle.api.internal.tasks.testing.junit.JUnitTestClassExecutor.execute(JUnitTestClassExecutor.java:38) ~[na:na]
	at org.gradle.api.internal.tasks.testing.junit.AbstractJUnitTestClassProcessor.processTestClass(AbstractJUnitTestClassProcessor.java:62) ~[na:na]
	at org.gradle.api.internal.tasks.testing.SuiteTestClassProcessor.processTestClass(SuiteTestClassProcessor.java:51) ~[na:na]
	at java.base/jdk.internal.reflect.NativeMethodAccessorImpl.invoke0(Native Method) ~[na:na]
	at java.base/jdk.internal.reflect.NativeMethodAccessorImpl.invoke(NativeMethodAccessorImpl.java:77) ~[na:na]
	at java.base/jdk.internal.reflect.DelegatingMethodAccessorImpl.invoke(DelegatingMethodAccessorImpl.java:43) ~[na:na]
	at java.base/java.lang.reflect.Method.invoke(Method.java:568) ~[na:na]
	at org.gradle.internal.dispatch.ReflectionDispatch.dispatch(ReflectionDispatch.java:36) ~[na:na]
	at org.gradle.internal.dispatch.ReflectionDispatch.dispatch(ReflectionDispatch.java:24) ~[na:na]
	at org.gradle.internal.dispatch.ContextClassLoaderDispatch.dispatch(ContextClassLoaderDispatch.java:33) ~[na:na]
	at org.gradle.internal.dispatch.ProxyDispatchAdapter$DispatchingInvocationHandler.invoke(ProxyDispatchAdapter.java:94) ~[na:na]
	at jdk.proxy1/jdk.proxy1.$Proxy2.processTestClass(Unknown Source) ~[na:na]
	at org.gradle.api.internal.tasks.testing.worker.TestWorker$2.run(TestWorker.java:176) ~[na:na]
	at org.gradle.api.internal.tasks.testing.worker.TestWorker.executeAndMaintainThreadName(TestWorker.java:129) ~[na:na]
	at org.gradle.api.internal.tasks.testing.worker.TestWorker.execute(TestWorker.java:100) ~[na:na]
	at org.gradle.api.internal.tasks.testing.worker.TestWorker.execute(TestWorker.java:60) ~[na:na]
	at org.gradle.process.internal.worker.child.ActionExecutionWorker.execute(ActionExecutionWorker.java:56) ~[na:na]
	at org.gradle.process.internal.worker.child.SystemApplicationClassLoaderWorker.call(SystemApplicationClassLoaderWorker.java:133) ~[na:na]
	at org.gradle.process.internal.worker.child.SystemApplicationClassLoaderWorker.call(SystemApplicationClassLoaderWorker.java:71) ~[na:na]
	at worker.org.gradle.process.internal.worker.GradleWorkerMain.run(GradleWorkerMain.java:69) ~[gradle-worker.jar:na]
	at worker.org.gradle.process.internal.worker.GradleWorkerMain.main(GradleWorkerMain.java:74) ~[gradle-worker.jar:na]
Caused by: org.h2.jdbc.JdbcSQLIntegrityConstraintViolationException: Referential integrity constraint violation: "FKHVCUKPDW0N8NNNWCDKW16V44S: PUBLIC.RECIPE_DIRECTIONS FOREIGN KEY(RECIPE_ID) REFERENCES PUBLIC.RECIPES(ID)"; SQL statement:
alter table recipe_directions add constraint FKhvcukpdw0n8nnnwcdkw16v44s foreign key (recipe_id) references recipes [23506-200]
	at org.h2.message.DbException.getJdbcSQLException(DbException.java:459) ~[h2-1.4.200.jar:1.4.200]
	at org.h2.engine.SessionRemote.done(SessionRemote.java:611) ~[h2-1.4.200.jar:1.4.200]
	at org.h2.command.CommandRemote.executeUpdate(CommandRemote.java:237) ~[h2-1.4.200.jar:1.4.200]
	at org.h2.jdbc.JdbcStatement.executeInternal(JdbcStatement.java:228) ~[h2-1.4.200.jar:1.4.200]
	at org.h2.jdbc.JdbcStatement.execute(JdbcStatement.java:201) ~[h2-1.4.200.jar:1.4.200]
	at com.zaxxer.hikari.pool.ProxyStatement.execute(ProxyStatement.java:94) ~[HikariCP-4.0.3.jar:na]
	at com.zaxxer.hikari.pool.HikariProxyStatement.execute(HikariProxyStatement.java) ~[HikariCP-4.0.3.jar:na]
	at org.hibernate.tool.schema.internal.exec.GenerationTargetToDatabase.accept(GenerationTargetToDatabase.java:54) ~[hibernate-core-5.4.32.Final.jar:5.4.32.Final]
	... 89 common frames omitted

Hibernate: alter table recipe_ingredients add constraint FKcqlw8sor5ut10xsuj3jnttkc foreign key (recipe_id) references recipes
2022-03-20 12:26:31.266  WARN 5300 --- [    Test worker] o.h.t.s.i.ExceptionHandlerLoggedImpl     : GenerationTarget encountered exception accepting command : Error executing DDL "alter table recipe_ingredients add constraint FKcqlw8sor5ut10xsuj3jnttkc foreign key (recipe_id) references recipes" via JDBC Statement

org.hibernate.tool.schema.spi.CommandAcceptanceException: Error executing DDL "alter table recipe_ingredients add constraint FKcqlw8sor5ut10xsuj3jnttkc foreign key (recipe_id) references recipes" via JDBC Statement
	at org.hibernate.tool.schema.internal.exec.GenerationTargetToDatabase.accept(GenerationTargetToDatabase.java:67) ~[hibernate-core-5.4.32.Final.jar:5.4.32.Final]
	at org.hibernate.tool.schema.internal.AbstractSchemaMigrator.applySqlString(AbstractSchemaMigrator.java:562) ~[hibernate-core-5.4.32.Final.jar:5.4.32.Final]
	at org.hibernate.tool.schema.internal.AbstractSchemaMigrator.applySqlStrings(AbstractSchemaMigrator.java:507) ~[hibernate-core-5.4.32.Final.jar:5.4.32.Final]
	at org.hibernate.tool.schema.internal.AbstractSchemaMigrator.applyForeignKeys(AbstractSchemaMigrator.java:433) ~[hibernate-core-5.4.32.Final.jar:5.4.32.Final]
	at org.hibernate.tool.schema.internal.AbstractSchemaMigrator.performMigration(AbstractSchemaMigrator.java:249) ~[hibernate-core-5.4.32.Final.jar:5.4.32.Final]
	at org.hibernate.tool.schema.internal.AbstractSchemaMigrator.doMigration(AbstractSchemaMigrator.java:114) ~[hibernate-core-5.4.32.Final.jar:5.4.32.Final]
	at org.hibernate.tool.schema.spi.SchemaManagementToolCoordinator.performDatabaseAction(SchemaManagementToolCoordinator.java:184) ~[hibernate-core-5.4.32.Final.jar:5.4.32.Final]
	at org.hibernate.tool.schema.spi.SchemaManagementToolCoordinator.process(SchemaManagementToolCoordinator.java:73) ~[hibernate-core-5.4.32.Final.jar:5.4.32.Final]
	at org.hibernate.internal.SessionFactoryImpl.<init>(SessionFactoryImpl.java:318) ~[hibernate-core-5.4.32.Final.jar:5.4.32.Final]
	at org.hibernate.boot.internal.SessionFactoryBuilderImpl.build(SessionFactoryBuilderImpl.java:468) ~[hibernate-core-5.4.32.Final.jar:5.4.32.Final]
	at org.hibernate.jpa.boot.internal.EntityManagerFactoryBuilderImpl.build(EntityManagerFactoryBuilderImpl.java:1259) ~[hibernate-core-5.4.32.Final.jar:5.4.32.Final]
	at org.springframework.orm.jpa.vendor.SpringHibernateJpaPersistenceProvider.createContainerEntityManagerFactory(SpringHibernateJpaPersistenceProvider.java:58) ~[spring-orm-5.3.12.jar:5.3.12]
	at org.springframework.orm.jpa.LocalContainerEntityManagerFactoryBean.createNativeEntityManagerFactory(LocalContainerEntityManagerFactoryBean.java:365) ~[spring-orm-5.3.12.jar:5.3.12]
	at org.springframework.orm.jpa.AbstractEntityManagerFactoryBean.buildNativeEntityManagerFactory(AbstractEntityManagerFactoryBean.java:409) ~[spring-orm-5.3.12.jar:5.3.12]
	at org.springframework.orm.jpa.AbstractEntityManagerFactoryBean.afterPropertiesSet(AbstractEntityManagerFactoryBean.java:396) ~[spring-orm-5.3.12.jar:5.3.12]
	at org.springframework.orm.jpa.LocalContainerEntityManagerFactoryBean.afterPropertiesSet(LocalContainerEntityManagerFactoryBean.java:341) ~[spring-orm-5.3.12.jar:5.3.12]
	at org.springframework.beans.factory.support.AbstractAutowireCapableBeanFactory.lambda$invokeInitMethods$5(AbstractAutowireCapableBeanFactory.java:1854) ~[spring-beans-5.3.12.jar:5.3.12]
	at java.base/java.security.AccessController.doPrivileged(AccessController.java:712) ~[na:na]
	at org.springframework.beans.factory.support.AbstractAutowireCapableBeanFactory.invokeInitMethods(AbstractAutowireCapableBeanFactory.java:1853) ~[spring-beans-5.3.12.jar:5.3.12]
	at org.springframework.beans.factory.support.AbstractAutowireCapableBeanFactory.initializeBean(AbstractAutowireCapableBeanFactory.java:1800) ~[spring-beans-5.3.12.jar:5.3.12]
	at org.springframework.beans.factory.support.AbstractAutowireCapableBeanFactory.doCreateBean(AbstractAutowireCapableBeanFactory.java:620) ~[spring-beans-5.3.12.jar:5.3.12]
	at org.springframework.beans.factory.support.AbstractAutowireCapableBeanFactory.createBean(AbstractAutowireCapableBeanFactory.java:542) ~[spring-beans-5.3.12.jar:5.3.12]
	at org.springframework.beans.factory.support.AbstractBeanFactory.lambda$doGetBean$0(AbstractBeanFactory.java:335) ~[spring-beans-5.3.12.jar:5.3.12]
	at org.springframework.beans.factory.support.DefaultSingletonBeanRegistry.getSingleton(DefaultSingletonBeanRegistry.java:234) ~[spring-beans-5.3.12.jar:5.3.12]
	at org.springframework.beans.factory.support.AbstractBeanFactory.doGetBean(AbstractBeanFactory.java:333) ~[spring-beans-5.3.12.jar:5.3.12]
	at org.springframework.beans.factory.support.AbstractBeanFactory.getBean(AbstractBeanFactory.java:208) ~[spring-beans-5.3.12.jar:5.3.12]
	at org.springframework.context.support.AbstractApplicationContext.getBean(AbstractApplicationContext.java:1154) ~[spring-context-5.3.12.jar:5.3.12]
	at org.springframework.context.support.AbstractApplicationContext.finishBeanFactoryInitialization(AbstractApplicationContext.java:908) ~[spring-context-5.3.12.jar:5.3.12]
	at org.springframework.context.support.AbstractApplicationContext.refresh(AbstractApplicationContext.java:583) ~[spring-context-5.3.12.jar:5.3.12]
	at org.springframework.boot.web.servlet.context.ServletWebServerApplicationContext.refresh(ServletWebServerApplicationContext.java:145) ~[spring-boot-2.5.6.jar:2.5.6]
	at org.springframework.boot.SpringApplication.refresh(SpringApplication.java:754) ~[spring-boot-2.5.6.jar:2.5.6]
	at org.springframework.boot.SpringApplication.refreshContext(SpringApplication.java:434) ~[spring-boot-2.5.6.jar:2.5.6]
	at org.springframework.boot.SpringApplication.run(SpringApplication.java:338) ~[spring-boot-2.5.6.jar:2.5.6]
	at org.springframework.boot.SpringApplication.run(SpringApplication.java:1343) ~[spring-boot-2.5.6.jar:2.5.6]
	at org.springframework.boot.SpringApplication.run(SpringApplication.java:1332) ~[spring-boot-2.5.6.jar:2.5.6]
	at recipes.RecipesApplication.main(RecipesApplication.java:9) ~[main/:na]
	at java.base/jdk.internal.reflect.NativeMethodAccessorImpl.invoke0(Native Method) ~[na:na]
	at java.base/jdk.internal.reflect.NativeMethodAccessorImpl.invoke(NativeMethodAccessorImpl.java:77) ~[na:na]
	at java.base/jdk.internal.reflect.DelegatingMethodAccessorImpl.invoke(DelegatingMethodAccessorImpl.java:43) ~[na:na]
	at java.base/java.lang.reflect.Method.invoke(Method.java:568) ~[na:na]
	at org.hyperskill.hstest.stage.SpringTest.startSpring(SpringTest.java:139) ~[hs-test-release-SNAPSHOT.jar:na]
	at org.hyperskill.hstest.stage.SpringTest.launchSpring(SpringTest.java:50) ~[hs-test-release-SNAPSHOT.jar:na]
	at org.hyperskill.hstest.testing.runner.SpringApplicationRunner.launchSpringBootApplication(SpringApplicationRunner.java:20) ~[hs-test-release-SNAPSHOT.jar:na]
	at org.hyperskill.hstest.testing.runner.SpringApplicationRunner.setUp(SpringApplicationRunner.java:35) ~[hs-test-release-SNAPSHOT.jar:na]
	at org.hyperskill.hstest.testing.TestRun.setUp(TestRun.java:70) ~[hs-test-release-SNAPSHOT.jar:na]
	at org.hyperskill.hstest.stage.StageTest.start(StageTest.java:111) ~[hs-test-release-SNAPSHOT.jar:na]
	at java.base/jdk.internal.reflect.NativeMethodAccessorImpl.invoke0(Native Method) ~[na:na]
	at java.base/jdk.internal.reflect.NativeMethodAccessorImpl.invoke(NativeMethodAccessorImpl.java:77) ~[na:na]
	at java.base/jdk.internal.reflect.DelegatingMethodAccessorImpl.invoke(DelegatingMethodAccessorImpl.java:43) ~[na:na]
	at java.base/java.lang.reflect.Method.invoke(Method.java:568) ~[na:na]
	at org.junit.runners.model.FrameworkMethod$1.runReflectiveCall(FrameworkMethod.java:59) ~[junit-4.13.2.jar:4.13.2]
	at org.junit.internal.runners.model.ReflectiveCallable.run(ReflectiveCallable.java:12) ~[junit-4.13.2.jar:4.13.2]
	at org.junit.runners.model.FrameworkMethod.invokeExplosively(FrameworkMethod.java:56) ~[junit-4.13.2.jar:4.13.2]
	at org.junit.internal.runners.statements.InvokeMethod.evaluate(InvokeMethod.java:17) ~[junit-4.13.2.jar:4.13.2]
	at org.junit.internal.runners.statements.RunAfters.evaluate(RunAfters.java:27) ~[junit-4.13.2.jar:4.13.2]
	at org.junit.runners.ParentRunner$3.evaluate(ParentRunner.java:306) ~[junit-4.13.2.jar:4.13.2]
	at org.junit.runners.BlockJUnit4ClassRunner$1.evaluate(BlockJUnit4ClassRunner.java:100) ~[junit-4.13.2.jar:4.13.2]
	at org.junit.runners.ParentRunner.runLeaf(ParentRunner.java:366) ~[junit-4.13.2.jar:4.13.2]
	at org.junit.runners.BlockJUnit4ClassRunner.runChild(BlockJUnit4ClassRunner.java:103) ~[junit-4.13.2.jar:4.13.2]
	at org.junit.runners.BlockJUnit4ClassRunner.runChild(BlockJUnit4ClassRunner.java:63) ~[junit-4.13.2.jar:4.13.2]
	at org.junit.runners.ParentRunner$4.run(ParentRunner.java:331) ~[junit-4.13.2.jar:4.13.2]
	at org.junit.runners.ParentRunner$1.schedule(ParentRunner.java:79) ~[junit-4.13.2.jar:4.13.2]
	at org.junit.runners.ParentRunner.runChildren(ParentRunner.java:329) ~[junit-4.13.2.jar:4.13.2]
	at org.junit.runners.ParentRunner.access$100(ParentRunner.java:66) ~[junit-4.13.2.jar:4.13.2]
	at org.junit.runners.ParentRunner$2.evaluate(ParentRunner.java:293) ~[junit-4.13.2.jar:4.13.2]
	at org.junit.runners.ParentRunner$3.evaluate(ParentRunner.java:306) ~[junit-4.13.2.jar:4.13.2]
	at org.junit.runners.ParentRunner.run(ParentRunner.java:413) ~[junit-4.13.2.jar:4.13.2]
	at org.gradle.api.internal.tasks.testing.junit.JUnitTestClassExecutor.runTestClass(JUnitTestClassExecutor.java:110) ~[na:na]
	at org.gradle.api.internal.tasks.testing.junit.JUnitTestClassExecutor.execute(JUnitTestClassExecutor.java:58) ~[na:na]
	at org.gradle.api.internal.tasks.testing.junit.JUnitTestClassExecutor.execute(JUnitTestClassExecutor.java:38) ~[na:na]
	at org.gradle.api.internal.tasks.testing.junit.AbstractJUnitTestClassProcessor.processTestClass(AbstractJUnitTestClassProcessor.java:62) ~[na:na]
	at org.gradle.api.internal.tasks.testing.SuiteTestClassProcessor.processTestClass(SuiteTestClassProcessor.java:51) ~[na:na]
	at java.base/jdk.internal.reflect.NativeMethodAccessorImpl.invoke0(Native Method) ~[na:na]
	at java.base/jdk.internal.reflect.NativeMethodAccessorImpl.invoke(NativeMethodAccessorImpl.java:77) ~[na:na]
	at java.base/jdk.internal.reflect.DelegatingMethodAccessorImpl.invoke(DelegatingMethodAccessorImpl.java:43) ~[na:na]
	at java.base/java.lang.reflect.Method.invoke(Method.java:568) ~[na:na]
	at org.gradle.internal.dispatch.ReflectionDispatch.dispatch(ReflectionDispatch.java:36) ~[na:na]
	at org.gradle.internal.dispatch.ReflectionDispatch.dispatch(ReflectionDispatch.java:24) ~[na:na]
	at org.gradle.internal.dispatch.ContextClassLoaderDispatch.dispatch(ContextClassLoaderDispatch.java:33) ~[na:na]
	at org.gradle.internal.dispatch.ProxyDispatchAdapter$DispatchingInvocationHandler.invoke(ProxyDispatchAdapter.java:94) ~[na:na]
	at jdk.proxy1/jdk.proxy1.$Proxy2.processTestClass(Unknown Source) ~[na:na]
	at org.gradle.api.internal.tasks.testing.worker.TestWorker$2.run(TestWorker.java:176) ~[na:na]
	at org.gradle.api.internal.tasks.testing.worker.TestWorker.executeAndMaintainThreadName(TestWorker.java:129) ~[na:na]
	at org.gradle.api.internal.tasks.testing.worker.TestWorker.execute(TestWorker.java:100) ~[na:na]
	at org.gradle.api.internal.tasks.testing.worker.TestWorker.execute(TestWorker.java:60) ~[na:na]
	at org.gradle.process.internal.worker.child.ActionExecutionWorker.execute(ActionExecutionWorker.java:56) ~[na:na]
	at org.gradle.process.internal.worker.child.SystemApplicationClassLoaderWorker.call(SystemApplicationClassLoaderWorker.java:133) ~[na:na]
	at org.gradle.process.internal.worker.child.SystemApplicationClassLoaderWorker.call(SystemApplicationClassLoaderWorker.java:71) ~[na:na]
	at worker.org.gradle.process.internal.worker.GradleWorkerMain.run(GradleWorkerMain.java:69) ~[gradle-worker.jar:na]
	at worker.org.gradle.process.internal.worker.GradleWorkerMain.main(GradleWorkerMain.java:74) ~[gradle-worker.jar:na]
Caused by: org.h2.jdbc.JdbcSQLIntegrityConstraintViolationException: Referential integrity constraint violation: "FKCQLW8SOR5UT10XSUJ3JNTTKC: PUBLIC.RECIPE_INGREDIENTS FOREIGN KEY(RECIPE_ID) REFERENCES PUBLIC.RECIPES(ID)"; SQL statement:
alter table recipe_ingredients add constraint FKcqlw8sor5ut10xsuj3jnttkc foreign key (recipe_id) references recipes [23506-200]
	at org.h2.message.DbException.getJdbcSQLException(DbException.java:459) ~[h2-1.4.200.jar:1.4.200]
	at org.h2.engine.SessionRemote.done(SessionRemote.java:611) ~[h2-1.4.200.jar:1.4.200]
	at org.h2.command.CommandRemote.executeUpdate(CommandRemote.java:237) ~[h2-1.4.200.jar:1.4.200]
	at org.h2.jdbc.JdbcStatement.executeInternal(JdbcStatement.java:228) ~[h2-1.4.200.jar:1.4.200]
	at org.h2.jdbc.JdbcStatement.execute(JdbcStatement.java:201) ~[h2-1.4.200.jar:1.4.200]
	at com.zaxxer.hikari.pool.ProxyStatement.execute(ProxyStatement.java:94) ~[HikariCP-4.0.3.jar:na]
	at com.zaxxer.hikari.pool.HikariProxyStatement.execute(HikariProxyStatement.java) ~[HikariCP-4.0.3.jar:na]
	at org.hibernate.tool.schema.internal.exec.GenerationTargetToDatabase.accept(GenerationTargetToDatabase.java:54) ~[hibernate-core-5.4.32.Final.jar:5.4.32.Final]
	... 89 common frames omitted

2022-03-20 12:26:31.272  INFO 5300 --- [    Test worker] o.h.e.t.j.p.i.JtaPlatformInitiator       : HHH000490: Using JtaPlatform implementation: [org.hibernate.engine.transaction.jta.platform.internal.NoJtaPlatform]
2022-03-20 12:26:31.296  INFO 5300 --- [    Test worker] j.LocalContainerEntityManagerFactoryBean : Initialized JPA EntityManagerFactory for persistence unit 'default'
2022-03-20 12:26:31.305 DEBUG 5300 --- [    Test worker] o.s.b.f.s.DefaultListableBeanFactory     : Creating shared instance of singleton bean 'recipesApplication'
2022-03-20 12:26:31.311 DEBUG 5300 --- [    Test worker] o.s.b.f.s.DefaultListableBeanFactory     : Creating shared instance of singleton bean 'recipeService'
2022-03-20 12:26:31.318 DEBUG 5300 --- [    Test worker] o.s.b.f.s.DefaultListableBeanFactory     : Creating shared instance of singleton bean 'recipeRepository'
2022-03-20 12:26:31.552 DEBUG 5300 --- [    Test worker] o.s.b.f.s.DefaultListableBeanFactory     : Creating shared instance of singleton bean 'jpaMappingContext'
2022-03-20 12:26:31.554 DEBUG 5300 --- [    Test worker] .c.JpaMetamodelMappingContextFactoryBean : Initializing JpaMetamodelMappingContext…
2022-03-20 12:26:31.592 DEBUG 5300 --- [    Test worker] .c.JpaMetamodelMappingContextFactoryBean : Finished initializing JpaMetamodelMappingContext!
2022-03-20 12:26:31.642 DEBUG 5300 --- [    Test worker] tor$SharedEntityManagerInvocationHandler : Creating new EntityManager for shared EntityManager invocation
2022-03-20 12:26:31.812 DEBUG 5300 --- [    Test worker] tor$SharedEntityManagerInvocationHandler : Creating new EntityManager for shared EntityManager invocation
2022-03-20 12:26:31.821 DEBUG 5300 --- [    Test worker] o.s.b.f.s.DefaultListableBeanFactory     : Creating shared instance of singleton bean 'metricsRepositoryMethodInvocationListener'
2022-03-20 12:26:31.823 DEBUG 5300 --- [    Test worker] o.s.b.f.s.DefaultListableBeanFactory     : Creating shared instance of singleton bean 'org.springframework.boot.actuate.autoconfigure.metrics.data.RepositoryMetricsAutoConfiguration'
2022-03-20 12:26:31.827 DEBUG 5300 --- [    Test worker] o.s.b.f.s.DefaultListableBeanFactory     : Autowiring by type from bean name 'org.springframework.boot.actuate.autoconfigure.metrics.data.RepositoryMetricsAutoConfiguration' via constructor to bean named 'management.metrics-org.springframework.boot.actuate.autoconfigure.metrics.MetricsProperties'
2022-03-20 12:26:31.831 DEBUG 5300 --- [    Test worker] o.s.b.f.s.DefaultListableBeanFactory     : Creating shared instance of singleton bean 'repositoryTagsProvider'
2022-03-20 12:26:31.836 DEBUG 5300 --- [    Test worker] o.s.b.f.s.DefaultListableBeanFactory     : Autowiring by type from bean name 'metricsRepositoryMethodInvocationListener' via factory method to bean named 'repositoryTagsProvider'
2022-03-20 12:26:31.946 DEBUG 5300 --- [    Test worker] o.s.d.r.c.s.RepositoryFactorySupport     : Initializing repository instance for recipes.persistence.RecipeRepository…
2022-03-20 12:26:31.987 DEBUG 5300 --- [    Test worker] tor$SharedEntityManagerInvocationHandler : Creating new EntityManager for shared EntityManager invocation
2022-03-20 12:26:32.133 DEBUG 5300 --- [    Test worker] o.s.d.jpa.repository.query.NamedQuery    : Looking up named query Recipe.findByNameContainingIgnoreCaseOrderByDateDesc
2022-03-20 12:26:32.142 DEBUG 5300 --- [    Test worker] o.s.d.jpa.repository.query.NamedQuery    : Did not find named query Recipe.findByNameContainingIgnoreCaseOrderByDateDesc
2022-03-20 12:26:32.148 DEBUG 5300 --- [    Test worker] tor$SharedEntityManagerInvocationHandler : Creating new EntityManager for shared EntityManager invocation
2022-03-20 12:26:32.241 DEBUG 5300 --- [    Test worker] o.s.d.jpa.repository.query.NamedQuery    : Looking up named query Recipe.findByCategoryIgnoreCaseOrderByDateDesc
2022-03-20 12:26:32.242 DEBUG 5300 --- [    Test worker] o.s.d.jpa.repository.query.NamedQuery    : Did not find named query Recipe.findByCategoryIgnoreCaseOrderByDateDesc
2022-03-20 12:26:32.243 DEBUG 5300 --- [    Test worker] tor$SharedEntityManagerInvocationHandler : Creating new EntityManager for shared EntityManager invocation
2022-03-20 12:26:32.255 DEBUG 5300 --- [    Test worker] o.s.d.r.c.s.RepositoryFactorySupport     : Finished creation of repository instance for {}.
2022-03-20 12:26:32.265 DEBUG 5300 --- [    Test worker] o.s.b.f.s.DefaultListableBeanFactory     : Autowiring by type from bean name 'recipeService' via constructor to bean named 'recipeRepository'
2022-03-20 12:26:32.266 DEBUG 5300 --- [    Test worker] o.s.b.f.s.DefaultListableBeanFactory     : Creating shared instance of singleton bean 'userDetailsServiceImpl'
2022-03-20 12:26:32.274 DEBUG 5300 --- [    Test worker] o.s.b.f.s.DefaultListableBeanFactory     : Creating shared instance of singleton bean 'userRepository'
2022-03-20 12:26:32.285 DEBUG 5300 --- [    Test worker] tor$SharedEntityManagerInvocationHandler : Creating new EntityManager for shared EntityManager invocation
2022-03-20 12:26:32.293 DEBUG 5300 --- [    Test worker] o.s.d.r.c.s.RepositoryFactorySupport     : Initializing repository instance for recipes.persistence.UserRepository…
2022-03-20 12:26:32.296 DEBUG 5300 --- [    Test worker] tor$SharedEntityManagerInvocationHandler : Creating new EntityManager for shared EntityManager invocation
2022-03-20 12:26:32.305 DEBUG 5300 --- [    Test worker] o.s.d.jpa.repository.query.NamedQuery    : Looking up named query User.findByEmail
2022-03-20 12:26:32.305 DEBUG 5300 --- [    Test worker] o.s.d.jpa.repository.query.NamedQuery    : Did not find named query User.findByEmail
2022-03-20 12:26:32.305 DEBUG 5300 --- [    Test worker] tor$SharedEntityManagerInvocationHandler : Creating new EntityManager for shared EntityManager invocation
2022-03-20 12:26:32.309 DEBUG 5300 --- [    Test worker] o.s.d.jpa.repository.query.NamedQuery    : Looking up named query User.findByEmailIgnoreCase
2022-03-20 12:26:32.309 DEBUG 5300 --- [    Test worker] o.s.d.jpa.repository.query.NamedQuery    : Did not find named query User.findByEmailIgnoreCase
2022-03-20 12:26:32.311 DEBUG 5300 --- [    Test worker] tor$SharedEntityManagerInvocationHandler : Creating new EntityManager for shared EntityManager invocation
2022-03-20 12:26:32.318 DEBUG 5300 --- [    Test worker] o.s.d.r.c.s.RepositoryFactorySupport     : Finished creation of repository instance for {}.
2022-03-20 12:26:32.322 DEBUG 5300 --- [    Test worker] o.s.b.f.s.DefaultListableBeanFactory     : Creating shared instance of singleton bean 'userService'
2022-03-20 12:26:32.324 DEBUG 5300 --- [    Test worker] o.s.b.f.s.DefaultListableBeanFactory     : Autowiring by type from bean name 'userService' via constructor to bean named 'userRepository'
2022-03-20 12:26:32.327 DEBUG 5300 --- [    Test worker] o.s.b.f.s.DefaultListableBeanFactory     : Creating shared instance of singleton bean 'recipesController'
2022-03-20 12:26:32.337 DEBUG 5300 --- [    Test worker] o.s.b.f.s.DefaultListableBeanFactory     : Creating shared instance of singleton bean 'getEncoder'
2022-03-20 12:26:32.337 DEBUG 5300 --- [    Test worker] o.s.b.f.s.DefaultListableBeanFactory     : Creating shared instance of singleton bean 'webSecurityConfigurerImpl'
2022-03-20 12:26:32.367 DEBUG 5300 --- [    Test worker] o.s.b.f.s.DefaultListableBeanFactory     : Creating shared instance of singleton bean 'objectPostProcessor'
2022-03-20 12:26:32.368 DEBUG 5300 --- [    Test worker] o.s.b.f.s.DefaultListableBeanFactory     : Creating shared instance of singleton bean 'org.springframework.security.config.annotation.configuration.ObjectPostProcessorConfiguration'
2022-03-20 12:26:32.374 DEBUG 5300 --- [    Test worker] o.s.b.f.s.DefaultListableBeanFactory     : Autowiring by type from bean name 'objectPostProcessor' via factory method to bean named 'org.springframework.beans.factory.support.DefaultListableBeanFactory@219f4597'
2022-03-20 12:26:32.390 DEBUG 5300 --- [    Test worker] o.s.b.f.s.DefaultListableBeanFactory     : Creating shared instance of singleton bean 'org.springframework.security.config.annotation.authentication.configuration.AuthenticationConfiguration'
2022-03-20 12:26:32.400 DEBUG 5300 --- [    Test worker] o.s.b.f.s.DefaultListableBeanFactory     : Creating shared instance of singleton bean 'enableGlobalAuthenticationAutowiredConfigurer'
2022-03-20 12:26:32.403 DEBUG 5300 --- [    Test worker] o.s.b.f.s.DefaultListableBeanFactory     : Autowiring by type from bean name 'enableGlobalAuthenticationAutowiredConfigurer' via factory method to bean named 'org.springframework.boot.web.servlet.context.AnnotationConfigServletWebServerApplicationContext@6f70f32f'
2022-03-20 12:26:32.408 DEBUG 5300 --- [    Test worker] o.s.b.f.s.DefaultListableBeanFactory     : Creating shared instance of singleton bean 'initializeUserDetailsBeanManagerConfigurer'
2022-03-20 12:26:32.409 DEBUG 5300 --- [    Test worker] o.s.b.f.s.DefaultListableBeanFactory     : Autowiring by type from bean name 'initializeUserDetailsBeanManagerConfigurer' via factory method to bean named 'org.springframework.boot.web.servlet.context.AnnotationConfigServletWebServerApplicationContext@6f70f32f'
2022-03-20 12:26:32.412 DEBUG 5300 --- [    Test worker] o.s.b.f.s.DefaultListableBeanFactory     : Creating shared instance of singleton bean 'initializeAuthenticationProviderBeanManagerConfigurer'
2022-03-20 12:26:32.412 DEBUG 5300 --- [    Test worker] o.s.b.f.s.DefaultListableBeanFactory     : Autowiring by type from bean name 'initializeAuthenticationProviderBeanManagerConfigurer' via factory method to bean named 'org.springframework.boot.web.servlet.context.AnnotationConfigServletWebServerApplicationContext@6f70f32f'
2022-03-20 12:26:32.417 DEBUG 5300 --- [    Test worker] o.s.b.f.s.DefaultListableBeanFactory     : Creating shared instance of singleton bean 'mvcContentNegotiationManager'
2022-03-20 12:26:32.417 DEBUG 5300 --- [    Test worker] o.s.b.f.s.DefaultListableBeanFactory     : Creating shared instance of singleton bean 'org.springframework.boot.autoconfigure.web.servlet.WebMvcAutoConfiguration$EnableWebMvcConfiguration'
2022-03-20 12:26:32.420 DEBUG 5300 --- [    Test worker] o.s.b.f.s.DefaultListableBeanFactory     : Creating shared instance of singleton bean 'spring.resources-org.springframework.boot.autoconfigure.web.ResourceProperties'
2022-03-20 12:26:32.434 DEBUG 5300 --- [    Test worker] o.s.b.f.s.DefaultListableBeanFactory     : Creating shared instance of singleton bean 'spring.web-org.springframework.boot.autoconfigure.web.WebProperties'
2022-03-20 12:26:32.440 DEBUG 5300 --- [    Test worker] o.s.b.f.s.DefaultListableBeanFactory     : Autowiring by type from bean name 'org.springframework.boot.autoconfigure.web.servlet.WebMvcAutoConfiguration$EnableWebMvcConfiguration' via constructor to bean named 'spring.resources-org.springframework.boot.autoconfigure.web.ResourceProperties'
2022-03-20 12:26:32.440 DEBUG 5300 --- [    Test worker] o.s.b.f.s.DefaultListableBeanFactory     : Autowiring by type from bean name 'org.springframework.boot.autoconfigure.web.servlet.WebMvcAutoConfiguration$EnableWebMvcConfiguration' via constructor to bean named 'spring.mvc-org.springframework.boot.autoconfigure.web.servlet.WebMvcProperties'
2022-03-20 12:26:32.441 DEBUG 5300 --- [    Test worker] o.s.b.f.s.DefaultListableBeanFactory     : Autowiring by type from bean name 'org.springframework.boot.autoconfigure.web.servlet.WebMvcAutoConfiguration$EnableWebMvcConfiguration' via constructor to bean named 'spring.web-org.springframework.boot.autoconfigure.web.WebProperties'
2022-03-20 12:26:32.442 DEBUG 5300 --- [    Test worker] o.s.b.f.s.DefaultListableBeanFactory     : Autowiring by type from bean name 'org.springframework.boot.autoconfigure.web.servlet.WebMvcAutoConfiguration$EnableWebMvcConfiguration' via constructor to bean named 'org.springframework.beans.factory.support.DefaultListableBeanFactory@219f4597'
2022-03-20 12:26:32.464 DEBUG 5300 --- [    Test worker] o.s.b.f.s.DefaultListableBeanFactory     : Creating shared instance of singleton bean 'org.springframework.security.config.annotation.web.configuration.WebMvcSecurityConfiguration'
2022-03-20 12:26:32.466 DEBUG 5300 --- [    Test worker] o.s.b.f.s.DefaultListableBeanFactory     : Creating shared instance of singleton bean 'org.springframework.boot.autoconfigure.web.servlet.WebMvcAutoConfiguration$WebMvcAutoConfigurationAdapter'
2022-03-20 12:26:32.468 DEBUG 5300 --- [    Test worker] o.s.b.f.s.DefaultListableBeanFactory     : Autowiring by type from bean name 'org.springframework.boot.autoconfigure.web.servlet.WebMvcAutoConfiguration$WebMvcAutoConfigurationAdapter' via constructor to bean named 'spring.resources-org.springframework.boot.autoconfigure.web.ResourceProperties'
2022-03-20 12:26:32.468 DEBUG 5300 --- [    Test worker] o.s.b.f.s.DefaultListableBeanFactory     : Autowiring by type from bean name 'org.springframework.boot.autoconfigure.web.servlet.WebMvcAutoConfiguration$WebMvcAutoConfigurationAdapter' via constructor to bean named 'spring.web-org.springframework.boot.autoconfigure.web.WebProperties'
2022-03-20 12:26:32.468 DEBUG 5300 --- [    Test worker] o.s.b.f.s.DefaultListableBeanFactory     : Autowiring by type from bean name 'org.springframework.boot.autoconfigure.web.servlet.WebMvcAutoConfiguration$WebMvcAutoConfigurationAdapter' via constructor to bean named 'spring.mvc-org.springframework.boot.autoconfigure.web.servlet.WebMvcProperties'
2022-03-20 12:26:32.468 DEBUG 5300 --- [    Test worker] o.s.b.f.s.DefaultListableBeanFactory     : Autowiring by type from bean name 'org.springframework.boot.autoconfigure.web.servlet.WebMvcAutoConfiguration$WebMvcAutoConfigurationAdapter' via constructor to bean named 'org.springframework.beans.factory.support.DefaultListableBeanFactory@219f4597'
2022-03-20 12:26:32.474 DEBUG 5300 --- [    Test worker] o.s.b.f.s.DefaultListableBeanFactory     : Creating shared instance of singleton bean 'openEntityManagerInViewInterceptorConfigurer'
2022-03-20 12:26:32.476 DEBUG 5300 --- [    Test worker] o.s.b.f.s.DefaultListableBeanFactory     : Creating shared instance of singleton bean 'org.springframework.boot.autoconfigure.orm.jpa.JpaBaseConfiguration$JpaWebConfiguration'
2022-03-20 12:26:32.478 DEBUG 5300 --- [    Test worker] o.s.b.f.s.DefaultListableBeanFactory     : Autowiring by type from bean name 'org.springframework.boot.autoconfigure.orm.jpa.JpaBaseConfiguration$JpaWebConfiguration' via constructor to bean named 'spring.jpa-org.springframework.boot.autoconfigure.orm.jpa.JpaProperties'
2022-03-20 12:26:32.481 DEBUG 5300 --- [    Test worker] o.s.b.f.s.DefaultListableBeanFactory     : Creating shared instance of singleton bean 'openEntityManagerInViewInterceptor'
2022-03-20 12:26:32.481  WARN 5300 --- [    Test worker] JpaBaseConfiguration$JpaWebConfiguration : spring.jpa.open-in-view is enabled by default. Therefore, database queries may be performed during view rendering. Explicitly configure spring.jpa.open-in-view to disable this warning
2022-03-20 12:26:32.485 DEBUG 5300 --- [    Test worker] o.s.b.f.s.DefaultListableBeanFactory     : Autowiring by type from bean name 'openEntityManagerInViewInterceptorConfigurer' via factory method to bean named 'openEntityManagerInViewInterceptor'
2022-03-20 12:26:32.490 DEBUG 5300 --- [    Test worker] o.s.b.f.s.DefaultListableBeanFactory     : Creating shared instance of singleton bean 'metricsWebMvcConfigurer'
2022-03-20 12:26:32.493 DEBUG 5300 --- [    Test worker] o.s.b.f.s.DefaultListableBeanFactory     : Autowiring by type from bean name 'metricsWebMvcConfigurer' via factory method to bean named 'simpleMeterRegistry'
2022-03-20 12:26:32.493 DEBUG 5300 --- [    Test worker] o.s.b.f.s.DefaultListableBeanFactory     : Autowiring by type from bean name 'metricsWebMvcConfigurer' via factory method to bean named 'webMvcTagsProvider'
2022-03-20 12:26:32.496 DEBUG 5300 --- [    Test worker] o.s.b.f.s.DefaultListableBeanFactory     : Creating shared instance of singleton bean 'org.springframework.data.web.config.SpringDataWebConfiguration'
2022-03-20 12:26:32.499 DEBUG 5300 --- [    Test worker] o.s.b.f.s.DefaultListableBeanFactory     : Autowiring by type from bean name 'org.springframework.data.web.config.SpringDataWebConfiguration' via constructor to bean named 'org.springframework.boot.web.servlet.context.AnnotationConfigServletWebServerApplicationContext@6f70f32f'
2022-03-20 12:26:32.579 DEBUG 5300 --- [    Test worker] o.s.b.f.s.DefaultListableBeanFactory     : Creating shared instance of singleton bean 'authenticationManagerBuilder'
2022-03-20 12:26:32.581 DEBUG 5300 --- [    Test worker] o.s.b.f.s.DefaultListableBeanFactory     : Autowiring by type from bean name 'authenticationManagerBuilder' via factory method to bean named 'objectPostProcessor'
2022-03-20 12:26:32.583 DEBUG 5300 --- [    Test worker] o.s.b.f.s.DefaultListableBeanFactory     : Autowiring by type from bean name 'authenticationManagerBuilder' via factory method to bean named 'org.springframework.boot.web.servlet.context.AnnotationConfigServletWebServerApplicationContext@6f70f32f'
2022-03-20 12:26:32.584 DEBUG 5300 --- [    Test worker] o.s.b.f.s.DefaultListableBeanFactory     : Creating shared instance of singleton bean 'authenticationEventPublisher'
2022-03-20 12:26:32.584 DEBUG 5300 --- [    Test worker] o.s.b.f.s.DefaultListableBeanFactory     : Creating shared instance of singleton bean 'org.springframework.boot.autoconfigure.security.servlet.SecurityAutoConfiguration'
2022-03-20 12:26:32.589 DEBUG 5300 --- [    Test worker] o.s.b.f.s.DefaultListableBeanFactory     : Autowiring by type from bean name 'authenticationEventPublisher' via factory method to bean named 'org.springframework.boot.web.servlet.context.AnnotationConfigServletWebServerApplicationContext@6f70f32f'
2022-03-20 12:26:32.610 DEBUG 5300 --- [    Test worker] o.s.b.f.s.DefaultListableBeanFactory     : Creating shared instance of singleton bean 'org.springframework.security.config.annotation.web.configuration.WebSecurityConfiguration'
2022-03-20 12:26:32.693 DEBUG 5300 --- [    Test worker] o.s.b.f.s.DefaultListableBeanFactory     : Creating shared instance of singleton bean 'autowiredWebSecurityConfigurersIgnoreParents'
2022-03-20 12:26:32.695 DEBUG 5300 --- [    Test worker] o.s.b.f.s.DefaultListableBeanFactory     : Autowiring by type from bean name 'autowiredWebSecurityConfigurersIgnoreParents' via factory method to bean named 'org.springframework.beans.factory.support.DefaultListableBeanFactory@219f4597'
2022-03-20 12:26:32.718 DEBUG 5300 --- [    Test worker] o.s.b.f.s.DefaultListableBeanFactory     : Creating shared instance of singleton bean 'delegatingApplicationListener'
2022-03-20 12:26:32.721 DEBUG 5300 --- [    Test worker] o.s.b.f.s.DefaultListableBeanFactory     : Creating shared instance of singleton bean 'springSecurityFilterChain'
2022-03-20 12:26:32.867 DEBUG 5300 --- [    Test worker] o.s.b.f.s.DefaultListableBeanFactory     : Creating shared instance of singleton bean 'mvcHandlerMappingIntrospector'
2022-03-20 12:26:32.875 DEBUG 5300 --- [    Test worker] o.s.b.f.s.DefaultListableBeanFactory     : Creating shared instance of singleton bean 'requestMappingHandlerMapping'
2022-03-20 12:26:32.880 DEBUG 5300 --- [    Test worker] o.s.b.f.s.DefaultListableBeanFactory     : Creating shared instance of singleton bean 'mvcConversionService'
2022-03-20 12:26:32.910 DEBUG 5300 --- [    Test worker] o.s.b.f.s.DefaultListableBeanFactory     : Creating shared instance of singleton bean 'mvcResourceUrlProvider'
2022-03-20 12:26:32.925 DEBUG 5300 --- [    Test worker] o.s.b.f.s.DefaultListableBeanFactory     : Autowiring by type from bean name 'requestMappingHandlerMapping' via factory method to bean named 'mvcContentNegotiationManager'
2022-03-20 12:26:32.927 DEBUG 5300 --- [    Test worker] o.s.b.f.s.DefaultListableBeanFactory     : Autowiring by type from bean name 'requestMappingHandlerMapping' via factory method to bean named 'mvcConversionService'
2022-03-20 12:26:32.927 DEBUG 5300 --- [    Test worker] o.s.b.f.s.DefaultListableBeanFactory     : Autowiring by type from bean name 'requestMappingHandlerMapping' via factory method to bean named 'mvcResourceUrlProvider'
2022-03-20 12:26:32.929 DEBUG 5300 --- [    Test worker] o.s.b.f.s.DefaultListableBeanFactory     : Autowiring by type from bean name 'requestMappingHandlerMapping' via factory method to bean named 'mvcContentNegotiationManager'
2022-03-20 12:26:32.929 DEBUG 5300 --- [    Test worker] o.s.b.f.s.DefaultListableBeanFactory     : Autowiring by type from bean name 'requestMappingHandlerMapping' via factory method to bean named 'mvcConversionService'
2022-03-20 12:26:32.929 DEBUG 5300 --- [    Test worker] o.s.b.f.s.DefaultListableBeanFactory     : Autowiring by type from bean name 'requestMappingHandlerMapping' via factory method to bean named 'mvcResourceUrlProvider'
2022-03-20 12:26:33.043 DEBUG 5300 --- [    Test worker] s.w.s.m.m.a.RequestMappingHandlerMapping : 8 mappings in 'requestMappingHandlerMapping'
2022-03-20 12:26:33.045 DEBUG 5300 --- [    Test worker] o.s.b.f.s.DefaultListableBeanFactory     : Creating shared instance of singleton bean 'welcomePageHandlerMapping'
2022-03-20 12:26:33.045 DEBUG 5300 --- [    Test worker] o.s.b.f.s.DefaultListableBeanFactory     : Autowiring by type from bean name 'welcomePageHandlerMapping' via factory method to bean named 'org.springframework.boot.web.servlet.context.AnnotationConfigServletWebServerApplicationContext@6f70f32f'
2022-03-20 12:26:33.047 DEBUG 5300 --- [    Test worker] o.s.b.f.s.DefaultListableBeanFactory     : Autowiring by type from bean name 'welcomePageHandlerMapping' via factory method to bean named 'mvcConversionService'
2022-03-20 12:26:33.047 DEBUG 5300 --- [    Test worker] o.s.b.f.s.DefaultListableBeanFactory     : Autowiring by type from bean name 'welcomePageHandlerMapping' via factory method to bean named 'mvcResourceUrlProvider'
2022-03-20 12:26:33.066 DEBUG 5300 --- [    Test worker] o.s.b.f.s.DefaultListableBeanFactory     : Creating shared instance of singleton bean 'viewControllerHandlerMapping'
2022-03-20 12:26:33.066 DEBUG 5300 --- [    Test worker] o.s.b.f.s.DefaultListableBeanFactory     : Autowiring by type from bean name 'viewControllerHandlerMapping' via factory method to bean named 'mvcConversionService'
2022-03-20 12:26:33.067 DEBUG 5300 --- [    Test worker] o.s.b.f.s.DefaultListableBeanFactory     : Autowiring by type from bean name 'viewControllerHandlerMapping' via factory method to bean named 'mvcResourceUrlProvider'
2022-03-20 12:26:33.068 DEBUG 5300 --- [    Test worker] o.s.b.f.s.DefaultListableBeanFactory     : Creating shared instance of singleton bean 'beanNameHandlerMapping'
2022-03-20 12:26:33.071 DEBUG 5300 --- [    Test worker] o.s.b.f.s.DefaultListableBeanFactory     : Autowiring by type from bean name 'beanNameHandlerMapping' via factory method to bean named 'mvcConversionService'
2022-03-20 12:26:33.071 DEBUG 5300 --- [    Test worker] o.s.b.f.s.DefaultListableBeanFactory     : Autowiring by type from bean name 'beanNameHandlerMapping' via factory method to bean named 'mvcResourceUrlProvider'
2022-03-20 12:26:33.078 DEBUG 5300 --- [    Test worker] o.s.b.f.s.DefaultListableBeanFactory     : Creating shared instance of singleton bean 'routerFunctionMapping'
2022-03-20 12:26:33.082 DEBUG 5300 --- [    Test worker] o.s.b.f.s.DefaultListableBeanFactory     : Autowiring by type from bean name 'routerFunctionMapping' via factory method to bean named 'mvcConversionService'
2022-03-20 12:26:33.082 DEBUG 5300 --- [    Test worker] o.s.b.f.s.DefaultListableBeanFactory     : Autowiring by type from bean name 'routerFunctionMapping' via factory method to bean named 'mvcResourceUrlProvider'
2022-03-20 12:26:33.085 DEBUG 5300 --- [    Test worker] o.s.b.f.s.DefaultListableBeanFactory     : Creating shared instance of singleton bean 'messageConverters'
2022-03-20 12:26:33.085 DEBUG 5300 --- [    Test worker] o.s.b.f.s.DefaultListableBeanFactory     : Creating shared instance of singleton bean 'org.springframework.boot.autoconfigure.http.HttpMessageConvertersAutoConfiguration'
2022-03-20 12:26:33.095 DEBUG 5300 --- [    Test worker] o.s.b.f.s.DefaultListableBeanFactory     : Creating shared instance of singleton bean 'stringHttpMessageConverter'
2022-03-20 12:26:33.096 DEBUG 5300 --- [    Test worker] o.s.b.f.s.DefaultListableBeanFactory     : Creating shared instance of singleton bean 'org.springframework.boot.autoconfigure.http.HttpMessageConvertersAutoConfiguration$StringHttpMessageConverterConfiguration'
2022-03-20 12:26:33.097 DEBUG 5300 --- [    Test worker] o.s.b.f.s.DefaultListableBeanFactory     : Autowiring by type from bean name 'stringHttpMessageConverter' via factory method to bean named 'environment'
2022-03-20 12:26:33.107 DEBUG 5300 --- [    Test worker] o.s.b.f.s.DefaultListableBeanFactory     : Creating shared instance of singleton bean 'mappingJackson2HttpMessageConverter'
2022-03-20 12:26:33.108 DEBUG 5300 --- [    Test worker] o.s.b.f.s.DefaultListableBeanFactory     : Creating shared instance of singleton bean 'org.springframework.boot.autoconfigure.http.JacksonHttpMessageConvertersConfiguration$MappingJackson2HttpMessageConverterConfiguration'
2022-03-20 12:26:33.111 DEBUG 5300 --- [    Test worker] o.s.b.f.s.DefaultListableBeanFactory     : Creating shared instance of singleton bean 'jacksonObjectMapper'
2022-03-20 12:26:33.112 DEBUG 5300 --- [    Test worker] o.s.b.f.s.DefaultListableBeanFactory     : Creating shared instance of singleton bean 'org.springframework.boot.autoconfigure.jackson.JacksonAutoConfiguration$JacksonObjectMapperConfiguration'
2022-03-20 12:26:33.116 DEBUG 5300 --- [    Test worker] o.s.b.f.s.DefaultListableBeanFactory     : Creating shared instance of singleton bean 'org.springframework.boot.autoconfigure.jackson.JacksonAutoConfiguration$JacksonObjectMapperBuilderConfiguration'
2022-03-20 12:26:33.119 DEBUG 5300 --- [    Test worker] o.s.b.f.s.DefaultListableBeanFactory     : Creating shared instance of singleton bean 'standardJacksonObjectMapperBuilderCustomizer'
2022-03-20 12:26:33.120 DEBUG 5300 --- [    Test worker] o.s.b.f.s.DefaultListableBeanFactory     : Creating shared instance of singleton bean 'org.springframework.boot.autoconfigure.jackson.JacksonAutoConfiguration$Jackson2ObjectMapperBuilderCustomizerConfiguration'
2022-03-20 12:26:33.122 DEBUG 5300 --- [    Test worker] o.s.b.f.s.DefaultListableBeanFactory     : Creating shared instance of singleton bean 'spring.jackson-org.springframework.boot.autoconfigure.jackson.JacksonProperties'
2022-03-20 12:26:33.141 DEBUG 5300 --- [    Test worker] o.s.b.f.s.DefaultListableBeanFactory     : Autowiring by type from bean name 'standardJacksonObjectMapperBuilderCustomizer' via factory method to bean named 'org.springframework.boot.web.servlet.context.AnnotationConfigServletWebServerApplicationContext@6f70f32f'
2022-03-20 12:26:33.141 DEBUG 5300 --- [    Test worker] o.s.b.f.s.DefaultListableBeanFactory     : Autowiring by type from bean name 'standardJacksonObjectMapperBuilderCustomizer' via factory method to bean named 'spring.jackson-org.springframework.boot.autoconfigure.jackson.JacksonProperties'
2022-03-20 12:26:33.143 DEBUG 5300 --- [    Test worker] o.s.b.f.s.DefaultListableBeanFactory     : Autowiring by type from bean name 'jacksonObjectMapperBuilder' via factory method to bean named 'org.springframework.boot.web.servlet.context.AnnotationConfigServletWebServerApplicationContext@6f70f32f'
2022-03-20 12:26:33.143 DEBUG 5300 --- [    Test worker] o.s.b.f.s.DefaultListableBeanFactory     : Autowiring by type from bean name 'jacksonObjectMapperBuilder' via factory method to bean named 'standardJacksonObjectMapperBuilderCustomizer'
2022-03-20 12:26:33.148 DEBUG 5300 --- [    Test worker] o.s.b.f.s.DefaultListableBeanFactory     : Creating shared instance of singleton bean 'parameterNamesModule'
2022-03-20 12:26:33.148 DEBUG 5300 --- [    Test worker] o.s.b.f.s.DefaultListableBeanFactory     : Creating shared instance of singleton bean 'org.springframework.boot.autoconfigure.jackson.JacksonAutoConfiguration$ParameterNamesModuleConfiguration'
2022-03-20 12:26:33.161 DEBUG 5300 --- [    Test worker] o.s.b.f.s.DefaultListableBeanFactory     : Creating shared instance of singleton bean 'jsonComponentModule'
2022-03-20 12:26:33.163 DEBUG 5300 --- [    Test worker] o.s.b.f.s.DefaultListableBeanFactory     : Creating shared instance of singleton bean 'org.springframework.boot.autoconfigure.jackson.JacksonAutoConfiguration'
2022-03-20 12:26:33.186 DEBUG 5300 --- [    Test worker] o.s.b.f.s.DefaultListableBeanFactory     : Creating shared instance of singleton bean 'jacksonGeoModule'
2022-03-20 12:26:33.187 DEBUG 5300 --- [    Test worker] o.s.b.f.s.DefaultListableBeanFactory     : Creating shared instance of singleton bean 'org.springframework.data.web.config.SpringDataJacksonConfiguration'
2022-03-20 12:26:33.203 DEBUG 5300 --- [    Test worker] o.s.b.f.s.DefaultListableBeanFactory     : Autowiring by type from bean name 'jacksonObjectMapper' via factory method to bean named 'jacksonObjectMapperBuilder'
2022-03-20 12:26:33.244 DEBUG 5300 --- [    Test worker] o.s.b.f.s.DefaultListableBeanFactory     : Autowiring by type from bean name 'mappingJackson2HttpMessageConverter' via factory method to bean named 'jacksonObjectMapper'
2022-03-20 12:26:33.304 DEBUG 5300 --- [    Test worker] o.s.b.f.s.DefaultListableBeanFactory     : Creating shared instance of singleton bean 'resourceHandlerMapping'
2022-03-20 12:26:33.306 DEBUG 5300 --- [    Test worker] o.s.b.f.s.DefaultListableBeanFactory     : Autowiring by type from bean name 'resourceHandlerMapping' via factory method to bean named 'mvcContentNegotiationManager'
2022-03-20 12:26:33.306 DEBUG 5300 --- [    Test worker] o.s.b.f.s.DefaultListableBeanFactory     : Autowiring by type from bean name 'resourceHandlerMapping' via factory method to bean named 'mvcConversionService'
2022-03-20 12:26:33.306 DEBUG 5300 --- [    Test worker] o.s.b.f.s.DefaultListableBeanFactory     : Autowiring by type from bean name 'resourceHandlerMapping' via factory method to bean named 'mvcResourceUrlProvider'
2022-03-20 12:26:33.352 DEBUG 5300 --- [    Test worker] o.s.w.s.handler.SimpleUrlHandlerMapping  : Patterns [/webjars/**, /**] in 'resourceHandlerMapping'
2022-03-20 12:26:33.354 DEBUG 5300 --- [    Test worker] o.s.b.f.s.DefaultListableBeanFactory     : Creating shared instance of singleton bean 'defaultServletHandlerMapping'
2022-03-20 12:26:33.355 DEBUG 5300 --- [    Test worker] o.s.b.f.s.DefaultListableBeanFactory     : Creating shared instance of singleton bean 'webEndpointServletHandlerMapping'
2022-03-20 12:26:33.357 DEBUG 5300 --- [    Test worker] o.s.b.f.s.DefaultListableBeanFactory     : Creating shared instance of singleton bean 'org.springframework.boot.actuate.autoconfigure.endpoint.web.servlet.WebMvcEndpointManagementContextConfiguration'
2022-03-20 12:26:33.359 DEBUG 5300 --- [    Test worker] o.s.b.f.s.DefaultListableBeanFactory     : Creating shared instance of singleton bean 'webEndpointDiscoverer'
2022-03-20 12:26:33.362 DEBUG 5300 --- [    Test worker] o.s.b.f.s.DefaultListableBeanFactory     : Creating shared instance of singleton bean 'endpointOperationParameterMapper'
2022-03-20 12:26:33.362 DEBUG 5300 --- [    Test worker] o.s.b.f.s.DefaultListableBeanFactory     : Creating shared instance of singleton bean 'org.springframework.boot.actuate.autoconfigure.endpoint.EndpointAutoConfiguration'
2022-03-20 12:26:33.369 DEBUG 5300 --- [    Test worker] o.s.b.f.s.DefaultListableBeanFactory     : Creating shared instance of singleton bean 'endpointMediaTypes'
2022-03-20 12:26:33.374 DEBUG 5300 --- [    Test worker] o.s.b.f.s.DefaultListableBeanFactory     : Autowiring by type from bean name 'webEndpointDiscoverer' via factory method to bean named 'endpointOperationParameterMapper'
2022-03-20 12:26:33.375 DEBUG 5300 --- [    Test worker] o.s.b.f.s.DefaultListableBeanFactory     : Autowiring by type from bean name 'webEndpointDiscoverer' via factory method to bean named 'endpointMediaTypes'
2022-03-20 12:26:33.379 DEBUG 5300 --- [    Test worker] o.s.b.f.s.DefaultListableBeanFactory     : Creating shared instance of singleton bean 'endpointCachingOperationInvokerAdvisor'
2022-03-20 12:26:33.379 DEBUG 5300 --- [    Test worker] o.s.b.f.s.DefaultListableBeanFactory     : Autowiring by type from bean name 'endpointCachingOperationInvokerAdvisor' via factory method to bean named 'environment'
2022-03-20 12:26:33.384 DEBUG 5300 --- [    Test worker] o.s.b.f.s.DefaultListableBeanFactory     : Creating shared instance of singleton bean 'webExposeExcludePropertyEndpointFilter'
2022-03-20 12:26:33.392 DEBUG 5300 --- [    Test worker] o.s.b.f.s.DefaultListableBeanFactory     : Creating shared instance of singleton bean 'controllerEndpointDiscoverer'
2022-03-20 12:26:33.395 DEBUG 5300 --- [    Test worker] o.s.b.f.s.DefaultListableBeanFactory     : Creating shared instance of singleton bean 'controllerExposeExcludePropertyEndpointFilter'
2022-03-20 12:26:33.398 DEBUG 5300 --- [    Test worker] o.s.b.f.s.DefaultListableBeanFactory     : Creating shared instance of singleton bean 'management.endpoints.web.cors-org.springframework.boot.actuate.autoconfigure.endpoint.web.CorsEndpointProperties'
2022-03-20 12:26:33.407 DEBUG 5300 --- [    Test worker] o.s.b.f.s.DefaultListableBeanFactory     : Autowiring by type from bean name 'webEndpointServletHandlerMapping' via factory method to bean named 'webEndpointDiscoverer'
2022-03-20 12:26:33.407 DEBUG 5300 --- [    Test worker] o.s.b.f.s.DefaultListableBeanFactory     : Autowiring by type from bean name 'webEndpointServletHandlerMapping' via factory method to bean named 'servletEndpointDiscoverer'
2022-03-20 12:26:33.407 DEBUG 5300 --- [    Test worker] o.s.b.f.s.DefaultListableBeanFactory     : Autowiring by type from bean name 'webEndpointServletHandlerMapping' via factory method to bean named 'controllerEndpointDiscoverer'
2022-03-20 12:26:33.407 DEBUG 5300 --- [    Test worker] o.s.b.f.s.DefaultListableBeanFactory     : Autowiring by type from bean name 'webEndpointServletHandlerMapping' via factory method to bean named 'endpointMediaTypes'
2022-03-20 12:26:33.407 DEBUG 5300 --- [    Test worker] o.s.b.f.s.DefaultListableBeanFactory     : Autowiring by type from bean name 'webEndpointServletHandlerMapping' via factory method to bean named 'management.endpoints.web.cors-org.springframework.boot.actuate.autoconfigure.endpoint.web.CorsEndpointProperties'
2022-03-20 12:26:33.407 DEBUG 5300 --- [    Test worker] o.s.b.f.s.DefaultListableBeanFactory     : Autowiring by type from bean name 'webEndpointServletHandlerMapping' via factory method to bean named 'management.endpoints.web-org.springframework.boot.actuate.autoconfigure.endpoint.web.WebEndpointProperties'
2022-03-20 12:26:33.407 DEBUG 5300 --- [    Test worker] o.s.b.f.s.DefaultListableBeanFactory     : Autowiring by type from bean name 'webEndpointServletHandlerMapping' via factory method to bean named 'environment'
2022-03-20 12:26:33.419 DEBUG 5300 --- [    Test worker] o.s.b.f.s.DefaultListableBeanFactory     : Creating shared instance of singleton bean 'cachesEndpoint'
2022-03-20 12:26:33.419 DEBUG 5300 --- [    Test worker] o.s.b.f.s.DefaultListableBeanFactory     : Creating shared instance of singleton bean 'org.springframework.boot.actuate.autoconfigure.cache.CachesEndpointAutoConfiguration'
2022-03-20 12:26:33.452 DEBUG 5300 --- [    Test worker] o.s.b.f.s.DefaultListableBeanFactory     : Creating shared instance of singleton bean 'healthEndpoint'
2022-03-20 12:26:33.453 DEBUG 5300 --- [    Test worker] o.s.b.f.s.DefaultListableBeanFactory     : Creating shared instance of singleton bean 'org.springframework.boot.actuate.autoconfigure.health.HealthEndpointConfiguration'
2022-03-20 12:26:33.455 DEBUG 5300 --- [    Test worker] o.s.b.f.s.DefaultListableBeanFactory     : Creating shared instance of singleton bean 'healthContributorRegistry'
2022-03-20 12:26:33.457 DEBUG 5300 --- [    Test worker] o.s.b.f.s.DefaultListableBeanFactory     : Creating shared instance of singleton bean 'healthEndpointGroups'
2022-03-20 12:26:33.458 DEBUG 5300 --- [    Test worker] o.s.b.f.s.DefaultListableBeanFactory     : Creating shared instance of singleton bean 'management.endpoint.health-org.springframework.boot.actuate.autoconfigure.health.HealthEndpointProperties'
2022-03-20 12:26:33.464 DEBUG 5300 --- [    Test worker] o.s.b.f.s.DefaultListableBeanFactory     : Autowiring by type from bean name 'healthEndpointGroups' via factory method to bean named 'org.springframework.boot.web.servlet.context.AnnotationConfigServletWebServerApplicationContext@6f70f32f'
2022-03-20 12:26:33.465 DEBUG 5300 --- [    Test worker] o.s.b.f.s.DefaultListableBeanFactory     : Autowiring by type from bean name 'healthEndpointGroups' via factory method to bean named 'management.endpoint.health-org.springframework.boot.actuate.autoconfigure.health.HealthEndpointProperties'
2022-03-20 12:26:33.469 DEBUG 5300 --- [    Test worker] o.s.b.f.s.DefaultListableBeanFactory     : Creating shared instance of singleton bean 'healthStatusAggregator'
2022-03-20 12:26:33.470 DEBUG 5300 --- [    Test worker] o.s.b.f.s.DefaultListableBeanFactory     : Autowiring by type from bean name 'healthStatusAggregator' via factory method to bean named 'management.endpoint.health-org.springframework.boot.actuate.autoconfigure.health.HealthEndpointProperties'
2022-03-20 12:26:33.479 DEBUG 5300 --- [    Test worker] o.s.b.f.s.DefaultListableBeanFactory     : Creating shared instance of singleton bean 'healthHttpCodeStatusMapper'
2022-03-20 12:26:33.479 DEBUG 5300 --- [    Test worker] o.s.b.f.s.DefaultListableBeanFactory     : Autowiring by type from bean name 'healthHttpCodeStatusMapper' via factory method to bean named 'management.endpoint.health-org.springframework.boot.actuate.autoconfigure.health.HealthEndpointProperties'
2022-03-20 12:26:33.494 DEBUG 5300 --- [    Test worker] o.s.b.f.s.DefaultListableBeanFactory     : Autowiring by type from bean name 'healthContributorRegistry' via factory method to bean named 'org.springframework.boot.web.servlet.context.AnnotationConfigServletWebServerApplicationContext@6f70f32f'
2022-03-20 12:26:33.494 DEBUG 5300 --- [    Test worker] o.s.b.f.s.DefaultListableBeanFactory     : Autowiring by type from bean name 'healthContributorRegistry' via factory method to bean named 'healthEndpointGroups'
2022-03-20 12:26:33.494 DEBUG 5300 --- [    Test worker] o.s.b.f.s.DefaultListableBeanFactory     : Creating shared instance of singleton bean 'diskSpaceHealthIndicator'
2022-03-20 12:26:33.494 DEBUG 5300 --- [    Test worker] o.s.b.f.s.DefaultListableBeanFactory     : Creating shared instance of singleton bean 'org.springframework.boot.actuate.autoconfigure.system.DiskSpaceHealthContributorAutoConfiguration'
2022-03-20 12:26:33.498 DEBUG 5300 --- [    Test worker] o.s.b.f.s.DefaultListableBeanFactory     : Creating shared instance of singleton bean 'management.health.diskspace-org.springframework.boot.actuate.autoconfigure.system.DiskSpaceHealthIndicatorProperties'
2022-03-20 12:26:33.500 DEBUG 5300 --- [    Test worker] o.s.b.f.s.DefaultListableBeanFactory     : Autowiring by type from bean name 'diskSpaceHealthIndicator' via factory method to bean named 'management.health.diskspace-org.springframework.boot.actuate.autoconfigure.system.DiskSpaceHealthIndicatorProperties'
2022-03-20 12:26:33.505 DEBUG 5300 --- [    Test worker] o.s.b.f.s.DefaultListableBeanFactory     : Creating shared instance of singleton bean 'pingHealthContributor'
2022-03-20 12:26:33.505 DEBUG 5300 --- [    Test worker] o.s.b.f.s.DefaultListableBeanFactory     : Creating shared instance of singleton bean 'org.springframework.boot.actuate.autoconfigure.health.HealthContributorAutoConfiguration'
2022-03-20 12:26:33.506 DEBUG 5300 --- [    Test worker] o.s.b.f.s.DefaultListableBeanFactory     : Creating shared instance of singleton bean 'dbHealthContributor'
2022-03-20 12:26:33.508 DEBUG 5300 --- [    Test worker] o.s.b.f.s.DefaultListableBeanFactory     : Creating shared instance of singleton bean 'org.springframework.boot.actuate.autoconfigure.jdbc.DataSourceHealthContributorAutoConfiguration'
2022-03-20 12:26:33.513 DEBUG 5300 --- [    Test worker] o.s.b.f.s.DefaultListableBeanFactory     : Creating shared instance of singleton bean 'management.health.db-org.springframework.boot.actuate.autoconfigure.jdbc.DataSourceHealthIndicatorProperties'
2022-03-20 12:26:33.517 DEBUG 5300 --- [    Test worker] o.s.b.f.s.DefaultListableBeanFactory     : Autowiring by type from bean name 'dbHealthContributor' via factory method to bean named 'dataSource'
2022-03-20 12:26:33.517 DEBUG 5300 --- [    Test worker] o.s.b.f.s.DefaultListableBeanFactory     : Autowiring by type from bean name 'dbHealthContributor' via factory method to bean named 'management.health.db-org.springframework.boot.actuate.autoconfigure.jdbc.DataSourceHealthIndicatorProperties'
2022-03-20 12:26:33.540 DEBUG 5300 --- [    Test worker] o.s.b.f.s.DefaultListableBeanFactory     : Autowiring by type from bean name 'healthEndpoint' via factory method to bean named 'healthContributorRegistry'
2022-03-20 12:26:33.540 DEBUG 5300 --- [    Test worker] o.s.b.f.s.DefaultListableBeanFactory     : Autowiring by type from bean name 'healthEndpoint' via factory method to bean named 'healthEndpointGroups'
2022-03-20 12:26:33.548 DEBUG 5300 --- [    Test worker] o.s.b.f.s.DefaultListableBeanFactory     : Creating shared instance of singleton bean 'configurationPropertiesReportEndpoint'
2022-03-20 12:26:33.548 DEBUG 5300 --- [    Test worker] o.s.b.f.s.DefaultListableBeanFactory     : Creating shared instance of singleton bean 'org.springframework.boot.actuate.autoconfigure.context.properties.ConfigurationPropertiesReportEndpointAutoConfiguration'
2022-03-20 12:26:33.551 DEBUG 5300 --- [    Test worker] o.s.b.f.s.DefaultListableBeanFactory     : Creating shared instance of singleton bean 'management.endpoint.configprops-org.springframework.boot.actuate.autoconfigure.context.properties.ConfigurationPropertiesReportEndpointProperties'
2022-03-20 12:26:33.555 DEBUG 5300 --- [    Test worker] o.s.b.f.s.DefaultListableBeanFactory     : Autowiring by type from bean name 'configurationPropertiesReportEndpoint' via factory method to bean named 'management.endpoint.configprops-org.springframework.boot.actuate.autoconfigure.context.properties.ConfigurationPropertiesReportEndpointProperties'
2022-03-20 12:26:33.571 DEBUG 5300 --- [    Test worker] o.s.b.f.s.DefaultListableBeanFactory     : Creating shared instance of singleton bean 'environmentEndpoint'
2022-03-20 12:26:33.571 DEBUG 5300 --- [    Test worker] o.s.b.f.s.DefaultListableBeanFactory     : Creating shared instance of singleton bean 'org.springframework.boot.actuate.autoconfigure.env.EnvironmentEndpointAutoConfiguration'
2022-03-20 12:26:33.572 DEBUG 5300 --- [    Test worker] o.s.b.f.s.DefaultListableBeanFactory     : Creating shared instance of singleton bean 'management.endpoint.env-org.springframework.boot.actuate.autoconfigure.env.EnvironmentEndpointProperties'
2022-03-20 12:26:33.576 DEBUG 5300 --- [    Test worker] o.s.b.f.s.DefaultListableBeanFactory     : Autowiring by type from bean name 'environmentEndpoint' via factory method to bean named 'environment'
2022-03-20 12:26:33.577 DEBUG 5300 --- [    Test worker] o.s.b.f.s.DefaultListableBeanFactory     : Autowiring by type from bean name 'environmentEndpoint' via factory method to bean named 'management.endpoint.env-org.springframework.boot.actuate.autoconfigure.env.EnvironmentEndpointProperties'
2022-03-20 12:26:33.584 DEBUG 5300 --- [    Test worker] o.s.b.f.s.DefaultListableBeanFactory     : Creating shared instance of singleton bean 'beansEndpoint'
2022-03-20 12:26:33.586 DEBUG 5300 --- [    Test worker] o.s.b.f.s.DefaultListableBeanFactory     : Creating shared instance of singleton bean 'org.springframework.boot.actuate.autoconfigure.beans.BeansEndpointAutoConfiguration'
2022-03-20 12:26:33.588 DEBUG 5300 --- [    Test worker] o.s.b.f.s.DefaultListableBeanFactory     : Autowiring by type from bean name 'beansEndpoint' via factory method to bean named 'org.springframework.boot.web.servlet.context.AnnotationConfigServletWebServerApplicationContext@6f70f32f'
2022-03-20 12:26:33.631 DEBUG 5300 --- [    Test worker] o.s.b.f.s.DefaultListableBeanFactory     : Creating shared instance of singleton bean 'cachesEndpointWebExtension'
2022-03-20 12:26:33.632 DEBUG 5300 --- [    Test worker] o.s.b.f.s.DefaultListableBeanFactory     : Autowiring by type from bean name 'cachesEndpointWebExtension' via factory method to bean named 'cachesEndpoint'
2022-03-20 12:26:33.639 DEBUG 5300 --- [    Test worker] o.s.b.f.s.DefaultListableBeanFactory     : Creating shared instance of singleton bean 'healthEndpointWebExtension'
2022-03-20 12:26:33.639 DEBUG 5300 --- [    Test worker] o.s.b.f.s.DefaultListableBeanFactory     : Creating shared instance of singleton bean 'org.springframework.boot.actuate.autoconfigure.health.HealthEndpointWebExtensionConfiguration'
2022-03-20 12:26:33.640 DEBUG 5300 --- [    Test worker] o.s.b.f.s.DefaultListableBeanFactory     : Autowiring by type from bean name 'healthEndpointWebExtension' via factory method to bean named 'healthContributorRegistry'
2022-03-20 12:26:33.640 DEBUG 5300 --- [    Test worker] o.s.b.f.s.DefaultListableBeanFactory     : Autowiring by type from bean name 'healthEndpointWebExtension' via factory method to bean named 'healthEndpointGroups'
2022-03-20 12:26:33.645 DEBUG 5300 --- [    Test worker] o.s.b.f.s.DefaultListableBeanFactory     : Creating shared instance of singleton bean 'infoEndpoint'
2022-03-20 12:26:33.647 DEBUG 5300 --- [    Test worker] o.s.b.f.s.DefaultListableBeanFactory     : Creating shared instance of singleton bean 'org.springframework.boot.actuate.autoconfigure.info.InfoEndpointAutoConfiguration'
2022-03-20 12:26:33.651 DEBUG 5300 --- [    Test worker] o.s.b.f.s.DefaultListableBeanFactory     : Creating shared instance of singleton bean 'envInfoContributor'
2022-03-20 12:26:33.651 DEBUG 5300 --- [    Test worker] o.s.b.f.s.DefaultListableBeanFactory     : Creating shared instance of singleton bean 'org.springframework.boot.actuate.autoconfigure.info.InfoContributorAutoConfiguration'
2022-03-20 12:26:33.653 DEBUG 5300 --- [    Test worker] o.s.b.f.s.DefaultListableBeanFactory     : Autowiring by type from bean name 'envInfoContributor' via factory method to bean named 'environment'
2022-03-20 12:26:33.658 DEBUG 5300 --- [    Test worker] o.s.b.f.s.DefaultListableBeanFactory     : Creating shared instance of singleton bean 'conditionsReportEndpoint'
2022-03-20 12:26:33.659 DEBUG 5300 --- [    Test worker] o.s.b.f.s.DefaultListableBeanFactory     : Creating shared instance of singleton bean 'org.springframework.boot.actuate.autoconfigure.condition.ConditionsReportEndpointAutoConfiguration'
2022-03-20 12:26:33.661 DEBUG 5300 --- [    Test worker] o.s.b.f.s.DefaultListableBeanFactory     : Autowiring by type from bean name 'conditionsReportEndpoint' via factory method to bean named 'org.springframework.boot.web.servlet.context.AnnotationConfigServletWebServerApplicationContext@6f70f32f'
2022-03-20 12:26:33.665 DEBUG 5300 --- [    Test worker] o.s.b.f.s.DefaultListableBeanFactory     : Creating shared instance of singleton bean 'shutdownEndpoint'
2022-03-20 12:26:33.666 DEBUG 5300 --- [    Test worker] o.s.b.f.s.DefaultListableBeanFactory     : Creating shared instance of singleton bean 'org.springframework.boot.actuate.autoconfigure.context.ShutdownEndpointAutoConfiguration'
2022-03-20 12:26:33.674 DEBUG 5300 --- [    Test worker] o.s.b.f.s.DefaultListableBeanFactory     : Creating shared instance of singleton bean 'configurationPropertiesReportEndpointWebExtension'
2022-03-20 12:26:33.677 DEBUG 5300 --- [    Test worker] o.s.b.f.s.DefaultListableBeanFactory     : Autowiring by type from bean name 'configurationPropertiesReportEndpointWebExtension' via factory method to bean named 'configurationPropertiesReportEndpoint'
2022-03-20 12:26:33.681 DEBUG 5300 --- [    Test worker] o.s.b.f.s.DefaultListableBeanFactory     : Creating shared instance of singleton bean 'environmentEndpointWebExtension'
2022-03-20 12:26:33.685 DEBUG 5300 --- [    Test worker] o.s.b.f.s.DefaultListableBeanFactory     : Autowiring by type from bean name 'environmentEndpointWebExtension' via factory method to bean named 'environmentEndpoint'
2022-03-20 12:26:33.690 DEBUG 5300 --- [    Test worker] o.s.b.f.s.DefaultListableBeanFactory     : Creating shared instance of singleton bean 'loggersEndpoint'
2022-03-20 12:26:33.691 DEBUG 5300 --- [    Test worker] o.s.b.f.s.DefaultListableBeanFactory     : Creating shared instance of singleton bean 'org.springframework.boot.actuate.autoconfigure.logging.LoggersEndpointAutoConfiguration'
2022-03-20 12:26:33.693 DEBUG 5300 --- [    Test worker] o.s.b.f.s.DefaultListableBeanFactory     : Autowiring by type from bean name 'loggersEndpoint' via factory method to bean named 'springBootLoggingSystem'
2022-03-20 12:26:33.700 DEBUG 5300 --- [    Test worker] o.s.b.f.s.DefaultListableBeanFactory     : Creating shared instance of singleton bean 'heapDumpWebEndpoint'
2022-03-20 12:26:33.701 DEBUG 5300 --- [    Test worker] o.s.b.f.s.DefaultListableBeanFactory     : Creating shared instance of singleton bean 'org.springframework.boot.actuate.autoconfigure.management.HeapDumpWebEndpointAutoConfiguration'
2022-03-20 12:26:33.708 DEBUG 5300 --- [    Test worker] o.s.b.f.s.DefaultListableBeanFactory     : Creating shared instance of singleton bean 'dumpEndpoint'
2022-03-20 12:26:33.709 DEBUG 5300 --- [    Test worker] o.s.b.f.s.DefaultListableBeanFactory     : Creating shared instance of singleton bean 'org.springframework.boot.actuate.autoconfigure.management.ThreadDumpEndpointAutoConfiguration'
2022-03-20 12:26:33.717 DEBUG 5300 --- [    Test worker] o.s.b.f.s.DefaultListableBeanFactory     : Creating shared instance of singleton bean 'metricsEndpoint'
2022-03-20 12:26:33.717 DEBUG 5300 --- [    Test worker] o.s.b.f.s.DefaultListableBeanFactory     : Creating shared instance of singleton bean 'org.springframework.boot.actuate.autoconfigure.metrics.MetricsEndpointAutoConfiguration'
2022-03-20 12:26:33.725 DEBUG 5300 --- [    Test worker] o.s.b.f.s.DefaultListableBeanFactory     : Autowiring by type from bean name 'metricsEndpoint' via factory method to bean named 'simpleMeterRegistry'
2022-03-20 12:26:33.733 DEBUG 5300 --- [    Test worker] o.s.b.f.s.DefaultListableBeanFactory     : Creating shared instance of singleton bean 'scheduledTasksEndpoint'
2022-03-20 12:26:33.734 DEBUG 5300 --- [    Test worker] o.s.b.f.s.DefaultListableBeanFactory     : Creating shared instance of singleton bean 'org.springframework.boot.actuate.autoconfigure.scheduling.ScheduledTasksEndpointAutoConfiguration'
2022-03-20 12:26:33.742 DEBUG 5300 --- [    Test worker] o.s.b.f.s.DefaultListableBeanFactory     : Creating shared instance of singleton bean 'mappingsEndpoint'
2022-03-20 12:26:33.744 DEBUG 5300 --- [    Test worker] o.s.b.f.s.DefaultListableBeanFactory     : Creating shared instance of singleton bean 'org.springframework.boot.actuate.autoconfigure.web.mappings.MappingsEndpointAutoConfiguration'
2022-03-20 12:26:33.745 DEBUG 5300 --- [    Test worker] o.s.b.f.s.DefaultListableBeanFactory     : Autowiring by type from bean name 'mappingsEndpoint' via factory method to bean named 'org.springframework.boot.web.servlet.context.AnnotationConfigServletWebServerApplicationContext@6f70f32f'
2022-03-20 12:26:33.746 DEBUG 5300 --- [    Test worker] o.s.b.f.s.DefaultListableBeanFactory     : Creating shared instance of singleton bean 'dispatcherServletMappingDescriptionProvider'
2022-03-20 12:26:33.747 DEBUG 5300 --- [    Test worker] o.s.b.f.s.DefaultListableBeanFactory     : Creating shared instance of singleton bean 'org.springframework.boot.actuate.autoconfigure.web.mappings.MappingsEndpointAutoConfiguration$ServletWebConfiguration$SpringMvcConfiguration'
2022-03-20 12:26:33.755 DEBUG 5300 --- [    Test worker] o.s.b.f.s.DefaultListableBeanFactory     : Creating shared instance of singleton bean 'servletMappingDescriptionProvider'
2022-03-20 12:26:33.755 DEBUG 5300 --- [    Test worker] o.s.b.f.s.DefaultListableBeanFactory     : Creating shared instance of singleton bean 'org.springframework.boot.actuate.autoconfigure.web.mappings.MappingsEndpointAutoConfiguration$ServletWebConfiguration'
2022-03-20 12:26:33.757 DEBUG 5300 --- [    Test worker] o.s.b.f.s.DefaultListableBeanFactory     : Creating shared instance of singleton bean 'filterMappingDescriptionProvider'
2022-03-20 12:26:33.808  INFO 5300 --- [    Test worker] o.s.b.a.e.web.EndpointLinksResolver      : Exposing 14 endpoint(s) beneath base path '/actuator'
2022-03-20 12:26:33.858 DEBUG 5300 --- [    Test worker] o.s.b.f.s.DefaultListableBeanFactory     : Creating shared instance of singleton bean 'controllerEndpointHandlerMapping'
2022-03-20 12:26:33.861 DEBUG 5300 --- [    Test worker] o.s.b.f.s.DefaultListableBeanFactory     : Autowiring by type from bean name 'controllerEndpointHandlerMapping' via factory method to bean named 'controllerEndpointDiscoverer'
2022-03-20 12:26:33.861 DEBUG 5300 --- [    Test worker] o.s.b.f.s.DefaultListableBeanFactory     : Autowiring by type from bean name 'controllerEndpointHandlerMapping' via factory method to bean named 'management.endpoints.web.cors-org.springframework.boot.actuate.autoconfigure.endpoint.web.CorsEndpointProperties'
2022-03-20 12:26:33.861 DEBUG 5300 --- [    Test worker] o.s.b.f.s.DefaultListableBeanFactory     : Autowiring by type from bean name 'controllerEndpointHandlerMapping' via factory method to bean named 'management.endpoints.web-org.springframework.boot.actuate.autoconfigure.endpoint.web.WebEndpointProperties'
2022-03-20 12:26:34.047 DEBUG 5300 --- [    Test worker] edFilterInvocationSecurityMetadataSource : Adding web access control expression [permitAll] for Mvc [pattern='/api/register', POST]
2022-03-20 12:26:34.051 DEBUG 5300 --- [    Test worker] edFilterInvocationSecurityMetadataSource : Adding web access control expression [permitAll] for Mvc [pattern='/actuator/shutdown', POST]
2022-03-20 12:26:34.051 DEBUG 5300 --- [    Test worker] edFilterInvocationSecurityMetadataSource : Adding web access control expression [authenticated] for Mvc [pattern='/api/recipe/new', POST]
2022-03-20 12:26:34.051 DEBUG 5300 --- [    Test worker] edFilterInvocationSecurityMetadataSource : Adding web access control expression [authenticated] for Mvc [pattern='/api/recipe/{id}', GET]
2022-03-20 12:26:34.051 DEBUG 5300 --- [    Test worker] edFilterInvocationSecurityMetadataSource : Adding web access control expression [authenticated] for Mvc [pattern='/api/recipe/search', GET]
2022-03-20 12:26:34.051 DEBUG 5300 --- [    Test worker] edFilterInvocationSecurityMetadataSource : Adding web access control expression [authenticated] for Mvc [pattern='/api/recipe/{id}', PUT]
2022-03-20 12:26:34.051 DEBUG 5300 --- [    Test worker] edFilterInvocationSecurityMetadataSource : Adding web access control expression [authenticated] for Mvc [pattern='/api/recipe/{id}', DELETE]
2022-03-20 12:26:34.119  INFO 5300 --- [    Test worker] o.s.s.web.DefaultSecurityFilterChain     : Will secure any request with [org.springframework.security.web.context.request.async.WebAsyncManagerIntegrationFilter@7d6a9d5e, org.springframework.security.web.context.SecurityContextPersistenceFilter@6b6fde93, org.springframework.security.web.header.HeaderWriterFilter@6672b0ea, org.springframework.security.web.authentication.logout.LogoutFilter@497c1d78, org.springframework.security.web.authentication.www.BasicAuthenticationFilter@ad6448e, org.springframework.security.web.savedrequest.RequestCacheAwareFilter@441762b8, org.springframework.security.web.servletapi.SecurityContextHolderAwareRequestFilter@7d0e43d6, org.springframework.security.web.authentication.AnonymousAuthenticationFilter@74ed7111, org.springframework.security.web.session.SessionManagementFilter@27e656e6, org.springframework.security.web.access.ExceptionTranslationFilter@18d09283, org.springframework.security.web.access.intercept.FilterSecurityInterceptor@5f3c866c]
2022-03-20 12:26:34.137 DEBUG 5300 --- [    Test worker] o.s.b.f.s.DefaultListableBeanFactory     : Creating shared instance of singleton bean 'webSecurityExpressionHandler'
2022-03-20 12:26:34.139 DEBUG 5300 --- [    Test worker] o.s.b.f.s.DefaultListableBeanFactory     : Creating shared instance of singleton bean 'privilegeEvaluator'
2022-03-20 12:26:34.143 DEBUG 5300 --- [    Test worker] o.s.b.f.s.DefaultListableBeanFactory     : Creating shared instance of singleton bean 'requestDataValueProcessor'
2022-03-20 12:26:34.146 DEBUG 5300 --- [    Test worker] o.s.b.f.s.DefaultListableBeanFactory     : Creating shared instance of singleton bean 'org.springframework.security.config.annotation.web.configuration.HttpSecurityConfiguration'
2022-03-20 12:26:34.152 DEBUG 5300 --- [    Test worker] o.s.b.f.s.DefaultListableBeanFactory     : Creating shared instance of singleton bean 'org.springframework.boot.autoconfigure.context.PropertyPlaceholderAutoConfiguration'
2022-03-20 12:26:34.155 DEBUG 5300 --- [    Test worker] o.s.b.f.s.DefaultListableBeanFactory     : Creating shared instance of singleton bean 'org.springframework.boot.autoconfigure.websocket.servlet.WebSocketServletAutoConfiguration'
2022-03-20 12:26:34.160 DEBUG 5300 --- [    Test worker] o.s.b.f.s.DefaultListableBeanFactory     : Creating shared instance of singleton bean 'org.springframework.boot.autoconfigure.web.servlet.DispatcherServletAutoConfiguration'
2022-03-20 12:26:34.160 DEBUG 5300 --- [    Test worker] o.s.b.f.s.DefaultListableBeanFactory     : Creating shared instance of singleton bean 'org.springframework.boot.autoconfigure.task.TaskExecutionAutoConfiguration'
2022-03-20 12:26:34.162 DEBUG 5300 --- [    Test worker] o.s.b.f.s.DefaultListableBeanFactory     : Creating shared instance of singleton bean 'taskExecutorBuilder'
2022-03-20 12:26:34.165 DEBUG 5300 --- [    Test worker] o.s.b.f.s.DefaultListableBeanFactory     : Creating shared instance of singleton bean 'spring.task.execution-org.springframework.boot.autoconfigure.task.TaskExecutionProperties'
2022-03-20 12:26:34.168 DEBUG 5300 --- [    Test worker] o.s.b.f.s.DefaultListableBeanFactory     : Autowiring by type from bean name 'taskExecutorBuilder' via factory method to bean named 'spring.task.execution-org.springframework.boot.autoconfigure.task.TaskExecutionProperties'
2022-03-20 12:26:34.176 DEBUG 5300 --- [    Test worker] o.s.b.f.s.DefaultListableBeanFactory     : Creating shared instance of singleton bean 'org.springframework.boot.autoconfigure.validation.ValidationAutoConfiguration'
2022-03-20 12:26:34.178 DEBUG 5300 --- [    Test worker] o.s.b.f.s.DefaultListableBeanFactory     : Creating shared instance of singleton bean 'defaultValidator'
2022-03-20 12:26:34.205 DEBUG 5300 --- [    Test worker] o.s.b.f.s.DefaultListableBeanFactory     : Creating shared instance of singleton bean 'org.springframework.boot.autoconfigure.web.servlet.error.ErrorMvcAutoConfiguration$WhitelabelErrorViewConfiguration'
2022-03-20 12:26:34.211 DEBUG 5300 --- [    Test worker] o.s.b.f.s.DefaultListableBeanFactory     : Creating shared instance of singleton bean 'error'
2022-03-20 12:26:34.212 DEBUG 5300 --- [    Test worker] o.s.b.f.s.DefaultListableBeanFactory     : Creating shared instance of singleton bean 'beanNameViewResolver'
2022-03-20 12:26:34.216 DEBUG 5300 --- [    Test worker] o.s.b.f.s.DefaultListableBeanFactory     : Creating shared instance of singleton bean 'org.springframework.boot.autoconfigure.web.servlet.error.ErrorMvcAutoConfiguration$DefaultErrorViewResolverConfiguration'
2022-03-20 12:26:34.217 DEBUG 5300 --- [    Test worker] o.s.b.f.s.DefaultListableBeanFactory     : Autowiring by type from bean name 'org.springframework.boot.autoconfigure.web.servlet.error.ErrorMvcAutoConfiguration$DefaultErrorViewResolverConfiguration' via constructor to bean named 'org.springframework.boot.web.servlet.context.AnnotationConfigServletWebServerApplicationContext@6f70f32f'
2022-03-20 12:26:34.217 DEBUG 5300 --- [    Test worker] o.s.b.f.s.DefaultListableBeanFactory     : Autowiring by type from bean name 'org.springframework.boot.autoconfigure.web.servlet.error.ErrorMvcAutoConfiguration$DefaultErrorViewResolverConfiguration' via constructor to bean named 'spring.resources-org.springframework.boot.autoconfigure.web.ResourceProperties'
2022-03-20 12:26:34.217 DEBUG 5300 --- [    Test worker] o.s.b.f.s.DefaultListableBeanFactory     : Autowiring by type from bean name 'org.springframework.boot.autoconfigure.web.servlet.error.ErrorMvcAutoConfiguration$DefaultErrorViewResolverConfiguration' via constructor to bean named 'spring.web-org.springframework.boot.autoconfigure.web.WebProperties'
2022-03-20 12:26:34.221 DEBUG 5300 --- [    Test worker] o.s.b.f.s.DefaultListableBeanFactory     : Creating shared instance of singleton bean 'conventionErrorViewResolver'
2022-03-20 12:26:34.228 DEBUG 5300 --- [    Test worker] o.s.b.f.s.DefaultListableBeanFactory     : Creating shared instance of singleton bean 'errorAttributes'
2022-03-20 12:26:34.231 DEBUG 5300 --- [    Test worker] o.s.b.f.s.DefaultListableBeanFactory     : Creating shared instance of singleton bean 'basicErrorController'
2022-03-20 12:26:34.234 DEBUG 5300 --- [    Test worker] o.s.b.f.s.DefaultListableBeanFactory     : Autowiring by type from bean name 'basicErrorController' via factory method to bean named 'errorAttributes'
2022-03-20 12:26:34.237 DEBUG 5300 --- [    Test worker] o.s.b.f.s.DefaultListableBeanFactory     : Creating shared instance of singleton bean 'requestMappingHandlerAdapter'
2022-03-20 12:26:34.243 DEBUG 5300 --- [    Test worker] o.s.b.f.s.DefaultListableBeanFactory     : Creating shared instance of singleton bean 'mvcValidator'
2022-03-20 12:26:34.248 DEBUG 5300 --- [    Test worker] o.s.b.f.s.DefaultListableBeanFactory     : Autowiring by type from bean name 'requestMappingHandlerAdapter' via factory method to bean named 'mvcContentNegotiationManager'
2022-03-20 12:26:34.248 DEBUG 5300 --- [    Test worker] o.s.b.f.s.DefaultListableBeanFactory     : Autowiring by type from bean name 'requestMappingHandlerAdapter' via factory method to bean named 'mvcConversionService'
2022-03-20 12:26:34.248 DEBUG 5300 --- [    Test worker] o.s.b.f.s.DefaultListableBeanFactory     : Autowiring by type from bean name 'requestMappingHandlerAdapter' via factory method to bean named 'mvcValidator'
2022-03-20 12:26:34.257 DEBUG 5300 --- [    Test worker] o.s.b.f.s.DefaultListableBeanFactory     : Autowiring by type from bean name 'requestMappingHandlerAdapter' via factory method to bean named 'mvcContentNegotiationManager'
2022-03-20 12:26:34.257 DEBUG 5300 --- [    Test worker] o.s.b.f.s.DefaultListableBeanFactory     : Autowiring by type from bean name 'requestMappingHandlerAdapter' via factory method to bean named 'mvcConversionService'
2022-03-20 12:26:34.259 DEBUG 5300 --- [    Test worker] o.s.b.f.s.DefaultListableBeanFactory     : Autowiring by type from bean name 'requestMappingHandlerAdapter' via factory method to bean named 'mvcValidator'
2022-03-20 12:26:34.287 DEBUG 5300 --- [    Test worker] o.s.b.f.s.DefaultListableBeanFactory     : Creating shared instance of singleton bean 'sortResolver'
2022-03-20 12:26:34.291 DEBUG 5300 --- [    Test worker] o.s.b.f.s.DefaultListableBeanFactory     : Creating shared instance of singleton bean 'sortCustomizer'
2022-03-20 12:26:34.291 DEBUG 5300 --- [    Test worker] o.s.b.f.s.DefaultListableBeanFactory     : Creating shared instance of singleton bean 'org.springframework.boot.autoconfigure.data.web.SpringDataWebAutoConfiguration'
2022-03-20 12:26:34.293 DEBUG 5300 --- [    Test worker] o.s.b.f.s.DefaultListableBeanFactory     : Creating shared instance of singleton bean 'spring.data.web-org.springframework.boot.autoconfigure.data.web.SpringDataWebProperties'
2022-03-20 12:26:34.299 DEBUG 5300 --- [    Test worker] o.s.b.f.s.DefaultListableBeanFactory     : Autowiring by type from bean name 'org.springframework.boot.autoconfigure.data.web.SpringDataWebAutoConfiguration' via constructor to bean named 'spring.data.web-org.springframework.boot.autoconfigure.data.web.SpringDataWebProperties'
2022-03-20 12:26:34.310 DEBUG 5300 --- [    Test worker] o.s.b.f.s.DefaultListableBeanFactory     : Creating shared instance of singleton bean 'pageableResolver'
2022-03-20 12:26:34.315 DEBUG 5300 --- [    Test worker] o.s.b.f.s.DefaultListableBeanFactory     : Creating shared instance of singleton bean 'pageableCustomizer'
2022-03-20 12:26:34.325 DEBUG 5300 --- [    Test worker] o.s.b.f.s.DefaultListableBeanFactory     : Creating shared instance of singleton bean 'applicationTaskExecutor'
2022-03-20 12:26:34.327 DEBUG 5300 --- [    Test worker] o.s.b.f.s.DefaultListableBeanFactory     : Autowiring by type from bean name 'applicationTaskExecutor' via factory method to bean named 'taskExecutorBuilder'
2022-03-20 12:26:34.347 DEBUG 5300 --- [    Test worker] o.s.s.concurrent.ThreadPoolTaskExecutor  : Initializing ExecutorService 'applicationTaskExecutor'
2022-03-20 12:26:34.367 DEBUG 5300 --- [    Test worker] s.w.s.m.m.a.RequestMappingHandlerAdapter : ControllerAdvice beans: 0 @ModelAttribute, 0 @InitBinder, 1 RequestBodyAdvice, 1 ResponseBodyAdvice
2022-03-20 12:26:34.452 DEBUG 5300 --- [    Test worker] o.s.b.f.s.DefaultListableBeanFactory     : Creating shared instance of singleton bean 'localeResolver'
2022-03-20 12:26:34.456 DEBUG 5300 --- [    Test worker] o.s.b.f.s.DefaultListableBeanFactory     : Creating shared instance of singleton bean 'themeResolver'
2022-03-20 12:26:34.458 DEBUG 5300 --- [    Test worker] o.s.b.f.s.DefaultListableBeanFactory     : Creating shared instance of singleton bean 'flashMapManager'
2022-03-20 12:26:34.464 DEBUG 5300 --- [    Test worker] o.s.b.f.s.DefaultListableBeanFactory     : Creating shared instance of singleton bean 'mvcPatternParser'
2022-03-20 12:26:34.466 DEBUG 5300 --- [    Test worker] o.s.b.f.s.DefaultListableBeanFactory     : Creating shared instance of singleton bean 'mvcUrlPathHelper'
2022-03-20 12:26:34.469 DEBUG 5300 --- [    Test worker] o.s.b.f.s.DefaultListableBeanFactory     : Creating shared instance of singleton bean 'mvcPathMatcher'
2022-03-20 12:26:34.472 DEBUG 5300 --- [    Test worker] o.s.b.f.s.DefaultListableBeanFactory     : Creating shared instance of singleton bean 'handlerFunctionAdapter'
2022-03-20 12:26:34.476 DEBUG 5300 --- [    Test worker] o.s.b.f.s.DefaultListableBeanFactory     : Creating shared instance of singleton bean 'mvcUriComponentsContributor'
2022-03-20 12:26:34.478 DEBUG 5300 --- [    Test worker] o.s.b.f.s.DefaultListableBeanFactory     : Autowiring by type from bean name 'mvcUriComponentsContributor' via factory method to bean named 'mvcConversionService'
2022-03-20 12:26:34.479 DEBUG 5300 --- [    Test worker] o.s.b.f.s.DefaultListableBeanFactory     : Autowiring by type from bean name 'mvcUriComponentsContributor' via factory method to bean named 'requestMappingHandlerAdapter'
2022-03-20 12:26:34.483 DEBUG 5300 --- [    Test worker] o.s.b.f.s.DefaultListableBeanFactory     : Creating shared instance of singleton bean 'httpRequestHandlerAdapter'
2022-03-20 12:26:34.484 DEBUG 5300 --- [    Test worker] o.s.b.f.s.DefaultListableBeanFactory     : Creating shared instance of singleton bean 'simpleControllerHandlerAdapter'
2022-03-20 12:26:34.489 DEBUG 5300 --- [    Test worker] o.s.b.f.s.DefaultListableBeanFactory     : Creating shared instance of singleton bean 'handlerExceptionResolver'
2022-03-20 12:26:34.490 DEBUG 5300 --- [    Test worker] o.s.b.f.s.DefaultListableBeanFactory     : Autowiring by type from bean name 'handlerExceptionResolver' via factory method to bean named 'mvcContentNegotiationManager'
2022-03-20 12:26:34.498 DEBUG 5300 --- [    Test worker] .m.m.a.ExceptionHandlerExceptionResolver : ControllerAdvice beans: 0 @ExceptionHandler, 1 ResponseBodyAdvice
2022-03-20 12:26:34.508 DEBUG 5300 --- [    Test worker] o.s.b.f.s.DefaultListableBeanFactory     : Creating shared instance of singleton bean 'mvcViewResolver'
2022-03-20 12:26:34.528 DEBUG 5300 --- [    Test worker] o.s.b.f.s.DefaultListableBeanFactory     : Autowiring by type from bean name 'mvcViewResolver' via factory method to bean named 'mvcContentNegotiationManager'
2022-03-20 12:26:34.559 DEBUG 5300 --- [    Test worker] o.s.b.f.s.DefaultListableBeanFactory     : Creating shared instance of singleton bean 'viewNameTranslator'
2022-03-20 12:26:34.562 DEBUG 5300 --- [    Test worker] o.s.b.f.s.DefaultListableBeanFactory     : Creating shared instance of singleton bean 'defaultViewResolver'
2022-03-20 12:26:34.638 DEBUG 5300 --- [    Test worker] o.s.b.f.s.DefaultListableBeanFactory     : Creating shared instance of singleton bean 'viewResolver'
2022-03-20 12:26:34.640 DEBUG 5300 --- [    Test worker] o.s.b.f.s.DefaultListableBeanFactory     : Autowiring by type from bean name 'viewResolver' via factory method to bean named 'org.springframework.beans.factory.support.DefaultListableBeanFactory@219f4597'
2022-03-20 12:26:34.648 DEBUG 5300 --- [    Test worker] o.s.b.f.s.DefaultListableBeanFactory     : Creating shared instance of singleton bean 'org.springframework.boot.actuate.autoconfigure.audit.AuditEventsEndpointAutoConfiguration'
2022-03-20 12:26:34.651 DEBUG 5300 --- [    Test worker] o.s.b.f.s.DefaultListableBeanFactory     : Creating shared instance of singleton bean 'org.springframework.boot.autoconfigure.availability.ApplicationAvailabilityAutoConfiguration'
2022-03-20 12:26:34.651 DEBUG 5300 --- [    Test worker] o.s.b.f.s.DefaultListableBeanFactory     : Creating shared instance of singleton bean 'applicationAvailability'
2022-03-20 12:26:34.666 DEBUG 5300 --- [    Test worker] o.s.b.f.s.DefaultListableBeanFactory     : Creating shared instance of singleton bean 'org.springframework.boot.actuate.autoconfigure.availability.AvailabilityHealthContributorAutoConfiguration'
2022-03-20 12:26:34.670 DEBUG 5300 --- [    Test worker] o.s.b.f.s.DefaultListableBeanFactory     : Creating shared instance of singleton bean 'org.springframework.boot.autoconfigure.transaction.jta.JtaAutoConfiguration'
2022-03-20 12:26:34.679 DEBUG 5300 --- [    Test worker] o.s.b.f.s.DefaultListableBeanFactory     : Creating shared instance of singleton bean 'org.springframework.boot.autoconfigure.jdbc.DataSourceJmxConfiguration$Hikari'
2022-03-20 12:26:34.680 DEBUG 5300 --- [    Test worker] o.s.b.f.s.DefaultListableBeanFactory     : Autowiring by type from bean name 'org.springframework.boot.autoconfigure.jdbc.DataSourceJmxConfiguration$Hikari' via constructor to bean named 'dataSource'
2022-03-20 12:26:34.681 DEBUG 5300 --- [    Test worker] o.s.b.f.s.DefaultListableBeanFactory     : Creating shared instance of singleton bean 'org.springframework.boot.autoconfigure.jdbc.DataSourceJmxConfiguration'
2022-03-20 12:26:34.683 DEBUG 5300 --- [    Test worker] o.s.b.f.s.DefaultListableBeanFactory     : Creating shared instance of singleton bean 'org.springframework.boot.autoconfigure.jdbc.DataSourceAutoConfiguration$PooledDataSourceConfiguration'
2022-03-20 12:26:34.684 DEBUG 5300 --- [    Test worker] o.s.b.f.s.DefaultListableBeanFactory     : Creating shared instance of singleton bean 'org.springframework.boot.autoconfigure.jdbc.metadata.DataSourcePoolMetadataProvidersConfiguration'
2022-03-20 12:26:34.687 DEBUG 5300 --- [    Test worker] o.s.b.f.s.DefaultListableBeanFactory     : Creating shared instance of singleton bean 'org.springframework.boot.autoconfigure.jdbc.DataSourceAutoConfiguration'
2022-03-20 12:26:34.699 DEBUG 5300 --- [    Test worker] o.s.b.f.s.DefaultListableBeanFactory     : Creating shared instance of singleton bean 'transactionManager'
2022-03-20 12:26:34.714 DEBUG 5300 --- [    Test worker] o.s.b.f.s.DefaultListableBeanFactory     : Creating shared instance of singleton bean 'platformTransactionManagerCustomizers'
2022-03-20 12:26:34.714 DEBUG 5300 --- [    Test worker] o.s.b.f.s.DefaultListableBeanFactory     : Creating shared instance of singleton bean 'org.springframework.boot.autoconfigure.transaction.TransactionAutoConfiguration'
2022-03-20 12:26:34.718 DEBUG 5300 --- [    Test worker] o.s.b.f.s.DefaultListableBeanFactory     : Creating shared instance of singleton bean 'spring.transaction-org.springframework.boot.autoconfigure.transaction.TransactionProperties'
2022-03-20 12:26:34.733 DEBUG 5300 --- [    Test worker] o.s.b.f.s.DefaultListableBeanFactory     : Creating shared instance of singleton bean 'org.springframework.boot.autoconfigure.orm.jpa.HibernateJpaAutoConfiguration'
2022-03-20 12:26:34.738 DEBUG 5300 --- [    Test worker] o.s.b.f.s.DefaultListableBeanFactory     : Creating shared instance of singleton bean 'org.springframework.boot.actuate.autoconfigure.web.servlet.ServletManagementContextAutoConfiguration'
2022-03-20 12:26:34.739 DEBUG 5300 --- [    Test worker] o.s.b.f.s.DefaultListableBeanFactory     : Creating shared instance of singleton bean 'servletWebChildContextFactory'
2022-03-20 12:26:34.741 DEBUG 5300 --- [    Test worker] o.s.b.f.s.DefaultListableBeanFactory     : Creating shared instance of singleton bean 'managementServletContext'
2022-03-20 12:26:34.743 DEBUG 5300 --- [    Test worker] o.s.b.f.s.DefaultListableBeanFactory     : Autowiring by type from bean name 'managementServletContext' via factory method to bean named 'management.endpoints.web-org.springframework.boot.actuate.autoconfigure.endpoint.web.WebEndpointProperties'
2022-03-20 12:26:34.746 DEBUG 5300 --- [    Test worker] o.s.b.f.s.DefaultListableBeanFactory     : Creating shared instance of singleton bean 'org.springframework.boot.actuate.autoconfigure.health.HealthEndpointAutoConfiguration'
2022-03-20 12:26:34.750 DEBUG 5300 --- [    Test worker] o.s.b.f.s.DefaultListableBeanFactory     : Creating shared instance of singleton bean 'org.springframework.boot.autoconfigure.info.ProjectInfoAutoConfiguration'
2022-03-20 12:26:34.754 DEBUG 5300 --- [    Test worker] o.s.b.f.s.DefaultListableBeanFactory     : Creating shared instance of singleton bean 'spring.info-org.springframework.boot.autoconfigure.info.ProjectInfoProperties'
2022-03-20 12:26:34.758 DEBUG 5300 --- [    Test worker] o.s.b.f.s.DefaultListableBeanFactory     : Autowiring by type from bean name 'org.springframework.boot.autoconfigure.info.ProjectInfoAutoConfiguration' via constructor to bean named 'spring.info-org.springframework.boot.autoconfigure.info.ProjectInfoProperties'
2022-03-20 12:26:34.759 DEBUG 5300 --- [    Test worker] o.s.b.f.s.DefaultListableBeanFactory     : Creating shared instance of singleton bean 'management.info-org.springframework.boot.actuate.autoconfigure.info.InfoContributorProperties'
2022-03-20 12:26:34.761 DEBUG 5300 --- [    Test worker] o.s.b.f.s.DefaultListableBeanFactory     : Creating shared instance of singleton bean 'pathMappedEndpoints'
2022-03-20 12:26:34.769 DEBUG 5300 --- [    Test worker] o.s.b.f.s.DefaultListableBeanFactory     : Autowiring by type from bean name 'pathMappedEndpoints' via factory method to bean named 'servletEndpointDiscoverer'
2022-03-20 12:26:34.769 DEBUG 5300 --- [    Test worker] o.s.b.f.s.DefaultListableBeanFactory     : Autowiring by type from bean name 'pathMappedEndpoints' via factory method to bean named 'webEndpointDiscoverer'
2022-03-20 12:26:34.769 DEBUG 5300 --- [    Test worker] o.s.b.f.s.DefaultListableBeanFactory     : Autowiring by type from bean name 'pathMappedEndpoints' via factory method to bean named 'controllerEndpointDiscoverer'
2022-03-20 12:26:34.776 DEBUG 5300 --- [    Test worker] o.s.b.f.s.DefaultListableBeanFactory     : Creating shared instance of singleton bean 'org.springframework.boot.actuate.autoconfigure.logging.LogFileWebEndpointAutoConfiguration'
2022-03-20 12:26:34.778 DEBUG 5300 --- [    Test worker] o.s.b.f.s.DefaultListableBeanFactory     : Creating shared instance of singleton bean 'management.endpoint.logfile-org.springframework.boot.actuate.autoconfigure.logging.LogFileWebEndpointProperties'
2022-03-20 12:26:34.781 DEBUG 5300 --- [    Test worker] o.s.b.f.s.DefaultListableBeanFactory     : Creating shared instance of singleton bean 'org.springframework.boot.actuate.autoconfigure.metrics.CompositeMeterRegistryAutoConfiguration'
2022-03-20 12:26:34.783 DEBUG 5300 --- [    Test worker] o.s.b.f.s.DefaultListableBeanFactory     : Creating shared instance of singleton bean 'org.springframework.boot.actuate.autoconfigure.metrics.integration.IntegrationMetricsAutoConfiguration'
2022-03-20 12:26:34.783 DEBUG 5300 --- [    Test worker] o.s.b.f.s.DefaultListableBeanFactory     : Creating shared instance of singleton bean 'org.springframework.boot.actuate.autoconfigure.metrics.jdbc.DataSourcePoolMetricsAutoConfiguration$HikariDataSourceMetricsConfiguration'
2022-03-20 12:26:34.783 DEBUG 5300 --- [    Test worker] o.s.b.f.s.DefaultListableBeanFactory     : Autowiring by type from bean name 'org.springframework.boot.actuate.autoconfigure.metrics.jdbc.DataSourcePoolMetricsAutoConfiguration$HikariDataSourceMetricsConfiguration' via constructor to bean named 'simpleMeterRegistry'
2022-03-20 12:26:34.801 DEBUG 5300 --- [    Test worker] o.s.b.f.s.DefaultListableBeanFactory     : Creating shared instance of singleton bean 'org.springframework.boot.actuate.autoconfigure.metrics.jdbc.DataSourcePoolMetricsAutoConfiguration$DataSourcePoolMetadataMetricsConfiguration'
2022-03-20 12:26:34.822 DEBUG 5300 --- [    Test worker] o.s.b.f.s.DefaultListableBeanFactory     : Creating shared instance of singleton bean 'org.springframework.boot.actuate.autoconfigure.metrics.jdbc.DataSourcePoolMetricsAutoConfiguration'
2022-03-20 12:26:34.823 DEBUG 5300 --- [    Test worker] o.s.b.f.s.DefaultListableBeanFactory     : Creating shared instance of singleton bean 'org.springframework.boot.autoconfigure.gson.GsonAutoConfiguration'
2022-03-20 12:26:34.825 DEBUG 5300 --- [    Test worker] o.s.b.f.s.DefaultListableBeanFactory     : Creating shared instance of singleton bean 'gsonBuilder'
2022-03-20 12:26:34.827 DEBUG 5300 --- [    Test worker] o.s.b.f.s.DefaultListableBeanFactory     : Creating shared instance of singleton bean 'standardGsonBuilderCustomizer'
2022-03-20 12:26:34.828 DEBUG 5300 --- [    Test worker] o.s.b.f.s.DefaultListableBeanFactory     : Creating shared instance of singleton bean 'spring.gson-org.springframework.boot.autoconfigure.gson.GsonProperties'
2022-03-20 12:26:34.836 DEBUG 5300 --- [    Test worker] o.s.b.f.s.DefaultListableBeanFactory     : Autowiring by type from bean name 'standardGsonBuilderCustomizer' via factory method to bean named 'spring.gson-org.springframework.boot.autoconfigure.gson.GsonProperties'
2022-03-20 12:26:34.837 DEBUG 5300 --- [    Test worker] o.s.b.f.s.DefaultListableBeanFactory     : Autowiring by type from bean name 'gsonBuilder' via factory method to bean named 'standardGsonBuilderCustomizer'
2022-03-20 12:26:34.854 DEBUG 5300 --- [    Test worker] o.s.b.f.s.DefaultListableBeanFactory     : Creating shared instance of singleton bean 'gson'
2022-03-20 12:26:34.855 DEBUG 5300 --- [    Test worker] o.s.b.f.s.DefaultListableBeanFactory     : Autowiring by type from bean name 'gson' via factory method to bean named 'gsonBuilder'
2022-03-20 12:26:34.857 DEBUG 5300 --- [    Test worker] o.s.b.f.s.DefaultListableBeanFactory     : Creating shared instance of singleton bean 'org.springframework.boot.autoconfigure.http.JacksonHttpMessageConvertersConfiguration'
2022-03-20 12:26:34.858 DEBUG 5300 --- [    Test worker] o.s.b.f.s.DefaultListableBeanFactory     : Creating shared instance of singleton bean 'org.springframework.boot.autoconfigure.http.GsonHttpMessageConvertersConfiguration'
2022-03-20 12:26:34.862 DEBUG 5300 --- [    Test worker] o.s.b.f.s.DefaultListableBeanFactory     : Creating shared instance of singleton bean 'org.springframework.boot.autoconfigure.web.client.RestTemplateAutoConfiguration'
2022-03-20 12:26:34.864 DEBUG 5300 --- [    Test worker] o.s.b.f.s.DefaultListableBeanFactory     : Creating shared instance of singleton bean 'org.springframework.boot.actuate.autoconfigure.metrics.web.client.RestTemplateMetricsConfiguration'
2022-03-20 12:26:34.865 DEBUG 5300 --- [    Test worker] o.s.b.f.s.DefaultListableBeanFactory     : Creating shared instance of singleton bean 'restTemplateExchangeTagsProvider'
2022-03-20 12:26:34.868 DEBUG 5300 --- [    Test worker] o.s.b.f.s.DefaultListableBeanFactory     : Creating shared instance of singleton bean 'metricsRestTemplateCustomizer'
2022-03-20 12:26:34.869 DEBUG 5300 --- [    Test worker] o.s.b.f.s.DefaultListableBeanFactory     : Autowiring by type from bean name 'metricsRestTemplateCustomizer' via factory method to bean named 'simpleMeterRegistry'
2022-03-20 12:26:34.870 DEBUG 5300 --- [    Test worker] o.s.b.f.s.DefaultListableBeanFactory     : Autowiring by type from bean name 'metricsRestTemplateCustomizer' via factory method to bean named 'restTemplateExchangeTagsProvider'
2022-03-20 12:26:34.870 DEBUG 5300 --- [    Test worker] o.s.b.f.s.DefaultListableBeanFactory     : Autowiring by type from bean name 'metricsRestTemplateCustomizer' via factory method to bean named 'management.metrics-org.springframework.boot.actuate.autoconfigure.metrics.MetricsProperties'
2022-03-20 12:26:34.874 DEBUG 5300 --- [    Test worker] o.s.b.f.s.DefaultListableBeanFactory     : Creating shared instance of singleton bean 'org.springframework.boot.actuate.autoconfigure.metrics.web.tomcat.TomcatMetricsAutoConfiguration'
2022-03-20 12:26:34.875 DEBUG 5300 --- [    Test worker] o.s.b.f.s.DefaultListableBeanFactory     : Creating shared instance of singleton bean 'tomcatMetricsBinder'
2022-03-20 12:26:34.875 DEBUG 5300 --- [    Test worker] o.s.b.f.s.DefaultListableBeanFactory     : Autowiring by type from bean name 'tomcatMetricsBinder' via factory method to bean named 'simpleMeterRegistry'
2022-03-20 12:26:34.876 DEBUG 5300 --- [    Test worker] o.s.b.f.s.DefaultListableBeanFactory     : Creating shared instance of singleton bean 'org.springframework.boot.actuate.autoconfigure.trace.http.HttpTraceEndpointAutoConfiguration'
2022-03-20 12:26:34.877 DEBUG 5300 --- [    Test worker] o.s.b.f.s.DefaultListableBeanFactory     : Creating shared instance of singleton bean 'org.springframework.boot.autoconfigure.aop.AopAutoConfiguration$AspectJAutoProxyingConfiguration$CglibAutoProxyConfiguration'
2022-03-20 12:26:34.878 DEBUG 5300 --- [    Test worker] o.s.b.f.s.DefaultListableBeanFactory     : Creating shared instance of singleton bean 'org.springframework.boot.autoconfigure.aop.AopAutoConfiguration$AspectJAutoProxyingConfiguration'
2022-03-20 12:26:34.880 DEBUG 5300 --- [    Test worker] o.s.b.f.s.DefaultListableBeanFactory     : Creating shared instance of singleton bean 'org.springframework.boot.autoconfigure.aop.AopAutoConfiguration'
2022-03-20 12:26:34.881 DEBUG 5300 --- [    Test worker] o.s.b.f.s.DefaultListableBeanFactory     : Creating shared instance of singleton bean 'org.springframework.boot.autoconfigure.context.ConfigurationPropertiesAutoConfiguration'
2022-03-20 12:26:34.883 DEBUG 5300 --- [    Test worker] o.s.b.f.s.DefaultListableBeanFactory     : Creating shared instance of singleton bean 'org.springframework.boot.autoconfigure.context.LifecycleAutoConfiguration'
2022-03-20 12:26:34.883 DEBUG 5300 --- [    Test worker] o.s.b.f.s.DefaultListableBeanFactory     : Creating shared instance of singleton bean 'lifecycleProcessor'
2022-03-20 12:26:34.884 DEBUG 5300 --- [    Test worker] o.s.b.f.s.DefaultListableBeanFactory     : Creating shared instance of singleton bean 'spring.lifecycle-org.springframework.boot.autoconfigure.context.LifecycleProperties'
2022-03-20 12:26:34.886 DEBUG 5300 --- [    Test worker] o.s.b.f.s.DefaultListableBeanFactory     : Autowiring by type from bean name 'lifecycleProcessor' via factory method to bean named 'spring.lifecycle-org.springframework.boot.autoconfigure.context.LifecycleProperties'
2022-03-20 12:26:34.890 DEBUG 5300 --- [    Test worker] o.s.b.f.s.DefaultListableBeanFactory     : Creating shared instance of singleton bean 'org.springframework.boot.autoconfigure.dao.PersistenceExceptionTranslationAutoConfiguration'
2022-03-20 12:26:34.890 DEBUG 5300 --- [    Test worker] o.s.b.f.s.DefaultListableBeanFactory     : Creating shared instance of singleton bean 'org.springframework.boot.autoconfigure.data.jpa.JpaRepositoriesAutoConfiguration'
2022-03-20 12:26:34.966 DEBUG 5300 --- [    Test worker] o.s.b.f.s.DefaultListableBeanFactory     : Creating shared instance of singleton bean 'org.springframework.data.jpa.util.JpaMetamodelCacheCleanup'
2022-03-20 12:26:34.984 DEBUG 5300 --- [    Test worker] o.s.b.f.s.DefaultListableBeanFactory     : Creating shared instance of singleton bean 'org.springframework.data.jpa.repository.support.JpaEvaluationContextExtension'
2022-03-20 12:26:34.989 DEBUG 5300 --- [    Test worker] o.s.b.f.s.DefaultListableBeanFactory     : Creating shared instance of singleton bean 'org.springframework.data.web.config.ProjectingArgumentResolverRegistrar'
2022-03-20 12:26:34.993 DEBUG 5300 --- [    Test worker] o.s.b.f.s.DefaultListableBeanFactory     : Creating shared instance of singleton bean 'org.springframework.boot.autoconfigure.jdbc.JdbcTemplateConfiguration'
2022-03-20 12:26:35.044 DEBUG 5300 --- [    Test worker] o.s.b.f.s.DefaultListableBeanFactory     : Creating shared instance of singleton bean 'jdbcTemplate'
2022-03-20 12:26:35.052 DEBUG 5300 --- [    Test worker] o.s.b.f.s.DefaultListableBeanFactory     : Creating shared instance of singleton bean 'spring.jdbc-org.springframework.boot.autoconfigure.jdbc.JdbcProperties'
2022-03-20 12:26:35.055 DEBUG 5300 --- [    Test worker] o.s.b.f.s.DefaultListableBeanFactory     : Autowiring by type from bean name 'jdbcTemplate' via factory method to bean named 'dataSource'
2022-03-20 12:26:35.055 DEBUG 5300 --- [    Test worker] o.s.b.f.s.DefaultListableBeanFactory     : Autowiring by type from bean name 'jdbcTemplate' via factory method to bean named 'spring.jdbc-org.springframework.boot.autoconfigure.jdbc.JdbcProperties'
2022-03-20 12:26:35.184 DEBUG 5300 --- [    Test worker] o.s.b.f.s.DefaultListableBeanFactory     : Creating shared instance of singleton bean 'org.springframework.boot.autoconfigure.jdbc.NamedParameterJdbcTemplateConfiguration'
2022-03-20 12:26:35.185 DEBUG 5300 --- [    Test worker] o.s.b.f.s.DefaultListableBeanFactory     : Creating shared instance of singleton bean 'namedParameterJdbcTemplate'
2022-03-20 12:26:35.186 DEBUG 5300 --- [    Test worker] o.s.b.f.s.DefaultListableBeanFactory     : Autowiring by type from bean name 'namedParameterJdbcTemplate' via factory method to bean named 'jdbcTemplate'
2022-03-20 12:26:35.212 DEBUG 5300 --- [    Test worker] o.s.b.f.s.DefaultListableBeanFactory     : Creating shared instance of singleton bean 'org.springframework.boot.autoconfigure.jdbc.JdbcTemplateAutoConfiguration'
2022-03-20 12:26:35.215 DEBUG 5300 --- [    Test worker] o.s.b.f.s.DefaultListableBeanFactory     : Creating shared instance of singleton bean 'org.springframework.boot.autoconfigure.sql.init.SqlInitializationAutoConfiguration'
2022-03-20 12:26:35.216 DEBUG 5300 --- [    Test worker] o.s.b.f.s.DefaultListableBeanFactory     : Creating shared instance of singleton bean 'org.springframework.boot.autoconfigure.task.TaskSchedulingAutoConfiguration'
2022-03-20 12:26:35.295 DEBUG 5300 --- [    Test worker] o.s.b.f.s.DefaultListableBeanFactory     : Creating shared instance of singleton bean 'scheduledBeanLazyInitializationExcludeFilter'
2022-03-20 12:26:35.298 DEBUG 5300 --- [    Test worker] o.s.b.f.s.DefaultListableBeanFactory     : Creating shared instance of singleton bean 'taskSchedulerBuilder'
2022-03-20 12:26:35.301 DEBUG 5300 --- [    Test worker] o.s.b.f.s.DefaultListableBeanFactory     : Creating shared instance of singleton bean 'spring.task.scheduling-org.springframework.boot.autoconfigure.task.TaskSchedulingProperties'
2022-03-20 12:26:35.306 DEBUG 5300 --- [    Test worker] o.s.b.f.s.DefaultListableBeanFactory     : Autowiring by type from bean name 'taskSchedulerBuilder' via factory method to bean named 'spring.task.scheduling-org.springframework.boot.autoconfigure.task.TaskSchedulingProperties'
2022-03-20 12:26:35.309 DEBUG 5300 --- [    Test worker] o.s.b.f.s.DefaultListableBeanFactory     : Creating shared instance of singleton bean 'org.springframework.boot.autoconfigure.jdbc.DataSourceTransactionManagerAutoConfiguration$JdbcTransactionManagerConfiguration'
2022-03-20 12:26:35.313 DEBUG 5300 --- [    Test worker] o.s.b.f.s.DefaultListableBeanFactory     : Creating shared instance of singleton bean 'org.springframework.boot.autoconfigure.jdbc.DataSourceTransactionManagerAutoConfiguration'
2022-03-20 12:26:35.314 DEBUG 5300 --- [    Test worker] o.s.b.f.s.DefaultListableBeanFactory     : Creating shared instance of singleton bean 'org.springframework.boot.autoconfigure.transaction.TransactionAutoConfiguration$EnableTransactionManagementConfiguration$CglibAutoProxyConfiguration'
2022-03-20 12:26:35.316 DEBUG 5300 --- [    Test worker] o.s.b.f.s.DefaultListableBeanFactory     : Creating shared instance of singleton bean 'org.springframework.boot.autoconfigure.transaction.TransactionAutoConfiguration$EnableTransactionManagementConfiguration'
2022-03-20 12:26:35.317 DEBUG 5300 --- [    Test worker] o.s.b.f.s.DefaultListableBeanFactory     : Creating shared instance of singleton bean 'org.springframework.boot.autoconfigure.transaction.TransactionAutoConfiguration$TransactionTemplateConfiguration'
2022-03-20 12:26:35.319 DEBUG 5300 --- [    Test worker] o.s.b.f.s.DefaultListableBeanFactory     : Creating shared instance of singleton bean 'transactionTemplate'
2022-03-20 12:26:35.321 DEBUG 5300 --- [    Test worker] o.s.b.f.s.DefaultListableBeanFactory     : Autowiring by type from bean name 'transactionTemplate' via factory method to bean named 'transactionManager'
2022-03-20 12:26:35.325 DEBUG 5300 --- [    Test worker] o.s.b.f.s.DefaultListableBeanFactory     : Creating shared instance of singleton bean 'org.springframework.boot.autoconfigure.web.embedded.EmbeddedWebServerFactoryCustomizerAutoConfiguration'
2022-03-20 12:26:35.326 DEBUG 5300 --- [    Test worker] o.s.b.f.s.DefaultListableBeanFactory     : Creating shared instance of singleton bean 'multipartResolver'
2022-03-20 12:26:35.330 DEBUG 5300 --- [    Test worker] o.s.b.f.s.DefaultListableBeanFactory     : Creating shared instance of singleton bean 'org.springframework.boot.actuate.autoconfigure.security.servlet.SecurityRequestMatchersManagementContextConfiguration$MvcRequestMatcherConfiguration'
2022-03-20 12:26:35.332 DEBUG 5300 --- [    Test worker] o.s.b.f.s.DefaultListableBeanFactory     : Creating shared instance of singleton bean 'requestMatcherProvider'
2022-03-20 12:26:35.336 DEBUG 5300 --- [    Test worker] o.s.b.f.s.DefaultListableBeanFactory     : Autowiring by type from bean name 'requestMatcherProvider' via factory method to bean named 'dispatcherServletRegistration'
2022-03-20 12:26:35.339 DEBUG 5300 --- [    Test worker] o.s.b.f.s.DefaultListableBeanFactory     : Creating shared instance of singleton bean 'org.springframework.boot.actuate.autoconfigure.security.servlet.SecurityRequestMatchersManagementContextConfiguration'
2022-03-20 12:26:35.340 DEBUG 5300 --- [    Test worker] o.s.b.f.s.DefaultListableBeanFactory     : Creating shared instance of singleton bean 'org.springframework.boot.actuate.autoconfigure.web.server.ManagementContextAutoConfiguration$SameManagementContextConfiguration$EnableSameManagementContextConfiguration'
2022-03-20 12:26:35.342 DEBUG 5300 --- [    Test worker] o.s.b.f.s.DefaultListableBeanFactory     : Creating shared instance of singleton bean 'org.springframework.boot.actuate.autoconfigure.web.server.ManagementContextAutoConfiguration$SameManagementContextConfiguration'
2022-03-20 12:26:35.344 DEBUG 5300 --- [    Test worker] o.s.b.f.s.DefaultListableBeanFactory     : Autowiring by type from bean name 'org.springframework.boot.actuate.autoconfigure.web.server.ManagementContextAutoConfiguration$SameManagementContextConfiguration' via constructor to bean named 'environment'
2022-03-20 12:26:35.345 DEBUG 5300 --- [    Test worker] o.s.b.f.s.DefaultListableBeanFactory     : Creating shared instance of singleton bean 'org.springframework.boot.actuate.autoconfigure.web.server.ManagementContextAutoConfiguration'
2022-03-20 12:26:35.348 DEBUG 5300 --- [    Test worker] o.s.b.f.s.DefaultListableBeanFactory     : Creating shared instance of singleton bean 'management.server-org.springframework.boot.actuate.autoconfigure.web.server.ManagementServerProperties'
2022-03-20 12:26:35.384 DEBUG 5300 --- [    Test worker] o.s.c.support.DefaultLifecycleProcessor  : Starting beans in phase 2147483646
2022-03-20 12:26:35.417  INFO 5300 --- [    Test worker] o.s.b.w.embedded.tomcat.TomcatWebServer  : Tomcat started on port(s): 8701 (http) with context path ''
2022-03-20 12:26:35.421 DEBUG 5300 --- [    Test worker] o.s.c.support.DefaultLifecycleProcessor  : Successfully started bean 'webServerStartStop'
2022-03-20 12:26:35.421 DEBUG 5300 --- [    Test worker] o.s.c.support.DefaultLifecycleProcessor  : Starting beans in phase 2147483647
2022-03-20 12:26:35.421 DEBUG 5300 --- [    Test worker] o.s.c.support.DefaultLifecycleProcessor  : Successfully started bean 'webServerGracefulShutdown'
2022-03-20 12:26:35.470 DEBUG 5300 --- [    Test worker] ConditionEvaluationReportLoggingListener : 


============================
CONDITIONS EVALUATION REPORT
============================


Positive matches:
-----------------

   AopAutoConfiguration matched:
      - @ConditionalOnProperty (spring.aop.auto=true) matched (OnPropertyCondition)

   AopAutoConfiguration.AspectJAutoProxyingConfiguration matched:
      - @ConditionalOnClass found required class 'org.aspectj.weaver.Advice' (OnClassCondition)

   AopAutoConfiguration.AspectJAutoProxyingConfiguration.CglibAutoProxyConfiguration matched:
      - @ConditionalOnProperty (spring.aop.proxy-target-class=true) matched (OnPropertyCondition)

   AuditEventsEndpointAutoConfiguration matched:
      - @ConditionalOnAvailableEndpoint no property management.endpoint.auditevents.enabled found so using endpoint default; @ConditionalOnAvailableEndpoint marked as exposed by a 'management.endpoints.web.exposure' property (OnAvailableEndpointCondition)

   BeansEndpointAutoConfiguration matched:
      - @ConditionalOnAvailableEndpoint no property management.endpoint.beans.enabled found so using endpoint default; @ConditionalOnAvailableEndpoint marked as exposed by a 'management.endpoints.web.exposure' property (OnAvailableEndpointCondition)

   BeansEndpointAutoConfiguration#beansEndpoint matched:
      - @ConditionalOnMissingBean (types: org.springframework.boot.actuate.beans.BeansEndpoint; SearchStrategy: all) did not find any beans (OnBeanCondition)

   CacheMeterBinderProvidersConfiguration matched:
      - @ConditionalOnClass found required class 'io.micrometer.core.instrument.binder.MeterBinder' (OnClassCondition)

   CachesEndpointAutoConfiguration matched:
      - @ConditionalOnClass found required class 'org.springframework.cache.CacheManager' (OnClassCondition)
      - @ConditionalOnAvailableEndpoint no property management.endpoint.caches.enabled found so using endpoint default; @ConditionalOnAvailableEndpoint marked as exposed by a 'management.endpoints.web.exposure' property (OnAvailableEndpointCondition)

   CachesEndpointAutoConfiguration#cachesEndpoint matched:
      - @ConditionalOnMissingBean (types: org.springframework.boot.actuate.cache.CachesEndpoint; SearchStrategy: all) did not find any beans (OnBeanCondition)

   CachesEndpointAutoConfiguration#cachesEndpointWebExtension matched:
      - @ConditionalOnBean (types: org.springframework.boot.actuate.cache.CachesEndpoint; SearchStrategy: all) found bean 'cachesEndpoint'; @ConditionalOnMissingBean (types: org.springframework.boot.actuate.cache.CachesEndpointWebExtension; SearchStrategy: all) did not find any beans (OnBeanCondition)

   CompositeMeterRegistryAutoConfiguration matched:
      - @ConditionalOnClass found required class 'io.micrometer.core.instrument.composite.CompositeMeterRegistry' (OnClassCondition)

   ConditionsReportEndpointAutoConfiguration matched:
      - @ConditionalOnAvailableEndpoint no property management.endpoint.conditions.enabled found so using endpoint default; @ConditionalOnAvailableEndpoint marked as exposed by a 'management.endpoints.web.exposure' property (OnAvailableEndpointCondition)

   ConditionsReportEndpointAutoConfiguration#conditionsReportEndpoint matched:
      - @ConditionalOnMissingBean (types: org.springframework.boot.actuate.autoconfigure.condition.ConditionsReportEndpoint; SearchStrategy: current) did not find any beans (OnBeanCondition)

   ConfigurationPropertiesReportEndpointAutoConfiguration matched:
      - @ConditionalOnAvailableEndpoint no property management.endpoint.configprops.enabled found so using endpoint default; @ConditionalOnAvailableEndpoint marked as exposed by a 'management.endpoints.web.exposure' property (OnAvailableEndpointCondition)

   ConfigurationPropertiesReportEndpointAutoConfiguration#configurationPropertiesReportEndpoint matched:
      - @ConditionalOnMissingBean (types: org.springframework.boot.actuate.context.properties.ConfigurationPropertiesReportEndpoint; SearchStrategy: all) did not find any beans (OnBeanCondition)

   ConfigurationPropertiesReportEndpointAutoConfiguration#configurationPropertiesReportEndpointWebExtension matched:
      - @ConditionalOnBean (types: org.springframework.boot.actuate.context.properties.ConfigurationPropertiesReportEndpoint; SearchStrategy: all) found bean 'configurationPropertiesReportEndpoint'; @ConditionalOnMissingBean (types: org.springframework.boot.actuate.context.properties.ConfigurationPropertiesReportEndpointWebExtension; SearchStrategy: all) did not find any beans (OnBeanCondition)

   DataSourceAutoConfiguration matched:
      - @ConditionalOnClass found required classes 'javax.sql.DataSource', 'org.springframework.jdbc.datasource.embedded.EmbeddedDatabaseType' (OnClassCondition)
      - @ConditionalOnMissingBean (types: io.r2dbc.spi.ConnectionFactory; SearchStrategy: all) did not find any beans (OnBeanCondition)

   DataSourceAutoConfiguration.PooledDataSourceConfiguration matched:
      - AnyNestedCondition 1 matched 1 did not; NestedCondition on DataSourceAutoConfiguration.PooledDataSourceCondition.PooledDataSourceAvailable PooledDataSource found supported DataSource; NestedCondition on DataSourceAutoConfiguration.PooledDataSourceCondition.ExplicitType @ConditionalOnProperty (spring.datasource.type) did not find property 'type' (DataSourceAutoConfiguration.PooledDataSourceCondition)
      - @ConditionalOnMissingBean (types: javax.sql.DataSource,javax.sql.XADataSource; SearchStrategy: all) did not find any beans (OnBeanCondition)

   DataSourceConfiguration.Hikari matched:
      - @ConditionalOnClass found required class 'com.zaxxer.hikari.HikariDataSource' (OnClassCondition)
      - @ConditionalOnProperty (spring.datasource.type=com.zaxxer.hikari.HikariDataSource) matched (OnPropertyCondition)
      - @ConditionalOnMissingBean (types: javax.sql.DataSource; SearchStrategy: all) did not find any beans (OnBeanCondition)

   DataSourceHealthContributorAutoConfiguration matched:
      - @ConditionalOnClass found required classes 'org.springframework.jdbc.core.JdbcTemplate', 'org.springframework.jdbc.datasource.lookup.AbstractRoutingDataSource' (OnClassCondition)
      - @ConditionalOnEnabledHealthIndicator management.health.defaults.enabled is considered true (OnEnabledHealthIndicatorCondition)
      - @ConditionalOnBean (types: javax.sql.DataSource; SearchStrategy: all) found bean 'dataSource' (OnBeanCondition)

   DataSourceHealthContributorAutoConfiguration#dbHealthContributor matched:
      - @ConditionalOnMissingBean (names: dbHealthIndicator,dbHealthContributor; SearchStrategy: all) did not find any beans (OnBeanCondition)

   DataSourceInitializationConfiguration matched:
      - @ConditionalOnClass found required class 'org.springframework.jdbc.datasource.init.DatabasePopulator' (OnClassCondition)
      - @ConditionalOnSingleCandidate (types: javax.sql.DataSource; SearchStrategy: all) found a primary bean from beans 'dataSource'; @ConditionalOnMissingBean (types: org.springframework.boot.sql.init.AbstractScriptDatabaseInitializer; SearchStrategy: all) did not find any beans (OnBeanCondition)

   DataSourceJmxConfiguration matched:
      - @ConditionalOnProperty (spring.jmx.enabled=true) matched (OnPropertyCondition)

   DataSourceJmxConfiguration.Hikari matched:
      - @ConditionalOnClass found required class 'com.zaxxer.hikari.HikariDataSource' (OnClassCondition)
      - @ConditionalOnSingleCandidate (types: javax.sql.DataSource; SearchStrategy: all) found a primary bean from beans 'dataSource' (OnBeanCondition)

   DataSourcePoolMetadataProvidersConfiguration.HikariPoolDataSourceMetadataProviderConfiguration matched:
      - @ConditionalOnClass found required class 'com.zaxxer.hikari.HikariDataSource' (OnClassCondition)

   DataSourcePoolMetricsAutoConfiguration matched:
      - @ConditionalOnClass found required classes 'javax.sql.DataSource', 'io.micrometer.core.instrument.MeterRegistry' (OnClassCondition)
      - @ConditionalOnBean (types: javax.sql.DataSource,io.micrometer.core.instrument.MeterRegistry; SearchStrategy: all) found beans 'simpleMeterRegistry', 'dataSource' (OnBeanCondition)

   DataSourcePoolMetricsAutoConfiguration.DataSourcePoolMetadataMetricsConfiguration matched:
      - @ConditionalOnBean (types: org.springframework.boot.jdbc.metadata.DataSourcePoolMetadataProvider; SearchStrategy: all) found bean 'hikariPoolDataSourceMetadataProvider' (OnBeanCondition)

   DataSourcePoolMetricsAutoConfiguration.HikariDataSourceMetricsConfiguration matched:
      - @ConditionalOnClass found required class 'com.zaxxer.hikari.HikariDataSource' (OnClassCondition)

   DataSourceTransactionManagerAutoConfiguration matched:
      - @ConditionalOnClass found required classes 'org.springframework.jdbc.core.JdbcTemplate', 'org.springframework.transaction.TransactionManager' (OnClassCondition)

   DataSourceTransactionManagerAutoConfiguration.JdbcTransactionManagerConfiguration matched:
      - @ConditionalOnSingleCandidate (types: javax.sql.DataSource; SearchStrategy: all) found a primary bean from beans 'dataSource' (OnBeanCondition)

   DiskSpaceHealthContributorAutoConfiguration matched:
      - @ConditionalOnEnabledHealthIndicator management.health.defaults.enabled is considered true (OnEnabledHealthIndicatorCondition)

   DiskSpaceHealthContributorAutoConfiguration#diskSpaceHealthIndicator matched:
      - @ConditionalOnMissingBean (names: diskSpaceHealthIndicator; SearchStrategy: all) did not find any beans (OnBeanCondition)

   DispatcherServletAutoConfiguration matched:
      - @ConditionalOnClass found required class 'org.springframework.web.servlet.DispatcherServlet' (OnClassCondition)
      - found 'session' scope (OnWebApplicationCondition)

   DispatcherServletAutoConfiguration.DispatcherServletConfiguration matched:
      - @ConditionalOnClass found required class 'javax.servlet.ServletRegistration' (OnClassCondition)
      - Default DispatcherServlet did not find dispatcher servlet beans (DispatcherServletAutoConfiguration.DefaultDispatcherServletCondition)

   DispatcherServletAutoConfiguration.DispatcherServletRegistrationConfiguration matched:
      - @ConditionalOnClass found required class 'javax.servlet.ServletRegistration' (OnClassCondition)
      - DispatcherServlet Registration did not find servlet registration bean (DispatcherServletAutoConfiguration.DispatcherServletRegistrationCondition)

   DispatcherServletAutoConfiguration.DispatcherServletRegistrationConfiguration#dispatcherServletRegistration matched:
      - @ConditionalOnBean (names: dispatcherServlet types: org.springframework.web.servlet.DispatcherServlet; SearchStrategy: all) found bean 'dispatcherServlet' (OnBeanCondition)

   EmbeddedWebServerFactoryCustomizerAutoConfiguration matched:
      - @ConditionalOnWebApplication (required) found 'session' scope (OnWebApplicationCondition)

   EmbeddedWebServerFactoryCustomizerAutoConfiguration.TomcatWebServerFactoryCustomizerConfiguration matched:
      - @ConditionalOnClass found required classes 'org.apache.catalina.startup.Tomcat', 'org.apache.coyote.UpgradeProtocol' (OnClassCondition)

   EndpointAutoConfiguration#endpointCachingOperationInvokerAdvisor matched:
      - @ConditionalOnMissingBean (types: org.springframework.boot.actuate.endpoint.invoker.cache.CachingOperationInvokerAdvisor; SearchStrategy: all) did not find any beans (OnBeanCondition)

   EndpointAutoConfiguration#endpointOperationParameterMapper matched:
      - @ConditionalOnMissingBean (types: org.springframework.boot.actuate.endpoint.invoke.ParameterValueMapper; SearchStrategy: all) did not find any beans (OnBeanCondition)

   EnvironmentEndpointAutoConfiguration matched:
      - @ConditionalOnAvailableEndpoint no property management.endpoint.env.enabled found so using endpoint default; @ConditionalOnAvailableEndpoint marked as exposed by a 'management.endpoints.web.exposure' property (OnAvailableEndpointCondition)

   EnvironmentEndpointAutoConfiguration#environmentEndpoint matched:
      - @ConditionalOnMissingBean (types: org.springframework.boot.actuate.env.EnvironmentEndpoint; SearchStrategy: all) did not find any beans (OnBeanCondition)

   EnvironmentEndpointAutoConfiguration#environmentEndpointWebExtension matched:
      - @ConditionalOnBean (types: org.springframework.boot.actuate.env.EnvironmentEndpoint; SearchStrategy: all) found bean 'environmentEndpoint'; @ConditionalOnMissingBean (types: org.springframework.boot.actuate.env.EnvironmentEndpointWebExtension; SearchStrategy: all) did not find any beans (OnBeanCondition)

   ErrorMvcAutoConfiguration matched:
      - @ConditionalOnClass found required classes 'javax.servlet.Servlet', 'org.springframework.web.servlet.DispatcherServlet' (OnClassCondition)
      - found 'session' scope (OnWebApplicationCondition)

   ErrorMvcAutoConfiguration#basicErrorController matched:
      - @ConditionalOnMissingBean (types: org.springframework.boot.web.servlet.error.ErrorController; SearchStrategy: current) did not find any beans (OnBeanCondition)

   ErrorMvcAutoConfiguration#errorAttributes matched:
      - @ConditionalOnMissingBean (types: org.springframework.boot.web.servlet.error.ErrorAttributes; SearchStrategy: current) did not find any beans (OnBeanCondition)

   ErrorMvcAutoConfiguration.DefaultErrorViewResolverConfiguration#conventionErrorViewResolver matched:
      - @ConditionalOnBean (types: org.springframework.web.servlet.DispatcherServlet; SearchStrategy: all) found bean 'dispatcherServlet'; @ConditionalOnMissingBean (types: org.springframework.boot.autoconfigure.web.servlet.error.ErrorViewResolver; SearchStrategy: all) did not find any beans (OnBeanCondition)

   ErrorMvcAutoConfiguration.WhitelabelErrorViewConfiguration matched:
      - @ConditionalOnProperty (server.error.whitelabel.enabled) matched (OnPropertyCondition)
      - ErrorTemplate Missing did not find error template view (ErrorMvcAutoConfiguration.ErrorTemplateMissingCondition)

   ErrorMvcAutoConfiguration.WhitelabelErrorViewConfiguration#beanNameViewResolver matched:
      - @ConditionalOnMissingBean (types: org.springframework.web.servlet.view.BeanNameViewResolver; SearchStrategy: all) did not find any beans (OnBeanCondition)

   ErrorMvcAutoConfiguration.WhitelabelErrorViewConfiguration#defaultErrorView matched:
      - @ConditionalOnMissingBean (names: error; SearchStrategy: all) did not find any beans (OnBeanCondition)

   GenericCacheConfiguration matched:
      - Cache org.springframework.boot.autoconfigure.cache.GenericCacheConfiguration automatic cache type (CacheCondition)

   GsonAutoConfiguration matched:
      - @ConditionalOnClass found required class 'com.google.gson.Gson' (OnClassCondition)

   GsonAutoConfiguration#gson matched:
      - @ConditionalOnMissingBean (types: com.google.gson.Gson; SearchStrategy: all) did not find any beans (OnBeanCondition)

   GsonAutoConfiguration#gsonBuilder matched:
      - @ConditionalOnMissingBean (types: com.google.gson.GsonBuilder; SearchStrategy: all) did not find any beans (OnBeanCondition)

   GsonHttpMessageConvertersConfiguration matched:
      - @ConditionalOnClass found required class 'com.google.gson.Gson' (OnClassCondition)

   H2ConsoleAutoConfiguration matched:
      - @ConditionalOnClass found required class 'org.h2.server.web.WebServlet' (OnClassCondition)
      - found 'session' scope (OnWebApplicationCondition)
      - @ConditionalOnProperty (spring.h2.console.enabled=true) matched (OnPropertyCondition)

   HealthContributorAutoConfiguration#pingHealthContributor matched:
      - @ConditionalOnEnabledHealthIndicator management.health.defaults.enabled is considered true (OnEnabledHealthIndicatorCondition)

   HealthEndpointAutoConfiguration matched:
      - @ConditionalOnAvailableEndpoint no property management.endpoint.health.enabled found so using endpoint default; @ConditionalOnAvailableEndpoint marked as exposed by a 'management.endpoints.web.exposure' property (OnAvailableEndpointCondition)

   HealthEndpointConfiguration#healthContributorRegistry matched:
      - @ConditionalOnMissingBean (types: org.springframework.boot.actuate.health.HealthContributorRegistry; SearchStrategy: all) did not find any beans (OnBeanCondition)

   HealthEndpointConfiguration#healthEndpoint matched:
      - @ConditionalOnMissingBean (types: org.springframework.boot.actuate.health.HealthEndpoint; SearchStrategy: all) did not find any beans (OnBeanCondition)

   HealthEndpointConfiguration#healthEndpointGroups matched:
      - @ConditionalOnMissingBean (types: org.springframework.boot.actuate.health.HealthEndpointGroups; SearchStrategy: all) did not find any beans (OnBeanCondition)

   HealthEndpointConfiguration#healthHttpCodeStatusMapper matched:
      - @ConditionalOnMissingBean (types: org.springframework.boot.actuate.health.HttpCodeStatusMapper; SearchStrategy: all) did not find any beans (OnBeanCondition)

   HealthEndpointConfiguration#healthStatusAggregator matched:
      - @ConditionalOnMissingBean (types: org.springframework.boot.actuate.health.StatusAggregator; SearchStrategy: all) did not find any beans (OnBeanCondition)

   HealthEndpointWebExtensionConfiguration matched:
      - found 'session' scope (OnWebApplicationCondition)
      - @ConditionalOnBean (types: org.springframework.boot.actuate.health.HealthEndpoint; SearchStrategy: all) found bean 'healthEndpoint' (OnBeanCondition)

   HealthEndpointWebExtensionConfiguration#healthEndpointWebExtension matched:
      - @ConditionalOnBean (types: org.springframework.boot.actuate.health.HealthEndpoint; SearchStrategy: all) found bean 'healthEndpoint'; @ConditionalOnMissingBean (types: org.springframework.boot.actuate.health.HealthEndpointWebExtension; SearchStrategy: all) did not find any beans (OnBeanCondition)

   HeapDumpWebEndpointAutoConfiguration matched:
      - @ConditionalOnAvailableEndpoint no property management.endpoint.heapdump.enabled found so using endpoint default; @ConditionalOnAvailableEndpoint marked as exposed by a 'management.endpoints.web.exposure' property (OnAvailableEndpointCondition)

   HeapDumpWebEndpointAutoConfiguration#heapDumpWebEndpoint matched:
      - @ConditionalOnMissingBean (types: org.springframework.boot.actuate.management.HeapDumpWebEndpoint; SearchStrategy: all) did not find any beans (OnBeanCondition)

   HibernateJpaAutoConfiguration matched:
      - @ConditionalOnClass found required classes 'org.springframework.orm.jpa.LocalContainerEntityManagerFactoryBean', 'javax.persistence.EntityManager', 'org.hibernate.engine.spi.SessionImplementor' (OnClassCondition)

   HibernateJpaConfiguration matched:
      - @ConditionalOnSingleCandidate (types: javax.sql.DataSource; SearchStrategy: all) found a primary bean from beans 'dataSource' (OnBeanCondition)

   HttpClientMetricsAutoConfiguration matched:
      - @ConditionalOnClass found required class 'io.micrometer.core.instrument.MeterRegistry' (OnClassCondition)
      - @ConditionalOnBean (types: io.micrometer.core.instrument.MeterRegistry; SearchStrategy: all) found bean 'simpleMeterRegistry' (OnBeanCondition)

   HttpEncodingAutoConfiguration matched:
      - @ConditionalOnClass found required class 'org.springframework.web.filter.CharacterEncodingFilter' (OnClassCondition)
      - found 'session' scope (OnWebApplicationCondition)
      - @ConditionalOnProperty (server.servlet.encoding.enabled) matched (OnPropertyCondition)

   HttpEncodingAutoConfiguration#characterEncodingFilter matched:
      - @ConditionalOnMissingBean (types: org.springframework.web.filter.CharacterEncodingFilter; SearchStrategy: all) did not find any beans (OnBeanCondition)

   HttpMessageConvertersAutoConfiguration matched:
      - @ConditionalOnClass found required class 'org.springframework.http.converter.HttpMessageConverter' (OnClassCondition)
      - NoneNestedConditions 0 matched 1 did not; NestedCondition on HttpMessageConvertersAutoConfiguration.NotReactiveWebApplicationCondition.ReactiveWebApplication did not find reactive web application classes (HttpMessageConvertersAutoConfiguration.NotReactiveWebApplicationCondition)

   HttpMessageConvertersAutoConfiguration#messageConverters matched:
      - @ConditionalOnMissingBean (types: org.springframework.boot.autoconfigure.http.HttpMessageConverters; SearchStrategy: all) did not find any beans (OnBeanCondition)

   HttpMessageConvertersAutoConfiguration.StringHttpMessageConverterConfiguration matched:
      - @ConditionalOnClass found required class 'org.springframework.http.converter.StringHttpMessageConverter' (OnClassCondition)

   HttpMessageConvertersAutoConfiguration.StringHttpMessageConverterConfiguration#stringHttpMessageConverter matched:
      - @ConditionalOnMissingBean (types: org.springframework.http.converter.StringHttpMessageConverter; SearchStrategy: all) did not find any beans (OnBeanCondition)

   HttpTraceEndpointAutoConfiguration matched:
      - @ConditionalOnAvailableEndpoint no property management.endpoint.httptrace.enabled found so using endpoint default; @ConditionalOnAvailableEndpoint marked as exposed by a 'management.endpoints.web.exposure' property (OnAvailableEndpointCondition)

   InfoContributorAutoConfiguration#envInfoContributor matched:
      - @ConditionalOnEnabledInfoContributor management.info.defaults.enabled is considered true (OnEnabledInfoContributorCondition)

   InfoEndpointAutoConfiguration matched:
      - @ConditionalOnAvailableEndpoint no property management.endpoint.info.enabled found so using endpoint default; @ConditionalOnAvailableEndpoint marked as exposed by a 'management.endpoints.web.exposure' property (OnAvailableEndpointCondition)

   InfoEndpointAutoConfiguration#infoEndpoint matched:
      - @ConditionalOnMissingBean (types: org.springframework.boot.actuate.info.InfoEndpoint; SearchStrategy: all) did not find any beans (OnBeanCondition)

   JacksonAutoConfiguration matched:
      - @ConditionalOnClass found required class 'com.fasterxml.jackson.databind.ObjectMapper' (OnClassCondition)

   JacksonAutoConfiguration.Jackson2ObjectMapperBuilderCustomizerConfiguration matched:
      - @ConditionalOnClass found required class 'org.springframework.http.converter.json.Jackson2ObjectMapperBuilder' (OnClassCondition)

   JacksonAutoConfiguration.JacksonObjectMapperBuilderConfiguration matched:
      - @ConditionalOnClass found required class 'org.springframework.http.converter.json.Jackson2ObjectMapperBuilder' (OnClassCondition)

   JacksonAutoConfiguration.JacksonObjectMapperBuilderConfiguration#jacksonObjectMapperBuilder matched:
      - @ConditionalOnMissingBean (types: org.springframework.http.converter.json.Jackson2ObjectMapperBuilder; SearchStrategy: all) did not find any beans (OnBeanCondition)

   JacksonAutoConfiguration.JacksonObjectMapperConfiguration matched:
      - @ConditionalOnClass found required class 'org.springframework.http.converter.json.Jackson2ObjectMapperBuilder' (OnClassCondition)

   JacksonAutoConfiguration.JacksonObjectMapperConfiguration#jacksonObjectMapper matched:
      - @ConditionalOnMissingBean (types: com.fasterxml.jackson.databind.ObjectMapper; SearchStrategy: all) did not find any beans (OnBeanCondition)

   JacksonAutoConfiguration.ParameterNamesModuleConfiguration matched:
      - @ConditionalOnClass found required class 'com.fasterxml.jackson.module.paramnames.ParameterNamesModule' (OnClassCondition)

   JacksonAutoConfiguration.ParameterNamesModuleConfiguration#parameterNamesModule matched:
      - @ConditionalOnMissingBean (types: com.fasterxml.jackson.module.paramnames.ParameterNamesModule; SearchStrategy: all) did not find any beans (OnBeanCondition)

   JacksonHttpMessageConvertersConfiguration.MappingJackson2HttpMessageConverterConfiguration matched:
      - @ConditionalOnClass found required class 'com.fasterxml.jackson.databind.ObjectMapper' (OnClassCondition)
      - @ConditionalOnProperty (spring.mvc.converters.preferred-json-mapper=jackson) matched (OnPropertyCondition)
      - @ConditionalOnBean (types: com.fasterxml.jackson.databind.ObjectMapper; SearchStrategy: all) found bean 'jacksonObjectMapper' (OnBeanCondition)

   JacksonHttpMessageConvertersConfiguration.MappingJackson2HttpMessageConverterConfiguration#mappingJackson2HttpMessageConverter matched:
      - @ConditionalOnMissingBean (types: org.springframework.http.converter.json.MappingJackson2HttpMessageConverter ignored: org.springframework.hateoas.server.mvc.TypeConstrainedMappingJackson2HttpMessageConverter,org.springframework.data.rest.webmvc.alps.AlpsJsonHttpMessageConverter; SearchStrategy: all) did not find any beans (OnBeanCondition)

   JdbcTemplateAutoConfiguration matched:
      - @ConditionalOnClass found required classes 'javax.sql.DataSource', 'org.springframework.jdbc.core.JdbcTemplate' (OnClassCondition)
      - @ConditionalOnSingleCandidate (types: javax.sql.DataSource; SearchStrategy: all) found a primary bean from beans 'dataSource' (OnBeanCondition)

   JdbcTemplateConfiguration matched:
      - @ConditionalOnMissingBean (types: org.springframework.jdbc.core.JdbcOperations; SearchStrategy: all) did not find any beans (OnBeanCondition)

   JpaBaseConfiguration#entityManagerFactory matched:
      - @ConditionalOnMissingBean (types: org.springframework.orm.jpa.LocalContainerEntityManagerFactoryBean,javax.persistence.EntityManagerFactory; SearchStrategy: all) did not find any beans (OnBeanCondition)

   JpaBaseConfiguration#entityManagerFactoryBuilder matched:
      - @ConditionalOnMissingBean (types: org.springframework.boot.orm.jpa.EntityManagerFactoryBuilder; SearchStrategy: all) did not find any beans (OnBeanCondition)

   JpaBaseConfiguration#jpaVendorAdapter matched:
      - @ConditionalOnMissingBean (types: org.springframework.orm.jpa.JpaVendorAdapter; SearchStrategy: all) did not find any beans (OnBeanCondition)

   JpaBaseConfiguration#transactionManager matched:
      - @ConditionalOnMissingBean (types: org.springframework.transaction.TransactionManager; SearchStrategy: all) did not find any beans (OnBeanCondition)

   JpaBaseConfiguration.JpaWebConfiguration matched:
      - @ConditionalOnClass found required class 'org.springframework.web.servlet.config.annotation.WebMvcConfigurer' (OnClassCondition)
      - found 'session' scope (OnWebApplicationCondition)
      - @ConditionalOnProperty (spring.jpa.open-in-view=true) matched (OnPropertyCondition)
      - @ConditionalOnMissingBean (types: org.springframework.orm.jpa.support.OpenEntityManagerInViewInterceptor,org.springframework.orm.jpa.support.OpenEntityManagerInViewFilter; SearchStrategy: all) did not find any beans (OnBeanCondition)

   JpaRepositoriesAutoConfiguration matched:
      - @ConditionalOnClass found required class 'org.springframework.data.jpa.repository.JpaRepository' (OnClassCondition)
      - @ConditionalOnProperty (spring.data.jpa.repositories.enabled=true) matched (OnPropertyCondition)
      - @ConditionalOnBean (types: javax.sql.DataSource; SearchStrategy: all) found bean 'dataSource'; @ConditionalOnMissingBean (types: org.springframework.data.jpa.repository.support.JpaRepositoryFactoryBean,org.springframework.data.jpa.repository.config.JpaRepositoryConfigExtension; SearchStrategy: all) did not find any beans (OnBeanCondition)

   JtaAutoConfiguration matched:
      - @ConditionalOnClass found required class 'javax.transaction.Transaction' (OnClassCondition)
      - @ConditionalOnProperty (spring.jta.enabled) matched (OnPropertyCondition)

   JvmMetricsAutoConfiguration matched:
      - @ConditionalOnClass found required class 'io.micrometer.core.instrument.MeterRegistry' (OnClassCondition)
      - @ConditionalOnBean (types: io.micrometer.core.instrument.MeterRegistry; SearchStrategy: all) found bean 'simpleMeterRegistry' (OnBeanCondition)

   JvmMetricsAutoConfiguration#classLoaderMetrics matched:
      - @ConditionalOnMissingBean (types: io.micrometer.core.instrument.binder.jvm.ClassLoaderMetrics; SearchStrategy: all) did not find any beans (OnBeanCondition)

   JvmMetricsAutoConfiguration#jvmGcMetrics matched:
      - @ConditionalOnMissingBean (types: io.micrometer.core.instrument.binder.jvm.JvmGcMetrics; SearchStrategy: all) did not find any beans (OnBeanCondition)

   JvmMetricsAutoConfiguration#jvmMemoryMetrics matched:
      - @ConditionalOnMissingBean (types: io.micrometer.core.instrument.binder.jvm.JvmMemoryMetrics; SearchStrategy: all) did not find any beans (OnBeanCondition)

   JvmMetricsAutoConfiguration#jvmThreadMetrics matched:
      - @ConditionalOnMissingBean (types: io.micrometer.core.instrument.binder.jvm.JvmThreadMetrics; SearchStrategy: all) did not find any beans (OnBeanCondition)

   LifecycleAutoConfiguration#defaultLifecycleProcessor matched:
      - @ConditionalOnMissingBean (names: lifecycleProcessor; SearchStrategy: current) did not find any beans (OnBeanCondition)

   LogFileWebEndpointAutoConfiguration matched:
      - @ConditionalOnAvailableEndpoint no property management.endpoint.logfile.enabled found so using endpoint default; @ConditionalOnAvailableEndpoint marked as exposed by a 'management.endpoints.web.exposure' property (OnAvailableEndpointCondition)

   LogbackMetricsAutoConfiguration matched:
      - @ConditionalOnClass found required classes 'io.micrometer.core.instrument.MeterRegistry', 'ch.qos.logback.classic.LoggerContext', 'org.slf4j.LoggerFactory' (OnClassCondition)
      - LogbackLoggingCondition ILoggerFactory is a Logback LoggerContext (LogbackMetricsAutoConfiguration.LogbackLoggingCondition)
      - @ConditionalOnBean (types: io.micrometer.core.instrument.MeterRegistry; SearchStrategy: all) found bean 'simpleMeterRegistry' (OnBeanCondition)

   LogbackMetricsAutoConfiguration#logbackMetrics matched:
      - @ConditionalOnMissingBean (types: io.micrometer.core.instrument.binder.logging.LogbackMetrics; SearchStrategy: all) did not find any beans (OnBeanCondition)

   LoggersEndpointAutoConfiguration matched:
      - @ConditionalOnAvailableEndpoint no property management.endpoint.loggers.enabled found so using endpoint default; @ConditionalOnAvailableEndpoint marked as exposed by a 'management.endpoints.web.exposure' property (OnAvailableEndpointCondition)

   LoggersEndpointAutoConfiguration#loggersEndpoint matched:
      - Logging System enabled (LoggersEndpointAutoConfiguration.OnEnabledLoggingSystemCondition)
      - @ConditionalOnBean (types: org.springframework.boot.logging.LoggingSystem; SearchStrategy: all) found bean 'springBootLoggingSystem'; @ConditionalOnMissingBean (types: org.springframework.boot.actuate.logging.LoggersEndpoint; SearchStrategy: all) did not find any beans (OnBeanCondition)

   ManagementContextAutoConfiguration.SameManagementContextConfiguration matched:
      - Management Port actual port type (SAME) matched required type (OnManagementPortCondition)

   MappingsEndpointAutoConfiguration matched:
      - @ConditionalOnAvailableEndpoint no property management.endpoint.mappings.enabled found so using endpoint default; @ConditionalOnAvailableEndpoint marked as exposed by a 'management.endpoints.web.exposure' property (OnAvailableEndpointCondition)

   MappingsEndpointAutoConfiguration.ServletWebConfiguration matched:
      - found 'session' scope (OnWebApplicationCondition)

   MappingsEndpointAutoConfiguration.ServletWebConfiguration.SpringMvcConfiguration matched:
      - @ConditionalOnClass found required class 'org.springframework.web.servlet.DispatcherServlet' (OnClassCondition)
      - @ConditionalOnBean (types: org.springframework.web.servlet.DispatcherServlet; SearchStrategy: all) found bean 'dispatcherServlet' (OnBeanCondition)

   MetricsAutoConfiguration matched:
      - @ConditionalOnClass found required class 'io.micrometer.core.annotation.Timed' (OnClassCondition)

   MetricsAutoConfiguration#micrometerClock matched:
      - @ConditionalOnMissingBean (types: io.micrometer.core.instrument.Clock; SearchStrategy: all) did not find any beans (OnBeanCondition)

   MetricsEndpointAutoConfiguration matched:
      - @ConditionalOnClass found required class 'io.micrometer.core.annotation.Timed' (OnClassCondition)
      - @ConditionalOnAvailableEndpoint no property management.endpoint.metrics.enabled found so using endpoint default; @ConditionalOnAvailableEndpoint marked as exposed by a 'management.endpoints.web.exposure' property (OnAvailableEndpointCondition)

   MetricsEndpointAutoConfiguration#metricsEndpoint matched:
      - @ConditionalOnBean (types: io.micrometer.core.instrument.MeterRegistry; SearchStrategy: all) found bean 'simpleMeterRegistry'; @ConditionalOnMissingBean (types: org.springframework.boot.actuate.metrics.MetricsEndpoint; SearchStrategy: all) did not find any beans (OnBeanCondition)

   MultipartAutoConfiguration matched:
      - @ConditionalOnClass found required classes 'javax.servlet.Servlet', 'org.springframework.web.multipart.support.StandardServletMultipartResolver', 'javax.servlet.MultipartConfigElement' (OnClassCondition)
      - found 'session' scope (OnWebApplicationCondition)
      - @ConditionalOnProperty (spring.servlet.multipart.enabled) matched (OnPropertyCondition)

   MultipartAutoConfiguration#multipartConfigElement matched:
      - @ConditionalOnMissingBean (types: javax.servlet.MultipartConfigElement,org.springframework.web.multipart.commons.CommonsMultipartResolver; SearchStrategy: all) did not find any beans (OnBeanCondition)

   MultipartAutoConfiguration#multipartResolver matched:
      - @ConditionalOnMissingBean (types: org.springframework.web.multipart.MultipartResolver; SearchStrategy: all) did not find any beans (OnBeanCondition)

   NamedParameterJdbcTemplateConfiguration matched:
      - @ConditionalOnSingleCandidate (types: org.springframework.jdbc.core.JdbcTemplate; SearchStrategy: all) found a primary bean from beans 'jdbcTemplate'; @ConditionalOnMissingBean (types: org.springframework.jdbc.core.namedparam.NamedParameterJdbcOperations; SearchStrategy: all) did not find any beans (OnBeanCondition)

   NoOpCacheConfiguration matched:
      - Cache org.springframework.boot.autoconfigure.cache.NoOpCacheConfiguration automatic cache type (CacheCondition)

   PersistenceExceptionTranslationAutoConfiguration matched:
      - @ConditionalOnClass found required class 'org.springframework.dao.annotation.PersistenceExceptionTranslationPostProcessor' (OnClassCondition)

   PersistenceExceptionTranslationAutoConfiguration#persistenceExceptionTranslationPostProcessor matched:
      - @ConditionalOnProperty (spring.dao.exceptiontranslation.enabled) matched (OnPropertyCondition)
      - @ConditionalOnMissingBean (types: org.springframework.dao.annotation.PersistenceExceptionTranslationPostProcessor; SearchStrategy: all) did not find any beans (OnBeanCondition)

   PropertyPlaceholderAutoConfiguration#propertySourcesPlaceholderConfigurer matched:
      - @ConditionalOnMissingBean (types: org.springframework.context.support.PropertySourcesPlaceholderConfigurer; SearchStrategy: current) did not find any beans (OnBeanCondition)

   RepositoryMetricsAutoConfiguration matched:
      - @ConditionalOnClass found required class 'org.springframework.data.repository.Repository' (OnClassCondition)
      - @ConditionalOnBean (types: io.micrometer.core.instrument.MeterRegistry; SearchStrategy: all) found bean 'simpleMeterRegistry' (OnBeanCondition)

   RepositoryMetricsAutoConfiguration#metricsRepositoryMethodInvocationListener matched:
      - @ConditionalOnMissingBean (types: org.springframework.boot.actuate.metrics.data.MetricsRepositoryMethodInvocationListener; SearchStrategy: all) did not find any beans (OnBeanCondition)

   RepositoryMetricsAutoConfiguration#repositoryTagsProvider matched:
      - @ConditionalOnMissingBean (types: org.springframework.boot.actuate.metrics.data.RepositoryTagsProvider; SearchStrategy: all) did not find any beans (OnBeanCondition)

   RestTemplateAutoConfiguration matched:
      - @ConditionalOnClass found required class 'org.springframework.web.client.RestTemplate' (OnClassCondition)
      - NoneNestedConditions 0 matched 1 did not; NestedCondition on RestTemplateAutoConfiguration.NotReactiveWebApplicationCondition.ReactiveWebApplication did not find reactive web application classes (RestTemplateAutoConfiguration.NotReactiveWebApplicationCondition)

   RestTemplateAutoConfiguration#restTemplateBuilder matched:
      - @ConditionalOnMissingBean (types: org.springframework.boot.web.client.RestTemplateBuilder; SearchStrategy: all) did not find any beans (OnBeanCondition)

   RestTemplateAutoConfiguration#restTemplateBuilderConfigurer matched:
      - @ConditionalOnMissingBean (types: org.springframework.boot.autoconfigure.web.client.RestTemplateBuilderConfigurer; SearchStrategy: all) did not find any beans (OnBeanCondition)

   RestTemplateMetricsConfiguration matched:
      - @ConditionalOnClass found required class 'org.springframework.web.client.RestTemplate' (OnClassCondition)
      - @ConditionalOnBean (types: org.springframework.boot.web.client.RestTemplateBuilder; SearchStrategy: all) found bean 'restTemplateBuilder' (OnBeanCondition)

   RestTemplateMetricsConfiguration#restTemplateExchangeTagsProvider matched:
      - @ConditionalOnMissingBean (types: org.springframework.boot.actuate.metrics.web.client.RestTemplateExchangeTagsProvider; SearchStrategy: all) did not find any beans (OnBeanCondition)

   ScheduledTasksEndpointAutoConfiguration matched:
      - @ConditionalOnAvailableEndpoint no property management.endpoint.scheduledtasks.enabled found so using endpoint default; @ConditionalOnAvailableEndpoint marked as exposed by a 'management.endpoints.web.exposure' property (OnAvailableEndpointCondition)

   ScheduledTasksEndpointAutoConfiguration#scheduledTasksEndpoint matched:
      - @ConditionalOnMissingBean (types: org.springframework.boot.actuate.scheduling.ScheduledTasksEndpoint; SearchStrategy: all) did not find any beans (OnBeanCondition)

   SecurityAutoConfiguration matched:
      - @ConditionalOnClass found required class 'org.springframework.security.authentication.DefaultAuthenticationEventPublisher' (OnClassCondition)

   SecurityAutoConfiguration#authenticationEventPublisher matched:
      - @ConditionalOnMissingBean (types: org.springframework.security.authentication.AuthenticationEventPublisher; SearchStrategy: all) did not find any beans (OnBeanCondition)

   SecurityFilterAutoConfiguration matched:
      - @ConditionalOnClass found required classes 'org.springframework.security.web.context.AbstractSecurityWebApplicationInitializer', 'org.springframework.security.config.http.SessionCreationPolicy' (OnClassCondition)
      - found 'session' scope (OnWebApplicationCondition)

   SecurityFilterAutoConfiguration#securityFilterChainRegistration matched:
      - @ConditionalOnBean (names: springSecurityFilterChain; SearchStrategy: all) found bean 'springSecurityFilterChain' (OnBeanCondition)

   SecurityRequestMatchersManagementContextConfiguration matched:
      - @ConditionalOnClass found required class 'org.springframework.security.web.util.matcher.RequestMatcher' (OnClassCondition)
      - found 'session' scope (OnWebApplicationCondition)

   SecurityRequestMatchersManagementContextConfiguration.MvcRequestMatcherConfiguration matched:
      - @ConditionalOnClass found required class 'org.springframework.web.servlet.DispatcherServlet' (OnClassCondition)
      - @ConditionalOnBean (types: org.springframework.boot.autoconfigure.web.servlet.DispatcherServletPath; SearchStrategy: all) found bean 'dispatcherServletRegistration' (OnBeanCondition)

   SecurityRequestMatchersManagementContextConfiguration.MvcRequestMatcherConfiguration#requestMatcherProvider matched:
      - @ConditionalOnClass found required class 'org.springframework.web.servlet.DispatcherServlet' (OnClassCondition)
      - @ConditionalOnMissingBean (types: org.springframework.boot.autoconfigure.security.servlet.RequestMatcherProvider; SearchStrategy: all) did not find any beans (OnBeanCondition)

   ServletEndpointManagementContextConfiguration matched:
      - found 'session' scope (OnWebApplicationCondition)

   ServletEndpointManagementContextConfiguration.WebMvcServletEndpointManagementContextConfiguration matched:
      - @ConditionalOnClass found required class 'org.springframework.web.servlet.DispatcherServlet' (OnClassCondition)

   ServletManagementContextAutoConfiguration matched:
      - @ConditionalOnClass found required class 'javax.servlet.Servlet' (OnClassCondition)
      - found 'session' scope (OnWebApplicationCondition)

   ServletWebServerFactoryAutoConfiguration matched:
      - @ConditionalOnClass found required class 'javax.servlet.ServletRequest' (OnClassCondition)
      - found 'session' scope (OnWebApplicationCondition)

   ServletWebServerFactoryAutoConfiguration#tomcatServletWebServerFactoryCustomizer matched:
      - @ConditionalOnClass found required class 'org.apache.catalina.startup.Tomcat' (OnClassCondition)

   ServletWebServerFactoryConfiguration.EmbeddedTomcat matched:
      - @ConditionalOnClass found required classes 'javax.servlet.Servlet', 'org.apache.catalina.startup.Tomcat', 'org.apache.coyote.UpgradeProtocol' (OnClassCondition)
      - @ConditionalOnMissingBean (types: org.springframework.boot.web.servlet.server.ServletWebServerFactory; SearchStrategy: current) did not find any beans (OnBeanCondition)

   ShutdownEndpointAutoConfiguration matched:
      - @ConditionalOnAvailableEndpoint found property management.endpoint.shutdown.enabled with value true; @ConditionalOnAvailableEndpoint marked as exposed by a 'management.endpoints.web.exposure' property (OnAvailableEndpointCondition)

   ShutdownEndpointAutoConfiguration#shutdownEndpoint matched:
      - @ConditionalOnMissingBean (types: org.springframework.boot.actuate.context.ShutdownEndpoint; SearchStrategy: all) did not find any beans (OnBeanCondition)

   SimpleCacheConfiguration matched:
      - Cache org.springframework.boot.autoconfigure.cache.SimpleCacheConfiguration automatic cache type (CacheCondition)

   SimpleMetricsExportAutoConfiguration matched:
      - @ConditionalOnEnabledMetricsExport management.metrics.export.defaults.enabled is considered true (OnMetricsExportEnabledCondition)
      - @ConditionalOnBean (types: io.micrometer.core.instrument.Clock; SearchStrategy: all) found bean 'micrometerClock'; @ConditionalOnMissingBean (types: io.micrometer.core.instrument.MeterRegistry; SearchStrategy: all) did not find any beans (OnBeanCondition)

   SimpleMetricsExportAutoConfiguration#simpleConfig matched:
      - @ConditionalOnMissingBean (types: io.micrometer.core.instrument.simple.SimpleConfig; SearchStrategy: all) did not find any beans (OnBeanCondition)

   SpringDataWebAutoConfiguration matched:
      - @ConditionalOnClass found required classes 'org.springframework.data.web.PageableHandlerMethodArgumentResolver', 'org.springframework.web.servlet.config.annotation.WebMvcConfigurer' (OnClassCondition)
      - found 'session' scope (OnWebApplicationCondition)
      - @ConditionalOnMissingBean (types: org.springframework.data.web.PageableHandlerMethodArgumentResolver; SearchStrategy: all) did not find any beans (OnBeanCondition)

   SpringDataWebAutoConfiguration#pageableCustomizer matched:
      - @ConditionalOnMissingBean (types: org.springframework.data.web.config.PageableHandlerMethodArgumentResolverCustomizer; SearchStrategy: all) did not find any beans (OnBeanCondition)

   SpringDataWebAutoConfiguration#sortCustomizer matched:
      - @ConditionalOnMissingBean (types: org.springframework.data.web.config.SortHandlerMethodArgumentResolverCustomizer; SearchStrategy: all) did not find any beans (OnBeanCondition)

   SqlInitializationAutoConfiguration matched:
      - @ConditionalOnProperty (spring.sql.init.enabled) matched (OnPropertyCondition)
      - NoneNestedConditions 0 matched 1 did not; NestedCondition on SqlInitializationAutoConfiguration.SqlInitializationModeCondition.ModeIsNever @ConditionalOnProperty (spring.sql.init.mode=never) did not find property 'mode' (SqlInitializationAutoConfiguration.SqlInitializationModeCondition)
      - @ConditionalOnMissingBean (types: org.springframework.boot.sql.init.AbstractScriptDatabaseInitializer; SearchStrategy: all) did not find any beans (OnBeanCondition)

   SystemMetricsAutoConfiguration matched:
      - @ConditionalOnClass found required class 'io.micrometer.core.instrument.MeterRegistry' (OnClassCondition)
      - @ConditionalOnBean (types: io.micrometer.core.instrument.MeterRegistry; SearchStrategy: all) found bean 'simpleMeterRegistry' (OnBeanCondition)

   SystemMetricsAutoConfiguration#fileDescriptorMetrics matched:
      - @ConditionalOnMissingBean (types: io.micrometer.core.instrument.binder.system.FileDescriptorMetrics; SearchStrategy: all) did not find any beans (OnBeanCondition)

   SystemMetricsAutoConfiguration#processorMetrics matched:
      - @ConditionalOnMissingBean (types: io.micrometer.core.instrument.binder.system.ProcessorMetrics; SearchStrategy: all) did not find any beans (OnBeanCondition)

   SystemMetricsAutoConfiguration#uptimeMetrics matched:
      - @ConditionalOnMissingBean (types: io.micrometer.core.instrument.binder.system.UptimeMetrics; SearchStrategy: all) did not find any beans (OnBeanCondition)

   TaskExecutionAutoConfiguration matched:
      - @ConditionalOnClass found required class 'org.springframework.scheduling.concurrent.ThreadPoolTaskExecutor' (OnClassCondition)

   TaskExecutionAutoConfiguration#applicationTaskExecutor matched:
      - @ConditionalOnMissingBean (types: java.util.concurrent.Executor; SearchStrategy: all) did not find any beans (OnBeanCondition)

   TaskExecutionAutoConfiguration#taskExecutorBuilder matched:
      - @ConditionalOnMissingBean (types: org.springframework.boot.task.TaskExecutorBuilder; SearchStrategy: all) did not find any beans (OnBeanCondition)

   TaskSchedulingAutoConfiguration matched:
      - @ConditionalOnClass found required class 'org.springframework.scheduling.concurrent.ThreadPoolTaskScheduler' (OnClassCondition)

   TaskSchedulingAutoConfiguration#taskSchedulerBuilder matched:
      - @ConditionalOnMissingBean (types: org.springframework.boot.task.TaskSchedulerBuilder; SearchStrategy: all) did not find any beans (OnBeanCondition)

   ThreadDumpEndpointAutoConfiguration matched:
      - @ConditionalOnAvailableEndpoint no property management.endpoint.threaddump.enabled found so using endpoint default; @ConditionalOnAvailableEndpoint marked as exposed by a 'management.endpoints.web.exposure' property (OnAvailableEndpointCondition)

   ThreadDumpEndpointAutoConfiguration#dumpEndpoint matched:
      - @ConditionalOnMissingBean (types: org.springframework.boot.actuate.management.ThreadDumpEndpoint; SearchStrategy: all) did not find any beans (OnBeanCondition)

   TomcatMetricsAutoConfiguration matched:
      - @ConditionalOnClass found required classes 'io.micrometer.core.instrument.binder.tomcat.TomcatMetrics', 'org.apache.catalina.Manager' (OnClassCondition)
      - @ConditionalOnWebApplication (required) found 'session' scope (OnWebApplicationCondition)

   TomcatMetricsAutoConfiguration#tomcatMetricsBinder matched:
      - @ConditionalOnBean (types: io.micrometer.core.instrument.MeterRegistry; SearchStrategy: all) found bean 'simpleMeterRegistry'; @ConditionalOnMissingBean (types: io.micrometer.core.instrument.binder.tomcat.TomcatMetrics,org.springframework.boot.actuate.metrics.web.tomcat.TomcatMetricsBinder; SearchStrategy: all) did not find any beans (OnBeanCondition)

   TransactionAutoConfiguration matched:
      - @ConditionalOnClass found required class 'org.springframework.transaction.PlatformTransactionManager' (OnClassCondition)

   TransactionAutoConfiguration#platformTransactionManagerCustomizers matched:
      - @ConditionalOnMissingBean (types: org.springframework.boot.autoconfigure.transaction.TransactionManagerCustomizers; SearchStrategy: all) did not find any beans (OnBeanCondition)

   TransactionAutoConfiguration.EnableTransactionManagementConfiguration matched:
      - @ConditionalOnBean (types: org.springframework.transaction.TransactionManager; SearchStrategy: all) found bean 'transactionManager'; @ConditionalOnMissingBean (types: org.springframework.transaction.annotation.AbstractTransactionManagementConfiguration; SearchStrategy: all) did not find any beans (OnBeanCondition)

   TransactionAutoConfiguration.EnableTransactionManagementConfiguration.CglibAutoProxyConfiguration matched:
      - @ConditionalOnProperty (spring.aop.proxy-target-class=true) matched (OnPropertyCondition)

   TransactionAutoConfiguration.TransactionTemplateConfiguration matched:
      - @ConditionalOnSingleCandidate (types: org.springframework.transaction.PlatformTransactionManager; SearchStrategy: all) found a primary bean from beans 'transactionManager' (OnBeanCondition)

   TransactionAutoConfiguration.TransactionTemplateConfiguration#transactionTemplate matched:
      - @ConditionalOnMissingBean (types: org.springframework.transaction.support.TransactionOperations; SearchStrategy: all) did not find any beans (OnBeanCondition)

   ValidationAutoConfiguration matched:
      - @ConditionalOnClass found required class 'javax.validation.executable.ExecutableValidator' (OnClassCondition)
      - @ConditionalOnResource found location classpath:META-INF/services/javax.validation.spi.ValidationProvider (OnResourceCondition)

   ValidationAutoConfiguration#defaultValidator matched:
      - @ConditionalOnMissingBean (types: javax.validation.Validator; SearchStrategy: all) did not find any beans (OnBeanCondition)

   ValidationAutoConfiguration#methodValidationPostProcessor matched:
      - @ConditionalOnMissingBean (types: org.springframework.validation.beanvalidation.MethodValidationPostProcessor; SearchStrategy: all) did not find any beans (OnBeanCondition)

   WebEndpointAutoConfiguration matched:
      - @ConditionalOnWebApplication (required) found 'session' scope (OnWebApplicationCondition)

   WebEndpointAutoConfiguration#controllerEndpointDiscoverer matched:
      - @ConditionalOnMissingBean (types: org.springframework.boot.actuate.endpoint.web.annotation.ControllerEndpointsSupplier; SearchStrategy: all) did not find any beans (OnBeanCondition)

   WebEndpointAutoConfiguration#endpointMediaTypes matched:
      - @ConditionalOnMissingBean (types: org.springframework.boot.actuate.endpoint.web.EndpointMediaTypes; SearchStrategy: all) did not find any beans (OnBeanCondition)

   WebEndpointAutoConfiguration#pathMappedEndpoints matched:
      - @ConditionalOnMissingBean (types: org.springframework.boot.actuate.endpoint.web.PathMappedEndpoints; SearchStrategy: all) did not find any beans (OnBeanCondition)

   WebEndpointAutoConfiguration#webEndpointDiscoverer matched:
      - @ConditionalOnMissingBean (types: org.springframework.boot.actuate.endpoint.web.WebEndpointsSupplier; SearchStrategy: all) did not find any beans (OnBeanCondition)

   WebEndpointAutoConfiguration.WebEndpointServletConfiguration matched:
      - found 'session' scope (OnWebApplicationCondition)

   WebEndpointAutoConfiguration.WebEndpointServletConfiguration#servletEndpointDiscoverer matched:
      - @ConditionalOnMissingBean (types: org.springframework.boot.actuate.endpoint.web.annotation.ServletEndpointsSupplier; SearchStrategy: all) did not find any beans (OnBeanCondition)

   WebMvcAutoConfiguration matched:
      - @ConditionalOnClass found required classes 'javax.servlet.Servlet', 'org.springframework.web.servlet.DispatcherServlet', 'org.springframework.web.servlet.config.annotation.WebMvcConfigurer' (OnClassCondition)
      - found 'session' scope (OnWebApplicationCondition)
      - @ConditionalOnMissingBean (types: org.springframework.web.servlet.config.annotation.WebMvcConfigurationSupport; SearchStrategy: all) did not find any beans (OnBeanCondition)

   WebMvcAutoConfiguration#formContentFilter matched:
      - @ConditionalOnProperty (spring.mvc.formcontent.filter.enabled) matched (OnPropertyCondition)
      - @ConditionalOnMissingBean (types: org.springframework.web.filter.FormContentFilter; SearchStrategy: all) did not find any beans (OnBeanCondition)

   WebMvcAutoConfiguration.EnableWebMvcConfiguration#flashMapManager matched:
      - @ConditionalOnMissingBean (names: flashMapManager; SearchStrategy: all) did not find any beans (OnBeanCondition)

   WebMvcAutoConfiguration.EnableWebMvcConfiguration#localeResolver matched:
      - @ConditionalOnMissingBean (names: localeResolver; SearchStrategy: all) did not find any beans (OnBeanCondition)

   WebMvcAutoConfiguration.EnableWebMvcConfiguration#themeResolver matched:
      - @ConditionalOnMissingBean (names: themeResolver; SearchStrategy: all) did not find any beans (OnBeanCondition)

   WebMvcAutoConfiguration.WebMvcAutoConfigurationAdapter#defaultViewResolver matched:
      - @ConditionalOnMissingBean (types: org.springframework.web.servlet.view.InternalResourceViewResolver; SearchStrategy: all) did not find any beans (OnBeanCondition)

   WebMvcAutoConfiguration.WebMvcAutoConfigurationAdapter#requestContextFilter matched:
      - @ConditionalOnMissingBean (types: org.springframework.web.context.request.RequestContextListener,org.springframework.web.filter.RequestContextFilter; SearchStrategy: all) did not find any beans (OnBeanCondition)

   WebMvcAutoConfiguration.WebMvcAutoConfigurationAdapter#viewResolver matched:
      - @ConditionalOnBean (types: org.springframework.web.servlet.ViewResolver; SearchStrategy: all) found beans 'defaultViewResolver', 'beanNameViewResolver', 'mvcViewResolver'; @ConditionalOnMissingBean (names: viewResolver types: org.springframework.web.servlet.view.ContentNegotiatingViewResolver; SearchStrategy: all) did not find any beans (OnBeanCondition)

   WebMvcEndpointManagementContextConfiguration matched:
      - @ConditionalOnClass found required class 'org.springframework.web.servlet.DispatcherServlet' (OnClassCondition)
      - found 'session' scope (OnWebApplicationCondition)
      - @ConditionalOnBean (types: org.springframework.web.servlet.DispatcherServlet,org.springframework.boot.actuate.endpoint.web.WebEndpointsSupplier; SearchStrategy: all) found beans 'webEndpointDiscoverer', 'dispatcherServlet' (OnBeanCondition)

   WebMvcEndpointManagementContextConfiguration#controllerEndpointHandlerMapping matched:
      - @ConditionalOnMissingBean (types: org.springframework.boot.actuate.endpoint.web.servlet.ControllerEndpointHandlerMapping; SearchStrategy: all) did not find any beans (OnBeanCondition)

   WebMvcEndpointManagementContextConfiguration#webEndpointServletHandlerMapping matched:
      - @ConditionalOnMissingBean (types: org.springframework.boot.actuate.endpoint.web.servlet.WebMvcEndpointHandlerMapping; SearchStrategy: all) did not find any beans (OnBeanCondition)

   WebMvcMetricsAutoConfiguration matched:
      - @ConditionalOnClass found required class 'org.springframework.web.servlet.DispatcherServlet' (OnClassCondition)
      - found 'session' scope (OnWebApplicationCondition)
      - @ConditionalOnBean (types: io.micrometer.core.instrument.MeterRegistry; SearchStrategy: all) found bean 'simpleMeterRegistry' (OnBeanCondition)

   WebMvcMetricsAutoConfiguration#webMvcTagsProvider matched:
      - @ConditionalOnMissingBean (types: org.springframework.boot.actuate.metrics.web.servlet.WebMvcTagsProvider; SearchStrategy: all) did not find any beans (OnBeanCondition)

   WebSocketServletAutoConfiguration matched:
      - @ConditionalOnClass found required classes 'javax.servlet.Servlet', 'javax.websocket.server.ServerContainer' (OnClassCondition)
      - found 'session' scope (OnWebApplicationCondition)

   WebSocketServletAutoConfiguration.TomcatWebSocketConfiguration matched:
      - @ConditionalOnClass found required classes 'org.apache.catalina.startup.Tomcat', 'org.apache.tomcat.websocket.server.WsSci' (OnClassCondition)

   WebSocketServletAutoConfiguration.TomcatWebSocketConfiguration#websocketServletWebServerCustomizer matched:
      - @ConditionalOnMissingBean (names: websocketServletWebServerCustomizer; SearchStrategy: all) did not find any beans (OnBeanCondition)


Negative matches:
-----------------

   ActiveMQAutoConfiguration:
      Did not match:
         - @ConditionalOnClass did not find required class 'javax.jms.ConnectionFactory' (OnClassCondition)

   AopAutoConfiguration.AspectJAutoProxyingConfiguration.JdkDynamicAutoProxyConfiguration:
      Did not match:
         - @ConditionalOnProperty (spring.aop.proxy-target-class=false) did not find property 'proxy-target-class' (OnPropertyCondition)

   AopAutoConfiguration.ClassProxyingConfiguration:
      Did not match:
         - @ConditionalOnMissingClass found unwanted class 'org.aspectj.weaver.Advice' (OnClassCondition)

   AppOpticsMetricsExportAutoConfiguration:
      Did not match:
         - @ConditionalOnClass did not find required class 'io.micrometer.appoptics.AppOpticsMeterRegistry' (OnClassCondition)

   ArtemisAutoConfiguration:
      Did not match:
         - @ConditionalOnClass did not find required class 'javax.jms.ConnectionFactory' (OnClassCondition)

   AtlasMetricsExportAutoConfiguration:
      Did not match:
         - @ConditionalOnClass did not find required class 'io.micrometer.atlas.AtlasMeterRegistry' (OnClassCondition)

   AtomikosJtaConfiguration:
      Did not match:
         - @ConditionalOnClass did not find required class 'com.atomikos.icatch.jta.UserTransactionManager' (OnClassCondition)

   AuditAutoConfiguration:
      Did not match:
         - @ConditionalOnBean (types: org.springframework.boot.actuate.audit.AuditEventRepository; SearchStrategy: all) did not find any beans of type org.springframework.boot.actuate.audit.AuditEventRepository (OnBeanCondition)
      Matched:
         - @ConditionalOnProperty (management.auditevents.enabled) matched (OnPropertyCondition)

   AuditEventsEndpointAutoConfiguration#auditEventsEndpoint:
      Did not match:
         - @ConditionalOnBean (types: org.springframework.boot.actuate.audit.AuditEventRepository; SearchStrategy: all) did not find any beans of type org.springframework.boot.actuate.audit.AuditEventRepository (OnBeanCondition)

   AvailabilityHealthContributorAutoConfiguration#livenessStateHealthIndicator:
      Did not match:
         - @ConditionalOnProperty (management.health.livenessstate.enabled=true) did not find property 'enabled' (OnPropertyCondition)

   AvailabilityHealthContributorAutoConfiguration#readinessStateHealthIndicator:
      Did not match:
         - @ConditionalOnProperty (management.health.readinessstate.enabled=true) did not find property 'enabled' (OnPropertyCondition)

   AvailabilityProbesAutoConfiguration:
      Did not match:
         - Probes availability not running on a supported cloud platform (AvailabilityProbesAutoConfiguration.ProbesCondition)

   BatchAutoConfiguration:
      Did not match:
         - @ConditionalOnClass did not find required class 'org.springframework.batch.core.launch.JobLauncher' (OnClassCondition)

   CacheAutoConfiguration:
      Did not match:
         - @ConditionalOnBean (types: org.springframework.cache.interceptor.CacheAspectSupport; SearchStrategy: all) did not find any beans of type org.springframework.cache.interceptor.CacheAspectSupport (OnBeanCondition)
      Matched:
         - @ConditionalOnClass found required class 'org.springframework.cache.CacheManager' (OnClassCondition)

   CacheAutoConfiguration.CacheManagerEntityManagerFactoryDependsOnPostProcessor:
      Did not match:
         - Ancestor org.springframework.boot.autoconfigure.cache.CacheAutoConfiguration did not match (ConditionEvaluationReport.AncestorsMatchedCondition)
      Matched:
         - @ConditionalOnClass found required class 'org.springframework.orm.jpa.LocalContainerEntityManagerFactoryBean' (OnClassCondition)

   CacheMeterBinderProvidersConfiguration.CaffeineCacheMeterBinderProviderConfiguration:
      Did not match:
         - @ConditionalOnClass did not find required classes 'org.springframework.cache.caffeine.CaffeineCache', 'com.github.benmanes.caffeine.cache.Cache' (OnClassCondition)

   CacheMeterBinderProvidersConfiguration.EhCache2CacheMeterBinderProviderConfiguration:
      Did not match:
         - @ConditionalOnClass did not find required classes 'org.springframework.cache.ehcache.EhCacheCache', 'net.sf.ehcache.Ehcache' (OnClassCondition)

   CacheMeterBinderProvidersConfiguration.HazelcastCacheMeterBinderProviderConfiguration:
      Did not match:
         - @ConditionalOnClass did not find required classes 'com.hazelcast.spring.cache.HazelcastCache', 'com.hazelcast.core.Hazelcast' (OnClassCondition)

   CacheMeterBinderProvidersConfiguration.JCacheCacheMeterBinderProviderConfiguration:
      Did not match:
         - @ConditionalOnClass did not find required classes 'org.springframework.cache.jcache.JCacheCache', 'javax.cache.CacheManager' (OnClassCondition)

   CacheMeterBinderProvidersConfiguration.RedisCacheMeterBinderProviderConfiguration:
      Did not match:
         - @ConditionalOnClass did not find required class 'org.springframework.data.redis.cache.RedisCache' (OnClassCondition)

   CacheMetricsAutoConfiguration:
      Did not match:
         - @ConditionalOnBean (types: org.springframework.cache.CacheManager; SearchStrategy: all) did not find any beans of type org.springframework.cache.CacheManager (OnBeanCondition)

   CaffeineCacheConfiguration:
      Did not match:
         - @ConditionalOnClass did not find required class 'com.github.benmanes.caffeine.cache.Caffeine' (OnClassCondition)

   CassandraAutoConfiguration:
      Did not match:
         - @ConditionalOnClass did not find required class 'com.datastax.oss.driver.api.core.CqlSession' (OnClassCondition)

   CassandraDataAutoConfiguration:
      Did not match:
         - @ConditionalOnClass did not find required class 'com.datastax.oss.driver.api.core.CqlSession' (OnClassCondition)

   CassandraHealthContributorAutoConfiguration:
      Did not match:
         - @ConditionalOnClass did not find required class 'com.datastax.oss.driver.api.core.CqlSession' (OnClassCondition)

   CassandraReactiveDataAutoConfiguration:
      Did not match:
         - @ConditionalOnClass did not find required class 'com.datastax.oss.driver.api.core.CqlSession' (OnClassCondition)

   CassandraReactiveHealthContributorAutoConfiguration:
      Did not match:
         - @ConditionalOnClass did not find required class 'com.datastax.oss.driver.api.core.CqlSession' (OnClassCondition)

   CassandraReactiveRepositoriesAutoConfiguration:
      Did not match:
         - @ConditionalOnClass did not find required class 'org.springframework.data.cassandra.ReactiveSession' (OnClassCondition)

   CassandraRepositoriesAutoConfiguration:
      Did not match:
         - @ConditionalOnClass did not find required class 'com.datastax.oss.driver.api.core.CqlSession' (OnClassCondition)

   ClientHttpConnectorAutoConfiguration:
      Did not match:
         - @ConditionalOnClass did not find required class 'org.springframework.web.reactive.function.client.WebClient' (OnClassCondition)

   CloudFoundryActuatorAutoConfiguration:
      Did not match:
         - @ConditionalOnCloudPlatform did not find CLOUD_FOUNDRY (OnCloudPlatformCondition)
      Matched:
         - @ConditionalOnClass found required class 'org.springframework.web.servlet.DispatcherServlet' (OnClassCondition)
         - found 'session' scope (OnWebApplicationCondition)
         - @ConditionalOnProperty (management.cloudfoundry.enabled) matched (OnPropertyCondition)

   CodecsAutoConfiguration:
      Did not match:
         - @ConditionalOnClass did not find required class 'org.springframework.web.reactive.function.client.WebClient' (OnClassCondition)

   CompositeMeterRegistryConfiguration:
      Did not match:
         - NoneNestedConditions 1 matched 1 did not; NestedCondition on CompositeMeterRegistryConfiguration.MultipleNonPrimaryMeterRegistriesCondition.SingleInjectableMeterRegistry @ConditionalOnSingleCandidate (types: io.micrometer.core.instrument.MeterRegistry; SearchStrategy: all) found a primary bean from beans 'simpleMeterRegistry'; NestedCondition on CompositeMeterRegistryConfiguration.MultipleNonPrimaryMeterRegistriesCondition.NoMeterRegistryCondition @ConditionalOnMissingBean (types: io.micrometer.core.instrument.MeterRegistry; SearchStrategy: all) found beans of type 'io.micrometer.core.instrument.MeterRegistry' simpleMeterRegistry (CompositeMeterRegistryConfiguration.MultipleNonPrimaryMeterRegistriesCondition)

   ConnectionFactoryHealthContributorAutoConfiguration:
      Did not match:
         - @ConditionalOnClass did not find required class 'io.r2dbc.spi.ConnectionFactory' (OnClassCondition)

   ConnectionPoolMetricsAutoConfiguration:
      Did not match:
         - @ConditionalOnClass did not find required class 'io.r2dbc.pool.ConnectionPool' (OnClassCondition)

   CouchbaseAutoConfiguration:
      Did not match:
         - @ConditionalOnClass did not find required class 'com.couchbase.client.java.Cluster' (OnClassCondition)

   CouchbaseCacheConfiguration:
      Did not match:
         - @ConditionalOnClass did not find required class 'com.couchbase.client.java.Cluster' (OnClassCondition)

   CouchbaseDataAutoConfiguration:
      Did not match:
         - @ConditionalOnClass did not find required class 'com.couchbase.client.java.Bucket' (OnClassCondition)

   CouchbaseHealthContributorAutoConfiguration:
      Did not match:
         - @ConditionalOnClass did not find required class 'com.couchbase.client.java.Cluster' (OnClassCondition)

   CouchbaseReactiveDataAutoConfiguration:
      Did not match:
         - @ConditionalOnClass did not find required class 'com.couchbase.client.java.Cluster' (OnClassCondition)

   CouchbaseReactiveHealthContributorAutoConfiguration:
      Did not match:
         - @ConditionalOnClass did not find required class 'com.couchbase.client.java.Cluster' (OnClassCondition)

   CouchbaseReactiveRepositoriesAutoConfiguration:
      Did not match:
         - @ConditionalOnClass did not find required class 'com.couchbase.client.java.Cluster' (OnClassCondition)

   CouchbaseRepositoriesAutoConfiguration:
      Did not match:
         - @ConditionalOnClass did not find required class 'com.couchbase.client.java.Bucket' (OnClassCondition)

   DataSourceAutoConfiguration.EmbeddedDatabaseConfiguration:
      Did not match:
         - EmbeddedDataSource spring.datasource.url is set (DataSourceAutoConfiguration.EmbeddedDatabaseCondition)

   DataSourceConfiguration.Dbcp2:
      Did not match:
         - @ConditionalOnClass did not find required class 'org.apache.commons.dbcp2.BasicDataSource' (OnClassCondition)

   DataSourceConfiguration.Generic:
      Did not match:
         - @ConditionalOnProperty (spring.datasource.type) did not find property 'spring.datasource.type' (OnPropertyCondition)

   DataSourceConfiguration.OracleUcp:
      Did not match:
         - @ConditionalOnClass did not find required classes 'oracle.ucp.jdbc.PoolDataSourceImpl', 'oracle.jdbc.OracleConnection' (OnClassCondition)

   DataSourceConfiguration.Tomcat:
      Did not match:
         - @ConditionalOnClass did not find required class 'org.apache.tomcat.jdbc.pool.DataSource' (OnClassCondition)

   DataSourceInitializationConfiguration.InitializationSpecificCredentialsDataSourceInitializationConfiguration:
      Did not match:
         - AnyNestedCondition 0 matched 2 did not; NestedCondition on DataSourceInitializationConfiguration.InitializationSpecificCredentialsDataSourceInitializationConfiguration.DifferentCredentialsCondition.DataCredentials @ConditionalOnProperty (spring.datasource.data-username) did not find property 'data-username'; NestedCondition on DataSourceInitializationConfiguration.InitializationSpecificCredentialsDataSourceInitializationConfiguration.DifferentCredentialsCondition.SchemaCredentials @ConditionalOnProperty (spring.datasource.schema-username) did not find property 'schema-username' (DataSourceInitializationConfiguration.InitializationSpecificCredentialsDataSourceInitializationConfiguration.DifferentCredentialsCondition)

   DataSourceInitializationConfiguration.SharedCredentialsDataSourceInitializationConfiguration:
      Did not match:
         - DataSource Initialization did not find configured properties spring.datasource.data-username, spring.datasource.schema-password, spring.datasource.schema[0], spring.datasource.data[0], spring.datasource.data, spring.datasource.schema-username, spring.datasource.data-password, spring.datasource.initialization-mode, spring.datasource.schema, spring.datasource.sql-script-encoding, spring.datasource.separator, spring.datasource.platform, spring.datasource.continue-on-error (DataSourceInitializationConfiguration.SharedCredentialsDataSourceInitializationConfiguration.DataSourceInitializationCondition)

   DataSourceJmxConfiguration.TomcatDataSourceJmxConfiguration:
      Did not match:
         - @ConditionalOnClass did not find required class 'org.apache.tomcat.jdbc.pool.DataSourceProxy' (OnClassCondition)

   DataSourcePoolMetadataProvidersConfiguration.CommonsDbcp2PoolDataSourceMetadataProviderConfiguration:
      Did not match:
         - @ConditionalOnClass did not find required class 'org.apache.commons.dbcp2.BasicDataSource' (OnClassCondition)

   DataSourcePoolMetadataProvidersConfiguration.OracleUcpPoolDataSourceMetadataProviderConfiguration:
      Did not match:
         - @ConditionalOnClass did not find required classes 'oracle.ucp.jdbc.PoolDataSource', 'oracle.jdbc.OracleConnection' (OnClassCondition)

   DataSourcePoolMetadataProvidersConfiguration.TomcatDataSourcePoolMetadataProviderConfiguration:
      Did not match:
         - @ConditionalOnClass did not find required class 'org.apache.tomcat.jdbc.pool.DataSource' (OnClassCondition)

   DataSourceTransactionManagerAutoConfiguration.JdbcTransactionManagerConfiguration#transactionManager:
      Did not match:
         - @ConditionalOnMissingBean (types: org.springframework.transaction.TransactionManager; SearchStrategy: all) found beans of type 'org.springframework.transaction.TransactionManager' transactionManager (OnBeanCondition)

   DatadogMetricsExportAutoConfiguration:
      Did not match:
         - @ConditionalOnClass did not find required class 'io.micrometer.datadog.DatadogMeterRegistry' (OnClassCondition)

   DispatcherServletAutoConfiguration.DispatcherServletConfiguration#multipartResolver:
      Did not match:
         - @ConditionalOnBean (types: org.springframework.web.multipart.MultipartResolver; SearchStrategy: all) did not find any beans of type org.springframework.web.multipart.MultipartResolver (OnBeanCondition)

   DynatraceMetricsExportAutoConfiguration:
      Did not match:
         - @ConditionalOnClass did not find required class 'io.micrometer.dynatrace.DynatraceMeterRegistry' (OnClassCondition)

   EhCacheCacheConfiguration:
      Did not match:
         - @ConditionalOnClass did not find required class 'net.sf.ehcache.Cache' (OnClassCondition)

   ElasticMetricsExportAutoConfiguration:
      Did not match:
         - @ConditionalOnClass did not find required class 'io.micrometer.elastic.ElasticMeterRegistry' (OnClassCondition)

   ElasticSearchReactiveHealthContributorAutoConfiguration:
      Did not match:
         - @ConditionalOnClass did not find required class 'reactor.core.publisher.Flux' (OnClassCondition)

   ElasticSearchRestHealthContributorAutoConfiguration:
      Did not match:
         - @ConditionalOnClass did not find required class 'org.elasticsearch.client.RestHighLevelClient' (OnClassCondition)

   ElasticsearchDataAutoConfiguration:
      Did not match:
         - @ConditionalOnClass did not find required class 'org.springframework.data.elasticsearch.core.ElasticsearchRestTemplate' (OnClassCondition)

   ElasticsearchRepositoriesAutoConfiguration:
      Did not match:
         - @ConditionalOnClass did not find required class 'org.elasticsearch.client.Client' (OnClassCondition)

   ElasticsearchRestClientAutoConfiguration:
      Did not match:
         - @ConditionalOnClass did not find required class 'org.elasticsearch.client.RestHighLevelClient' (OnClassCondition)

   EmbeddedLdapAutoConfiguration:
      Did not match:
         - @ConditionalOnClass did not find required class 'com.unboundid.ldap.listener.InMemoryDirectoryServer' (OnClassCondition)

   EmbeddedMongoAutoConfiguration:
      Did not match:
         - @ConditionalOnClass did not find required class 'com.mongodb.MongoClientSettings' (OnClassCondition)

   EmbeddedWebServerFactoryCustomizerAutoConfiguration.JettyWebServerFactoryCustomizerConfiguration:
      Did not match:
         - @ConditionalOnClass did not find required classes 'org.eclipse.jetty.server.Server', 'org.eclipse.jetty.util.Loader', 'org.eclipse.jetty.webapp.WebAppContext' (OnClassCondition)

   EmbeddedWebServerFactoryCustomizerAutoConfiguration.NettyWebServerFactoryCustomizerConfiguration:
      Did not match:
         - @ConditionalOnClass did not find required class 'reactor.netty.http.server.HttpServer' (OnClassCondition)

   EmbeddedWebServerFactoryCustomizerAutoConfiguration.UndertowWebServerFactoryCustomizerConfiguration:
      Did not match:
         - @ConditionalOnClass did not find required classes 'io.undertow.Undertow', 'org.xnio.SslClientAuthMode' (OnClassCondition)

   ErrorWebFluxAutoConfiguration:
      Did not match:
         - @ConditionalOnClass did not find required class 'org.springframework.web.reactive.config.WebFluxConfigurer' (OnClassCondition)

   FlywayAutoConfiguration:
      Did not match:
         - @ConditionalOnClass did not find required class 'org.flywaydb.core.Flyway' (OnClassCondition)

   FlywayEndpointAutoConfiguration:
      Did not match:
         - @ConditionalOnClass did not find required class 'org.flywaydb.core.Flyway' (OnClassCondition)

   FreeMarkerAutoConfiguration:
      Did not match:
         - @ConditionalOnClass did not find required class 'freemarker.template.Configuration' (OnClassCondition)

   GangliaMetricsExportAutoConfiguration:
      Did not match:
         - @ConditionalOnClass did not find required class 'io.micrometer.ganglia.GangliaMeterRegistry' (OnClassCondition)

   GraphiteMetricsExportAutoConfiguration:
      Did not match:
         - @ConditionalOnClass did not find required class 'io.micrometer.graphite.GraphiteMeterRegistry' (OnClassCondition)

   GroovyTemplateAutoConfiguration:
      Did not match:
         - @ConditionalOnClass did not find required class 'groovy.text.markup.MarkupTemplateEngine' (OnClassCondition)

   GsonHttpMessageConvertersConfiguration.GsonHttpMessageConverterConfiguration:
      Did not match:
         - AnyNestedCondition 0 matched 2 did not; NestedCondition on GsonHttpMessageConvertersConfiguration.PreferGsonOrJacksonAndJsonbUnavailableCondition.JacksonJsonbUnavailable NoneNestedConditions 1 matched 1 did not; NestedCondition on GsonHttpMessageConvertersConfiguration.JacksonAndJsonbUnavailableCondition.JsonbPreferred @ConditionalOnProperty (spring.mvc.converters.preferred-json-mapper=jsonb) did not find property 'spring.mvc.converters.preferred-json-mapper'; NestedCondition on GsonHttpMessageConvertersConfiguration.JacksonAndJsonbUnavailableCondition.JacksonAvailable @ConditionalOnBean (types: org.springframework.http.converter.json.MappingJackson2HttpMessageConverter; SearchStrategy: all) found bean 'mappingJackson2HttpMessageConverter'; NestedCondition on GsonHttpMessageConvertersConfiguration.PreferGsonOrJacksonAndJsonbUnavailableCondition.GsonPreferred @ConditionalOnProperty (spring.mvc.converters.preferred-json-mapper=gson) did not find property 'spring.mvc.converters.preferred-json-mapper' (GsonHttpMessageConvertersConfiguration.PreferGsonOrJacksonAndJsonbUnavailableCondition)

   HazelcastAutoConfiguration:
      Did not match:
         - @ConditionalOnClass did not find required class 'com.hazelcast.core.HazelcastInstance' (OnClassCondition)

   HazelcastCacheConfiguration:
      Did not match:
         - @ConditionalOnClass did not find required class 'com.hazelcast.core.HazelcastInstance' (OnClassCondition)

   HazelcastHealthContributorAutoConfiguration:
      Did not match:
         - @ConditionalOnClass did not find required class 'com.hazelcast.core.HazelcastInstance' (OnClassCondition)

   HazelcastJpaDependencyAutoConfiguration:
      Did not match:
         - @ConditionalOnClass did not find required class 'com.hazelcast.core.HazelcastInstance' (OnClassCondition)

   HealthEndpointReactiveWebExtensionConfiguration:
      Did not match:
         - did not find reactive web application classes (OnWebApplicationCondition)

   HibernateMetricsAutoConfiguration:
      Did not match:
         - @ConditionalOnClass did not find required class 'org.hibernate.stat.HibernateMetrics' (OnClassCondition)

   HttpHandlerAutoConfiguration:
      Did not match:
         - @ConditionalOnClass did not find required class 'org.springframework.web.reactive.DispatcherHandler' (OnClassCondition)

   HttpTraceAutoConfiguration:
      Did not match:
         - @ConditionalOnBean (types: org.springframework.boot.actuate.trace.http.HttpTraceRepository; SearchStrategy: all) did not find any beans of type org.springframework.boot.actuate.trace.http.HttpTraceRepository (OnBeanCondition)
      Matched:
         - @ConditionalOnWebApplication (required) found 'session' scope (OnWebApplicationCondition)
         - @ConditionalOnProperty (management.trace.http.enabled) matched (OnPropertyCondition)

   HttpTraceAutoConfiguration.ReactiveTraceFilterConfiguration:
      Did not match:
         - did not find reactive web application classes (OnWebApplicationCondition)
         - Ancestor org.springframework.boot.actuate.autoconfigure.trace.http.HttpTraceAutoConfiguration did not match (ConditionEvaluationReport.AncestorsMatchedCondition)

   HttpTraceAutoConfiguration.ServletTraceFilterConfiguration:
      Did not match:
         - Ancestor org.springframework.boot.actuate.autoconfigure.trace.http.HttpTraceAutoConfiguration did not match (ConditionEvaluationReport.AncestorsMatchedCondition)
      Matched:
         - found 'session' scope (OnWebApplicationCondition)

   HttpTraceEndpointAutoConfiguration#httpTraceEndpoint:
      Did not match:
         - @ConditionalOnBean (types: org.springframework.boot.actuate.trace.http.HttpTraceRepository; SearchStrategy: all) did not find any beans of type org.springframework.boot.actuate.trace.http.HttpTraceRepository (OnBeanCondition)

   HumioMetricsExportAutoConfiguration:
      Did not match:
         - @ConditionalOnClass did not find required class 'io.micrometer.humio.HumioMeterRegistry' (OnClassCondition)

   HypermediaAutoConfiguration:
      Did not match:
         - @ConditionalOnClass did not find required class 'org.springframework.hateoas.EntityModel' (OnClassCondition)

   InfinispanCacheConfiguration:
      Did not match:
         - @ConditionalOnClass did not find required class 'org.infinispan.spring.embedded.provider.SpringEmbeddedCacheManager' (OnClassCondition)

   InfluxDbAutoConfiguration:
      Did not match:
         - @ConditionalOnClass did not find required class 'org.influxdb.InfluxDB' (OnClassCondition)

   InfluxDbHealthContributorAutoConfiguration:
      Did not match:
         - @ConditionalOnClass did not find required class 'org.influxdb.InfluxDB' (OnClassCondition)

   InfluxMetricsExportAutoConfiguration:
      Did not match:
         - @ConditionalOnClass did not find required class 'io.micrometer.influx.InfluxMeterRegistry' (OnClassCondition)

   InfoContributorAutoConfiguration#buildInfoContributor:
      Did not match:
         - @ConditionalOnSingleCandidate (types: org.springframework.boot.info.BuildProperties; SearchStrategy: all) did not find any beans (OnBeanCondition)
      Matched:
         - @ConditionalOnEnabledInfoContributor management.info.defaults.enabled is considered true (OnEnabledInfoContributorCondition)

   InfoContributorAutoConfiguration#gitInfoContributor:
      Did not match:
         - @ConditionalOnSingleCandidate (types: org.springframework.boot.info.GitProperties; SearchStrategy: all) did not find any beans (OnBeanCondition)
      Matched:
         - @ConditionalOnEnabledInfoContributor management.info.defaults.enabled is considered true (OnEnabledInfoContributorCondition)

   IntegrationAutoConfiguration:
      Did not match:
         - @ConditionalOnClass did not find required class 'org.springframework.integration.config.EnableIntegration' (OnClassCondition)

   IntegrationGraphEndpointAutoConfiguration:
      Did not match:
         - @ConditionalOnClass did not find required class 'org.springframework.integration.graph.IntegrationGraphServer' (OnClassCondition)

   JCacheCacheConfiguration:
      Did not match:
         - @ConditionalOnClass did not find required class 'javax.cache.Caching' (OnClassCondition)

   JacksonHttpMessageConvertersConfiguration.MappingJackson2XmlHttpMessageConverterConfiguration:
      Did not match:
         - @ConditionalOnClass did not find required class 'com.fasterxml.jackson.dataformat.xml.XmlMapper' (OnClassCondition)

   JdbcRepositoriesAutoConfiguration:
      Did not match:
         - @ConditionalOnClass did not find required class 'org.springframework.data.jdbc.repository.config.AbstractJdbcConfiguration' (OnClassCondition)

   JerseyAutoConfiguration:
      Did not match:
         - @ConditionalOnClass did not find required class 'org.glassfish.jersey.server.spring.SpringComponentProvider' (OnClassCondition)

   JerseySameManagementContextConfiguration:
      Did not match:
         - @ConditionalOnClass did not find required class 'org.glassfish.jersey.server.ResourceConfig' (OnClassCondition)

   JerseyServerMetricsAutoConfiguration:
      Did not match:
         - @ConditionalOnClass did not find required class 'io.micrometer.jersey2.server.MetricsApplicationEventListener' (OnClassCondition)

   JerseyWebEndpointManagementContextConfiguration:
      Did not match:
         - @ConditionalOnClass did not find required class 'org.glassfish.jersey.server.ResourceConfig' (OnClassCondition)

   JettyMetricsAutoConfiguration:
      Did not match:
         - @ConditionalOnClass did not find required class 'org.eclipse.jetty.server.Server' (OnClassCondition)

   JmsAutoConfiguration:
      Did not match:
         - @ConditionalOnClass did not find required class 'javax.jms.Message' (OnClassCondition)

   JmsHealthContributorAutoConfiguration:
      Did not match:
         - @ConditionalOnClass did not find required class 'javax.jms.ConnectionFactory' (OnClassCondition)

   JmxAutoConfiguration:
      Did not match:
         - @ConditionalOnProperty (spring.jmx.enabled=true) did not find property 'enabled' (OnPropertyCondition)
      Matched:
         - @ConditionalOnClass found required class 'org.springframework.jmx.export.MBeanExporter' (OnClassCondition)

   JmxEndpointAutoConfiguration:
      Did not match:
         - @ConditionalOnProperty (spring.jmx.enabled=true) did not find property 'enabled' (OnPropertyCondition)

   JmxMetricsExportAutoConfiguration:
      Did not match:
         - @ConditionalOnClass did not find required class 'io.micrometer.jmx.JmxMeterRegistry' (OnClassCondition)

   JndiConnectionFactoryAutoConfiguration:
      Did not match:
         - @ConditionalOnClass did not find required class 'org.springframework.jms.core.JmsTemplate' (OnClassCondition)

   JndiDataSourceAutoConfiguration:
      Did not match:
         - @ConditionalOnProperty (spring.datasource.jndi-name) did not find property 'jndi-name' (OnPropertyCondition)
      Matched:
         - @ConditionalOnClass found required classes 'javax.sql.DataSource', 'org.springframework.jdbc.datasource.embedded.EmbeddedDatabaseType' (OnClassCondition)

   JndiJtaConfiguration:
      Did not match:
         - @ConditionalOnJndi JNDI environment is not available (OnJndiCondition)
      Matched:
         - @ConditionalOnClass found required class 'org.springframework.transaction.jta.JtaTransactionManager' (OnClassCondition)

   JolokiaEndpointAutoConfiguration:
      Did not match:
         - @ConditionalOnClass did not find required class 'org.jolokia.http.AgentServlet' (OnClassCondition)

   JooqAutoConfiguration:
      Did not match:
         - @ConditionalOnClass did not find required class 'org.jooq.DSLContext' (OnClassCondition)

   JpaRepositoriesAutoConfiguration#entityManagerFactoryBootstrapExecutorCustomizer:
      Did not match:
         - AnyNestedCondition 0 matched 2 did not; NestedCondition on JpaRepositoriesAutoConfiguration.BootstrapExecutorCondition.LazyBootstrapMode @ConditionalOnProperty (spring.data.jpa.repositories.bootstrap-mode=lazy) did not find property 'bootstrap-mode'; NestedCondition on JpaRepositoriesAutoConfiguration.BootstrapExecutorCondition.DeferredBootstrapMode @ConditionalOnProperty (spring.data.jpa.repositories.bootstrap-mode=deferred) did not find property 'bootstrap-mode' (JpaRepositoriesAutoConfiguration.BootstrapExecutorCondition)

   JsonbAutoConfiguration:
      Did not match:
         - @ConditionalOnClass did not find required class 'javax.json.bind.Jsonb' (OnClassCondition)

   JsonbHttpMessageConvertersConfiguration:
      Did not match:
         - @ConditionalOnClass did not find required class 'javax.json.bind.Jsonb' (OnClassCondition)

   KafkaAutoConfiguration:
      Did not match:
         - @ConditionalOnClass did not find required class 'org.springframework.kafka.core.KafkaTemplate' (OnClassCondition)

   KafkaMetricsAutoConfiguration:
      Did not match:
         - @ConditionalOnClass did not find required class 'org.springframework.kafka.core.ProducerFactory' (OnClassCondition)

   KairosMetricsExportAutoConfiguration:
      Did not match:
         - @ConditionalOnClass did not find required class 'io.micrometer.kairos.KairosMeterRegistry' (OnClassCondition)

   LdapAutoConfiguration:
      Did not match:
         - @ConditionalOnClass did not find required class 'org.springframework.ldap.core.ContextSource' (OnClassCondition)

   LdapHealthContributorAutoConfiguration:
      Did not match:
         - @ConditionalOnClass did not find required class 'org.springframework.ldap.core.LdapOperations' (OnClassCondition)

   LdapRepositoriesAutoConfiguration:
      Did not match:
         - @ConditionalOnClass did not find required class 'org.springframework.data.ldap.repository.LdapRepository' (OnClassCondition)

   LiquibaseAutoConfiguration:
      Did not match:
         - @ConditionalOnClass did not find required class 'liquibase.change.DatabaseChange' (OnClassCondition)

   LiquibaseEndpointAutoConfiguration:
      Did not match:
         - @ConditionalOnClass did not find required class 'liquibase.integration.spring.SpringLiquibase' (OnClassCondition)

   Log4J2MetricsAutoConfiguration:
      Did not match:
         - @ConditionalOnClass did not find required class 'org.apache.logging.log4j.core.LoggerContext' (OnClassCondition)

   LogFileWebEndpointAutoConfiguration#logFileWebEndpoint:
      Did not match:
         - Log File did not find logging file (LogFileWebEndpointAutoConfiguration.LogFileCondition)

   MailHealthContributorAutoConfiguration:
      Did not match:
         - @ConditionalOnClass did not find required class 'org.springframework.mail.javamail.JavaMailSenderImpl' (OnClassCondition)

   MailSenderAutoConfiguration:
      Did not match:
         - @ConditionalOnClass did not find required class 'javax.mail.internet.MimeMessage' (OnClassCondition)

   MailSenderValidatorAutoConfiguration:
      Did not match:
         - @ConditionalOnSingleCandidate did not find required type 'org.springframework.mail.javamail.JavaMailSenderImpl' (OnBeanCondition)

   ManagementContextAutoConfiguration.DifferentManagementContextConfiguration:
      Did not match:
         - Management Port actual port type (SAME) did not match required type (DIFFERENT) (OnManagementPortCondition)

   ManagementWebSecurityAutoConfiguration:
      Did not match:
         - AllNestedConditions 1 matched 1 did not; NestedCondition on DefaultWebSecurityCondition.Beans @ConditionalOnMissingBean (types: org.springframework.security.config.annotation.web.configuration.WebSecurityConfigurerAdapter,org.springframework.security.web.SecurityFilterChain; SearchStrategy: all) found beans of type 'org.springframework.security.config.annotation.web.configuration.WebSecurityConfigurerAdapter' webSecurityConfigurerImpl; NestedCondition on DefaultWebSecurityCondition.Classes @ConditionalOnClass found required classes 'org.springframework.security.web.SecurityFilterChain', 'org.springframework.security.config.annotation.web.builders.HttpSecurity' (DefaultWebSecurityCondition)
      Matched:
         - found 'session' scope (OnWebApplicationCondition)

   MappingsEndpointAutoConfiguration.ReactiveWebConfiguration:
      Did not match:
         - @ConditionalOnClass did not find required class 'org.springframework.web.reactive.DispatcherHandler' (OnClassCondition)

   MessageSourceAutoConfiguration:
      Did not match:
         - ResourceBundle did not find bundle with basename messages (MessageSourceAutoConfiguration.ResourceBundleCondition)

   MongoAutoConfiguration:
      Did not match:
         - @ConditionalOnClass did not find required class 'com.mongodb.client.MongoClient' (OnClassCondition)

   MongoDataAutoConfiguration:
      Did not match:
         - @ConditionalOnClass did not find required class 'com.mongodb.client.MongoClient' (OnClassCondition)

   MongoHealthContributorAutoConfiguration:
      Did not match:
         - @ConditionalOnClass did not find required class 'org.springframework.data.mongodb.core.MongoTemplate' (OnClassCondition)

   MongoMetricsAutoConfiguration:
      Did not match:
         - @ConditionalOnClass did not find required class 'com.mongodb.MongoClientSettings' (OnClassCondition)

   MongoReactiveAutoConfiguration:
      Did not match:
         - @ConditionalOnClass did not find required class 'com.mongodb.reactivestreams.client.MongoClient' (OnClassCondition)

   MongoReactiveDataAutoConfiguration:
      Did not match:
         - @ConditionalOnClass did not find required class 'com.mongodb.reactivestreams.client.MongoClient' (OnClassCondition)

   MongoReactiveHealthContributorAutoConfiguration:
      Did not match:
         - @ConditionalOnClass did not find required class 'reactor.core.publisher.Flux' (OnClassCondition)

   MongoReactiveRepositoriesAutoConfiguration:
      Did not match:
         - @ConditionalOnClass did not find required class 'com.mongodb.reactivestreams.client.MongoClient' (OnClassCondition)

   MongoRepositoriesAutoConfiguration:
      Did not match:
         - @ConditionalOnClass did not find required class 'com.mongodb.client.MongoClient' (OnClassCondition)

   MustacheAutoConfiguration:
      Did not match:
         - @ConditionalOnClass did not find required class 'com.samskivert.mustache.Mustache' (OnClassCondition)

   Neo4jAutoConfiguration:
      Did not match:
         - @ConditionalOnClass did not find required class 'org.neo4j.driver.Driver' (OnClassCondition)

   Neo4jDataAutoConfiguration:
      Did not match:
         - @ConditionalOnClass did not find required class 'org.neo4j.driver.Driver' (OnClassCondition)

   Neo4jHealthContributorAutoConfiguration:
      Did not match:
         - @ConditionalOnClass did not find required class 'org.neo4j.driver.Driver' (OnClassCondition)

   Neo4jReactiveDataAutoConfiguration:
      Did not match:
         - @ConditionalOnClass did not find required class 'org.neo4j.driver.Driver' (OnClassCondition)

   Neo4jReactiveRepositoriesAutoConfiguration:
      Did not match:
         - @ConditionalOnClass did not find required class 'org.neo4j.driver.Driver' (OnClassCondition)

   Neo4jRepositoriesAutoConfiguration:
      Did not match:
         - @ConditionalOnClass did not find required class 'org.neo4j.driver.Driver' (OnClassCondition)

   NettyAutoConfiguration:
      Did not match:
         - @ConditionalOnClass did not find required class 'io.netty.util.NettyRuntime' (OnClassCondition)

   NewRelicMetricsExportAutoConfiguration:
      Did not match:
         - @ConditionalOnClass did not find required class 'io.micrometer.newrelic.NewRelicMeterRegistry' (OnClassCondition)

   NoOpMeterRegistryConfiguration:
      Did not match:
         - @ConditionalOnMissingBean (types: io.micrometer.core.instrument.MeterRegistry; SearchStrategy: all) found beans of type 'io.micrometer.core.instrument.MeterRegistry' simpleMeterRegistry (OnBeanCondition)

   OAuth2ClientAutoConfiguration:
      Did not match:
         - @ConditionalOnClass did not find required class 'org.springframework.security.oauth2.client.registration.ClientRegistration' (OnClassCondition)

   OAuth2ResourceServerAutoConfiguration:
      Did not match:
         - @ConditionalOnClass did not find required class 'org.springframework.security.oauth2.server.resource.BearerTokenAuthenticationToken' (OnClassCondition)

   ProjectInfoAutoConfiguration#buildProperties:
      Did not match:
         - @ConditionalOnResource did not find resource '${spring.info.build.location:classpath:META-INF/build-info.properties}' (OnResourceCondition)

   ProjectInfoAutoConfiguration#gitProperties:
      Did not match:
         - GitResource did not find git info at classpath:git.properties (ProjectInfoAutoConfiguration.GitResourceAvailableCondition)

   PrometheusMetricsExportAutoConfiguration:
      Did not match:
         - @ConditionalOnClass did not find required class 'io.micrometer.prometheus.PrometheusMeterRegistry' (OnClassCondition)

   QuartzAutoConfiguration:
      Did not match:
         - @ConditionalOnClass did not find required class 'org.quartz.Scheduler' (OnClassCondition)

   QuartzEndpointAutoConfiguration:
      Did not match:
         - @ConditionalOnClass did not find required class 'org.quartz.Scheduler' (OnClassCondition)

   R2dbcAutoConfiguration:
      Did not match:
         - @ConditionalOnClass did not find required class 'io.r2dbc.spi.ConnectionFactory' (OnClassCondition)

   R2dbcDataAutoConfiguration:
      Did not match:
         - @ConditionalOnClass did not find required class 'org.springframework.data.r2dbc.core.R2dbcEntityTemplate' (OnClassCondition)

   R2dbcInitializationConfiguration:
      Did not match:
         - @ConditionalOnClass did not find required classes 'io.r2dbc.spi.ConnectionFactory', 'org.springframework.r2dbc.connection.init.DatabasePopulator' (OnClassCondition)

   R2dbcRepositoriesAutoConfiguration:
      Did not match:
         - @ConditionalOnClass did not find required class 'io.r2dbc.spi.ConnectionFactory' (OnClassCondition)

   R2dbcTransactionManagerAutoConfiguration:
      Did not match:
         - @ConditionalOnClass did not find required class 'org.springframework.r2dbc.connection.R2dbcTransactionManager' (OnClassCondition)

   RSocketMessagingAutoConfiguration:
      Did not match:
         - @ConditionalOnClass did not find required class 'io.rsocket.RSocket' (OnClassCondition)

   RSocketRequesterAutoConfiguration:
      Did not match:
         - @ConditionalOnClass did not find required class 'io.rsocket.RSocket' (OnClassCondition)

   RSocketSecurityAutoConfiguration:
      Did not match:
         - @ConditionalOnClass did not find required class 'org.springframework.security.rsocket.core.SecuritySocketAcceptorInterceptor' (OnClassCondition)

   RSocketServerAutoConfiguration:
      Did not match:
         - @ConditionalOnClass did not find required class 'io.rsocket.core.RSocketServer' (OnClassCondition)

   RSocketStrategiesAutoConfiguration:
      Did not match:
         - @ConditionalOnClass did not find required class 'io.netty.buffer.PooledByteBufAllocator' (OnClassCondition)

   RabbitAutoConfiguration:
      Did not match:
         - @ConditionalOnClass did not find required class 'com.rabbitmq.client.Channel' (OnClassCondition)

   RabbitHealthContributorAutoConfiguration:
      Did not match:
         - @ConditionalOnClass did not find required class 'org.springframework.amqp.rabbit.core.RabbitTemplate' (OnClassCondition)

   RabbitMetricsAutoConfiguration:
      Did not match:
         - @ConditionalOnClass did not find required class 'com.rabbitmq.client.ConnectionFactory' (OnClassCondition)

   ReactiveCloudFoundryActuatorAutoConfiguration:
      Did not match:
         - @ConditionalOnWebApplication did not find reactive web application classes (OnWebApplicationCondition)

   ReactiveElasticsearchRepositoriesAutoConfiguration:
      Did not match:
         - @ConditionalOnClass did not find required class 'org.springframework.data.elasticsearch.client.reactive.ReactiveElasticsearchClient' (OnClassCondition)

   ReactiveElasticsearchRestClientAutoConfiguration:
      Did not match:
         - @ConditionalOnClass did not find required class 'reactor.netty.http.client.HttpClient' (OnClassCondition)

   ReactiveHealthEndpointConfiguration:
      Did not match:
         - @ConditionalOnClass did not find required class 'reactor.core.publisher.Flux' (OnClassCondition)

   ReactiveManagementContextAutoConfiguration:
      Did not match:
         - @ConditionalOnClass did not find required class 'reactor.core.publisher.Flux' (OnClassCondition)

   ReactiveManagementWebSecurityAutoConfiguration:
      Did not match:
         - @ConditionalOnWebApplication did not find reactive web application classes (OnWebApplicationCondition)

   ReactiveOAuth2ClientAutoConfiguration:
      Did not match:
         - @ConditionalOnClass did not find required class 'reactor.core.publisher.Flux' (OnClassCondition)

   ReactiveOAuth2ResourceServerAutoConfiguration:
      Did not match:
         - @ConditionalOnWebApplication did not find reactive web application classes (OnWebApplicationCondition)

   ReactiveSecurityAutoConfiguration:
      Did not match:
         - @ConditionalOnClass did not find required class 'reactor.core.publisher.Flux' (OnClassCondition)

   ReactiveUserDetailsServiceAutoConfiguration:
      Did not match:
         - AnyNestedCondition 0 matched 2 did not; NestedCondition on ReactiveUserDetailsServiceAutoConfiguration.ReactiveUserDetailsServiceCondition.ReactiveWebApplicationCondition did not find reactive web application classes; NestedCondition on ReactiveUserDetailsServiceAutoConfiguration.ReactiveUserDetailsServiceCondition.RSocketSecurityEnabledCondition @ConditionalOnBean (types: org.springframework.messaging.rsocket.annotation.support.RSocketMessageHandler; SearchStrategy: all) did not find any beans of type org.springframework.messaging.rsocket.annotation.support.RSocketMessageHandler (ReactiveUserDetailsServiceAutoConfiguration.ReactiveUserDetailsServiceCondition)
      Matched:
         - @ConditionalOnClass found required class 'org.springframework.security.authentication.ReactiveAuthenticationManager' (OnClassCondition)

   ReactiveWebServerFactoryAutoConfiguration:
      Did not match:
         - @ConditionalOnWebApplication did not find reactive web application classes (OnWebApplicationCondition)

   RedisAutoConfiguration:
      Did not match:
         - @ConditionalOnClass did not find required class 'org.springframework.data.redis.core.RedisOperations' (OnClassCondition)

   RedisCacheConfiguration:
      Did not match:
         - @ConditionalOnClass did not find required class 'org.springframework.data.redis.connection.RedisConnectionFactory' (OnClassCondition)

   RedisHealthContributorAutoConfiguration:
      Did not match:
         - @ConditionalOnClass did not find required class 'org.springframework.data.redis.connection.RedisConnectionFactory' (OnClassCondition)

   RedisReactiveAutoConfiguration:
      Did not match:
         - @ConditionalOnClass did not find required class 'reactor.core.publisher.Flux' (OnClassCondition)

   RedisReactiveHealthContributorAutoConfiguration:
      Did not match:
         - @ConditionalOnClass did not find required class 'reactor.core.publisher.Flux' (OnClassCondition)

   RedisRepositoriesAutoConfiguration:
      Did not match:
         - @ConditionalOnClass did not find required class 'org.springframework.data.redis.repository.configuration.EnableRedisRepositories' (OnClassCondition)

   RepositoryRestMvcAutoConfiguration:
      Did not match:
         - @ConditionalOnClass did not find required class 'org.springframework.data.rest.webmvc.config.RepositoryRestMvcConfiguration' (OnClassCondition)

   Saml2RelyingPartyAutoConfiguration:
      Did not match:
         - @ConditionalOnClass did not find required class 'org.springframework.security.saml2.provider.service.registration.RelyingPartyRegistrationRepository' (OnClassCondition)

   SecurityDataConfiguration:
      Did not match:
         - @ConditionalOnClass did not find required class 'org.springframework.security.data.repository.query.SecurityEvaluationContextExtension' (OnClassCondition)

   SecurityRequestMatchersManagementContextConfiguration.JerseyRequestMatcherConfiguration:
      Did not match:
         - @ConditionalOnClass did not find required class 'org.glassfish.jersey.server.ResourceConfig' (OnClassCondition)

   SendGridAutoConfiguration:
      Did not match:
         - @ConditionalOnClass did not find required class 'com.sendgrid.SendGrid' (OnClassCondition)

   ServletEndpointManagementContextConfiguration.JerseyServletEndpointManagementContextConfiguration:
      Did not match:
         - @ConditionalOnClass did not find required class 'org.glassfish.jersey.server.ResourceConfig' (OnClassCondition)

   ServletManagementContextAutoConfiguration.ApplicationContextFilterConfiguration:
      Did not match:
         - @ConditionalOnProperty (management.server.add-application-context-header=true) did not find property 'add-application-context-header' (OnPropertyCondition)

   ServletWebServerFactoryAutoConfiguration#forwardedHeaderFilter:
      Did not match:
         - @ConditionalOnProperty (server.forward-headers-strategy=framework) did not find property 'server.forward-headers-strategy' (OnPropertyCondition)

   ServletWebServerFactoryConfiguration.EmbeddedJetty:
      Did not match:
         - @ConditionalOnClass did not find required classes 'org.eclipse.jetty.server.Server', 'org.eclipse.jetty.util.Loader', 'org.eclipse.jetty.webapp.WebAppContext' (OnClassCondition)

   ServletWebServerFactoryConfiguration.EmbeddedUndertow:
      Did not match:
         - @ConditionalOnClass did not find required classes 'io.undertow.Undertow', 'org.xnio.SslClientAuthMode' (OnClassCondition)

   SessionAutoConfiguration:
      Did not match:
         - @ConditionalOnClass did not find required class 'org.springframework.session.Session' (OnClassCondition)

   SessionsEndpointAutoConfiguration:
      Did not match:
         - @ConditionalOnClass did not find required class 'org.springframework.session.FindByIndexNameSessionRepository' (OnClassCondition)

   SignalFxMetricsExportAutoConfiguration:
      Did not match:
         - @ConditionalOnClass did not find required class 'io.micrometer.signalfx.SignalFxMeterRegistry' (OnClassCondition)

   SolrAutoConfiguration:
      Did not match:
         - @ConditionalOnClass did not find required class 'org.apache.solr.client.solrj.impl.CloudSolrClient' (OnClassCondition)

   SolrHealthContributorAutoConfiguration:
      Did not match:
         - @ConditionalOnClass did not find required class 'org.apache.solr.client.solrj.SolrClient' (OnClassCondition)

   SpringApplicationAdminJmxAutoConfiguration:
      Did not match:
         - @ConditionalOnProperty (spring.application.admin.enabled=true) did not find property 'enabled' (OnPropertyCondition)

   SpringBootWebSecurityConfiguration:
      Did not match:
         - AllNestedConditions 1 matched 1 did not; NestedCondition on DefaultWebSecurityCondition.Beans @ConditionalOnMissingBean (types: org.springframework.security.config.annotation.web.configuration.WebSecurityConfigurerAdapter,org.springframework.security.web.SecurityFilterChain; SearchStrategy: all) found beans of type 'org.springframework.security.config.annotation.web.configuration.WebSecurityConfigurerAdapter' webSecurityConfigurerImpl; NestedCondition on DefaultWebSecurityCondition.Classes @ConditionalOnClass found required classes 'org.springframework.security.web.SecurityFilterChain', 'org.springframework.security.config.annotation.web.builders.HttpSecurity' (DefaultWebSecurityCondition)
      Matched:
         - found 'session' scope (OnWebApplicationCondition)

   StackdriverMetricsExportAutoConfiguration:
      Did not match:
         - @ConditionalOnClass did not find required class 'io.micrometer.stackdriver.StackdriverMeterRegistry' (OnClassCondition)

   StartupEndpointAutoConfiguration:
      Did not match:
         - ApplicationStartup configured applicationStartup is of type class org.springframework.core.metrics.DefaultApplicationStartup, expected BufferingApplicationStartup. (StartupEndpointAutoConfiguration.ApplicationStartupCondition)

   StatsdMetricsExportAutoConfiguration:
      Did not match:
         - @ConditionalOnClass did not find required class 'io.micrometer.statsd.StatsdMeterRegistry' (OnClassCondition)

   TaskSchedulingAutoConfiguration#taskScheduler:
      Did not match:
         - @ConditionalOnBean (names: org.springframework.context.annotation.internalScheduledAnnotationProcessor; SearchStrategy: all) did not find any beans named org.springframework.context.annotation.internalScheduledAnnotationProcessor (OnBeanCondition)

   ThymeleafAutoConfiguration:
      Did not match:
         - @ConditionalOnClass did not find required class 'org.thymeleaf.spring5.SpringTemplateEngine' (OnClassCondition)

   TransactionAutoConfiguration#transactionalOperator:
      Did not match:
         - @ConditionalOnSingleCandidate (types: org.springframework.transaction.ReactiveTransactionManager; SearchStrategy: all) did not find any beans (OnBeanCondition)

   TransactionAutoConfiguration.EnableTransactionManagementConfiguration.JdkDynamicAutoProxyConfiguration:
      Did not match:
         - @ConditionalOnProperty (spring.aop.proxy-target-class=false) did not find property 'proxy-target-class' (OnPropertyCondition)

   UserDetailsServiceAutoConfiguration:
      Did not match:
         - @ConditionalOnMissingBean (types: org.springframework.security.authentication.AuthenticationManager,org.springframework.security.authentication.AuthenticationProvider,org.springframework.security.core.userdetails.UserDetailsService,org.springframework.security.oauth2.jwt.JwtDecoder,org.springframework.security.oauth2.server.resource.introspection.OpaqueTokenIntrospector; SearchStrategy: all) found beans of type 'org.springframework.security.core.userdetails.UserDetailsService' userDetailsServiceImpl (OnBeanCondition)
      Matched:
         - @ConditionalOnClass found required class 'org.springframework.security.authentication.AuthenticationManager' (OnClassCondition)

   WavefrontMetricsExportAutoConfiguration:
      Did not match:
         - @ConditionalOnClass did not find required class 'com.wavefront.sdk.common.WavefrontSender' (OnClassCondition)

   WebClientAutoConfiguration:
      Did not match:
         - @ConditionalOnClass did not find required class 'org.springframework.web.reactive.function.client.WebClient' (OnClassCondition)

   WebClientMetricsConfiguration:
      Did not match:
         - @ConditionalOnClass did not find required class 'org.springframework.web.reactive.function.client.WebClient' (OnClassCondition)

   WebFluxAutoConfiguration:
      Did not match:
         - @ConditionalOnClass did not find required class 'org.springframework.web.reactive.config.WebFluxConfigurer' (OnClassCondition)

   WebFluxEndpointManagementContextConfiguration:
      Did not match:
         - @ConditionalOnClass did not find required class 'org.springframework.web.reactive.DispatcherHandler' (OnClassCondition)

   WebFluxMetricsAutoConfiguration:
      Did not match:
         - @ConditionalOnWebApplication did not find reactive web application classes (OnWebApplicationCondition)

   WebMvcAutoConfiguration#hiddenHttpMethodFilter:
      Did not match:
         - @ConditionalOnProperty (spring.mvc.hiddenmethod.filter.enabled) did not find property 'enabled' (OnPropertyCondition)

   WebMvcAutoConfiguration.ResourceChainCustomizerConfiguration:
      Did not match:
         - @ConditionalOnEnabledResourceChain did not find class org.webjars.WebJarAssetLocator (OnEnabledResourceChainCondition)

   WebMvcAutoConfiguration.WebMvcAutoConfigurationAdapter#beanNameViewResolver:
      Did not match:
         - @ConditionalOnMissingBean (types: org.springframework.web.servlet.view.BeanNameViewResolver; SearchStrategy: all) found beans of type 'org.springframework.web.servlet.view.BeanNameViewResolver' beanNameViewResolver (OnBeanCondition)

   WebSecurityEnablerConfiguration:
      Did not match:
         - @ConditionalOnMissingBean (names: springSecurityFilterChain; SearchStrategy: all) found beans named springSecurityFilterChain (OnBeanCondition)
      Matched:
         - @ConditionalOnClass found required class 'org.springframework.security.config.annotation.web.configuration.EnableWebSecurity' (OnClassCondition)
         - found 'session' scope (OnWebApplicationCondition)

   WebServiceTemplateAutoConfiguration:
      Did not match:
         - @ConditionalOnClass did not find required class 'org.springframework.oxm.Marshaller' (OnClassCondition)

   WebServicesAutoConfiguration:
      Did not match:
         - @ConditionalOnClass did not find required class 'org.springframework.ws.transport.http.MessageDispatcherServlet' (OnClassCondition)

   WebSocketMessagingAutoConfiguration:
      Did not match:
         - @ConditionalOnClass did not find required class 'org.springframework.web.socket.config.annotation.WebSocketMessageBrokerConfigurer' (OnClassCondition)

   WebSocketReactiveAutoConfiguration:
      Did not match:
         - @ConditionalOnWebApplication did not find reactive web application classes (OnWebApplicationCondition)

   WebSocketServletAutoConfiguration.Jetty10WebSocketConfiguration:
      Did not match:
         - @ConditionalOnClass did not find required classes 'org.eclipse.jetty.websocket.javax.server.internal.JavaxWebSocketServerContainer', 'org.eclipse.jetty.websocket.server.JettyWebSocketServerContainer' (OnClassCondition)

   WebSocketServletAutoConfiguration.JettyWebSocketConfiguration:
      Did not match:
         - @ConditionalOnClass did not find required class 'org.eclipse.jetty.websocket.jsr356.server.deploy.WebSocketServerContainerInitializer' (OnClassCondition)

   WebSocketServletAutoConfiguration.UndertowWebSocketConfiguration:
      Did not match:
         - @ConditionalOnClass did not find required class 'io.undertow.websockets.jsr.Bootstrap' (OnClassCondition)

   XADataSourceAutoConfiguration:
      Did not match:
         - @ConditionalOnBean (types: org.springframework.boot.jdbc.XADataSourceWrapper; SearchStrategy: all) did not find any beans of type org.springframework.boot.jdbc.XADataSourceWrapper (OnBeanCondition)
      Matched:
         - @ConditionalOnClass found required classes 'javax.sql.DataSource', 'javax.transaction.TransactionManager', 'org.springframework.jdbc.datasource.embedded.EmbeddedDatabaseType' (OnClassCondition)


Exclusions:
-----------

    None


Unconditional classes:
----------------------

    org.springframework.boot.autoconfigure.context.ConfigurationPropertiesAutoConfiguration

    org.springframework.boot.actuate.autoconfigure.availability.AvailabilityHealthContributorAutoConfiguration

    org.springframework.boot.actuate.autoconfigure.info.InfoContributorAutoConfiguration

    org.springframework.boot.autoconfigure.context.PropertyPlaceholderAutoConfiguration

    org.springframework.boot.autoconfigure.context.LifecycleAutoConfiguration

    org.springframework.boot.actuate.autoconfigure.health.HealthContributorAutoConfiguration

    org.springframework.boot.actuate.autoconfigure.metrics.integration.IntegrationMetricsAutoConfiguration

    org.springframework.boot.actuate.autoconfigure.endpoint.EndpointAutoConfiguration

    org.springframework.boot.autoconfigure.availability.ApplicationAvailabilityAutoConfiguration

    org.springframework.boot.autoconfigure.info.ProjectInfoAutoConfiguration

    org.springframework.boot.actuate.autoconfigure.web.server.ManagementContextAutoConfiguration



2022-03-20 12:26:35.538  INFO 5300 --- [    Test worker] recipes.RecipesApplication               : Started RecipesApplication in 12.983 seconds (JVM running for 14.055)
2022-03-20 12:26:35.703 DEBUG 5300 --- [    Test worker] o.s.b.a.ApplicationAvailabilityBean      : Application availability state LivenessState changed to CORRECT
2022-03-20 12:26:35.708 DEBUG 5300 --- [    Test worker] o.s.b.a.ApplicationAvailabilityBean      : Application availability state ReadinessState changed to ACCEPTING_TRAFFIC
2022-03-20 12:26:36.588  INFO 5300 --- [nio-8701-exec-1] o.a.c.c.C.[Tomcat].[localhost].[/]       : Initializing Spring DispatcherServlet 'dispatcherServlet'
2022-03-20 12:26:36.588  INFO 5300 --- [nio-8701-exec-1] o.s.web.servlet.DispatcherServlet        : Initializing Servlet 'dispatcherServlet'
2022-03-20 12:26:36.589 DEBUG 5300 --- [nio-8701-exec-1] o.s.web.servlet.DispatcherServlet        : Detected StandardServletMultipartResolver
2022-03-20 12:26:36.589 DEBUG 5300 --- [nio-8701-exec-1] o.s.web.servlet.DispatcherServlet        : Detected AcceptHeaderLocaleResolver
2022-03-20 12:26:36.589 DEBUG 5300 --- [nio-8701-exec-1] o.s.web.servlet.DispatcherServlet        : Detected FixedThemeResolver
2022-03-20 12:26:36.595 DEBUG 5300 --- [nio-8701-exec-1] o.s.web.servlet.DispatcherServlet        : Detected org.springframework.web.servlet.view.DefaultRequestToViewNameTranslator@267a8777
2022-03-20 12:26:36.596 DEBUG 5300 --- [nio-8701-exec-1] o.s.web.servlet.DispatcherServlet        : Detected org.springframework.web.servlet.support.SessionFlashMapManager@40da1644
2022-03-20 12:26:36.596 DEBUG 5300 --- [nio-8701-exec-1] o.s.web.servlet.DispatcherServlet        : enableLoggingRequestDetails='false': request parameters and headers will be masked to prevent unsafe logging of potentially sensitive data
2022-03-20 12:26:36.608  INFO 5300 --- [nio-8701-exec-1] o.s.web.servlet.DispatcherServlet        : Completed initialization in 20 ms
2022-03-20 12:26:36.637 DEBUG 5300 --- [nio-8701-exec-1] o.s.security.web.FilterChainProxy        : Securing POST /api/register
2022-03-20 12:26:36.650 DEBUG 5300 --- [nio-8701-exec-1] s.s.w.c.SecurityContextPersistenceFilter : Set SecurityContextHolder to empty SecurityContext
2022-03-20 12:26:36.655 DEBUG 5300 --- [nio-8701-exec-1] o.s.s.w.a.AnonymousAuthenticationFilter  : Set SecurityContextHolder to anonymous SecurityContext
2022-03-20 12:26:36.670 DEBUG 5300 --- [nio-8701-exec-1] s.w.s.m.m.a.RequestMappingHandlerMapping : Mapped to recipes.presentation.RecipesController#registerNewUser(User)
2022-03-20 12:26:36.682 DEBUG 5300 --- [nio-8701-exec-1] o.s.s.w.a.i.FilterSecurityInterceptor    : Authorized filter invocation [POST /api/register] with attributes [permitAll]
2022-03-20 12:26:36.683 DEBUG 5300 --- [nio-8701-exec-1] o.s.security.web.FilterChainProxy        : Secured POST /api/register
2022-03-20 12:26:36.692 DEBUG 5300 --- [nio-8701-exec-1] o.s.web.servlet.DispatcherServlet        : POST "/api/register", parameters={}
2022-03-20 12:26:36.697 DEBUG 5300 --- [nio-8701-exec-1] s.w.s.m.m.a.RequestMappingHandlerMapping : Mapped to recipes.presentation.RecipesController#registerNewUser(User)
2022-03-20 12:26:36.699 DEBUG 5300 --- [nio-8701-exec-1] o.j.s.OpenEntityManagerInViewInterceptor : Opening JPA EntityManager in OpenEntityManagerInViewInterceptor
2022-03-20 12:26:36.903 DEBUG 5300 --- [nio-8701-exec-1] m.m.a.RequestResponseBodyMethodProcessor : Read "application/json;charset=UTF-8" to [recipes.businesslayer.User@22a96acc]
Hibernate: select user0_.email as email1_3_, user0_.password as password2_3_ from users user0_ where upper(user0_.email)=upper(?)
2022-03-20 12:26:37.284 DEBUG 5300 --- [nio-8701-exec-1] o.s.orm.jpa.JpaTransactionManager        : Found thread-bound EntityManager [SessionImpl(106626553<open>)] for JPA transaction
2022-03-20 12:26:37.284 DEBUG 5300 --- [nio-8701-exec-1] o.s.orm.jpa.JpaTransactionManager        : Creating new transaction with name [org.springframework.data.jpa.repository.support.SimpleJpaRepository.save]: PROPAGATION_REQUIRED,ISOLATION_DEFAULT
2022-03-20 12:26:37.289 DEBUG 5300 --- [nio-8701-exec-1] o.s.orm.jpa.JpaTransactionManager        : Exposing JPA transaction as JDBC [org.springframework.orm.jpa.vendor.HibernateJpaDialect$HibernateConnectionHandle@19f65328]
Hibernate: select user0_.email as email1_3_0_, user0_.password as password2_3_0_ from users user0_ where user0_.email=?
2022-03-20 12:26:37.395 DEBUG 5300 --- [nio-8701-exec-1] o.s.orm.jpa.JpaTransactionManager        : Initiating transaction commit
2022-03-20 12:26:37.395 DEBUG 5300 --- [nio-8701-exec-1] o.s.orm.jpa.JpaTransactionManager        : Committing JPA transaction on EntityManager [SessionImpl(106626553<open>)]
Hibernate: insert into users (password, email) values (?, ?)
2022-03-20 12:26:37.458 DEBUG 5300 --- [nio-8701-exec-1] o.s.orm.jpa.JpaTransactionManager        : Not closing pre-bound JPA EntityManager after transaction
2022-03-20 12:26:37.474 DEBUG 5300 --- [nio-8701-exec-1] o.s.w.s.m.m.a.HttpEntityMethodProcessor  : Using 'application/octet-stream', given [*/*] and supported [*/*]
2022-03-20 12:26:37.478 DEBUG 5300 --- [nio-8701-exec-1] o.j.s.OpenEntityManagerInViewInterceptor : Closing JPA EntityManager in OpenEntityManagerInViewInterceptor
2022-03-20 12:26:37.479 DEBUG 5300 --- [nio-8701-exec-1] o.s.web.servlet.DispatcherServlet        : Completed 200 OK
2022-03-20 12:26:37.482 DEBUG 5300 --- [nio-8701-exec-1] w.c.HttpSessionSecurityContextRepository : Did not store anonymous SecurityContext
2022-03-20 12:26:37.484 DEBUG 5300 --- [nio-8701-exec-1] s.s.w.c.SecurityContextPersistenceFilter : Cleared SecurityContextHolder to complete request
?[1;31m
Start test 2?[0m
2022-03-20 12:26:37.536 DEBUG 5300 --- [nio-8701-exec-2] o.s.security.web.FilterChainProxy        : Securing POST /api/register
2022-03-20 12:26:37.538 DEBUG 5300 --- [nio-8701-exec-2] s.s.w.c.SecurityContextPersistenceFilter : Set SecurityContextHolder to empty SecurityContext
2022-03-20 12:26:37.539 DEBUG 5300 --- [nio-8701-exec-2] o.s.s.w.a.AnonymousAuthenticationFilter  : Set SecurityContextHolder to anonymous SecurityContext
2022-03-20 12:26:37.548 DEBUG 5300 --- [nio-8701-exec-2] s.w.s.m.m.a.RequestMappingHandlerMapping : Mapped to recipes.presentation.RecipesController#registerNewUser(User)
2022-03-20 12:26:37.548 DEBUG 5300 --- [nio-8701-exec-2] o.s.s.w.a.i.FilterSecurityInterceptor    : Authorized filter invocation [POST /api/register] with attributes [permitAll]
2022-03-20 12:26:37.549 DEBUG 5300 --- [nio-8701-exec-2] o.s.security.web.FilterChainProxy        : Secured POST /api/register
2022-03-20 12:26:37.549 DEBUG 5300 --- [nio-8701-exec-2] o.s.web.servlet.DispatcherServlet        : POST "/api/register", parameters={}
2022-03-20 12:26:37.550 DEBUG 5300 --- [nio-8701-exec-2] s.w.s.m.m.a.RequestMappingHandlerMapping : Mapped to recipes.presentation.RecipesController#registerNewUser(User)
2022-03-20 12:26:37.551 DEBUG 5300 --- [nio-8701-exec-2] o.j.s.OpenEntityManagerInViewInterceptor : Opening JPA EntityManager in OpenEntityManagerInViewInterceptor
2022-03-20 12:26:37.553 DEBUG 5300 --- [nio-8701-exec-2] m.m.a.RequestResponseBodyMethodProcessor : Read "application/json;charset=UTF-8" to [recipes.businesslayer.User@23602e5b]
Hibernate: select user0_.email as email1_3_, user0_.password as password2_3_ from users user0_ where upper(user0_.email)=upper(?)
2022-03-20 12:26:37.573 DEBUG 5300 --- [nio-8701-exec-2] o.s.w.s.m.m.a.HttpEntityMethodProcessor  : Using 'application/octet-stream', given [*/*] and supported [*/*]
2022-03-20 12:26:37.574 DEBUG 5300 --- [nio-8701-exec-2] o.j.s.OpenEntityManagerInViewInterceptor : Closing JPA EntityManager in OpenEntityManagerInViewInterceptor
2022-03-20 12:26:37.575 DEBUG 5300 --- [nio-8701-exec-2] o.s.web.servlet.DispatcherServlet        : Completed 400 BAD_REQUEST
2022-03-20 12:26:37.575 DEBUG 5300 --- [nio-8701-exec-2] w.c.HttpSessionSecurityContextRepository : Did not store anonymous SecurityContext
2022-03-20 12:26:37.576 DEBUG 5300 --- [nio-8701-exec-2] s.s.w.c.SecurityContextPersistenceFilter : Cleared SecurityContextHolder to complete request
?[1;31m
Start test 3?[0m
2022-03-20 12:26:37.594 DEBUG 5300 --- [nio-8701-exec-3] o.s.security.web.FilterChainProxy        : Securing POST /api/register
2022-03-20 12:26:37.594 DEBUG 5300 --- [nio-8701-exec-3] s.s.w.c.SecurityContextPersistenceFilter : Set SecurityContextHolder to empty SecurityContext
2022-03-20 12:26:37.594 DEBUG 5300 --- [nio-8701-exec-3] o.s.s.w.a.AnonymousAuthenticationFilter  : Set SecurityContextHolder to anonymous SecurityContext
2022-03-20 12:26:37.596 DEBUG 5300 --- [nio-8701-exec-3] s.w.s.m.m.a.RequestMappingHandlerMapping : Mapped to recipes.presentation.RecipesController#registerNewUser(User)
2022-03-20 12:26:37.597 DEBUG 5300 --- [nio-8701-exec-3] o.s.s.w.a.i.FilterSecurityInterceptor    : Authorized filter invocation [POST /api/register] with attributes [permitAll]
2022-03-20 12:26:37.597 DEBUG 5300 --- [nio-8701-exec-3] o.s.security.web.FilterChainProxy        : Secured POST /api/register
2022-03-20 12:26:37.597 DEBUG 5300 --- [nio-8701-exec-3] o.s.web.servlet.DispatcherServlet        : POST "/api/register", parameters={}
2022-03-20 12:26:37.599 DEBUG 5300 --- [nio-8701-exec-3] s.w.s.m.m.a.RequestMappingHandlerMapping : Mapped to recipes.presentation.RecipesController#registerNewUser(User)
2022-03-20 12:26:37.599 DEBUG 5300 --- [nio-8701-exec-3] o.j.s.OpenEntityManagerInViewInterceptor : Opening JPA EntityManager in OpenEntityManagerInViewInterceptor
2022-03-20 12:26:37.609 DEBUG 5300 --- [nio-8701-exec-3] m.m.a.RequestResponseBodyMethodProcessor : Read "application/json;charset=UTF-8" to [recipes.businesslayer.User@1b5c4cb5]
Hibernate: select user0_.email as email1_3_, user0_.password as password2_3_ from users user0_ where upper(user0_.email)=upper(?)
2022-03-20 12:26:37.614 DEBUG 5300 --- [nio-8701-exec-3] o.s.orm.jpa.JpaTransactionManager        : Found thread-bound EntityManager [SessionImpl(1459590481<open>)] for JPA transaction
2022-03-20 12:26:37.614 DEBUG 5300 --- [nio-8701-exec-3] o.s.orm.jpa.JpaTransactionManager        : Creating new transaction with name [org.springframework.data.jpa.repository.support.SimpleJpaRepository.save]: PROPAGATION_REQUIRED,ISOLATION_DEFAULT
2022-03-20 12:26:37.615 DEBUG 5300 --- [nio-8701-exec-3] o.s.orm.jpa.JpaTransactionManager        : Exposing JPA transaction as JDBC [org.springframework.orm.jpa.vendor.HibernateJpaDialect$HibernateConnectionHandle@2fbf52df]
Hibernate: select user0_.email as email1_3_0_, user0_.password as password2_3_0_ from users user0_ where user0_.email=?
2022-03-20 12:26:37.618 DEBUG 5300 --- [nio-8701-exec-3] o.s.orm.jpa.JpaTransactionManager        : Initiating transaction commit
2022-03-20 12:26:37.618 DEBUG 5300 --- [nio-8701-exec-3] o.s.orm.jpa.JpaTransactionManager        : Committing JPA transaction on EntityManager [SessionImpl(1459590481<open>)]
Hibernate: insert into users (password, email) values (?, ?)
2022-03-20 12:26:37.624 DEBUG 5300 --- [nio-8701-exec-3] o.s.orm.jpa.JpaTransactionManager        : Not closing pre-bound JPA EntityManager after transaction
2022-03-20 12:26:37.625 DEBUG 5300 --- [nio-8701-exec-3] o.s.w.s.m.m.a.HttpEntityMethodProcessor  : Using 'application/octet-stream', given [*/*] and supported [*/*]
2022-03-20 12:26:37.626 DEBUG 5300 --- [nio-8701-exec-3] o.j.s.OpenEntityManagerInViewInterceptor : Closing JPA EntityManager in OpenEntityManagerInViewInterceptor
2022-03-20 12:26:37.627 DEBUG 5300 --- [nio-8701-exec-3] o.s.web.servlet.DispatcherServlet        : Completed 200 OK
2022-03-20 12:26:37.628 DEBUG 5300 --- [nio-8701-exec-3] w.c.HttpSessionSecurityContextRepository : Did not store anonymous SecurityContext
2022-03-20 12:26:37.628 DEBUG 5300 --- [nio-8701-exec-3] s.s.w.c.SecurityContextPersistenceFilter : Cleared SecurityContextHolder to complete request
?[1;31m
Start test 4?[0m
2022-03-20 12:26:37.647 DEBUG 5300 --- [nio-8701-exec-4] o.s.security.web.FilterChainProxy        : Securing POST /api/register
2022-03-20 12:26:37.648 DEBUG 5300 --- [nio-8701-exec-4] s.s.w.c.SecurityContextPersistenceFilter : Set SecurityContextHolder to empty SecurityContext
2022-03-20 12:26:37.648 DEBUG 5300 --- [nio-8701-exec-4] o.s.s.w.a.AnonymousAuthenticationFilter  : Set SecurityContextHolder to anonymous SecurityContext
2022-03-20 12:26:37.650 DEBUG 5300 --- [nio-8701-exec-4] s.w.s.m.m.a.RequestMappingHandlerMapping : Mapped to recipes.presentation.RecipesController#registerNewUser(User)
2022-03-20 12:26:37.651 DEBUG 5300 --- [nio-8701-exec-4] o.s.s.w.a.i.FilterSecurityInterceptor    : Authorized filter invocation [POST /api/register] with attributes [permitAll]
2022-03-20 12:26:37.651 DEBUG 5300 --- [nio-8701-exec-4] o.s.security.web.FilterChainProxy        : Secured POST /api/register
2022-03-20 12:26:37.651 DEBUG 5300 --- [nio-8701-exec-4] o.s.web.servlet.DispatcherServlet        : POST "/api/register", parameters={}
2022-03-20 12:26:37.658 DEBUG 5300 --- [nio-8701-exec-4] s.w.s.m.m.a.RequestMappingHandlerMapping : Mapped to recipes.presentation.RecipesController#registerNewUser(User)
2022-03-20 12:26:37.659 DEBUG 5300 --- [nio-8701-exec-4] o.j.s.OpenEntityManagerInViewInterceptor : Opening JPA EntityManager in OpenEntityManagerInViewInterceptor
2022-03-20 12:26:37.663 DEBUG 5300 --- [nio-8701-exec-4] m.m.a.RequestResponseBodyMethodProcessor : Read "application/json;charset=UTF-8" to [recipes.businesslayer.User@53cc7794]
Hibernate: select user0_.email as email1_3_, user0_.password as password2_3_ from users user0_ where upper(user0_.email)=upper(?)
2022-03-20 12:26:37.673 DEBUG 5300 --- [nio-8701-exec-4] o.s.orm.jpa.JpaTransactionManager        : Found thread-bound EntityManager [SessionImpl(473336230<open>)] for JPA transaction
2022-03-20 12:26:37.673 DEBUG 5300 --- [nio-8701-exec-4] o.s.orm.jpa.JpaTransactionManager        : Creating new transaction with name [org.springframework.data.jpa.repository.support.SimpleJpaRepository.save]: PROPAGATION_REQUIRED,ISOLATION_DEFAULT
2022-03-20 12:26:37.674 DEBUG 5300 --- [nio-8701-exec-4] o.s.orm.jpa.JpaTransactionManager        : Exposing JPA transaction as JDBC [org.springframework.orm.jpa.vendor.HibernateJpaDialect$HibernateConnectionHandle@2c763d63]
Hibernate: select user0_.email as email1_3_0_, user0_.password as password2_3_0_ from users user0_ where user0_.email=?
2022-03-20 12:26:37.677 DEBUG 5300 --- [nio-8701-exec-4] o.s.orm.jpa.JpaTransactionManager        : Initiating transaction commit
2022-03-20 12:26:37.677 DEBUG 5300 --- [nio-8701-exec-4] o.s.orm.jpa.JpaTransactionManager        : Committing JPA transaction on EntityManager [SessionImpl(473336230<open>)]
Hibernate: insert into users (password, email) values (?, ?)
2022-03-20 12:26:37.680 DEBUG 5300 --- [nio-8701-exec-4] o.s.orm.jpa.JpaTransactionManager        : Not closing pre-bound JPA EntityManager after transaction
2022-03-20 12:26:37.680 DEBUG 5300 --- [nio-8701-exec-4] o.s.w.s.m.m.a.HttpEntityMethodProcessor  : Using 'application/octet-stream', given [*/*] and supported [*/*]
2022-03-20 12:26:37.680 DEBUG 5300 --- [nio-8701-exec-4] o.j.s.OpenEntityManagerInViewInterceptor : Closing JPA EntityManager in OpenEntityManagerInViewInterceptor
2022-03-20 12:26:37.681 DEBUG 5300 --- [nio-8701-exec-4] o.s.web.servlet.DispatcherServlet        : Completed 200 OK
2022-03-20 12:26:37.681 DEBUG 5300 --- [nio-8701-exec-4] w.c.HttpSessionSecurityContextRepository : Did not store anonymous SecurityContext
2022-03-20 12:26:37.681 DEBUG 5300 --- [nio-8701-exec-4] s.s.w.c.SecurityContextPersistenceFilter : Cleared SecurityContextHolder to complete request
?[1;31m
Start test 5?[0m
2022-03-20 12:26:37.695 DEBUG 5300 --- [nio-8701-exec-5] o.s.security.web.FilterChainProxy        : Securing POST /api/register
2022-03-20 12:26:37.696 DEBUG 5300 --- [nio-8701-exec-5] s.s.w.c.SecurityContextPersistenceFilter : Set SecurityContextHolder to empty SecurityContext
2022-03-20 12:26:37.697 DEBUG 5300 --- [nio-8701-exec-5] o.s.s.w.a.AnonymousAuthenticationFilter  : Set SecurityContextHolder to anonymous SecurityContext
2022-03-20 12:26:37.703 DEBUG 5300 --- [nio-8701-exec-5] s.w.s.m.m.a.RequestMappingHandlerMapping : Mapped to recipes.presentation.RecipesController#registerNewUser(User)
2022-03-20 12:26:37.705 DEBUG 5300 --- [nio-8701-exec-5] o.s.s.w.a.i.FilterSecurityInterceptor    : Authorized filter invocation [POST /api/register] with attributes [permitAll]
2022-03-20 12:26:37.705 DEBUG 5300 --- [nio-8701-exec-5] o.s.security.web.FilterChainProxy        : Secured POST /api/register
2022-03-20 12:26:37.705 DEBUG 5300 --- [nio-8701-exec-5] o.s.web.servlet.DispatcherServlet        : POST "/api/register", parameters={}
2022-03-20 12:26:37.707 DEBUG 5300 --- [nio-8701-exec-5] s.w.s.m.m.a.RequestMappingHandlerMapping : Mapped to recipes.presentation.RecipesController#registerNewUser(User)
2022-03-20 12:26:37.707 DEBUG 5300 --- [nio-8701-exec-5] o.j.s.OpenEntityManagerInViewInterceptor : Opening JPA EntityManager in OpenEntityManagerInViewInterceptor
2022-03-20 12:26:37.714 DEBUG 5300 --- [nio-8701-exec-5] m.m.a.RequestResponseBodyMethodProcessor : Read "application/json;charset=UTF-8" to [recipes.businesslayer.User@51f28df3]
2022-03-20 12:26:37.779 DEBUG 5300 --- [nio-8701-exec-5] w.c.HttpSessionSecurityContextRepository : Did not store anonymous SecurityContext
2022-03-20 12:26:37.780  WARN 5300 --- [nio-8701-exec-5] .w.s.m.s.DefaultHandlerExceptionResolver : Resolved [org.springframework.web.bind.MethodArgumentNotValidException: Validation failed for argument [0] in public org.springframework.http.ResponseEntity recipes.presentation.RecipesController.registerNewUser(recipes.businesslayer.User): [Field error in object 'user' on field 'email': rejected value [Test3@testcom]; codes [Pattern.user.email,Pattern.email,Pattern.java.lang.String,Pattern]; arguments [org.springframework.context.support.DefaultMessageSourceResolvable: codes [user.email,email]; arguments []; default message [email],[Ljavax.validation.constraints.Pattern$Flag;@5bef84ba,.+@.+\..+]; default message [must match ".+@.+\..+"]] ]
2022-03-20 12:26:37.781 DEBUG 5300 --- [nio-8701-exec-5] o.j.s.OpenEntityManagerInViewInterceptor : Closing JPA EntityManager in OpenEntityManagerInViewInterceptor
2022-03-20 12:26:37.781 DEBUG 5300 --- [nio-8701-exec-5] o.s.web.servlet.DispatcherServlet        : Completed 400 BAD_REQUEST
2022-03-20 12:26:37.782 DEBUG 5300 --- [nio-8701-exec-5] w.c.HttpSessionSecurityContextRepository : Did not store anonymous SecurityContext
2022-03-20 12:26:37.782 DEBUG 5300 --- [nio-8701-exec-5] s.s.w.c.SecurityContextPersistenceFilter : Cleared SecurityContextHolder to complete request
2022-03-20 12:26:37.788 DEBUG 5300 --- [nio-8701-exec-5] o.s.security.web.FilterChainProxy        : Securing POST /error
2022-03-20 12:26:37.789 DEBUG 5300 --- [nio-8701-exec-5] s.s.w.c.SecurityContextPersistenceFilter : Set SecurityContextHolder to empty SecurityContext
2022-03-20 12:26:37.789 DEBUG 5300 --- [nio-8701-exec-5] o.s.s.w.a.AnonymousAuthenticationFilter  : Set SecurityContextHolder to anonymous SecurityContext
2022-03-20 12:26:37.789 DEBUG 5300 --- [nio-8701-exec-5] o.s.security.web.FilterChainProxy        : Secured POST /error
2022-03-20 12:26:37.789 DEBUG 5300 --- [nio-8701-exec-5] o.s.web.servlet.DispatcherServlet        : "ERROR" dispatch for POST "/error", parameters={}
2022-03-20 12:26:37.795 DEBUG 5300 --- [nio-8701-exec-5] s.w.s.m.m.a.RequestMappingHandlerMapping : Mapped to org.springframework.boot.autoconfigure.web.servlet.error.BasicErrorController#error(HttpServletRequest)
2022-03-20 12:26:37.795 DEBUG 5300 --- [nio-8701-exec-5] o.j.s.OpenEntityManagerInViewInterceptor : Opening JPA EntityManager in OpenEntityManagerInViewInterceptor
2022-03-20 12:26:37.815 DEBUG 5300 --- [nio-8701-exec-5] o.s.w.s.m.m.a.HttpEntityMethodProcessor  : Using 'application/json', given [*/*] and supported [application/json, application/*+json, application/json, application/*+json]
2022-03-20 12:26:37.817 DEBUG 5300 --- [nio-8701-exec-5] o.s.w.s.m.m.a.HttpEntityMethodProcessor  : Writing [{timestamp=Sun Mar 20 12:26:37 MSK 2022, status=400, error=Bad Request, path=/api/register}]
2022-03-20 12:26:37.847 DEBUG 5300 --- [nio-8701-exec-5] w.c.HttpSessionSecurityContextRepository : Did not store anonymous SecurityContext
2022-03-20 12:26:37.851 DEBUG 5300 --- [nio-8701-exec-5] o.j.s.OpenEntityManagerInViewInterceptor : Closing JPA EntityManager in OpenEntityManagerInViewInterceptor
2022-03-20 12:26:37.852 DEBUG 5300 --- [nio-8701-exec-5] o.s.web.servlet.DispatcherServlet        : Exiting from "ERROR" dispatch, status 400
2022-03-20 12:26:37.852 DEBUG 5300 --- [nio-8701-exec-5] w.c.HttpSessionSecurityContextRepository : Did not store anonymous SecurityContext
2022-03-20 12:26:37.852 DEBUG 5300 --- [nio-8701-exec-5] s.s.w.c.SecurityContextPersistenceFilter : Cleared SecurityContextHolder to complete request
?[1;31m
Start test 6?[0m
2022-03-20 12:26:37.865 DEBUG 5300 --- [nio-8701-exec-8] o.s.security.web.FilterChainProxy        : Securing POST /api/register
2022-03-20 12:26:37.866 DEBUG 5300 --- [nio-8701-exec-8] s.s.w.c.SecurityContextPersistenceFilter : Set SecurityContextHolder to empty SecurityContext
2022-03-20 12:26:37.868 DEBUG 5300 --- [nio-8701-exec-8] o.s.s.w.a.AnonymousAuthenticationFilter  : Set SecurityContextHolder to anonymous SecurityContext
2022-03-20 12:26:37.870 DEBUG 5300 --- [nio-8701-exec-8] s.w.s.m.m.a.RequestMappingHandlerMapping : Mapped to recipes.presentation.RecipesController#registerNewUser(User)
2022-03-20 12:26:37.871 DEBUG 5300 --- [nio-8701-exec-8] o.s.s.w.a.i.FilterSecurityInterceptor    : Authorized filter invocation [POST /api/register] with attributes [permitAll]
2022-03-20 12:26:37.872 DEBUG 5300 --- [nio-8701-exec-8] o.s.security.web.FilterChainProxy        : Secured POST /api/register
2022-03-20 12:26:37.874 DEBUG 5300 --- [nio-8701-exec-8] o.s.web.servlet.DispatcherServlet        : POST "/api/register", parameters={}
2022-03-20 12:26:37.877 DEBUG 5300 --- [nio-8701-exec-8] s.w.s.m.m.a.RequestMappingHandlerMapping : Mapped to recipes.presentation.RecipesController#registerNewUser(User)
2022-03-20 12:26:37.878 DEBUG 5300 --- [nio-8701-exec-8] o.j.s.OpenEntityManagerInViewInterceptor : Opening JPA EntityManager in OpenEntityManagerInViewInterceptor
2022-03-20 12:26:37.882 DEBUG 5300 --- [nio-8701-exec-8] m.m.a.RequestResponseBodyMethodProcessor : Read "application/json;charset=UTF-8" to [recipes.businesslayer.User@2bc70867]
2022-03-20 12:26:37.889 DEBUG 5300 --- [nio-8701-exec-8] w.c.HttpSessionSecurityContextRepository : Did not store anonymous SecurityContext
2022-03-20 12:26:37.890  WARN 5300 --- [nio-8701-exec-8] .w.s.m.s.DefaultHandlerExceptionResolver : Resolved [org.springframework.web.bind.MethodArgumentNotValidException: Validation failed for argument [0] in public org.springframework.http.ResponseEntity recipes.presentation.RecipesController.registerNewUser(recipes.businesslayer.User): [Field error in object 'user' on field 'email': rejected value [Test4test.com]; codes [Pattern.user.email,Pattern.email,Pattern.java.lang.String,Pattern]; arguments [org.springframework.context.support.DefaultMessageSourceResolvable: codes [user.email,email]; arguments []; default message [email],[Ljavax.validation.constraints.Pattern$Flag;@5bef84ba,.+@.+\..+]; default message [must match ".+@.+\..+"]] ]
2022-03-20 12:26:37.892 DEBUG 5300 --- [nio-8701-exec-8] o.j.s.OpenEntityManagerInViewInterceptor : Closing JPA EntityManager in OpenEntityManagerInViewInterceptor
2022-03-20 12:26:37.896 DEBUG 5300 --- [nio-8701-exec-8] o.s.web.servlet.DispatcherServlet        : Completed 400 BAD_REQUEST
2022-03-20 12:26:37.896 DEBUG 5300 --- [nio-8701-exec-8] w.c.HttpSessionSecurityContextRepository : Did not store anonymous SecurityContext
2022-03-20 12:26:37.897 DEBUG 5300 --- [nio-8701-exec-8] s.s.w.c.SecurityContextPersistenceFilter : Cleared SecurityContextHolder to complete request
2022-03-20 12:26:37.897 DEBUG 5300 --- [nio-8701-exec-8] o.s.security.web.FilterChainProxy        : Securing POST /error
2022-03-20 12:26:37.898 DEBUG 5300 --- [nio-8701-exec-8] s.s.w.c.SecurityContextPersistenceFilter : Set SecurityContextHolder to empty SecurityContext
2022-03-20 12:26:37.898 DEBUG 5300 --- [nio-8701-exec-8] o.s.s.w.a.AnonymousAuthenticationFilter  : Set SecurityContextHolder to anonymous SecurityContext
2022-03-20 12:26:37.898 DEBUG 5300 --- [nio-8701-exec-8] o.s.security.web.FilterChainProxy        : Secured POST /error
2022-03-20 12:26:37.898 DEBUG 5300 --- [nio-8701-exec-8] o.s.web.servlet.DispatcherServlet        : "ERROR" dispatch for POST "/error", parameters={}
2022-03-20 12:26:37.899 DEBUG 5300 --- [nio-8701-exec-8] s.w.s.m.m.a.RequestMappingHandlerMapping : Mapped to org.springframework.boot.autoconfigure.web.servlet.error.BasicErrorController#error(HttpServletRequest)
2022-03-20 12:26:37.900 DEBUG 5300 --- [nio-8701-exec-8] o.j.s.OpenEntityManagerInViewInterceptor : Opening JPA EntityManager in OpenEntityManagerInViewInterceptor
2022-03-20 12:26:37.901 DEBUG 5300 --- [nio-8701-exec-8] o.s.w.s.m.m.a.HttpEntityMethodProcessor  : Using 'application/json', given [*/*] and supported [application/json, application/*+json, application/json, application/*+json]
2022-03-20 12:26:37.901 DEBUG 5300 --- [nio-8701-exec-8] o.s.w.s.m.m.a.HttpEntityMethodProcessor  : Writing [{timestamp=Sun Mar 20 12:26:37 MSK 2022, status=400, error=Bad Request, path=/api/register}]
2022-03-20 12:26:37.902 DEBUG 5300 --- [nio-8701-exec-8] w.c.HttpSessionSecurityContextRepository : Did not store anonymous SecurityContext
2022-03-20 12:26:37.916 DEBUG 5300 --- [nio-8701-exec-8] o.j.s.OpenEntityManagerInViewInterceptor : Closing JPA EntityManager in OpenEntityManagerInViewInterceptor
2022-03-20 12:26:37.916 DEBUG 5300 --- [nio-8701-exec-8] o.s.web.servlet.DispatcherServlet        : Exiting from "ERROR" dispatch, status 400
2022-03-20 12:26:37.916 DEBUG 5300 --- [nio-8701-exec-8] w.c.HttpSessionSecurityContextRepository : Did not store anonymous SecurityContext
2022-03-20 12:26:37.917 DEBUG 5300 --- [nio-8701-exec-8] s.s.w.c.SecurityContextPersistenceFilter : Cleared SecurityContextHolder to complete request
?[1;31m
Start test 7?[0m
2022-03-20 12:26:37.931 DEBUG 5300 --- [nio-8701-exec-9] o.s.security.web.FilterChainProxy        : Securing POST /api/register
2022-03-20 12:26:37.931 DEBUG 5300 --- [nio-8701-exec-9] s.s.w.c.SecurityContextPersistenceFilter : Set SecurityContextHolder to empty SecurityContext
2022-03-20 12:26:37.932 DEBUG 5300 --- [nio-8701-exec-9] o.s.s.w.a.AnonymousAuthenticationFilter  : Set SecurityContextHolder to anonymous SecurityContext
2022-03-20 12:26:37.934 DEBUG 5300 --- [nio-8701-exec-9] s.w.s.m.m.a.RequestMappingHandlerMapping : Mapped to recipes.presentation.RecipesController#registerNewUser(User)
2022-03-20 12:26:37.934 DEBUG 5300 --- [nio-8701-exec-9] o.s.s.w.a.i.FilterSecurityInterceptor    : Authorized filter invocation [POST /api/register] with attributes [permitAll]
2022-03-20 12:26:37.934 DEBUG 5300 --- [nio-8701-exec-9] o.s.security.web.FilterChainProxy        : Secured POST /api/register
2022-03-20 12:26:37.935 DEBUG 5300 --- [nio-8701-exec-9] o.s.web.servlet.DispatcherServlet        : POST "/api/register", parameters={}
2022-03-20 12:26:37.937 DEBUG 5300 --- [nio-8701-exec-9] s.w.s.m.m.a.RequestMappingHandlerMapping : Mapped to recipes.presentation.RecipesController#registerNewUser(User)
2022-03-20 12:26:37.940 DEBUG 5300 --- [nio-8701-exec-9] o.j.s.OpenEntityManagerInViewInterceptor : Opening JPA EntityManager in OpenEntityManagerInViewInterceptor
2022-03-20 12:26:37.942 DEBUG 5300 --- [nio-8701-exec-9] m.m.a.RequestResponseBodyMethodProcessor : Read "application/json;charset=UTF-8" to [recipes.businesslayer.User@6f2d192d]
2022-03-20 12:26:37.950 DEBUG 5300 --- [nio-8701-exec-9] w.c.HttpSessionSecurityContextRepository : Did not store anonymous SecurityContext
2022-03-20 12:26:37.950  WARN 5300 --- [nio-8701-exec-9] .w.s.m.s.DefaultHandlerExceptionResolver : Resolved [org.springframework.web.bind.MethodArgumentNotValidException: Validation failed for argument [0] in public org.springframework.http.ResponseEntity recipes.presentation.RecipesController.registerNewUser(recipes.businesslayer.User): [Field error in object 'user' on field 'password': rejected value [Test555]; codes [Size.user.password,Size.password,Size.java.lang.String,Size]; arguments [org.springframework.context.support.DefaultMessageSourceResolvable: codes [user.password,password]; arguments []; default message [password],2147483647,8]; default message [size must be between 8 and 2147483647]] ]
2022-03-20 12:26:37.951 DEBUG 5300 --- [nio-8701-exec-9] o.j.s.OpenEntityManagerInViewInterceptor : Closing JPA EntityManager in OpenEntityManagerInViewInterceptor
2022-03-20 12:26:37.951 DEBUG 5300 --- [nio-8701-exec-9] o.s.web.servlet.DispatcherServlet        : Completed 400 BAD_REQUEST
2022-03-20 12:26:37.952 DEBUG 5300 --- [nio-8701-exec-9] w.c.HttpSessionSecurityContextRepository : Did not store anonymous SecurityContext
2022-03-20 12:26:37.952 DEBUG 5300 --- [nio-8701-exec-9] s.s.w.c.SecurityContextPersistenceFilter : Cleared SecurityContextHolder to complete request
2022-03-20 12:26:37.953 DEBUG 5300 --- [nio-8701-exec-9] o.s.security.web.FilterChainProxy        : Securing POST /error
2022-03-20 12:26:37.953 DEBUG 5300 --- [nio-8701-exec-9] s.s.w.c.SecurityContextPersistenceFilter : Set SecurityContextHolder to empty SecurityContext
2022-03-20 12:26:37.953 DEBUG 5300 --- [nio-8701-exec-9] o.s.s.w.a.AnonymousAuthenticationFilter  : Set SecurityContextHolder to anonymous SecurityContext
2022-03-20 12:26:37.953 DEBUG 5300 --- [nio-8701-exec-9] o.s.security.web.FilterChainProxy        : Secured POST /error
2022-03-20 12:26:37.954 DEBUG 5300 --- [nio-8701-exec-9] o.s.web.servlet.DispatcherServlet        : "ERROR" dispatch for POST "/error", parameters={}
2022-03-20 12:26:37.958 DEBUG 5300 --- [nio-8701-exec-9] s.w.s.m.m.a.RequestMappingHandlerMapping : Mapped to org.springframework.boot.autoconfigure.web.servlet.error.BasicErrorController#error(HttpServletRequest)
2022-03-20 12:26:37.959 DEBUG 5300 --- [nio-8701-exec-9] o.j.s.OpenEntityManagerInViewInterceptor : Opening JPA EntityManager in OpenEntityManagerInViewInterceptor
2022-03-20 12:26:37.960 DEBUG 5300 --- [nio-8701-exec-9] o.s.w.s.m.m.a.HttpEntityMethodProcessor  : Using 'application/json', given [*/*] and supported [application/json, application/*+json, application/json, application/*+json]
2022-03-20 12:26:37.960 DEBUG 5300 --- [nio-8701-exec-9] o.s.w.s.m.m.a.HttpEntityMethodProcessor  : Writing [{timestamp=Sun Mar 20 12:26:37 MSK 2022, status=400, error=Bad Request, path=/api/register}]
2022-03-20 12:26:37.961 DEBUG 5300 --- [nio-8701-exec-9] w.c.HttpSessionSecurityContextRepository : Did not store anonymous SecurityContext
2022-03-20 12:26:37.963 DEBUG 5300 --- [nio-8701-exec-9] o.j.s.OpenEntityManagerInViewInterceptor : Closing JPA EntityManager in OpenEntityManagerInViewInterceptor
2022-03-20 12:26:37.963 DEBUG 5300 --- [nio-8701-exec-9] o.s.web.servlet.DispatcherServlet        : Exiting from "ERROR" dispatch, status 400
2022-03-20 12:26:37.963 DEBUG 5300 --- [nio-8701-exec-9] w.c.HttpSessionSecurityContextRepository : Did not store anonymous SecurityContext
2022-03-20 12:26:37.964 DEBUG 5300 --- [nio-8701-exec-9] s.s.w.c.SecurityContextPersistenceFilter : Cleared SecurityContextHolder to complete request
?[1;31m
Start test 8?[0m
2022-03-20 12:26:37.973 DEBUG 5300 --- [io-8701-exec-10] o.s.security.web.FilterChainProxy        : Securing POST /api/register
2022-03-20 12:26:37.973 DEBUG 5300 --- [io-8701-exec-10] s.s.w.c.SecurityContextPersistenceFilter : Set SecurityContextHolder to empty SecurityContext
2022-03-20 12:26:37.974 DEBUG 5300 --- [io-8701-exec-10] o.s.s.w.a.AnonymousAuthenticationFilter  : Set SecurityContextHolder to anonymous SecurityContext
2022-03-20 12:26:37.975 DEBUG 5300 --- [io-8701-exec-10] s.w.s.m.m.a.RequestMappingHandlerMapping : Mapped to recipes.presentation.RecipesController#registerNewUser(User)
2022-03-20 12:26:37.976 DEBUG 5300 --- [io-8701-exec-10] o.s.s.w.a.i.FilterSecurityInterceptor    : Authorized filter invocation [POST /api/register] with attributes [permitAll]
2022-03-20 12:26:37.976 DEBUG 5300 --- [io-8701-exec-10] o.s.security.web.FilterChainProxy        : Secured POST /api/register
2022-03-20 12:26:37.976 DEBUG 5300 --- [io-8701-exec-10] o.s.web.servlet.DispatcherServlet        : POST "/api/register", parameters={}
2022-03-20 12:26:37.978 DEBUG 5300 --- [io-8701-exec-10] s.w.s.m.m.a.RequestMappingHandlerMapping : Mapped to recipes.presentation.RecipesController#registerNewUser(User)
2022-03-20 12:26:37.978 DEBUG 5300 --- [io-8701-exec-10] o.j.s.OpenEntityManagerInViewInterceptor : Opening JPA EntityManager in OpenEntityManagerInViewInterceptor
2022-03-20 12:26:37.981 DEBUG 5300 --- [io-8701-exec-10] m.m.a.RequestResponseBodyMethodProcessor : Read "application/json;charset=UTF-8" to [recipes.businesslayer.User@3598fa19]
2022-03-20 12:26:37.987 DEBUG 5300 --- [io-8701-exec-10] w.c.HttpSessionSecurityContextRepository : Did not store anonymous SecurityContext
2022-03-20 12:26:37.987  WARN 5300 --- [io-8701-exec-10] .w.s.m.s.DefaultHandlerExceptionResolver : Resolved [org.springframework.web.bind.MethodArgumentNotValidException: Validation failed for argument [0] in public org.springframework.http.ResponseEntity recipes.presentation.RecipesController.registerNewUser(recipes.businesslayer.User): [Field error in object 'user' on field 'password': rejected value [        ]; codes [NotBlank.user.password,NotBlank.password,NotBlank.java.lang.String,NotBlank]; arguments [org.springframework.context.support.DefaultMessageSourceResolvable: codes [user.password,password]; arguments []; default message [password]]; default message [must not be blank]] ]
2022-03-20 12:26:37.987 DEBUG 5300 --- [io-8701-exec-10] o.j.s.OpenEntityManagerInViewInterceptor : Closing JPA EntityManager in OpenEntityManagerInViewInterceptor
2022-03-20 12:26:37.987 DEBUG 5300 --- [io-8701-exec-10] o.s.web.servlet.DispatcherServlet        : Completed 400 BAD_REQUEST
2022-03-20 12:26:37.988 DEBUG 5300 --- [io-8701-exec-10] w.c.HttpSessionSecurityContextRepository : Did not store anonymous SecurityContext
2022-03-20 12:26:37.988 DEBUG 5300 --- [io-8701-exec-10] s.s.w.c.SecurityContextPersistenceFilter : Cleared SecurityContextHolder to complete request
2022-03-20 12:26:37.990 DEBUG 5300 --- [io-8701-exec-10] o.s.security.web.FilterChainProxy        : Securing POST /error
2022-03-20 12:26:37.990 DEBUG 5300 --- [io-8701-exec-10] s.s.w.c.SecurityContextPersistenceFilter : Set SecurityContextHolder to empty SecurityContext
2022-03-20 12:26:37.991 DEBUG 5300 --- [io-8701-exec-10] o.s.s.w.a.AnonymousAuthenticationFilter  : Set SecurityContextHolder to anonymous SecurityContext
2022-03-20 12:26:37.991 DEBUG 5300 --- [io-8701-exec-10] o.s.security.web.FilterChainProxy        : Secured POST /error
2022-03-20 12:26:37.991 DEBUG 5300 --- [io-8701-exec-10] o.s.web.servlet.DispatcherServlet        : "ERROR" dispatch for POST "/error", parameters={}
2022-03-20 12:26:37.992 DEBUG 5300 --- [io-8701-exec-10] s.w.s.m.m.a.RequestMappingHandlerMapping : Mapped to org.springframework.boot.autoconfigure.web.servlet.error.BasicErrorController#error(HttpServletRequest)
2022-03-20 12:26:37.992 DEBUG 5300 --- [io-8701-exec-10] o.j.s.OpenEntityManagerInViewInterceptor : Opening JPA EntityManager in OpenEntityManagerInViewInterceptor
2022-03-20 12:26:37.993 DEBUG 5300 --- [io-8701-exec-10] o.s.w.s.m.m.a.HttpEntityMethodProcessor  : Using 'application/json', given [*/*] and supported [application/json, application/*+json, application/json, application/*+json]
2022-03-20 12:26:37.994 DEBUG 5300 --- [io-8701-exec-10] o.s.w.s.m.m.a.HttpEntityMethodProcessor  : Writing [{timestamp=Sun Mar 20 12:26:37 MSK 2022, status=400, error=Bad Request, path=/api/register}]
2022-03-20 12:26:37.995 DEBUG 5300 --- [io-8701-exec-10] w.c.HttpSessionSecurityContextRepository : Did not store anonymous SecurityContext
2022-03-20 12:26:37.996 DEBUG 5300 --- [io-8701-exec-10] o.j.s.OpenEntityManagerInViewInterceptor : Closing JPA EntityManager in OpenEntityManagerInViewInterceptor
2022-03-20 12:26:37.997 DEBUG 5300 --- [io-8701-exec-10] o.s.web.servlet.DispatcherServlet        : Exiting from "ERROR" dispatch, status 400
2022-03-20 12:26:37.997 DEBUG 5300 --- [io-8701-exec-10] w.c.HttpSessionSecurityContextRepository : Did not store anonymous SecurityContext
2022-03-20 12:26:37.997 DEBUG 5300 --- [io-8701-exec-10] s.s.w.c.SecurityContextPersistenceFilter : Cleared SecurityContextHolder to complete request
?[1;31m
Start test 9?[0m
2022-03-20 12:26:38.007 DEBUG 5300 --- [nio-8701-exec-1] o.s.security.web.FilterChainProxy        : Securing POST /api/recipe/new
2022-03-20 12:26:38.007 DEBUG 5300 --- [nio-8701-exec-1] s.s.w.c.SecurityContextPersistenceFilter : Set SecurityContextHolder to empty SecurityContext
2022-03-20 12:26:38.012 DEBUG 5300 --- [nio-8701-exec-1] tor$SharedEntityManagerInvocationHandler : Creating new EntityManager for shared EntityManager invocation
Hibernate: select user0_.email as email1_3_, user0_.password as password2_3_ from users user0_ where user0_.email=?
2022-03-20 12:26:38.104 DEBUG 5300 --- [nio-8701-exec-1] o.s.s.a.dao.DaoAuthenticationProvider    : Authenticated user
2022-03-20 12:26:38.105 DEBUG 5300 --- [nio-8701-exec-1] o.s.s.w.a.www.BasicAuthenticationFilter  : Set SecurityContextHolder to UsernamePasswordAuthenticationToken [Principal=recipes.businesslayer.UserDetailsImpl@6d061496, Credentials=[PROTECTED], Authenticated=true, Details=WebAuthenticationDetails [RemoteIpAddress=127.0.0.1, SessionId=null], Granted Authorities=[]]
2022-03-20 12:26:38.285  WARN 5300 --- [nio-8701-exec-1] o.a.c.util.SessionIdGeneratorBase        : Creation of SecureRandom instance for session ID generation using [SHA1PRNG] took [166] milliseconds.
2022-03-20 12:26:38.392 DEBUG 5300 --- [nio-8701-exec-1] w.c.HttpSessionSecurityContextRepository : Created HttpSession as SecurityContext is non-default
2022-03-20 12:26:38.394 DEBUG 5300 --- [nio-8701-exec-1] w.c.HttpSessionSecurityContextRepository : Stored SecurityContextImpl [Authentication=UsernamePasswordAuthenticationToken [Principal=recipes.businesslayer.UserDetailsImpl@6d061496, Credentials=[PROTECTED], Authenticated=true, Details=WebAuthenticationDetails [RemoteIpAddress=127.0.0.1, SessionId=null], Granted Authorities=[]]] to HttpSession [org.apache.catalina.session.StandardSessionFacade@59b58c23]
2022-03-20 12:26:38.397 DEBUG 5300 --- [nio-8701-exec-1] s.w.s.m.m.a.RequestMappingHandlerMapping : Mapped to recipes.presentation.RecipesController#sendRecipe(Recipe, Authentication)
2022-03-20 12:26:38.409 DEBUG 5300 --- [nio-8701-exec-1] s.w.s.m.m.a.RequestMappingHandlerMapping : Mapped to recipes.presentation.RecipesController#sendRecipe(Recipe, Authentication)
2022-03-20 12:26:38.411 DEBUG 5300 --- [nio-8701-exec-1] s.w.s.m.m.a.RequestMappingHandlerMapping : Mapped to recipes.presentation.RecipesController#sendRecipe(Recipe, Authentication)
2022-03-20 12:26:38.412 DEBUG 5300 --- [nio-8701-exec-1] o.s.s.w.a.i.FilterSecurityInterceptor    : Authorized filter invocation [POST /api/recipe/new] with attributes [authenticated]
2022-03-20 12:26:38.413 DEBUG 5300 --- [nio-8701-exec-1] o.s.security.web.FilterChainProxy        : Secured POST /api/recipe/new
2022-03-20 12:26:38.413 DEBUG 5300 --- [nio-8701-exec-1] o.s.web.servlet.DispatcherServlet        : POST "/api/recipe/new", parameters={}
2022-03-20 12:26:38.416 DEBUG 5300 --- [nio-8701-exec-1] s.w.s.m.m.a.RequestMappingHandlerMapping : Mapped to recipes.presentation.RecipesController#sendRecipe(Recipe, Authentication)
2022-03-20 12:26:38.417 DEBUG 5300 --- [nio-8701-exec-1] o.j.s.OpenEntityManagerInViewInterceptor : Opening JPA EntityManager in OpenEntityManagerInViewInterceptor
2022-03-20 12:26:38.472 DEBUG 5300 --- [nio-8701-exec-1] m.m.a.RequestResponseBodyMethodProcessor : Read "application/json;charset=UTF-8" to [Recipe(id=0, name=Fresh Mint Tea /Test, date=null, category=beverage /Test, description=Light, aroma (truncated)...]
recipes.businesslayer.UserDetailsImpl@6d061496
LoginTest2@test.com
2022-03-20 12:26:38.577 DEBUG 5300 --- [nio-8701-exec-1] o.s.orm.jpa.JpaTransactionManager        : Found thread-bound EntityManager [SessionImpl(2102716439<open>)] for JPA transaction
2022-03-20 12:26:38.578 DEBUG 5300 --- [nio-8701-exec-1] o.s.orm.jpa.JpaTransactionManager        : Creating new transaction with name [org.springframework.data.jpa.repository.support.SimpleJpaRepository.save]: PROPAGATION_REQUIRED,ISOLATION_DEFAULT
2022-03-20 12:26:38.580 DEBUG 5300 --- [nio-8701-exec-1] o.s.orm.jpa.JpaTransactionManager        : Exposing JPA transaction as JDBC [org.springframework.orm.jpa.vendor.HibernateJpaDialect$HibernateConnectionHandle@5aaa9b6]
Hibernate: call next value for hibernate_sequence
2022-03-20 12:26:38.676 DEBUG 5300 --- [nio-8701-exec-1] o.s.orm.jpa.JpaTransactionManager        : Initiating transaction commit
2022-03-20 12:26:38.676 DEBUG 5300 --- [nio-8701-exec-1] o.s.orm.jpa.JpaTransactionManager        : Committing JPA transaction on EntityManager [SessionImpl(2102716439<open>)]
Hibernate: insert into recipes (category, date, description, email, name, id) values (?, ?, ?, ?, ?, ?)
Hibernate: insert into recipe_directions (recipe_id, directions) values (?, ?)
Hibernate: insert into recipe_directions (recipe_id, directions) values (?, ?)
Hibernate: insert into recipe_directions (recipe_id, directions) values (?, ?)
Hibernate: insert into recipe_directions (recipe_id, directions) values (?, ?)
Hibernate: insert into recipe_directions (recipe_id, directions) values (?, ?)
Hibernate: insert into recipe_ingredients (recipe_id, ingredients) values (?, ?)
Hibernate: insert into recipe_ingredients (recipe_id, ingredients) values (?, ?)
Hibernate: insert into recipe_ingredients (recipe_id, ingredients) values (?, ?)
2022-03-20 12:26:38.782 DEBUG 5300 --- [nio-8701-exec-1] o.s.orm.jpa.JpaTransactionManager        : Not closing pre-bound JPA EntityManager after transaction
2022-03-20 12:26:38.797 DEBUG 5300 --- [nio-8701-exec-1] o.s.w.s.m.m.a.HttpEntityMethodProcessor  : Using 'application/json', given [*/*] and supported [application/json, application/*+json, application/json, application/*+json]
2022-03-20 12:26:38.801 DEBUG 5300 --- [nio-8701-exec-1] o.s.w.s.m.m.a.HttpEntityMethodProcessor  : Writing [IdDto(id=149)]
2022-03-20 12:26:38.803 DEBUG 5300 --- [nio-8701-exec-1] w.c.HttpSessionSecurityContextRepository : Stored SecurityContextImpl [Authentication=UsernamePasswordAuthenticationToken [Principal=recipes.businesslayer.UserDetailsImpl@6d061496, Credentials=[PROTECTED], Authenticated=true, Details=WebAuthenticationDetails [RemoteIpAddress=127.0.0.1, SessionId=null], Granted Authorities=[]]] to HttpSession [org.apache.catalina.session.StandardSessionFacade@59b58c23]
2022-03-20 12:26:38.807 DEBUG 5300 --- [nio-8701-exec-1] o.j.s.OpenEntityManagerInViewInterceptor : Closing JPA EntityManager in OpenEntityManagerInViewInterceptor
2022-03-20 12:26:38.810 DEBUG 5300 --- [nio-8701-exec-1] o.s.web.servlet.DispatcherServlet        : Completed 200 OK
2022-03-20 12:26:38.810 DEBUG 5300 --- [nio-8701-exec-1] w.c.HttpSessionSecurityContextRepository : Stored SecurityContextImpl [Authentication=UsernamePasswordAuthenticationToken [Principal=recipes.businesslayer.UserDetailsImpl@6d061496, Credentials=[PROTECTED], Authenticated=true, Details=WebAuthenticationDetails [RemoteIpAddress=127.0.0.1, SessionId=null], Granted Authorities=[]]] to HttpSession [org.apache.catalina.session.StandardSessionFacade@59b58c23]
2022-03-20 12:26:38.810 DEBUG 5300 --- [nio-8701-exec-1] s.s.w.c.SecurityContextPersistenceFilter : Cleared SecurityContextHolder to complete request
?[1;31m
Start test 10?[0m
2022-03-20 12:26:38.856 DEBUG 5300 --- [nio-8701-exec-2] o.s.security.web.FilterChainProxy        : Securing POST /api/recipe/new
2022-03-20 12:26:38.856 DEBUG 5300 --- [nio-8701-exec-2] s.s.w.c.SecurityContextPersistenceFilter : Set SecurityContextHolder to empty SecurityContext
2022-03-20 12:26:38.856 DEBUG 5300 --- [nio-8701-exec-2] tor$SharedEntityManagerInvocationHandler : Creating new EntityManager for shared EntityManager invocation
Hibernate: select user0_.email as email1_3_, user0_.password as password2_3_ from users user0_ where user0_.email=?
2022-03-20 12:26:38.861 DEBUG 5300 --- [nio-8701-exec-2] o.s.s.a.dao.DaoAuthenticationProvider    : Authenticated user
2022-03-20 12:26:38.861 DEBUG 5300 --- [nio-8701-exec-2] o.s.s.w.a.www.BasicAuthenticationFilter  : Set SecurityContextHolder to UsernamePasswordAuthenticationToken [Principal=recipes.businesslayer.UserDetailsImpl@69d94c86, Credentials=[PROTECTED], Authenticated=true, Details=WebAuthenticationDetails [RemoteIpAddress=127.0.0.1, SessionId=null], Granted Authorities=[]]
2022-03-20 12:26:38.862 DEBUG 5300 --- [nio-8701-exec-2] w.c.HttpSessionSecurityContextRepository : Created HttpSession as SecurityContext is non-default
2022-03-20 12:26:38.862 DEBUG 5300 --- [nio-8701-exec-2] w.c.HttpSessionSecurityContextRepository : Stored SecurityContextImpl [Authentication=UsernamePasswordAuthenticationToken [Principal=recipes.businesslayer.UserDetailsImpl@69d94c86, Credentials=[PROTECTED], Authenticated=true, Details=WebAuthenticationDetails [RemoteIpAddress=127.0.0.1, SessionId=null], Granted Authorities=[]]] to HttpSession [org.apache.catalina.session.StandardSessionFacade@33f6c642]
2022-03-20 12:26:38.865 DEBUG 5300 --- [nio-8701-exec-2] s.w.s.m.m.a.RequestMappingHandlerMapping : Mapped to recipes.presentation.RecipesController#sendRecipe(Recipe, Authentication)
2022-03-20 12:26:38.866 DEBUG 5300 --- [nio-8701-exec-2] s.w.s.m.m.a.RequestMappingHandlerMapping : Mapped to recipes.presentation.RecipesController#sendRecipe(Recipe, Authentication)
2022-03-20 12:26:38.869 DEBUG 5300 --- [nio-8701-exec-2] s.w.s.m.m.a.RequestMappingHandlerMapping : Mapped to recipes.presentation.RecipesController#sendRecipe(Recipe, Authentication)
2022-03-20 12:26:38.872 DEBUG 5300 --- [nio-8701-exec-2] o.s.s.w.a.i.FilterSecurityInterceptor    : Authorized filter invocation [POST /api/recipe/new] with attributes [authenticated]
2022-03-20 12:26:38.872 DEBUG 5300 --- [nio-8701-exec-2] o.s.security.web.FilterChainProxy        : Secured POST /api/recipe/new
2022-03-20 12:26:38.872 DEBUG 5300 --- [nio-8701-exec-2] o.s.web.servlet.DispatcherServlet        : POST "/api/recipe/new", parameters={}
2022-03-20 12:26:38.879 DEBUG 5300 --- [nio-8701-exec-2] s.w.s.m.m.a.RequestMappingHandlerMapping : Mapped to recipes.presentation.RecipesController#sendRecipe(Recipe, Authentication)
2022-03-20 12:26:38.879 DEBUG 5300 --- [nio-8701-exec-2] o.j.s.OpenEntityManagerInViewInterceptor : Opening JPA EntityManager in OpenEntityManagerInViewInterceptor
2022-03-20 12:26:38.882 DEBUG 5300 --- [nio-8701-exec-2] m.m.a.RequestResponseBodyMethodProcessor : Read "application/json;charset=UTF-8" to [Recipe(id=0, name=Warming Ginger Tea /Test, date=null, category=beverage /Test, description=Ginger t (truncated)...]
recipes.businesslayer.UserDetailsImpl@69d94c86
LoginTest2@test.com
2022-03-20 12:26:38.884 DEBUG 5300 --- [nio-8701-exec-2] o.s.orm.jpa.JpaTransactionManager        : Found thread-bound EntityManager [SessionImpl(831739188<open>)] for JPA transaction
2022-03-20 12:26:38.886 DEBUG 5300 --- [nio-8701-exec-2] o.s.orm.jpa.JpaTransactionManager        : Creating new transaction with name [org.springframework.data.jpa.repository.support.SimpleJpaRepository.save]: PROPAGATION_REQUIRED,ISOLATION_DEFAULT
2022-03-20 12:26:38.888 DEBUG 5300 --- [nio-8701-exec-2] o.s.orm.jpa.JpaTransactionManager        : Exposing JPA transaction as JDBC [org.springframework.orm.jpa.vendor.HibernateJpaDialect$HibernateConnectionHandle@128d82fc]
Hibernate: call next value for hibernate_sequence
2022-03-20 12:26:38.893 DEBUG 5300 --- [nio-8701-exec-2] o.s.orm.jpa.JpaTransactionManager        : Initiating transaction commit
2022-03-20 12:26:38.894 DEBUG 5300 --- [nio-8701-exec-2] o.s.orm.jpa.JpaTransactionManager        : Committing JPA transaction on EntityManager [SessionImpl(831739188<open>)]
Hibernate: insert into recipes (category, date, description, email, name, id) values (?, ?, ?, ?, ?, ?)
Hibernate: insert into recipe_directions (recipe_id, directions) values (?, ?)
Hibernate: insert into recipe_directions (recipe_id, directions) values (?, ?)
Hibernate: insert into recipe_directions (recipe_id, directions) values (?, ?)
Hibernate: insert into recipe_ingredients (recipe_id, ingredients) values (?, ?)
Hibernate: insert into recipe_ingredients (recipe_id, ingredients) values (?, ?)
Hibernate: insert into recipe_ingredients (recipe_id, ingredients) values (?, ?)
2022-03-20 12:26:38.920 DEBUG 5300 --- [nio-8701-exec-2] o.s.orm.jpa.JpaTransactionManager        : Not closing pre-bound JPA EntityManager after transaction
2022-03-20 12:26:38.921 DEBUG 5300 --- [nio-8701-exec-2] o.s.w.s.m.m.a.HttpEntityMethodProcessor  : Using 'application/json', given [*/*] and supported [application/json, application/*+json, application/json, application/*+json]
2022-03-20 12:26:38.921 DEBUG 5300 --- [nio-8701-exec-2] o.s.w.s.m.m.a.HttpEntityMethodProcessor  : Writing [IdDto(id=150)]
2022-03-20 12:26:38.922 DEBUG 5300 --- [nio-8701-exec-2] w.c.HttpSessionSecurityContextRepository : Stored SecurityContextImpl [Authentication=UsernamePasswordAuthenticationToken [Principal=recipes.businesslayer.UserDetailsImpl@69d94c86, Credentials=[PROTECTED], Authenticated=true, Details=WebAuthenticationDetails [RemoteIpAddress=127.0.0.1, SessionId=null], Granted Authorities=[]]] to HttpSession [org.apache.catalina.session.StandardSessionFacade@33f6c642]
2022-03-20 12:26:38.924 DEBUG 5300 --- [nio-8701-exec-2] o.j.s.OpenEntityManagerInViewInterceptor : Closing JPA EntityManager in OpenEntityManagerInViewInterceptor
2022-03-20 12:26:38.925 DEBUG 5300 --- [nio-8701-exec-2] o.s.web.servlet.DispatcherServlet        : Completed 200 OK
2022-03-20 12:26:38.925 DEBUG 5300 --- [nio-8701-exec-2] w.c.HttpSessionSecurityContextRepository : Stored SecurityContextImpl [Authentication=UsernamePasswordAuthenticationToken [Principal=recipes.businesslayer.UserDetailsImpl@69d94c86, Credentials=[PROTECTED], Authenticated=true, Details=WebAuthenticationDetails [RemoteIpAddress=127.0.0.1, SessionId=null], Granted Authorities=[]]] to HttpSession [org.apache.catalina.session.StandardSessionFacade@33f6c642]
2022-03-20 12:26:38.925 DEBUG 5300 --- [nio-8701-exec-2] s.s.w.c.SecurityContextPersistenceFilter : Cleared SecurityContextHolder to complete request
?[1;31m
Start test 11?[0m
2022-03-20 12:26:38.944 DEBUG 5300 --- [nio-8701-exec-3] o.s.security.web.FilterChainProxy        : Securing GET /api/recipe/149
2022-03-20 12:26:38.945 DEBUG 5300 --- [nio-8701-exec-3] s.s.w.c.SecurityContextPersistenceFilter : Set SecurityContextHolder to empty SecurityContext
2022-03-20 12:26:38.947 DEBUG 5300 --- [nio-8701-exec-3] tor$SharedEntityManagerInvocationHandler : Creating new EntityManager for shared EntityManager invocation
Hibernate: select user0_.email as email1_3_, user0_.password as password2_3_ from users user0_ where user0_.email=?
2022-03-20 12:26:38.952 DEBUG 5300 --- [nio-8701-exec-3] o.s.s.a.dao.DaoAuthenticationProvider    : Authenticated user
2022-03-20 12:26:38.952 DEBUG 5300 --- [nio-8701-exec-3] o.s.s.w.a.www.BasicAuthenticationFilter  : Set SecurityContextHolder to UsernamePasswordAuthenticationToken [Principal=recipes.businesslayer.UserDetailsImpl@36744c95, Credentials=[PROTECTED], Authenticated=true, Details=WebAuthenticationDetails [RemoteIpAddress=127.0.0.1, SessionId=null], Granted Authorities=[]]
2022-03-20 12:26:38.953 DEBUG 5300 --- [nio-8701-exec-3] w.c.HttpSessionSecurityContextRepository : Created HttpSession as SecurityContext is non-default
2022-03-20 12:26:38.954 DEBUG 5300 --- [nio-8701-exec-3] w.c.HttpSessionSecurityContextRepository : Stored SecurityContextImpl [Authentication=UsernamePasswordAuthenticationToken [Principal=recipes.businesslayer.UserDetailsImpl@36744c95, Credentials=[PROTECTED], Authenticated=true, Details=WebAuthenticationDetails [RemoteIpAddress=127.0.0.1, SessionId=null], Granted Authorities=[]]] to HttpSession [org.apache.catalina.session.StandardSessionFacade@f4033d3]
2022-03-20 12:26:38.958 DEBUG 5300 --- [nio-8701-exec-3] s.w.s.m.m.a.RequestMappingHandlerMapping : Mapped to recipes.presentation.RecipesController#getRecipe(Long)
2022-03-20 12:26:38.958 DEBUG 5300 --- [nio-8701-exec-3] o.s.s.w.a.i.FilterSecurityInterceptor    : Authorized filter invocation [GET /api/recipe/149] with attributes [authenticated]
2022-03-20 12:26:38.959 DEBUG 5300 --- [nio-8701-exec-3] o.s.security.web.FilterChainProxy        : Secured GET /api/recipe/149
2022-03-20 12:26:38.959 DEBUG 5300 --- [nio-8701-exec-3] o.s.web.servlet.DispatcherServlet        : GET "/api/recipe/149", parameters={}
2022-03-20 12:26:38.961 DEBUG 5300 --- [nio-8701-exec-3] s.w.s.m.m.a.RequestMappingHandlerMapping : Mapped to recipes.presentation.RecipesController#getRecipe(Long)
2022-03-20 12:26:38.961 DEBUG 5300 --- [nio-8701-exec-3] o.j.s.OpenEntityManagerInViewInterceptor : Opening JPA EntityManager in OpenEntityManagerInViewInterceptor
2022-03-20 12:26:38.969 DEBUG 5300 --- [nio-8701-exec-3] o.s.orm.jpa.JpaTransactionManager        : Found thread-bound EntityManager [SessionImpl(203127341<open>)] for JPA transaction
2022-03-20 12:26:38.969 DEBUG 5300 --- [nio-8701-exec-3] o.s.orm.jpa.JpaTransactionManager        : Creating new transaction with name [org.springframework.data.jpa.repository.support.SimpleJpaRepository.existsById]: PROPAGATION_REQUIRED,ISOLATION_DEFAULT,readOnly
2022-03-20 12:26:38.976 DEBUG 5300 --- [nio-8701-exec-3] o.s.jdbc.datasource.DataSourceUtils      : Setting JDBC Connection [HikariProxyConnection@921197786 wrapping conn0: url=jdbc:h2:tcp://localhost/~/testdb user=SA] read-only
2022-03-20 12:26:38.979 DEBUG 5300 --- [nio-8701-exec-3] o.s.orm.jpa.JpaTransactionManager        : Exposing JPA transaction as JDBC [org.springframework.orm.jpa.vendor.HibernateJpaDialect$HibernateConnectionHandle@3edf208b]
Hibernate: select count(*) as col_0_0_ from recipes recipe0_ where recipe0_.id=?
2022-03-20 12:26:38.998 DEBUG 5300 --- [nio-8701-exec-3] o.s.orm.jpa.JpaTransactionManager        : Initiating transaction commit
2022-03-20 12:26:38.999 DEBUG 5300 --- [nio-8701-exec-3] o.s.orm.jpa.JpaTransactionManager        : Committing JPA transaction on EntityManager [SessionImpl(203127341<open>)]
2022-03-20 12:26:39.000 DEBUG 5300 --- [nio-8701-exec-3] o.s.jdbc.datasource.DataSourceUtils      : Resetting read-only flag of JDBC Connection [HikariProxyConnection@921197786 wrapping conn0: url=jdbc:h2:tcp://localhost/~/testdb user=SA]
2022-03-20 12:26:39.000 DEBUG 5300 --- [nio-8701-exec-3] o.s.orm.jpa.JpaTransactionManager        : Not closing pre-bound JPA EntityManager after transaction
2022-03-20 12:26:39.001 DEBUG 5300 --- [nio-8701-exec-3] o.s.orm.jpa.JpaTransactionManager        : Found thread-bound EntityManager [SessionImpl(203127341<open>)] for JPA transaction
2022-03-20 12:26:39.001 DEBUG 5300 --- [nio-8701-exec-3] o.s.orm.jpa.JpaTransactionManager        : Creating new transaction with name [org.springframework.data.jpa.repository.support.SimpleJpaRepository.findById]: PROPAGATION_REQUIRED,ISOLATION_DEFAULT,readOnly
2022-03-20 12:26:39.001 DEBUG 5300 --- [nio-8701-exec-3] o.s.jdbc.datasource.DataSourceUtils      : Setting JDBC Connection [HikariProxyConnection@921197786 wrapping conn0: url=jdbc:h2:tcp://localhost/~/testdb user=SA] read-only
2022-03-20 12:26:39.002 DEBUG 5300 --- [nio-8701-exec-3] o.s.orm.jpa.JpaTransactionManager        : Exposing JPA transaction as JDBC [org.springframework.orm.jpa.vendor.HibernateJpaDialect$HibernateConnectionHandle@64675e6e]
Hibernate: select recipe0_.id as id1_2_0_, recipe0_.category as category2_2_0_, recipe0_.date as date3_2_0_, recipe0_.description as descript4_2_0_, recipe0_.email as email5_2_0_, recipe0_.name as name6_2_0_ from recipes recipe0_ where recipe0_.id=?
2022-03-20 12:26:39.023 DEBUG 5300 --- [nio-8701-exec-3] o.s.orm.jpa.JpaTransactionManager        : Initiating transaction commit
2022-03-20 12:26:39.023 DEBUG 5300 --- [nio-8701-exec-3] o.s.orm.jpa.JpaTransactionManager        : Committing JPA transaction on EntityManager [SessionImpl(203127341<open>)]
2022-03-20 12:26:39.024 DEBUG 5300 --- [nio-8701-exec-3] o.s.jdbc.datasource.DataSourceUtils      : Resetting read-only flag of JDBC Connection [HikariProxyConnection@921197786 wrapping conn0: url=jdbc:h2:tcp://localhost/~/testdb user=SA]
2022-03-20 12:26:39.025 DEBUG 5300 --- [nio-8701-exec-3] o.s.orm.jpa.JpaTransactionManager        : Not closing pre-bound JPA EntityManager after transaction
2022-03-20 12:26:39.034 DEBUG 5300 --- [nio-8701-exec-3] m.m.a.RequestResponseBodyMethodProcessor : Using 'application/json', given [*/*] and supported [application/json, application/*+json, application/json, application/*+json]
Hibernate: select ingredient0_.recipe_id as recipe_i1_1_0_, ingredient0_.ingredients as ingredie2_1_0_ from recipe_ingredients ingredient0_ where ingredient0_.recipe_id=?
Hibernate: select directions0_.recipe_id as recipe_i1_0_0_, directions0_.directions as directio2_0_0_ from recipe_directions directions0_ where directions0_.recipe_id=?
2022-03-20 12:26:39.067 DEBUG 5300 --- [nio-8701-exec-3] m.m.a.RequestResponseBodyMethodProcessor : Writing [Recipe(id=149, name=Fresh Mint Tea /Test, date=2022-03-20T12:26:38.687090, category=beverage /Test,  (truncated)...]
2022-03-20 12:26:39.077 DEBUG 5300 --- [nio-8701-exec-3] w.c.HttpSessionSecurityContextRepository : Stored SecurityContextImpl [Authentication=UsernamePasswordAuthenticationToken [Principal=recipes.businesslayer.UserDetailsImpl@36744c95, Credentials=[PROTECTED], Authenticated=true, Details=WebAuthenticationDetails [RemoteIpAddress=127.0.0.1, SessionId=null], Granted Authorities=[]]] to HttpSession [org.apache.catalina.session.StandardSessionFacade@f4033d3]
2022-03-20 12:26:39.080 DEBUG 5300 --- [nio-8701-exec-3] o.j.s.OpenEntityManagerInViewInterceptor : Closing JPA EntityManager in OpenEntityManagerInViewInterceptor
2022-03-20 12:26:39.081 DEBUG 5300 --- [nio-8701-exec-3] o.s.web.servlet.DispatcherServlet        : Completed 200 OK
2022-03-20 12:26:39.082 DEBUG 5300 --- [nio-8701-exec-3] w.c.HttpSessionSecurityContextRepository : Stored SecurityContextImpl [Authentication=UsernamePasswordAuthenticationToken [Principal=recipes.businesslayer.UserDetailsImpl@36744c95, Credentials=[PROTECTED], Authenticated=true, Details=WebAuthenticationDetails [RemoteIpAddress=127.0.0.1, SessionId=null], Granted Authorities=[]]] to HttpSession [org.apache.catalina.session.StandardSessionFacade@f4033d3]
2022-03-20 12:26:39.082 DEBUG 5300 --- [nio-8701-exec-3] s.s.w.c.SecurityContextPersistenceFilter : Cleared SecurityContextHolder to complete request
?[1;31m
Start test 12?[0m
2022-03-20 12:26:39.094 DEBUG 5300 --- [nio-8701-exec-4] o.s.security.web.FilterChainProxy        : Securing GET /api/recipe/150
2022-03-20 12:26:39.094 DEBUG 5300 --- [nio-8701-exec-4] s.s.w.c.SecurityContextPersistenceFilter : Set SecurityContextHolder to empty SecurityContext
2022-03-20 12:26:39.095 DEBUG 5300 --- [nio-8701-exec-4] tor$SharedEntityManagerInvocationHandler : Creating new EntityManager for shared EntityManager invocation
Hibernate: select user0_.email as email1_3_, user0_.password as password2_3_ from users user0_ where user0_.email=?
2022-03-20 12:26:39.099 DEBUG 5300 --- [nio-8701-exec-4] o.s.s.a.dao.DaoAuthenticationProvider    : Authenticated user
2022-03-20 12:26:39.100 DEBUG 5300 --- [nio-8701-exec-4] o.s.s.w.a.www.BasicAuthenticationFilter  : Set SecurityContextHolder to UsernamePasswordAuthenticationToken [Principal=recipes.businesslayer.UserDetailsImpl@5e5221b3, Credentials=[PROTECTED], Authenticated=true, Details=WebAuthenticationDetails [RemoteIpAddress=127.0.0.1, SessionId=null], Granted Authorities=[]]
2022-03-20 12:26:39.100 DEBUG 5300 --- [nio-8701-exec-4] w.c.HttpSessionSecurityContextRepository : Created HttpSession as SecurityContext is non-default
2022-03-20 12:26:39.100 DEBUG 5300 --- [nio-8701-exec-4] w.c.HttpSessionSecurityContextRepository : Stored SecurityContextImpl [Authentication=UsernamePasswordAuthenticationToken [Principal=recipes.businesslayer.UserDetailsImpl@5e5221b3, Credentials=[PROTECTED], Authenticated=true, Details=WebAuthenticationDetails [RemoteIpAddress=127.0.0.1, SessionId=null], Granted Authorities=[]]] to HttpSession [org.apache.catalina.session.StandardSessionFacade@294f5eba]
2022-03-20 12:26:39.103 DEBUG 5300 --- [nio-8701-exec-4] s.w.s.m.m.a.RequestMappingHandlerMapping : Mapped to recipes.presentation.RecipesController#getRecipe(Long)
2022-03-20 12:26:39.106 DEBUG 5300 --- [nio-8701-exec-4] o.s.s.w.a.i.FilterSecurityInterceptor    : Authorized filter invocation [GET /api/recipe/150] with attributes [authenticated]
2022-03-20 12:26:39.106 DEBUG 5300 --- [nio-8701-exec-4] o.s.security.web.FilterChainProxy        : Secured GET /api/recipe/150
2022-03-20 12:26:39.107 DEBUG 5300 --- [nio-8701-exec-4] o.s.web.servlet.DispatcherServlet        : GET "/api/recipe/150", parameters={}
2022-03-20 12:26:39.108 DEBUG 5300 --- [nio-8701-exec-4] s.w.s.m.m.a.RequestMappingHandlerMapping : Mapped to recipes.presentation.RecipesController#getRecipe(Long)
2022-03-20 12:26:39.109 DEBUG 5300 --- [nio-8701-exec-4] o.j.s.OpenEntityManagerInViewInterceptor : Opening JPA EntityManager in OpenEntityManagerInViewInterceptor
2022-03-20 12:26:39.110 DEBUG 5300 --- [nio-8701-exec-4] o.s.orm.jpa.JpaTransactionManager        : Found thread-bound EntityManager [SessionImpl(1578117663<open>)] for JPA transaction
2022-03-20 12:26:39.110 DEBUG 5300 --- [nio-8701-exec-4] o.s.orm.jpa.JpaTransactionManager        : Creating new transaction with name [org.springframework.data.jpa.repository.support.SimpleJpaRepository.existsById]: PROPAGATION_REQUIRED,ISOLATION_DEFAULT,readOnly
2022-03-20 12:26:39.111 DEBUG 5300 --- [nio-8701-exec-4] o.s.jdbc.datasource.DataSourceUtils      : Setting JDBC Connection [HikariProxyConnection@226035177 wrapping conn0: url=jdbc:h2:tcp://localhost/~/testdb user=SA] read-only
2022-03-20 12:26:39.119 DEBUG 5300 --- [nio-8701-exec-4] o.s.orm.jpa.JpaTransactionManager        : Exposing JPA transaction as JDBC [org.springframework.orm.jpa.vendor.HibernateJpaDialect$HibernateConnectionHandle@47f689d5]
Hibernate: select count(*) as col_0_0_ from recipes recipe0_ where recipe0_.id=?
2022-03-20 12:26:39.138 DEBUG 5300 --- [nio-8701-exec-4] o.s.orm.jpa.JpaTransactionManager        : Initiating transaction commit
2022-03-20 12:26:39.139 DEBUG 5300 --- [nio-8701-exec-4] o.s.orm.jpa.JpaTransactionManager        : Committing JPA transaction on EntityManager [SessionImpl(1578117663<open>)]
2022-03-20 12:26:39.144 DEBUG 5300 --- [nio-8701-exec-4] o.s.jdbc.datasource.DataSourceUtils      : Resetting read-only flag of JDBC Connection [HikariProxyConnection@226035177 wrapping conn0: url=jdbc:h2:tcp://localhost/~/testdb user=SA]
2022-03-20 12:26:39.145 DEBUG 5300 --- [nio-8701-exec-4] o.s.orm.jpa.JpaTransactionManager        : Not closing pre-bound JPA EntityManager after transaction
2022-03-20 12:26:39.146 DEBUG 5300 --- [nio-8701-exec-4] o.s.orm.jpa.JpaTransactionManager        : Found thread-bound EntityManager [SessionImpl(1578117663<open>)] for JPA transaction
2022-03-20 12:26:39.146 DEBUG 5300 --- [nio-8701-exec-4] o.s.orm.jpa.JpaTransactionManager        : Creating new transaction with name [org.springframework.data.jpa.repository.support.SimpleJpaRepository.findById]: PROPAGATION_REQUIRED,ISOLATION_DEFAULT,readOnly
2022-03-20 12:26:39.149 DEBUG 5300 --- [nio-8701-exec-4] o.s.jdbc.datasource.DataSourceUtils      : Setting JDBC Connection [HikariProxyConnection@226035177 wrapping conn0: url=jdbc:h2:tcp://localhost/~/testdb user=SA] read-only
2022-03-20 12:26:39.151 DEBUG 5300 --- [nio-8701-exec-4] o.s.orm.jpa.JpaTransactionManager        : Exposing JPA transaction as JDBC [org.springframework.orm.jpa.vendor.HibernateJpaDialect$HibernateConnectionHandle@2115515a]
Hibernate: select recipe0_.id as id1_2_0_, recipe0_.category as category2_2_0_, recipe0_.date as date3_2_0_, recipe0_.description as descript4_2_0_, recipe0_.email as email5_2_0_, recipe0_.name as name6_2_0_ from recipes recipe0_ where recipe0_.id=?
2022-03-20 12:26:39.166 DEBUG 5300 --- [nio-8701-exec-4] o.s.orm.jpa.JpaTransactionManager        : Initiating transaction commit
2022-03-20 12:26:39.166 DEBUG 5300 --- [nio-8701-exec-4] o.s.orm.jpa.JpaTransactionManager        : Committing JPA transaction on EntityManager [SessionImpl(1578117663<open>)]
2022-03-20 12:26:39.175 DEBUG 5300 --- [nio-8701-exec-4] o.s.jdbc.datasource.DataSourceUtils      : Resetting read-only flag of JDBC Connection [HikariProxyConnection@226035177 wrapping conn0: url=jdbc:h2:tcp://localhost/~/testdb user=SA]
2022-03-20 12:26:39.178 DEBUG 5300 --- [nio-8701-exec-4] o.s.orm.jpa.JpaTransactionManager        : Not closing pre-bound JPA EntityManager after transaction
2022-03-20 12:26:39.180 DEBUG 5300 --- [nio-8701-exec-4] m.m.a.RequestResponseBodyMethodProcessor : Using 'application/json', given [*/*] and supported [application/json, application/*+json, application/json, application/*+json]
Hibernate: select ingredient0_.recipe_id as recipe_i1_1_0_, ingredient0_.ingredients as ingredie2_1_0_ from recipe_ingredients ingredient0_ where ingredient0_.recipe_id=?
Hibernate: select directions0_.recipe_id as recipe_i1_0_0_, directions0_.directions as directio2_0_0_ from recipe_directions directions0_ where directions0_.recipe_id=?
2022-03-20 12:26:39.221 DEBUG 5300 --- [nio-8701-exec-4] m.m.a.RequestResponseBodyMethodProcessor : Writing [Recipe(id=150, name=Warming Ginger Tea /Test, date=2022-03-20T12:26:38.896090, category=beverage /Te (truncated)...]
2022-03-20 12:26:39.236 DEBUG 5300 --- [nio-8701-exec-4] w.c.HttpSessionSecurityContextRepository : Stored SecurityContextImpl [Authentication=UsernamePasswordAuthenticationToken [Principal=recipes.businesslayer.UserDetailsImpl@5e5221b3, Credentials=[PROTECTED], Authenticated=true, Details=WebAuthenticationDetails [RemoteIpAddress=127.0.0.1, SessionId=null], Granted Authorities=[]]] to HttpSession [org.apache.catalina.session.StandardSessionFacade@294f5eba]
2022-03-20 12:26:39.239 DEBUG 5300 --- [nio-8701-exec-4] o.j.s.OpenEntityManagerInViewInterceptor : Closing JPA EntityManager in OpenEntityManagerInViewInterceptor
2022-03-20 12:26:39.240 DEBUG 5300 --- [nio-8701-exec-4] o.s.web.servlet.DispatcherServlet        : Completed 200 OK
2022-03-20 12:26:39.240 DEBUG 5300 --- [nio-8701-exec-4] w.c.HttpSessionSecurityContextRepository : Stored SecurityContextImpl [Authentication=UsernamePasswordAuthenticationToken [Principal=recipes.businesslayer.UserDetailsImpl@5e5221b3, Credentials=[PROTECTED], Authenticated=true, Details=WebAuthenticationDetails [RemoteIpAddress=127.0.0.1, SessionId=null], Granted Authorities=[]]] to HttpSession [org.apache.catalina.session.StandardSessionFacade@294f5eba]
2022-03-20 12:26:39.240 DEBUG 5300 --- [nio-8701-exec-4] s.s.w.c.SecurityContextPersistenceFilter : Cleared SecurityContextHolder to complete request
?[1;31m
Start test 13?[0m
2022-03-20 12:26:39.264 DEBUG 5300 --- [nio-8701-exec-7] o.s.security.web.FilterChainProxy        : Securing POST /actuator/shutdown
2022-03-20 12:26:39.264 DEBUG 5300 --- [nio-8701-exec-7] s.s.w.c.SecurityContextPersistenceFilter : Set SecurityContextHolder to empty SecurityContext
2022-03-20 12:26:39.264 DEBUG 5300 --- [nio-8701-exec-7] o.s.s.w.a.AnonymousAuthenticationFilter  : Set SecurityContextHolder to anonymous SecurityContext
2022-03-20 12:26:39.265 DEBUG 5300 --- [nio-8701-exec-7] s.b.a.e.w.s.WebMvcEndpointHandlerMapping : Mapped to Actuator web endpoint 'shutdown'
2022-03-20 12:26:39.266 DEBUG 5300 --- [nio-8701-exec-7] s.b.a.e.w.s.WebMvcEndpointHandlerMapping : Mapped to Actuator web endpoint 'shutdown'
2022-03-20 12:26:39.266 DEBUG 5300 --- [nio-8701-exec-7] o.s.s.w.a.i.FilterSecurityInterceptor    : Authorized filter invocation [POST /actuator/shutdown] with attributes [permitAll]
2022-03-20 12:26:39.266 DEBUG 5300 --- [nio-8701-exec-7] o.s.security.web.FilterChainProxy        : Secured POST /actuator/shutdown
2022-03-20 12:26:39.267 DEBUG 5300 --- [nio-8701-exec-7] o.s.web.servlet.DispatcherServlet        : POST "/actuator/shutdown", parameters={}
2022-03-20 12:26:39.267 DEBUG 5300 --- [nio-8701-exec-7] s.b.a.e.w.s.WebMvcEndpointHandlerMapping : Mapped to Actuator web endpoint 'shutdown'
2022-03-20 12:26:39.272 DEBUG 5300 --- [nio-8701-exec-7] m.m.a.RequestResponseBodyMethodProcessor : Read "application/json;charset=UTF-8" to []
2022-03-20 12:26:39.284 DEBUG 5300 --- [nio-8701-exec-7] m.m.a.RequestResponseBodyMethodProcessor : Using 'application/vnd.spring-boot.actuator.v3+json', given [*/*] and supported [application/vnd.spring-boot.actuator.v3+json, application/vnd.spring-boot.actuator.v2+json, application/json]
2022-03-20 12:26:39.285 DEBUG 5300 --- [nio-8701-exec-7] m.m.a.RequestResponseBodyMethodProcessor : Writing [{message=Shutting down, bye...}]
2022-03-20 12:26:39.305 DEBUG 5300 --- [nio-8701-exec-7] w.c.HttpSessionSecurityContextRepository : Did not store anonymous SecurityContext
2022-03-20 12:26:39.311 DEBUG 5300 --- [nio-8701-exec-7] o.s.web.servlet.DispatcherServlet        : Completed 200 OK
2022-03-20 12:26:39.311 DEBUG 5300 --- [nio-8701-exec-7] w.c.HttpSessionSecurityContextRepository : Did not store anonymous SecurityContext
2022-03-20 12:26:39.311 DEBUG 5300 --- [nio-8701-exec-7] s.s.w.c.SecurityContextPersistenceFilter : Cleared SecurityContextHolder to complete request
2022-03-20 12:26:39.809 DEBUG 5300 --- [       Thread-4] o.s.b.a.ApplicationAvailabilityBean      : Application availability state ReadinessState changed from ACCEPTING_TRAFFIC to REFUSING_TRAFFIC
2022-03-20 12:26:39.811 DEBUG 5300 --- [       Thread-4] ConfigServletWebServerApplicationContext : Closing org.springframework.boot.web.servlet.context.AnnotationConfigServletWebServerApplicationContext@6f70f32f, started on Sun Mar 20 12:26:23 MSK 2022
2022-03-20 12:26:39.815 DEBUG 5300 --- [       Thread-4] o.s.c.support.DefaultLifecycleProcessor  : Stopping beans in phase 2147483647
2022-03-20 12:26:39.818 DEBUG 5300 --- [       Thread-4] o.s.c.support.DefaultLifecycleProcessor  : Bean 'webServerGracefulShutdown' completed its stop procedure
2022-03-20 12:26:39.819 DEBUG 5300 --- [       Thread-4] o.s.c.support.DefaultLifecycleProcessor  : Stopping beans in phase 2147483646
2022-03-20 12:26:39.864 DEBUG 5300 --- [       Thread-4] o.s.c.support.DefaultLifecycleProcessor  : Bean 'webServerStartStop' completed its stop procedure
2022-03-20 12:26:39.866 DEBUG 5300 --- [       Thread-4] o.s.s.concurrent.ThreadPoolTaskExecutor  : Shutting down ExecutorService 'applicationTaskExecutor'
2022-03-20 12:26:39.870  INFO 5300 --- [       Thread-4] j.LocalContainerEntityManagerFactoryBean : Closing JPA EntityManagerFactory for persistence unit 'default'
2022-03-20 12:26:39.874  INFO 5300 --- [       Thread-4] com.zaxxer.hikari.HikariDataSource       : HikariPool-1 - Shutdown initiated...
2022-03-20 12:26:39.888  INFO 5300 --- [       Thread-4] com.zaxxer.hikari.HikariDataSource       : HikariPool-1 - Shutdown completed.

  .   ____          _            __ _ _
 /\\ / ___'_ __ _ _(_)_ __  __ _ \ \ \ \
( ( )\___ | '_ | '_| | '_ \/ _` | \ \ \ \
 \\/  ___)| |_)| | | | | || (_| |  ) ) ) )
  '  |____| .__|_| |_|_| |_\__, | / / / /
 =========|_|==============|___/=/_/_/_/
 :: Spring Boot ::                (v2.5.6)

2022-03-20 12:26:39.992  INFO 5300 --- [    Test worker] recipes.RecipesApplication               : Starting RecipesApplication using Java 17.0.1 on DESKTOP-HS4DRCO with PID 5300 (started by almaz in D:\devel\Recipes1\Recipes\task)
2022-03-20 12:26:39.992  INFO 5300 --- [    Test worker] recipes.RecipesApplication               : No active profile set, falling back to default profiles: default
2022-03-20 12:26:39.992 DEBUG 5300 --- [    Test worker] o.s.boot.SpringApplication               : Loading source class recipes.RecipesApplication
2022-03-20 12:26:39.998 DEBUG 5300 --- [    Test worker] ConfigServletWebServerApplicationContext : Refreshing org.springframework.boot.web.servlet.context.AnnotationConfigServletWebServerApplicationContext@7c5fbde4
2022-03-20 12:26:40.002 DEBUG 5300 --- [    Test worker] o.s.b.f.s.DefaultListableBeanFactory     : Creating shared instance of singleton bean 'org.springframework.context.annotation.internalConfigurationAnnotationProcessor'
2022-03-20 12:26:40.003 DEBUG 5300 --- [    Test worker] o.s.b.f.s.DefaultListableBeanFactory     : Creating shared instance of singleton bean 'org.springframework.boot.autoconfigure.internalCachingMetadataReaderFactory'
2022-03-20 12:26:40.030 DEBUG 5300 --- [    Test worker] o.s.c.a.ClassPathBeanDefinitionScanner   : Identified candidate component class: file [D:\devel\Recipes1\Recipes\task\build\classes\java\main\recipes\businesslayer\RecipeService.class]
2022-03-20 12:26:40.032 DEBUG 5300 --- [    Test worker] o.s.c.a.ClassPathBeanDefinitionScanner   : Identified candidate component class: file [D:\devel\Recipes1\Recipes\task\build\classes\java\main\recipes\businesslayer\UserDetailsServiceImpl.class]
2022-03-20 12:26:40.035 DEBUG 5300 --- [    Test worker] o.s.c.a.ClassPathBeanDefinitionScanner   : Identified candidate component class: file [D:\devel\Recipes1\Recipes\task\build\classes\java\main\recipes\businesslayer\UserService.class]
2022-03-20 12:26:40.036 DEBUG 5300 --- [    Test worker] o.s.c.a.ClassPathBeanDefinitionScanner   : Ignored because not a concrete top-level class: file [D:\devel\Recipes1\Recipes\task\build\classes\java\main\recipes\persistence\RecipeRepository.class]
2022-03-20 12:26:40.038 DEBUG 5300 --- [    Test worker] o.s.c.a.ClassPathBeanDefinitionScanner   : Ignored because not a concrete top-level class: file [D:\devel\Recipes1\Recipes\task\build\classes\java\main\recipes\persistence\UserRepository.class]
2022-03-20 12:26:40.040 DEBUG 5300 --- [    Test worker] o.s.c.a.ClassPathBeanDefinitionScanner   : Identified candidate component class: file [D:\devel\Recipes1\Recipes\task\build\classes\java\main\recipes\presentation\RecipesController.class]
2022-03-20 12:26:40.042 DEBUG 5300 --- [    Test worker] o.s.c.a.ClassPathBeanDefinitionScanner   : Identified candidate component class: file [D:\devel\Recipes1\Recipes\task\build\classes\java\main\recipes\presentation\WebSecurityConfigurerImpl.class]
2022-03-20 12:26:41.395  INFO 5300 --- [    Test worker] .s.d.r.c.RepositoryConfigurationDelegate : Bootstrapping Spring Data JPA repositories in DEFAULT mode.
2022-03-20 12:26:41.396 DEBUG 5300 --- [    Test worker] o.s.b.f.s.DefaultListableBeanFactory     : Creating shared instance of singleton bean 'org.springframework.boot.autoconfigure.AutoConfigurationPackages'
2022-03-20 12:26:41.396 DEBUG 5300 --- [    Test worker] o.s.b.a.AutoConfigurationPackages        : @EnableAutoConfiguration was declared on a class in the package 'recipes'. Automatic @Repository and @Entity scanning is enabled.
2022-03-20 12:26:41.397 DEBUG 5300 --- [    Test worker] .s.d.r.c.RepositoryConfigurationDelegate : Scanning for JPA repositories in packages recipes.
2022-03-20 12:26:41.401 DEBUG 5300 --- [    Test worker] o.s.d.r.c.RepositoryComponentProvider    : Identified candidate component class: file [D:\devel\Recipes1\Recipes\task\build\classes\java\main\recipes\persistence\RecipeRepository.class]
2022-03-20 12:26:41.401 DEBUG 5300 --- [    Test worker] o.s.d.r.c.RepositoryComponentProvider    : Identified candidate component class: file [D:\devel\Recipes1\Recipes\task\build\classes\java\main\recipes\persistence\UserRepository.class]
2022-03-20 12:26:41.413 DEBUG 5300 --- [    Test worker] ssPathScanningCandidateComponentProvider : Identified candidate component class: file [D:\devel\Recipes1\Recipes\task\build\classes\java\main\recipes\businesslayer\UserDetailsImpl.class]
2022-03-20 12:26:41.413 DEBUG 5300 --- [    Test worker] ssPathScanningCandidateComponentProvider : Identified candidate component class: file [D:\devel\Recipes1\Recipes\task\build\classes\java\main\recipes\businesslayer\UserDetailsServiceImpl.class]
2022-03-20 12:26:41.413 DEBUG 5300 --- [    Test worker] ssPathScanningCandidateComponentProvider : Identified candidate component class: file [D:\devel\Recipes1\Recipes\task\build\classes\java\main\recipes\presentation\WebSecurityConfigurerImpl.class]
2022-03-20 12:26:41.422  INFO 5300 --- [    Test worker] .s.d.r.c.RepositoryConfigurationDelegate : Finished Spring Data repository scanning in 25 ms. Found 2 JPA repository interfaces.
2022-03-20 12:26:41.519 DEBUG 5300 --- [    Test worker] o.s.b.f.s.DefaultListableBeanFactory     : Creating shared instance of singleton bean 'propertySourcesPlaceholderConfigurer'
2022-03-20 12:26:41.521 DEBUG 5300 --- [    Test worker] o.s.b.f.s.DefaultListableBeanFactory     : Creating shared instance of singleton bean 'emBeanDefinitionRegistrarPostProcessor'
2022-03-20 12:26:41.521 DEBUG 5300 --- [    Test worker] o.s.b.f.s.DefaultListableBeanFactory     : Creating shared instance of singleton bean 'org.springframework.boot.sql.init.dependency.DatabaseInitializationDependencyConfigurer$DependsOnDatabaseInitializationPostProcessor'
2022-03-20 12:26:41.541 DEBUG 5300 --- [    Test worker] o.s.b.f.s.DefaultListableBeanFactory     : Creating shared instance of singleton bean 'org.springframework.context.event.internalEventListenerProcessor'
2022-03-20 12:26:41.543 DEBUG 5300 --- [    Test worker] o.s.b.f.s.DefaultListableBeanFactory     : Creating shared instance of singleton bean 'conversionServicePostProcessor'
2022-03-20 12:26:41.544 DEBUG 5300 --- [    Test worker] o.s.b.f.s.DefaultListableBeanFactory     : Creating shared instance of singleton bean 'preserveErrorControllerTargetClassPostProcessor'
2022-03-20 12:26:41.545 DEBUG 5300 --- [    Test worker] o.s.b.f.s.DefaultListableBeanFactory     : Creating shared instance of singleton bean 'org.springframework.context.event.internalEventListenerFactory'
2022-03-20 12:26:41.545 DEBUG 5300 --- [    Test worker] o.s.b.f.s.DefaultListableBeanFactory     : Creating shared instance of singleton bean 'org.springframework.transaction.config.internalTransactionalEventListenerFactory'
2022-03-20 12:26:41.548 DEBUG 5300 --- [    Test worker] o.s.b.f.s.DefaultListableBeanFactory     : Creating shared instance of singleton bean 'org.springframework.context.annotation.internalAutowiredAnnotationProcessor'
2022-03-20 12:26:41.551 DEBUG 5300 --- [    Test worker] o.s.b.f.s.DefaultListableBeanFactory     : Creating shared instance of singleton bean 'org.springframework.context.annotation.internalCommonAnnotationProcessor'
2022-03-20 12:26:41.552 DEBUG 5300 --- [    Test worker] o.s.b.f.s.DefaultListableBeanFactory     : Creating shared instance of singleton bean 'org.springframework.context.annotation.internalPersistenceAnnotationProcessor'
2022-03-20 12:26:41.553 DEBUG 5300 --- [    Test worker] o.s.b.f.s.DefaultListableBeanFactory     : Creating shared instance of singleton bean 'org.springframework.boot.context.properties.ConfigurationPropertiesBindingPostProcessor'
2022-03-20 12:26:41.553 DEBUG 5300 --- [    Test worker] o.s.b.f.s.DefaultListableBeanFactory     : Creating shared instance of singleton bean 'org.springframework.boot.context.internalConfigurationPropertiesBinder'
2022-03-20 12:26:41.553 DEBUG 5300 --- [    Test worker] o.s.b.f.s.DefaultListableBeanFactory     : Creating shared instance of singleton bean 'org.springframework.boot.context.internalConfigurationPropertiesBinderFactory'
2022-03-20 12:26:41.555 DEBUG 5300 --- [    Test worker] o.s.b.f.s.DefaultListableBeanFactory     : Creating shared instance of singleton bean 'methodValidationPostProcessor'
2022-03-20 12:26:41.559 DEBUG 5300 --- [    Test worker] o.s.b.f.s.DefaultListableBeanFactory     : Autowiring by type from bean name 'methodValidationPostProcessor' via factory method to bean named 'environment'
2022-03-20 12:26:41.563 DEBUG 5300 --- [    Test worker] o.s.b.f.s.DefaultListableBeanFactory     : Creating shared instance of singleton bean 'org.springframework.boot.context.properties.EnableConfigurationPropertiesRegistrar.methodValidationExcludeFilter'
2022-03-20 12:26:41.566 DEBUG 5300 --- [    Test worker] o.s.b.f.s.DefaultListableBeanFactory     : Creating shared instance of singleton bean 'org.springframework.aop.config.internalAutoProxyCreator'
2022-03-20 12:26:41.701 DEBUG 5300 --- [    Test worker] o.s.b.f.s.DefaultListableBeanFactory     : Creating shared instance of singleton bean 'persistenceExceptionTranslationPostProcessor'
2022-03-20 12:26:41.704 DEBUG 5300 --- [    Test worker] o.s.b.f.s.DefaultListableBeanFactory     : Autowiring by type from bean name 'persistenceExceptionTranslationPostProcessor' via factory method to bean named 'environment'
2022-03-20 12:26:41.705 DEBUG 5300 --- [    Test worker] o.s.b.f.s.DefaultListableBeanFactory     : Creating shared instance of singleton bean 'webServerFactoryCustomizerBeanPostProcessor'
2022-03-20 12:26:41.706 DEBUG 5300 --- [    Test worker] o.s.b.f.s.DefaultListableBeanFactory     : Creating shared instance of singleton bean 'errorPageRegistrarBeanPostProcessor'
2022-03-20 12:26:41.708 DEBUG 5300 --- [    Test worker] o.s.b.f.s.DefaultListableBeanFactory     : Creating shared instance of singleton bean 'healthEndpointGroupsBeanPostProcessor'
2022-03-20 12:26:41.709 DEBUG 5300 --- [    Test worker] o.s.b.f.s.DefaultListableBeanFactory     : Creating shared instance of singleton bean 'org.springframework.transaction.config.internalTransactionAdvisor'
2022-03-20 12:26:41.709 DEBUG 5300 --- [    Test worker] o.s.b.f.s.DefaultListableBeanFactory     : Creating shared instance of singleton bean 'org.springframework.transaction.annotation.ProxyTransactionManagementConfiguration'
2022-03-20 12:26:41.741 DEBUG 5300 --- [    Test worker] o.s.b.f.s.DefaultListableBeanFactory     : Creating shared instance of singleton bean 'transactionAttributeSource'
2022-03-20 12:26:41.748 DEBUG 5300 --- [    Test worker] o.s.b.f.s.DefaultListableBeanFactory     : Creating shared instance of singleton bean 'transactionInterceptor'
2022-03-20 12:26:41.751 DEBUG 5300 --- [    Test worker] o.s.b.f.s.DefaultListableBeanFactory     : Autowiring by type from bean name 'transactionInterceptor' via factory method to bean named 'transactionAttributeSource'
2022-03-20 12:26:41.756 DEBUG 5300 --- [    Test worker] o.s.b.f.s.DefaultListableBeanFactory     : Autowiring by type from bean name 'org.springframework.transaction.config.internalTransactionAdvisor' via factory method to bean named 'transactionAttributeSource'
2022-03-20 12:26:41.757 DEBUG 5300 --- [    Test worker] o.s.b.f.s.DefaultListableBeanFactory     : Autowiring by type from bean name 'org.springframework.transaction.config.internalTransactionAdvisor' via factory method to bean named 'transactionInterceptor'
2022-03-20 12:26:41.766 DEBUG 5300 --- [    Test worker] o.s.b.f.s.DefaultListableBeanFactory     : Creating shared instance of singleton bean 'meterRegistryPostProcessor'
2022-03-20 12:26:41.770 DEBUG 5300 --- [    Test worker] o.s.b.f.s.DefaultListableBeanFactory     : Autowiring by type from bean name 'meterRegistryPostProcessor' via factory method to bean named 'org.springframework.boot.web.servlet.context.AnnotationConfigServletWebServerApplicationContext@7c5fbde4'
2022-03-20 12:26:41.778 DEBUG 5300 --- [    Test worker] o.s.b.f.s.DefaultListableBeanFactory     : Creating shared instance of singleton bean 'metricsRepositoryMethodInvocationListenerBeanPostProcessor'
2022-03-20 12:26:41.781 DEBUG 5300 --- [    Test worker] o.s.b.f.s.DefaultListableBeanFactory     : Creating shared instance of singleton bean 'projectingArgumentResolverBeanPostProcessor'
2022-03-20 12:26:41.785 DEBUG 5300 --- [    Test worker] o.s.u.c.s.UiApplicationContextUtils      : Unable to locate ThemeSource with name 'themeSource': using default [org.springframework.ui.context.support.ResourceBundleThemeSource@54dc163a]
2022-03-20 12:26:41.786 DEBUG 5300 --- [    Test worker] o.s.b.f.s.DefaultListableBeanFactory     : Creating shared instance of singleton bean 'tomcatServletWebServerFactory'
2022-03-20 12:26:41.786 DEBUG 5300 --- [    Test worker] o.s.b.f.s.DefaultListableBeanFactory     : Creating shared instance of singleton bean 'org.springframework.boot.autoconfigure.web.servlet.ServletWebServerFactoryConfiguration$EmbeddedTomcat'
2022-03-20 12:26:41.802 DEBUG 5300 --- [    Test worker] o.s.b.f.s.DefaultListableBeanFactory     : Creating shared instance of singleton bean 'websocketServletWebServerCustomizer'
2022-03-20 12:26:41.804 DEBUG 5300 --- [    Test worker] o.s.b.f.s.DefaultListableBeanFactory     : Creating shared instance of singleton bean 'org.springframework.boot.autoconfigure.websocket.servlet.WebSocketServletAutoConfiguration$TomcatWebSocketConfiguration'
2022-03-20 12:26:41.825 DEBUG 5300 --- [    Test worker] o.s.b.f.s.DefaultListableBeanFactory     : Creating shared instance of singleton bean 'servletWebServerFactoryCustomizer'
2022-03-20 12:26:41.826 DEBUG 5300 --- [    Test worker] o.s.b.f.s.DefaultListableBeanFactory     : Creating shared instance of singleton bean 'org.springframework.boot.autoconfigure.web.servlet.ServletWebServerFactoryAutoConfiguration'
2022-03-20 12:26:41.829 DEBUG 5300 --- [    Test worker] o.s.b.f.s.DefaultListableBeanFactory     : Creating shared instance of singleton bean 'server-org.springframework.boot.autoconfigure.web.ServerProperties'
2022-03-20 12:26:41.834 DEBUG 5300 --- [    Test worker] o.s.b.f.s.DefaultListableBeanFactory     : Creating shared instance of singleton bean 'org.springframework.boot.context.properties.BoundConfigurationProperties'
2022-03-20 12:26:41.849 DEBUG 5300 --- [    Test worker] o.s.b.f.s.DefaultListableBeanFactory     : Autowiring by type from bean name 'servletWebServerFactoryCustomizer' via factory method to bean named 'server-org.springframework.boot.autoconfigure.web.ServerProperties'
2022-03-20 12:26:41.852 DEBUG 5300 --- [    Test worker] o.s.b.f.s.DefaultListableBeanFactory     : Creating shared instance of singleton bean 'tomcatServletWebServerFactoryCustomizer'
2022-03-20 12:26:41.853 DEBUG 5300 --- [    Test worker] o.s.b.f.s.DefaultListableBeanFactory     : Autowiring by type from bean name 'tomcatServletWebServerFactoryCustomizer' via factory method to bean named 'server-org.springframework.boot.autoconfigure.web.ServerProperties'
2022-03-20 12:26:41.855 DEBUG 5300 --- [    Test worker] o.s.b.f.s.DefaultListableBeanFactory     : Creating shared instance of singleton bean 'tomcatWebServerFactoryCustomizer'
2022-03-20 12:26:41.855 DEBUG 5300 --- [    Test worker] o.s.b.f.s.DefaultListableBeanFactory     : Creating shared instance of singleton bean 'org.springframework.boot.autoconfigure.web.embedded.EmbeddedWebServerFactoryCustomizerAutoConfiguration$TomcatWebServerFactoryCustomizerConfiguration'
2022-03-20 12:26:41.859 DEBUG 5300 --- [    Test worker] o.s.b.f.s.DefaultListableBeanFactory     : Autowiring by type from bean name 'tomcatWebServerFactoryCustomizer' via factory method to bean named 'environment'
2022-03-20 12:26:41.860 DEBUG 5300 --- [    Test worker] o.s.b.f.s.DefaultListableBeanFactory     : Autowiring by type from bean name 'tomcatWebServerFactoryCustomizer' via factory method to bean named 'server-org.springframework.boot.autoconfigure.web.ServerProperties'
2022-03-20 12:26:41.861 DEBUG 5300 --- [    Test worker] o.s.b.f.s.DefaultListableBeanFactory     : Creating shared instance of singleton bean 'localeCharsetMappingsCustomizer'
2022-03-20 12:26:41.862 DEBUG 5300 --- [    Test worker] o.s.b.f.s.DefaultListableBeanFactory     : Creating shared instance of singleton bean 'org.springframework.boot.autoconfigure.web.servlet.HttpEncodingAutoConfiguration'
2022-03-20 12:26:41.865 DEBUG 5300 --- [    Test worker] o.s.b.f.s.DefaultListableBeanFactory     : Autowiring by type from bean name 'org.springframework.boot.autoconfigure.web.servlet.HttpEncodingAutoConfiguration' via constructor to bean named 'server-org.springframework.boot.autoconfigure.web.ServerProperties'
2022-03-20 12:26:41.872 DEBUG 5300 --- [    Test worker] o.s.b.f.s.DefaultListableBeanFactory     : Creating shared instance of singleton bean 'errorPageCustomizer'
2022-03-20 12:26:41.874 DEBUG 5300 --- [    Test worker] o.s.b.f.s.DefaultListableBeanFactory     : Creating shared instance of singleton bean 'org.springframework.boot.autoconfigure.web.servlet.error.ErrorMvcAutoConfiguration'
2022-03-20 12:26:41.877 DEBUG 5300 --- [    Test worker] o.s.b.f.s.DefaultListableBeanFactory     : Autowiring by type from bean name 'org.springframework.boot.autoconfigure.web.servlet.error.ErrorMvcAutoConfiguration' via constructor to bean named 'server-org.springframework.boot.autoconfigure.web.ServerProperties'
2022-03-20 12:26:41.881 DEBUG 5300 --- [    Test worker] o.s.b.f.s.DefaultListableBeanFactory     : Creating shared instance of singleton bean 'dispatcherServletRegistration'
2022-03-20 12:26:41.882 DEBUG 5300 --- [    Test worker] o.s.b.f.s.DefaultListableBeanFactory     : Creating shared instance of singleton bean 'org.springframework.boot.autoconfigure.web.servlet.DispatcherServletAutoConfiguration$DispatcherServletRegistrationConfiguration'
2022-03-20 12:26:41.889 DEBUG 5300 --- [    Test worker] o.s.b.f.s.DefaultListableBeanFactory     : Creating shared instance of singleton bean 'dispatcherServlet'
2022-03-20 12:26:41.890 DEBUG 5300 --- [    Test worker] o.s.b.f.s.DefaultListableBeanFactory     : Creating shared instance of singleton bean 'org.springframework.boot.autoconfigure.web.servlet.DispatcherServletAutoConfiguration$DispatcherServletConfiguration'
2022-03-20 12:26:41.893 DEBUG 5300 --- [    Test worker] o.s.b.f.s.DefaultListableBeanFactory     : Creating shared instance of singleton bean 'spring.mvc-org.springframework.boot.autoconfigure.web.servlet.WebMvcProperties'
2022-03-20 12:26:41.898 DEBUG 5300 --- [    Test worker] o.s.b.f.s.DefaultListableBeanFactory     : Autowiring by type from bean name 'dispatcherServlet' via factory method to bean named 'spring.mvc-org.springframework.boot.autoconfigure.web.servlet.WebMvcProperties'
2022-03-20 12:26:41.903 DEBUG 5300 --- [    Test worker] o.s.b.f.s.DefaultListableBeanFactory     : Autowiring by type from bean name 'dispatcherServletRegistration' via factory method to bean named 'dispatcherServlet'
2022-03-20 12:26:41.903 DEBUG 5300 --- [    Test worker] o.s.b.f.s.DefaultListableBeanFactory     : Autowiring by type from bean name 'dispatcherServletRegistration' via factory method to bean named 'spring.mvc-org.springframework.boot.autoconfigure.web.servlet.WebMvcProperties'
2022-03-20 12:26:41.907 DEBUG 5300 --- [    Test worker] o.s.b.f.s.DefaultListableBeanFactory     : Creating shared instance of singleton bean 'multipartConfigElement'
2022-03-20 12:26:41.907 DEBUG 5300 --- [    Test worker] o.s.b.f.s.DefaultListableBeanFactory     : Creating shared instance of singleton bean 'org.springframework.boot.autoconfigure.web.servlet.MultipartAutoConfiguration'
2022-03-20 12:26:41.908 DEBUG 5300 --- [    Test worker] o.s.b.f.s.DefaultListableBeanFactory     : Creating shared instance of singleton bean 'spring.servlet.multipart-org.springframework.boot.autoconfigure.web.servlet.MultipartProperties'
2022-03-20 12:26:41.912 DEBUG 5300 --- [    Test worker] o.s.b.f.s.DefaultListableBeanFactory     : Autowiring by type from bean name 'org.springframework.boot.autoconfigure.web.servlet.MultipartAutoConfiguration' via constructor to bean named 'spring.servlet.multipart-org.springframework.boot.autoconfigure.web.servlet.MultipartProperties'
2022-03-20 12:26:41.916 DEBUG 5300 --- [    Test worker] o.s.b.f.s.DefaultListableBeanFactory     : Autowiring by type from bean name 'errorPageCustomizer' via factory method to bean named 'dispatcherServletRegistration'
2022-03-20 12:26:41.931 DEBUG 5300 --- [    Test worker] .s.b.w.e.t.TomcatServletWebServerFactory : Code archive: D:\devel\java_pft2\addressbook-web-tests\gradle\caches\modules-2\files-2.1\org.springframework.boot\spring-boot\2.5.6\d8c6b97fd3182fb6d7d06ebf710cd9ccabc83b89\spring-boot-2.5.6.jar
2022-03-20 12:26:41.931 DEBUG 5300 --- [    Test worker] .s.b.w.e.t.TomcatServletWebServerFactory : Code archive: D:\devel\java_pft2\addressbook-web-tests\gradle\caches\modules-2\files-2.1\org.springframework.boot\spring-boot\2.5.6\d8c6b97fd3182fb6d7d06ebf710cd9ccabc83b89\spring-boot-2.5.6.jar
2022-03-20 12:26:41.932 DEBUG 5300 --- [    Test worker] .s.b.w.e.t.TomcatServletWebServerFactory : None of the document roots [src/main/webapp, public, static] point to a directory and will be ignored.
2022-03-20 12:26:41.942  INFO 5300 --- [    Test worker] o.s.b.w.embedded.tomcat.TomcatWebServer  : Tomcat initialized with port(s): 8701 (http)
2022-03-20 12:26:41.944  INFO 5300 --- [    Test worker] o.apache.catalina.core.StandardService   : Starting service [Tomcat]
2022-03-20 12:26:41.944  INFO 5300 --- [    Test worker] org.apache.catalina.core.StandardEngine  : Starting Servlet engine: [Apache Tomcat/9.0.54]
2022-03-20 12:26:42.015  INFO 5300 --- [    Test worker] o.a.c.c.C.[Tomcat].[localhost].[/]       : Initializing Spring embedded WebApplicationContext
2022-03-20 12:26:42.015 DEBUG 5300 --- [    Test worker] w.s.c.ServletWebServerApplicationContext : Published root WebApplicationContext as ServletContext attribute with name [org.springframework.web.context.WebApplicationContext.ROOT]
2022-03-20 12:26:42.015  INFO 5300 --- [    Test worker] w.s.c.ServletWebServerApplicationContext : Root WebApplicationContext: initialization completed in 2017 ms
2022-03-20 12:26:42.016 DEBUG 5300 --- [    Test worker] o.s.b.f.s.DefaultListableBeanFactory     : Creating shared instance of singleton bean 'webMvcMetricsFilter'
2022-03-20 12:26:42.018 DEBUG 5300 --- [    Test worker] o.s.b.f.s.DefaultListableBeanFactory     : Creating shared instance of singleton bean 'org.springframework.boot.actuate.autoconfigure.metrics.web.servlet.WebMvcMetricsAutoConfiguration'
2022-03-20 12:26:42.019 DEBUG 5300 --- [    Test worker] o.s.b.f.s.DefaultListableBeanFactory     : Creating shared instance of singleton bean 'management.metrics-org.springframework.boot.actuate.autoconfigure.metrics.MetricsProperties'
2022-03-20 12:26:42.022 DEBUG 5300 --- [    Test worker] o.s.b.f.s.DefaultListableBeanFactory     : Autowiring by type from bean name 'org.springframework.boot.actuate.autoconfigure.metrics.web.servlet.WebMvcMetricsAutoConfiguration' via constructor to bean named 'management.metrics-org.springframework.boot.actuate.autoconfigure.metrics.MetricsProperties'
2022-03-20 12:26:42.024 DEBUG 5300 --- [    Test worker] o.s.b.f.s.DefaultListableBeanFactory     : Creating shared instance of singleton bean 'simpleMeterRegistry'
2022-03-20 12:26:42.024 DEBUG 5300 --- [    Test worker] o.s.b.f.s.DefaultListableBeanFactory     : Creating shared instance of singleton bean 'org.springframework.boot.actuate.autoconfigure.metrics.export.simple.SimpleMetricsExportAutoConfiguration'
2022-03-20 12:26:42.026 DEBUG 5300 --- [    Test worker] o.s.b.f.s.DefaultListableBeanFactory     : Creating shared instance of singleton bean 'simpleConfig'
2022-03-20 12:26:42.028 DEBUG 5300 --- [    Test worker] o.s.b.f.s.DefaultListableBeanFactory     : Creating shared instance of singleton bean 'management.metrics.export.simple-org.springframework.boot.actuate.autoconfigure.metrics.export.simple.SimpleProperties'
2022-03-20 12:26:42.030 DEBUG 5300 --- [    Test worker] o.s.b.f.s.DefaultListableBeanFactory     : Autowiring by type from bean name 'simpleConfig' via factory method to bean named 'management.metrics.export.simple-org.springframework.boot.actuate.autoconfigure.metrics.export.simple.SimpleProperties'
2022-03-20 12:26:42.035 DEBUG 5300 --- [    Test worker] o.s.b.f.s.DefaultListableBeanFactory     : Creating shared instance of singleton bean 'micrometerClock'
2022-03-20 12:26:42.036 DEBUG 5300 --- [    Test worker] o.s.b.f.s.DefaultListableBeanFactory     : Creating shared instance of singleton bean 'org.springframework.boot.actuate.autoconfigure.metrics.MetricsAutoConfiguration'
2022-03-20 12:26:42.038 DEBUG 5300 --- [    Test worker] o.s.b.f.s.DefaultListableBeanFactory     : Autowiring by type from bean name 'simpleMeterRegistry' via factory method to bean named 'simpleConfig'
2022-03-20 12:26:42.038 DEBUG 5300 --- [    Test worker] o.s.b.f.s.DefaultListableBeanFactory     : Autowiring by type from bean name 'simpleMeterRegistry' via factory method to bean named 'micrometerClock'
2022-03-20 12:26:42.044 DEBUG 5300 --- [    Test worker] o.s.b.f.s.DefaultListableBeanFactory     : Creating shared instance of singleton bean 'propertiesMeterFilter'
2022-03-20 12:26:42.045 DEBUG 5300 --- [    Test worker] o.s.b.f.s.DefaultListableBeanFactory     : Autowiring by type from bean name 'propertiesMeterFilter' via factory method to bean named 'management.metrics-org.springframework.boot.actuate.autoconfigure.metrics.MetricsProperties'
2022-03-20 12:26:42.050 DEBUG 5300 --- [    Test worker] o.s.b.f.s.DefaultListableBeanFactory     : Creating shared instance of singleton bean 'metricsHttpClientUriTagFilter'
2022-03-20 12:26:42.051 DEBUG 5300 --- [    Test worker] o.s.b.f.s.DefaultListableBeanFactory     : Creating shared instance of singleton bean 'org.springframework.boot.actuate.autoconfigure.metrics.web.client.HttpClientMetricsAutoConfiguration'
2022-03-20 12:26:42.053 DEBUG 5300 --- [    Test worker] o.s.b.f.s.DefaultListableBeanFactory     : Autowiring by type from bean name 'metricsHttpClientUriTagFilter' via factory method to bean named 'management.metrics-org.springframework.boot.actuate.autoconfigure.metrics.MetricsProperties'
2022-03-20 12:26:42.056 DEBUG 5300 --- [    Test worker] o.s.b.f.s.DefaultListableBeanFactory     : Creating shared instance of singleton bean 'metricsHttpServerUriTagFilter'
2022-03-20 12:26:42.060 DEBUG 5300 --- [    Test worker] o.s.b.f.s.DefaultListableBeanFactory     : Creating shared instance of singleton bean 'jvmGcMetrics'
2022-03-20 12:26:42.060 DEBUG 5300 --- [    Test worker] o.s.b.f.s.DefaultListableBeanFactory     : Creating shared instance of singleton bean 'org.springframework.boot.actuate.autoconfigure.metrics.JvmMetricsAutoConfiguration'
2022-03-20 12:26:42.067 DEBUG 5300 --- [    Test worker] o.s.b.f.s.DefaultListableBeanFactory     : Creating shared instance of singleton bean 'jvmMemoryMetrics'
2022-03-20 12:26:42.069 DEBUG 5300 --- [    Test worker] o.s.b.f.s.DefaultListableBeanFactory     : Creating shared instance of singleton bean 'jvmThreadMetrics'
2022-03-20 12:26:42.070 DEBUG 5300 --- [    Test worker] o.s.b.f.s.DefaultListableBeanFactory     : Creating shared instance of singleton bean 'classLoaderMetrics'
2022-03-20 12:26:42.071 DEBUG 5300 --- [    Test worker] o.s.b.f.s.DefaultListableBeanFactory     : Creating shared instance of singleton bean 'logbackMetrics'
2022-03-20 12:26:42.072 DEBUG 5300 --- [    Test worker] o.s.b.f.s.DefaultListableBeanFactory     : Creating shared instance of singleton bean 'org.springframework.boot.actuate.autoconfigure.metrics.LogbackMetricsAutoConfiguration'
2022-03-20 12:26:42.074 DEBUG 5300 --- [    Test worker] o.s.b.f.s.DefaultListableBeanFactory     : Creating shared instance of singleton bean 'uptimeMetrics'
2022-03-20 12:26:42.074 DEBUG 5300 --- [    Test worker] o.s.b.f.s.DefaultListableBeanFactory     : Creating shared instance of singleton bean 'org.springframework.boot.actuate.autoconfigure.metrics.SystemMetricsAutoConfiguration'
2022-03-20 12:26:42.081 DEBUG 5300 --- [    Test worker] o.s.b.f.s.DefaultListableBeanFactory     : Creating shared instance of singleton bean 'processorMetrics'
2022-03-20 12:26:42.085 DEBUG 5300 --- [    Test worker] o.s.b.f.s.DefaultListableBeanFactory     : Creating shared instance of singleton bean 'fileDescriptorMetrics'
2022-03-20 12:26:42.092 DEBUG 5300 --- [    Test worker] o.s.b.f.s.DefaultListableBeanFactory     : Creating shared instance of singleton bean 'webMvcTagsProvider'
2022-03-20 12:26:42.098 DEBUG 5300 --- [    Test worker] o.s.b.f.s.DefaultListableBeanFactory     : Autowiring by type from bean name 'webMvcMetricsFilter' via factory method to bean named 'simpleMeterRegistry'
2022-03-20 12:26:42.099 DEBUG 5300 --- [    Test worker] o.s.b.f.s.DefaultListableBeanFactory     : Autowiring by type from bean name 'webMvcMetricsFilter' via factory method to bean named 'webMvcTagsProvider'
2022-03-20 12:26:42.105 DEBUG 5300 --- [    Test worker] o.s.b.f.s.DefaultListableBeanFactory     : Creating shared instance of singleton bean 'h2Console'
2022-03-20 12:26:42.105 DEBUG 5300 --- [    Test worker] o.s.b.f.s.DefaultListableBeanFactory     : Creating shared instance of singleton bean 'org.springframework.boot.autoconfigure.h2.H2ConsoleAutoConfiguration'
2022-03-20 12:26:42.108 DEBUG 5300 --- [    Test worker] o.s.b.f.s.DefaultListableBeanFactory     : Creating shared instance of singleton bean 'spring.h2.console-org.springframework.boot.autoconfigure.h2.H2ConsoleProperties'
2022-03-20 12:26:42.117 DEBUG 5300 --- [    Test worker] o.s.b.f.s.DefaultListableBeanFactory     : Autowiring by type from bean name 'h2Console' via factory method to bean named 'spring.h2.console-org.springframework.boot.autoconfigure.h2.H2ConsoleProperties'
2022-03-20 12:26:42.119 DEBUG 5300 --- [    Test worker] o.s.b.f.s.DefaultListableBeanFactory     : Creating shared instance of singleton bean 'dataSource'
2022-03-20 12:26:42.119 DEBUG 5300 --- [    Test worker] o.s.b.f.s.DefaultListableBeanFactory     : Creating shared instance of singleton bean 'org.springframework.boot.autoconfigure.jdbc.DataSourceConfiguration$Hikari'
2022-03-20 12:26:42.121 DEBUG 5300 --- [    Test worker] o.s.b.f.s.DefaultListableBeanFactory     : Creating shared instance of singleton bean 'spring.datasource-org.springframework.boot.autoconfigure.jdbc.DataSourceProperties'
2022-03-20 12:26:42.135 DEBUG 5300 --- [    Test worker] o.s.b.f.s.DefaultListableBeanFactory     : Autowiring by type from bean name 'dataSource' via factory method to bean named 'spring.datasource-org.springframework.boot.autoconfigure.jdbc.DataSourceProperties'
2022-03-20 12:26:42.171  INFO 5300 --- [    Test worker] com.zaxxer.hikari.HikariDataSource       : HikariPool-2 - Starting...
2022-03-20 12:26:42.198  INFO 5300 --- [    Test worker] com.zaxxer.hikari.HikariDataSource       : HikariPool-2 - Start completed.
2022-03-20 12:26:42.198  INFO 5300 --- [    Test worker] o.s.b.a.h2.H2ConsoleAutoConfiguration    : H2 console available at '/h2'. Database available at 'jdbc:h2:tcp://localhost/~/testdb'
2022-03-20 12:26:42.200 DEBUG 5300 --- [    Test worker] o.s.b.f.s.DefaultListableBeanFactory     : Creating shared instance of singleton bean 'securityFilterChainRegistration'
2022-03-20 12:26:42.200 DEBUG 5300 --- [    Test worker] o.s.b.f.s.DefaultListableBeanFactory     : Creating shared instance of singleton bean 'org.springframework.boot.autoconfigure.security.servlet.SecurityFilterAutoConfiguration'
2022-03-20 12:26:42.202 DEBUG 5300 --- [    Test worker] o.s.b.f.s.DefaultListableBeanFactory     : Creating shared instance of singleton bean 'spring.security-org.springframework.boot.autoconfigure.security.SecurityProperties'
2022-03-20 12:26:42.207 DEBUG 5300 --- [    Test worker] o.s.b.f.s.DefaultListableBeanFactory     : Autowiring by type from bean name 'securityFilterChainRegistration' via factory method to bean named 'spring.security-org.springframework.boot.autoconfigure.security.SecurityProperties'
2022-03-20 12:26:42.211 DEBUG 5300 --- [    Test worker] o.s.b.f.s.DefaultListableBeanFactory     : Creating shared instance of singleton bean 'servletEndpointRegistrar'
2022-03-20 12:26:42.211 DEBUG 5300 --- [    Test worker] o.s.b.f.s.DefaultListableBeanFactory     : Creating shared instance of singleton bean 'org.springframework.boot.actuate.autoconfigure.endpoint.web.ServletEndpointManagementContextConfiguration$WebMvcServletEndpointManagementContextConfiguration'
2022-03-20 12:26:42.213 DEBUG 5300 --- [    Test worker] o.s.b.f.s.DefaultListableBeanFactory     : Creating shared instance of singleton bean 'management.endpoints.web-org.springframework.boot.actuate.autoconfigure.endpoint.web.WebEndpointProperties'
2022-03-20 12:26:42.220 DEBUG 5300 --- [    Test worker] o.s.b.f.s.DefaultListableBeanFactory     : Creating shared instance of singleton bean 'servletEndpointDiscoverer'
2022-03-20 12:26:42.220 DEBUG 5300 --- [    Test worker] o.s.b.f.s.DefaultListableBeanFactory     : Creating shared instance of singleton bean 'org.springframework.boot.actuate.autoconfigure.endpoint.web.WebEndpointAutoConfiguration$WebEndpointServletConfiguration'
2022-03-20 12:26:42.222 DEBUG 5300 --- [    Test worker] o.s.b.f.s.DefaultListableBeanFactory     : Autowiring by type from bean name 'servletEndpointDiscoverer' via factory method to bean named 'org.springframework.boot.web.servlet.context.AnnotationConfigServletWebServerApplicationContext@7c5fbde4'
2022-03-20 12:26:42.223 DEBUG 5300 --- [    Test worker] o.s.b.f.s.DefaultListableBeanFactory     : Creating shared instance of singleton bean 'webEndpointPathMapper'
2022-03-20 12:26:42.224 DEBUG 5300 --- [    Test worker] o.s.b.f.s.DefaultListableBeanFactory     : Creating shared instance of singleton bean 'org.springframework.boot.actuate.autoconfigure.endpoint.web.WebEndpointAutoConfiguration'
2022-03-20 12:26:42.226 DEBUG 5300 --- [    Test worker] o.s.b.f.s.DefaultListableBeanFactory     : Autowiring by type from bean name 'org.springframework.boot.actuate.autoconfigure.endpoint.web.WebEndpointAutoConfiguration' via constructor to bean named 'org.springframework.boot.web.servlet.context.AnnotationConfigServletWebServerApplicationContext@7c5fbde4'
2022-03-20 12:26:42.226 DEBUG 5300 --- [    Test worker] o.s.b.f.s.DefaultListableBeanFactory     : Autowiring by type from bean name 'org.springframework.boot.actuate.autoconfigure.endpoint.web.WebEndpointAutoConfiguration' via constructor to bean named 'management.endpoints.web-org.springframework.boot.actuate.autoconfigure.endpoint.web.WebEndpointProperties'
2022-03-20 12:26:42.229 DEBUG 5300 --- [    Test worker] o.s.b.f.s.DefaultListableBeanFactory     : Creating shared instance of singleton bean 'servletExposeExcludePropertyEndpointFilter'
2022-03-20 12:26:42.229 DEBUG 5300 --- [    Test worker] o.s.b.f.s.DefaultListableBeanFactory     : Creating shared instance of singleton bean 'org.springframework.boot.actuate.autoconfigure.endpoint.web.ServletEndpointManagementContextConfiguration'
2022-03-20 12:26:42.241 DEBUG 5300 --- [    Test worker] o.s.b.f.s.DefaultListableBeanFactory     : Autowiring by type from bean name 'servletExposeExcludePropertyEndpointFilter' via factory method to bean named 'management.endpoints.web-org.springframework.boot.actuate.autoconfigure.endpoint.web.WebEndpointProperties'
2022-03-20 12:26:42.245 DEBUG 5300 --- [    Test worker] o.s.b.f.s.DefaultListableBeanFactory     : Autowiring by type from bean name 'servletEndpointRegistrar' via factory method to bean named 'management.endpoints.web-org.springframework.boot.actuate.autoconfigure.endpoint.web.WebEndpointProperties'
2022-03-20 12:26:42.245 DEBUG 5300 --- [    Test worker] o.s.b.f.s.DefaultListableBeanFactory     : Autowiring by type from bean name 'servletEndpointRegistrar' via factory method to bean named 'servletEndpointDiscoverer'
2022-03-20 12:26:42.246 DEBUG 5300 --- [    Test worker] o.s.b.f.s.DefaultListableBeanFactory     : Autowiring by type from bean name 'servletEndpointRegistrar' via factory method to bean named 'dispatcherServletRegistration'
2022-03-20 12:26:42.266 DEBUG 5300 --- [    Test worker] o.s.b.f.s.DefaultListableBeanFactory     : Creating shared instance of singleton bean 'requestContextFilter'
2022-03-20 12:26:42.268 DEBUG 5300 --- [    Test worker] o.s.b.f.s.DefaultListableBeanFactory     : Creating shared instance of singleton bean 'formContentFilter'
2022-03-20 12:26:42.268 DEBUG 5300 --- [    Test worker] o.s.b.f.s.DefaultListableBeanFactory     : Creating shared instance of singleton bean 'org.springframework.boot.autoconfigure.web.servlet.WebMvcAutoConfiguration'
2022-03-20 12:26:42.285 DEBUG 5300 --- [    Test worker] o.s.b.f.s.DefaultListableBeanFactory     : Creating shared instance of singleton bean 'characterEncodingFilter'
2022-03-20 12:26:42.289 DEBUG 5300 --- [    Test worker] o.s.b.w.s.ServletContextInitializerBeans : Mapping filters: filterRegistrationBean urls=[/*] order=-2147483647, springSecurityFilterChain urls=[/*] order=-100, characterEncodingFilter urls=[/*] order=-2147483648, formContentFilter urls=[/*] order=-9900, requestContextFilter urls=[/*] order=-105
2022-03-20 12:26:42.289 DEBUG 5300 --- [    Test worker] o.s.b.w.s.ServletContextInitializerBeans : Mapping servlets: dispatcherServlet urls=[/], webServlet urls=[/h2/*]
2022-03-20 12:26:42.298 DEBUG 5300 --- [    Test worker] o.s.b.a.m.w.servlet.WebMvcMetricsFilter  : Filter 'webMvcMetricsFilter' configured for use
2022-03-20 12:26:42.298 DEBUG 5300 --- [    Test worker] o.s.b.w.s.f.OrderedRequestContextFilter  : Filter 'requestContextFilter' configured for use
2022-03-20 12:26:42.299 DEBUG 5300 --- [    Test worker] s.b.w.s.f.OrderedCharacterEncodingFilter : Filter 'characterEncodingFilter' configured for use
2022-03-20 12:26:42.299 DEBUG 5300 --- [    Test worker] .DelegatingFilterProxyRegistrationBean$1 : Filter 'springSecurityFilterChain' configured for use
2022-03-20 12:26:42.299 DEBUG 5300 --- [    Test worker] o.s.b.w.s.f.OrderedFormContentFilter     : Filter 'formContentFilter' configured for use
2022-03-20 12:26:42.321 DEBUG 5300 --- [    Test worker] o.s.b.f.s.DefaultListableBeanFactory     : Creating shared instance of singleton bean 'dataSourceScriptDatabaseInitializer'
2022-03-20 12:26:42.323 DEBUG 5300 --- [    Test worker] o.s.b.f.s.DefaultListableBeanFactory     : Creating shared instance of singleton bean 'org.springframework.boot.autoconfigure.sql.init.DataSourceInitializationConfiguration'
2022-03-20 12:26:42.332 DEBUG 5300 --- [    Test worker] o.s.b.f.s.DefaultListableBeanFactory     : Creating shared instance of singleton bean 'spring.sql.init-org.springframework.boot.autoconfigure.sql.init.SqlInitializationProperties'
2022-03-20 12:26:42.340 DEBUG 5300 --- [    Test worker] o.s.b.f.s.DefaultListableBeanFactory     : Autowiring by type from bean name 'dataSourceScriptDatabaseInitializer' via factory method to bean named 'dataSource'
2022-03-20 12:26:42.340 DEBUG 5300 --- [    Test worker] o.s.b.f.s.DefaultListableBeanFactory     : Autowiring by type from bean name 'dataSourceScriptDatabaseInitializer' via factory method to bean named 'spring.sql.init-org.springframework.boot.autoconfigure.sql.init.SqlInitializationProperties'
2022-03-20 12:26:42.346 DEBUG 5300 --- [    Test worker] o.s.b.f.s.DefaultListableBeanFactory     : Creating shared instance of singleton bean 'entityManagerFactory'
2022-03-20 12:26:42.346 DEBUG 5300 --- [    Test worker] o.s.b.f.s.DefaultListableBeanFactory     : Creating shared instance of singleton bean 'org.springframework.boot.autoconfigure.orm.jpa.HibernateJpaConfiguration'
2022-03-20 12:26:42.349 DEBUG 5300 --- [    Test worker] o.s.b.f.s.DefaultListableBeanFactory     : Creating shared instance of singleton bean 'spring.jpa-org.springframework.boot.autoconfigure.orm.jpa.JpaProperties'
2022-03-20 12:26:42.363 DEBUG 5300 --- [    Test worker] o.s.b.f.s.DefaultListableBeanFactory     : Creating shared instance of singleton bean 'spring.jpa.hibernate-org.springframework.boot.autoconfigure.orm.jpa.HibernateProperties'
2022-03-20 12:26:42.380 DEBUG 5300 --- [    Test worker] o.s.b.f.s.DefaultListableBeanFactory     : Autowiring by type from bean name 'org.springframework.boot.autoconfigure.orm.jpa.HibernateJpaConfiguration' via constructor to bean named 'dataSource'
2022-03-20 12:26:42.459 DEBUG 5300 --- [    Test worker] o.s.b.f.s.DefaultListableBeanFactory     : Autowiring by type from bean name 'org.springframework.boot.autoconfigure.orm.jpa.HibernateJpaConfiguration' via constructor to bean named 'spring.jpa-org.springframework.boot.autoconfigure.orm.jpa.JpaProperties'
2022-03-20 12:26:42.520 DEBUG 5300 --- [    Test worker] o.s.b.f.s.DefaultListableBeanFactory     : Autowiring by type from bean name 'org.springframework.boot.autoconfigure.orm.jpa.HibernateJpaConfiguration' via constructor to bean named 'org.springframework.beans.factory.support.DefaultListableBeanFactory@46c093b4'
2022-03-20 12:26:42.521 DEBUG 5300 --- [    Test worker] o.s.b.f.s.DefaultListableBeanFactory     : Autowiring by type from bean name 'org.springframework.boot.autoconfigure.orm.jpa.HibernateJpaConfiguration' via constructor to bean named 'spring.jpa.hibernate-org.springframework.boot.autoconfigure.orm.jpa.HibernateProperties'
2022-03-20 12:26:42.526 DEBUG 5300 --- [    Test worker] o.s.b.f.s.DefaultListableBeanFactory     : Creating shared instance of singleton bean 'hikariPoolDataSourceMetadataProvider'
2022-03-20 12:26:42.529 DEBUG 5300 --- [    Test worker] o.s.b.f.s.DefaultListableBeanFactory     : Creating shared instance of singleton bean 'org.springframework.boot.autoconfigure.jdbc.metadata.DataSourcePoolMetadataProvidersConfiguration$HikariPoolDataSourceMetadataProviderConfiguration'
2022-03-20 12:26:42.544 DEBUG 5300 --- [    Test worker] o.s.b.f.s.DefaultListableBeanFactory     : Creating shared instance of singleton bean 'entityManagerFactoryBuilder'
2022-03-20 12:26:42.545 DEBUG 5300 --- [    Test worker] o.s.b.f.s.DefaultListableBeanFactory     : Creating shared instance of singleton bean 'jpaVendorAdapter'
2022-03-20 12:26:42.547 DEBUG 5300 --- [    Test worker] o.s.b.f.s.DefaultListableBeanFactory     : Autowiring by type from bean name 'entityManagerFactoryBuilder' via factory method to bean named 'jpaVendorAdapter'
2022-03-20 12:26:42.550 DEBUG 5300 --- [    Test worker] o.s.b.f.s.DefaultListableBeanFactory     : Autowiring by type from bean name 'entityManagerFactory' via factory method to bean named 'entityManagerFactoryBuilder'
2022-03-20 12:26:42.556 DEBUG 5300 --- [    Test worker] j.LocalContainerEntityManagerFactoryBean : Building JPA container EntityManagerFactory for persistence unit 'default'
2022-03-20 12:26:42.556  INFO 5300 --- [    Test worker] o.hibernate.jpa.internal.util.LogHelper  : HHH000204: Processing PersistenceUnitInfo [name: default]
2022-03-20 12:26:42.623  INFO 5300 --- [    Test worker] org.hibernate.dialect.Dialect            : HHH000400: Using dialect: org.hibernate.dialect.H2Dialect
Hibernate: alter table recipe_directions add constraint FKhvcukpdw0n8nnnwcdkw16v44s foreign key (recipe_id) references recipes
2022-03-20 12:26:42.881  WARN 5300 --- [    Test worker] o.h.t.s.i.ExceptionHandlerLoggedImpl     : GenerationTarget encountered exception accepting command : Error executing DDL "alter table recipe_directions add constraint FKhvcukpdw0n8nnnwcdkw16v44s foreign key (recipe_id) references recipes" via JDBC Statement

org.hibernate.tool.schema.spi.CommandAcceptanceException: Error executing DDL "alter table recipe_directions add constraint FKhvcukpdw0n8nnnwcdkw16v44s foreign key (recipe_id) references recipes" via JDBC Statement
	at org.hibernate.tool.schema.internal.exec.GenerationTargetToDatabase.accept(GenerationTargetToDatabase.java:67) ~[hibernate-core-5.4.32.Final.jar:5.4.32.Final]
	at org.hibernate.tool.schema.internal.AbstractSchemaMigrator.applySqlString(AbstractSchemaMigrator.java:562) ~[hibernate-core-5.4.32.Final.jar:5.4.32.Final]
	at org.hibernate.tool.schema.internal.AbstractSchemaMigrator.applySqlStrings(AbstractSchemaMigrator.java:507) ~[hibernate-core-5.4.32.Final.jar:5.4.32.Final]
	at org.hibernate.tool.schema.internal.AbstractSchemaMigrator.applyForeignKeys(AbstractSchemaMigrator.java:433) ~[hibernate-core-5.4.32.Final.jar:5.4.32.Final]
	at org.hibernate.tool.schema.internal.AbstractSchemaMigrator.performMigration(AbstractSchemaMigrator.java:249) ~[hibernate-core-5.4.32.Final.jar:5.4.32.Final]
	at org.hibernate.tool.schema.internal.AbstractSchemaMigrator.doMigration(AbstractSchemaMigrator.java:114) ~[hibernate-core-5.4.32.Final.jar:5.4.32.Final]
	at org.hibernate.tool.schema.spi.SchemaManagementToolCoordinator.performDatabaseAction(SchemaManagementToolCoordinator.java:184) ~[hibernate-core-5.4.32.Final.jar:5.4.32.Final]
	at org.hibernate.tool.schema.spi.SchemaManagementToolCoordinator.process(SchemaManagementToolCoordinator.java:73) ~[hibernate-core-5.4.32.Final.jar:5.4.32.Final]
	at org.hibernate.internal.SessionFactoryImpl.<init>(SessionFactoryImpl.java:318) ~[hibernate-core-5.4.32.Final.jar:5.4.32.Final]
	at org.hibernate.boot.internal.SessionFactoryBuilderImpl.build(SessionFactoryBuilderImpl.java:468) ~[hibernate-core-5.4.32.Final.jar:5.4.32.Final]
	at org.hibernate.jpa.boot.internal.EntityManagerFactoryBuilderImpl.build(EntityManagerFactoryBuilderImpl.java:1259) ~[hibernate-core-5.4.32.Final.jar:5.4.32.Final]
	at org.springframework.orm.jpa.vendor.SpringHibernateJpaPersistenceProvider.createContainerEntityManagerFactory(SpringHibernateJpaPersistenceProvider.java:58) ~[spring-orm-5.3.12.jar:5.3.12]
	at org.springframework.orm.jpa.LocalContainerEntityManagerFactoryBean.createNativeEntityManagerFactory(LocalContainerEntityManagerFactoryBean.java:365) ~[spring-orm-5.3.12.jar:5.3.12]
	at org.springframework.orm.jpa.AbstractEntityManagerFactoryBean.buildNativeEntityManagerFactory(AbstractEntityManagerFactoryBean.java:409) ~[spring-orm-5.3.12.jar:5.3.12]
	at org.springframework.orm.jpa.AbstractEntityManagerFactoryBean.afterPropertiesSet(AbstractEntityManagerFactoryBean.java:396) ~[spring-orm-5.3.12.jar:5.3.12]
	at org.springframework.orm.jpa.LocalContainerEntityManagerFactoryBean.afterPropertiesSet(LocalContainerEntityManagerFactoryBean.java:341) ~[spring-orm-5.3.12.jar:5.3.12]
	at org.springframework.beans.factory.support.AbstractAutowireCapableBeanFactory.lambda$invokeInitMethods$5(AbstractAutowireCapableBeanFactory.java:1854) ~[spring-beans-5.3.12.jar:5.3.12]
	at java.base/java.security.AccessController.doPrivileged(AccessController.java:712) ~[na:na]
	at org.springframework.beans.factory.support.AbstractAutowireCapableBeanFactory.invokeInitMethods(AbstractAutowireCapableBeanFactory.java:1853) ~[spring-beans-5.3.12.jar:5.3.12]
	at org.springframework.beans.factory.support.AbstractAutowireCapableBeanFactory.initializeBean(AbstractAutowireCapableBeanFactory.java:1800) ~[spring-beans-5.3.12.jar:5.3.12]
	at org.springframework.beans.factory.support.AbstractAutowireCapableBeanFactory.doCreateBean(AbstractAutowireCapableBeanFactory.java:620) ~[spring-beans-5.3.12.jar:5.3.12]
	at org.springframework.beans.factory.support.AbstractAutowireCapableBeanFactory.createBean(AbstractAutowireCapableBeanFactory.java:542) ~[spring-beans-5.3.12.jar:5.3.12]
	at org.springframework.beans.factory.support.AbstractBeanFactory.lambda$doGetBean$0(AbstractBeanFactory.java:335) ~[spring-beans-5.3.12.jar:5.3.12]
	at org.springframework.beans.factory.support.DefaultSingletonBeanRegistry.getSingleton(DefaultSingletonBeanRegistry.java:234) ~[spring-beans-5.3.12.jar:5.3.12]
	at org.springframework.beans.factory.support.AbstractBeanFactory.doGetBean(AbstractBeanFactory.java:333) ~[spring-beans-5.3.12.jar:5.3.12]
	at org.springframework.beans.factory.support.AbstractBeanFactory.getBean(AbstractBeanFactory.java:208) ~[spring-beans-5.3.12.jar:5.3.12]
	at org.springframework.context.support.AbstractApplicationContext.getBean(AbstractApplicationContext.java:1154) ~[spring-context-5.3.12.jar:5.3.12]
	at org.springframework.context.support.AbstractApplicationContext.finishBeanFactoryInitialization(AbstractApplicationContext.java:908) ~[spring-context-5.3.12.jar:5.3.12]
	at org.springframework.context.support.AbstractApplicationContext.refresh(AbstractApplicationContext.java:583) ~[spring-context-5.3.12.jar:5.3.12]
	at org.springframework.boot.web.servlet.context.ServletWebServerApplicationContext.refresh(ServletWebServerApplicationContext.java:145) ~[spring-boot-2.5.6.jar:2.5.6]
	at org.springframework.boot.SpringApplication.refresh(SpringApplication.java:754) ~[spring-boot-2.5.6.jar:2.5.6]
	at org.springframework.boot.SpringApplication.refreshContext(SpringApplication.java:434) ~[spring-boot-2.5.6.jar:2.5.6]
	at org.springframework.boot.SpringApplication.run(SpringApplication.java:338) ~[spring-boot-2.5.6.jar:2.5.6]
	at org.springframework.boot.SpringApplication.run(SpringApplication.java:1343) ~[spring-boot-2.5.6.jar:2.5.6]
	at org.springframework.boot.SpringApplication.run(SpringApplication.java:1332) ~[spring-boot-2.5.6.jar:2.5.6]
	at recipes.RecipesApplication.main(RecipesApplication.java:9) ~[main/:na]
	at java.base/jdk.internal.reflect.NativeMethodAccessorImpl.invoke0(Native Method) ~[na:na]
	at java.base/jdk.internal.reflect.NativeMethodAccessorImpl.invoke(NativeMethodAccessorImpl.java:77) ~[na:na]
	at java.base/jdk.internal.reflect.DelegatingMethodAccessorImpl.invoke(DelegatingMethodAccessorImpl.java:43) ~[na:na]
	at java.base/java.lang.reflect.Method.invoke(Method.java:568) ~[na:na]
	at org.hyperskill.hstest.stage.SpringTest.startSpring(SpringTest.java:139) ~[hs-test-release-SNAPSHOT.jar:na]
	at org.hyperskill.hstest.stage.SpringTest.reloadSpring(SpringTest.java:173) ~[hs-test-release-SNAPSHOT.jar:na]
	at RecipesApplicationTest.reloadServer(RecipesApplicationTest.java:309) ~[test/:na]
	at org.hyperskill.hstest.dynamic.input.DynamicTesting.lambda$null$2(DynamicTesting.java:289) ~[hs-test-release-SNAPSHOT.jar:na]
	at org.hyperskill.hstest.dynamic.input.DynamicTesting$1DynamicTestElement.lambda$null$0(DynamicTesting.java:252) ~[hs-test-release-SNAPSHOT.jar:na]
	at org.hyperskill.hstest.testing.runner.SpringApplicationRunner.test(SpringApplicationRunner.java:43) ~[hs-test-release-SNAPSHOT.jar:na]
	at org.hyperskill.hstest.testing.TestRun.test(TestRun.java:87) ~[hs-test-release-SNAPSHOT.jar:na]
	at org.hyperskill.hstest.stage.StageTest.start(StageTest.java:116) ~[hs-test-release-SNAPSHOT.jar:na]
	at java.base/jdk.internal.reflect.NativeMethodAccessorImpl.invoke0(Native Method) ~[na:na]
	at java.base/jdk.internal.reflect.NativeMethodAccessorImpl.invoke(NativeMethodAccessorImpl.java:77) ~[na:na]
	at java.base/jdk.internal.reflect.DelegatingMethodAccessorImpl.invoke(DelegatingMethodAccessorImpl.java:43) ~[na:na]
	at java.base/java.lang.reflect.Method.invoke(Method.java:568) ~[na:na]
	at org.junit.runners.model.FrameworkMethod$1.runReflectiveCall(FrameworkMethod.java:59) ~[junit-4.13.2.jar:4.13.2]
	at org.junit.internal.runners.model.ReflectiveCallable.run(ReflectiveCallable.java:12) ~[junit-4.13.2.jar:4.13.2]
	at org.junit.runners.model.FrameworkMethod.invokeExplosively(FrameworkMethod.java:56) ~[junit-4.13.2.jar:4.13.2]
	at org.junit.internal.runners.statements.InvokeMethod.evaluate(InvokeMethod.java:17) ~[junit-4.13.2.jar:4.13.2]
	at org.junit.internal.runners.statements.RunAfters.evaluate(RunAfters.java:27) ~[junit-4.13.2.jar:4.13.2]
	at org.junit.runners.ParentRunner$3.evaluate(ParentRunner.java:306) ~[junit-4.13.2.jar:4.13.2]
	at org.junit.runners.BlockJUnit4ClassRunner$1.evaluate(BlockJUnit4ClassRunner.java:100) ~[junit-4.13.2.jar:4.13.2]
	at org.junit.runners.ParentRunner.runLeaf(ParentRunner.java:366) ~[junit-4.13.2.jar:4.13.2]
	at org.junit.runners.BlockJUnit4ClassRunner.runChild(BlockJUnit4ClassRunner.java:103) ~[junit-4.13.2.jar:4.13.2]
	at org.junit.runners.BlockJUnit4ClassRunner.runChild(BlockJUnit4ClassRunner.java:63) ~[junit-4.13.2.jar:4.13.2]
	at org.junit.runners.ParentRunner$4.run(ParentRunner.java:331) ~[junit-4.13.2.jar:4.13.2]
	at org.junit.runners.ParentRunner$1.schedule(ParentRunner.java:79) ~[junit-4.13.2.jar:4.13.2]
	at org.junit.runners.ParentRunner.runChildren(ParentRunner.java:329) ~[junit-4.13.2.jar:4.13.2]
	at org.junit.runners.ParentRunner.access$100(ParentRunner.java:66) ~[junit-4.13.2.jar:4.13.2]
	at org.junit.runners.ParentRunner$2.evaluate(ParentRunner.java:293) ~[junit-4.13.2.jar:4.13.2]
	at org.junit.runners.ParentRunner$3.evaluate(ParentRunner.java:306) ~[junit-4.13.2.jar:4.13.2]
	at org.junit.runners.ParentRunner.run(ParentRunner.java:413) ~[junit-4.13.2.jar:4.13.2]
	at org.gradle.api.internal.tasks.testing.junit.JUnitTestClassExecutor.runTestClass(JUnitTestClassExecutor.java:110) ~[na:na]
	at org.gradle.api.internal.tasks.testing.junit.JUnitTestClassExecutor.execute(JUnitTestClassExecutor.java:58) ~[na:na]
	at org.gradle.api.internal.tasks.testing.junit.JUnitTestClassExecutor.execute(JUnitTestClassExecutor.java:38) ~[na:na]
	at org.gradle.api.internal.tasks.testing.junit.AbstractJUnitTestClassProcessor.processTestClass(AbstractJUnitTestClassProcessor.java:62) ~[na:na]
	at org.gradle.api.internal.tasks.testing.SuiteTestClassProcessor.processTestClass(SuiteTestClassProcessor.java:51) ~[na:na]
	at java.base/jdk.internal.reflect.NativeMethodAccessorImpl.invoke0(Native Method) ~[na:na]
	at java.base/jdk.internal.reflect.NativeMethodAccessorImpl.invoke(NativeMethodAccessorImpl.java:77) ~[na:na]
	at java.base/jdk.internal.reflect.DelegatingMethodAccessorImpl.invoke(DelegatingMethodAccessorImpl.java:43) ~[na:na]
	at java.base/java.lang.reflect.Method.invoke(Method.java:568) ~[na:na]
	at org.gradle.internal.dispatch.ReflectionDispatch.dispatch(ReflectionDispatch.java:36) ~[na:na]
	at org.gradle.internal.dispatch.ReflectionDispatch.dispatch(ReflectionDispatch.java:24) ~[na:na]
	at org.gradle.internal.dispatch.ContextClassLoaderDispatch.dispatch(ContextClassLoaderDispatch.java:33) ~[na:na]
	at org.gradle.internal.dispatch.ProxyDispatchAdapter$DispatchingInvocationHandler.invoke(ProxyDispatchAdapter.java:94) ~[na:na]
	at jdk.proxy1/jdk.proxy1.$Proxy2.processTestClass(Unknown Source) ~[na:na]
	at org.gradle.api.internal.tasks.testing.worker.TestWorker$2.run(TestWorker.java:176) ~[na:na]
	at org.gradle.api.internal.tasks.testing.worker.TestWorker.executeAndMaintainThreadName(TestWorker.java:129) ~[na:na]
	at org.gradle.api.internal.tasks.testing.worker.TestWorker.execute(TestWorker.java:100) ~[na:na]
	at org.gradle.api.internal.tasks.testing.worker.TestWorker.execute(TestWorker.java:60) ~[na:na]
	at org.gradle.process.internal.worker.child.ActionExecutionWorker.execute(ActionExecutionWorker.java:56) ~[na:na]
	at org.gradle.process.internal.worker.child.SystemApplicationClassLoaderWorker.call(SystemApplicationClassLoaderWorker.java:133) ~[na:na]
	at org.gradle.process.internal.worker.child.SystemApplicationClassLoaderWorker.call(SystemApplicationClassLoaderWorker.java:71) ~[na:na]
	at worker.org.gradle.process.internal.worker.GradleWorkerMain.run(GradleWorkerMain.java:69) ~[gradle-worker.jar:na]
	at worker.org.gradle.process.internal.worker.GradleWorkerMain.main(GradleWorkerMain.java:74) ~[gradle-worker.jar:na]
Caused by: org.h2.jdbc.JdbcSQLIntegrityConstraintViolationException: Referential integrity constraint violation: "FKHVCUKPDW0N8NNNWCDKW16V44S: PUBLIC.RECIPE_DIRECTIONS FOREIGN KEY(RECIPE_ID) REFERENCES PUBLIC.RECIPES(ID)"; SQL statement:
alter table recipe_directions add constraint FKhvcukpdw0n8nnnwcdkw16v44s foreign key (recipe_id) references recipes [23506-200]
	at org.h2.message.DbException.getJdbcSQLException(DbException.java:459) ~[h2-1.4.200.jar:1.4.200]
	at org.h2.engine.SessionRemote.done(SessionRemote.java:611) ~[h2-1.4.200.jar:1.4.200]
	at org.h2.command.CommandRemote.executeUpdate(CommandRemote.java:237) ~[h2-1.4.200.jar:1.4.200]
	at org.h2.jdbc.JdbcStatement.executeInternal(JdbcStatement.java:228) ~[h2-1.4.200.jar:1.4.200]
	at org.h2.jdbc.JdbcStatement.execute(JdbcStatement.java:201) ~[h2-1.4.200.jar:1.4.200]
	at com.zaxxer.hikari.pool.ProxyStatement.execute(ProxyStatement.java:94) ~[HikariCP-4.0.3.jar:na]
	at com.zaxxer.hikari.pool.HikariProxyStatement.execute(HikariProxyStatement.java) ~[HikariCP-4.0.3.jar:na]
	at org.hibernate.tool.schema.internal.exec.GenerationTargetToDatabase.accept(GenerationTargetToDatabase.java:54) ~[hibernate-core-5.4.32.Final.jar:5.4.32.Final]
	... 91 common frames omitted

Hibernate: alter table recipe_ingredients add constraint FKcqlw8sor5ut10xsuj3jnttkc foreign key (recipe_id) references recipes
2022-03-20 12:26:42.901  WARN 5300 --- [    Test worker] o.h.t.s.i.ExceptionHandlerLoggedImpl     : GenerationTarget encountered exception accepting command : Error executing DDL "alter table recipe_ingredients add constraint FKcqlw8sor5ut10xsuj3jnttkc foreign key (recipe_id) references recipes" via JDBC Statement

org.hibernate.tool.schema.spi.CommandAcceptanceException: Error executing DDL "alter table recipe_ingredients add constraint FKcqlw8sor5ut10xsuj3jnttkc foreign key (recipe_id) references recipes" via JDBC Statement
	at org.hibernate.tool.schema.internal.exec.GenerationTargetToDatabase.accept(GenerationTargetToDatabase.java:67) ~[hibernate-core-5.4.32.Final.jar:5.4.32.Final]
	at org.hibernate.tool.schema.internal.AbstractSchemaMigrator.applySqlString(AbstractSchemaMigrator.java:562) ~[hibernate-core-5.4.32.Final.jar:5.4.32.Final]
	at org.hibernate.tool.schema.internal.AbstractSchemaMigrator.applySqlStrings(AbstractSchemaMigrator.java:507) ~[hibernate-core-5.4.32.Final.jar:5.4.32.Final]
	at org.hibernate.tool.schema.internal.AbstractSchemaMigrator.applyForeignKeys(AbstractSchemaMigrator.java:433) ~[hibernate-core-5.4.32.Final.jar:5.4.32.Final]
	at org.hibernate.tool.schema.internal.AbstractSchemaMigrator.performMigration(AbstractSchemaMigrator.java:249) ~[hibernate-core-5.4.32.Final.jar:5.4.32.Final]
	at org.hibernate.tool.schema.internal.AbstractSchemaMigrator.doMigration(AbstractSchemaMigrator.java:114) ~[hibernate-core-5.4.32.Final.jar:5.4.32.Final]
	at org.hibernate.tool.schema.spi.SchemaManagementToolCoordinator.performDatabaseAction(SchemaManagementToolCoordinator.java:184) ~[hibernate-core-5.4.32.Final.jar:5.4.32.Final]
	at org.hibernate.tool.schema.spi.SchemaManagementToolCoordinator.process(SchemaManagementToolCoordinator.java:73) ~[hibernate-core-5.4.32.Final.jar:5.4.32.Final]
	at org.hibernate.internal.SessionFactoryImpl.<init>(SessionFactoryImpl.java:318) ~[hibernate-core-5.4.32.Final.jar:5.4.32.Final]
	at org.hibernate.boot.internal.SessionFactoryBuilderImpl.build(SessionFactoryBuilderImpl.java:468) ~[hibernate-core-5.4.32.Final.jar:5.4.32.Final]
	at org.hibernate.jpa.boot.internal.EntityManagerFactoryBuilderImpl.build(EntityManagerFactoryBuilderImpl.java:1259) ~[hibernate-core-5.4.32.Final.jar:5.4.32.Final]
	at org.springframework.orm.jpa.vendor.SpringHibernateJpaPersistenceProvider.createContainerEntityManagerFactory(SpringHibernateJpaPersistenceProvider.java:58) ~[spring-orm-5.3.12.jar:5.3.12]
	at org.springframework.orm.jpa.LocalContainerEntityManagerFactoryBean.createNativeEntityManagerFactory(LocalContainerEntityManagerFactoryBean.java:365) ~[spring-orm-5.3.12.jar:5.3.12]
	at org.springframework.orm.jpa.AbstractEntityManagerFactoryBean.buildNativeEntityManagerFactory(AbstractEntityManagerFactoryBean.java:409) ~[spring-orm-5.3.12.jar:5.3.12]
	at org.springframework.orm.jpa.AbstractEntityManagerFactoryBean.afterPropertiesSet(AbstractEntityManagerFactoryBean.java:396) ~[spring-orm-5.3.12.jar:5.3.12]
	at org.springframework.orm.jpa.LocalContainerEntityManagerFactoryBean.afterPropertiesSet(LocalContainerEntityManagerFactoryBean.java:341) ~[spring-orm-5.3.12.jar:5.3.12]
	at org.springframework.beans.factory.support.AbstractAutowireCapableBeanFactory.lambda$invokeInitMethods$5(AbstractAutowireCapableBeanFactory.java:1854) ~[spring-beans-5.3.12.jar:5.3.12]
	at java.base/java.security.AccessController.doPrivileged(AccessController.java:712) ~[na:na]
	at org.springframework.beans.factory.support.AbstractAutowireCapableBeanFactory.invokeInitMethods(AbstractAutowireCapableBeanFactory.java:1853) ~[spring-beans-5.3.12.jar:5.3.12]
	at org.springframework.beans.factory.support.AbstractAutowireCapableBeanFactory.initializeBean(AbstractAutowireCapableBeanFactory.java:1800) ~[spring-beans-5.3.12.jar:5.3.12]
	at org.springframework.beans.factory.support.AbstractAutowireCapableBeanFactory.doCreateBean(AbstractAutowireCapableBeanFactory.java:620) ~[spring-beans-5.3.12.jar:5.3.12]
	at org.springframework.beans.factory.support.AbstractAutowireCapableBeanFactory.createBean(AbstractAutowireCapableBeanFactory.java:542) ~[spring-beans-5.3.12.jar:5.3.12]
	at org.springframework.beans.factory.support.AbstractBeanFactory.lambda$doGetBean$0(AbstractBeanFactory.java:335) ~[spring-beans-5.3.12.jar:5.3.12]
	at org.springframework.beans.factory.support.DefaultSingletonBeanRegistry.getSingleton(DefaultSingletonBeanRegistry.java:234) ~[spring-beans-5.3.12.jar:5.3.12]
	at org.springframework.beans.factory.support.AbstractBeanFactory.doGetBean(AbstractBeanFactory.java:333) ~[spring-beans-5.3.12.jar:5.3.12]
	at org.springframework.beans.factory.support.AbstractBeanFactory.getBean(AbstractBeanFactory.java:208) ~[spring-beans-5.3.12.jar:5.3.12]
	at org.springframework.context.support.AbstractApplicationContext.getBean(AbstractApplicationContext.java:1154) ~[spring-context-5.3.12.jar:5.3.12]
	at org.springframework.context.support.AbstractApplicationContext.finishBeanFactoryInitialization(AbstractApplicationContext.java:908) ~[spring-context-5.3.12.jar:5.3.12]
	at org.springframework.context.support.AbstractApplicationContext.refresh(AbstractApplicationContext.java:583) ~[spring-context-5.3.12.jar:5.3.12]
	at org.springframework.boot.web.servlet.context.ServletWebServerApplicationContext.refresh(ServletWebServerApplicationContext.java:145) ~[spring-boot-2.5.6.jar:2.5.6]
	at org.springframework.boot.SpringApplication.refresh(SpringApplication.java:754) ~[spring-boot-2.5.6.jar:2.5.6]
	at org.springframework.boot.SpringApplication.refreshContext(SpringApplication.java:434) ~[spring-boot-2.5.6.jar:2.5.6]
	at org.springframework.boot.SpringApplication.run(SpringApplication.java:338) ~[spring-boot-2.5.6.jar:2.5.6]
	at org.springframework.boot.SpringApplication.run(SpringApplication.java:1343) ~[spring-boot-2.5.6.jar:2.5.6]
	at org.springframework.boot.SpringApplication.run(SpringApplication.java:1332) ~[spring-boot-2.5.6.jar:2.5.6]
	at recipes.RecipesApplication.main(RecipesApplication.java:9) ~[main/:na]
	at java.base/jdk.internal.reflect.NativeMethodAccessorImpl.invoke0(Native Method) ~[na:na]
	at java.base/jdk.internal.reflect.NativeMethodAccessorImpl.invoke(NativeMethodAccessorImpl.java:77) ~[na:na]
	at java.base/jdk.internal.reflect.DelegatingMethodAccessorImpl.invoke(DelegatingMethodAccessorImpl.java:43) ~[na:na]
	at java.base/java.lang.reflect.Method.invoke(Method.java:568) ~[na:na]
	at org.hyperskill.hstest.stage.SpringTest.startSpring(SpringTest.java:139) ~[hs-test-release-SNAPSHOT.jar:na]
	at org.hyperskill.hstest.stage.SpringTest.reloadSpring(SpringTest.java:173) ~[hs-test-release-SNAPSHOT.jar:na]
	at RecipesApplicationTest.reloadServer(RecipesApplicationTest.java:309) ~[test/:na]
	at org.hyperskill.hstest.dynamic.input.DynamicTesting.lambda$null$2(DynamicTesting.java:289) ~[hs-test-release-SNAPSHOT.jar:na]
	at org.hyperskill.hstest.dynamic.input.DynamicTesting$1DynamicTestElement.lambda$null$0(DynamicTesting.java:252) ~[hs-test-release-SNAPSHOT.jar:na]
	at org.hyperskill.hstest.testing.runner.SpringApplicationRunner.test(SpringApplicationRunner.java:43) ~[hs-test-release-SNAPSHOT.jar:na]
	at org.hyperskill.hstest.testing.TestRun.test(TestRun.java:87) ~[hs-test-release-SNAPSHOT.jar:na]
	at org.hyperskill.hstest.stage.StageTest.start(StageTest.java:116) ~[hs-test-release-SNAPSHOT.jar:na]
	at java.base/jdk.internal.reflect.NativeMethodAccessorImpl.invoke0(Native Method) ~[na:na]
	at java.base/jdk.internal.reflect.NativeMethodAccessorImpl.invoke(NativeMethodAccessorImpl.java:77) ~[na:na]
	at java.base/jdk.internal.reflect.DelegatingMethodAccessorImpl.invoke(DelegatingMethodAccessorImpl.java:43) ~[na:na]
	at java.base/java.lang.reflect.Method.invoke(Method.java:568) ~[na:na]
	at org.junit.runners.model.FrameworkMethod$1.runReflectiveCall(FrameworkMethod.java:59) ~[junit-4.13.2.jar:4.13.2]
	at org.junit.internal.runners.model.ReflectiveCallable.run(ReflectiveCallable.java:12) ~[junit-4.13.2.jar:4.13.2]
	at org.junit.runners.model.FrameworkMethod.invokeExplosively(FrameworkMethod.java:56) ~[junit-4.13.2.jar:4.13.2]
	at org.junit.internal.runners.statements.InvokeMethod.evaluate(InvokeMethod.java:17) ~[junit-4.13.2.jar:4.13.2]
	at org.junit.internal.runners.statements.RunAfters.evaluate(RunAfters.java:27) ~[junit-4.13.2.jar:4.13.2]
	at org.junit.runners.ParentRunner$3.evaluate(ParentRunner.java:306) ~[junit-4.13.2.jar:4.13.2]
	at org.junit.runners.BlockJUnit4ClassRunner$1.evaluate(BlockJUnit4ClassRunner.java:100) ~[junit-4.13.2.jar:4.13.2]
	at org.junit.runners.ParentRunner.runLeaf(ParentRunner.java:366) ~[junit-4.13.2.jar:4.13.2]
	at org.junit.runners.BlockJUnit4ClassRunner.runChild(BlockJUnit4ClassRunner.java:103) ~[junit-4.13.2.jar:4.13.2]
	at org.junit.runners.BlockJUnit4ClassRunner.runChild(BlockJUnit4ClassRunner.java:63) ~[junit-4.13.2.jar:4.13.2]
	at org.junit.runners.ParentRunner$4.run(ParentRunner.java:331) ~[junit-4.13.2.jar:4.13.2]
	at org.junit.runners.ParentRunner$1.schedule(ParentRunner.java:79) ~[junit-4.13.2.jar:4.13.2]
	at org.junit.runners.ParentRunner.runChildren(ParentRunner.java:329) ~[junit-4.13.2.jar:4.13.2]
	at org.junit.runners.ParentRunner.access$100(ParentRunner.java:66) ~[junit-4.13.2.jar:4.13.2]
	at org.junit.runners.ParentRunner$2.evaluate(ParentRunner.java:293) ~[junit-4.13.2.jar:4.13.2]
	at org.junit.runners.ParentRunner$3.evaluate(ParentRunner.java:306) ~[junit-4.13.2.jar:4.13.2]
	at org.junit.runners.ParentRunner.run(ParentRunner.java:413) ~[junit-4.13.2.jar:4.13.2]
	at org.gradle.api.internal.tasks.testing.junit.JUnitTestClassExecutor.runTestClass(JUnitTestClassExecutor.java:110) ~[na:na]
	at org.gradle.api.internal.tasks.testing.junit.JUnitTestClassExecutor.execute(JUnitTestClassExecutor.java:58) ~[na:na]
	at org.gradle.api.internal.tasks.testing.junit.JUnitTestClassExecutor.execute(JUnitTestClassExecutor.java:38) ~[na:na]
	at org.gradle.api.internal.tasks.testing.junit.AbstractJUnitTestClassProcessor.processTestClass(AbstractJUnitTestClassProcessor.java:62) ~[na:na]
	at org.gradle.api.internal.tasks.testing.SuiteTestClassProcessor.processTestClass(SuiteTestClassProcessor.java:51) ~[na:na]
	at java.base/jdk.internal.reflect.NativeMethodAccessorImpl.invoke0(Native Method) ~[na:na]
	at java.base/jdk.internal.reflect.NativeMethodAccessorImpl.invoke(NativeMethodAccessorImpl.java:77) ~[na:na]
	at java.base/jdk.internal.reflect.DelegatingMethodAccessorImpl.invoke(DelegatingMethodAccessorImpl.java:43) ~[na:na]
	at java.base/java.lang.reflect.Method.invoke(Method.java:568) ~[na:na]
	at org.gradle.internal.dispatch.ReflectionDispatch.dispatch(ReflectionDispatch.java:36) ~[na:na]
	at org.gradle.internal.dispatch.ReflectionDispatch.dispatch(ReflectionDispatch.java:24) ~[na:na]
	at org.gradle.internal.dispatch.ContextClassLoaderDispatch.dispatch(ContextClassLoaderDispatch.java:33) ~[na:na]
	at org.gradle.internal.dispatch.ProxyDispatchAdapter$DispatchingInvocationHandler.invoke(ProxyDispatchAdapter.java:94) ~[na:na]
	at jdk.proxy1/jdk.proxy1.$Proxy2.processTestClass(Unknown Source) ~[na:na]
	at org.gradle.api.internal.tasks.testing.worker.TestWorker$2.run(TestWorker.java:176) ~[na:na]
	at org.gradle.api.internal.tasks.testing.worker.TestWorker.executeAndMaintainThreadName(TestWorker.java:129) ~[na:na]
	at org.gradle.api.internal.tasks.testing.worker.TestWorker.execute(TestWorker.java:100) ~[na:na]
	at org.gradle.api.internal.tasks.testing.worker.TestWorker.execute(TestWorker.java:60) ~[na:na]
	at org.gradle.process.internal.worker.child.ActionExecutionWorker.execute(ActionExecutionWorker.java:56) ~[na:na]
	at org.gradle.process.internal.worker.child.SystemApplicationClassLoaderWorker.call(SystemApplicationClassLoaderWorker.java:133) ~[na:na]
	at org.gradle.process.internal.worker.child.SystemApplicationClassLoaderWorker.call(SystemApplicationClassLoaderWorker.java:71) ~[na:na]
	at worker.org.gradle.process.internal.worker.GradleWorkerMain.run(GradleWorkerMain.java:69) ~[gradle-worker.jar:na]
	at worker.org.gradle.process.internal.worker.GradleWorkerMain.main(GradleWorkerMain.java:74) ~[gradle-worker.jar:na]
Caused by: org.h2.jdbc.JdbcSQLIntegrityConstraintViolationException: Referential integrity constraint violation: "FKCQLW8SOR5UT10XSUJ3JNTTKC: PUBLIC.RECIPE_INGREDIENTS FOREIGN KEY(RECIPE_ID) REFERENCES PUBLIC.RECIPES(ID)"; SQL statement:
alter table recipe_ingredients add constraint FKcqlw8sor5ut10xsuj3jnttkc foreign key (recipe_id) references recipes [23506-200]
	at org.h2.message.DbException.getJdbcSQLException(DbException.java:459) ~[h2-1.4.200.jar:1.4.200]
	at org.h2.engine.SessionRemote.done(SessionRemote.java:611) ~[h2-1.4.200.jar:1.4.200]
	at org.h2.command.CommandRemote.executeUpdate(CommandRemote.java:237) ~[h2-1.4.200.jar:1.4.200]
	at org.h2.jdbc.JdbcStatement.executeInternal(JdbcStatement.java:228) ~[h2-1.4.200.jar:1.4.200]
	at org.h2.jdbc.JdbcStatement.execute(JdbcStatement.java:201) ~[h2-1.4.200.jar:1.4.200]
	at com.zaxxer.hikari.pool.ProxyStatement.execute(ProxyStatement.java:94) ~[HikariCP-4.0.3.jar:na]
	at com.zaxxer.hikari.pool.HikariProxyStatement.execute(HikariProxyStatement.java) ~[HikariCP-4.0.3.jar:na]
	at org.hibernate.tool.schema.internal.exec.GenerationTargetToDatabase.accept(GenerationTargetToDatabase.java:54) ~[hibernate-core-5.4.32.Final.jar:5.4.32.Final]
	... 91 common frames omitted

2022-03-20 12:26:42.904  INFO 5300 --- [    Test worker] o.h.e.t.j.p.i.JtaPlatformInitiator       : HHH000490: Using JtaPlatform implementation: [org.hibernate.engine.transaction.jta.platform.internal.NoJtaPlatform]
2022-03-20 12:26:42.905  INFO 5300 --- [    Test worker] j.LocalContainerEntityManagerFactoryBean : Initialized JPA EntityManagerFactory for persistence unit 'default'
2022-03-20 12:26:42.905 DEBUG 5300 --- [    Test worker] o.s.b.f.s.DefaultListableBeanFactory     : Creating shared instance of singleton bean 'recipesApplication'
2022-03-20 12:26:42.908 DEBUG 5300 --- [    Test worker] o.s.b.f.s.DefaultListableBeanFactory     : Creating shared instance of singleton bean 'recipeService'
2022-03-20 12:26:42.910 DEBUG 5300 --- [    Test worker] o.s.b.f.s.DefaultListableBeanFactory     : Creating shared instance of singleton bean 'recipeRepository'
2022-03-20 12:26:42.975 DEBUG 5300 --- [    Test worker] o.s.b.f.s.DefaultListableBeanFactory     : Creating shared instance of singleton bean 'jpaMappingContext'
2022-03-20 12:26:42.976 DEBUG 5300 --- [    Test worker] .c.JpaMetamodelMappingContextFactoryBean : Initializing JpaMetamodelMappingContext…
2022-03-20 12:26:42.978 DEBUG 5300 --- [    Test worker] .c.JpaMetamodelMappingContextFactoryBean : Finished initializing JpaMetamodelMappingContext!
2022-03-20 12:26:42.980 DEBUG 5300 --- [    Test worker] tor$SharedEntityManagerInvocationHandler : Creating new EntityManager for shared EntityManager invocation
2022-03-20 12:26:42.982 DEBUG 5300 --- [    Test worker] o.s.b.f.s.DefaultListableBeanFactory     : Creating shared instance of singleton bean 'metricsRepositoryMethodInvocationListener'
2022-03-20 12:26:42.983 DEBUG 5300 --- [    Test worker] o.s.b.f.s.DefaultListableBeanFactory     : Creating shared instance of singleton bean 'org.springframework.boot.actuate.autoconfigure.metrics.data.RepositoryMetricsAutoConfiguration'
2022-03-20 12:26:42.985 DEBUG 5300 --- [    Test worker] o.s.b.f.s.DefaultListableBeanFactory     : Autowiring by type from bean name 'org.springframework.boot.actuate.autoconfigure.metrics.data.RepositoryMetricsAutoConfiguration' via constructor to bean named 'management.metrics-org.springframework.boot.actuate.autoconfigure.metrics.MetricsProperties'
2022-03-20 12:26:42.987 DEBUG 5300 --- [    Test worker] o.s.b.f.s.DefaultListableBeanFactory     : Creating shared instance of singleton bean 'repositoryTagsProvider'
2022-03-20 12:26:42.988 DEBUG 5300 --- [    Test worker] o.s.b.f.s.DefaultListableBeanFactory     : Autowiring by type from bean name 'metricsRepositoryMethodInvocationListener' via factory method to bean named 'repositoryTagsProvider'
2022-03-20 12:26:43.010 DEBUG 5300 --- [    Test worker] o.s.d.r.c.s.RepositoryFactorySupport     : Initializing repository instance for recipes.persistence.RecipeRepository…
2022-03-20 12:26:43.013 DEBUG 5300 --- [    Test worker] tor$SharedEntityManagerInvocationHandler : Creating new EntityManager for shared EntityManager invocation
2022-03-20 12:26:43.026 DEBUG 5300 --- [    Test worker] o.s.d.jpa.repository.query.NamedQuery    : Looking up named query Recipe.findByNameContainingIgnoreCaseOrderByDateDesc
2022-03-20 12:26:43.027 DEBUG 5300 --- [    Test worker] o.s.d.jpa.repository.query.NamedQuery    : Did not find named query Recipe.findByNameContainingIgnoreCaseOrderByDateDesc
2022-03-20 12:26:43.028 DEBUG 5300 --- [    Test worker] tor$SharedEntityManagerInvocationHandler : Creating new EntityManager for shared EntityManager invocation
2022-03-20 12:26:43.031 DEBUG 5300 --- [    Test worker] o.s.d.jpa.repository.query.NamedQuery    : Looking up named query Recipe.findByCategoryIgnoreCaseOrderByDateDesc
2022-03-20 12:26:43.032 DEBUG 5300 --- [    Test worker] o.s.d.jpa.repository.query.NamedQuery    : Did not find named query Recipe.findByCategoryIgnoreCaseOrderByDateDesc
2022-03-20 12:26:43.033 DEBUG 5300 --- [    Test worker] tor$SharedEntityManagerInvocationHandler : Creating new EntityManager for shared EntityManager invocation
2022-03-20 12:26:43.036 DEBUG 5300 --- [    Test worker] o.s.d.r.c.s.RepositoryFactorySupport     : Finished creation of repository instance for {}.
2022-03-20 12:26:43.038 DEBUG 5300 --- [    Test worker] o.s.b.f.s.DefaultListableBeanFactory     : Autowiring by type from bean name 'recipeService' via constructor to bean named 'recipeRepository'
2022-03-20 12:26:43.039 DEBUG 5300 --- [    Test worker] o.s.b.f.s.DefaultListableBeanFactory     : Creating shared instance of singleton bean 'userDetailsServiceImpl'
2022-03-20 12:26:43.042 DEBUG 5300 --- [    Test worker] o.s.b.f.s.DefaultListableBeanFactory     : Creating shared instance of singleton bean 'userRepository'
2022-03-20 12:26:43.060 DEBUG 5300 --- [    Test worker] tor$SharedEntityManagerInvocationHandler : Creating new EntityManager for shared EntityManager invocation
2022-03-20 12:26:43.067 DEBUG 5300 --- [    Test worker] o.s.d.r.c.s.RepositoryFactorySupport     : Initializing repository instance for recipes.persistence.UserRepository…
2022-03-20 12:26:43.068 DEBUG 5300 --- [    Test worker] tor$SharedEntityManagerInvocationHandler : Creating new EntityManager for shared EntityManager invocation
2022-03-20 12:26:43.076 DEBUG 5300 --- [    Test worker] o.s.d.jpa.repository.query.NamedQuery    : Looking up named query User.findByEmail
2022-03-20 12:26:43.076 DEBUG 5300 --- [    Test worker] o.s.d.jpa.repository.query.NamedQuery    : Did not find named query User.findByEmail
2022-03-20 12:26:43.077 DEBUG 5300 --- [    Test worker] tor$SharedEntityManagerInvocationHandler : Creating new EntityManager for shared EntityManager invocation
2022-03-20 12:26:43.079 DEBUG 5300 --- [    Test worker] o.s.d.jpa.repository.query.NamedQuery    : Looking up named query User.findByEmailIgnoreCase
2022-03-20 12:26:43.079 DEBUG 5300 --- [    Test worker] o.s.d.jpa.repository.query.NamedQuery    : Did not find named query User.findByEmailIgnoreCase
2022-03-20 12:26:43.079 DEBUG 5300 --- [    Test worker] tor$SharedEntityManagerInvocationHandler : Creating new EntityManager for shared EntityManager invocation
2022-03-20 12:26:43.081 DEBUG 5300 --- [    Test worker] o.s.d.r.c.s.RepositoryFactorySupport     : Finished creation of repository instance for {}.
2022-03-20 12:26:43.083 DEBUG 5300 --- [    Test worker] o.s.b.f.s.DefaultListableBeanFactory     : Creating shared instance of singleton bean 'userService'
2022-03-20 12:26:43.083 DEBUG 5300 --- [    Test worker] o.s.b.f.s.DefaultListableBeanFactory     : Autowiring by type from bean name 'userService' via constructor to bean named 'userRepository'
2022-03-20 12:26:43.086 DEBUG 5300 --- [    Test worker] o.s.b.f.s.DefaultListableBeanFactory     : Creating shared instance of singleton bean 'recipesController'
2022-03-20 12:26:43.090 DEBUG 5300 --- [    Test worker] o.s.b.f.s.DefaultListableBeanFactory     : Creating shared instance of singleton bean 'getEncoder'
2022-03-20 12:26:43.091 DEBUG 5300 --- [    Test worker] o.s.b.f.s.DefaultListableBeanFactory     : Creating shared instance of singleton bean 'webSecurityConfigurerImpl'
2022-03-20 12:26:43.148 DEBUG 5300 --- [    Test worker] o.s.b.f.s.DefaultListableBeanFactory     : Creating shared instance of singleton bean 'objectPostProcessor'
2022-03-20 12:26:43.149 DEBUG 5300 --- [    Test worker] o.s.b.f.s.DefaultListableBeanFactory     : Creating shared instance of singleton bean 'org.springframework.security.config.annotation.configuration.ObjectPostProcessorConfiguration'
2022-03-20 12:26:43.153 DEBUG 5300 --- [    Test worker] o.s.b.f.s.DefaultListableBeanFactory     : Autowiring by type from bean name 'objectPostProcessor' via factory method to bean named 'org.springframework.beans.factory.support.DefaultListableBeanFactory@46c093b4'
2022-03-20 12:26:43.158 DEBUG 5300 --- [    Test worker] o.s.b.f.s.DefaultListableBeanFactory     : Creating shared instance of singleton bean 'org.springframework.security.config.annotation.authentication.configuration.AuthenticationConfiguration'
2022-03-20 12:26:43.204 DEBUG 5300 --- [    Test worker] o.s.b.f.s.DefaultListableBeanFactory     : Creating shared instance of singleton bean 'enableGlobalAuthenticationAutowiredConfigurer'
2022-03-20 12:26:43.209 DEBUG 5300 --- [    Test worker] o.s.b.f.s.DefaultListableBeanFactory     : Autowiring by type from bean name 'enableGlobalAuthenticationAutowiredConfigurer' via factory method to bean named 'org.springframework.boot.web.servlet.context.AnnotationConfigServletWebServerApplicationContext@7c5fbde4'
2022-03-20 12:26:43.211 DEBUG 5300 --- [    Test worker] o.s.b.f.s.DefaultListableBeanFactory     : Creating shared instance of singleton bean 'initializeUserDetailsBeanManagerConfigurer'
2022-03-20 12:26:43.211 DEBUG 5300 --- [    Test worker] o.s.b.f.s.DefaultListableBeanFactory     : Autowiring by type from bean name 'initializeUserDetailsBeanManagerConfigurer' via factory method to bean named 'org.springframework.boot.web.servlet.context.AnnotationConfigServletWebServerApplicationContext@7c5fbde4'
2022-03-20 12:26:43.212 DEBUG 5300 --- [    Test worker] o.s.b.f.s.DefaultListableBeanFactory     : Creating shared instance of singleton bean 'initializeAuthenticationProviderBeanManagerConfigurer'
2022-03-20 12:26:43.212 DEBUG 5300 --- [    Test worker] o.s.b.f.s.DefaultListableBeanFactory     : Autowiring by type from bean name 'initializeAuthenticationProviderBeanManagerConfigurer' via factory method to bean named 'org.springframework.boot.web.servlet.context.AnnotationConfigServletWebServerApplicationContext@7c5fbde4'
2022-03-20 12:26:43.218 DEBUG 5300 --- [    Test worker] o.s.b.f.s.DefaultListableBeanFactory     : Creating shared instance of singleton bean 'mvcContentNegotiationManager'
2022-03-20 12:26:43.219 DEBUG 5300 --- [    Test worker] o.s.b.f.s.DefaultListableBeanFactory     : Creating shared instance of singleton bean 'org.springframework.boot.autoconfigure.web.servlet.WebMvcAutoConfiguration$EnableWebMvcConfiguration'
2022-03-20 12:26:43.221 DEBUG 5300 --- [    Test worker] o.s.b.f.s.DefaultListableBeanFactory     : Creating shared instance of singleton bean 'spring.resources-org.springframework.boot.autoconfigure.web.ResourceProperties'
2022-03-20 12:26:43.227 DEBUG 5300 --- [    Test worker] o.s.b.f.s.DefaultListableBeanFactory     : Creating shared instance of singleton bean 'spring.web-org.springframework.boot.autoconfigure.web.WebProperties'
2022-03-20 12:26:43.233 DEBUG 5300 --- [    Test worker] o.s.b.f.s.DefaultListableBeanFactory     : Autowiring by type from bean name 'org.springframework.boot.autoconfigure.web.servlet.WebMvcAutoConfiguration$EnableWebMvcConfiguration' via constructor to bean named 'spring.resources-org.springframework.boot.autoconfigure.web.ResourceProperties'
2022-03-20 12:26:43.234 DEBUG 5300 --- [    Test worker] o.s.b.f.s.DefaultListableBeanFactory     : Autowiring by type from bean name 'org.springframework.boot.autoconfigure.web.servlet.WebMvcAutoConfiguration$EnableWebMvcConfiguration' via constructor to bean named 'spring.mvc-org.springframework.boot.autoconfigure.web.servlet.WebMvcProperties'
2022-03-20 12:26:43.234 DEBUG 5300 --- [    Test worker] o.s.b.f.s.DefaultListableBeanFactory     : Autowiring by type from bean name 'org.springframework.boot.autoconfigure.web.servlet.WebMvcAutoConfiguration$EnableWebMvcConfiguration' via constructor to bean named 'spring.web-org.springframework.boot.autoconfigure.web.WebProperties'
2022-03-20 12:26:43.234 DEBUG 5300 --- [    Test worker] o.s.b.f.s.DefaultListableBeanFactory     : Autowiring by type from bean name 'org.springframework.boot.autoconfigure.web.servlet.WebMvcAutoConfiguration$EnableWebMvcConfiguration' via constructor to bean named 'org.springframework.beans.factory.support.DefaultListableBeanFactory@46c093b4'
2022-03-20 12:26:43.278 DEBUG 5300 --- [    Test worker] o.s.b.f.s.DefaultListableBeanFactory     : Creating shared instance of singleton bean 'org.springframework.security.config.annotation.web.configuration.WebMvcSecurityConfiguration'
2022-03-20 12:26:43.280 DEBUG 5300 --- [    Test worker] o.s.b.f.s.DefaultListableBeanFactory     : Creating shared instance of singleton bean 'org.springframework.boot.autoconfigure.web.servlet.WebMvcAutoConfiguration$WebMvcAutoConfigurationAdapter'
2022-03-20 12:26:43.299 DEBUG 5300 --- [    Test worker] o.s.b.f.s.DefaultListableBeanFactory     : Autowiring by type from bean name 'org.springframework.boot.autoconfigure.web.servlet.WebMvcAutoConfiguration$WebMvcAutoConfigurationAdapter' via constructor to bean named 'spring.resources-org.springframework.boot.autoconfigure.web.ResourceProperties'
2022-03-20 12:26:43.299 DEBUG 5300 --- [    Test worker] o.s.b.f.s.DefaultListableBeanFactory     : Autowiring by type from bean name 'org.springframework.boot.autoconfigure.web.servlet.WebMvcAutoConfiguration$WebMvcAutoConfigurationAdapter' via constructor to bean named 'spring.web-org.springframework.boot.autoconfigure.web.WebProperties'
2022-03-20 12:26:43.299 DEBUG 5300 --- [    Test worker] o.s.b.f.s.DefaultListableBeanFactory     : Autowiring by type from bean name 'org.springframework.boot.autoconfigure.web.servlet.WebMvcAutoConfiguration$WebMvcAutoConfigurationAdapter' via constructor to bean named 'spring.mvc-org.springframework.boot.autoconfigure.web.servlet.WebMvcProperties'
2022-03-20 12:26:43.299 DEBUG 5300 --- [    Test worker] o.s.b.f.s.DefaultListableBeanFactory     : Autowiring by type from bean name 'org.springframework.boot.autoconfigure.web.servlet.WebMvcAutoConfiguration$WebMvcAutoConfigurationAdapter' via constructor to bean named 'org.springframework.beans.factory.support.DefaultListableBeanFactory@46c093b4'
2022-03-20 12:26:43.304 DEBUG 5300 --- [    Test worker] o.s.b.f.s.DefaultListableBeanFactory     : Creating shared instance of singleton bean 'openEntityManagerInViewInterceptorConfigurer'
2022-03-20 12:26:43.312 DEBUG 5300 --- [    Test worker] o.s.b.f.s.DefaultListableBeanFactory     : Creating shared instance of singleton bean 'org.springframework.boot.autoconfigure.orm.jpa.JpaBaseConfiguration$JpaWebConfiguration'
2022-03-20 12:26:43.339 DEBUG 5300 --- [    Test worker] o.s.b.f.s.DefaultListableBeanFactory     : Autowiring by type from bean name 'org.springframework.boot.autoconfigure.orm.jpa.JpaBaseConfiguration$JpaWebConfiguration' via constructor to bean named 'spring.jpa-org.springframework.boot.autoconfigure.orm.jpa.JpaProperties'
2022-03-20 12:26:43.344 DEBUG 5300 --- [    Test worker] o.s.b.f.s.DefaultListableBeanFactory     : Creating shared instance of singleton bean 'openEntityManagerInViewInterceptor'
2022-03-20 12:26:43.345  WARN 5300 --- [    Test worker] JpaBaseConfiguration$JpaWebConfiguration : spring.jpa.open-in-view is enabled by default. Therefore, database queries may be performed during view rendering. Explicitly configure spring.jpa.open-in-view to disable this warning
2022-03-20 12:26:43.346 DEBUG 5300 --- [    Test worker] o.s.b.f.s.DefaultListableBeanFactory     : Autowiring by type from bean name 'openEntityManagerInViewInterceptorConfigurer' via factory method to bean named 'openEntityManagerInViewInterceptor'
2022-03-20 12:26:43.354 DEBUG 5300 --- [    Test worker] o.s.b.f.s.DefaultListableBeanFactory     : Creating shared instance of singleton bean 'metricsWebMvcConfigurer'
2022-03-20 12:26:43.357 DEBUG 5300 --- [    Test worker] o.s.b.f.s.DefaultListableBeanFactory     : Autowiring by type from bean name 'metricsWebMvcConfigurer' via factory method to bean named 'simpleMeterRegistry'
2022-03-20 12:26:43.357 DEBUG 5300 --- [    Test worker] o.s.b.f.s.DefaultListableBeanFactory     : Autowiring by type from bean name 'metricsWebMvcConfigurer' via factory method to bean named 'webMvcTagsProvider'
2022-03-20 12:26:43.361 DEBUG 5300 --- [    Test worker] o.s.b.f.s.DefaultListableBeanFactory     : Creating shared instance of singleton bean 'org.springframework.data.web.config.SpringDataWebConfiguration'
2022-03-20 12:26:43.362 DEBUG 5300 --- [    Test worker] o.s.b.f.s.DefaultListableBeanFactory     : Autowiring by type from bean name 'org.springframework.data.web.config.SpringDataWebConfiguration' via constructor to bean named 'org.springframework.boot.web.servlet.context.AnnotationConfigServletWebServerApplicationContext@7c5fbde4'
2022-03-20 12:26:43.375 DEBUG 5300 --- [    Test worker] o.s.b.f.s.DefaultListableBeanFactory     : Creating shared instance of singleton bean 'authenticationManagerBuilder'
2022-03-20 12:26:43.376 DEBUG 5300 --- [    Test worker] o.s.b.f.s.DefaultListableBeanFactory     : Autowiring by type from bean name 'authenticationManagerBuilder' via factory method to bean named 'objectPostProcessor'
2022-03-20 12:26:43.376 DEBUG 5300 --- [    Test worker] o.s.b.f.s.DefaultListableBeanFactory     : Autowiring by type from bean name 'authenticationManagerBuilder' via factory method to bean named 'org.springframework.boot.web.servlet.context.AnnotationConfigServletWebServerApplicationContext@7c5fbde4'
2022-03-20 12:26:43.377 DEBUG 5300 --- [    Test worker] o.s.b.f.s.DefaultListableBeanFactory     : Creating shared instance of singleton bean 'authenticationEventPublisher'
2022-03-20 12:26:43.377 DEBUG 5300 --- [    Test worker] o.s.b.f.s.DefaultListableBeanFactory     : Creating shared instance of singleton bean 'org.springframework.boot.autoconfigure.security.servlet.SecurityAutoConfiguration'
2022-03-20 12:26:43.380 DEBUG 5300 --- [    Test worker] o.s.b.f.s.DefaultListableBeanFactory     : Autowiring by type from bean name 'authenticationEventPublisher' via factory method to bean named 'org.springframework.boot.web.servlet.context.AnnotationConfigServletWebServerApplicationContext@7c5fbde4'
2022-03-20 12:26:43.384 DEBUG 5300 --- [    Test worker] o.s.b.f.s.DefaultListableBeanFactory     : Creating shared instance of singleton bean 'org.springframework.security.config.annotation.web.configuration.WebSecurityConfiguration'
2022-03-20 12:26:43.396 DEBUG 5300 --- [    Test worker] o.s.b.f.s.DefaultListableBeanFactory     : Creating shared instance of singleton bean 'autowiredWebSecurityConfigurersIgnoreParents'
2022-03-20 12:26:43.398 DEBUG 5300 --- [    Test worker] o.s.b.f.s.DefaultListableBeanFactory     : Autowiring by type from bean name 'autowiredWebSecurityConfigurersIgnoreParents' via factory method to bean named 'org.springframework.beans.factory.support.DefaultListableBeanFactory@46c093b4'
2022-03-20 12:26:43.403 DEBUG 5300 --- [    Test worker] o.s.b.f.s.DefaultListableBeanFactory     : Creating shared instance of singleton bean 'delegatingApplicationListener'
2022-03-20 12:26:43.404 DEBUG 5300 --- [    Test worker] o.s.b.f.s.DefaultListableBeanFactory     : Creating shared instance of singleton bean 'springSecurityFilterChain'
2022-03-20 12:26:43.408 DEBUG 5300 --- [    Test worker] o.s.b.f.s.DefaultListableBeanFactory     : Creating shared instance of singleton bean 'mvcHandlerMappingIntrospector'
2022-03-20 12:26:43.410 DEBUG 5300 --- [    Test worker] o.s.b.f.s.DefaultListableBeanFactory     : Creating shared instance of singleton bean 'requestMappingHandlerMapping'
2022-03-20 12:26:43.417 DEBUG 5300 --- [    Test worker] o.s.b.f.s.DefaultListableBeanFactory     : Creating shared instance of singleton bean 'mvcConversionService'
2022-03-20 12:26:43.424 DEBUG 5300 --- [    Test worker] o.s.b.f.s.DefaultListableBeanFactory     : Creating shared instance of singleton bean 'mvcResourceUrlProvider'
2022-03-20 12:26:43.428 DEBUG 5300 --- [    Test worker] o.s.b.f.s.DefaultListableBeanFactory     : Autowiring by type from bean name 'requestMappingHandlerMapping' via factory method to bean named 'mvcContentNegotiationManager'
2022-03-20 12:26:43.428 DEBUG 5300 --- [    Test worker] o.s.b.f.s.DefaultListableBeanFactory     : Autowiring by type from bean name 'requestMappingHandlerMapping' via factory method to bean named 'mvcConversionService'
2022-03-20 12:26:43.428 DEBUG 5300 --- [    Test worker] o.s.b.f.s.DefaultListableBeanFactory     : Autowiring by type from bean name 'requestMappingHandlerMapping' via factory method to bean named 'mvcResourceUrlProvider'
2022-03-20 12:26:43.429 DEBUG 5300 --- [    Test worker] o.s.b.f.s.DefaultListableBeanFactory     : Autowiring by type from bean name 'requestMappingHandlerMapping' via factory method to bean named 'mvcContentNegotiationManager'
2022-03-20 12:26:43.430 DEBUG 5300 --- [    Test worker] o.s.b.f.s.DefaultListableBeanFactory     : Autowiring by type from bean name 'requestMappingHandlerMapping' via factory method to bean named 'mvcConversionService'
2022-03-20 12:26:43.430 DEBUG 5300 --- [    Test worker] o.s.b.f.s.DefaultListableBeanFactory     : Autowiring by type from bean name 'requestMappingHandlerMapping' via factory method to bean named 'mvcResourceUrlProvider'
2022-03-20 12:26:43.450 DEBUG 5300 --- [    Test worker] s.w.s.m.m.a.RequestMappingHandlerMapping : 8 mappings in 'requestMappingHandlerMapping'
2022-03-20 12:26:43.452 DEBUG 5300 --- [    Test worker] o.s.b.f.s.DefaultListableBeanFactory     : Creating shared instance of singleton bean 'welcomePageHandlerMapping'
2022-03-20 12:26:43.454 DEBUG 5300 --- [    Test worker] o.s.b.f.s.DefaultListableBeanFactory     : Autowiring by type from bean name 'welcomePageHandlerMapping' via factory method to bean named 'org.springframework.boot.web.servlet.context.AnnotationConfigServletWebServerApplicationContext@7c5fbde4'
2022-03-20 12:26:43.454 DEBUG 5300 --- [    Test worker] o.s.b.f.s.DefaultListableBeanFactory     : Autowiring by type from bean name 'welcomePageHandlerMapping' via factory method to bean named 'mvcConversionService'
2022-03-20 12:26:43.454 DEBUG 5300 --- [    Test worker] o.s.b.f.s.DefaultListableBeanFactory     : Autowiring by type from bean name 'welcomePageHandlerMapping' via factory method to bean named 'mvcResourceUrlProvider'
2022-03-20 12:26:43.464 DEBUG 5300 --- [    Test worker] o.s.b.f.s.DefaultListableBeanFactory     : Creating shared instance of singleton bean 'viewControllerHandlerMapping'
2022-03-20 12:26:43.465 DEBUG 5300 --- [    Test worker] o.s.b.f.s.DefaultListableBeanFactory     : Autowiring by type from bean name 'viewControllerHandlerMapping' via factory method to bean named 'mvcConversionService'
2022-03-20 12:26:43.465 DEBUG 5300 --- [    Test worker] o.s.b.f.s.DefaultListableBeanFactory     : Autowiring by type from bean name 'viewControllerHandlerMapping' via factory method to bean named 'mvcResourceUrlProvider'
2022-03-20 12:26:43.466 DEBUG 5300 --- [    Test worker] o.s.b.f.s.DefaultListableBeanFactory     : Creating shared instance of singleton bean 'beanNameHandlerMapping'
2022-03-20 12:26:43.467 DEBUG 5300 --- [    Test worker] o.s.b.f.s.DefaultListableBeanFactory     : Autowiring by type from bean name 'beanNameHandlerMapping' via factory method to bean named 'mvcConversionService'
2022-03-20 12:26:43.467 DEBUG 5300 --- [    Test worker] o.s.b.f.s.DefaultListableBeanFactory     : Autowiring by type from bean name 'beanNameHandlerMapping' via factory method to bean named 'mvcResourceUrlProvider'
2022-03-20 12:26:43.470 DEBUG 5300 --- [    Test worker] o.s.b.f.s.DefaultListableBeanFactory     : Creating shared instance of singleton bean 'routerFunctionMapping'
2022-03-20 12:26:43.472 DEBUG 5300 --- [    Test worker] o.s.b.f.s.DefaultListableBeanFactory     : Autowiring by type from bean name 'routerFunctionMapping' via factory method to bean named 'mvcConversionService'
2022-03-20 12:26:43.472 DEBUG 5300 --- [    Test worker] o.s.b.f.s.DefaultListableBeanFactory     : Autowiring by type from bean name 'routerFunctionMapping' via factory method to bean named 'mvcResourceUrlProvider'
2022-03-20 12:26:43.474 DEBUG 5300 --- [    Test worker] o.s.b.f.s.DefaultListableBeanFactory     : Creating shared instance of singleton bean 'messageConverters'
2022-03-20 12:26:43.474 DEBUG 5300 --- [    Test worker] o.s.b.f.s.DefaultListableBeanFactory     : Creating shared instance of singleton bean 'org.springframework.boot.autoconfigure.http.HttpMessageConvertersAutoConfiguration'
2022-03-20 12:26:43.476 DEBUG 5300 --- [    Test worker] o.s.b.f.s.DefaultListableBeanFactory     : Creating shared instance of singleton bean 'stringHttpMessageConverter'
2022-03-20 12:26:43.476 DEBUG 5300 --- [    Test worker] o.s.b.f.s.DefaultListableBeanFactory     : Creating shared instance of singleton bean 'org.springframework.boot.autoconfigure.http.HttpMessageConvertersAutoConfiguration$StringHttpMessageConverterConfiguration'
2022-03-20 12:26:43.478 DEBUG 5300 --- [    Test worker] o.s.b.f.s.DefaultListableBeanFactory     : Autowiring by type from bean name 'stringHttpMessageConverter' via factory method to bean named 'environment'
2022-03-20 12:26:43.483 DEBUG 5300 --- [    Test worker] o.s.b.f.s.DefaultListableBeanFactory     : Creating shared instance of singleton bean 'mappingJackson2HttpMessageConverter'
2022-03-20 12:26:43.484 DEBUG 5300 --- [    Test worker] o.s.b.f.s.DefaultListableBeanFactory     : Creating shared instance of singleton bean 'org.springframework.boot.autoconfigure.http.JacksonHttpMessageConvertersConfiguration$MappingJackson2HttpMessageConverterConfiguration'
2022-03-20 12:26:43.487 DEBUG 5300 --- [    Test worker] o.s.b.f.s.DefaultListableBeanFactory     : Creating shared instance of singleton bean 'jacksonObjectMapper'
2022-03-20 12:26:43.487 DEBUG 5300 --- [    Test worker] o.s.b.f.s.DefaultListableBeanFactory     : Creating shared instance of singleton bean 'org.springframework.boot.autoconfigure.jackson.JacksonAutoConfiguration$JacksonObjectMapperConfiguration'
2022-03-20 12:26:43.490 DEBUG 5300 --- [    Test worker] o.s.b.f.s.DefaultListableBeanFactory     : Creating shared instance of singleton bean 'org.springframework.boot.autoconfigure.jackson.JacksonAutoConfiguration$JacksonObjectMapperBuilderConfiguration'
2022-03-20 12:26:43.492 DEBUG 5300 --- [    Test worker] o.s.b.f.s.DefaultListableBeanFactory     : Creating shared instance of singleton bean 'standardJacksonObjectMapperBuilderCustomizer'
2022-03-20 12:26:43.492 DEBUG 5300 --- [    Test worker] o.s.b.f.s.DefaultListableBeanFactory     : Creating shared instance of singleton bean 'org.springframework.boot.autoconfigure.jackson.JacksonAutoConfiguration$Jackson2ObjectMapperBuilderCustomizerConfiguration'
2022-03-20 12:26:43.494 DEBUG 5300 --- [    Test worker] o.s.b.f.s.DefaultListableBeanFactory     : Creating shared instance of singleton bean 'spring.jackson-org.springframework.boot.autoconfigure.jackson.JacksonProperties'
2022-03-20 12:26:43.498 DEBUG 5300 --- [    Test worker] o.s.b.f.s.DefaultListableBeanFactory     : Autowiring by type from bean name 'standardJacksonObjectMapperBuilderCustomizer' via factory method to bean named 'org.springframework.boot.web.servlet.context.AnnotationConfigServletWebServerApplicationContext@7c5fbde4'
2022-03-20 12:26:43.498 DEBUG 5300 --- [    Test worker] o.s.b.f.s.DefaultListableBeanFactory     : Autowiring by type from bean name 'standardJacksonObjectMapperBuilderCustomizer' via factory method to bean named 'spring.jackson-org.springframework.boot.autoconfigure.jackson.JacksonProperties'
2022-03-20 12:26:43.499 DEBUG 5300 --- [    Test worker] o.s.b.f.s.DefaultListableBeanFactory     : Autowiring by type from bean name 'jacksonObjectMapperBuilder' via factory method to bean named 'org.springframework.boot.web.servlet.context.AnnotationConfigServletWebServerApplicationContext@7c5fbde4'
2022-03-20 12:26:43.499 DEBUG 5300 --- [    Test worker] o.s.b.f.s.DefaultListableBeanFactory     : Autowiring by type from bean name 'jacksonObjectMapperBuilder' via factory method to bean named 'standardJacksonObjectMapperBuilderCustomizer'
2022-03-20 12:26:43.500 DEBUG 5300 --- [    Test worker] o.s.b.f.s.DefaultListableBeanFactory     : Creating shared instance of singleton bean 'parameterNamesModule'
2022-03-20 12:26:43.501 DEBUG 5300 --- [    Test worker] o.s.b.f.s.DefaultListableBeanFactory     : Creating shared instance of singleton bean 'org.springframework.boot.autoconfigure.jackson.JacksonAutoConfiguration$ParameterNamesModuleConfiguration'
2022-03-20 12:26:43.503 DEBUG 5300 --- [    Test worker] o.s.b.f.s.DefaultListableBeanFactory     : Creating shared instance of singleton bean 'jsonComponentModule'
2022-03-20 12:26:43.504 DEBUG 5300 --- [    Test worker] o.s.b.f.s.DefaultListableBeanFactory     : Creating shared instance of singleton bean 'org.springframework.boot.autoconfigure.jackson.JacksonAutoConfiguration'
2022-03-20 12:26:43.509 DEBUG 5300 --- [    Test worker] o.s.b.f.s.DefaultListableBeanFactory     : Creating shared instance of singleton bean 'jacksonGeoModule'
2022-03-20 12:26:43.510 DEBUG 5300 --- [    Test worker] o.s.b.f.s.DefaultListableBeanFactory     : Creating shared instance of singleton bean 'org.springframework.data.web.config.SpringDataJacksonConfiguration'
2022-03-20 12:26:43.513 DEBUG 5300 --- [    Test worker] o.s.b.f.s.DefaultListableBeanFactory     : Autowiring by type from bean name 'jacksonObjectMapper' via factory method to bean named 'jacksonObjectMapperBuilder'
2022-03-20 12:26:43.519 DEBUG 5300 --- [    Test worker] o.s.b.f.s.DefaultListableBeanFactory     : Autowiring by type from bean name 'mappingJackson2HttpMessageConverter' via factory method to bean named 'jacksonObjectMapper'
2022-03-20 12:26:43.527 DEBUG 5300 --- [    Test worker] o.s.b.f.s.DefaultListableBeanFactory     : Creating shared instance of singleton bean 'resourceHandlerMapping'
2022-03-20 12:26:43.529 DEBUG 5300 --- [    Test worker] o.s.b.f.s.DefaultListableBeanFactory     : Autowiring by type from bean name 'resourceHandlerMapping' via factory method to bean named 'mvcContentNegotiationManager'
2022-03-20 12:26:43.529 DEBUG 5300 --- [    Test worker] o.s.b.f.s.DefaultListableBeanFactory     : Autowiring by type from bean name 'resourceHandlerMapping' via factory method to bean named 'mvcConversionService'
2022-03-20 12:26:43.530 DEBUG 5300 --- [    Test worker] o.s.b.f.s.DefaultListableBeanFactory     : Autowiring by type from bean name 'resourceHandlerMapping' via factory method to bean named 'mvcResourceUrlProvider'
2022-03-20 12:26:43.534 DEBUG 5300 --- [    Test worker] o.s.w.s.handler.SimpleUrlHandlerMapping  : Patterns [/webjars/**, /**] in 'resourceHandlerMapping'
2022-03-20 12:26:43.535 DEBUG 5300 --- [    Test worker] o.s.b.f.s.DefaultListableBeanFactory     : Creating shared instance of singleton bean 'defaultServletHandlerMapping'
2022-03-20 12:26:43.535 DEBUG 5300 --- [    Test worker] o.s.b.f.s.DefaultListableBeanFactory     : Creating shared instance of singleton bean 'webEndpointServletHandlerMapping'
2022-03-20 12:26:43.536 DEBUG 5300 --- [    Test worker] o.s.b.f.s.DefaultListableBeanFactory     : Creating shared instance of singleton bean 'org.springframework.boot.actuate.autoconfigure.endpoint.web.servlet.WebMvcEndpointManagementContextConfiguration'
2022-03-20 12:26:43.539 DEBUG 5300 --- [    Test worker] o.s.b.f.s.DefaultListableBeanFactory     : Creating shared instance of singleton bean 'webEndpointDiscoverer'
2022-03-20 12:26:43.541 DEBUG 5300 --- [    Test worker] o.s.b.f.s.DefaultListableBeanFactory     : Creating shared instance of singleton bean 'endpointOperationParameterMapper'
2022-03-20 12:26:43.541 DEBUG 5300 --- [    Test worker] o.s.b.f.s.DefaultListableBeanFactory     : Creating shared instance of singleton bean 'org.springframework.boot.actuate.autoconfigure.endpoint.EndpointAutoConfiguration'
2022-03-20 12:26:43.544 DEBUG 5300 --- [    Test worker] o.s.b.f.s.DefaultListableBeanFactory     : Creating shared instance of singleton bean 'endpointMediaTypes'
2022-03-20 12:26:43.545 DEBUG 5300 --- [    Test worker] o.s.b.f.s.DefaultListableBeanFactory     : Autowiring by type from bean name 'webEndpointDiscoverer' via factory method to bean named 'endpointOperationParameterMapper'
2022-03-20 12:26:43.545 DEBUG 5300 --- [    Test worker] o.s.b.f.s.DefaultListableBeanFactory     : Autowiring by type from bean name 'webEndpointDiscoverer' via factory method to bean named 'endpointMediaTypes'
2022-03-20 12:26:43.547 DEBUG 5300 --- [    Test worker] o.s.b.f.s.DefaultListableBeanFactory     : Creating shared instance of singleton bean 'endpointCachingOperationInvokerAdvisor'
2022-03-20 12:26:43.548 DEBUG 5300 --- [    Test worker] o.s.b.f.s.DefaultListableBeanFactory     : Autowiring by type from bean name 'endpointCachingOperationInvokerAdvisor' via factory method to bean named 'environment'
2022-03-20 12:26:43.551 DEBUG 5300 --- [    Test worker] o.s.b.f.s.DefaultListableBeanFactory     : Creating shared instance of singleton bean 'webExposeExcludePropertyEndpointFilter'
2022-03-20 12:26:43.556 DEBUG 5300 --- [    Test worker] o.s.b.f.s.DefaultListableBeanFactory     : Creating shared instance of singleton bean 'controllerEndpointDiscoverer'
2022-03-20 12:26:43.558 DEBUG 5300 --- [    Test worker] o.s.b.f.s.DefaultListableBeanFactory     : Creating shared instance of singleton bean 'controllerExposeExcludePropertyEndpointFilter'
2022-03-20 12:26:43.561 DEBUG 5300 --- [    Test worker] o.s.b.f.s.DefaultListableBeanFactory     : Creating shared instance of singleton bean 'management.endpoints.web.cors-org.springframework.boot.actuate.autoconfigure.endpoint.web.CorsEndpointProperties'
2022-03-20 12:26:43.563 DEBUG 5300 --- [    Test worker] o.s.b.f.s.DefaultListableBeanFactory     : Autowiring by type from bean name 'webEndpointServletHandlerMapping' via factory method to bean named 'webEndpointDiscoverer'
2022-03-20 12:26:43.564 DEBUG 5300 --- [    Test worker] o.s.b.f.s.DefaultListableBeanFactory     : Autowiring by type from bean name 'webEndpointServletHandlerMapping' via factory method to bean named 'servletEndpointDiscoverer'
2022-03-20 12:26:43.564 DEBUG 5300 --- [    Test worker] o.s.b.f.s.DefaultListableBeanFactory     : Autowiring by type from bean name 'webEndpointServletHandlerMapping' via factory method to bean named 'controllerEndpointDiscoverer'
2022-03-20 12:26:43.564 DEBUG 5300 --- [    Test worker] o.s.b.f.s.DefaultListableBeanFactory     : Autowiring by type from bean name 'webEndpointServletHandlerMapping' via factory method to bean named 'endpointMediaTypes'
2022-03-20 12:26:43.564 DEBUG 5300 --- [    Test worker] o.s.b.f.s.DefaultListableBeanFactory     : Autowiring by type from bean name 'webEndpointServletHandlerMapping' via factory method to bean named 'management.endpoints.web.cors-org.springframework.boot.actuate.autoconfigure.endpoint.web.CorsEndpointProperties'
2022-03-20 12:26:43.564 DEBUG 5300 --- [    Test worker] o.s.b.f.s.DefaultListableBeanFactory     : Autowiring by type from bean name 'webEndpointServletHandlerMapping' via factory method to bean named 'management.endpoints.web-org.springframework.boot.actuate.autoconfigure.endpoint.web.WebEndpointProperties'
2022-03-20 12:26:43.564 DEBUG 5300 --- [    Test worker] o.s.b.f.s.DefaultListableBeanFactory     : Autowiring by type from bean name 'webEndpointServletHandlerMapping' via factory method to bean named 'environment'
2022-03-20 12:26:43.571 DEBUG 5300 --- [    Test worker] o.s.b.f.s.DefaultListableBeanFactory     : Creating shared instance of singleton bean 'cachesEndpoint'
2022-03-20 12:26:43.572 DEBUG 5300 --- [    Test worker] o.s.b.f.s.DefaultListableBeanFactory     : Creating shared instance of singleton bean 'org.springframework.boot.actuate.autoconfigure.cache.CachesEndpointAutoConfiguration'
2022-03-20 12:26:43.577 DEBUG 5300 --- [    Test worker] o.s.b.f.s.DefaultListableBeanFactory     : Creating shared instance of singleton bean 'healthEndpoint'
2022-03-20 12:26:43.578 DEBUG 5300 --- [    Test worker] o.s.b.f.s.DefaultListableBeanFactory     : Creating shared instance of singleton bean 'org.springframework.boot.actuate.autoconfigure.health.HealthEndpointConfiguration'
2022-03-20 12:26:43.579 DEBUG 5300 --- [    Test worker] o.s.b.f.s.DefaultListableBeanFactory     : Creating shared instance of singleton bean 'healthContributorRegistry'
2022-03-20 12:26:43.580 DEBUG 5300 --- [    Test worker] o.s.b.f.s.DefaultListableBeanFactory     : Creating shared instance of singleton bean 'healthEndpointGroups'
2022-03-20 12:26:43.582 DEBUG 5300 --- [    Test worker] o.s.b.f.s.DefaultListableBeanFactory     : Creating shared instance of singleton bean 'management.endpoint.health-org.springframework.boot.actuate.autoconfigure.health.HealthEndpointProperties'
2022-03-20 12:26:43.584 DEBUG 5300 --- [    Test worker] o.s.b.f.s.DefaultListableBeanFactory     : Autowiring by type from bean name 'healthEndpointGroups' via factory method to bean named 'org.springframework.boot.web.servlet.context.AnnotationConfigServletWebServerApplicationContext@7c5fbde4'
2022-03-20 12:26:43.585 DEBUG 5300 --- [    Test worker] o.s.b.f.s.DefaultListableBeanFactory     : Autowiring by type from bean name 'healthEndpointGroups' via factory method to bean named 'management.endpoint.health-org.springframework.boot.actuate.autoconfigure.health.HealthEndpointProperties'
2022-03-20 12:26:43.586 DEBUG 5300 --- [    Test worker] o.s.b.f.s.DefaultListableBeanFactory     : Creating shared instance of singleton bean 'healthStatusAggregator'
2022-03-20 12:26:43.586 DEBUG 5300 --- [    Test worker] o.s.b.f.s.DefaultListableBeanFactory     : Autowiring by type from bean name 'healthStatusAggregator' via factory method to bean named 'management.endpoint.health-org.springframework.boot.actuate.autoconfigure.health.HealthEndpointProperties'
2022-03-20 12:26:43.588 DEBUG 5300 --- [    Test worker] o.s.b.f.s.DefaultListableBeanFactory     : Creating shared instance of singleton bean 'healthHttpCodeStatusMapper'
2022-03-20 12:26:43.588 DEBUG 5300 --- [    Test worker] o.s.b.f.s.DefaultListableBeanFactory     : Autowiring by type from bean name 'healthHttpCodeStatusMapper' via factory method to bean named 'management.endpoint.health-org.springframework.boot.actuate.autoconfigure.health.HealthEndpointProperties'
2022-03-20 12:26:43.593 DEBUG 5300 --- [    Test worker] o.s.b.f.s.DefaultListableBeanFactory     : Autowiring by type from bean name 'healthContributorRegistry' via factory method to bean named 'org.springframework.boot.web.servlet.context.AnnotationConfigServletWebServerApplicationContext@7c5fbde4'
2022-03-20 12:26:43.593 DEBUG 5300 --- [    Test worker] o.s.b.f.s.DefaultListableBeanFactory     : Autowiring by type from bean name 'healthContributorRegistry' via factory method to bean named 'healthEndpointGroups'
2022-03-20 12:26:43.594 DEBUG 5300 --- [    Test worker] o.s.b.f.s.DefaultListableBeanFactory     : Creating shared instance of singleton bean 'diskSpaceHealthIndicator'
2022-03-20 12:26:43.595 DEBUG 5300 --- [    Test worker] o.s.b.f.s.DefaultListableBeanFactory     : Creating shared instance of singleton bean 'org.springframework.boot.actuate.autoconfigure.system.DiskSpaceHealthContributorAutoConfiguration'
2022-03-20 12:26:43.597 DEBUG 5300 --- [    Test worker] o.s.b.f.s.DefaultListableBeanFactory     : Creating shared instance of singleton bean 'management.health.diskspace-org.springframework.boot.actuate.autoconfigure.system.DiskSpaceHealthIndicatorProperties'
2022-03-20 12:26:43.604 DEBUG 5300 --- [    Test worker] o.s.b.f.s.DefaultListableBeanFactory     : Autowiring by type from bean name 'diskSpaceHealthIndicator' via factory method to bean named 'management.health.diskspace-org.springframework.boot.actuate.autoconfigure.system.DiskSpaceHealthIndicatorProperties'
2022-03-20 12:26:43.606 DEBUG 5300 --- [    Test worker] o.s.b.f.s.DefaultListableBeanFactory     : Creating shared instance of singleton bean 'pingHealthContributor'
2022-03-20 12:26:43.606 DEBUG 5300 --- [    Test worker] o.s.b.f.s.DefaultListableBeanFactory     : Creating shared instance of singleton bean 'org.springframework.boot.actuate.autoconfigure.health.HealthContributorAutoConfiguration'
2022-03-20 12:26:43.607 DEBUG 5300 --- [    Test worker] o.s.b.f.s.DefaultListableBeanFactory     : Creating shared instance of singleton bean 'dbHealthContributor'
2022-03-20 12:26:43.608 DEBUG 5300 --- [    Test worker] o.s.b.f.s.DefaultListableBeanFactory     : Creating shared instance of singleton bean 'org.springframework.boot.actuate.autoconfigure.jdbc.DataSourceHealthContributorAutoConfiguration'
2022-03-20 12:26:43.611 DEBUG 5300 --- [    Test worker] o.s.b.f.s.DefaultListableBeanFactory     : Creating shared instance of singleton bean 'management.health.db-org.springframework.boot.actuate.autoconfigure.jdbc.DataSourceHealthIndicatorProperties'
2022-03-20 12:26:43.613 DEBUG 5300 --- [    Test worker] o.s.b.f.s.DefaultListableBeanFactory     : Autowiring by type from bean name 'dbHealthContributor' via factory method to bean named 'dataSource'
2022-03-20 12:26:43.613 DEBUG 5300 --- [    Test worker] o.s.b.f.s.DefaultListableBeanFactory     : Autowiring by type from bean name 'dbHealthContributor' via factory method to bean named 'management.health.db-org.springframework.boot.actuate.autoconfigure.jdbc.DataSourceHealthIndicatorProperties'
2022-03-20 12:26:43.618 DEBUG 5300 --- [    Test worker] o.s.b.f.s.DefaultListableBeanFactory     : Autowiring by type from bean name 'healthEndpoint' via factory method to bean named 'healthContributorRegistry'
2022-03-20 12:26:43.618 DEBUG 5300 --- [    Test worker] o.s.b.f.s.DefaultListableBeanFactory     : Autowiring by type from bean name 'healthEndpoint' via factory method to bean named 'healthEndpointGroups'
2022-03-20 12:26:43.620 DEBUG 5300 --- [    Test worker] o.s.b.f.s.DefaultListableBeanFactory     : Creating shared instance of singleton bean 'configurationPropertiesReportEndpoint'
2022-03-20 12:26:43.624 DEBUG 5300 --- [    Test worker] o.s.b.f.s.DefaultListableBeanFactory     : Creating shared instance of singleton bean 'org.springframework.boot.actuate.autoconfigure.context.properties.ConfigurationPropertiesReportEndpointAutoConfiguration'
2022-03-20 12:26:43.625 DEBUG 5300 --- [    Test worker] o.s.b.f.s.DefaultListableBeanFactory     : Creating shared instance of singleton bean 'management.endpoint.configprops-org.springframework.boot.actuate.autoconfigure.context.properties.ConfigurationPropertiesReportEndpointProperties'
2022-03-20 12:26:43.627 DEBUG 5300 --- [    Test worker] o.s.b.f.s.DefaultListableBeanFactory     : Autowiring by type from bean name 'configurationPropertiesReportEndpoint' via factory method to bean named 'management.endpoint.configprops-org.springframework.boot.actuate.autoconfigure.context.properties.ConfigurationPropertiesReportEndpointProperties'
2022-03-20 12:26:43.629 DEBUG 5300 --- [    Test worker] o.s.b.f.s.DefaultListableBeanFactory     : Creating shared instance of singleton bean 'environmentEndpoint'
2022-03-20 12:26:43.629 DEBUG 5300 --- [    Test worker] o.s.b.f.s.DefaultListableBeanFactory     : Creating shared instance of singleton bean 'org.springframework.boot.actuate.autoconfigure.env.EnvironmentEndpointAutoConfiguration'
2022-03-20 12:26:43.631 DEBUG 5300 --- [    Test worker] o.s.b.f.s.DefaultListableBeanFactory     : Creating shared instance of singleton bean 'management.endpoint.env-org.springframework.boot.actuate.autoconfigure.env.EnvironmentEndpointProperties'
2022-03-20 12:26:43.635 DEBUG 5300 --- [    Test worker] o.s.b.f.s.DefaultListableBeanFactory     : Autowiring by type from bean name 'environmentEndpoint' via factory method to bean named 'environment'
2022-03-20 12:26:43.635 DEBUG 5300 --- [    Test worker] o.s.b.f.s.DefaultListableBeanFactory     : Autowiring by type from bean name 'environmentEndpoint' via factory method to bean named 'management.endpoint.env-org.springframework.boot.actuate.autoconfigure.env.EnvironmentEndpointProperties'
2022-03-20 12:26:43.636 DEBUG 5300 --- [    Test worker] o.s.b.f.s.DefaultListableBeanFactory     : Creating shared instance of singleton bean 'beansEndpoint'
2022-03-20 12:26:43.636 DEBUG 5300 --- [    Test worker] o.s.b.f.s.DefaultListableBeanFactory     : Creating shared instance of singleton bean 'org.springframework.boot.actuate.autoconfigure.beans.BeansEndpointAutoConfiguration'
2022-03-20 12:26:43.638 DEBUG 5300 --- [    Test worker] o.s.b.f.s.DefaultListableBeanFactory     : Autowiring by type from bean name 'beansEndpoint' via factory method to bean named 'org.springframework.boot.web.servlet.context.AnnotationConfigServletWebServerApplicationContext@7c5fbde4'
2022-03-20 12:26:43.641 DEBUG 5300 --- [    Test worker] o.s.b.f.s.DefaultListableBeanFactory     : Creating shared instance of singleton bean 'cachesEndpointWebExtension'
2022-03-20 12:26:43.643 DEBUG 5300 --- [    Test worker] o.s.b.f.s.DefaultListableBeanFactory     : Autowiring by type from bean name 'cachesEndpointWebExtension' via factory method to bean named 'cachesEndpoint'
2022-03-20 12:26:43.646 DEBUG 5300 --- [    Test worker] o.s.b.f.s.DefaultListableBeanFactory     : Creating shared instance of singleton bean 'healthEndpointWebExtension'
2022-03-20 12:26:43.647 DEBUG 5300 --- [    Test worker] o.s.b.f.s.DefaultListableBeanFactory     : Creating shared instance of singleton bean 'org.springframework.boot.actuate.autoconfigure.health.HealthEndpointWebExtensionConfiguration'
2022-03-20 12:26:43.648 DEBUG 5300 --- [    Test worker] o.s.b.f.s.DefaultListableBeanFactory     : Autowiring by type from bean name 'healthEndpointWebExtension' via factory method to bean named 'healthContributorRegistry'
2022-03-20 12:26:43.648 DEBUG 5300 --- [    Test worker] o.s.b.f.s.DefaultListableBeanFactory     : Autowiring by type from bean name 'healthEndpointWebExtension' via factory method to bean named 'healthEndpointGroups'
2022-03-20 12:26:43.651 DEBUG 5300 --- [    Test worker] o.s.b.f.s.DefaultListableBeanFactory     : Creating shared instance of singleton bean 'infoEndpoint'
2022-03-20 12:26:43.652 DEBUG 5300 --- [    Test worker] o.s.b.f.s.DefaultListableBeanFactory     : Creating shared instance of singleton bean 'org.springframework.boot.actuate.autoconfigure.info.InfoEndpointAutoConfiguration'
2022-03-20 12:26:43.653 DEBUG 5300 --- [    Test worker] o.s.b.f.s.DefaultListableBeanFactory     : Creating shared instance of singleton bean 'envInfoContributor'
2022-03-20 12:26:43.654 DEBUG 5300 --- [    Test worker] o.s.b.f.s.DefaultListableBeanFactory     : Creating shared instance of singleton bean 'org.springframework.boot.actuate.autoconfigure.info.InfoContributorAutoConfiguration'
2022-03-20 12:26:43.656 DEBUG 5300 --- [    Test worker] o.s.b.f.s.DefaultListableBeanFactory     : Autowiring by type from bean name 'envInfoContributor' via factory method to bean named 'environment'
2022-03-20 12:26:43.658 DEBUG 5300 --- [    Test worker] o.s.b.f.s.DefaultListableBeanFactory     : Creating shared instance of singleton bean 'conditionsReportEndpoint'
2022-03-20 12:26:43.659 DEBUG 5300 --- [    Test worker] o.s.b.f.s.DefaultListableBeanFactory     : Creating shared instance of singleton bean 'org.springframework.boot.actuate.autoconfigure.condition.ConditionsReportEndpointAutoConfiguration'
2022-03-20 12:26:43.660 DEBUG 5300 --- [    Test worker] o.s.b.f.s.DefaultListableBeanFactory     : Autowiring by type from bean name 'conditionsReportEndpoint' via factory method to bean named 'org.springframework.boot.web.servlet.context.AnnotationConfigServletWebServerApplicationContext@7c5fbde4'
2022-03-20 12:26:43.662 DEBUG 5300 --- [    Test worker] o.s.b.f.s.DefaultListableBeanFactory     : Creating shared instance of singleton bean 'shutdownEndpoint'
2022-03-20 12:26:43.662 DEBUG 5300 --- [    Test worker] o.s.b.f.s.DefaultListableBeanFactory     : Creating shared instance of singleton bean 'org.springframework.boot.actuate.autoconfigure.context.ShutdownEndpointAutoConfiguration'
2022-03-20 12:26:43.667 DEBUG 5300 --- [    Test worker] o.s.b.f.s.DefaultListableBeanFactory     : Creating shared instance of singleton bean 'configurationPropertiesReportEndpointWebExtension'
2022-03-20 12:26:43.669 DEBUG 5300 --- [    Test worker] o.s.b.f.s.DefaultListableBeanFactory     : Autowiring by type from bean name 'configurationPropertiesReportEndpointWebExtension' via factory method to bean named 'configurationPropertiesReportEndpoint'
2022-03-20 12:26:43.673 DEBUG 5300 --- [    Test worker] o.s.b.f.s.DefaultListableBeanFactory     : Creating shared instance of singleton bean 'environmentEndpointWebExtension'
2022-03-20 12:26:43.676 DEBUG 5300 --- [    Test worker] o.s.b.f.s.DefaultListableBeanFactory     : Autowiring by type from bean name 'environmentEndpointWebExtension' via factory method to bean named 'environmentEndpoint'
2022-03-20 12:26:43.679 DEBUG 5300 --- [    Test worker] o.s.b.f.s.DefaultListableBeanFactory     : Creating shared instance of singleton bean 'loggersEndpoint'
2022-03-20 12:26:43.679 DEBUG 5300 --- [    Test worker] o.s.b.f.s.DefaultListableBeanFactory     : Creating shared instance of singleton bean 'org.springframework.boot.actuate.autoconfigure.logging.LoggersEndpointAutoConfiguration'
2022-03-20 12:26:43.683 DEBUG 5300 --- [    Test worker] o.s.b.f.s.DefaultListableBeanFactory     : Autowiring by type from bean name 'loggersEndpoint' via factory method to bean named 'springBootLoggingSystem'
2022-03-20 12:26:43.688 DEBUG 5300 --- [    Test worker] o.s.b.f.s.DefaultListableBeanFactory     : Creating shared instance of singleton bean 'heapDumpWebEndpoint'
2022-03-20 12:26:43.689 DEBUG 5300 --- [    Test worker] o.s.b.f.s.DefaultListableBeanFactory     : Creating shared instance of singleton bean 'org.springframework.boot.actuate.autoconfigure.management.HeapDumpWebEndpointAutoConfiguration'
2022-03-20 12:26:43.693 DEBUG 5300 --- [    Test worker] o.s.b.f.s.DefaultListableBeanFactory     : Creating shared instance of singleton bean 'dumpEndpoint'
2022-03-20 12:26:43.693 DEBUG 5300 --- [    Test worker] o.s.b.f.s.DefaultListableBeanFactory     : Creating shared instance of singleton bean 'org.springframework.boot.actuate.autoconfigure.management.ThreadDumpEndpointAutoConfiguration'
2022-03-20 12:26:43.698 DEBUG 5300 --- [    Test worker] o.s.b.f.s.DefaultListableBeanFactory     : Creating shared instance of singleton bean 'metricsEndpoint'
2022-03-20 12:26:43.699 DEBUG 5300 --- [    Test worker] o.s.b.f.s.DefaultListableBeanFactory     : Creating shared instance of singleton bean 'org.springframework.boot.actuate.autoconfigure.metrics.MetricsEndpointAutoConfiguration'
2022-03-20 12:26:43.701 DEBUG 5300 --- [    Test worker] o.s.b.f.s.DefaultListableBeanFactory     : Autowiring by type from bean name 'metricsEndpoint' via factory method to bean named 'simpleMeterRegistry'
2022-03-20 12:26:43.705 DEBUG 5300 --- [    Test worker] o.s.b.f.s.DefaultListableBeanFactory     : Creating shared instance of singleton bean 'scheduledTasksEndpoint'
2022-03-20 12:26:43.705 DEBUG 5300 --- [    Test worker] o.s.b.f.s.DefaultListableBeanFactory     : Creating shared instance of singleton bean 'org.springframework.boot.actuate.autoconfigure.scheduling.ScheduledTasksEndpointAutoConfiguration'
2022-03-20 12:26:43.711 DEBUG 5300 --- [    Test worker] o.s.b.f.s.DefaultListableBeanFactory     : Creating shared instance of singleton bean 'mappingsEndpoint'
2022-03-20 12:26:43.711 DEBUG 5300 --- [    Test worker] o.s.b.f.s.DefaultListableBeanFactory     : Creating shared instance of singleton bean 'org.springframework.boot.actuate.autoconfigure.web.mappings.MappingsEndpointAutoConfiguration'
2022-03-20 12:26:43.714 DEBUG 5300 --- [    Test worker] o.s.b.f.s.DefaultListableBeanFactory     : Autowiring by type from bean name 'mappingsEndpoint' via factory method to bean named 'org.springframework.boot.web.servlet.context.AnnotationConfigServletWebServerApplicationContext@7c5fbde4'
2022-03-20 12:26:43.716 DEBUG 5300 --- [    Test worker] o.s.b.f.s.DefaultListableBeanFactory     : Creating shared instance of singleton bean 'dispatcherServletMappingDescriptionProvider'
2022-03-20 12:26:43.717 DEBUG 5300 --- [    Test worker] o.s.b.f.s.DefaultListableBeanFactory     : Creating shared instance of singleton bean 'org.springframework.boot.actuate.autoconfigure.web.mappings.MappingsEndpointAutoConfiguration$ServletWebConfiguration$SpringMvcConfiguration'
2022-03-20 12:26:43.719 DEBUG 5300 --- [    Test worker] o.s.b.f.s.DefaultListableBeanFactory     : Creating shared instance of singleton bean 'servletMappingDescriptionProvider'
2022-03-20 12:26:43.719 DEBUG 5300 --- [    Test worker] o.s.b.f.s.DefaultListableBeanFactory     : Creating shared instance of singleton bean 'org.springframework.boot.actuate.autoconfigure.web.mappings.MappingsEndpointAutoConfiguration$ServletWebConfiguration'
2022-03-20 12:26:43.720 DEBUG 5300 --- [    Test worker] o.s.b.f.s.DefaultListableBeanFactory     : Creating shared instance of singleton bean 'filterMappingDescriptionProvider'
2022-03-20 12:26:43.731  INFO 5300 --- [    Test worker] o.s.b.a.e.web.EndpointLinksResolver      : Exposing 14 endpoint(s) beneath base path '/actuator'
2022-03-20 12:26:43.734 DEBUG 5300 --- [    Test worker] o.s.b.f.s.DefaultListableBeanFactory     : Creating shared instance of singleton bean 'controllerEndpointHandlerMapping'
2022-03-20 12:26:43.735 DEBUG 5300 --- [    Test worker] o.s.b.f.s.DefaultListableBeanFactory     : Autowiring by type from bean name 'controllerEndpointHandlerMapping' via factory method to bean named 'controllerEndpointDiscoverer'
2022-03-20 12:26:43.735 DEBUG 5300 --- [    Test worker] o.s.b.f.s.DefaultListableBeanFactory     : Autowiring by type from bean name 'controllerEndpointHandlerMapping' via factory method to bean named 'management.endpoints.web.cors-org.springframework.boot.actuate.autoconfigure.endpoint.web.CorsEndpointProperties'
2022-03-20 12:26:43.735 DEBUG 5300 --- [    Test worker] o.s.b.f.s.DefaultListableBeanFactory     : Autowiring by type from bean name 'controllerEndpointHandlerMapping' via factory method to bean named 'management.endpoints.web-org.springframework.boot.actuate.autoconfigure.endpoint.web.WebEndpointProperties'
2022-03-20 12:26:43.749 DEBUG 5300 --- [    Test worker] edFilterInvocationSecurityMetadataSource : Adding web access control expression [permitAll] for Mvc [pattern='/api/register', POST]
2022-03-20 12:26:43.749 DEBUG 5300 --- [    Test worker] edFilterInvocationSecurityMetadataSource : Adding web access control expression [permitAll] for Mvc [pattern='/actuator/shutdown', POST]
2022-03-20 12:26:43.749 DEBUG 5300 --- [    Test worker] edFilterInvocationSecurityMetadataSource : Adding web access control expression [authenticated] for Mvc [pattern='/api/recipe/new', POST]
2022-03-20 12:26:43.749 DEBUG 5300 --- [    Test worker] edFilterInvocationSecurityMetadataSource : Adding web access control expression [authenticated] for Mvc [pattern='/api/recipe/{id}', GET]
2022-03-20 12:26:43.749 DEBUG 5300 --- [    Test worker] edFilterInvocationSecurityMetadataSource : Adding web access control expression [authenticated] for Mvc [pattern='/api/recipe/search', GET]
2022-03-20 12:26:43.750 DEBUG 5300 --- [    Test worker] edFilterInvocationSecurityMetadataSource : Adding web access control expression [authenticated] for Mvc [pattern='/api/recipe/{id}', PUT]
2022-03-20 12:26:43.750 DEBUG 5300 --- [    Test worker] edFilterInvocationSecurityMetadataSource : Adding web access control expression [authenticated] for Mvc [pattern='/api/recipe/{id}', DELETE]
2022-03-20 12:26:43.751  INFO 5300 --- [    Test worker] o.s.s.web.DefaultSecurityFilterChain     : Will secure any request with [org.springframework.security.web.context.request.async.WebAsyncManagerIntegrationFilter@5ef03158, org.springframework.security.web.context.SecurityContextPersistenceFilter@fe58644, org.springframework.security.web.header.HeaderWriterFilter@418f0f27, org.springframework.security.web.authentication.logout.LogoutFilter@3cb4f1a6, org.springframework.security.web.authentication.www.BasicAuthenticationFilter@416bff93, org.springframework.security.web.savedrequest.RequestCacheAwareFilter@2ecb87b2, org.springframework.security.web.servletapi.SecurityContextHolderAwareRequestFilter@1704437b, org.springframework.security.web.authentication.AnonymousAuthenticationFilter@258f97f8, org.springframework.security.web.session.SessionManagementFilter@427946b9, org.springframework.security.web.access.ExceptionTranslationFilter@18372705, org.springframework.security.web.access.intercept.FilterSecurityInterceptor@1391d95f]
2022-03-20 12:26:43.752 DEBUG 5300 --- [    Test worker] o.s.b.f.s.DefaultListableBeanFactory     : Creating shared instance of singleton bean 'webSecurityExpressionHandler'
2022-03-20 12:26:43.753 DEBUG 5300 --- [    Test worker] o.s.b.f.s.DefaultListableBeanFactory     : Creating shared instance of singleton bean 'privilegeEvaluator'
2022-03-20 12:26:43.754 DEBUG 5300 --- [    Test worker] o.s.b.f.s.DefaultListableBeanFactory     : Creating shared instance of singleton bean 'requestDataValueProcessor'
2022-03-20 12:26:43.755 DEBUG 5300 --- [    Test worker] o.s.b.f.s.DefaultListableBeanFactory     : Creating shared instance of singleton bean 'org.springframework.security.config.annotation.web.configuration.HttpSecurityConfiguration'
2022-03-20 12:26:43.759 DEBUG 5300 --- [    Test worker] o.s.b.f.s.DefaultListableBeanFactory     : Creating shared instance of singleton bean 'org.springframework.boot.autoconfigure.context.PropertyPlaceholderAutoConfiguration'
2022-03-20 12:26:43.760 DEBUG 5300 --- [    Test worker] o.s.b.f.s.DefaultListableBeanFactory     : Creating shared instance of singleton bean 'org.springframework.boot.autoconfigure.websocket.servlet.WebSocketServletAutoConfiguration'
2022-03-20 12:26:43.761 DEBUG 5300 --- [    Test worker] o.s.b.f.s.DefaultListableBeanFactory     : Creating shared instance of singleton bean 'org.springframework.boot.autoconfigure.web.servlet.DispatcherServletAutoConfiguration'
2022-03-20 12:26:43.762 DEBUG 5300 --- [    Test worker] o.s.b.f.s.DefaultListableBeanFactory     : Creating shared instance of singleton bean 'org.springframework.boot.autoconfigure.task.TaskExecutionAutoConfiguration'
2022-03-20 12:26:43.763 DEBUG 5300 --- [    Test worker] o.s.b.f.s.DefaultListableBeanFactory     : Creating shared instance of singleton bean 'taskExecutorBuilder'
2022-03-20 12:26:43.765 DEBUG 5300 --- [    Test worker] o.s.b.f.s.DefaultListableBeanFactory     : Creating shared instance of singleton bean 'spring.task.execution-org.springframework.boot.autoconfigure.task.TaskExecutionProperties'
2022-03-20 12:26:43.767 DEBUG 5300 --- [    Test worker] o.s.b.f.s.DefaultListableBeanFactory     : Autowiring by type from bean name 'taskExecutorBuilder' via factory method to bean named 'spring.task.execution-org.springframework.boot.autoconfigure.task.TaskExecutionProperties'
2022-03-20 12:26:43.772 DEBUG 5300 --- [    Test worker] o.s.b.f.s.DefaultListableBeanFactory     : Creating shared instance of singleton bean 'org.springframework.boot.autoconfigure.validation.ValidationAutoConfiguration'
2022-03-20 12:26:43.773 DEBUG 5300 --- [    Test worker] o.s.b.f.s.DefaultListableBeanFactory     : Creating shared instance of singleton bean 'defaultValidator'
2022-03-20 12:26:43.780 DEBUG 5300 --- [    Test worker] o.s.b.f.s.DefaultListableBeanFactory     : Creating shared instance of singleton bean 'org.springframework.boot.autoconfigure.web.servlet.error.ErrorMvcAutoConfiguration$WhitelabelErrorViewConfiguration'
2022-03-20 12:26:43.781 DEBUG 5300 --- [    Test worker] o.s.b.f.s.DefaultListableBeanFactory     : Creating shared instance of singleton bean 'error'
2022-03-20 12:26:43.782 DEBUG 5300 --- [    Test worker] o.s.b.f.s.DefaultListableBeanFactory     : Creating shared instance of singleton bean 'beanNameViewResolver'
2022-03-20 12:26:43.783 DEBUG 5300 --- [    Test worker] o.s.b.f.s.DefaultListableBeanFactory     : Creating shared instance of singleton bean 'org.springframework.boot.autoconfigure.web.servlet.error.ErrorMvcAutoConfiguration$DefaultErrorViewResolverConfiguration'
2022-03-20 12:26:43.784 DEBUG 5300 --- [    Test worker] o.s.b.f.s.DefaultListableBeanFactory     : Autowiring by type from bean name 'org.springframework.boot.autoconfigure.web.servlet.error.ErrorMvcAutoConfiguration$DefaultErrorViewResolverConfiguration' via constructor to bean named 'org.springframework.boot.web.servlet.context.AnnotationConfigServletWebServerApplicationContext@7c5fbde4'
2022-03-20 12:26:43.784 DEBUG 5300 --- [    Test worker] o.s.b.f.s.DefaultListableBeanFactory     : Autowiring by type from bean name 'org.springframework.boot.autoconfigure.web.servlet.error.ErrorMvcAutoConfiguration$DefaultErrorViewResolverConfiguration' via constructor to bean named 'spring.resources-org.springframework.boot.autoconfigure.web.ResourceProperties'
2022-03-20 12:26:43.784 DEBUG 5300 --- [    Test worker] o.s.b.f.s.DefaultListableBeanFactory     : Autowiring by type from bean name 'org.springframework.boot.autoconfigure.web.servlet.error.ErrorMvcAutoConfiguration$DefaultErrorViewResolverConfiguration' via constructor to bean named 'spring.web-org.springframework.boot.autoconfigure.web.WebProperties'
2022-03-20 12:26:43.784 DEBUG 5300 --- [    Test worker] o.s.b.f.s.DefaultListableBeanFactory     : Creating shared instance of singleton bean 'conventionErrorViewResolver'
2022-03-20 12:26:43.785 DEBUG 5300 --- [    Test worker] o.s.b.f.s.DefaultListableBeanFactory     : Creating shared instance of singleton bean 'errorAttributes'
2022-03-20 12:26:43.786 DEBUG 5300 --- [    Test worker] o.s.b.f.s.DefaultListableBeanFactory     : Creating shared instance of singleton bean 'basicErrorController'
2022-03-20 12:26:43.787 DEBUG 5300 --- [    Test worker] o.s.b.f.s.DefaultListableBeanFactory     : Autowiring by type from bean name 'basicErrorController' via factory method to bean named 'errorAttributes'
2022-03-20 12:26:43.789 DEBUG 5300 --- [    Test worker] o.s.b.f.s.DefaultListableBeanFactory     : Creating shared instance of singleton bean 'requestMappingHandlerAdapter'
2022-03-20 12:26:43.793 DEBUG 5300 --- [    Test worker] o.s.b.f.s.DefaultListableBeanFactory     : Creating shared instance of singleton bean 'mvcValidator'
2022-03-20 12:26:43.795 DEBUG 5300 --- [    Test worker] o.s.b.f.s.DefaultListableBeanFactory     : Autowiring by type from bean name 'requestMappingHandlerAdapter' via factory method to bean named 'mvcContentNegotiationManager'
2022-03-20 12:26:43.796 DEBUG 5300 --- [    Test worker] o.s.b.f.s.DefaultListableBeanFactory     : Autowiring by type from bean name 'requestMappingHandlerAdapter' via factory method to bean named 'mvcConversionService'
2022-03-20 12:26:43.796 DEBUG 5300 --- [    Test worker] o.s.b.f.s.DefaultListableBeanFactory     : Autowiring by type from bean name 'requestMappingHandlerAdapter' via factory method to bean named 'mvcValidator'
2022-03-20 12:26:43.797 DEBUG 5300 --- [    Test worker] o.s.b.f.s.DefaultListableBeanFactory     : Autowiring by type from bean name 'requestMappingHandlerAdapter' via factory method to bean named 'mvcContentNegotiationManager'
2022-03-20 12:26:43.797 DEBUG 5300 --- [    Test worker] o.s.b.f.s.DefaultListableBeanFactory     : Autowiring by type from bean name 'requestMappingHandlerAdapter' via factory method to bean named 'mvcConversionService'
2022-03-20 12:26:43.798 DEBUG 5300 --- [    Test worker] o.s.b.f.s.DefaultListableBeanFactory     : Autowiring by type from bean name 'requestMappingHandlerAdapter' via factory method to bean named 'mvcValidator'
2022-03-20 12:26:43.801 DEBUG 5300 --- [    Test worker] o.s.b.f.s.DefaultListableBeanFactory     : Creating shared instance of singleton bean 'sortResolver'
2022-03-20 12:26:43.802 DEBUG 5300 --- [    Test worker] o.s.b.f.s.DefaultListableBeanFactory     : Creating shared instance of singleton bean 'sortCustomizer'
2022-03-20 12:26:43.802 DEBUG 5300 --- [    Test worker] o.s.b.f.s.DefaultListableBeanFactory     : Creating shared instance of singleton bean 'org.springframework.boot.autoconfigure.data.web.SpringDataWebAutoConfiguration'
2022-03-20 12:26:43.803 DEBUG 5300 --- [    Test worker] o.s.b.f.s.DefaultListableBeanFactory     : Creating shared instance of singleton bean 'spring.data.web-org.springframework.boot.autoconfigure.data.web.SpringDataWebProperties'
2022-03-20 12:26:43.805 DEBUG 5300 --- [    Test worker] o.s.b.f.s.DefaultListableBeanFactory     : Autowiring by type from bean name 'org.springframework.boot.autoconfigure.data.web.SpringDataWebAutoConfiguration' via constructor to bean named 'spring.data.web-org.springframework.boot.autoconfigure.data.web.SpringDataWebProperties'
2022-03-20 12:26:43.806 DEBUG 5300 --- [    Test worker] o.s.b.f.s.DefaultListableBeanFactory     : Creating shared instance of singleton bean 'pageableResolver'
2022-03-20 12:26:43.807 DEBUG 5300 --- [    Test worker] o.s.b.f.s.DefaultListableBeanFactory     : Creating shared instance of singleton bean 'pageableCustomizer'
2022-03-20 12:26:43.810 DEBUG 5300 --- [    Test worker] o.s.b.f.s.DefaultListableBeanFactory     : Creating shared instance of singleton bean 'applicationTaskExecutor'
2022-03-20 12:26:43.812 DEBUG 5300 --- [    Test worker] o.s.b.f.s.DefaultListableBeanFactory     : Autowiring by type from bean name 'applicationTaskExecutor' via factory method to bean named 'taskExecutorBuilder'
2022-03-20 12:26:43.813 DEBUG 5300 --- [    Test worker] o.s.s.concurrent.ThreadPoolTaskExecutor  : Initializing ExecutorService 'applicationTaskExecutor'
2022-03-20 12:26:43.816 DEBUG 5300 --- [    Test worker] s.w.s.m.m.a.RequestMappingHandlerAdapter : ControllerAdvice beans: 0 @ModelAttribute, 0 @InitBinder, 1 RequestBodyAdvice, 1 ResponseBodyAdvice
2022-03-20 12:26:43.818 DEBUG 5300 --- [    Test worker] o.s.b.f.s.DefaultListableBeanFactory     : Creating shared instance of singleton bean 'localeResolver'
2022-03-20 12:26:43.818 DEBUG 5300 --- [    Test worker] o.s.b.f.s.DefaultListableBeanFactory     : Creating shared instance of singleton bean 'themeResolver'
2022-03-20 12:26:43.819 DEBUG 5300 --- [    Test worker] o.s.b.f.s.DefaultListableBeanFactory     : Creating shared instance of singleton bean 'flashMapManager'
2022-03-20 12:26:43.820 DEBUG 5300 --- [    Test worker] o.s.b.f.s.DefaultListableBeanFactory     : Creating shared instance of singleton bean 'mvcPatternParser'
2022-03-20 12:26:43.821 DEBUG 5300 --- [    Test worker] o.s.b.f.s.DefaultListableBeanFactory     : Creating shared instance of singleton bean 'mvcUrlPathHelper'
2022-03-20 12:26:43.822 DEBUG 5300 --- [    Test worker] o.s.b.f.s.DefaultListableBeanFactory     : Creating shared instance of singleton bean 'mvcPathMatcher'
2022-03-20 12:26:43.823 DEBUG 5300 --- [    Test worker] o.s.b.f.s.DefaultListableBeanFactory     : Creating shared instance of singleton bean 'handlerFunctionAdapter'
2022-03-20 12:26:43.824 DEBUG 5300 --- [    Test worker] o.s.b.f.s.DefaultListableBeanFactory     : Creating shared instance of singleton bean 'mvcUriComponentsContributor'
2022-03-20 12:26:43.826 DEBUG 5300 --- [    Test worker] o.s.b.f.s.DefaultListableBeanFactory     : Autowiring by type from bean name 'mvcUriComponentsContributor' via factory method to bean named 'mvcConversionService'
2022-03-20 12:26:43.826 DEBUG 5300 --- [    Test worker] o.s.b.f.s.DefaultListableBeanFactory     : Autowiring by type from bean name 'mvcUriComponentsContributor' via factory method to bean named 'requestMappingHandlerAdapter'
2022-03-20 12:26:43.827 DEBUG 5300 --- [    Test worker] o.s.b.f.s.DefaultListableBeanFactory     : Creating shared instance of singleton bean 'httpRequestHandlerAdapter'
2022-03-20 12:26:43.828 DEBUG 5300 --- [    Test worker] o.s.b.f.s.DefaultListableBeanFactory     : Creating shared instance of singleton bean 'simpleControllerHandlerAdapter'
2022-03-20 12:26:43.829 DEBUG 5300 --- [    Test worker] o.s.b.f.s.DefaultListableBeanFactory     : Creating shared instance of singleton bean 'handlerExceptionResolver'
2022-03-20 12:26:43.830 DEBUG 5300 --- [    Test worker] o.s.b.f.s.DefaultListableBeanFactory     : Autowiring by type from bean name 'handlerExceptionResolver' via factory method to bean named 'mvcContentNegotiationManager'
2022-03-20 12:26:43.836 DEBUG 5300 --- [    Test worker] .m.m.a.ExceptionHandlerExceptionResolver : ControllerAdvice beans: 0 @ExceptionHandler, 1 ResponseBodyAdvice
2022-03-20 12:26:43.838 DEBUG 5300 --- [    Test worker] o.s.b.f.s.DefaultListableBeanFactory     : Creating shared instance of singleton bean 'mvcViewResolver'
2022-03-20 12:26:43.838 DEBUG 5300 --- [    Test worker] o.s.b.f.s.DefaultListableBeanFactory     : Autowiring by type from bean name 'mvcViewResolver' via factory method to bean named 'mvcContentNegotiationManager'
2022-03-20 12:26:43.841 DEBUG 5300 --- [    Test worker] o.s.b.f.s.DefaultListableBeanFactory     : Creating shared instance of singleton bean 'viewNameTranslator'
2022-03-20 12:26:43.842 DEBUG 5300 --- [    Test worker] o.s.b.f.s.DefaultListableBeanFactory     : Creating shared instance of singleton bean 'defaultViewResolver'
2022-03-20 12:26:43.844 DEBUG 5300 --- [    Test worker] o.s.b.f.s.DefaultListableBeanFactory     : Creating shared instance of singleton bean 'viewResolver'
2022-03-20 12:26:43.845 DEBUG 5300 --- [    Test worker] o.s.b.f.s.DefaultListableBeanFactory     : Autowiring by type from bean name 'viewResolver' via factory method to bean named 'org.springframework.beans.factory.support.DefaultListableBeanFactory@46c093b4'
2022-03-20 12:26:43.847 DEBUG 5300 --- [    Test worker] o.s.b.f.s.DefaultListableBeanFactory     : Creating shared instance of singleton bean 'org.springframework.boot.actuate.autoconfigure.audit.AuditEventsEndpointAutoConfiguration'
2022-03-20 12:26:43.848 DEBUG 5300 --- [    Test worker] o.s.b.f.s.DefaultListableBeanFactory     : Creating shared instance of singleton bean 'org.springframework.boot.autoconfigure.availability.ApplicationAvailabilityAutoConfiguration'
2022-03-20 12:26:43.849 DEBUG 5300 --- [    Test worker] o.s.b.f.s.DefaultListableBeanFactory     : Creating shared instance of singleton bean 'applicationAvailability'
2022-03-20 12:26:43.851 DEBUG 5300 --- [    Test worker] o.s.b.f.s.DefaultListableBeanFactory     : Creating shared instance of singleton bean 'org.springframework.boot.actuate.autoconfigure.availability.AvailabilityHealthContributorAutoConfiguration'
2022-03-20 12:26:43.852 DEBUG 5300 --- [    Test worker] o.s.b.f.s.DefaultListableBeanFactory     : Creating shared instance of singleton bean 'org.springframework.boot.autoconfigure.transaction.jta.JtaAutoConfiguration'
2022-03-20 12:26:43.853 DEBUG 5300 --- [    Test worker] o.s.b.f.s.DefaultListableBeanFactory     : Creating shared instance of singleton bean 'org.springframework.boot.autoconfigure.jdbc.DataSourceJmxConfiguration$Hikari'
2022-03-20 12:26:43.854 DEBUG 5300 --- [    Test worker] o.s.b.f.s.DefaultListableBeanFactory     : Autowiring by type from bean name 'org.springframework.boot.autoconfigure.jdbc.DataSourceJmxConfiguration$Hikari' via constructor to bean named 'dataSource'
2022-03-20 12:26:43.855 DEBUG 5300 --- [    Test worker] o.s.b.f.s.DefaultListableBeanFactory     : Creating shared instance of singleton bean 'org.springframework.boot.autoconfigure.jdbc.DataSourceJmxConfiguration'
2022-03-20 12:26:43.856 DEBUG 5300 --- [    Test worker] o.s.b.f.s.DefaultListableBeanFactory     : Creating shared instance of singleton bean 'org.springframework.boot.autoconfigure.jdbc.DataSourceAutoConfiguration$PooledDataSourceConfiguration'
2022-03-20 12:26:43.857 DEBUG 5300 --- [    Test worker] o.s.b.f.s.DefaultListableBeanFactory     : Creating shared instance of singleton bean 'org.springframework.boot.autoconfigure.jdbc.metadata.DataSourcePoolMetadataProvidersConfiguration'
2022-03-20 12:26:43.859 DEBUG 5300 --- [    Test worker] o.s.b.f.s.DefaultListableBeanFactory     : Creating shared instance of singleton bean 'org.springframework.boot.autoconfigure.jdbc.DataSourceAutoConfiguration'
2022-03-20 12:26:43.860 DEBUG 5300 --- [    Test worker] o.s.b.f.s.DefaultListableBeanFactory     : Creating shared instance of singleton bean 'transactionManager'
2022-03-20 12:26:43.862 DEBUG 5300 --- [    Test worker] o.s.b.f.s.DefaultListableBeanFactory     : Creating shared instance of singleton bean 'platformTransactionManagerCustomizers'
2022-03-20 12:26:43.862 DEBUG 5300 --- [    Test worker] o.s.b.f.s.DefaultListableBeanFactory     : Creating shared instance of singleton bean 'org.springframework.boot.autoconfigure.transaction.TransactionAutoConfiguration'
2022-03-20 12:26:43.865 DEBUG 5300 --- [    Test worker] o.s.b.f.s.DefaultListableBeanFactory     : Creating shared instance of singleton bean 'spring.transaction-org.springframework.boot.autoconfigure.transaction.TransactionProperties'
2022-03-20 12:26:43.868 DEBUG 5300 --- [    Test worker] o.s.b.f.s.DefaultListableBeanFactory     : Creating shared instance of singleton bean 'org.springframework.boot.autoconfigure.orm.jpa.HibernateJpaAutoConfiguration'
2022-03-20 12:26:43.869 DEBUG 5300 --- [    Test worker] o.s.b.f.s.DefaultListableBeanFactory     : Creating shared instance of singleton bean 'org.springframework.boot.actuate.autoconfigure.web.servlet.ServletManagementContextAutoConfiguration'
2022-03-20 12:26:43.870 DEBUG 5300 --- [    Test worker] o.s.b.f.s.DefaultListableBeanFactory     : Creating shared instance of singleton bean 'servletWebChildContextFactory'
2022-03-20 12:26:43.872 DEBUG 5300 --- [    Test worker] o.s.b.f.s.DefaultListableBeanFactory     : Creating shared instance of singleton bean 'managementServletContext'
2022-03-20 12:26:43.872 DEBUG 5300 --- [    Test worker] o.s.b.f.s.DefaultListableBeanFactory     : Autowiring by type from bean name 'managementServletContext' via factory method to bean named 'management.endpoints.web-org.springframework.boot.actuate.autoconfigure.endpoint.web.WebEndpointProperties'
2022-03-20 12:26:43.877 DEBUG 5300 --- [    Test worker] o.s.b.f.s.DefaultListableBeanFactory     : Creating shared instance of singleton bean 'org.springframework.boot.actuate.autoconfigure.health.HealthEndpointAutoConfiguration'
2022-03-20 12:26:43.878 DEBUG 5300 --- [    Test worker] o.s.b.f.s.DefaultListableBeanFactory     : Creating shared instance of singleton bean 'org.springframework.boot.autoconfigure.info.ProjectInfoAutoConfiguration'
2022-03-20 12:26:43.879 DEBUG 5300 --- [    Test worker] o.s.b.f.s.DefaultListableBeanFactory     : Creating shared instance of singleton bean 'spring.info-org.springframework.boot.autoconfigure.info.ProjectInfoProperties'
2022-03-20 12:26:43.881 DEBUG 5300 --- [    Test worker] o.s.b.f.s.DefaultListableBeanFactory     : Autowiring by type from bean name 'org.springframework.boot.autoconfigure.info.ProjectInfoAutoConfiguration' via constructor to bean named 'spring.info-org.springframework.boot.autoconfigure.info.ProjectInfoProperties'
2022-03-20 12:26:43.882 DEBUG 5300 --- [    Test worker] o.s.b.f.s.DefaultListableBeanFactory     : Creating shared instance of singleton bean 'management.info-org.springframework.boot.actuate.autoconfigure.info.InfoContributorProperties'
2022-03-20 12:26:43.885 DEBUG 5300 --- [    Test worker] o.s.b.f.s.DefaultListableBeanFactory     : Creating shared instance of singleton bean 'pathMappedEndpoints'
2022-03-20 12:26:43.887 DEBUG 5300 --- [    Test worker] o.s.b.f.s.DefaultListableBeanFactory     : Autowiring by type from bean name 'pathMappedEndpoints' via factory method to bean named 'servletEndpointDiscoverer'
2022-03-20 12:26:43.887 DEBUG 5300 --- [    Test worker] o.s.b.f.s.DefaultListableBeanFactory     : Autowiring by type from bean name 'pathMappedEndpoints' via factory method to bean named 'webEndpointDiscoverer'
2022-03-20 12:26:43.887 DEBUG 5300 --- [    Test worker] o.s.b.f.s.DefaultListableBeanFactory     : Autowiring by type from bean name 'pathMappedEndpoints' via factory method to bean named 'controllerEndpointDiscoverer'
2022-03-20 12:26:43.889 DEBUG 5300 --- [    Test worker] o.s.b.f.s.DefaultListableBeanFactory     : Creating shared instance of singleton bean 'org.springframework.boot.actuate.autoconfigure.logging.LogFileWebEndpointAutoConfiguration'
2022-03-20 12:26:43.889 DEBUG 5300 --- [    Test worker] o.s.b.f.s.DefaultListableBeanFactory     : Creating shared instance of singleton bean 'management.endpoint.logfile-org.springframework.boot.actuate.autoconfigure.logging.LogFileWebEndpointProperties'
2022-03-20 12:26:43.891 DEBUG 5300 --- [    Test worker] o.s.b.f.s.DefaultListableBeanFactory     : Creating shared instance of singleton bean 'org.springframework.boot.actuate.autoconfigure.metrics.CompositeMeterRegistryAutoConfiguration'
2022-03-20 12:26:43.893 DEBUG 5300 --- [    Test worker] o.s.b.f.s.DefaultListableBeanFactory     : Creating shared instance of singleton bean 'org.springframework.boot.actuate.autoconfigure.metrics.integration.IntegrationMetricsAutoConfiguration'
2022-03-20 12:26:43.893 DEBUG 5300 --- [    Test worker] o.s.b.f.s.DefaultListableBeanFactory     : Creating shared instance of singleton bean 'org.springframework.boot.actuate.autoconfigure.metrics.jdbc.DataSourcePoolMetricsAutoConfiguration$HikariDataSourceMetricsConfiguration'
2022-03-20 12:26:43.894 DEBUG 5300 --- [    Test worker] o.s.b.f.s.DefaultListableBeanFactory     : Autowiring by type from bean name 'org.springframework.boot.actuate.autoconfigure.metrics.jdbc.DataSourcePoolMetricsAutoConfiguration$HikariDataSourceMetricsConfiguration' via constructor to bean named 'simpleMeterRegistry'
2022-03-20 12:26:43.898 DEBUG 5300 --- [    Test worker] o.s.b.f.s.DefaultListableBeanFactory     : Creating shared instance of singleton bean 'org.springframework.boot.actuate.autoconfigure.metrics.jdbc.DataSourcePoolMetricsAutoConfiguration$DataSourcePoolMetadataMetricsConfiguration'
2022-03-20 12:26:43.902 DEBUG 5300 --- [    Test worker] o.s.b.f.s.DefaultListableBeanFactory     : Creating shared instance of singleton bean 'org.springframework.boot.actuate.autoconfigure.metrics.jdbc.DataSourcePoolMetricsAutoConfiguration'
2022-03-20 12:26:43.908 DEBUG 5300 --- [    Test worker] o.s.b.f.s.DefaultListableBeanFactory     : Creating shared instance of singleton bean 'org.springframework.boot.autoconfigure.gson.GsonAutoConfiguration'
2022-03-20 12:26:43.909 DEBUG 5300 --- [    Test worker] o.s.b.f.s.DefaultListableBeanFactory     : Creating shared instance of singleton bean 'gsonBuilder'
2022-03-20 12:26:43.911 DEBUG 5300 --- [    Test worker] o.s.b.f.s.DefaultListableBeanFactory     : Creating shared instance of singleton bean 'standardGsonBuilderCustomizer'
2022-03-20 12:26:43.912 DEBUG 5300 --- [    Test worker] o.s.b.f.s.DefaultListableBeanFactory     : Creating shared instance of singleton bean 'spring.gson-org.springframework.boot.autoconfigure.gson.GsonProperties'
2022-03-20 12:26:43.915 DEBUG 5300 --- [    Test worker] o.s.b.f.s.DefaultListableBeanFactory     : Autowiring by type from bean name 'standardGsonBuilderCustomizer' via factory method to bean named 'spring.gson-org.springframework.boot.autoconfigure.gson.GsonProperties'
2022-03-20 12:26:43.916 DEBUG 5300 --- [    Test worker] o.s.b.f.s.DefaultListableBeanFactory     : Autowiring by type from bean name 'gsonBuilder' via factory method to bean named 'standardGsonBuilderCustomizer'
2022-03-20 12:26:43.918 DEBUG 5300 --- [    Test worker] o.s.b.f.s.DefaultListableBeanFactory     : Creating shared instance of singleton bean 'gson'
2022-03-20 12:26:43.922 DEBUG 5300 --- [    Test worker] o.s.b.f.s.DefaultListableBeanFactory     : Autowiring by type from bean name 'gson' via factory method to bean named 'gsonBuilder'
2022-03-20 12:26:43.924 DEBUG 5300 --- [    Test worker] o.s.b.f.s.DefaultListableBeanFactory     : Creating shared instance of singleton bean 'org.springframework.boot.autoconfigure.http.JacksonHttpMessageConvertersConfiguration'
2022-03-20 12:26:43.925 DEBUG 5300 --- [    Test worker] o.s.b.f.s.DefaultListableBeanFactory     : Creating shared instance of singleton bean 'org.springframework.boot.autoconfigure.http.GsonHttpMessageConvertersConfiguration'
2022-03-20 12:26:43.926 DEBUG 5300 --- [    Test worker] o.s.b.f.s.DefaultListableBeanFactory     : Creating shared instance of singleton bean 'org.springframework.boot.autoconfigure.web.client.RestTemplateAutoConfiguration'
2022-03-20 12:26:43.927 DEBUG 5300 --- [    Test worker] o.s.b.f.s.DefaultListableBeanFactory     : Creating shared instance of singleton bean 'org.springframework.boot.actuate.autoconfigure.metrics.web.client.RestTemplateMetricsConfiguration'
2022-03-20 12:26:43.929 DEBUG 5300 --- [    Test worker] o.s.b.f.s.DefaultListableBeanFactory     : Creating shared instance of singleton bean 'restTemplateExchangeTagsProvider'
2022-03-20 12:26:43.929 DEBUG 5300 --- [    Test worker] o.s.b.f.s.DefaultListableBeanFactory     : Creating shared instance of singleton bean 'metricsRestTemplateCustomizer'
2022-03-20 12:26:43.930 DEBUG 5300 --- [    Test worker] o.s.b.f.s.DefaultListableBeanFactory     : Autowiring by type from bean name 'metricsRestTemplateCustomizer' via factory method to bean named 'simpleMeterRegistry'
2022-03-20 12:26:43.931 DEBUG 5300 --- [    Test worker] o.s.b.f.s.DefaultListableBeanFactory     : Autowiring by type from bean name 'metricsRestTemplateCustomizer' via factory method to bean named 'restTemplateExchangeTagsProvider'
2022-03-20 12:26:43.931 DEBUG 5300 --- [    Test worker] o.s.b.f.s.DefaultListableBeanFactory     : Autowiring by type from bean name 'metricsRestTemplateCustomizer' via factory method to bean named 'management.metrics-org.springframework.boot.actuate.autoconfigure.metrics.MetricsProperties'
2022-03-20 12:26:43.931 DEBUG 5300 --- [    Test worker] o.s.b.f.s.DefaultListableBeanFactory     : Creating shared instance of singleton bean 'org.springframework.boot.actuate.autoconfigure.metrics.web.tomcat.TomcatMetricsAutoConfiguration'
2022-03-20 12:26:43.932 DEBUG 5300 --- [    Test worker] o.s.b.f.s.DefaultListableBeanFactory     : Creating shared instance of singleton bean 'tomcatMetricsBinder'
2022-03-20 12:26:43.933 DEBUG 5300 --- [    Test worker] o.s.b.f.s.DefaultListableBeanFactory     : Autowiring by type from bean name 'tomcatMetricsBinder' via factory method to bean named 'simpleMeterRegistry'
2022-03-20 12:26:43.934 DEBUG 5300 --- [    Test worker] o.s.b.f.s.DefaultListableBeanFactory     : Creating shared instance of singleton bean 'org.springframework.boot.actuate.autoconfigure.trace.http.HttpTraceEndpointAutoConfiguration'
2022-03-20 12:26:43.935 DEBUG 5300 --- [    Test worker] o.s.b.f.s.DefaultListableBeanFactory     : Creating shared instance of singleton bean 'org.springframework.boot.autoconfigure.aop.AopAutoConfiguration$AspectJAutoProxyingConfiguration$CglibAutoProxyConfiguration'
2022-03-20 12:26:43.936 DEBUG 5300 --- [    Test worker] o.s.b.f.s.DefaultListableBeanFactory     : Creating shared instance of singleton bean 'org.springframework.boot.autoconfigure.aop.AopAutoConfiguration$AspectJAutoProxyingConfiguration'
2022-03-20 12:26:43.937 DEBUG 5300 --- [    Test worker] o.s.b.f.s.DefaultListableBeanFactory     : Creating shared instance of singleton bean 'org.springframework.boot.autoconfigure.aop.AopAutoConfiguration'
2022-03-20 12:26:43.938 DEBUG 5300 --- [    Test worker] o.s.b.f.s.DefaultListableBeanFactory     : Creating shared instance of singleton bean 'org.springframework.boot.autoconfigure.context.ConfigurationPropertiesAutoConfiguration'
2022-03-20 12:26:43.939 DEBUG 5300 --- [    Test worker] o.s.b.f.s.DefaultListableBeanFactory     : Creating shared instance of singleton bean 'org.springframework.boot.autoconfigure.context.LifecycleAutoConfiguration'
2022-03-20 12:26:43.940 DEBUG 5300 --- [    Test worker] o.s.b.f.s.DefaultListableBeanFactory     : Creating shared instance of singleton bean 'lifecycleProcessor'
2022-03-20 12:26:43.941 DEBUG 5300 --- [    Test worker] o.s.b.f.s.DefaultListableBeanFactory     : Creating shared instance of singleton bean 'spring.lifecycle-org.springframework.boot.autoconfigure.context.LifecycleProperties'
2022-03-20 12:26:43.943 DEBUG 5300 --- [    Test worker] o.s.b.f.s.DefaultListableBeanFactory     : Autowiring by type from bean name 'lifecycleProcessor' via factory method to bean named 'spring.lifecycle-org.springframework.boot.autoconfigure.context.LifecycleProperties'
2022-03-20 12:26:43.944 DEBUG 5300 --- [    Test worker] o.s.b.f.s.DefaultListableBeanFactory     : Creating shared instance of singleton bean 'org.springframework.boot.autoconfigure.dao.PersistenceExceptionTranslationAutoConfiguration'
2022-03-20 12:26:43.944 DEBUG 5300 --- [    Test worker] o.s.b.f.s.DefaultListableBeanFactory     : Creating shared instance of singleton bean 'org.springframework.boot.autoconfigure.data.jpa.JpaRepositoriesAutoConfiguration'
2022-03-20 12:26:43.945 DEBUG 5300 --- [    Test worker] o.s.b.f.s.DefaultListableBeanFactory     : Creating shared instance of singleton bean 'org.springframework.data.jpa.util.JpaMetamodelCacheCleanup'
2022-03-20 12:26:43.946 DEBUG 5300 --- [    Test worker] o.s.b.f.s.DefaultListableBeanFactory     : Creating shared instance of singleton bean 'org.springframework.data.jpa.repository.support.JpaEvaluationContextExtension'
2022-03-20 12:26:43.947 DEBUG 5300 --- [    Test worker] o.s.b.f.s.DefaultListableBeanFactory     : Creating shared instance of singleton bean 'org.springframework.data.web.config.ProjectingArgumentResolverRegistrar'
2022-03-20 12:26:43.948 DEBUG 5300 --- [    Test worker] o.s.b.f.s.DefaultListableBeanFactory     : Creating shared instance of singleton bean 'org.springframework.boot.autoconfigure.jdbc.JdbcTemplateConfiguration'
2022-03-20 12:26:43.949 DEBUG 5300 --- [    Test worker] o.s.b.f.s.DefaultListableBeanFactory     : Creating shared instance of singleton bean 'jdbcTemplate'
2022-03-20 12:26:43.952 DEBUG 5300 --- [    Test worker] o.s.b.f.s.DefaultListableBeanFactory     : Creating shared instance of singleton bean 'spring.jdbc-org.springframework.boot.autoconfigure.jdbc.JdbcProperties'
2022-03-20 12:26:43.954 DEBUG 5300 --- [    Test worker] o.s.b.f.s.DefaultListableBeanFactory     : Autowiring by type from bean name 'jdbcTemplate' via factory method to bean named 'dataSource'
2022-03-20 12:26:43.954 DEBUG 5300 --- [    Test worker] o.s.b.f.s.DefaultListableBeanFactory     : Autowiring by type from bean name 'jdbcTemplate' via factory method to bean named 'spring.jdbc-org.springframework.boot.autoconfigure.jdbc.JdbcProperties'
2022-03-20 12:26:43.958 DEBUG 5300 --- [    Test worker] o.s.b.f.s.DefaultListableBeanFactory     : Creating shared instance of singleton bean 'org.springframework.boot.autoconfigure.jdbc.NamedParameterJdbcTemplateConfiguration'
2022-03-20 12:26:43.959 DEBUG 5300 --- [    Test worker] o.s.b.f.s.DefaultListableBeanFactory     : Creating shared instance of singleton bean 'namedParameterJdbcTemplate'
2022-03-20 12:26:43.960 DEBUG 5300 --- [    Test worker] o.s.b.f.s.DefaultListableBeanFactory     : Autowiring by type from bean name 'namedParameterJdbcTemplate' via factory method to bean named 'jdbcTemplate'
2022-03-20 12:26:43.962 DEBUG 5300 --- [    Test worker] o.s.b.f.s.DefaultListableBeanFactory     : Creating shared instance of singleton bean 'org.springframework.boot.autoconfigure.jdbc.JdbcTemplateAutoConfiguration'
2022-03-20 12:26:43.962 DEBUG 5300 --- [    Test worker] o.s.b.f.s.DefaultListableBeanFactory     : Creating shared instance of singleton bean 'org.springframework.boot.autoconfigure.sql.init.SqlInitializationAutoConfiguration'
2022-03-20 12:26:43.963 DEBUG 5300 --- [    Test worker] o.s.b.f.s.DefaultListableBeanFactory     : Creating shared instance of singleton bean 'org.springframework.boot.autoconfigure.task.TaskSchedulingAutoConfiguration'
2022-03-20 12:26:43.964 DEBUG 5300 --- [    Test worker] o.s.b.f.s.DefaultListableBeanFactory     : Creating shared instance of singleton bean 'scheduledBeanLazyInitializationExcludeFilter'
2022-03-20 12:26:43.965 DEBUG 5300 --- [    Test worker] o.s.b.f.s.DefaultListableBeanFactory     : Creating shared instance of singleton bean 'taskSchedulerBuilder'
2022-03-20 12:26:43.966 DEBUG 5300 --- [    Test worker] o.s.b.f.s.DefaultListableBeanFactory     : Creating shared instance of singleton bean 'spring.task.scheduling-org.springframework.boot.autoconfigure.task.TaskSchedulingProperties'
2022-03-20 12:26:43.969 DEBUG 5300 --- [    Test worker] o.s.b.f.s.DefaultListableBeanFactory     : Autowiring by type from bean name 'taskSchedulerBuilder' via factory method to bean named 'spring.task.scheduling-org.springframework.boot.autoconfigure.task.TaskSchedulingProperties'
2022-03-20 12:26:43.970 DEBUG 5300 --- [    Test worker] o.s.b.f.s.DefaultListableBeanFactory     : Creating shared instance of singleton bean 'org.springframework.boot.autoconfigure.jdbc.DataSourceTransactionManagerAutoConfiguration$JdbcTransactionManagerConfiguration'
2022-03-20 12:26:43.971 DEBUG 5300 --- [    Test worker] o.s.b.f.s.DefaultListableBeanFactory     : Creating shared instance of singleton bean 'org.springframework.boot.autoconfigure.jdbc.DataSourceTransactionManagerAutoConfiguration'
2022-03-20 12:26:43.972 DEBUG 5300 --- [    Test worker] o.s.b.f.s.DefaultListableBeanFactory     : Creating shared instance of singleton bean 'org.springframework.boot.autoconfigure.transaction.TransactionAutoConfiguration$EnableTransactionManagementConfiguration$CglibAutoProxyConfiguration'
2022-03-20 12:26:43.973 DEBUG 5300 --- [    Test worker] o.s.b.f.s.DefaultListableBeanFactory     : Creating shared instance of singleton bean 'org.springframework.boot.autoconfigure.transaction.TransactionAutoConfiguration$EnableTransactionManagementConfiguration'
2022-03-20 12:26:43.974 DEBUG 5300 --- [    Test worker] o.s.b.f.s.DefaultListableBeanFactory     : Creating shared instance of singleton bean 'org.springframework.boot.autoconfigure.transaction.TransactionAutoConfiguration$TransactionTemplateConfiguration'
2022-03-20 12:26:43.975 DEBUG 5300 --- [    Test worker] o.s.b.f.s.DefaultListableBeanFactory     : Creating shared instance of singleton bean 'transactionTemplate'
2022-03-20 12:26:43.976 DEBUG 5300 --- [    Test worker] o.s.b.f.s.DefaultListableBeanFactory     : Autowiring by type from bean name 'transactionTemplate' via factory method to bean named 'transactionManager'
2022-03-20 12:26:43.978 DEBUG 5300 --- [    Test worker] o.s.b.f.s.DefaultListableBeanFactory     : Creating shared instance of singleton bean 'org.springframework.boot.autoconfigure.web.embedded.EmbeddedWebServerFactoryCustomizerAutoConfiguration'
2022-03-20 12:26:43.978 DEBUG 5300 --- [    Test worker] o.s.b.f.s.DefaultListableBeanFactory     : Creating shared instance of singleton bean 'multipartResolver'
2022-03-20 12:26:43.979 DEBUG 5300 --- [    Test worker] o.s.b.f.s.DefaultListableBeanFactory     : Creating shared instance of singleton bean 'org.springframework.boot.actuate.autoconfigure.security.servlet.SecurityRequestMatchersManagementContextConfiguration$MvcRequestMatcherConfiguration'
2022-03-20 12:26:43.980 DEBUG 5300 --- [    Test worker] o.s.b.f.s.DefaultListableBeanFactory     : Creating shared instance of singleton bean 'requestMatcherProvider'
2022-03-20 12:26:43.980 DEBUG 5300 --- [    Test worker] o.s.b.f.s.DefaultListableBeanFactory     : Autowiring by type from bean name 'requestMatcherProvider' via factory method to bean named 'dispatcherServletRegistration'
2022-03-20 12:26:43.982 DEBUG 5300 --- [    Test worker] o.s.b.f.s.DefaultListableBeanFactory     : Creating shared instance of singleton bean 'org.springframework.boot.actuate.autoconfigure.security.servlet.SecurityRequestMatchersManagementContextConfiguration'
2022-03-20 12:26:43.989 DEBUG 5300 --- [    Test worker] o.s.b.f.s.DefaultListableBeanFactory     : Creating shared instance of singleton bean 'org.springframework.boot.actuate.autoconfigure.web.server.ManagementContextAutoConfiguration$SameManagementContextConfiguration$EnableSameManagementContextConfiguration'
2022-03-20 12:26:43.990 DEBUG 5300 --- [    Test worker] o.s.b.f.s.DefaultListableBeanFactory     : Creating shared instance of singleton bean 'org.springframework.boot.actuate.autoconfigure.web.server.ManagementContextAutoConfiguration$SameManagementContextConfiguration'
2022-03-20 12:26:43.990 DEBUG 5300 --- [    Test worker] o.s.b.f.s.DefaultListableBeanFactory     : Autowiring by type from bean name 'org.springframework.boot.actuate.autoconfigure.web.server.ManagementContextAutoConfiguration$SameManagementContextConfiguration' via constructor to bean named 'environment'
2022-03-20 12:26:43.991 DEBUG 5300 --- [    Test worker] o.s.b.f.s.DefaultListableBeanFactory     : Creating shared instance of singleton bean 'org.springframework.boot.actuate.autoconfigure.web.server.ManagementContextAutoConfiguration'
2022-03-20 12:26:43.992 DEBUG 5300 --- [    Test worker] o.s.b.f.s.DefaultListableBeanFactory     : Creating shared instance of singleton bean 'management.server-org.springframework.boot.actuate.autoconfigure.web.server.ManagementServerProperties'
2022-03-20 12:26:44.012 DEBUG 5300 --- [    Test worker] o.s.c.support.DefaultLifecycleProcessor  : Starting beans in phase 2147483646
2022-03-20 12:26:44.025  INFO 5300 --- [    Test worker] o.s.b.w.embedded.tomcat.TomcatWebServer  : Tomcat started on port(s): 8701 (http) with context path ''
2022-03-20 12:26:44.025 DEBUG 5300 --- [    Test worker] o.s.c.support.DefaultLifecycleProcessor  : Successfully started bean 'webServerStartStop'
2022-03-20 12:26:44.026 DEBUG 5300 --- [    Test worker] o.s.c.support.DefaultLifecycleProcessor  : Starting beans in phase 2147483647
2022-03-20 12:26:44.026 DEBUG 5300 --- [    Test worker] o.s.c.support.DefaultLifecycleProcessor  : Successfully started bean 'webServerGracefulShutdown'
2022-03-20 12:26:44.044 DEBUG 5300 --- [    Test worker] ConditionEvaluationReportLoggingListener : 


============================
CONDITIONS EVALUATION REPORT
============================


Positive matches:
-----------------

   AopAutoConfiguration matched:
      - @ConditionalOnProperty (spring.aop.auto=true) matched (OnPropertyCondition)

   AopAutoConfiguration.AspectJAutoProxyingConfiguration matched:
      - @ConditionalOnClass found required class 'org.aspectj.weaver.Advice' (OnClassCondition)

   AopAutoConfiguration.AspectJAutoProxyingConfiguration.CglibAutoProxyConfiguration matched:
      - @ConditionalOnProperty (spring.aop.proxy-target-class=true) matched (OnPropertyCondition)

   AuditEventsEndpointAutoConfiguration matched:
      - @ConditionalOnAvailableEndpoint no property management.endpoint.auditevents.enabled found so using endpoint default; @ConditionalOnAvailableEndpoint marked as exposed by a 'management.endpoints.web.exposure' property (OnAvailableEndpointCondition)

   BeansEndpointAutoConfiguration matched:
      - @ConditionalOnAvailableEndpoint no property management.endpoint.beans.enabled found so using endpoint default; @ConditionalOnAvailableEndpoint marked as exposed by a 'management.endpoints.web.exposure' property (OnAvailableEndpointCondition)

   BeansEndpointAutoConfiguration#beansEndpoint matched:
      - @ConditionalOnMissingBean (types: org.springframework.boot.actuate.beans.BeansEndpoint; SearchStrategy: all) did not find any beans (OnBeanCondition)

   CacheMeterBinderProvidersConfiguration matched:
      - @ConditionalOnClass found required class 'io.micrometer.core.instrument.binder.MeterBinder' (OnClassCondition)

   CachesEndpointAutoConfiguration matched:
      - @ConditionalOnClass found required class 'org.springframework.cache.CacheManager' (OnClassCondition)
      - @ConditionalOnAvailableEndpoint no property management.endpoint.caches.enabled found so using endpoint default; @ConditionalOnAvailableEndpoint marked as exposed by a 'management.endpoints.web.exposure' property (OnAvailableEndpointCondition)

   CachesEndpointAutoConfiguration#cachesEndpoint matched:
      - @ConditionalOnMissingBean (types: org.springframework.boot.actuate.cache.CachesEndpoint; SearchStrategy: all) did not find any beans (OnBeanCondition)

   CachesEndpointAutoConfiguration#cachesEndpointWebExtension matched:
      - @ConditionalOnBean (types: org.springframework.boot.actuate.cache.CachesEndpoint; SearchStrategy: all) found bean 'cachesEndpoint'; @ConditionalOnMissingBean (types: org.springframework.boot.actuate.cache.CachesEndpointWebExtension; SearchStrategy: all) did not find any beans (OnBeanCondition)

   CompositeMeterRegistryAutoConfiguration matched:
      - @ConditionalOnClass found required class 'io.micrometer.core.instrument.composite.CompositeMeterRegistry' (OnClassCondition)

   ConditionsReportEndpointAutoConfiguration matched:
      - @ConditionalOnAvailableEndpoint no property management.endpoint.conditions.enabled found so using endpoint default; @ConditionalOnAvailableEndpoint marked as exposed by a 'management.endpoints.web.exposure' property (OnAvailableEndpointCondition)

   ConditionsReportEndpointAutoConfiguration#conditionsReportEndpoint matched:
      - @ConditionalOnMissingBean (types: org.springframework.boot.actuate.autoconfigure.condition.ConditionsReportEndpoint; SearchStrategy: current) did not find any beans (OnBeanCondition)

   ConfigurationPropertiesReportEndpointAutoConfiguration matched:
      - @ConditionalOnAvailableEndpoint no property management.endpoint.configprops.enabled found so using endpoint default; @ConditionalOnAvailableEndpoint marked as exposed by a 'management.endpoints.web.exposure' property (OnAvailableEndpointCondition)

   ConfigurationPropertiesReportEndpointAutoConfiguration#configurationPropertiesReportEndpoint matched:
      - @ConditionalOnMissingBean (types: org.springframework.boot.actuate.context.properties.ConfigurationPropertiesReportEndpoint; SearchStrategy: all) did not find any beans (OnBeanCondition)

   ConfigurationPropertiesReportEndpointAutoConfiguration#configurationPropertiesReportEndpointWebExtension matched:
      - @ConditionalOnBean (types: org.springframework.boot.actuate.context.properties.ConfigurationPropertiesReportEndpoint; SearchStrategy: all) found bean 'configurationPropertiesReportEndpoint'; @ConditionalOnMissingBean (types: org.springframework.boot.actuate.context.properties.ConfigurationPropertiesReportEndpointWebExtension; SearchStrategy: all) did not find any beans (OnBeanCondition)

   DataSourceAutoConfiguration matched:
      - @ConditionalOnClass found required classes 'javax.sql.DataSource', 'org.springframework.jdbc.datasource.embedded.EmbeddedDatabaseType' (OnClassCondition)
      - @ConditionalOnMissingBean (types: io.r2dbc.spi.ConnectionFactory; SearchStrategy: all) did not find any beans (OnBeanCondition)

   DataSourceAutoConfiguration.PooledDataSourceConfiguration matched:
      - AnyNestedCondition 1 matched 1 did not; NestedCondition on DataSourceAutoConfiguration.PooledDataSourceCondition.PooledDataSourceAvailable PooledDataSource found supported DataSource; NestedCondition on DataSourceAutoConfiguration.PooledDataSourceCondition.ExplicitType @ConditionalOnProperty (spring.datasource.type) did not find property 'type' (DataSourceAutoConfiguration.PooledDataSourceCondition)
      - @ConditionalOnMissingBean (types: javax.sql.DataSource,javax.sql.XADataSource; SearchStrategy: all) did not find any beans (OnBeanCondition)

   DataSourceConfiguration.Hikari matched:
      - @ConditionalOnClass found required class 'com.zaxxer.hikari.HikariDataSource' (OnClassCondition)
      - @ConditionalOnProperty (spring.datasource.type=com.zaxxer.hikari.HikariDataSource) matched (OnPropertyCondition)
      - @ConditionalOnMissingBean (types: javax.sql.DataSource; SearchStrategy: all) did not find any beans (OnBeanCondition)

   DataSourceHealthContributorAutoConfiguration matched:
      - @ConditionalOnClass found required classes 'org.springframework.jdbc.core.JdbcTemplate', 'org.springframework.jdbc.datasource.lookup.AbstractRoutingDataSource' (OnClassCondition)
      - @ConditionalOnEnabledHealthIndicator management.health.defaults.enabled is considered true (OnEnabledHealthIndicatorCondition)
      - @ConditionalOnBean (types: javax.sql.DataSource; SearchStrategy: all) found bean 'dataSource' (OnBeanCondition)

   DataSourceHealthContributorAutoConfiguration#dbHealthContributor matched:
      - @ConditionalOnMissingBean (names: dbHealthIndicator,dbHealthContributor; SearchStrategy: all) did not find any beans (OnBeanCondition)

   DataSourceInitializationConfiguration matched:
      - @ConditionalOnClass found required class 'org.springframework.jdbc.datasource.init.DatabasePopulator' (OnClassCondition)
      - @ConditionalOnSingleCandidate (types: javax.sql.DataSource; SearchStrategy: all) found a primary bean from beans 'dataSource'; @ConditionalOnMissingBean (types: org.springframework.boot.sql.init.AbstractScriptDatabaseInitializer; SearchStrategy: all) did not find any beans (OnBeanCondition)

   DataSourceJmxConfiguration matched:
      - @ConditionalOnProperty (spring.jmx.enabled=true) matched (OnPropertyCondition)

   DataSourceJmxConfiguration.Hikari matched:
      - @ConditionalOnClass found required class 'com.zaxxer.hikari.HikariDataSource' (OnClassCondition)
      - @ConditionalOnSingleCandidate (types: javax.sql.DataSource; SearchStrategy: all) found a primary bean from beans 'dataSource' (OnBeanCondition)

   DataSourcePoolMetadataProvidersConfiguration.HikariPoolDataSourceMetadataProviderConfiguration matched:
      - @ConditionalOnClass found required class 'com.zaxxer.hikari.HikariDataSource' (OnClassCondition)

   DataSourcePoolMetricsAutoConfiguration matched:
      - @ConditionalOnClass found required classes 'javax.sql.DataSource', 'io.micrometer.core.instrument.MeterRegistry' (OnClassCondition)
      - @ConditionalOnBean (types: javax.sql.DataSource,io.micrometer.core.instrument.MeterRegistry; SearchStrategy: all) found beans 'simpleMeterRegistry', 'dataSource' (OnBeanCondition)

   DataSourcePoolMetricsAutoConfiguration.DataSourcePoolMetadataMetricsConfiguration matched:
      - @ConditionalOnBean (types: org.springframework.boot.jdbc.metadata.DataSourcePoolMetadataProvider; SearchStrategy: all) found bean 'hikariPoolDataSourceMetadataProvider' (OnBeanCondition)

   DataSourcePoolMetricsAutoConfiguration.HikariDataSourceMetricsConfiguration matched:
      - @ConditionalOnClass found required class 'com.zaxxer.hikari.HikariDataSource' (OnClassCondition)

   DataSourceTransactionManagerAutoConfiguration matched:
      - @ConditionalOnClass found required classes 'org.springframework.jdbc.core.JdbcTemplate', 'org.springframework.transaction.TransactionManager' (OnClassCondition)

   DataSourceTransactionManagerAutoConfiguration.JdbcTransactionManagerConfiguration matched:
      - @ConditionalOnSingleCandidate (types: javax.sql.DataSource; SearchStrategy: all) found a primary bean from beans 'dataSource' (OnBeanCondition)

   DiskSpaceHealthContributorAutoConfiguration matched:
      - @ConditionalOnEnabledHealthIndicator management.health.defaults.enabled is considered true (OnEnabledHealthIndicatorCondition)

   DiskSpaceHealthContributorAutoConfiguration#diskSpaceHealthIndicator matched:
      - @ConditionalOnMissingBean (names: diskSpaceHealthIndicator; SearchStrategy: all) did not find any beans (OnBeanCondition)

   DispatcherServletAutoConfiguration matched:
      - @ConditionalOnClass found required class 'org.springframework.web.servlet.DispatcherServlet' (OnClassCondition)
      - found 'session' scope (OnWebApplicationCondition)

   DispatcherServletAutoConfiguration.DispatcherServletConfiguration matched:
      - @ConditionalOnClass found required class 'javax.servlet.ServletRegistration' (OnClassCondition)
      - Default DispatcherServlet did not find dispatcher servlet beans (DispatcherServletAutoConfiguration.DefaultDispatcherServletCondition)

   DispatcherServletAutoConfiguration.DispatcherServletRegistrationConfiguration matched:
      - @ConditionalOnClass found required class 'javax.servlet.ServletRegistration' (OnClassCondition)
      - DispatcherServlet Registration did not find servlet registration bean (DispatcherServletAutoConfiguration.DispatcherServletRegistrationCondition)

   DispatcherServletAutoConfiguration.DispatcherServletRegistrationConfiguration#dispatcherServletRegistration matched:
      - @ConditionalOnBean (names: dispatcherServlet types: org.springframework.web.servlet.DispatcherServlet; SearchStrategy: all) found bean 'dispatcherServlet' (OnBeanCondition)

   EmbeddedWebServerFactoryCustomizerAutoConfiguration matched:
      - @ConditionalOnWebApplication (required) found 'session' scope (OnWebApplicationCondition)

   EmbeddedWebServerFactoryCustomizerAutoConfiguration.TomcatWebServerFactoryCustomizerConfiguration matched:
      - @ConditionalOnClass found required classes 'org.apache.catalina.startup.Tomcat', 'org.apache.coyote.UpgradeProtocol' (OnClassCondition)

   EndpointAutoConfiguration#endpointCachingOperationInvokerAdvisor matched:
      - @ConditionalOnMissingBean (types: org.springframework.boot.actuate.endpoint.invoker.cache.CachingOperationInvokerAdvisor; SearchStrategy: all) did not find any beans (OnBeanCondition)

   EndpointAutoConfiguration#endpointOperationParameterMapper matched:
      - @ConditionalOnMissingBean (types: org.springframework.boot.actuate.endpoint.invoke.ParameterValueMapper; SearchStrategy: all) did not find any beans (OnBeanCondition)

   EnvironmentEndpointAutoConfiguration matched:
      - @ConditionalOnAvailableEndpoint no property management.endpoint.env.enabled found so using endpoint default; @ConditionalOnAvailableEndpoint marked as exposed by a 'management.endpoints.web.exposure' property (OnAvailableEndpointCondition)

   EnvironmentEndpointAutoConfiguration#environmentEndpoint matched:
      - @ConditionalOnMissingBean (types: org.springframework.boot.actuate.env.EnvironmentEndpoint; SearchStrategy: all) did not find any beans (OnBeanCondition)

   EnvironmentEndpointAutoConfiguration#environmentEndpointWebExtension matched:
      - @ConditionalOnBean (types: org.springframework.boot.actuate.env.EnvironmentEndpoint; SearchStrategy: all) found bean 'environmentEndpoint'; @ConditionalOnMissingBean (types: org.springframework.boot.actuate.env.EnvironmentEndpointWebExtension; SearchStrategy: all) did not find any beans (OnBeanCondition)

   ErrorMvcAutoConfiguration matched:
      - @ConditionalOnClass found required classes 'javax.servlet.Servlet', 'org.springframework.web.servlet.DispatcherServlet' (OnClassCondition)
      - found 'session' scope (OnWebApplicationCondition)

   ErrorMvcAutoConfiguration#basicErrorController matched:
      - @ConditionalOnMissingBean (types: org.springframework.boot.web.servlet.error.ErrorController; SearchStrategy: current) did not find any beans (OnBeanCondition)

   ErrorMvcAutoConfiguration#errorAttributes matched:
      - @ConditionalOnMissingBean (types: org.springframework.boot.web.servlet.error.ErrorAttributes; SearchStrategy: current) did not find any beans (OnBeanCondition)

   ErrorMvcAutoConfiguration.DefaultErrorViewResolverConfiguration#conventionErrorViewResolver matched:
      - @ConditionalOnBean (types: org.springframework.web.servlet.DispatcherServlet; SearchStrategy: all) found bean 'dispatcherServlet'; @ConditionalOnMissingBean (types: org.springframework.boot.autoconfigure.web.servlet.error.ErrorViewResolver; SearchStrategy: all) did not find any beans (OnBeanCondition)

   ErrorMvcAutoConfiguration.WhitelabelErrorViewConfiguration matched:
      - @ConditionalOnProperty (server.error.whitelabel.enabled) matched (OnPropertyCondition)
      - ErrorTemplate Missing did not find error template view (ErrorMvcAutoConfiguration.ErrorTemplateMissingCondition)

   ErrorMvcAutoConfiguration.WhitelabelErrorViewConfiguration#beanNameViewResolver matched:
      - @ConditionalOnMissingBean (types: org.springframework.web.servlet.view.BeanNameViewResolver; SearchStrategy: all) did not find any beans (OnBeanCondition)

   ErrorMvcAutoConfiguration.WhitelabelErrorViewConfiguration#defaultErrorView matched:
      - @ConditionalOnMissingBean (names: error; SearchStrategy: all) did not find any beans (OnBeanCondition)

   GenericCacheConfiguration matched:
      - Cache org.springframework.boot.autoconfigure.cache.GenericCacheConfiguration automatic cache type (CacheCondition)

   GsonAutoConfiguration matched:
      - @ConditionalOnClass found required class 'com.google.gson.Gson' (OnClassCondition)

   GsonAutoConfiguration#gson matched:
      - @ConditionalOnMissingBean (types: com.google.gson.Gson; SearchStrategy: all) did not find any beans (OnBeanCondition)

   GsonAutoConfiguration#gsonBuilder matched:
      - @ConditionalOnMissingBean (types: com.google.gson.GsonBuilder; SearchStrategy: all) did not find any beans (OnBeanCondition)

   GsonHttpMessageConvertersConfiguration matched:
      - @ConditionalOnClass found required class 'com.google.gson.Gson' (OnClassCondition)

   H2ConsoleAutoConfiguration matched:
      - @ConditionalOnClass found required class 'org.h2.server.web.WebServlet' (OnClassCondition)
      - found 'session' scope (OnWebApplicationCondition)
      - @ConditionalOnProperty (spring.h2.console.enabled=true) matched (OnPropertyCondition)

   HealthContributorAutoConfiguration#pingHealthContributor matched:
      - @ConditionalOnEnabledHealthIndicator management.health.defaults.enabled is considered true (OnEnabledHealthIndicatorCondition)

   HealthEndpointAutoConfiguration matched:
      - @ConditionalOnAvailableEndpoint no property management.endpoint.health.enabled found so using endpoint default; @ConditionalOnAvailableEndpoint marked as exposed by a 'management.endpoints.web.exposure' property (OnAvailableEndpointCondition)

   HealthEndpointConfiguration#healthContributorRegistry matched:
      - @ConditionalOnMissingBean (types: org.springframework.boot.actuate.health.HealthContributorRegistry; SearchStrategy: all) did not find any beans (OnBeanCondition)

   HealthEndpointConfiguration#healthEndpoint matched:
      - @ConditionalOnMissingBean (types: org.springframework.boot.actuate.health.HealthEndpoint; SearchStrategy: all) did not find any beans (OnBeanCondition)

   HealthEndpointConfiguration#healthEndpointGroups matched:
      - @ConditionalOnMissingBean (types: org.springframework.boot.actuate.health.HealthEndpointGroups; SearchStrategy: all) did not find any beans (OnBeanCondition)

   HealthEndpointConfiguration#healthHttpCodeStatusMapper matched:
      - @ConditionalOnMissingBean (types: org.springframework.boot.actuate.health.HttpCodeStatusMapper; SearchStrategy: all) did not find any beans (OnBeanCondition)

   HealthEndpointConfiguration#healthStatusAggregator matched:
      - @ConditionalOnMissingBean (types: org.springframework.boot.actuate.health.StatusAggregator; SearchStrategy: all) did not find any beans (OnBeanCondition)

   HealthEndpointWebExtensionConfiguration matched:
      - found 'session' scope (OnWebApplicationCondition)
      - @ConditionalOnBean (types: org.springframework.boot.actuate.health.HealthEndpoint; SearchStrategy: all) found bean 'healthEndpoint' (OnBeanCondition)

   HealthEndpointWebExtensionConfiguration#healthEndpointWebExtension matched:
      - @ConditionalOnBean (types: org.springframework.boot.actuate.health.HealthEndpoint; SearchStrategy: all) found bean 'healthEndpoint'; @ConditionalOnMissingBean (types: org.springframework.boot.actuate.health.HealthEndpointWebExtension; SearchStrategy: all) did not find any beans (OnBeanCondition)

   HeapDumpWebEndpointAutoConfiguration matched:
      - @ConditionalOnAvailableEndpoint no property management.endpoint.heapdump.enabled found so using endpoint default; @ConditionalOnAvailableEndpoint marked as exposed by a 'management.endpoints.web.exposure' property (OnAvailableEndpointCondition)

   HeapDumpWebEndpointAutoConfiguration#heapDumpWebEndpoint matched:
      - @ConditionalOnMissingBean (types: org.springframework.boot.actuate.management.HeapDumpWebEndpoint; SearchStrategy: all) did not find any beans (OnBeanCondition)

   HibernateJpaAutoConfiguration matched:
      - @ConditionalOnClass found required classes 'org.springframework.orm.jpa.LocalContainerEntityManagerFactoryBean', 'javax.persistence.EntityManager', 'org.hibernate.engine.spi.SessionImplementor' (OnClassCondition)

   HibernateJpaConfiguration matched:
      - @ConditionalOnSingleCandidate (types: javax.sql.DataSource; SearchStrategy: all) found a primary bean from beans 'dataSource' (OnBeanCondition)

   HttpClientMetricsAutoConfiguration matched:
      - @ConditionalOnClass found required class 'io.micrometer.core.instrument.MeterRegistry' (OnClassCondition)
      - @ConditionalOnBean (types: io.micrometer.core.instrument.MeterRegistry; SearchStrategy: all) found bean 'simpleMeterRegistry' (OnBeanCondition)

   HttpEncodingAutoConfiguration matched:
      - @ConditionalOnClass found required class 'org.springframework.web.filter.CharacterEncodingFilter' (OnClassCondition)
      - found 'session' scope (OnWebApplicationCondition)
      - @ConditionalOnProperty (server.servlet.encoding.enabled) matched (OnPropertyCondition)

   HttpEncodingAutoConfiguration#characterEncodingFilter matched:
      - @ConditionalOnMissingBean (types: org.springframework.web.filter.CharacterEncodingFilter; SearchStrategy: all) did not find any beans (OnBeanCondition)

   HttpMessageConvertersAutoConfiguration matched:
      - @ConditionalOnClass found required class 'org.springframework.http.converter.HttpMessageConverter' (OnClassCondition)
      - NoneNestedConditions 0 matched 1 did not; NestedCondition on HttpMessageConvertersAutoConfiguration.NotReactiveWebApplicationCondition.ReactiveWebApplication did not find reactive web application classes (HttpMessageConvertersAutoConfiguration.NotReactiveWebApplicationCondition)

   HttpMessageConvertersAutoConfiguration#messageConverters matched:
      - @ConditionalOnMissingBean (types: org.springframework.boot.autoconfigure.http.HttpMessageConverters; SearchStrategy: all) did not find any beans (OnBeanCondition)

   HttpMessageConvertersAutoConfiguration.StringHttpMessageConverterConfiguration matched:
      - @ConditionalOnClass found required class 'org.springframework.http.converter.StringHttpMessageConverter' (OnClassCondition)

   HttpMessageConvertersAutoConfiguration.StringHttpMessageConverterConfiguration#stringHttpMessageConverter matched:
      - @ConditionalOnMissingBean (types: org.springframework.http.converter.StringHttpMessageConverter; SearchStrategy: all) did not find any beans (OnBeanCondition)

   HttpTraceEndpointAutoConfiguration matched:
      - @ConditionalOnAvailableEndpoint no property management.endpoint.httptrace.enabled found so using endpoint default; @ConditionalOnAvailableEndpoint marked as exposed by a 'management.endpoints.web.exposure' property (OnAvailableEndpointCondition)

   InfoContributorAutoConfiguration#envInfoContributor matched:
      - @ConditionalOnEnabledInfoContributor management.info.defaults.enabled is considered true (OnEnabledInfoContributorCondition)

   InfoEndpointAutoConfiguration matched:
      - @ConditionalOnAvailableEndpoint no property management.endpoint.info.enabled found so using endpoint default; @ConditionalOnAvailableEndpoint marked as exposed by a 'management.endpoints.web.exposure' property (OnAvailableEndpointCondition)

   InfoEndpointAutoConfiguration#infoEndpoint matched:
      - @ConditionalOnMissingBean (types: org.springframework.boot.actuate.info.InfoEndpoint; SearchStrategy: all) did not find any beans (OnBeanCondition)

   JacksonAutoConfiguration matched:
      - @ConditionalOnClass found required class 'com.fasterxml.jackson.databind.ObjectMapper' (OnClassCondition)

   JacksonAutoConfiguration.Jackson2ObjectMapperBuilderCustomizerConfiguration matched:
      - @ConditionalOnClass found required class 'org.springframework.http.converter.json.Jackson2ObjectMapperBuilder' (OnClassCondition)

   JacksonAutoConfiguration.JacksonObjectMapperBuilderConfiguration matched:
      - @ConditionalOnClass found required class 'org.springframework.http.converter.json.Jackson2ObjectMapperBuilder' (OnClassCondition)

   JacksonAutoConfiguration.JacksonObjectMapperBuilderConfiguration#jacksonObjectMapperBuilder matched:
      - @ConditionalOnMissingBean (types: org.springframework.http.converter.json.Jackson2ObjectMapperBuilder; SearchStrategy: all) did not find any beans (OnBeanCondition)

   JacksonAutoConfiguration.JacksonObjectMapperConfiguration matched:
      - @ConditionalOnClass found required class 'org.springframework.http.converter.json.Jackson2ObjectMapperBuilder' (OnClassCondition)

   JacksonAutoConfiguration.JacksonObjectMapperConfiguration#jacksonObjectMapper matched:
      - @ConditionalOnMissingBean (types: com.fasterxml.jackson.databind.ObjectMapper; SearchStrategy: all) did not find any beans (OnBeanCondition)

   JacksonAutoConfiguration.ParameterNamesModuleConfiguration matched:
      - @ConditionalOnClass found required class 'com.fasterxml.jackson.module.paramnames.ParameterNamesModule' (OnClassCondition)

   JacksonAutoConfiguration.ParameterNamesModuleConfiguration#parameterNamesModule matched:
      - @ConditionalOnMissingBean (types: com.fasterxml.jackson.module.paramnames.ParameterNamesModule; SearchStrategy: all) did not find any beans (OnBeanCondition)

   JacksonHttpMessageConvertersConfiguration.MappingJackson2HttpMessageConverterConfiguration matched:
      - @ConditionalOnClass found required class 'com.fasterxml.jackson.databind.ObjectMapper' (OnClassCondition)
      - @ConditionalOnProperty (spring.mvc.converters.preferred-json-mapper=jackson) matched (OnPropertyCondition)
      - @ConditionalOnBean (types: com.fasterxml.jackson.databind.ObjectMapper; SearchStrategy: all) found bean 'jacksonObjectMapper' (OnBeanCondition)

   JacksonHttpMessageConvertersConfiguration.MappingJackson2HttpMessageConverterConfiguration#mappingJackson2HttpMessageConverter matched:
      - @ConditionalOnMissingBean (types: org.springframework.http.converter.json.MappingJackson2HttpMessageConverter ignored: org.springframework.hateoas.server.mvc.TypeConstrainedMappingJackson2HttpMessageConverter,org.springframework.data.rest.webmvc.alps.AlpsJsonHttpMessageConverter; SearchStrategy: all) did not find any beans (OnBeanCondition)

   JdbcTemplateAutoConfiguration matched:
      - @ConditionalOnClass found required classes 'javax.sql.DataSource', 'org.springframework.jdbc.core.JdbcTemplate' (OnClassCondition)
      - @ConditionalOnSingleCandidate (types: javax.sql.DataSource; SearchStrategy: all) found a primary bean from beans 'dataSource' (OnBeanCondition)

   JdbcTemplateConfiguration matched:
      - @ConditionalOnMissingBean (types: org.springframework.jdbc.core.JdbcOperations; SearchStrategy: all) did not find any beans (OnBeanCondition)

   JpaBaseConfiguration#entityManagerFactory matched:
      - @ConditionalOnMissingBean (types: org.springframework.orm.jpa.LocalContainerEntityManagerFactoryBean,javax.persistence.EntityManagerFactory; SearchStrategy: all) did not find any beans (OnBeanCondition)

   JpaBaseConfiguration#entityManagerFactoryBuilder matched:
      - @ConditionalOnMissingBean (types: org.springframework.boot.orm.jpa.EntityManagerFactoryBuilder; SearchStrategy: all) did not find any beans (OnBeanCondition)

   JpaBaseConfiguration#jpaVendorAdapter matched:
      - @ConditionalOnMissingBean (types: org.springframework.orm.jpa.JpaVendorAdapter; SearchStrategy: all) did not find any beans (OnBeanCondition)

   JpaBaseConfiguration#transactionManager matched:
      - @ConditionalOnMissingBean (types: org.springframework.transaction.TransactionManager; SearchStrategy: all) did not find any beans (OnBeanCondition)

   JpaBaseConfiguration.JpaWebConfiguration matched:
      - @ConditionalOnClass found required class 'org.springframework.web.servlet.config.annotation.WebMvcConfigurer' (OnClassCondition)
      - found 'session' scope (OnWebApplicationCondition)
      - @ConditionalOnProperty (spring.jpa.open-in-view=true) matched (OnPropertyCondition)
      - @ConditionalOnMissingBean (types: org.springframework.orm.jpa.support.OpenEntityManagerInViewInterceptor,org.springframework.orm.jpa.support.OpenEntityManagerInViewFilter; SearchStrategy: all) did not find any beans (OnBeanCondition)

   JpaRepositoriesAutoConfiguration matched:
      - @ConditionalOnClass found required class 'org.springframework.data.jpa.repository.JpaRepository' (OnClassCondition)
      - @ConditionalOnProperty (spring.data.jpa.repositories.enabled=true) matched (OnPropertyCondition)
      - @ConditionalOnBean (types: javax.sql.DataSource; SearchStrategy: all) found bean 'dataSource'; @ConditionalOnMissingBean (types: org.springframework.data.jpa.repository.support.JpaRepositoryFactoryBean,org.springframework.data.jpa.repository.config.JpaRepositoryConfigExtension; SearchStrategy: all) did not find any beans (OnBeanCondition)

   JtaAutoConfiguration matched:
      - @ConditionalOnClass found required class 'javax.transaction.Transaction' (OnClassCondition)
      - @ConditionalOnProperty (spring.jta.enabled) matched (OnPropertyCondition)

   JvmMetricsAutoConfiguration matched:
      - @ConditionalOnClass found required class 'io.micrometer.core.instrument.MeterRegistry' (OnClassCondition)
      - @ConditionalOnBean (types: io.micrometer.core.instrument.MeterRegistry; SearchStrategy: all) found bean 'simpleMeterRegistry' (OnBeanCondition)

   JvmMetricsAutoConfiguration#classLoaderMetrics matched:
      - @ConditionalOnMissingBean (types: io.micrometer.core.instrument.binder.jvm.ClassLoaderMetrics; SearchStrategy: all) did not find any beans (OnBeanCondition)

   JvmMetricsAutoConfiguration#jvmGcMetrics matched:
      - @ConditionalOnMissingBean (types: io.micrometer.core.instrument.binder.jvm.JvmGcMetrics; SearchStrategy: all) did not find any beans (OnBeanCondition)

   JvmMetricsAutoConfiguration#jvmMemoryMetrics matched:
      - @ConditionalOnMissingBean (types: io.micrometer.core.instrument.binder.jvm.JvmMemoryMetrics; SearchStrategy: all) did not find any beans (OnBeanCondition)

   JvmMetricsAutoConfiguration#jvmThreadMetrics matched:
      - @ConditionalOnMissingBean (types: io.micrometer.core.instrument.binder.jvm.JvmThreadMetrics; SearchStrategy: all) did not find any beans (OnBeanCondition)

   LifecycleAutoConfiguration#defaultLifecycleProcessor matched:
      - @ConditionalOnMissingBean (names: lifecycleProcessor; SearchStrategy: current) did not find any beans (OnBeanCondition)

   LogFileWebEndpointAutoConfiguration matched:
      - @ConditionalOnAvailableEndpoint no property management.endpoint.logfile.enabled found so using endpoint default; @ConditionalOnAvailableEndpoint marked as exposed by a 'management.endpoints.web.exposure' property (OnAvailableEndpointCondition)

   LogbackMetricsAutoConfiguration matched:
      - @ConditionalOnClass found required classes 'io.micrometer.core.instrument.MeterRegistry', 'ch.qos.logback.classic.LoggerContext', 'org.slf4j.LoggerFactory' (OnClassCondition)
      - LogbackLoggingCondition ILoggerFactory is a Logback LoggerContext (LogbackMetricsAutoConfiguration.LogbackLoggingCondition)
      - @ConditionalOnBean (types: io.micrometer.core.instrument.MeterRegistry; SearchStrategy: all) found bean 'simpleMeterRegistry' (OnBeanCondition)

   LogbackMetricsAutoConfiguration#logbackMetrics matched:
      - @ConditionalOnMissingBean (types: io.micrometer.core.instrument.binder.logging.LogbackMetrics; SearchStrategy: all) did not find any beans (OnBeanCondition)

   LoggersEndpointAutoConfiguration matched:
      - @ConditionalOnAvailableEndpoint no property management.endpoint.loggers.enabled found so using endpoint default; @ConditionalOnAvailableEndpoint marked as exposed by a 'management.endpoints.web.exposure' property (OnAvailableEndpointCondition)

   LoggersEndpointAutoConfiguration#loggersEndpoint matched:
      - Logging System enabled (LoggersEndpointAutoConfiguration.OnEnabledLoggingSystemCondition)
      - @ConditionalOnBean (types: org.springframework.boot.logging.LoggingSystem; SearchStrategy: all) found bean 'springBootLoggingSystem'; @ConditionalOnMissingBean (types: org.springframework.boot.actuate.logging.LoggersEndpoint; SearchStrategy: all) did not find any beans (OnBeanCondition)

   ManagementContextAutoConfiguration.SameManagementContextConfiguration matched:
      - Management Port actual port type (SAME) matched required type (OnManagementPortCondition)

   MappingsEndpointAutoConfiguration matched:
      - @ConditionalOnAvailableEndpoint no property management.endpoint.mappings.enabled found so using endpoint default; @ConditionalOnAvailableEndpoint marked as exposed by a 'management.endpoints.web.exposure' property (OnAvailableEndpointCondition)

   MappingsEndpointAutoConfiguration.ServletWebConfiguration matched:
      - found 'session' scope (OnWebApplicationCondition)

   MappingsEndpointAutoConfiguration.ServletWebConfiguration.SpringMvcConfiguration matched:
      - @ConditionalOnClass found required class 'org.springframework.web.servlet.DispatcherServlet' (OnClassCondition)
      - @ConditionalOnBean (types: org.springframework.web.servlet.DispatcherServlet; SearchStrategy: all) found bean 'dispatcherServlet' (OnBeanCondition)

   MetricsAutoConfiguration matched:
      - @ConditionalOnClass found required class 'io.micrometer.core.annotation.Timed' (OnClassCondition)

   MetricsAutoConfiguration#micrometerClock matched:
      - @ConditionalOnMissingBean (types: io.micrometer.core.instrument.Clock; SearchStrategy: all) did not find any beans (OnBeanCondition)

   MetricsEndpointAutoConfiguration matched:
      - @ConditionalOnClass found required class 'io.micrometer.core.annotation.Timed' (OnClassCondition)
      - @ConditionalOnAvailableEndpoint no property management.endpoint.metrics.enabled found so using endpoint default; @ConditionalOnAvailableEndpoint marked as exposed by a 'management.endpoints.web.exposure' property (OnAvailableEndpointCondition)

   MetricsEndpointAutoConfiguration#metricsEndpoint matched:
      - @ConditionalOnBean (types: io.micrometer.core.instrument.MeterRegistry; SearchStrategy: all) found bean 'simpleMeterRegistry'; @ConditionalOnMissingBean (types: org.springframework.boot.actuate.metrics.MetricsEndpoint; SearchStrategy: all) did not find any beans (OnBeanCondition)

   MultipartAutoConfiguration matched:
      - @ConditionalOnClass found required classes 'javax.servlet.Servlet', 'org.springframework.web.multipart.support.StandardServletMultipartResolver', 'javax.servlet.MultipartConfigElement' (OnClassCondition)
      - found 'session' scope (OnWebApplicationCondition)
      - @ConditionalOnProperty (spring.servlet.multipart.enabled) matched (OnPropertyCondition)

   MultipartAutoConfiguration#multipartConfigElement matched:
      - @ConditionalOnMissingBean (types: javax.servlet.MultipartConfigElement,org.springframework.web.multipart.commons.CommonsMultipartResolver; SearchStrategy: all) did not find any beans (OnBeanCondition)

   MultipartAutoConfiguration#multipartResolver matched:
      - @ConditionalOnMissingBean (types: org.springframework.web.multipart.MultipartResolver; SearchStrategy: all) did not find any beans (OnBeanCondition)

   NamedParameterJdbcTemplateConfiguration matched:
      - @ConditionalOnSingleCandidate (types: org.springframework.jdbc.core.JdbcTemplate; SearchStrategy: all) found a primary bean from beans 'jdbcTemplate'; @ConditionalOnMissingBean (types: org.springframework.jdbc.core.namedparam.NamedParameterJdbcOperations; SearchStrategy: all) did not find any beans (OnBeanCondition)

   NoOpCacheConfiguration matched:
      - Cache org.springframework.boot.autoconfigure.cache.NoOpCacheConfiguration automatic cache type (CacheCondition)

   PersistenceExceptionTranslationAutoConfiguration matched:
      - @ConditionalOnClass found required class 'org.springframework.dao.annotation.PersistenceExceptionTranslationPostProcessor' (OnClassCondition)

   PersistenceExceptionTranslationAutoConfiguration#persistenceExceptionTranslationPostProcessor matched:
      - @ConditionalOnProperty (spring.dao.exceptiontranslation.enabled) matched (OnPropertyCondition)
      - @ConditionalOnMissingBean (types: org.springframework.dao.annotation.PersistenceExceptionTranslationPostProcessor; SearchStrategy: all) did not find any beans (OnBeanCondition)

   PropertyPlaceholderAutoConfiguration#propertySourcesPlaceholderConfigurer matched:
      - @ConditionalOnMissingBean (types: org.springframework.context.support.PropertySourcesPlaceholderConfigurer; SearchStrategy: current) did not find any beans (OnBeanCondition)

   RepositoryMetricsAutoConfiguration matched:
      - @ConditionalOnClass found required class 'org.springframework.data.repository.Repository' (OnClassCondition)
      - @ConditionalOnBean (types: io.micrometer.core.instrument.MeterRegistry; SearchStrategy: all) found bean 'simpleMeterRegistry' (OnBeanCondition)

   RepositoryMetricsAutoConfiguration#metricsRepositoryMethodInvocationListener matched:
      - @ConditionalOnMissingBean (types: org.springframework.boot.actuate.metrics.data.MetricsRepositoryMethodInvocationListener; SearchStrategy: all) did not find any beans (OnBeanCondition)

   RepositoryMetricsAutoConfiguration#repositoryTagsProvider matched:
      - @ConditionalOnMissingBean (types: org.springframework.boot.actuate.metrics.data.RepositoryTagsProvider; SearchStrategy: all) did not find any beans (OnBeanCondition)

   RestTemplateAutoConfiguration matched:
      - @ConditionalOnClass found required class 'org.springframework.web.client.RestTemplate' (OnClassCondition)
      - NoneNestedConditions 0 matched 1 did not; NestedCondition on RestTemplateAutoConfiguration.NotReactiveWebApplicationCondition.ReactiveWebApplication did not find reactive web application classes (RestTemplateAutoConfiguration.NotReactiveWebApplicationCondition)

   RestTemplateAutoConfiguration#restTemplateBuilder matched:
      - @ConditionalOnMissingBean (types: org.springframework.boot.web.client.RestTemplateBuilder; SearchStrategy: all) did not find any beans (OnBeanCondition)

   RestTemplateAutoConfiguration#restTemplateBuilderConfigurer matched:
      - @ConditionalOnMissingBean (types: org.springframework.boot.autoconfigure.web.client.RestTemplateBuilderConfigurer; SearchStrategy: all) did not find any beans (OnBeanCondition)

   RestTemplateMetricsConfiguration matched:
      - @ConditionalOnClass found required class 'org.springframework.web.client.RestTemplate' (OnClassCondition)
      - @ConditionalOnBean (types: org.springframework.boot.web.client.RestTemplateBuilder; SearchStrategy: all) found bean 'restTemplateBuilder' (OnBeanCondition)

   RestTemplateMetricsConfiguration#restTemplateExchangeTagsProvider matched:
      - @ConditionalOnMissingBean (types: org.springframework.boot.actuate.metrics.web.client.RestTemplateExchangeTagsProvider; SearchStrategy: all) did not find any beans (OnBeanCondition)

   ScheduledTasksEndpointAutoConfiguration matched:
      - @ConditionalOnAvailableEndpoint no property management.endpoint.scheduledtasks.enabled found so using endpoint default; @ConditionalOnAvailableEndpoint marked as exposed by a 'management.endpoints.web.exposure' property (OnAvailableEndpointCondition)

   ScheduledTasksEndpointAutoConfiguration#scheduledTasksEndpoint matched:
      - @ConditionalOnMissingBean (types: org.springframework.boot.actuate.scheduling.ScheduledTasksEndpoint; SearchStrategy: all) did not find any beans (OnBeanCondition)

   SecurityAutoConfiguration matched:
      - @ConditionalOnClass found required class 'org.springframework.security.authentication.DefaultAuthenticationEventPublisher' (OnClassCondition)

   SecurityAutoConfiguration#authenticationEventPublisher matched:
      - @ConditionalOnMissingBean (types: org.springframework.security.authentication.AuthenticationEventPublisher; SearchStrategy: all) did not find any beans (OnBeanCondition)

   SecurityFilterAutoConfiguration matched:
      - @ConditionalOnClass found required classes 'org.springframework.security.web.context.AbstractSecurityWebApplicationInitializer', 'org.springframework.security.config.http.SessionCreationPolicy' (OnClassCondition)
      - found 'session' scope (OnWebApplicationCondition)

   SecurityFilterAutoConfiguration#securityFilterChainRegistration matched:
      - @ConditionalOnBean (names: springSecurityFilterChain; SearchStrategy: all) found bean 'springSecurityFilterChain' (OnBeanCondition)

   SecurityRequestMatchersManagementContextConfiguration matched:
      - @ConditionalOnClass found required class 'org.springframework.security.web.util.matcher.RequestMatcher' (OnClassCondition)
      - found 'session' scope (OnWebApplicationCondition)

   SecurityRequestMatchersManagementContextConfiguration.MvcRequestMatcherConfiguration matched:
      - @ConditionalOnClass found required class 'org.springframework.web.servlet.DispatcherServlet' (OnClassCondition)
      - @ConditionalOnBean (types: org.springframework.boot.autoconfigure.web.servlet.DispatcherServletPath; SearchStrategy: all) found bean 'dispatcherServletRegistration' (OnBeanCondition)

   SecurityRequestMatchersManagementContextConfiguration.MvcRequestMatcherConfiguration#requestMatcherProvider matched:
      - @ConditionalOnClass found required class 'org.springframework.web.servlet.DispatcherServlet' (OnClassCondition)
      - @ConditionalOnMissingBean (types: org.springframework.boot.autoconfigure.security.servlet.RequestMatcherProvider; SearchStrategy: all) did not find any beans (OnBeanCondition)

   ServletEndpointManagementContextConfiguration matched:
      - found 'session' scope (OnWebApplicationCondition)

   ServletEndpointManagementContextConfiguration.WebMvcServletEndpointManagementContextConfiguration matched:
      - @ConditionalOnClass found required class 'org.springframework.web.servlet.DispatcherServlet' (OnClassCondition)

   ServletManagementContextAutoConfiguration matched:
      - @ConditionalOnClass found required class 'javax.servlet.Servlet' (OnClassCondition)
      - found 'session' scope (OnWebApplicationCondition)

   ServletWebServerFactoryAutoConfiguration matched:
      - @ConditionalOnClass found required class 'javax.servlet.ServletRequest' (OnClassCondition)
      - found 'session' scope (OnWebApplicationCondition)

   ServletWebServerFactoryAutoConfiguration#tomcatServletWebServerFactoryCustomizer matched:
      - @ConditionalOnClass found required class 'org.apache.catalina.startup.Tomcat' (OnClassCondition)

   ServletWebServerFactoryConfiguration.EmbeddedTomcat matched:
      - @ConditionalOnClass found required classes 'javax.servlet.Servlet', 'org.apache.catalina.startup.Tomcat', 'org.apache.coyote.UpgradeProtocol' (OnClassCondition)
      - @ConditionalOnMissingBean (types: org.springframework.boot.web.servlet.server.ServletWebServerFactory; SearchStrategy: current) did not find any beans (OnBeanCondition)

   ShutdownEndpointAutoConfiguration matched:
      - @ConditionalOnAvailableEndpoint found property management.endpoint.shutdown.enabled with value true; @ConditionalOnAvailableEndpoint marked as exposed by a 'management.endpoints.web.exposure' property (OnAvailableEndpointCondition)

   ShutdownEndpointAutoConfiguration#shutdownEndpoint matched:
      - @ConditionalOnMissingBean (types: org.springframework.boot.actuate.context.ShutdownEndpoint; SearchStrategy: all) did not find any beans (OnBeanCondition)

   SimpleCacheConfiguration matched:
      - Cache org.springframework.boot.autoconfigure.cache.SimpleCacheConfiguration automatic cache type (CacheCondition)

   SimpleMetricsExportAutoConfiguration matched:
      - @ConditionalOnEnabledMetricsExport management.metrics.export.defaults.enabled is considered true (OnMetricsExportEnabledCondition)
      - @ConditionalOnBean (types: io.micrometer.core.instrument.Clock; SearchStrategy: all) found bean 'micrometerClock'; @ConditionalOnMissingBean (types: io.micrometer.core.instrument.MeterRegistry; SearchStrategy: all) did not find any beans (OnBeanCondition)

   SimpleMetricsExportAutoConfiguration#simpleConfig matched:
      - @ConditionalOnMissingBean (types: io.micrometer.core.instrument.simple.SimpleConfig; SearchStrategy: all) did not find any beans (OnBeanCondition)

   SpringDataWebAutoConfiguration matched:
      - @ConditionalOnClass found required classes 'org.springframework.data.web.PageableHandlerMethodArgumentResolver', 'org.springframework.web.servlet.config.annotation.WebMvcConfigurer' (OnClassCondition)
      - found 'session' scope (OnWebApplicationCondition)
      - @ConditionalOnMissingBean (types: org.springframework.data.web.PageableHandlerMethodArgumentResolver; SearchStrategy: all) did not find any beans (OnBeanCondition)

   SpringDataWebAutoConfiguration#pageableCustomizer matched:
      - @ConditionalOnMissingBean (types: org.springframework.data.web.config.PageableHandlerMethodArgumentResolverCustomizer; SearchStrategy: all) did not find any beans (OnBeanCondition)

   SpringDataWebAutoConfiguration#sortCustomizer matched:
      - @ConditionalOnMissingBean (types: org.springframework.data.web.config.SortHandlerMethodArgumentResolverCustomizer; SearchStrategy: all) did not find any beans (OnBeanCondition)

   SqlInitializationAutoConfiguration matched:
      - @ConditionalOnProperty (spring.sql.init.enabled) matched (OnPropertyCondition)
      - NoneNestedConditions 0 matched 1 did not; NestedCondition on SqlInitializationAutoConfiguration.SqlInitializationModeCondition.ModeIsNever @ConditionalOnProperty (spring.sql.init.mode=never) did not find property 'mode' (SqlInitializationAutoConfiguration.SqlInitializationModeCondition)
      - @ConditionalOnMissingBean (types: org.springframework.boot.sql.init.AbstractScriptDatabaseInitializer; SearchStrategy: all) did not find any beans (OnBeanCondition)

   SystemMetricsAutoConfiguration matched:
      - @ConditionalOnClass found required class 'io.micrometer.core.instrument.MeterRegistry' (OnClassCondition)
      - @ConditionalOnBean (types: io.micrometer.core.instrument.MeterRegistry; SearchStrategy: all) found bean 'simpleMeterRegistry' (OnBeanCondition)

   SystemMetricsAutoConfiguration#fileDescriptorMetrics matched:
      - @ConditionalOnMissingBean (types: io.micrometer.core.instrument.binder.system.FileDescriptorMetrics; SearchStrategy: all) did not find any beans (OnBeanCondition)

   SystemMetricsAutoConfiguration#processorMetrics matched:
      - @ConditionalOnMissingBean (types: io.micrometer.core.instrument.binder.system.ProcessorMetrics; SearchStrategy: all) did not find any beans (OnBeanCondition)

   SystemMetricsAutoConfiguration#uptimeMetrics matched:
      - @ConditionalOnMissingBean (types: io.micrometer.core.instrument.binder.system.UptimeMetrics; SearchStrategy: all) did not find any beans (OnBeanCondition)

   TaskExecutionAutoConfiguration matched:
      - @ConditionalOnClass found required class 'org.springframework.scheduling.concurrent.ThreadPoolTaskExecutor' (OnClassCondition)

   TaskExecutionAutoConfiguration#applicationTaskExecutor matched:
      - @ConditionalOnMissingBean (types: java.util.concurrent.Executor; SearchStrategy: all) did not find any beans (OnBeanCondition)

   TaskExecutionAutoConfiguration#taskExecutorBuilder matched:
      - @ConditionalOnMissingBean (types: org.springframework.boot.task.TaskExecutorBuilder; SearchStrategy: all) did not find any beans (OnBeanCondition)

   TaskSchedulingAutoConfiguration matched:
      - @ConditionalOnClass found required class 'org.springframework.scheduling.concurrent.ThreadPoolTaskScheduler' (OnClassCondition)

   TaskSchedulingAutoConfiguration#taskSchedulerBuilder matched:
      - @ConditionalOnMissingBean (types: org.springframework.boot.task.TaskSchedulerBuilder; SearchStrategy: all) did not find any beans (OnBeanCondition)

   ThreadDumpEndpointAutoConfiguration matched:
      - @ConditionalOnAvailableEndpoint no property management.endpoint.threaddump.enabled found so using endpoint default; @ConditionalOnAvailableEndpoint marked as exposed by a 'management.endpoints.web.exposure' property (OnAvailableEndpointCondition)

   ThreadDumpEndpointAutoConfiguration#dumpEndpoint matched:
      - @ConditionalOnMissingBean (types: org.springframework.boot.actuate.management.ThreadDumpEndpoint; SearchStrategy: all) did not find any beans (OnBeanCondition)

   TomcatMetricsAutoConfiguration matched:
      - @ConditionalOnClass found required classes 'io.micrometer.core.instrument.binder.tomcat.TomcatMetrics', 'org.apache.catalina.Manager' (OnClassCondition)
      - @ConditionalOnWebApplication (required) found 'session' scope (OnWebApplicationCondition)

   TomcatMetricsAutoConfiguration#tomcatMetricsBinder matched:
      - @ConditionalOnBean (types: io.micrometer.core.instrument.MeterRegistry; SearchStrategy: all) found bean 'simpleMeterRegistry'; @ConditionalOnMissingBean (types: io.micrometer.core.instrument.binder.tomcat.TomcatMetrics,org.springframework.boot.actuate.metrics.web.tomcat.TomcatMetricsBinder; SearchStrategy: all) did not find any beans (OnBeanCondition)

   TransactionAutoConfiguration matched:
      - @ConditionalOnClass found required class 'org.springframework.transaction.PlatformTransactionManager' (OnClassCondition)

   TransactionAutoConfiguration#platformTransactionManagerCustomizers matched:
      - @ConditionalOnMissingBean (types: org.springframework.boot.autoconfigure.transaction.TransactionManagerCustomizers; SearchStrategy: all) did not find any beans (OnBeanCondition)

   TransactionAutoConfiguration.EnableTransactionManagementConfiguration matched:
      - @ConditionalOnBean (types: org.springframework.transaction.TransactionManager; SearchStrategy: all) found bean 'transactionManager'; @ConditionalOnMissingBean (types: org.springframework.transaction.annotation.AbstractTransactionManagementConfiguration; SearchStrategy: all) did not find any beans (OnBeanCondition)

   TransactionAutoConfiguration.EnableTransactionManagementConfiguration.CglibAutoProxyConfiguration matched:
      - @ConditionalOnProperty (spring.aop.proxy-target-class=true) matched (OnPropertyCondition)

   TransactionAutoConfiguration.TransactionTemplateConfiguration matched:
      - @ConditionalOnSingleCandidate (types: org.springframework.transaction.PlatformTransactionManager; SearchStrategy: all) found a primary bean from beans 'transactionManager' (OnBeanCondition)

   TransactionAutoConfiguration.TransactionTemplateConfiguration#transactionTemplate matched:
      - @ConditionalOnMissingBean (types: org.springframework.transaction.support.TransactionOperations; SearchStrategy: all) did not find any beans (OnBeanCondition)

   ValidationAutoConfiguration matched:
      - @ConditionalOnClass found required class 'javax.validation.executable.ExecutableValidator' (OnClassCondition)
      - @ConditionalOnResource found location classpath:META-INF/services/javax.validation.spi.ValidationProvider (OnResourceCondition)

   ValidationAutoConfiguration#defaultValidator matched:
      - @ConditionalOnMissingBean (types: javax.validation.Validator; SearchStrategy: all) did not find any beans (OnBeanCondition)

   ValidationAutoConfiguration#methodValidationPostProcessor matched:
      - @ConditionalOnMissingBean (types: org.springframework.validation.beanvalidation.MethodValidationPostProcessor; SearchStrategy: all) did not find any beans (OnBeanCondition)

   WebEndpointAutoConfiguration matched:
      - @ConditionalOnWebApplication (required) found 'session' scope (OnWebApplicationCondition)

   WebEndpointAutoConfiguration#controllerEndpointDiscoverer matched:
      - @ConditionalOnMissingBean (types: org.springframework.boot.actuate.endpoint.web.annotation.ControllerEndpointsSupplier; SearchStrategy: all) did not find any beans (OnBeanCondition)

   WebEndpointAutoConfiguration#endpointMediaTypes matched:
      - @ConditionalOnMissingBean (types: org.springframework.boot.actuate.endpoint.web.EndpointMediaTypes; SearchStrategy: all) did not find any beans (OnBeanCondition)

   WebEndpointAutoConfiguration#pathMappedEndpoints matched:
      - @ConditionalOnMissingBean (types: org.springframework.boot.actuate.endpoint.web.PathMappedEndpoints; SearchStrategy: all) did not find any beans (OnBeanCondition)

   WebEndpointAutoConfiguration#webEndpointDiscoverer matched:
      - @ConditionalOnMissingBean (types: org.springframework.boot.actuate.endpoint.web.WebEndpointsSupplier; SearchStrategy: all) did not find any beans (OnBeanCondition)

   WebEndpointAutoConfiguration.WebEndpointServletConfiguration matched:
      - found 'session' scope (OnWebApplicationCondition)

   WebEndpointAutoConfiguration.WebEndpointServletConfiguration#servletEndpointDiscoverer matched:
      - @ConditionalOnMissingBean (types: org.springframework.boot.actuate.endpoint.web.annotation.ServletEndpointsSupplier; SearchStrategy: all) did not find any beans (OnBeanCondition)

   WebMvcAutoConfiguration matched:
      - @ConditionalOnClass found required classes 'javax.servlet.Servlet', 'org.springframework.web.servlet.DispatcherServlet', 'org.springframework.web.servlet.config.annotation.WebMvcConfigurer' (OnClassCondition)
      - found 'session' scope (OnWebApplicationCondition)
      - @ConditionalOnMissingBean (types: org.springframework.web.servlet.config.annotation.WebMvcConfigurationSupport; SearchStrategy: all) did not find any beans (OnBeanCondition)

   WebMvcAutoConfiguration#formContentFilter matched:
      - @ConditionalOnProperty (spring.mvc.formcontent.filter.enabled) matched (OnPropertyCondition)
      - @ConditionalOnMissingBean (types: org.springframework.web.filter.FormContentFilter; SearchStrategy: all) did not find any beans (OnBeanCondition)

   WebMvcAutoConfiguration.EnableWebMvcConfiguration#flashMapManager matched:
      - @ConditionalOnMissingBean (names: flashMapManager; SearchStrategy: all) did not find any beans (OnBeanCondition)

   WebMvcAutoConfiguration.EnableWebMvcConfiguration#localeResolver matched:
      - @ConditionalOnMissingBean (names: localeResolver; SearchStrategy: all) did not find any beans (OnBeanCondition)

   WebMvcAutoConfiguration.EnableWebMvcConfiguration#themeResolver matched:
      - @ConditionalOnMissingBean (names: themeResolver; SearchStrategy: all) did not find any beans (OnBeanCondition)

   WebMvcAutoConfiguration.WebMvcAutoConfigurationAdapter#defaultViewResolver matched:
      - @ConditionalOnMissingBean (types: org.springframework.web.servlet.view.InternalResourceViewResolver; SearchStrategy: all) did not find any beans (OnBeanCondition)

   WebMvcAutoConfiguration.WebMvcAutoConfigurationAdapter#requestContextFilter matched:
      - @ConditionalOnMissingBean (types: org.springframework.web.context.request.RequestContextListener,org.springframework.web.filter.RequestContextFilter; SearchStrategy: all) did not find any beans (OnBeanCondition)

   WebMvcAutoConfiguration.WebMvcAutoConfigurationAdapter#viewResolver matched:
      - @ConditionalOnBean (types: org.springframework.web.servlet.ViewResolver; SearchStrategy: all) found beans 'defaultViewResolver', 'beanNameViewResolver', 'mvcViewResolver'; @ConditionalOnMissingBean (names: viewResolver types: org.springframework.web.servlet.view.ContentNegotiatingViewResolver; SearchStrategy: all) did not find any beans (OnBeanCondition)

   WebMvcEndpointManagementContextConfiguration matched:
      - @ConditionalOnClass found required class 'org.springframework.web.servlet.DispatcherServlet' (OnClassCondition)
      - found 'session' scope (OnWebApplicationCondition)
      - @ConditionalOnBean (types: org.springframework.web.servlet.DispatcherServlet,org.springframework.boot.actuate.endpoint.web.WebEndpointsSupplier; SearchStrategy: all) found beans 'webEndpointDiscoverer', 'dispatcherServlet' (OnBeanCondition)

   WebMvcEndpointManagementContextConfiguration#controllerEndpointHandlerMapping matched:
      - @ConditionalOnMissingBean (types: org.springframework.boot.actuate.endpoint.web.servlet.ControllerEndpointHandlerMapping; SearchStrategy: all) did not find any beans (OnBeanCondition)

   WebMvcEndpointManagementContextConfiguration#webEndpointServletHandlerMapping matched:
      - @ConditionalOnMissingBean (types: org.springframework.boot.actuate.endpoint.web.servlet.WebMvcEndpointHandlerMapping; SearchStrategy: all) did not find any beans (OnBeanCondition)

   WebMvcMetricsAutoConfiguration matched:
      - @ConditionalOnClass found required class 'org.springframework.web.servlet.DispatcherServlet' (OnClassCondition)
      - found 'session' scope (OnWebApplicationCondition)
      - @ConditionalOnBean (types: io.micrometer.core.instrument.MeterRegistry; SearchStrategy: all) found bean 'simpleMeterRegistry' (OnBeanCondition)

   WebMvcMetricsAutoConfiguration#webMvcTagsProvider matched:
      - @ConditionalOnMissingBean (types: org.springframework.boot.actuate.metrics.web.servlet.WebMvcTagsProvider; SearchStrategy: all) did not find any beans (OnBeanCondition)

   WebSocketServletAutoConfiguration matched:
      - @ConditionalOnClass found required classes 'javax.servlet.Servlet', 'javax.websocket.server.ServerContainer' (OnClassCondition)
      - found 'session' scope (OnWebApplicationCondition)

   WebSocketServletAutoConfiguration.TomcatWebSocketConfiguration matched:
      - @ConditionalOnClass found required classes 'org.apache.catalina.startup.Tomcat', 'org.apache.tomcat.websocket.server.WsSci' (OnClassCondition)

   WebSocketServletAutoConfiguration.TomcatWebSocketConfiguration#websocketServletWebServerCustomizer matched:
      - @ConditionalOnMissingBean (names: websocketServletWebServerCustomizer; SearchStrategy: all) did not find any beans (OnBeanCondition)


Negative matches:
-----------------

   ActiveMQAutoConfiguration:
      Did not match:
         - @ConditionalOnClass did not find required class 'javax.jms.ConnectionFactory' (OnClassCondition)

   AopAutoConfiguration.AspectJAutoProxyingConfiguration.JdkDynamicAutoProxyConfiguration:
      Did not match:
         - @ConditionalOnProperty (spring.aop.proxy-target-class=false) did not find property 'proxy-target-class' (OnPropertyCondition)

   AopAutoConfiguration.ClassProxyingConfiguration:
      Did not match:
         - @ConditionalOnMissingClass found unwanted class 'org.aspectj.weaver.Advice' (OnClassCondition)

   AppOpticsMetricsExportAutoConfiguration:
      Did not match:
         - @ConditionalOnClass did not find required class 'io.micrometer.appoptics.AppOpticsMeterRegistry' (OnClassCondition)

   ArtemisAutoConfiguration:
      Did not match:
         - @ConditionalOnClass did not find required class 'javax.jms.ConnectionFactory' (OnClassCondition)

   AtlasMetricsExportAutoConfiguration:
      Did not match:
         - @ConditionalOnClass did not find required class 'io.micrometer.atlas.AtlasMeterRegistry' (OnClassCondition)

   AtomikosJtaConfiguration:
      Did not match:
         - @ConditionalOnClass did not find required class 'com.atomikos.icatch.jta.UserTransactionManager' (OnClassCondition)

   AuditAutoConfiguration:
      Did not match:
         - @ConditionalOnBean (types: org.springframework.boot.actuate.audit.AuditEventRepository; SearchStrategy: all) did not find any beans of type org.springframework.boot.actuate.audit.AuditEventRepository (OnBeanCondition)
      Matched:
         - @ConditionalOnProperty (management.auditevents.enabled) matched (OnPropertyCondition)

   AuditEventsEndpointAutoConfiguration#auditEventsEndpoint:
      Did not match:
         - @ConditionalOnBean (types: org.springframework.boot.actuate.audit.AuditEventRepository; SearchStrategy: all) did not find any beans of type org.springframework.boot.actuate.audit.AuditEventRepository (OnBeanCondition)

   AvailabilityHealthContributorAutoConfiguration#livenessStateHealthIndicator:
      Did not match:
         - @ConditionalOnProperty (management.health.livenessstate.enabled=true) did not find property 'enabled' (OnPropertyCondition)

   AvailabilityHealthContributorAutoConfiguration#readinessStateHealthIndicator:
      Did not match:
         - @ConditionalOnProperty (management.health.readinessstate.enabled=true) did not find property 'enabled' (OnPropertyCondition)

   AvailabilityProbesAutoConfiguration:
      Did not match:
         - Probes availability not running on a supported cloud platform (AvailabilityProbesAutoConfiguration.ProbesCondition)

   BatchAutoConfiguration:
      Did not match:
         - @ConditionalOnClass did not find required class 'org.springframework.batch.core.launch.JobLauncher' (OnClassCondition)

   CacheAutoConfiguration:
      Did not match:
         - @ConditionalOnBean (types: org.springframework.cache.interceptor.CacheAspectSupport; SearchStrategy: all) did not find any beans of type org.springframework.cache.interceptor.CacheAspectSupport (OnBeanCondition)
      Matched:
         - @ConditionalOnClass found required class 'org.springframework.cache.CacheManager' (OnClassCondition)

   CacheAutoConfiguration.CacheManagerEntityManagerFactoryDependsOnPostProcessor:
      Did not match:
         - Ancestor org.springframework.boot.autoconfigure.cache.CacheAutoConfiguration did not match (ConditionEvaluationReport.AncestorsMatchedCondition)
      Matched:
         - @ConditionalOnClass found required class 'org.springframework.orm.jpa.LocalContainerEntityManagerFactoryBean' (OnClassCondition)

   CacheMeterBinderProvidersConfiguration.CaffeineCacheMeterBinderProviderConfiguration:
      Did not match:
         - @ConditionalOnClass did not find required classes 'org.springframework.cache.caffeine.CaffeineCache', 'com.github.benmanes.caffeine.cache.Cache' (OnClassCondition)

   CacheMeterBinderProvidersConfiguration.EhCache2CacheMeterBinderProviderConfiguration:
      Did not match:
         - @ConditionalOnClass did not find required classes 'org.springframework.cache.ehcache.EhCacheCache', 'net.sf.ehcache.Ehcache' (OnClassCondition)

   CacheMeterBinderProvidersConfiguration.HazelcastCacheMeterBinderProviderConfiguration:
      Did not match:
         - @ConditionalOnClass did not find required classes 'com.hazelcast.spring.cache.HazelcastCache', 'com.hazelcast.core.Hazelcast' (OnClassCondition)

   CacheMeterBinderProvidersConfiguration.JCacheCacheMeterBinderProviderConfiguration:
      Did not match:
         - @ConditionalOnClass did not find required classes 'org.springframework.cache.jcache.JCacheCache', 'javax.cache.CacheManager' (OnClassCondition)

   CacheMeterBinderProvidersConfiguration.RedisCacheMeterBinderProviderConfiguration:
      Did not match:
         - @ConditionalOnClass did not find required class 'org.springframework.data.redis.cache.RedisCache' (OnClassCondition)

   CacheMetricsAutoConfiguration:
      Did not match:
         - @ConditionalOnBean (types: org.springframework.cache.CacheManager; SearchStrategy: all) did not find any beans of type org.springframework.cache.CacheManager (OnBeanCondition)

   CaffeineCacheConfiguration:
      Did not match:
         - @ConditionalOnClass did not find required class 'com.github.benmanes.caffeine.cache.Caffeine' (OnClassCondition)

   CassandraAutoConfiguration:
      Did not match:
         - @ConditionalOnClass did not find required class 'com.datastax.oss.driver.api.core.CqlSession' (OnClassCondition)

   CassandraDataAutoConfiguration:
      Did not match:
         - @ConditionalOnClass did not find required class 'com.datastax.oss.driver.api.core.CqlSession' (OnClassCondition)

   CassandraHealthContributorAutoConfiguration:
      Did not match:
         - @ConditionalOnClass did not find required class 'com.datastax.oss.driver.api.core.CqlSession' (OnClassCondition)

   CassandraReactiveDataAutoConfiguration:
      Did not match:
         - @ConditionalOnClass did not find required class 'com.datastax.oss.driver.api.core.CqlSession' (OnClassCondition)

   CassandraReactiveHealthContributorAutoConfiguration:
      Did not match:
         - @ConditionalOnClass did not find required class 'com.datastax.oss.driver.api.core.CqlSession' (OnClassCondition)

   CassandraReactiveRepositoriesAutoConfiguration:
      Did not match:
         - @ConditionalOnClass did not find required class 'org.springframework.data.cassandra.ReactiveSession' (OnClassCondition)

   CassandraRepositoriesAutoConfiguration:
      Did not match:
         - @ConditionalOnClass did not find required class 'com.datastax.oss.driver.api.core.CqlSession' (OnClassCondition)

   ClientHttpConnectorAutoConfiguration:
      Did not match:
         - @ConditionalOnClass did not find required class 'org.springframework.web.reactive.function.client.WebClient' (OnClassCondition)

   CloudFoundryActuatorAutoConfiguration:
      Did not match:
         - @ConditionalOnCloudPlatform did not find CLOUD_FOUNDRY (OnCloudPlatformCondition)
      Matched:
         - @ConditionalOnClass found required class 'org.springframework.web.servlet.DispatcherServlet' (OnClassCondition)
         - found 'session' scope (OnWebApplicationCondition)
         - @ConditionalOnProperty (management.cloudfoundry.enabled) matched (OnPropertyCondition)

   CodecsAutoConfiguration:
      Did not match:
         - @ConditionalOnClass did not find required class 'org.springframework.web.reactive.function.client.WebClient' (OnClassCondition)

   CompositeMeterRegistryConfiguration:
      Did not match:
         - NoneNestedConditions 1 matched 1 did not; NestedCondition on CompositeMeterRegistryConfiguration.MultipleNonPrimaryMeterRegistriesCondition.SingleInjectableMeterRegistry @ConditionalOnSingleCandidate (types: io.micrometer.core.instrument.MeterRegistry; SearchStrategy: all) found a primary bean from beans 'simpleMeterRegistry'; NestedCondition on CompositeMeterRegistryConfiguration.MultipleNonPrimaryMeterRegistriesCondition.NoMeterRegistryCondition @ConditionalOnMissingBean (types: io.micrometer.core.instrument.MeterRegistry; SearchStrategy: all) found beans of type 'io.micrometer.core.instrument.MeterRegistry' simpleMeterRegistry (CompositeMeterRegistryConfiguration.MultipleNonPrimaryMeterRegistriesCondition)

   ConnectionFactoryHealthContributorAutoConfiguration:
      Did not match:
         - @ConditionalOnClass did not find required class 'io.r2dbc.spi.ConnectionFactory' (OnClassCondition)

   ConnectionPoolMetricsAutoConfiguration:
      Did not match:
         - @ConditionalOnClass did not find required class 'io.r2dbc.pool.ConnectionPool' (OnClassCondition)

   CouchbaseAutoConfiguration:
      Did not match:
         - @ConditionalOnClass did not find required class 'com.couchbase.client.java.Cluster' (OnClassCondition)

   CouchbaseCacheConfiguration:
      Did not match:
         - @ConditionalOnClass did not find required class 'com.couchbase.client.java.Cluster' (OnClassCondition)

   CouchbaseDataAutoConfiguration:
      Did not match:
         - @ConditionalOnClass did not find required class 'com.couchbase.client.java.Bucket' (OnClassCondition)

   CouchbaseHealthContributorAutoConfiguration:
      Did not match:
         - @ConditionalOnClass did not find required class 'com.couchbase.client.java.Cluster' (OnClassCondition)

   CouchbaseReactiveDataAutoConfiguration:
      Did not match:
         - @ConditionalOnClass did not find required class 'com.couchbase.client.java.Cluster' (OnClassCondition)

   CouchbaseReactiveHealthContributorAutoConfiguration:
      Did not match:
         - @ConditionalOnClass did not find required class 'com.couchbase.client.java.Cluster' (OnClassCondition)

   CouchbaseReactiveRepositoriesAutoConfiguration:
      Did not match:
         - @ConditionalOnClass did not find required class 'com.couchbase.client.java.Cluster' (OnClassCondition)

   CouchbaseRepositoriesAutoConfiguration:
      Did not match:
         - @ConditionalOnClass did not find required class 'com.couchbase.client.java.Bucket' (OnClassCondition)

   DataSourceAutoConfiguration.EmbeddedDatabaseConfiguration:
      Did not match:
         - EmbeddedDataSource spring.datasource.url is set (DataSourceAutoConfiguration.EmbeddedDatabaseCondition)

   DataSourceConfiguration.Dbcp2:
      Did not match:
         - @ConditionalOnClass did not find required class 'org.apache.commons.dbcp2.BasicDataSource' (OnClassCondition)

   DataSourceConfiguration.Generic:
      Did not match:
         - @ConditionalOnProperty (spring.datasource.type) did not find property 'spring.datasource.type' (OnPropertyCondition)

   DataSourceConfiguration.OracleUcp:
      Did not match:
         - @ConditionalOnClass did not find required classes 'oracle.ucp.jdbc.PoolDataSourceImpl', 'oracle.jdbc.OracleConnection' (OnClassCondition)

   DataSourceConfiguration.Tomcat:
      Did not match:
         - @ConditionalOnClass did not find required class 'org.apache.tomcat.jdbc.pool.DataSource' (OnClassCondition)

   DataSourceInitializationConfiguration.InitializationSpecificCredentialsDataSourceInitializationConfiguration:
      Did not match:
         - AnyNestedCondition 0 matched 2 did not; NestedCondition on DataSourceInitializationConfiguration.InitializationSpecificCredentialsDataSourceInitializationConfiguration.DifferentCredentialsCondition.DataCredentials @ConditionalOnProperty (spring.datasource.data-username) did not find property 'data-username'; NestedCondition on DataSourceInitializationConfiguration.InitializationSpecificCredentialsDataSourceInitializationConfiguration.DifferentCredentialsCondition.SchemaCredentials @ConditionalOnProperty (spring.datasource.schema-username) did not find property 'schema-username' (DataSourceInitializationConfiguration.InitializationSpecificCredentialsDataSourceInitializationConfiguration.DifferentCredentialsCondition)

   DataSourceInitializationConfiguration.SharedCredentialsDataSourceInitializationConfiguration:
      Did not match:
         - DataSource Initialization did not find configured properties spring.datasource.data-username, spring.datasource.schema-password, spring.datasource.schema[0], spring.datasource.data[0], spring.datasource.data, spring.datasource.schema-username, spring.datasource.data-password, spring.datasource.initialization-mode, spring.datasource.schema, spring.datasource.sql-script-encoding, spring.datasource.separator, spring.datasource.platform, spring.datasource.continue-on-error (DataSourceInitializationConfiguration.SharedCredentialsDataSourceInitializationConfiguration.DataSourceInitializationCondition)

   DataSourceJmxConfiguration.TomcatDataSourceJmxConfiguration:
      Did not match:
         - @ConditionalOnClass did not find required class 'org.apache.tomcat.jdbc.pool.DataSourceProxy' (OnClassCondition)

   DataSourcePoolMetadataProvidersConfiguration.CommonsDbcp2PoolDataSourceMetadataProviderConfiguration:
      Did not match:
         - @ConditionalOnClass did not find required class 'org.apache.commons.dbcp2.BasicDataSource' (OnClassCondition)

   DataSourcePoolMetadataProvidersConfiguration.OracleUcpPoolDataSourceMetadataProviderConfiguration:
      Did not match:
         - @ConditionalOnClass did not find required classes 'oracle.ucp.jdbc.PoolDataSource', 'oracle.jdbc.OracleConnection' (OnClassCondition)

   DataSourcePoolMetadataProvidersConfiguration.TomcatDataSourcePoolMetadataProviderConfiguration:
      Did not match:
         - @ConditionalOnClass did not find required class 'org.apache.tomcat.jdbc.pool.DataSource' (OnClassCondition)

   DataSourceTransactionManagerAutoConfiguration.JdbcTransactionManagerConfiguration#transactionManager:
      Did not match:
         - @ConditionalOnMissingBean (types: org.springframework.transaction.TransactionManager; SearchStrategy: all) found beans of type 'org.springframework.transaction.TransactionManager' transactionManager (OnBeanCondition)

   DatadogMetricsExportAutoConfiguration:
      Did not match:
         - @ConditionalOnClass did not find required class 'io.micrometer.datadog.DatadogMeterRegistry' (OnClassCondition)

   DispatcherServletAutoConfiguration.DispatcherServletConfiguration#multipartResolver:
      Did not match:
         - @ConditionalOnBean (types: org.springframework.web.multipart.MultipartResolver; SearchStrategy: all) did not find any beans of type org.springframework.web.multipart.MultipartResolver (OnBeanCondition)

   DynatraceMetricsExportAutoConfiguration:
      Did not match:
         - @ConditionalOnClass did not find required class 'io.micrometer.dynatrace.DynatraceMeterRegistry' (OnClassCondition)

   EhCacheCacheConfiguration:
      Did not match:
         - @ConditionalOnClass did not find required class 'net.sf.ehcache.Cache' (OnClassCondition)

   ElasticMetricsExportAutoConfiguration:
      Did not match:
         - @ConditionalOnClass did not find required class 'io.micrometer.elastic.ElasticMeterRegistry' (OnClassCondition)

   ElasticSearchReactiveHealthContributorAutoConfiguration:
      Did not match:
         - @ConditionalOnClass did not find required class 'reactor.core.publisher.Flux' (OnClassCondition)

   ElasticSearchRestHealthContributorAutoConfiguration:
      Did not match:
         - @ConditionalOnClass did not find required class 'org.elasticsearch.client.RestHighLevelClient' (OnClassCondition)

   ElasticsearchDataAutoConfiguration:
      Did not match:
         - @ConditionalOnClass did not find required class 'org.springframework.data.elasticsearch.core.ElasticsearchRestTemplate' (OnClassCondition)

   ElasticsearchRepositoriesAutoConfiguration:
      Did not match:
         - @ConditionalOnClass did not find required class 'org.elasticsearch.client.Client' (OnClassCondition)

   ElasticsearchRestClientAutoConfiguration:
      Did not match:
         - @ConditionalOnClass did not find required class 'org.elasticsearch.client.RestHighLevelClient' (OnClassCondition)

   EmbeddedLdapAutoConfiguration:
      Did not match:
         - @ConditionalOnClass did not find required class 'com.unboundid.ldap.listener.InMemoryDirectoryServer' (OnClassCondition)

   EmbeddedMongoAutoConfiguration:
      Did not match:
         - @ConditionalOnClass did not find required class 'com.mongodb.MongoClientSettings' (OnClassCondition)

   EmbeddedWebServerFactoryCustomizerAutoConfiguration.JettyWebServerFactoryCustomizerConfiguration:
      Did not match:
         - @ConditionalOnClass did not find required classes 'org.eclipse.jetty.server.Server', 'org.eclipse.jetty.util.Loader', 'org.eclipse.jetty.webapp.WebAppContext' (OnClassCondition)

   EmbeddedWebServerFactoryCustomizerAutoConfiguration.NettyWebServerFactoryCustomizerConfiguration:
      Did not match:
         - @ConditionalOnClass did not find required class 'reactor.netty.http.server.HttpServer' (OnClassCondition)

   EmbeddedWebServerFactoryCustomizerAutoConfiguration.UndertowWebServerFactoryCustomizerConfiguration:
      Did not match:
         - @ConditionalOnClass did not find required classes 'io.undertow.Undertow', 'org.xnio.SslClientAuthMode' (OnClassCondition)

   ErrorWebFluxAutoConfiguration:
      Did not match:
         - @ConditionalOnClass did not find required class 'org.springframework.web.reactive.config.WebFluxConfigurer' (OnClassCondition)

   FlywayAutoConfiguration:
      Did not match:
         - @ConditionalOnClass did not find required class 'org.flywaydb.core.Flyway' (OnClassCondition)

   FlywayEndpointAutoConfiguration:
      Did not match:
         - @ConditionalOnClass did not find required class 'org.flywaydb.core.Flyway' (OnClassCondition)

   FreeMarkerAutoConfiguration:
      Did not match:
         - @ConditionalOnClass did not find required class 'freemarker.template.Configuration' (OnClassCondition)

   GangliaMetricsExportAutoConfiguration:
      Did not match:
         - @ConditionalOnClass did not find required class 'io.micrometer.ganglia.GangliaMeterRegistry' (OnClassCondition)

   GraphiteMetricsExportAutoConfiguration:
      Did not match:
         - @ConditionalOnClass did not find required class 'io.micrometer.graphite.GraphiteMeterRegistry' (OnClassCondition)

   GroovyTemplateAutoConfiguration:
      Did not match:
         - @ConditionalOnClass did not find required class 'groovy.text.markup.MarkupTemplateEngine' (OnClassCondition)

   GsonHttpMessageConvertersConfiguration.GsonHttpMessageConverterConfiguration:
      Did not match:
         - AnyNestedCondition 0 matched 2 did not; NestedCondition on GsonHttpMessageConvertersConfiguration.PreferGsonOrJacksonAndJsonbUnavailableCondition.JacksonJsonbUnavailable NoneNestedConditions 1 matched 1 did not; NestedCondition on GsonHttpMessageConvertersConfiguration.JacksonAndJsonbUnavailableCondition.JsonbPreferred @ConditionalOnProperty (spring.mvc.converters.preferred-json-mapper=jsonb) did not find property 'spring.mvc.converters.preferred-json-mapper'; NestedCondition on GsonHttpMessageConvertersConfiguration.JacksonAndJsonbUnavailableCondition.JacksonAvailable @ConditionalOnBean (types: org.springframework.http.converter.json.MappingJackson2HttpMessageConverter; SearchStrategy: all) found bean 'mappingJackson2HttpMessageConverter'; NestedCondition on GsonHttpMessageConvertersConfiguration.PreferGsonOrJacksonAndJsonbUnavailableCondition.GsonPreferred @ConditionalOnProperty (spring.mvc.converters.preferred-json-mapper=gson) did not find property 'spring.mvc.converters.preferred-json-mapper' (GsonHttpMessageConvertersConfiguration.PreferGsonOrJacksonAndJsonbUnavailableCondition)

   HazelcastAutoConfiguration:
      Did not match:
         - @ConditionalOnClass did not find required class 'com.hazelcast.core.HazelcastInstance' (OnClassCondition)

   HazelcastCacheConfiguration:
      Did not match:
         - @ConditionalOnClass did not find required class 'com.hazelcast.core.HazelcastInstance' (OnClassCondition)

   HazelcastHealthContributorAutoConfiguration:
      Did not match:
         - @ConditionalOnClass did not find required class 'com.hazelcast.core.HazelcastInstance' (OnClassCondition)

   HazelcastJpaDependencyAutoConfiguration:
      Did not match:
         - @ConditionalOnClass did not find required class 'com.hazelcast.core.HazelcastInstance' (OnClassCondition)

   HealthEndpointReactiveWebExtensionConfiguration:
      Did not match:
         - did not find reactive web application classes (OnWebApplicationCondition)

   HibernateMetricsAutoConfiguration:
      Did not match:
         - @ConditionalOnClass did not find required class 'org.hibernate.stat.HibernateMetrics' (OnClassCondition)

   HttpHandlerAutoConfiguration:
      Did not match:
         - @ConditionalOnClass did not find required class 'org.springframework.web.reactive.DispatcherHandler' (OnClassCondition)

   HttpTraceAutoConfiguration:
      Did not match:
         - @ConditionalOnBean (types: org.springframework.boot.actuate.trace.http.HttpTraceRepository; SearchStrategy: all) did not find any beans of type org.springframework.boot.actuate.trace.http.HttpTraceRepository (OnBeanCondition)
      Matched:
         - @ConditionalOnWebApplication (required) found 'session' scope (OnWebApplicationCondition)
         - @ConditionalOnProperty (management.trace.http.enabled) matched (OnPropertyCondition)

   HttpTraceAutoConfiguration.ReactiveTraceFilterConfiguration:
      Did not match:
         - did not find reactive web application classes (OnWebApplicationCondition)
         - Ancestor org.springframework.boot.actuate.autoconfigure.trace.http.HttpTraceAutoConfiguration did not match (ConditionEvaluationReport.AncestorsMatchedCondition)

   HttpTraceAutoConfiguration.ServletTraceFilterConfiguration:
      Did not match:
         - Ancestor org.springframework.boot.actuate.autoconfigure.trace.http.HttpTraceAutoConfiguration did not match (ConditionEvaluationReport.AncestorsMatchedCondition)
      Matched:
         - found 'session' scope (OnWebApplicationCondition)

   HttpTraceEndpointAutoConfiguration#httpTraceEndpoint:
      Did not match:
         - @ConditionalOnBean (types: org.springframework.boot.actuate.trace.http.HttpTraceRepository; SearchStrategy: all) did not find any beans of type org.springframework.boot.actuate.trace.http.HttpTraceRepository (OnBeanCondition)

   HumioMetricsExportAutoConfiguration:
      Did not match:
         - @ConditionalOnClass did not find required class 'io.micrometer.humio.HumioMeterRegistry' (OnClassCondition)

   HypermediaAutoConfiguration:
      Did not match:
         - @ConditionalOnClass did not find required class 'org.springframework.hateoas.EntityModel' (OnClassCondition)

   InfinispanCacheConfiguration:
      Did not match:
         - @ConditionalOnClass did not find required class 'org.infinispan.spring.embedded.provider.SpringEmbeddedCacheManager' (OnClassCondition)

   InfluxDbAutoConfiguration:
      Did not match:
         - @ConditionalOnClass did not find required class 'org.influxdb.InfluxDB' (OnClassCondition)

   InfluxDbHealthContributorAutoConfiguration:
      Did not match:
         - @ConditionalOnClass did not find required class 'org.influxdb.InfluxDB' (OnClassCondition)

   InfluxMetricsExportAutoConfiguration:
      Did not match:
         - @ConditionalOnClass did not find required class 'io.micrometer.influx.InfluxMeterRegistry' (OnClassCondition)

   InfoContributorAutoConfiguration#buildInfoContributor:
      Did not match:
         - @ConditionalOnSingleCandidate (types: org.springframework.boot.info.BuildProperties; SearchStrategy: all) did not find any beans (OnBeanCondition)
      Matched:
         - @ConditionalOnEnabledInfoContributor management.info.defaults.enabled is considered true (OnEnabledInfoContributorCondition)

   InfoContributorAutoConfiguration#gitInfoContributor:
      Did not match:
         - @ConditionalOnSingleCandidate (types: org.springframework.boot.info.GitProperties; SearchStrategy: all) did not find any beans (OnBeanCondition)
      Matched:
         - @ConditionalOnEnabledInfoContributor management.info.defaults.enabled is considered true (OnEnabledInfoContributorCondition)

   IntegrationAutoConfiguration:
      Did not match:
         - @ConditionalOnClass did not find required class 'org.springframework.integration.config.EnableIntegration' (OnClassCondition)

   IntegrationGraphEndpointAutoConfiguration:
      Did not match:
         - @ConditionalOnClass did not find required class 'org.springframework.integration.graph.IntegrationGraphServer' (OnClassCondition)

   JCacheCacheConfiguration:
      Did not match:
         - @ConditionalOnClass did not find required class 'javax.cache.Caching' (OnClassCondition)

   JacksonHttpMessageConvertersConfiguration.MappingJackson2XmlHttpMessageConverterConfiguration:
      Did not match:
         - @ConditionalOnClass did not find required class 'com.fasterxml.jackson.dataformat.xml.XmlMapper' (OnClassCondition)

   JdbcRepositoriesAutoConfiguration:
      Did not match:
         - @ConditionalOnClass did not find required class 'org.springframework.data.jdbc.repository.config.AbstractJdbcConfiguration' (OnClassCondition)

   JerseyAutoConfiguration:
      Did not match:
         - @ConditionalOnClass did not find required class 'org.glassfish.jersey.server.spring.SpringComponentProvider' (OnClassCondition)

   JerseySameManagementContextConfiguration:
      Did not match:
         - @ConditionalOnClass did not find required class 'org.glassfish.jersey.server.ResourceConfig' (OnClassCondition)

   JerseyServerMetricsAutoConfiguration:
      Did not match:
         - @ConditionalOnClass did not find required class 'io.micrometer.jersey2.server.MetricsApplicationEventListener' (OnClassCondition)

   JerseyWebEndpointManagementContextConfiguration:
      Did not match:
         - @ConditionalOnClass did not find required class 'org.glassfish.jersey.server.ResourceConfig' (OnClassCondition)

   JettyMetricsAutoConfiguration:
      Did not match:
         - @ConditionalOnClass did not find required class 'org.eclipse.jetty.server.Server' (OnClassCondition)

   JmsAutoConfiguration:
      Did not match:
         - @ConditionalOnClass did not find required class 'javax.jms.Message' (OnClassCondition)

   JmsHealthContributorAutoConfiguration:
      Did not match:
         - @ConditionalOnClass did not find required class 'javax.jms.ConnectionFactory' (OnClassCondition)

   JmxAutoConfiguration:
      Did not match:
         - @ConditionalOnProperty (spring.jmx.enabled=true) did not find property 'enabled' (OnPropertyCondition)
      Matched:
         - @ConditionalOnClass found required class 'org.springframework.jmx.export.MBeanExporter' (OnClassCondition)

   JmxEndpointAutoConfiguration:
      Did not match:
         - @ConditionalOnProperty (spring.jmx.enabled=true) did not find property 'enabled' (OnPropertyCondition)

   JmxMetricsExportAutoConfiguration:
      Did not match:
         - @ConditionalOnClass did not find required class 'io.micrometer.jmx.JmxMeterRegistry' (OnClassCondition)

   JndiConnectionFactoryAutoConfiguration:
      Did not match:
         - @ConditionalOnClass did not find required class 'org.springframework.jms.core.JmsTemplate' (OnClassCondition)

   JndiDataSourceAutoConfiguration:
      Did not match:
         - @ConditionalOnProperty (spring.datasource.jndi-name) did not find property 'jndi-name' (OnPropertyCondition)
      Matched:
         - @ConditionalOnClass found required classes 'javax.sql.DataSource', 'org.springframework.jdbc.datasource.embedded.EmbeddedDatabaseType' (OnClassCondition)

   JndiJtaConfiguration:
      Did not match:
         - @ConditionalOnJndi JNDI environment is not available (OnJndiCondition)
      Matched:
         - @ConditionalOnClass found required class 'org.springframework.transaction.jta.JtaTransactionManager' (OnClassCondition)

   JolokiaEndpointAutoConfiguration:
      Did not match:
         - @ConditionalOnClass did not find required class 'org.jolokia.http.AgentServlet' (OnClassCondition)

   JooqAutoConfiguration:
      Did not match:
         - @ConditionalOnClass did not find required class 'org.jooq.DSLContext' (OnClassCondition)

   JpaRepositoriesAutoConfiguration#entityManagerFactoryBootstrapExecutorCustomizer:
      Did not match:
         - AnyNestedCondition 0 matched 2 did not; NestedCondition on JpaRepositoriesAutoConfiguration.BootstrapExecutorCondition.LazyBootstrapMode @ConditionalOnProperty (spring.data.jpa.repositories.bootstrap-mode=lazy) did not find property 'bootstrap-mode'; NestedCondition on JpaRepositoriesAutoConfiguration.BootstrapExecutorCondition.DeferredBootstrapMode @ConditionalOnProperty (spring.data.jpa.repositories.bootstrap-mode=deferred) did not find property 'bootstrap-mode' (JpaRepositoriesAutoConfiguration.BootstrapExecutorCondition)

   JsonbAutoConfiguration:
      Did not match:
         - @ConditionalOnClass did not find required class 'javax.json.bind.Jsonb' (OnClassCondition)

   JsonbHttpMessageConvertersConfiguration:
      Did not match:
         - @ConditionalOnClass did not find required class 'javax.json.bind.Jsonb' (OnClassCondition)

   KafkaAutoConfiguration:
      Did not match:
         - @ConditionalOnClass did not find required class 'org.springframework.kafka.core.KafkaTemplate' (OnClassCondition)

   KafkaMetricsAutoConfiguration:
      Did not match:
         - @ConditionalOnClass did not find required class 'org.springframework.kafka.core.ProducerFactory' (OnClassCondition)

   KairosMetricsExportAutoConfiguration:
      Did not match:
         - @ConditionalOnClass did not find required class 'io.micrometer.kairos.KairosMeterRegistry' (OnClassCondition)

   LdapAutoConfiguration:
      Did not match:
         - @ConditionalOnClass did not find required class 'org.springframework.ldap.core.ContextSource' (OnClassCondition)

   LdapHealthContributorAutoConfiguration:
      Did not match:
         - @ConditionalOnClass did not find required class 'org.springframework.ldap.core.LdapOperations' (OnClassCondition)

   LdapRepositoriesAutoConfiguration:
      Did not match:
         - @ConditionalOnClass did not find required class 'org.springframework.data.ldap.repository.LdapRepository' (OnClassCondition)

   LiquibaseAutoConfiguration:
      Did not match:
         - @ConditionalOnClass did not find required class 'liquibase.change.DatabaseChange' (OnClassCondition)

   LiquibaseEndpointAutoConfiguration:
      Did not match:
         - @ConditionalOnClass did not find required class 'liquibase.integration.spring.SpringLiquibase' (OnClassCondition)

   Log4J2MetricsAutoConfiguration:
      Did not match:
         - @ConditionalOnClass did not find required class 'org.apache.logging.log4j.core.LoggerContext' (OnClassCondition)

   LogFileWebEndpointAutoConfiguration#logFileWebEndpoint:
      Did not match:
         - Log File did not find logging file (LogFileWebEndpointAutoConfiguration.LogFileCondition)

   MailHealthContributorAutoConfiguration:
      Did not match:
         - @ConditionalOnClass did not find required class 'org.springframework.mail.javamail.JavaMailSenderImpl' (OnClassCondition)

   MailSenderAutoConfiguration:
      Did not match:
         - @ConditionalOnClass did not find required class 'javax.mail.internet.MimeMessage' (OnClassCondition)

   MailSenderValidatorAutoConfiguration:
      Did not match:
         - @ConditionalOnSingleCandidate did not find required type 'org.springframework.mail.javamail.JavaMailSenderImpl' (OnBeanCondition)

   ManagementContextAutoConfiguration.DifferentManagementContextConfiguration:
      Did not match:
         - Management Port actual port type (SAME) did not match required type (DIFFERENT) (OnManagementPortCondition)

   ManagementWebSecurityAutoConfiguration:
      Did not match:
         - AllNestedConditions 1 matched 1 did not; NestedCondition on DefaultWebSecurityCondition.Beans @ConditionalOnMissingBean (types: org.springframework.security.config.annotation.web.configuration.WebSecurityConfigurerAdapter,org.springframework.security.web.SecurityFilterChain; SearchStrategy: all) found beans of type 'org.springframework.security.config.annotation.web.configuration.WebSecurityConfigurerAdapter' webSecurityConfigurerImpl; NestedCondition on DefaultWebSecurityCondition.Classes @ConditionalOnClass found required classes 'org.springframework.security.web.SecurityFilterChain', 'org.springframework.security.config.annotation.web.builders.HttpSecurity' (DefaultWebSecurityCondition)
      Matched:
         - found 'session' scope (OnWebApplicationCondition)

   MappingsEndpointAutoConfiguration.ReactiveWebConfiguration:
      Did not match:
         - @ConditionalOnClass did not find required class 'org.springframework.web.reactive.DispatcherHandler' (OnClassCondition)

   MessageSourceAutoConfiguration:
      Did not match:
         - ResourceBundle did not find bundle with basename messages (MessageSourceAutoConfiguration.ResourceBundleCondition)

   MongoAutoConfiguration:
      Did not match:
         - @ConditionalOnClass did not find required class 'com.mongodb.client.MongoClient' (OnClassCondition)

   MongoDataAutoConfiguration:
      Did not match:
         - @ConditionalOnClass did not find required class 'com.mongodb.client.MongoClient' (OnClassCondition)

   MongoHealthContributorAutoConfiguration:
      Did not match:
         - @ConditionalOnClass did not find required class 'org.springframework.data.mongodb.core.MongoTemplate' (OnClassCondition)

   MongoMetricsAutoConfiguration:
      Did not match:
         - @ConditionalOnClass did not find required class 'com.mongodb.MongoClientSettings' (OnClassCondition)

   MongoReactiveAutoConfiguration:
      Did not match:
         - @ConditionalOnClass did not find required class 'com.mongodb.reactivestreams.client.MongoClient' (OnClassCondition)

   MongoReactiveDataAutoConfiguration:
      Did not match:
         - @ConditionalOnClass did not find required class 'com.mongodb.reactivestreams.client.MongoClient' (OnClassCondition)

   MongoReactiveHealthContributorAutoConfiguration:
      Did not match:
         - @ConditionalOnClass did not find required class 'reactor.core.publisher.Flux' (OnClassCondition)

   MongoReactiveRepositoriesAutoConfiguration:
      Did not match:
         - @ConditionalOnClass did not find required class 'com.mongodb.reactivestreams.client.MongoClient' (OnClassCondition)

   MongoRepositoriesAutoConfiguration:
      Did not match:
         - @ConditionalOnClass did not find required class 'com.mongodb.client.MongoClient' (OnClassCondition)

   MustacheAutoConfiguration:
      Did not match:
         - @ConditionalOnClass did not find required class 'com.samskivert.mustache.Mustache' (OnClassCondition)

   Neo4jAutoConfiguration:
      Did not match:
         - @ConditionalOnClass did not find required class 'org.neo4j.driver.Driver' (OnClassCondition)

   Neo4jDataAutoConfiguration:
      Did not match:
         - @ConditionalOnClass did not find required class 'org.neo4j.driver.Driver' (OnClassCondition)

   Neo4jHealthContributorAutoConfiguration:
      Did not match:
         - @ConditionalOnClass did not find required class 'org.neo4j.driver.Driver' (OnClassCondition)

   Neo4jReactiveDataAutoConfiguration:
      Did not match:
         - @ConditionalOnClass did not find required class 'org.neo4j.driver.Driver' (OnClassCondition)

   Neo4jReactiveRepositoriesAutoConfiguration:
      Did not match:
         - @ConditionalOnClass did not find required class 'org.neo4j.driver.Driver' (OnClassCondition)

   Neo4jRepositoriesAutoConfiguration:
      Did not match:
         - @ConditionalOnClass did not find required class 'org.neo4j.driver.Driver' (OnClassCondition)

   NettyAutoConfiguration:
      Did not match:
         - @ConditionalOnClass did not find required class 'io.netty.util.NettyRuntime' (OnClassCondition)

   NewRelicMetricsExportAutoConfiguration:
      Did not match:
         - @ConditionalOnClass did not find required class 'io.micrometer.newrelic.NewRelicMeterRegistry' (OnClassCondition)

   NoOpMeterRegistryConfiguration:
      Did not match:
         - @ConditionalOnMissingBean (types: io.micrometer.core.instrument.MeterRegistry; SearchStrategy: all) found beans of type 'io.micrometer.core.instrument.MeterRegistry' simpleMeterRegistry (OnBeanCondition)

   OAuth2ClientAutoConfiguration:
      Did not match:
         - @ConditionalOnClass did not find required class 'org.springframework.security.oauth2.client.registration.ClientRegistration' (OnClassCondition)

   OAuth2ResourceServerAutoConfiguration:
      Did not match:
         - @ConditionalOnClass did not find required class 'org.springframework.security.oauth2.server.resource.BearerTokenAuthenticationToken' (OnClassCondition)

   ProjectInfoAutoConfiguration#buildProperties:
      Did not match:
         - @ConditionalOnResource did not find resource '${spring.info.build.location:classpath:META-INF/build-info.properties}' (OnResourceCondition)

   ProjectInfoAutoConfiguration#gitProperties:
      Did not match:
         - GitResource did not find git info at classpath:git.properties (ProjectInfoAutoConfiguration.GitResourceAvailableCondition)

   PrometheusMetricsExportAutoConfiguration:
      Did not match:
         - @ConditionalOnClass did not find required class 'io.micrometer.prometheus.PrometheusMeterRegistry' (OnClassCondition)

   QuartzAutoConfiguration:
      Did not match:
         - @ConditionalOnClass did not find required class 'org.quartz.Scheduler' (OnClassCondition)

   QuartzEndpointAutoConfiguration:
      Did not match:
         - @ConditionalOnClass did not find required class 'org.quartz.Scheduler' (OnClassCondition)

   R2dbcAutoConfiguration:
      Did not match:
         - @ConditionalOnClass did not find required class 'io.r2dbc.spi.ConnectionFactory' (OnClassCondition)

   R2dbcDataAutoConfiguration:
      Did not match:
         - @ConditionalOnClass did not find required class 'org.springframework.data.r2dbc.core.R2dbcEntityTemplate' (OnClassCondition)

   R2dbcInitializationConfiguration:
      Did not match:
         - @ConditionalOnClass did not find required classes 'io.r2dbc.spi.ConnectionFactory', 'org.springframework.r2dbc.connection.init.DatabasePopulator' (OnClassCondition)

   R2dbcRepositoriesAutoConfiguration:
      Did not match:
         - @ConditionalOnClass did not find required class 'io.r2dbc.spi.ConnectionFactory' (OnClassCondition)

   R2dbcTransactionManagerAutoConfiguration:
      Did not match:
         - @ConditionalOnClass did not find required class 'org.springframework.r2dbc.connection.R2dbcTransactionManager' (OnClassCondition)

   RSocketMessagingAutoConfiguration:
      Did not match:
         - @ConditionalOnClass did not find required class 'io.rsocket.RSocket' (OnClassCondition)

   RSocketRequesterAutoConfiguration:
      Did not match:
         - @ConditionalOnClass did not find required class 'io.rsocket.RSocket' (OnClassCondition)

   RSocketSecurityAutoConfiguration:
      Did not match:
         - @ConditionalOnClass did not find required class 'org.springframework.security.rsocket.core.SecuritySocketAcceptorInterceptor' (OnClassCondition)

   RSocketServerAutoConfiguration:
      Did not match:
         - @ConditionalOnClass did not find required class 'io.rsocket.core.RSocketServer' (OnClassCondition)

   RSocketStrategiesAutoConfiguration:
      Did not match:
         - @ConditionalOnClass did not find required class 'io.netty.buffer.PooledByteBufAllocator' (OnClassCondition)

   RabbitAutoConfiguration:
      Did not match:
         - @ConditionalOnClass did not find required class 'com.rabbitmq.client.Channel' (OnClassCondition)

   RabbitHealthContributorAutoConfiguration:
      Did not match:
         - @ConditionalOnClass did not find required class 'org.springframework.amqp.rabbit.core.RabbitTemplate' (OnClassCondition)

   RabbitMetricsAutoConfiguration:
      Did not match:
         - @ConditionalOnClass did not find required class 'com.rabbitmq.client.ConnectionFactory' (OnClassCondition)

   ReactiveCloudFoundryActuatorAutoConfiguration:
      Did not match:
         - @ConditionalOnWebApplication did not find reactive web application classes (OnWebApplicationCondition)

   ReactiveElasticsearchRepositoriesAutoConfiguration:
      Did not match:
         - @ConditionalOnClass did not find required class 'org.springframework.data.elasticsearch.client.reactive.ReactiveElasticsearchClient' (OnClassCondition)

   ReactiveElasticsearchRestClientAutoConfiguration:
      Did not match:
         - @ConditionalOnClass did not find required class 'reactor.netty.http.client.HttpClient' (OnClassCondition)

   ReactiveHealthEndpointConfiguration:
      Did not match:
         - @ConditionalOnClass did not find required class 'reactor.core.publisher.Flux' (OnClassCondition)

   ReactiveManagementContextAutoConfiguration:
      Did not match:
         - @ConditionalOnClass did not find required class 'reactor.core.publisher.Flux' (OnClassCondition)

   ReactiveManagementWebSecurityAutoConfiguration:
      Did not match:
         - @ConditionalOnWebApplication did not find reactive web application classes (OnWebApplicationCondition)

   ReactiveOAuth2ClientAutoConfiguration:
      Did not match:
         - @ConditionalOnClass did not find required class 'reactor.core.publisher.Flux' (OnClassCondition)

   ReactiveOAuth2ResourceServerAutoConfiguration:
      Did not match:
         - @ConditionalOnWebApplication did not find reactive web application classes (OnWebApplicationCondition)

   ReactiveSecurityAutoConfiguration:
      Did not match:
         - @ConditionalOnClass did not find required class 'reactor.core.publisher.Flux' (OnClassCondition)

   ReactiveUserDetailsServiceAutoConfiguration:
      Did not match:
         - AnyNestedCondition 0 matched 2 did not; NestedCondition on ReactiveUserDetailsServiceAutoConfiguration.ReactiveUserDetailsServiceCondition.ReactiveWebApplicationCondition did not find reactive web application classes; NestedCondition on ReactiveUserDetailsServiceAutoConfiguration.ReactiveUserDetailsServiceCondition.RSocketSecurityEnabledCondition @ConditionalOnBean (types: org.springframework.messaging.rsocket.annotation.support.RSocketMessageHandler; SearchStrategy: all) did not find any beans of type org.springframework.messaging.rsocket.annotation.support.RSocketMessageHandler (ReactiveUserDetailsServiceAutoConfiguration.ReactiveUserDetailsServiceCondition)
      Matched:
         - @ConditionalOnClass found required class 'org.springframework.security.authentication.ReactiveAuthenticationManager' (OnClassCondition)

   ReactiveWebServerFactoryAutoConfiguration:
      Did not match:
         - @ConditionalOnWebApplication did not find reactive web application classes (OnWebApplicationCondition)

   RedisAutoConfiguration:
      Did not match:
         - @ConditionalOnClass did not find required class 'org.springframework.data.redis.core.RedisOperations' (OnClassCondition)

   RedisCacheConfiguration:
      Did not match:
         - @ConditionalOnClass did not find required class 'org.springframework.data.redis.connection.RedisConnectionFactory' (OnClassCondition)

   RedisHealthContributorAutoConfiguration:
      Did not match:
         - @ConditionalOnClass did not find required class 'org.springframework.data.redis.connection.RedisConnectionFactory' (OnClassCondition)

   RedisReactiveAutoConfiguration:
      Did not match:
         - @ConditionalOnClass did not find required class 'reactor.core.publisher.Flux' (OnClassCondition)

   RedisReactiveHealthContributorAutoConfiguration:
      Did not match:
         - @ConditionalOnClass did not find required class 'reactor.core.publisher.Flux' (OnClassCondition)

   RedisRepositoriesAutoConfiguration:
      Did not match:
         - @ConditionalOnClass did not find required class 'org.springframework.data.redis.repository.configuration.EnableRedisRepositories' (OnClassCondition)

   RepositoryRestMvcAutoConfiguration:
      Did not match:
         - @ConditionalOnClass did not find required class 'org.springframework.data.rest.webmvc.config.RepositoryRestMvcConfiguration' (OnClassCondition)

   Saml2RelyingPartyAutoConfiguration:
      Did not match:
         - @ConditionalOnClass did not find required class 'org.springframework.security.saml2.provider.service.registration.RelyingPartyRegistrationRepository' (OnClassCondition)

   SecurityDataConfiguration:
      Did not match:
         - @ConditionalOnClass did not find required class 'org.springframework.security.data.repository.query.SecurityEvaluationContextExtension' (OnClassCondition)

   SecurityRequestMatchersManagementContextConfiguration.JerseyRequestMatcherConfiguration:
      Did not match:
         - @ConditionalOnClass did not find required class 'org.glassfish.jersey.server.ResourceConfig' (OnClassCondition)

   SendGridAutoConfiguration:
      Did not match:
         - @ConditionalOnClass did not find required class 'com.sendgrid.SendGrid' (OnClassCondition)

   ServletEndpointManagementContextConfiguration.JerseyServletEndpointManagementContextConfiguration:
      Did not match:
         - @ConditionalOnClass did not find required class 'org.glassfish.jersey.server.ResourceConfig' (OnClassCondition)

   ServletManagementContextAutoConfiguration.ApplicationContextFilterConfiguration:
      Did not match:
         - @ConditionalOnProperty (management.server.add-application-context-header=true) did not find property 'add-application-context-header' (OnPropertyCondition)

   ServletWebServerFactoryAutoConfiguration#forwardedHeaderFilter:
      Did not match:
         - @ConditionalOnProperty (server.forward-headers-strategy=framework) did not find property 'server.forward-headers-strategy' (OnPropertyCondition)

   ServletWebServerFactoryConfiguration.EmbeddedJetty:
      Did not match:
         - @ConditionalOnClass did not find required classes 'org.eclipse.jetty.server.Server', 'org.eclipse.jetty.util.Loader', 'org.eclipse.jetty.webapp.WebAppContext' (OnClassCondition)

   ServletWebServerFactoryConfiguration.EmbeddedUndertow:
      Did not match:
         - @ConditionalOnClass did not find required classes 'io.undertow.Undertow', 'org.xnio.SslClientAuthMode' (OnClassCondition)

   SessionAutoConfiguration:
      Did not match:
         - @ConditionalOnClass did not find required class 'org.springframework.session.Session' (OnClassCondition)

   SessionsEndpointAutoConfiguration:
      Did not match:
         - @ConditionalOnClass did not find required class 'org.springframework.session.FindByIndexNameSessionRepository' (OnClassCondition)

   SignalFxMetricsExportAutoConfiguration:
      Did not match:
         - @ConditionalOnClass did not find required class 'io.micrometer.signalfx.SignalFxMeterRegistry' (OnClassCondition)

   SolrAutoConfiguration:
      Did not match:
         - @ConditionalOnClass did not find required class 'org.apache.solr.client.solrj.impl.CloudSolrClient' (OnClassCondition)

   SolrHealthContributorAutoConfiguration:
      Did not match:
         - @ConditionalOnClass did not find required class 'org.apache.solr.client.solrj.SolrClient' (OnClassCondition)

   SpringApplicationAdminJmxAutoConfiguration:
      Did not match:
         - @ConditionalOnProperty (spring.application.admin.enabled=true) did not find property 'enabled' (OnPropertyCondition)

   SpringBootWebSecurityConfiguration:
      Did not match:
         - AllNestedConditions 1 matched 1 did not; NestedCondition on DefaultWebSecurityCondition.Beans @ConditionalOnMissingBean (types: org.springframework.security.config.annotation.web.configuration.WebSecurityConfigurerAdapter,org.springframework.security.web.SecurityFilterChain; SearchStrategy: all) found beans of type 'org.springframework.security.config.annotation.web.configuration.WebSecurityConfigurerAdapter' webSecurityConfigurerImpl; NestedCondition on DefaultWebSecurityCondition.Classes @ConditionalOnClass found required classes 'org.springframework.security.web.SecurityFilterChain', 'org.springframework.security.config.annotation.web.builders.HttpSecurity' (DefaultWebSecurityCondition)
      Matched:
         - found 'session' scope (OnWebApplicationCondition)

   StackdriverMetricsExportAutoConfiguration:
      Did not match:
         - @ConditionalOnClass did not find required class 'io.micrometer.stackdriver.StackdriverMeterRegistry' (OnClassCondition)

   StartupEndpointAutoConfiguration:
      Did not match:
         - ApplicationStartup configured applicationStartup is of type class org.springframework.core.metrics.DefaultApplicationStartup, expected BufferingApplicationStartup. (StartupEndpointAutoConfiguration.ApplicationStartupCondition)

   StatsdMetricsExportAutoConfiguration:
      Did not match:
         - @ConditionalOnClass did not find required class 'io.micrometer.statsd.StatsdMeterRegistry' (OnClassCondition)

   TaskSchedulingAutoConfiguration#taskScheduler:
      Did not match:
         - @ConditionalOnBean (names: org.springframework.context.annotation.internalScheduledAnnotationProcessor; SearchStrategy: all) did not find any beans named org.springframework.context.annotation.internalScheduledAnnotationProcessor (OnBeanCondition)

   ThymeleafAutoConfiguration:
      Did not match:
         - @ConditionalOnClass did not find required class 'org.thymeleaf.spring5.SpringTemplateEngine' (OnClassCondition)

   TransactionAutoConfiguration#transactionalOperator:
      Did not match:
         - @ConditionalOnSingleCandidate (types: org.springframework.transaction.ReactiveTransactionManager; SearchStrategy: all) did not find any beans (OnBeanCondition)

   TransactionAutoConfiguration.EnableTransactionManagementConfiguration.JdkDynamicAutoProxyConfiguration:
      Did not match:
         - @ConditionalOnProperty (spring.aop.proxy-target-class=false) did not find property 'proxy-target-class' (OnPropertyCondition)

   UserDetailsServiceAutoConfiguration:
      Did not match:
         - @ConditionalOnMissingBean (types: org.springframework.security.authentication.AuthenticationManager,org.springframework.security.authentication.AuthenticationProvider,org.springframework.security.core.userdetails.UserDetailsService,org.springframework.security.oauth2.jwt.JwtDecoder,org.springframework.security.oauth2.server.resource.introspection.OpaqueTokenIntrospector; SearchStrategy: all) found beans of type 'org.springframework.security.core.userdetails.UserDetailsService' userDetailsServiceImpl (OnBeanCondition)
      Matched:
         - @ConditionalOnClass found required class 'org.springframework.security.authentication.AuthenticationManager' (OnClassCondition)

   WavefrontMetricsExportAutoConfiguration:
      Did not match:
         - @ConditionalOnClass did not find required class 'com.wavefront.sdk.common.WavefrontSender' (OnClassCondition)

   WebClientAutoConfiguration:
      Did not match:
         - @ConditionalOnClass did not find required class 'org.springframework.web.reactive.function.client.WebClient' (OnClassCondition)

   WebClientMetricsConfiguration:
      Did not match:
         - @ConditionalOnClass did not find required class 'org.springframework.web.reactive.function.client.WebClient' (OnClassCondition)

   WebFluxAutoConfiguration:
      Did not match:
         - @ConditionalOnClass did not find required class 'org.springframework.web.reactive.config.WebFluxConfigurer' (OnClassCondition)

   WebFluxEndpointManagementContextConfiguration:
      Did not match:
         - @ConditionalOnClass did not find required class 'org.springframework.web.reactive.DispatcherHandler' (OnClassCondition)

   WebFluxMetricsAutoConfiguration:
      Did not match:
         - @ConditionalOnWebApplication did not find reactive web application classes (OnWebApplicationCondition)

   WebMvcAutoConfiguration#hiddenHttpMethodFilter:
      Did not match:
         - @ConditionalOnProperty (spring.mvc.hiddenmethod.filter.enabled) did not find property 'enabled' (OnPropertyCondition)

   WebMvcAutoConfiguration.ResourceChainCustomizerConfiguration:
      Did not match:
         - @ConditionalOnEnabledResourceChain did not find class org.webjars.WebJarAssetLocator (OnEnabledResourceChainCondition)

   WebMvcAutoConfiguration.WebMvcAutoConfigurationAdapter#beanNameViewResolver:
      Did not match:
         - @ConditionalOnMissingBean (types: org.springframework.web.servlet.view.BeanNameViewResolver; SearchStrategy: all) found beans of type 'org.springframework.web.servlet.view.BeanNameViewResolver' beanNameViewResolver (OnBeanCondition)

   WebSecurityEnablerConfiguration:
      Did not match:
         - @ConditionalOnMissingBean (names: springSecurityFilterChain; SearchStrategy: all) found beans named springSecurityFilterChain (OnBeanCondition)
      Matched:
         - @ConditionalOnClass found required class 'org.springframework.security.config.annotation.web.configuration.EnableWebSecurity' (OnClassCondition)
         - found 'session' scope (OnWebApplicationCondition)

   WebServiceTemplateAutoConfiguration:
      Did not match:
         - @ConditionalOnClass did not find required class 'org.springframework.oxm.Marshaller' (OnClassCondition)

   WebServicesAutoConfiguration:
      Did not match:
         - @ConditionalOnClass did not find required class 'org.springframework.ws.transport.http.MessageDispatcherServlet' (OnClassCondition)

   WebSocketMessagingAutoConfiguration:
      Did not match:
         - @ConditionalOnClass did not find required class 'org.springframework.web.socket.config.annotation.WebSocketMessageBrokerConfigurer' (OnClassCondition)

   WebSocketReactiveAutoConfiguration:
      Did not match:
         - @ConditionalOnWebApplication did not find reactive web application classes (OnWebApplicationCondition)

   WebSocketServletAutoConfiguration.Jetty10WebSocketConfiguration:
      Did not match:
         - @ConditionalOnClass did not find required classes 'org.eclipse.jetty.websocket.javax.server.internal.JavaxWebSocketServerContainer', 'org.eclipse.jetty.websocket.server.JettyWebSocketServerContainer' (OnClassCondition)

   WebSocketServletAutoConfiguration.JettyWebSocketConfiguration:
      Did not match:
         - @ConditionalOnClass did not find required class 'org.eclipse.jetty.websocket.jsr356.server.deploy.WebSocketServerContainerInitializer' (OnClassCondition)

   WebSocketServletAutoConfiguration.UndertowWebSocketConfiguration:
      Did not match:
         - @ConditionalOnClass did not find required class 'io.undertow.websockets.jsr.Bootstrap' (OnClassCondition)

   XADataSourceAutoConfiguration:
      Did not match:
         - @ConditionalOnBean (types: org.springframework.boot.jdbc.XADataSourceWrapper; SearchStrategy: all) did not find any beans of type org.springframework.boot.jdbc.XADataSourceWrapper (OnBeanCondition)
      Matched:
         - @ConditionalOnClass found required classes 'javax.sql.DataSource', 'javax.transaction.TransactionManager', 'org.springframework.jdbc.datasource.embedded.EmbeddedDatabaseType' (OnClassCondition)


Exclusions:
-----------

    None


Unconditional classes:
----------------------

    org.springframework.boot.autoconfigure.context.ConfigurationPropertiesAutoConfiguration

    org.springframework.boot.actuate.autoconfigure.availability.AvailabilityHealthContributorAutoConfiguration

    org.springframework.boot.actuate.autoconfigure.info.InfoContributorAutoConfiguration

    org.springframework.boot.autoconfigure.context.PropertyPlaceholderAutoConfiguration

    org.springframework.boot.autoconfigure.context.LifecycleAutoConfiguration

    org.springframework.boot.actuate.autoconfigure.health.HealthContributorAutoConfiguration

    org.springframework.boot.actuate.autoconfigure.metrics.integration.IntegrationMetricsAutoConfiguration

    org.springframework.boot.actuate.autoconfigure.endpoint.EndpointAutoConfiguration

    org.springframework.boot.autoconfigure.availability.ApplicationAvailabilityAutoConfiguration

    org.springframework.boot.autoconfigure.info.ProjectInfoAutoConfiguration

    org.springframework.boot.actuate.autoconfigure.web.server.ManagementContextAutoConfiguration



2022-03-20 12:26:44.098  INFO 5300 --- [    Test worker] recipes.RecipesApplication               : Started RecipesApplication in 4.169 seconds (JVM running for 22.615)
2022-03-20 12:26:44.101 DEBUG 5300 --- [    Test worker] o.s.b.a.ApplicationAvailabilityBean      : Application availability state LivenessState changed to CORRECT
2022-03-20 12:26:44.104 DEBUG 5300 --- [    Test worker] o.s.b.a.ApplicationAvailabilityBean      : Application availability state ReadinessState changed to ACCEPTING_TRAFFIC
?[1;31m
Start test 14?[0m
2022-03-20 12:26:44.225  INFO 5300 --- [nio-8701-exec-1] o.a.c.c.C.[Tomcat].[localhost].[/]       : Initializing Spring DispatcherServlet 'dispatcherServlet'
2022-03-20 12:26:44.225  INFO 5300 --- [nio-8701-exec-1] o.s.web.servlet.DispatcherServlet        : Initializing Servlet 'dispatcherServlet'
2022-03-20 12:26:44.225 DEBUG 5300 --- [nio-8701-exec-1] o.s.web.servlet.DispatcherServlet        : Detected StandardServletMultipartResolver
2022-03-20 12:26:44.225 DEBUG 5300 --- [nio-8701-exec-1] o.s.web.servlet.DispatcherServlet        : Detected AcceptHeaderLocaleResolver
2022-03-20 12:26:44.225 DEBUG 5300 --- [nio-8701-exec-1] o.s.web.servlet.DispatcherServlet        : Detected FixedThemeResolver
2022-03-20 12:26:44.228 DEBUG 5300 --- [nio-8701-exec-1] o.s.web.servlet.DispatcherServlet        : Detected org.springframework.web.servlet.view.DefaultRequestToViewNameTranslator@6124a7c0
2022-03-20 12:26:44.228 DEBUG 5300 --- [nio-8701-exec-1] o.s.web.servlet.DispatcherServlet        : Detected org.springframework.web.servlet.support.SessionFlashMapManager@6592a73b
2022-03-20 12:26:44.229 DEBUG 5300 --- [nio-8701-exec-1] o.s.web.servlet.DispatcherServlet        : enableLoggingRequestDetails='false': request parameters and headers will be masked to prevent unsafe logging of potentially sensitive data
2022-03-20 12:26:44.229  INFO 5300 --- [nio-8701-exec-1] o.s.web.servlet.DispatcherServlet        : Completed initialization in 4 ms
2022-03-20 12:26:44.230 DEBUG 5300 --- [nio-8701-exec-1] o.s.security.web.FilterChainProxy        : Securing GET /api/recipe/149
2022-03-20 12:26:44.230 DEBUG 5300 --- [nio-8701-exec-1] s.s.w.c.SecurityContextPersistenceFilter : Set SecurityContextHolder to empty SecurityContext
2022-03-20 12:26:44.232 DEBUG 5300 --- [nio-8701-exec-1] tor$SharedEntityManagerInvocationHandler : Creating new EntityManager for shared EntityManager invocation
Hibernate: select user0_.email as email1_3_, user0_.password as password2_3_ from users user0_ where user0_.email=?
2022-03-20 12:26:44.244 DEBUG 5300 --- [nio-8701-exec-1] o.s.s.a.dao.DaoAuthenticationProvider    : Authenticated user
2022-03-20 12:26:44.244 DEBUG 5300 --- [nio-8701-exec-1] o.s.s.w.a.www.BasicAuthenticationFilter  : Set SecurityContextHolder to UsernamePasswordAuthenticationToken [Principal=recipes.businesslayer.UserDetailsImpl@523ee208, Credentials=[PROTECTED], Authenticated=true, Details=WebAuthenticationDetails [RemoteIpAddress=127.0.0.1, SessionId=null], Granted Authorities=[]]
2022-03-20 12:26:44.245 DEBUG 5300 --- [nio-8701-exec-1] w.c.HttpSessionSecurityContextRepository : Created HttpSession as SecurityContext is non-default
2022-03-20 12:26:44.246 DEBUG 5300 --- [nio-8701-exec-1] w.c.HttpSessionSecurityContextRepository : Stored SecurityContextImpl [Authentication=UsernamePasswordAuthenticationToken [Principal=recipes.businesslayer.UserDetailsImpl@523ee208, Credentials=[PROTECTED], Authenticated=true, Details=WebAuthenticationDetails [RemoteIpAddress=127.0.0.1, SessionId=null], Granted Authorities=[]]] to HttpSession [org.apache.catalina.session.StandardSessionFacade@2b43e5a]
2022-03-20 12:26:44.248 DEBUG 5300 --- [nio-8701-exec-1] s.w.s.m.m.a.RequestMappingHandlerMapping : Mapped to recipes.presentation.RecipesController#getRecipe(Long)
2022-03-20 12:26:44.249 DEBUG 5300 --- [nio-8701-exec-1] o.s.s.w.a.i.FilterSecurityInterceptor    : Authorized filter invocation [GET /api/recipe/149] with attributes [authenticated]
2022-03-20 12:26:44.250 DEBUG 5300 --- [nio-8701-exec-1] o.s.security.web.FilterChainProxy        : Secured GET /api/recipe/149
2022-03-20 12:26:44.250 DEBUG 5300 --- [nio-8701-exec-1] o.s.web.servlet.DispatcherServlet        : GET "/api/recipe/149", parameters={}
2022-03-20 12:26:44.251 DEBUG 5300 --- [nio-8701-exec-1] s.w.s.m.m.a.RequestMappingHandlerMapping : Mapped to recipes.presentation.RecipesController#getRecipe(Long)
2022-03-20 12:26:44.251 DEBUG 5300 --- [nio-8701-exec-1] o.j.s.OpenEntityManagerInViewInterceptor : Opening JPA EntityManager in OpenEntityManagerInViewInterceptor
2022-03-20 12:26:44.263 DEBUG 5300 --- [nio-8701-exec-1] o.s.orm.jpa.JpaTransactionManager        : Found thread-bound EntityManager [SessionImpl(1656537457<open>)] for JPA transaction
2022-03-20 12:26:44.264 DEBUG 5300 --- [nio-8701-exec-1] o.s.orm.jpa.JpaTransactionManager        : Creating new transaction with name [org.springframework.data.jpa.repository.support.SimpleJpaRepository.existsById]: PROPAGATION_REQUIRED,ISOLATION_DEFAULT,readOnly
2022-03-20 12:26:44.264 DEBUG 5300 --- [nio-8701-exec-1] o.s.jdbc.datasource.DataSourceUtils      : Setting JDBC Connection [HikariProxyConnection@643652269 wrapping conn10: url=jdbc:h2:tcp://localhost/~/testdb user=SA] read-only
2022-03-20 12:26:44.264 DEBUG 5300 --- [nio-8701-exec-1] o.s.orm.jpa.JpaTransactionManager        : Exposing JPA transaction as JDBC [org.springframework.orm.jpa.vendor.HibernateJpaDialect$HibernateConnectionHandle@75cc6c01]
Hibernate: select count(*) as col_0_0_ from recipes recipe0_ where recipe0_.id=?
2022-03-20 12:26:44.271 DEBUG 5300 --- [nio-8701-exec-1] o.s.orm.jpa.JpaTransactionManager        : Initiating transaction commit
2022-03-20 12:26:44.271 DEBUG 5300 --- [nio-8701-exec-1] o.s.orm.jpa.JpaTransactionManager        : Committing JPA transaction on EntityManager [SessionImpl(1656537457<open>)]
2022-03-20 12:26:44.273 DEBUG 5300 --- [nio-8701-exec-1] o.s.jdbc.datasource.DataSourceUtils      : Resetting read-only flag of JDBC Connection [HikariProxyConnection@643652269 wrapping conn10: url=jdbc:h2:tcp://localhost/~/testdb user=SA]
2022-03-20 12:26:44.273 DEBUG 5300 --- [nio-8701-exec-1] o.s.orm.jpa.JpaTransactionManager        : Not closing pre-bound JPA EntityManager after transaction
2022-03-20 12:26:44.274 DEBUG 5300 --- [nio-8701-exec-1] o.s.orm.jpa.JpaTransactionManager        : Found thread-bound EntityManager [SessionImpl(1656537457<open>)] for JPA transaction
2022-03-20 12:26:44.275 DEBUG 5300 --- [nio-8701-exec-1] o.s.orm.jpa.JpaTransactionManager        : Creating new transaction with name [org.springframework.data.jpa.repository.support.SimpleJpaRepository.findById]: PROPAGATION_REQUIRED,ISOLATION_DEFAULT,readOnly
2022-03-20 12:26:44.275 DEBUG 5300 --- [nio-8701-exec-1] o.s.jdbc.datasource.DataSourceUtils      : Setting JDBC Connection [HikariProxyConnection@643652269 wrapping conn10: url=jdbc:h2:tcp://localhost/~/testdb user=SA] read-only
2022-03-20 12:26:44.276 DEBUG 5300 --- [nio-8701-exec-1] o.s.orm.jpa.JpaTransactionManager        : Exposing JPA transaction as JDBC [org.springframework.orm.jpa.vendor.HibernateJpaDialect$HibernateConnectionHandle@3f78d829]
Hibernate: select recipe0_.id as id1_2_0_, recipe0_.category as category2_2_0_, recipe0_.date as date3_2_0_, recipe0_.description as descript4_2_0_, recipe0_.email as email5_2_0_, recipe0_.name as name6_2_0_ from recipes recipe0_ where recipe0_.id=?
2022-03-20 12:26:44.280 DEBUG 5300 --- [nio-8701-exec-1] o.s.orm.jpa.JpaTransactionManager        : Initiating transaction commit
2022-03-20 12:26:44.281 DEBUG 5300 --- [nio-8701-exec-1] o.s.orm.jpa.JpaTransactionManager        : Committing JPA transaction on EntityManager [SessionImpl(1656537457<open>)]
2022-03-20 12:26:44.282 DEBUG 5300 --- [nio-8701-exec-1] o.s.jdbc.datasource.DataSourceUtils      : Resetting read-only flag of JDBC Connection [HikariProxyConnection@643652269 wrapping conn10: url=jdbc:h2:tcp://localhost/~/testdb user=SA]
2022-03-20 12:26:44.282 DEBUG 5300 --- [nio-8701-exec-1] o.s.orm.jpa.JpaTransactionManager        : Not closing pre-bound JPA EntityManager after transaction
2022-03-20 12:26:44.290 DEBUG 5300 --- [nio-8701-exec-1] m.m.a.RequestResponseBodyMethodProcessor : Using 'application/json', given [*/*] and supported [application/json, application/*+json, application/json, application/*+json]
Hibernate: select ingredient0_.recipe_id as recipe_i1_1_0_, ingredient0_.ingredients as ingredie2_1_0_ from recipe_ingredients ingredient0_ where ingredient0_.recipe_id=?
Hibernate: select directions0_.recipe_id as recipe_i1_0_0_, directions0_.directions as directio2_0_0_ from recipe_directions directions0_ where directions0_.recipe_id=?
2022-03-20 12:26:44.317 DEBUG 5300 --- [nio-8701-exec-1] m.m.a.RequestResponseBodyMethodProcessor : Writing [Recipe(id=149, name=Fresh Mint Tea /Test, date=2022-03-20T12:26:38.687090, category=beverage /Test,  (truncated)...]
2022-03-20 12:26:44.321 DEBUG 5300 --- [nio-8701-exec-1] w.c.HttpSessionSecurityContextRepository : Stored SecurityContextImpl [Authentication=UsernamePasswordAuthenticationToken [Principal=recipes.businesslayer.UserDetailsImpl@523ee208, Credentials=[PROTECTED], Authenticated=true, Details=WebAuthenticationDetails [RemoteIpAddress=127.0.0.1, SessionId=null], Granted Authorities=[]]] to HttpSession [org.apache.catalina.session.StandardSessionFacade@2b43e5a]
2022-03-20 12:26:44.322 DEBUG 5300 --- [nio-8701-exec-1] o.j.s.OpenEntityManagerInViewInterceptor : Closing JPA EntityManager in OpenEntityManagerInViewInterceptor
2022-03-20 12:26:44.323 DEBUG 5300 --- [nio-8701-exec-1] o.s.web.servlet.DispatcherServlet        : Completed 200 OK
2022-03-20 12:26:44.323 DEBUG 5300 --- [nio-8701-exec-1] w.c.HttpSessionSecurityContextRepository : Stored SecurityContextImpl [Authentication=UsernamePasswordAuthenticationToken [Principal=recipes.businesslayer.UserDetailsImpl@523ee208, Credentials=[PROTECTED], Authenticated=true, Details=WebAuthenticationDetails [RemoteIpAddress=127.0.0.1, SessionId=null], Granted Authorities=[]]] to HttpSession [org.apache.catalina.session.StandardSessionFacade@2b43e5a]
2022-03-20 12:26:44.323 DEBUG 5300 --- [nio-8701-exec-1] s.s.w.c.SecurityContextPersistenceFilter : Cleared SecurityContextHolder to complete request
?[1;31m
Start test 15?[0m
2022-03-20 12:26:44.409 DEBUG 5300 --- [nio-8701-exec-2] o.s.security.web.FilterChainProxy        : Securing GET /api/recipe/150
2022-03-20 12:26:44.409 DEBUG 5300 --- [nio-8701-exec-2] s.s.w.c.SecurityContextPersistenceFilter : Set SecurityContextHolder to empty SecurityContext
2022-03-20 12:26:44.409 DEBUG 5300 --- [nio-8701-exec-2] tor$SharedEntityManagerInvocationHandler : Creating new EntityManager for shared EntityManager invocation
Hibernate: select user0_.email as email1_3_, user0_.password as password2_3_ from users user0_ where user0_.email=?
2022-03-20 12:26:44.433 DEBUG 5300 --- [nio-8701-exec-2] o.s.s.a.dao.DaoAuthenticationProvider    : Authenticated user
2022-03-20 12:26:44.433 DEBUG 5300 --- [nio-8701-exec-2] o.s.s.w.a.www.BasicAuthenticationFilter  : Set SecurityContextHolder to UsernamePasswordAuthenticationToken [Principal=recipes.businesslayer.UserDetailsImpl@72cfc16b, Credentials=[PROTECTED], Authenticated=true, Details=WebAuthenticationDetails [RemoteIpAddress=127.0.0.1, SessionId=null], Granted Authorities=[]]
2022-03-20 12:26:44.433 DEBUG 5300 --- [nio-8701-exec-2] w.c.HttpSessionSecurityContextRepository : Created HttpSession as SecurityContext is non-default
2022-03-20 12:26:44.433 DEBUG 5300 --- [nio-8701-exec-2] w.c.HttpSessionSecurityContextRepository : Stored SecurityContextImpl [Authentication=UsernamePasswordAuthenticationToken [Principal=recipes.businesslayer.UserDetailsImpl@72cfc16b, Credentials=[PROTECTED], Authenticated=true, Details=WebAuthenticationDetails [RemoteIpAddress=127.0.0.1, SessionId=null], Granted Authorities=[]]] to HttpSession [org.apache.catalina.session.StandardSessionFacade@66fa7cb6]
2022-03-20 12:26:44.435 DEBUG 5300 --- [nio-8701-exec-2] s.w.s.m.m.a.RequestMappingHandlerMapping : Mapped to recipes.presentation.RecipesController#getRecipe(Long)
2022-03-20 12:26:44.436 DEBUG 5300 --- [nio-8701-exec-2] o.s.s.w.a.i.FilterSecurityInterceptor    : Authorized filter invocation [GET /api/recipe/150] with attributes [authenticated]
2022-03-20 12:26:44.436 DEBUG 5300 --- [nio-8701-exec-2] o.s.security.web.FilterChainProxy        : Secured GET /api/recipe/150
2022-03-20 12:26:44.436 DEBUG 5300 --- [nio-8701-exec-2] o.s.web.servlet.DispatcherServlet        : GET "/api/recipe/150", parameters={}
2022-03-20 12:26:44.437 DEBUG 5300 --- [nio-8701-exec-2] s.w.s.m.m.a.RequestMappingHandlerMapping : Mapped to recipes.presentation.RecipesController#getRecipe(Long)
2022-03-20 12:26:44.438 DEBUG 5300 --- [nio-8701-exec-2] o.j.s.OpenEntityManagerInViewInterceptor : Opening JPA EntityManager in OpenEntityManagerInViewInterceptor
2022-03-20 12:26:44.439 DEBUG 5300 --- [nio-8701-exec-2] o.s.orm.jpa.JpaTransactionManager        : Found thread-bound EntityManager [SessionImpl(1131910002<open>)] for JPA transaction
2022-03-20 12:26:44.439 DEBUG 5300 --- [nio-8701-exec-2] o.s.orm.jpa.JpaTransactionManager        : Creating new transaction with name [org.springframework.data.jpa.repository.support.SimpleJpaRepository.existsById]: PROPAGATION_REQUIRED,ISOLATION_DEFAULT,readOnly
2022-03-20 12:26:44.439 DEBUG 5300 --- [nio-8701-exec-2] o.s.jdbc.datasource.DataSourceUtils      : Setting JDBC Connection [HikariProxyConnection@514355203 wrapping conn10: url=jdbc:h2:tcp://localhost/~/testdb user=SA] read-only
2022-03-20 12:26:44.440 DEBUG 5300 --- [nio-8701-exec-2] o.s.orm.jpa.JpaTransactionManager        : Exposing JPA transaction as JDBC [org.springframework.orm.jpa.vendor.HibernateJpaDialect$HibernateConnectionHandle@12e03e24]
Hibernate: select count(*) as col_0_0_ from recipes recipe0_ where recipe0_.id=?
2022-03-20 12:26:44.459 DEBUG 5300 --- [nio-8701-exec-2] o.s.orm.jpa.JpaTransactionManager        : Initiating transaction commit
2022-03-20 12:26:44.459 DEBUG 5300 --- [nio-8701-exec-2] o.s.orm.jpa.JpaTransactionManager        : Committing JPA transaction on EntityManager [SessionImpl(1131910002<open>)]
2022-03-20 12:26:44.492 DEBUG 5300 --- [nio-8701-exec-2] o.s.jdbc.datasource.DataSourceUtils      : Resetting read-only flag of JDBC Connection [HikariProxyConnection@514355203 wrapping conn10: url=jdbc:h2:tcp://localhost/~/testdb user=SA]
2022-03-20 12:26:44.493 DEBUG 5300 --- [nio-8701-exec-2] o.s.orm.jpa.JpaTransactionManager        : Not closing pre-bound JPA EntityManager after transaction
2022-03-20 12:26:44.493 DEBUG 5300 --- [nio-8701-exec-2] o.s.orm.jpa.JpaTransactionManager        : Found thread-bound EntityManager [SessionImpl(1131910002<open>)] for JPA transaction
2022-03-20 12:26:44.493 DEBUG 5300 --- [nio-8701-exec-2] o.s.orm.jpa.JpaTransactionManager        : Creating new transaction with name [org.springframework.data.jpa.repository.support.SimpleJpaRepository.findById]: PROPAGATION_REQUIRED,ISOLATION_DEFAULT,readOnly
2022-03-20 12:26:44.493 DEBUG 5300 --- [nio-8701-exec-2] o.s.jdbc.datasource.DataSourceUtils      : Setting JDBC Connection [HikariProxyConnection@514355203 wrapping conn10: url=jdbc:h2:tcp://localhost/~/testdb user=SA] read-only
2022-03-20 12:26:44.494 DEBUG 5300 --- [nio-8701-exec-2] o.s.orm.jpa.JpaTransactionManager        : Exposing JPA transaction as JDBC [org.springframework.orm.jpa.vendor.HibernateJpaDialect$HibernateConnectionHandle@5ac5ffa]
Hibernate: select recipe0_.id as id1_2_0_, recipe0_.category as category2_2_0_, recipe0_.date as date3_2_0_, recipe0_.description as descript4_2_0_, recipe0_.email as email5_2_0_, recipe0_.name as name6_2_0_ from recipes recipe0_ where recipe0_.id=?
2022-03-20 12:26:44.497 DEBUG 5300 --- [nio-8701-exec-2] o.s.orm.jpa.JpaTransactionManager        : Initiating transaction commit
2022-03-20 12:26:44.498 DEBUG 5300 --- [nio-8701-exec-2] o.s.orm.jpa.JpaTransactionManager        : Committing JPA transaction on EntityManager [SessionImpl(1131910002<open>)]
2022-03-20 12:26:44.499 DEBUG 5300 --- [nio-8701-exec-2] o.s.jdbc.datasource.DataSourceUtils      : Resetting read-only flag of JDBC Connection [HikariProxyConnection@514355203 wrapping conn10: url=jdbc:h2:tcp://localhost/~/testdb user=SA]
2022-03-20 12:26:44.499 DEBUG 5300 --- [nio-8701-exec-2] o.s.orm.jpa.JpaTransactionManager        : Not closing pre-bound JPA EntityManager after transaction
2022-03-20 12:26:44.499 DEBUG 5300 --- [nio-8701-exec-2] m.m.a.RequestResponseBodyMethodProcessor : Using 'application/json', given [*/*] and supported [application/json, application/*+json, application/json, application/*+json]
Hibernate: select ingredient0_.recipe_id as recipe_i1_1_0_, ingredient0_.ingredients as ingredie2_1_0_ from recipe_ingredients ingredient0_ where ingredient0_.recipe_id=?
Hibernate: select directions0_.recipe_id as recipe_i1_0_0_, directions0_.directions as directio2_0_0_ from recipe_directions directions0_ where directions0_.recipe_id=?
2022-03-20 12:26:44.505 DEBUG 5300 --- [nio-8701-exec-2] m.m.a.RequestResponseBodyMethodProcessor : Writing [Recipe(id=150, name=Warming Ginger Tea /Test, date=2022-03-20T12:26:38.896090, category=beverage /Te (truncated)...]
2022-03-20 12:26:44.506 DEBUG 5300 --- [nio-8701-exec-2] w.c.HttpSessionSecurityContextRepository : Stored SecurityContextImpl [Authentication=UsernamePasswordAuthenticationToken [Principal=recipes.businesslayer.UserDetailsImpl@72cfc16b, Credentials=[PROTECTED], Authenticated=true, Details=WebAuthenticationDetails [RemoteIpAddress=127.0.0.1, SessionId=null], Granted Authorities=[]]] to HttpSession [org.apache.catalina.session.StandardSessionFacade@66fa7cb6]
2022-03-20 12:26:44.507 DEBUG 5300 --- [nio-8701-exec-2] o.j.s.OpenEntityManagerInViewInterceptor : Closing JPA EntityManager in OpenEntityManagerInViewInterceptor
2022-03-20 12:26:44.507 DEBUG 5300 --- [nio-8701-exec-2] o.s.web.servlet.DispatcherServlet        : Completed 200 OK
2022-03-20 12:26:44.507 DEBUG 5300 --- [nio-8701-exec-2] w.c.HttpSessionSecurityContextRepository : Stored SecurityContextImpl [Authentication=UsernamePasswordAuthenticationToken [Principal=recipes.businesslayer.UserDetailsImpl@72cfc16b, Credentials=[PROTECTED], Authenticated=true, Details=WebAuthenticationDetails [RemoteIpAddress=127.0.0.1, SessionId=null], Granted Authorities=[]]] to HttpSession [org.apache.catalina.session.StandardSessionFacade@66fa7cb6]
2022-03-20 12:26:44.507 DEBUG 5300 --- [nio-8701-exec-2] s.s.w.c.SecurityContextPersistenceFilter : Cleared SecurityContextHolder to complete request
?[1;31m
Start test 16?[0m
2022-03-20 12:26:44.652 DEBUG 5300 --- [nio-8701-exec-3] o.s.security.web.FilterChainProxy        : Securing PUT /api/recipe/149
2022-03-20 12:26:44.652 DEBUG 5300 --- [nio-8701-exec-3] s.s.w.c.SecurityContextPersistenceFilter : Set SecurityContextHolder to empty SecurityContext
2022-03-20 12:26:44.656 DEBUG 5300 --- [nio-8701-exec-3] tor$SharedEntityManagerInvocationHandler : Creating new EntityManager for shared EntityManager invocation
Hibernate: select user0_.email as email1_3_, user0_.password as password2_3_ from users user0_ where user0_.email=?
2022-03-20 12:26:44.667 DEBUG 5300 --- [nio-8701-exec-3] o.s.s.a.dao.DaoAuthenticationProvider    : Authenticated user
2022-03-20 12:26:44.668 DEBUG 5300 --- [nio-8701-exec-3] o.s.s.w.a.www.BasicAuthenticationFilter  : Set SecurityContextHolder to UsernamePasswordAuthenticationToken [Principal=recipes.businesslayer.UserDetailsImpl@45d44e37, Credentials=[PROTECTED], Authenticated=true, Details=WebAuthenticationDetails [RemoteIpAddress=127.0.0.1, SessionId=null], Granted Authorities=[]]
2022-03-20 12:26:44.669 DEBUG 5300 --- [nio-8701-exec-3] w.c.HttpSessionSecurityContextRepository : Created HttpSession as SecurityContext is non-default
2022-03-20 12:26:44.669 DEBUG 5300 --- [nio-8701-exec-3] w.c.HttpSessionSecurityContextRepository : Stored SecurityContextImpl [Authentication=UsernamePasswordAuthenticationToken [Principal=recipes.businesslayer.UserDetailsImpl@45d44e37, Credentials=[PROTECTED], Authenticated=true, Details=WebAuthenticationDetails [RemoteIpAddress=127.0.0.1, SessionId=null], Granted Authorities=[]]] to HttpSession [org.apache.catalina.session.StandardSessionFacade@3a5cd2c7]
2022-03-20 12:26:44.671 DEBUG 5300 --- [nio-8701-exec-3] s.w.s.m.m.a.RequestMappingHandlerMapping : Mapped to recipes.presentation.RecipesController#updateRecipe(Long, Recipe, UserDetails)
2022-03-20 12:26:44.672 DEBUG 5300 --- [nio-8701-exec-3] o.s.s.w.a.i.FilterSecurityInterceptor    : Authorized filter invocation [PUT /api/recipe/149] with attributes [authenticated]
2022-03-20 12:26:44.672 DEBUG 5300 --- [nio-8701-exec-3] o.s.security.web.FilterChainProxy        : Secured PUT /api/recipe/149
2022-03-20 12:26:44.672 DEBUG 5300 --- [nio-8701-exec-3] o.s.web.servlet.DispatcherServlet        : PUT "/api/recipe/149", parameters={}
2022-03-20 12:26:44.673 DEBUG 5300 --- [nio-8701-exec-3] s.w.s.m.m.a.RequestMappingHandlerMapping : Mapped to recipes.presentation.RecipesController#updateRecipe(Long, Recipe, UserDetails)
2022-03-20 12:26:44.674 DEBUG 5300 --- [nio-8701-exec-3] o.j.s.OpenEntityManagerInViewInterceptor : Opening JPA EntityManager in OpenEntityManagerInViewInterceptor
2022-03-20 12:26:44.697 DEBUG 5300 --- [nio-8701-exec-3] m.m.a.RequestResponseBodyMethodProcessor : Read "application/json;charset=UTF-8" to [Recipe(id=0, name=Warming Ginger Tea /Test, date=null, category=beverage /Test, description=Ginger t (truncated)...]
2022-03-20 12:26:44.754 DEBUG 5300 --- [nio-8701-exec-3] o.s.orm.jpa.JpaTransactionManager        : Found thread-bound EntityManager [SessionImpl(383176107<open>)] for JPA transaction
2022-03-20 12:26:44.754 DEBUG 5300 --- [nio-8701-exec-3] o.s.orm.jpa.JpaTransactionManager        : Creating new transaction with name [org.springframework.data.jpa.repository.support.SimpleJpaRepository.existsById]: PROPAGATION_REQUIRED,ISOLATION_DEFAULT,readOnly
2022-03-20 12:26:44.754 DEBUG 5300 --- [nio-8701-exec-3] o.s.jdbc.datasource.DataSourceUtils      : Setting JDBC Connection [HikariProxyConnection@1126823494 wrapping conn10: url=jdbc:h2:tcp://localhost/~/testdb user=SA] read-only
2022-03-20 12:26:44.755 DEBUG 5300 --- [nio-8701-exec-3] o.s.orm.jpa.JpaTransactionManager        : Exposing JPA transaction as JDBC [org.springframework.orm.jpa.vendor.HibernateJpaDialect$HibernateConnectionHandle@e88686f]
Hibernate: select count(*) as col_0_0_ from recipes recipe0_ where recipe0_.id=?
2022-03-20 12:26:44.758 DEBUG 5300 --- [nio-8701-exec-3] o.s.orm.jpa.JpaTransactionManager        : Initiating transaction commit
2022-03-20 12:26:44.758 DEBUG 5300 --- [nio-8701-exec-3] o.s.orm.jpa.JpaTransactionManager        : Committing JPA transaction on EntityManager [SessionImpl(383176107<open>)]
2022-03-20 12:26:44.759 DEBUG 5300 --- [nio-8701-exec-3] o.s.jdbc.datasource.DataSourceUtils      : Resetting read-only flag of JDBC Connection [HikariProxyConnection@1126823494 wrapping conn10: url=jdbc:h2:tcp://localhost/~/testdb user=SA]
2022-03-20 12:26:44.759 DEBUG 5300 --- [nio-8701-exec-3] o.s.orm.jpa.JpaTransactionManager        : Not closing pre-bound JPA EntityManager after transaction
2022-03-20 12:26:44.760 DEBUG 5300 --- [nio-8701-exec-3] o.s.orm.jpa.JpaTransactionManager        : Found thread-bound EntityManager [SessionImpl(383176107<open>)] for JPA transaction
2022-03-20 12:26:44.760 DEBUG 5300 --- [nio-8701-exec-3] o.s.orm.jpa.JpaTransactionManager        : Creating new transaction with name [org.springframework.data.jpa.repository.support.SimpleJpaRepository.findById]: PROPAGATION_REQUIRED,ISOLATION_DEFAULT,readOnly
2022-03-20 12:26:44.760 DEBUG 5300 --- [nio-8701-exec-3] o.s.jdbc.datasource.DataSourceUtils      : Setting JDBC Connection [HikariProxyConnection@1126823494 wrapping conn10: url=jdbc:h2:tcp://localhost/~/testdb user=SA] read-only
2022-03-20 12:26:44.760 DEBUG 5300 --- [nio-8701-exec-3] o.s.orm.jpa.JpaTransactionManager        : Exposing JPA transaction as JDBC [org.springframework.orm.jpa.vendor.HibernateJpaDialect$HibernateConnectionHandle@5ac42bb2]
Hibernate: select recipe0_.id as id1_2_0_, recipe0_.category as category2_2_0_, recipe0_.date as date3_2_0_, recipe0_.description as descript4_2_0_, recipe0_.email as email5_2_0_, recipe0_.name as name6_2_0_ from recipes recipe0_ where recipe0_.id=?
2022-03-20 12:26:44.763 DEBUG 5300 --- [nio-8701-exec-3] o.s.orm.jpa.JpaTransactionManager        : Initiating transaction commit
2022-03-20 12:26:44.763 DEBUG 5300 --- [nio-8701-exec-3] o.s.orm.jpa.JpaTransactionManager        : Committing JPA transaction on EntityManager [SessionImpl(383176107<open>)]
2022-03-20 12:26:44.765 DEBUG 5300 --- [nio-8701-exec-3] o.s.jdbc.datasource.DataSourceUtils      : Resetting read-only flag of JDBC Connection [HikariProxyConnection@1126823494 wrapping conn10: url=jdbc:h2:tcp://localhost/~/testdb user=SA]
2022-03-20 12:26:44.765 DEBUG 5300 --- [nio-8701-exec-3] o.s.orm.jpa.JpaTransactionManager        : Not closing pre-bound JPA EntityManager after transaction
2022-03-20 12:26:44.766 DEBUG 5300 --- [nio-8701-exec-3] o.s.orm.jpa.JpaTransactionManager        : Found thread-bound EntityManager [SessionImpl(383176107<open>)] for JPA transaction
2022-03-20 12:26:44.766 DEBUG 5300 --- [nio-8701-exec-3] o.s.orm.jpa.JpaTransactionManager        : Creating new transaction with name [org.springframework.data.jpa.repository.support.SimpleJpaRepository.findById]: PROPAGATION_REQUIRED,ISOLATION_DEFAULT,readOnly
2022-03-20 12:26:44.766 DEBUG 5300 --- [nio-8701-exec-3] o.s.jdbc.datasource.DataSourceUtils      : Setting JDBC Connection [HikariProxyConnection@1126823494 wrapping conn10: url=jdbc:h2:tcp://localhost/~/testdb user=SA] read-only
2022-03-20 12:26:44.767 DEBUG 5300 --- [nio-8701-exec-3] o.s.orm.jpa.JpaTransactionManager        : Exposing JPA transaction as JDBC [org.springframework.orm.jpa.vendor.HibernateJpaDialect$HibernateConnectionHandle@45fbbe72]
2022-03-20 12:26:44.769 DEBUG 5300 --- [nio-8701-exec-3] o.s.orm.jpa.JpaTransactionManager        : Initiating transaction commit
2022-03-20 12:26:44.769 DEBUG 5300 --- [nio-8701-exec-3] o.s.orm.jpa.JpaTransactionManager        : Committing JPA transaction on EntityManager [SessionImpl(383176107<open>)]
2022-03-20 12:26:44.775 DEBUG 5300 --- [nio-8701-exec-3] o.s.jdbc.datasource.DataSourceUtils      : Resetting read-only flag of JDBC Connection [HikariProxyConnection@1126823494 wrapping conn10: url=jdbc:h2:tcp://localhost/~/testdb user=SA]
2022-03-20 12:26:44.775 DEBUG 5300 --- [nio-8701-exec-3] o.s.orm.jpa.JpaTransactionManager        : Not closing pre-bound JPA EntityManager after transaction
2022-03-20 12:26:44.776 DEBUG 5300 --- [nio-8701-exec-3] o.s.orm.jpa.JpaTransactionManager        : Found thread-bound EntityManager [SessionImpl(383176107<open>)] for JPA transaction
2022-03-20 12:26:44.776 DEBUG 5300 --- [nio-8701-exec-3] o.s.orm.jpa.JpaTransactionManager        : Creating new transaction with name [org.springframework.data.jpa.repository.support.SimpleJpaRepository.save]: PROPAGATION_REQUIRED,ISOLATION_DEFAULT
2022-03-20 12:26:44.779 DEBUG 5300 --- [nio-8701-exec-3] o.s.orm.jpa.JpaTransactionManager        : Exposing JPA transaction as JDBC [org.springframework.orm.jpa.vendor.HibernateJpaDialect$HibernateConnectionHandle@1442ef85]
2022-03-20 12:26:44.824 DEBUG 5300 --- [nio-8701-exec-3] o.s.orm.jpa.JpaTransactionManager        : Initiating transaction commit
2022-03-20 12:26:44.824 DEBUG 5300 --- [nio-8701-exec-3] o.s.orm.jpa.JpaTransactionManager        : Committing JPA transaction on EntityManager [SessionImpl(383176107<open>)]
Hibernate: update recipes set category=?, date=?, description=?, email=?, name=? where id=?
Hibernate: delete from recipe_directions where recipe_id=?
Hibernate: delete from recipe_ingredients where recipe_id=?
Hibernate: insert into recipe_directions (recipe_id, directions) values (?, ?)
Hibernate: insert into recipe_directions (recipe_id, directions) values (?, ?)
Hibernate: insert into recipe_directions (recipe_id, directions) values (?, ?)
Hibernate: insert into recipe_ingredients (recipe_id, ingredients) values (?, ?)
Hibernate: insert into recipe_ingredients (recipe_id, ingredients) values (?, ?)
Hibernate: insert into recipe_ingredients (recipe_id, ingredients) values (?, ?)
2022-03-20 12:26:44.865 DEBUG 5300 --- [nio-8701-exec-3] o.s.orm.jpa.JpaTransactionManager        : Not closing pre-bound JPA EntityManager after transaction
2022-03-20 12:26:44.866 DEBUG 5300 --- [nio-8701-exec-3] o.s.w.s.m.m.a.HttpEntityMethodProcessor  : Using 'application/octet-stream', given [*/*] and supported [*/*]
2022-03-20 12:26:44.867 DEBUG 5300 --- [nio-8701-exec-3] o.j.s.OpenEntityManagerInViewInterceptor : Closing JPA EntityManager in OpenEntityManagerInViewInterceptor
2022-03-20 12:26:44.867 DEBUG 5300 --- [nio-8701-exec-3] o.s.web.servlet.DispatcherServlet        : Completed 204 NO_CONTENT
2022-03-20 12:26:44.868 DEBUG 5300 --- [nio-8701-exec-3] w.c.HttpSessionSecurityContextRepository : Stored SecurityContextImpl [Authentication=UsernamePasswordAuthenticationToken [Principal=recipes.businesslayer.UserDetailsImpl@45d44e37, Credentials=[PROTECTED], Authenticated=true, Details=WebAuthenticationDetails [RemoteIpAddress=127.0.0.1, SessionId=null], Granted Authorities=[]]] to HttpSession [org.apache.catalina.session.StandardSessionFacade@3a5cd2c7]
2022-03-20 12:26:44.868 DEBUG 5300 --- [nio-8701-exec-3] s.s.w.c.SecurityContextPersistenceFilter : Cleared SecurityContextHolder to complete request
?[1;31m
Start test 17?[0m
2022-03-20 12:26:44.937 DEBUG 5300 --- [nio-8701-exec-4] o.s.security.web.FilterChainProxy        : Securing GET /api/recipe/149
2022-03-20 12:26:44.937 DEBUG 5300 --- [nio-8701-exec-4] s.s.w.c.SecurityContextPersistenceFilter : Set SecurityContextHolder to empty SecurityContext
2022-03-20 12:26:44.938 DEBUG 5300 --- [nio-8701-exec-4] tor$SharedEntityManagerInvocationHandler : Creating new EntityManager for shared EntityManager invocation
Hibernate: select user0_.email as email1_3_, user0_.password as password2_3_ from users user0_ where user0_.email=?
2022-03-20 12:26:44.941 DEBUG 5300 --- [nio-8701-exec-4] o.s.s.a.dao.DaoAuthenticationProvider    : Authenticated user
2022-03-20 12:26:44.943 DEBUG 5300 --- [nio-8701-exec-4] o.s.s.w.a.www.BasicAuthenticationFilter  : Set SecurityContextHolder to UsernamePasswordAuthenticationToken [Principal=recipes.businesslayer.UserDetailsImpl@4ed954b3, Credentials=[PROTECTED], Authenticated=true, Details=WebAuthenticationDetails [RemoteIpAddress=127.0.0.1, SessionId=null], Granted Authorities=[]]
2022-03-20 12:26:44.944 DEBUG 5300 --- [nio-8701-exec-4] w.c.HttpSessionSecurityContextRepository : Created HttpSession as SecurityContext is non-default
2022-03-20 12:26:44.944 DEBUG 5300 --- [nio-8701-exec-4] w.c.HttpSessionSecurityContextRepository : Stored SecurityContextImpl [Authentication=UsernamePasswordAuthenticationToken [Principal=recipes.businesslayer.UserDetailsImpl@4ed954b3, Credentials=[PROTECTED], Authenticated=true, Details=WebAuthenticationDetails [RemoteIpAddress=127.0.0.1, SessionId=null], Granted Authorities=[]]] to HttpSession [org.apache.catalina.session.StandardSessionFacade@52e028f4]
2022-03-20 12:26:44.946 DEBUG 5300 --- [nio-8701-exec-4] s.w.s.m.m.a.RequestMappingHandlerMapping : Mapped to recipes.presentation.RecipesController#getRecipe(Long)
2022-03-20 12:26:44.947 DEBUG 5300 --- [nio-8701-exec-4] o.s.s.w.a.i.FilterSecurityInterceptor    : Authorized filter invocation [GET /api/recipe/149] with attributes [authenticated]
2022-03-20 12:26:44.947 DEBUG 5300 --- [nio-8701-exec-4] o.s.security.web.FilterChainProxy        : Secured GET /api/recipe/149
2022-03-20 12:26:44.948 DEBUG 5300 --- [nio-8701-exec-4] o.s.web.servlet.DispatcherServlet        : GET "/api/recipe/149", parameters={}
2022-03-20 12:26:44.949 DEBUG 5300 --- [nio-8701-exec-4] s.w.s.m.m.a.RequestMappingHandlerMapping : Mapped to recipes.presentation.RecipesController#getRecipe(Long)
2022-03-20 12:26:44.950 DEBUG 5300 --- [nio-8701-exec-4] o.j.s.OpenEntityManagerInViewInterceptor : Opening JPA EntityManager in OpenEntityManagerInViewInterceptor
2022-03-20 12:26:44.952 DEBUG 5300 --- [nio-8701-exec-4] o.s.orm.jpa.JpaTransactionManager        : Found thread-bound EntityManager [SessionImpl(2136816702<open>)] for JPA transaction
2022-03-20 12:26:44.953 DEBUG 5300 --- [nio-8701-exec-4] o.s.orm.jpa.JpaTransactionManager        : Creating new transaction with name [org.springframework.data.jpa.repository.support.SimpleJpaRepository.existsById]: PROPAGATION_REQUIRED,ISOLATION_DEFAULT,readOnly
2022-03-20 12:26:44.953 DEBUG 5300 --- [nio-8701-exec-4] o.s.jdbc.datasource.DataSourceUtils      : Setting JDBC Connection [HikariProxyConnection@713957074 wrapping conn10: url=jdbc:h2:tcp://localhost/~/testdb user=SA] read-only
2022-03-20 12:26:44.953 DEBUG 5300 --- [nio-8701-exec-4] o.s.orm.jpa.JpaTransactionManager        : Exposing JPA transaction as JDBC [org.springframework.orm.jpa.vendor.HibernateJpaDialect$HibernateConnectionHandle@2ef6abfc]
Hibernate: select count(*) as col_0_0_ from recipes recipe0_ where recipe0_.id=?
2022-03-20 12:26:44.956 DEBUG 5300 --- [nio-8701-exec-4] o.s.orm.jpa.JpaTransactionManager        : Initiating transaction commit
2022-03-20 12:26:44.956 DEBUG 5300 --- [nio-8701-exec-4] o.s.orm.jpa.JpaTransactionManager        : Committing JPA transaction on EntityManager [SessionImpl(2136816702<open>)]
2022-03-20 12:26:44.957 DEBUG 5300 --- [nio-8701-exec-4] o.s.jdbc.datasource.DataSourceUtils      : Resetting read-only flag of JDBC Connection [HikariProxyConnection@713957074 wrapping conn10: url=jdbc:h2:tcp://localhost/~/testdb user=SA]
2022-03-20 12:26:44.957 DEBUG 5300 --- [nio-8701-exec-4] o.s.orm.jpa.JpaTransactionManager        : Not closing pre-bound JPA EntityManager after transaction
2022-03-20 12:26:44.957 DEBUG 5300 --- [nio-8701-exec-4] o.s.orm.jpa.JpaTransactionManager        : Found thread-bound EntityManager [SessionImpl(2136816702<open>)] for JPA transaction
2022-03-20 12:26:44.957 DEBUG 5300 --- [nio-8701-exec-4] o.s.orm.jpa.JpaTransactionManager        : Creating new transaction with name [org.springframework.data.jpa.repository.support.SimpleJpaRepository.findById]: PROPAGATION_REQUIRED,ISOLATION_DEFAULT,readOnly
2022-03-20 12:26:44.957 DEBUG 5300 --- [nio-8701-exec-4] o.s.jdbc.datasource.DataSourceUtils      : Setting JDBC Connection [HikariProxyConnection@713957074 wrapping conn10: url=jdbc:h2:tcp://localhost/~/testdb user=SA] read-only
2022-03-20 12:26:44.958 DEBUG 5300 --- [nio-8701-exec-4] o.s.orm.jpa.JpaTransactionManager        : Exposing JPA transaction as JDBC [org.springframework.orm.jpa.vendor.HibernateJpaDialect$HibernateConnectionHandle@318a1535]
Hibernate: select recipe0_.id as id1_2_0_, recipe0_.category as category2_2_0_, recipe0_.date as date3_2_0_, recipe0_.description as descript4_2_0_, recipe0_.email as email5_2_0_, recipe0_.name as name6_2_0_ from recipes recipe0_ where recipe0_.id=?
2022-03-20 12:26:44.962 DEBUG 5300 --- [nio-8701-exec-4] o.s.orm.jpa.JpaTransactionManager        : Initiating transaction commit
2022-03-20 12:26:44.962 DEBUG 5300 --- [nio-8701-exec-4] o.s.orm.jpa.JpaTransactionManager        : Committing JPA transaction on EntityManager [SessionImpl(2136816702<open>)]
2022-03-20 12:26:44.964 DEBUG 5300 --- [nio-8701-exec-4] o.s.jdbc.datasource.DataSourceUtils      : Resetting read-only flag of JDBC Connection [HikariProxyConnection@713957074 wrapping conn10: url=jdbc:h2:tcp://localhost/~/testdb user=SA]
2022-03-20 12:26:44.964 DEBUG 5300 --- [nio-8701-exec-4] o.s.orm.jpa.JpaTransactionManager        : Not closing pre-bound JPA EntityManager after transaction
2022-03-20 12:26:44.965 DEBUG 5300 --- [nio-8701-exec-4] m.m.a.RequestResponseBodyMethodProcessor : Using 'application/json', given [*/*] and supported [application/json, application/*+json, application/json, application/*+json]
Hibernate: select ingredient0_.recipe_id as recipe_i1_1_0_, ingredient0_.ingredients as ingredie2_1_0_ from recipe_ingredients ingredient0_ where ingredient0_.recipe_id=?
Hibernate: select directions0_.recipe_id as recipe_i1_0_0_, directions0_.directions as directio2_0_0_ from recipe_directions directions0_ where directions0_.recipe_id=?
2022-03-20 12:26:44.975 DEBUG 5300 --- [nio-8701-exec-4] m.m.a.RequestResponseBodyMethodProcessor : Writing [Recipe(id=149, name=Warming Ginger Tea /Test, date=2022-03-20T12:26:44.834090, category=beverage /Te (truncated)...]
2022-03-20 12:26:44.976 DEBUG 5300 --- [nio-8701-exec-4] w.c.HttpSessionSecurityContextRepository : Stored SecurityContextImpl [Authentication=UsernamePasswordAuthenticationToken [Principal=recipes.businesslayer.UserDetailsImpl@4ed954b3, Credentials=[PROTECTED], Authenticated=true, Details=WebAuthenticationDetails [RemoteIpAddress=127.0.0.1, SessionId=null], Granted Authorities=[]]] to HttpSession [org.apache.catalina.session.StandardSessionFacade@52e028f4]
2022-03-20 12:26:44.977 DEBUG 5300 --- [nio-8701-exec-4] o.j.s.OpenEntityManagerInViewInterceptor : Closing JPA EntityManager in OpenEntityManagerInViewInterceptor
2022-03-20 12:26:44.978 DEBUG 5300 --- [nio-8701-exec-4] o.s.web.servlet.DispatcherServlet        : Completed 200 OK
2022-03-20 12:26:44.978 DEBUG 5300 --- [nio-8701-exec-4] w.c.HttpSessionSecurityContextRepository : Stored SecurityContextImpl [Authentication=UsernamePasswordAuthenticationToken [Principal=recipes.businesslayer.UserDetailsImpl@4ed954b3, Credentials=[PROTECTED], Authenticated=true, Details=WebAuthenticationDetails [RemoteIpAddress=127.0.0.1, SessionId=null], Granted Authorities=[]]] to HttpSession [org.apache.catalina.session.StandardSessionFacade@52e028f4]
2022-03-20 12:26:44.978 DEBUG 5300 --- [nio-8701-exec-4] s.s.w.c.SecurityContextPersistenceFilter : Cleared SecurityContextHolder to complete request
?[1;31m
Start test 18?[0m
2022-03-20 12:26:45.007 DEBUG 5300 --- [nio-8701-exec-5] o.s.security.web.FilterChainProxy        : Securing DELETE /api/recipe/149
2022-03-20 12:26:45.009 DEBUG 5300 --- [nio-8701-exec-5] s.s.w.c.SecurityContextPersistenceFilter : Set SecurityContextHolder to empty SecurityContext
2022-03-20 12:26:45.011 DEBUG 5300 --- [nio-8701-exec-5] tor$SharedEntityManagerInvocationHandler : Creating new EntityManager for shared EntityManager invocation
Hibernate: select user0_.email as email1_3_, user0_.password as password2_3_ from users user0_ where user0_.email=?
2022-03-20 12:26:45.016 DEBUG 5300 --- [nio-8701-exec-5] o.s.s.a.dao.DaoAuthenticationProvider    : Authenticated user
2022-03-20 12:26:45.017 DEBUG 5300 --- [nio-8701-exec-5] o.s.s.w.a.www.BasicAuthenticationFilter  : Set SecurityContextHolder to UsernamePasswordAuthenticationToken [Principal=recipes.businesslayer.UserDetailsImpl@afa2b45, Credentials=[PROTECTED], Authenticated=true, Details=WebAuthenticationDetails [RemoteIpAddress=127.0.0.1, SessionId=null], Granted Authorities=[]]
2022-03-20 12:26:45.017 DEBUG 5300 --- [nio-8701-exec-5] w.c.HttpSessionSecurityContextRepository : Created HttpSession as SecurityContext is non-default
2022-03-20 12:26:45.018 DEBUG 5300 --- [nio-8701-exec-5] w.c.HttpSessionSecurityContextRepository : Stored SecurityContextImpl [Authentication=UsernamePasswordAuthenticationToken [Principal=recipes.businesslayer.UserDetailsImpl@afa2b45, Credentials=[PROTECTED], Authenticated=true, Details=WebAuthenticationDetails [RemoteIpAddress=127.0.0.1, SessionId=null], Granted Authorities=[]]] to HttpSession [org.apache.catalina.session.StandardSessionFacade@49042013]
2022-03-20 12:26:45.019 DEBUG 5300 --- [nio-8701-exec-5] s.w.s.m.m.a.RequestMappingHandlerMapping : Mapped to recipes.presentation.RecipesController#deleteRecipe(UserDetails, Long)
2022-03-20 12:26:45.020 DEBUG 5300 --- [nio-8701-exec-5] o.s.s.w.a.i.FilterSecurityInterceptor    : Authorized filter invocation [DELETE /api/recipe/149] with attributes [authenticated]
2022-03-20 12:26:45.020 DEBUG 5300 --- [nio-8701-exec-5] o.s.security.web.FilterChainProxy        : Secured DELETE /api/recipe/149
2022-03-20 12:26:45.020 DEBUG 5300 --- [nio-8701-exec-5] o.s.web.servlet.DispatcherServlet        : DELETE "/api/recipe/149", parameters={}
2022-03-20 12:26:45.021 DEBUG 5300 --- [nio-8701-exec-5] s.w.s.m.m.a.RequestMappingHandlerMapping : Mapped to recipes.presentation.RecipesController#deleteRecipe(UserDetails, Long)
2022-03-20 12:26:45.022 DEBUG 5300 --- [nio-8701-exec-5] o.j.s.OpenEntityManagerInViewInterceptor : Opening JPA EntityManager in OpenEntityManagerInViewInterceptor
2022-03-20 12:26:45.024 DEBUG 5300 --- [nio-8701-exec-5] o.s.orm.jpa.JpaTransactionManager        : Found thread-bound EntityManager [SessionImpl(1792398346<open>)] for JPA transaction
2022-03-20 12:26:45.024 DEBUG 5300 --- [nio-8701-exec-5] o.s.orm.jpa.JpaTransactionManager        : Creating new transaction with name [org.springframework.data.jpa.repository.support.SimpleJpaRepository.existsById]: PROPAGATION_REQUIRED,ISOLATION_DEFAULT,readOnly
2022-03-20 12:26:45.024 DEBUG 5300 --- [nio-8701-exec-5] o.s.jdbc.datasource.DataSourceUtils      : Setting JDBC Connection [HikariProxyConnection@37316091 wrapping conn10: url=jdbc:h2:tcp://localhost/~/testdb user=SA] read-only
2022-03-20 12:26:45.025 DEBUG 5300 --- [nio-8701-exec-5] o.s.orm.jpa.JpaTransactionManager        : Exposing JPA transaction as JDBC [org.springframework.orm.jpa.vendor.HibernateJpaDialect$HibernateConnectionHandle@68cdafe4]
Hibernate: select count(*) as col_0_0_ from recipes recipe0_ where recipe0_.id=?
2022-03-20 12:26:45.027 DEBUG 5300 --- [nio-8701-exec-5] o.s.orm.jpa.JpaTransactionManager        : Initiating transaction commit
2022-03-20 12:26:45.028 DEBUG 5300 --- [nio-8701-exec-5] o.s.orm.jpa.JpaTransactionManager        : Committing JPA transaction on EntityManager [SessionImpl(1792398346<open>)]
2022-03-20 12:26:45.029 DEBUG 5300 --- [nio-8701-exec-5] o.s.jdbc.datasource.DataSourceUtils      : Resetting read-only flag of JDBC Connection [HikariProxyConnection@37316091 wrapping conn10: url=jdbc:h2:tcp://localhost/~/testdb user=SA]
2022-03-20 12:26:45.029 DEBUG 5300 --- [nio-8701-exec-5] o.s.orm.jpa.JpaTransactionManager        : Not closing pre-bound JPA EntityManager after transaction
2022-03-20 12:26:45.029 DEBUG 5300 --- [nio-8701-exec-5] o.s.orm.jpa.JpaTransactionManager        : Found thread-bound EntityManager [SessionImpl(1792398346<open>)] for JPA transaction
2022-03-20 12:26:45.029 DEBUG 5300 --- [nio-8701-exec-5] o.s.orm.jpa.JpaTransactionManager        : Creating new transaction with name [org.springframework.data.jpa.repository.support.SimpleJpaRepository.findById]: PROPAGATION_REQUIRED,ISOLATION_DEFAULT,readOnly
2022-03-20 12:26:45.029 DEBUG 5300 --- [nio-8701-exec-5] o.s.jdbc.datasource.DataSourceUtils      : Setting JDBC Connection [HikariProxyConnection@37316091 wrapping conn10: url=jdbc:h2:tcp://localhost/~/testdb user=SA] read-only
2022-03-20 12:26:45.030 DEBUG 5300 --- [nio-8701-exec-5] o.s.orm.jpa.JpaTransactionManager        : Exposing JPA transaction as JDBC [org.springframework.orm.jpa.vendor.HibernateJpaDialect$HibernateConnectionHandle@27c47cf3]
Hibernate: select recipe0_.id as id1_2_0_, recipe0_.category as category2_2_0_, recipe0_.date as date3_2_0_, recipe0_.description as descript4_2_0_, recipe0_.email as email5_2_0_, recipe0_.name as name6_2_0_ from recipes recipe0_ where recipe0_.id=?
2022-03-20 12:26:45.034 DEBUG 5300 --- [nio-8701-exec-5] o.s.orm.jpa.JpaTransactionManager        : Initiating transaction commit
2022-03-20 12:26:45.034 DEBUG 5300 --- [nio-8701-exec-5] o.s.orm.jpa.JpaTransactionManager        : Committing JPA transaction on EntityManager [SessionImpl(1792398346<open>)]
2022-03-20 12:26:45.035 DEBUG 5300 --- [nio-8701-exec-5] o.s.jdbc.datasource.DataSourceUtils      : Resetting read-only flag of JDBC Connection [HikariProxyConnection@37316091 wrapping conn10: url=jdbc:h2:tcp://localhost/~/testdb user=SA]
2022-03-20 12:26:45.035 DEBUG 5300 --- [nio-8701-exec-5] o.s.orm.jpa.JpaTransactionManager        : Not closing pre-bound JPA EntityManager after transaction
2022-03-20 12:26:45.035 DEBUG 5300 --- [nio-8701-exec-5] o.s.orm.jpa.JpaTransactionManager        : Found thread-bound EntityManager [SessionImpl(1792398346<open>)] for JPA transaction
2022-03-20 12:26:45.035 DEBUG 5300 --- [nio-8701-exec-5] o.s.orm.jpa.JpaTransactionManager        : Creating new transaction with name [org.springframework.data.jpa.repository.support.SimpleJpaRepository.existsById]: PROPAGATION_REQUIRED,ISOLATION_DEFAULT,readOnly
2022-03-20 12:26:45.036 DEBUG 5300 --- [nio-8701-exec-5] o.s.jdbc.datasource.DataSourceUtils      : Setting JDBC Connection [HikariProxyConnection@37316091 wrapping conn10: url=jdbc:h2:tcp://localhost/~/testdb user=SA] read-only
2022-03-20 12:26:45.036 DEBUG 5300 --- [nio-8701-exec-5] o.s.orm.jpa.JpaTransactionManager        : Exposing JPA transaction as JDBC [org.springframework.orm.jpa.vendor.HibernateJpaDialect$HibernateConnectionHandle@8526e73]
Hibernate: select count(*) as col_0_0_ from recipes recipe0_ where recipe0_.id=?
2022-03-20 12:26:45.039 DEBUG 5300 --- [nio-8701-exec-5] o.s.orm.jpa.JpaTransactionManager        : Initiating transaction commit
2022-03-20 12:26:45.039 DEBUG 5300 --- [nio-8701-exec-5] o.s.orm.jpa.JpaTransactionManager        : Committing JPA transaction on EntityManager [SessionImpl(1792398346<open>)]
2022-03-20 12:26:45.040 DEBUG 5300 --- [nio-8701-exec-5] o.s.jdbc.datasource.DataSourceUtils      : Resetting read-only flag of JDBC Connection [HikariProxyConnection@37316091 wrapping conn10: url=jdbc:h2:tcp://localhost/~/testdb user=SA]
2022-03-20 12:26:45.040 DEBUG 5300 --- [nio-8701-exec-5] o.s.orm.jpa.JpaTransactionManager        : Not closing pre-bound JPA EntityManager after transaction
2022-03-20 12:26:45.041 DEBUG 5300 --- [nio-8701-exec-5] o.s.orm.jpa.JpaTransactionManager        : Found thread-bound EntityManager [SessionImpl(1792398346<open>)] for JPA transaction
2022-03-20 12:26:45.041 DEBUG 5300 --- [nio-8701-exec-5] o.s.orm.jpa.JpaTransactionManager        : Creating new transaction with name [org.springframework.data.jpa.repository.support.SimpleJpaRepository.deleteById]: PROPAGATION_REQUIRED,ISOLATION_DEFAULT
2022-03-20 12:26:45.042 DEBUG 5300 --- [nio-8701-exec-5] o.s.orm.jpa.JpaTransactionManager        : Exposing JPA transaction as JDBC [org.springframework.orm.jpa.vendor.HibernateJpaDialect$HibernateConnectionHandle@3dbd6a01]
2022-03-20 12:26:45.050 DEBUG 5300 --- [nio-8701-exec-5] o.s.orm.jpa.JpaTransactionManager        : Initiating transaction commit
2022-03-20 12:26:45.050 DEBUG 5300 --- [nio-8701-exec-5] o.s.orm.jpa.JpaTransactionManager        : Committing JPA transaction on EntityManager [SessionImpl(1792398346<open>)]
Hibernate: delete from recipe_directions where recipe_id=?
Hibernate: delete from recipe_ingredients where recipe_id=?
Hibernate: delete from recipes where id=?
2022-03-20 12:26:45.061 DEBUG 5300 --- [nio-8701-exec-5] o.s.orm.jpa.JpaTransactionManager        : Not closing pre-bound JPA EntityManager after transaction
2022-03-20 12:26:45.067 DEBUG 5300 --- [nio-8701-exec-5] o.s.w.s.m.m.a.HttpEntityMethodProcessor  : Using 'application/json', given [*/*] and supported [application/json, application/*+json, application/json, application/*+json]
2022-03-20 12:26:45.067 DEBUG 5300 --- [nio-8701-exec-5] o.s.w.s.m.m.a.HttpEntityMethodProcessor  : Nothing to write: null body
2022-03-20 12:26:45.067 DEBUG 5300 --- [nio-8701-exec-5] o.j.s.OpenEntityManagerInViewInterceptor : Closing JPA EntityManager in OpenEntityManagerInViewInterceptor
2022-03-20 12:26:45.068 DEBUG 5300 --- [nio-8701-exec-5] o.s.web.servlet.DispatcherServlet        : Completed 204 NO_CONTENT
2022-03-20 12:26:45.068 DEBUG 5300 --- [nio-8701-exec-5] w.c.HttpSessionSecurityContextRepository : Stored SecurityContextImpl [Authentication=UsernamePasswordAuthenticationToken [Principal=recipes.businesslayer.UserDetailsImpl@afa2b45, Credentials=[PROTECTED], Authenticated=true, Details=WebAuthenticationDetails [RemoteIpAddress=127.0.0.1, SessionId=null], Granted Authorities=[]]] to HttpSession [org.apache.catalina.session.StandardSessionFacade@49042013]
2022-03-20 12:26:45.068 DEBUG 5300 --- [nio-8701-exec-5] s.s.w.c.SecurityContextPersistenceFilter : Cleared SecurityContextHolder to complete request
?[1;31m
Start test 19?[0m
2022-03-20 12:26:45.087 DEBUG 5300 --- [nio-8701-exec-6] o.s.security.web.FilterChainProxy        : Securing DELETE /api/recipe/149
2022-03-20 12:26:45.088 DEBUG 5300 --- [nio-8701-exec-6] s.s.w.c.SecurityContextPersistenceFilter : Set SecurityContextHolder to empty SecurityContext
2022-03-20 12:26:45.089 DEBUG 5300 --- [nio-8701-exec-6] tor$SharedEntityManagerInvocationHandler : Creating new EntityManager for shared EntityManager invocation
Hibernate: select user0_.email as email1_3_, user0_.password as password2_3_ from users user0_ where user0_.email=?
2022-03-20 12:26:45.092 DEBUG 5300 --- [nio-8701-exec-6] o.s.s.a.dao.DaoAuthenticationProvider    : Authenticated user
2022-03-20 12:26:45.092 DEBUG 5300 --- [nio-8701-exec-6] o.s.s.w.a.www.BasicAuthenticationFilter  : Set SecurityContextHolder to UsernamePasswordAuthenticationToken [Principal=recipes.businesslayer.UserDetailsImpl@5b91f1ba, Credentials=[PROTECTED], Authenticated=true, Details=WebAuthenticationDetails [RemoteIpAddress=127.0.0.1, SessionId=null], Granted Authorities=[]]
2022-03-20 12:26:45.092 DEBUG 5300 --- [nio-8701-exec-6] w.c.HttpSessionSecurityContextRepository : Created HttpSession as SecurityContext is non-default
2022-03-20 12:26:45.092 DEBUG 5300 --- [nio-8701-exec-6] w.c.HttpSessionSecurityContextRepository : Stored SecurityContextImpl [Authentication=UsernamePasswordAuthenticationToken [Principal=recipes.businesslayer.UserDetailsImpl@5b91f1ba, Credentials=[PROTECTED], Authenticated=true, Details=WebAuthenticationDetails [RemoteIpAddress=127.0.0.1, SessionId=null], Granted Authorities=[]]] to HttpSession [org.apache.catalina.session.StandardSessionFacade@178d5d53]
2022-03-20 12:26:45.093 DEBUG 5300 --- [nio-8701-exec-6] s.w.s.m.m.a.RequestMappingHandlerMapping : Mapped to recipes.presentation.RecipesController#deleteRecipe(UserDetails, Long)
2022-03-20 12:26:45.094 DEBUG 5300 --- [nio-8701-exec-6] o.s.s.w.a.i.FilterSecurityInterceptor    : Authorized filter invocation [DELETE /api/recipe/149] with attributes [authenticated]
2022-03-20 12:26:45.094 DEBUG 5300 --- [nio-8701-exec-6] o.s.security.web.FilterChainProxy        : Secured DELETE /api/recipe/149
2022-03-20 12:26:45.095 DEBUG 5300 --- [nio-8701-exec-6] o.s.web.servlet.DispatcherServlet        : DELETE "/api/recipe/149", parameters={}
2022-03-20 12:26:45.095 DEBUG 5300 --- [nio-8701-exec-6] s.w.s.m.m.a.RequestMappingHandlerMapping : Mapped to recipes.presentation.RecipesController#deleteRecipe(UserDetails, Long)
2022-03-20 12:26:45.096 DEBUG 5300 --- [nio-8701-exec-6] o.j.s.OpenEntityManagerInViewInterceptor : Opening JPA EntityManager in OpenEntityManagerInViewInterceptor
2022-03-20 12:26:45.097 DEBUG 5300 --- [nio-8701-exec-6] o.s.orm.jpa.JpaTransactionManager        : Found thread-bound EntityManager [SessionImpl(1778437328<open>)] for JPA transaction
2022-03-20 12:26:45.097 DEBUG 5300 --- [nio-8701-exec-6] o.s.orm.jpa.JpaTransactionManager        : Creating new transaction with name [org.springframework.data.jpa.repository.support.SimpleJpaRepository.existsById]: PROPAGATION_REQUIRED,ISOLATION_DEFAULT,readOnly
2022-03-20 12:26:45.097 DEBUG 5300 --- [nio-8701-exec-6] o.s.jdbc.datasource.DataSourceUtils      : Setting JDBC Connection [HikariProxyConnection@1878408848 wrapping conn10: url=jdbc:h2:tcp://localhost/~/testdb user=SA] read-only
2022-03-20 12:26:45.100 DEBUG 5300 --- [nio-8701-exec-6] o.s.orm.jpa.JpaTransactionManager        : Exposing JPA transaction as JDBC [org.springframework.orm.jpa.vendor.HibernateJpaDialect$HibernateConnectionHandle@3bbe0ef5]
Hibernate: select count(*) as col_0_0_ from recipes recipe0_ where recipe0_.id=?
2022-03-20 12:26:45.111 DEBUG 5300 --- [nio-8701-exec-6] o.s.orm.jpa.JpaTransactionManager        : Initiating transaction commit
2022-03-20 12:26:45.113 DEBUG 5300 --- [nio-8701-exec-6] o.s.orm.jpa.JpaTransactionManager        : Committing JPA transaction on EntityManager [SessionImpl(1778437328<open>)]
2022-03-20 12:26:45.115 DEBUG 5300 --- [nio-8701-exec-6] o.s.jdbc.datasource.DataSourceUtils      : Resetting read-only flag of JDBC Connection [HikariProxyConnection@1878408848 wrapping conn10: url=jdbc:h2:tcp://localhost/~/testdb user=SA]
2022-03-20 12:26:45.115 DEBUG 5300 --- [nio-8701-exec-6] o.s.orm.jpa.JpaTransactionManager        : Not closing pre-bound JPA EntityManager after transaction
2022-03-20 12:26:45.119 DEBUG 5300 --- [nio-8701-exec-6] w.c.HttpSessionSecurityContextRepository : Stored SecurityContextImpl [Authentication=UsernamePasswordAuthenticationToken [Principal=recipes.businesslayer.UserDetailsImpl@5b91f1ba, Credentials=[PROTECTED], Authenticated=true, Details=WebAuthenticationDetails [RemoteIpAddress=127.0.0.1, SessionId=null], Granted Authorities=[]]] to HttpSession [org.apache.catalina.session.StandardSessionFacade@178d5d53]
2022-03-20 12:26:45.120 DEBUG 5300 --- [nio-8701-exec-6] .w.s.m.a.ResponseStatusExceptionResolver : Resolved [org.springframework.web.server.ResponseStatusException: 404 NOT_FOUND]
2022-03-20 12:26:45.120 DEBUG 5300 --- [nio-8701-exec-6] o.j.s.OpenEntityManagerInViewInterceptor : Closing JPA EntityManager in OpenEntityManagerInViewInterceptor
2022-03-20 12:26:45.120 DEBUG 5300 --- [nio-8701-exec-6] o.s.web.servlet.DispatcherServlet        : Completed 404 NOT_FOUND
2022-03-20 12:26:45.121 DEBUG 5300 --- [nio-8701-exec-6] w.c.HttpSessionSecurityContextRepository : Stored SecurityContextImpl [Authentication=UsernamePasswordAuthenticationToken [Principal=recipes.businesslayer.UserDetailsImpl@5b91f1ba, Credentials=[PROTECTED], Authenticated=true, Details=WebAuthenticationDetails [RemoteIpAddress=127.0.0.1, SessionId=null], Granted Authorities=[]]] to HttpSession [org.apache.catalina.session.StandardSessionFacade@178d5d53]
2022-03-20 12:26:45.121 DEBUG 5300 --- [nio-8701-exec-6] s.s.w.c.SecurityContextPersistenceFilter : Cleared SecurityContextHolder to complete request
2022-03-20 12:26:45.122 DEBUG 5300 --- [nio-8701-exec-6] o.s.security.web.FilterChainProxy        : Securing DELETE /error
2022-03-20 12:26:45.122 DEBUG 5300 --- [nio-8701-exec-6] w.c.HttpSessionSecurityContextRepository : Retrieved SecurityContextImpl [Authentication=UsernamePasswordAuthenticationToken [Principal=recipes.businesslayer.UserDetailsImpl@5b91f1ba, Credentials=[PROTECTED], Authenticated=true, Details=WebAuthenticationDetails [RemoteIpAddress=127.0.0.1, SessionId=null], Granted Authorities=[]]]
2022-03-20 12:26:45.122 DEBUG 5300 --- [nio-8701-exec-6] s.s.w.c.SecurityContextPersistenceFilter : Set SecurityContextHolder to SecurityContextImpl [Authentication=UsernamePasswordAuthenticationToken [Principal=recipes.businesslayer.UserDetailsImpl@5b91f1ba, Credentials=[PROTECTED], Authenticated=true, Details=WebAuthenticationDetails [RemoteIpAddress=127.0.0.1, SessionId=null], Granted Authorities=[]]]
2022-03-20 12:26:45.123 DEBUG 5300 --- [nio-8701-exec-6] o.s.security.web.FilterChainProxy        : Secured DELETE /error
2022-03-20 12:26:45.123 DEBUG 5300 --- [nio-8701-exec-6] o.s.web.servlet.DispatcherServlet        : "ERROR" dispatch for DELETE "/error", parameters={}
2022-03-20 12:26:45.124 DEBUG 5300 --- [nio-8701-exec-6] s.w.s.m.m.a.RequestMappingHandlerMapping : Mapped to org.springframework.boot.autoconfigure.web.servlet.error.BasicErrorController#error(HttpServletRequest)
2022-03-20 12:26:45.124 DEBUG 5300 --- [nio-8701-exec-6] o.j.s.OpenEntityManagerInViewInterceptor : Opening JPA EntityManager in OpenEntityManagerInViewInterceptor
2022-03-20 12:26:45.126 DEBUG 5300 --- [nio-8701-exec-6] o.s.w.s.m.m.a.HttpEntityMethodProcessor  : Using 'application/json', given [*/*] and supported [application/json, application/*+json, application/json, application/*+json]
2022-03-20 12:26:45.127 DEBUG 5300 --- [nio-8701-exec-6] o.s.w.s.m.m.a.HttpEntityMethodProcessor  : Writing [{timestamp=Sun Mar 20 12:26:45 MSK 2022, status=404, error=Not Found, path=/api/recipe/149}]
2022-03-20 12:26:45.132 DEBUG 5300 --- [nio-8701-exec-6] o.j.s.OpenEntityManagerInViewInterceptor : Closing JPA EntityManager in OpenEntityManagerInViewInterceptor
2022-03-20 12:26:45.135 DEBUG 5300 --- [nio-8701-exec-6] o.s.web.servlet.DispatcherServlet        : Exiting from "ERROR" dispatch, status 404
2022-03-20 12:26:45.137 DEBUG 5300 --- [nio-8701-exec-6] s.s.w.c.SecurityContextPersistenceFilter : Cleared SecurityContextHolder to complete request
?[1;31m
Start test 20?[0m
2022-03-20 12:26:45.154 DEBUG 5300 --- [nio-8701-exec-7] o.s.security.web.FilterChainProxy        : Securing GET /api/recipe/149
2022-03-20 12:26:45.156 DEBUG 5300 --- [nio-8701-exec-7] s.s.w.c.SecurityContextPersistenceFilter : Set SecurityContextHolder to empty SecurityContext
2022-03-20 12:26:45.157 DEBUG 5300 --- [nio-8701-exec-7] tor$SharedEntityManagerInvocationHandler : Creating new EntityManager for shared EntityManager invocation
Hibernate: select user0_.email as email1_3_, user0_.password as password2_3_ from users user0_ where user0_.email=?
2022-03-20 12:26:45.162 DEBUG 5300 --- [nio-8701-exec-7] o.s.s.a.dao.DaoAuthenticationProvider    : Authenticated user
2022-03-20 12:26:45.163 DEBUG 5300 --- [nio-8701-exec-7] o.s.s.w.a.www.BasicAuthenticationFilter  : Set SecurityContextHolder to UsernamePasswordAuthenticationToken [Principal=recipes.businesslayer.UserDetailsImpl@13ad215e, Credentials=[PROTECTED], Authenticated=true, Details=WebAuthenticationDetails [RemoteIpAddress=127.0.0.1, SessionId=null], Granted Authorities=[]]
2022-03-20 12:26:45.163 DEBUG 5300 --- [nio-8701-exec-7] w.c.HttpSessionSecurityContextRepository : Created HttpSession as SecurityContext is non-default
2022-03-20 12:26:45.163 DEBUG 5300 --- [nio-8701-exec-7] w.c.HttpSessionSecurityContextRepository : Stored SecurityContextImpl [Authentication=UsernamePasswordAuthenticationToken [Principal=recipes.businesslayer.UserDetailsImpl@13ad215e, Credentials=[PROTECTED], Authenticated=true, Details=WebAuthenticationDetails [RemoteIpAddress=127.0.0.1, SessionId=null], Granted Authorities=[]]] to HttpSession [org.apache.catalina.session.StandardSessionFacade@71ec3682]
2022-03-20 12:26:45.167 DEBUG 5300 --- [nio-8701-exec-7] s.w.s.m.m.a.RequestMappingHandlerMapping : Mapped to recipes.presentation.RecipesController#getRecipe(Long)
2022-03-20 12:26:45.170 DEBUG 5300 --- [nio-8701-exec-7] o.s.s.w.a.i.FilterSecurityInterceptor    : Authorized filter invocation [GET /api/recipe/149] with attributes [authenticated]
2022-03-20 12:26:45.170 DEBUG 5300 --- [nio-8701-exec-7] o.s.security.web.FilterChainProxy        : Secured GET /api/recipe/149
2022-03-20 12:26:45.171 DEBUG 5300 --- [nio-8701-exec-7] o.s.web.servlet.DispatcherServlet        : GET "/api/recipe/149", parameters={}
2022-03-20 12:26:45.173 DEBUG 5300 --- [nio-8701-exec-7] s.w.s.m.m.a.RequestMappingHandlerMapping : Mapped to recipes.presentation.RecipesController#getRecipe(Long)
2022-03-20 12:26:45.173 DEBUG 5300 --- [nio-8701-exec-7] o.j.s.OpenEntityManagerInViewInterceptor : Opening JPA EntityManager in OpenEntityManagerInViewInterceptor
2022-03-20 12:26:45.176 DEBUG 5300 --- [nio-8701-exec-7] o.s.orm.jpa.JpaTransactionManager        : Found thread-bound EntityManager [SessionImpl(586477785<open>)] for JPA transaction
2022-03-20 12:26:45.176 DEBUG 5300 --- [nio-8701-exec-7] o.s.orm.jpa.JpaTransactionManager        : Creating new transaction with name [org.springframework.data.jpa.repository.support.SimpleJpaRepository.existsById]: PROPAGATION_REQUIRED,ISOLATION_DEFAULT,readOnly
2022-03-20 12:26:45.176 DEBUG 5300 --- [nio-8701-exec-7] o.s.jdbc.datasource.DataSourceUtils      : Setting JDBC Connection [HikariProxyConnection@157268405 wrapping conn10: url=jdbc:h2:tcp://localhost/~/testdb user=SA] read-only
2022-03-20 12:26:45.177 DEBUG 5300 --- [nio-8701-exec-7] o.s.orm.jpa.JpaTransactionManager        : Exposing JPA transaction as JDBC [org.springframework.orm.jpa.vendor.HibernateJpaDialect$HibernateConnectionHandle@7382de11]
Hibernate: select count(*) as col_0_0_ from recipes recipe0_ where recipe0_.id=?
2022-03-20 12:26:45.180 DEBUG 5300 --- [nio-8701-exec-7] o.s.orm.jpa.JpaTransactionManager        : Initiating transaction commit
2022-03-20 12:26:45.180 DEBUG 5300 --- [nio-8701-exec-7] o.s.orm.jpa.JpaTransactionManager        : Committing JPA transaction on EntityManager [SessionImpl(586477785<open>)]
2022-03-20 12:26:45.182 DEBUG 5300 --- [nio-8701-exec-7] o.s.jdbc.datasource.DataSourceUtils      : Resetting read-only flag of JDBC Connection [HikariProxyConnection@157268405 wrapping conn10: url=jdbc:h2:tcp://localhost/~/testdb user=SA]
2022-03-20 12:26:45.183 DEBUG 5300 --- [nio-8701-exec-7] o.s.orm.jpa.JpaTransactionManager        : Not closing pre-bound JPA EntityManager after transaction
2022-03-20 12:26:45.183 DEBUG 5300 --- [nio-8701-exec-7] w.c.HttpSessionSecurityContextRepository : Stored SecurityContextImpl [Authentication=UsernamePasswordAuthenticationToken [Principal=recipes.businesslayer.UserDetailsImpl@13ad215e, Credentials=[PROTECTED], Authenticated=true, Details=WebAuthenticationDetails [RemoteIpAddress=127.0.0.1, SessionId=null], Granted Authorities=[]]] to HttpSession [org.apache.catalina.session.StandardSessionFacade@71ec3682]
2022-03-20 12:26:45.184 DEBUG 5300 --- [nio-8701-exec-7] .w.s.m.a.ResponseStatusExceptionResolver : Resolved [org.springframework.web.server.ResponseStatusException: 404 NOT_FOUND]
2022-03-20 12:26:45.184 DEBUG 5300 --- [nio-8701-exec-7] o.j.s.OpenEntityManagerInViewInterceptor : Closing JPA EntityManager in OpenEntityManagerInViewInterceptor
2022-03-20 12:26:45.184 DEBUG 5300 --- [nio-8701-exec-7] o.s.web.servlet.DispatcherServlet        : Completed 404 NOT_FOUND
2022-03-20 12:26:45.185 DEBUG 5300 --- [nio-8701-exec-7] w.c.HttpSessionSecurityContextRepository : Stored SecurityContextImpl [Authentication=UsernamePasswordAuthenticationToken [Principal=recipes.businesslayer.UserDetailsImpl@13ad215e, Credentials=[PROTECTED], Authenticated=true, Details=WebAuthenticationDetails [RemoteIpAddress=127.0.0.1, SessionId=null], Granted Authorities=[]]] to HttpSession [org.apache.catalina.session.StandardSessionFacade@71ec3682]
2022-03-20 12:26:45.185 DEBUG 5300 --- [nio-8701-exec-7] s.s.w.c.SecurityContextPersistenceFilter : Cleared SecurityContextHolder to complete request
2022-03-20 12:26:45.186 DEBUG 5300 --- [nio-8701-exec-7] o.s.security.web.FilterChainProxy        : Securing GET /error
2022-03-20 12:26:45.186 DEBUG 5300 --- [nio-8701-exec-7] w.c.HttpSessionSecurityContextRepository : Retrieved SecurityContextImpl [Authentication=UsernamePasswordAuthenticationToken [Principal=recipes.businesslayer.UserDetailsImpl@13ad215e, Credentials=[PROTECTED], Authenticated=true, Details=WebAuthenticationDetails [RemoteIpAddress=127.0.0.1, SessionId=null], Granted Authorities=[]]]
2022-03-20 12:26:45.186 DEBUG 5300 --- [nio-8701-exec-7] s.s.w.c.SecurityContextPersistenceFilter : Set SecurityContextHolder to SecurityContextImpl [Authentication=UsernamePasswordAuthenticationToken [Principal=recipes.businesslayer.UserDetailsImpl@13ad215e, Credentials=[PROTECTED], Authenticated=true, Details=WebAuthenticationDetails [RemoteIpAddress=127.0.0.1, SessionId=null], Granted Authorities=[]]]
2022-03-20 12:26:45.186 DEBUG 5300 --- [nio-8701-exec-7] o.s.security.web.FilterChainProxy        : Secured GET /error
2022-03-20 12:26:45.187 DEBUG 5300 --- [nio-8701-exec-7] o.s.web.servlet.DispatcherServlet        : "ERROR" dispatch for GET "/error", parameters={}
2022-03-20 12:26:45.188 DEBUG 5300 --- [nio-8701-exec-7] s.w.s.m.m.a.RequestMappingHandlerMapping : Mapped to org.springframework.boot.autoconfigure.web.servlet.error.BasicErrorController#error(HttpServletRequest)
2022-03-20 12:26:45.188 DEBUG 5300 --- [nio-8701-exec-7] o.j.s.OpenEntityManagerInViewInterceptor : Opening JPA EntityManager in OpenEntityManagerInViewInterceptor
2022-03-20 12:26:45.189 DEBUG 5300 --- [nio-8701-exec-7] o.s.w.s.m.m.a.HttpEntityMethodProcessor  : Using 'application/json', given [*/*] and supported [application/json, application/*+json, application/json, application/*+json]
2022-03-20 12:26:45.190 DEBUG 5300 --- [nio-8701-exec-7] o.s.w.s.m.m.a.HttpEntityMethodProcessor  : Writing [{timestamp=Sun Mar 20 12:26:45 MSK 2022, status=404, error=Not Found, path=/api/recipe/149}]
2022-03-20 12:26:45.192 DEBUG 5300 --- [nio-8701-exec-7] o.j.s.OpenEntityManagerInViewInterceptor : Closing JPA EntityManager in OpenEntityManagerInViewInterceptor
2022-03-20 12:26:45.192 DEBUG 5300 --- [nio-8701-exec-7] o.s.web.servlet.DispatcherServlet        : Exiting from "ERROR" dispatch, status 404
2022-03-20 12:26:45.193 DEBUG 5300 --- [nio-8701-exec-7] s.s.w.c.SecurityContextPersistenceFilter : Cleared SecurityContextHolder to complete request
?[1;31m
Start test 21?[0m
2022-03-20 12:26:45.214 DEBUG 5300 --- [nio-8701-exec-8] o.s.security.web.FilterChainProxy        : Securing PUT /api/recipe/149
2022-03-20 12:26:45.215 DEBUG 5300 --- [nio-8701-exec-8] s.s.w.c.SecurityContextPersistenceFilter : Set SecurityContextHolder to empty SecurityContext
2022-03-20 12:26:45.215 DEBUG 5300 --- [nio-8701-exec-8] tor$SharedEntityManagerInvocationHandler : Creating new EntityManager for shared EntityManager invocation
Hibernate: select user0_.email as email1_3_, user0_.password as password2_3_ from users user0_ where user0_.email=?
2022-03-20 12:26:45.219 DEBUG 5300 --- [nio-8701-exec-8] o.s.s.a.dao.DaoAuthenticationProvider    : Authenticated user
2022-03-20 12:26:45.219 DEBUG 5300 --- [nio-8701-exec-8] o.s.s.w.a.www.BasicAuthenticationFilter  : Set SecurityContextHolder to UsernamePasswordAuthenticationToken [Principal=recipes.businesslayer.UserDetailsImpl@36707d9e, Credentials=[PROTECTED], Authenticated=true, Details=WebAuthenticationDetails [RemoteIpAddress=127.0.0.1, SessionId=null], Granted Authorities=[]]
2022-03-20 12:26:45.220 DEBUG 5300 --- [nio-8701-exec-8] w.c.HttpSessionSecurityContextRepository : Created HttpSession as SecurityContext is non-default
2022-03-20 12:26:45.220 DEBUG 5300 --- [nio-8701-exec-8] w.c.HttpSessionSecurityContextRepository : Stored SecurityContextImpl [Authentication=UsernamePasswordAuthenticationToken [Principal=recipes.businesslayer.UserDetailsImpl@36707d9e, Credentials=[PROTECTED], Authenticated=true, Details=WebAuthenticationDetails [RemoteIpAddress=127.0.0.1, SessionId=null], Granted Authorities=[]]] to HttpSession [org.apache.catalina.session.StandardSessionFacade@1be07012]
2022-03-20 12:26:45.221 DEBUG 5300 --- [nio-8701-exec-8] s.w.s.m.m.a.RequestMappingHandlerMapping : Mapped to recipes.presentation.RecipesController#updateRecipe(Long, Recipe, UserDetails)
2022-03-20 12:26:45.221 DEBUG 5300 --- [nio-8701-exec-8] o.s.s.w.a.i.FilterSecurityInterceptor    : Authorized filter invocation [PUT /api/recipe/149] with attributes [authenticated]
2022-03-20 12:26:45.222 DEBUG 5300 --- [nio-8701-exec-8] o.s.security.web.FilterChainProxy        : Secured PUT /api/recipe/149
2022-03-20 12:26:45.222 DEBUG 5300 --- [nio-8701-exec-8] o.s.web.servlet.DispatcherServlet        : PUT "/api/recipe/149", parameters={}
2022-03-20 12:26:45.223 DEBUG 5300 --- [nio-8701-exec-8] s.w.s.m.m.a.RequestMappingHandlerMapping : Mapped to recipes.presentation.RecipesController#updateRecipe(Long, Recipe, UserDetails)
2022-03-20 12:26:45.223 DEBUG 5300 --- [nio-8701-exec-8] o.j.s.OpenEntityManagerInViewInterceptor : Opening JPA EntityManager in OpenEntityManagerInViewInterceptor
2022-03-20 12:26:45.225 DEBUG 5300 --- [nio-8701-exec-8] m.m.a.RequestResponseBodyMethodProcessor : Read "application/json;charset=UTF-8" to [Recipe(id=0, name=Warming Ginger Tea /Test, date=null, category=beverage /Test, description=Ginger t (truncated)...]
2022-03-20 12:26:45.227 DEBUG 5300 --- [nio-8701-exec-8] o.s.orm.jpa.JpaTransactionManager        : Found thread-bound EntityManager [SessionImpl(1677107132<open>)] for JPA transaction
2022-03-20 12:26:45.227 DEBUG 5300 --- [nio-8701-exec-8] o.s.orm.jpa.JpaTransactionManager        : Creating new transaction with name [org.springframework.data.jpa.repository.support.SimpleJpaRepository.existsById]: PROPAGATION_REQUIRED,ISOLATION_DEFAULT,readOnly
2022-03-20 12:26:45.227 DEBUG 5300 --- [nio-8701-exec-8] o.s.jdbc.datasource.DataSourceUtils      : Setting JDBC Connection [HikariProxyConnection@1449099985 wrapping conn10: url=jdbc:h2:tcp://localhost/~/testdb user=SA] read-only
2022-03-20 12:26:45.228 DEBUG 5300 --- [nio-8701-exec-8] o.s.orm.jpa.JpaTransactionManager        : Exposing JPA transaction as JDBC [org.springframework.orm.jpa.vendor.HibernateJpaDialect$HibernateConnectionHandle@4ea708e8]
Hibernate: select count(*) as col_0_0_ from recipes recipe0_ where recipe0_.id=?
2022-03-20 12:26:45.230 DEBUG 5300 --- [nio-8701-exec-8] o.s.orm.jpa.JpaTransactionManager        : Initiating transaction commit
2022-03-20 12:26:45.230 DEBUG 5300 --- [nio-8701-exec-8] o.s.orm.jpa.JpaTransactionManager        : Committing JPA transaction on EntityManager [SessionImpl(1677107132<open>)]
2022-03-20 12:26:45.232 DEBUG 5300 --- [nio-8701-exec-8] o.s.jdbc.datasource.DataSourceUtils      : Resetting read-only flag of JDBC Connection [HikariProxyConnection@1449099985 wrapping conn10: url=jdbc:h2:tcp://localhost/~/testdb user=SA]
2022-03-20 12:26:45.232 DEBUG 5300 --- [nio-8701-exec-8] o.s.orm.jpa.JpaTransactionManager        : Not closing pre-bound JPA EntityManager after transaction
2022-03-20 12:26:45.233 DEBUG 5300 --- [nio-8701-exec-8] w.c.HttpSessionSecurityContextRepository : Stored SecurityContextImpl [Authentication=UsernamePasswordAuthenticationToken [Principal=recipes.businesslayer.UserDetailsImpl@36707d9e, Credentials=[PROTECTED], Authenticated=true, Details=WebAuthenticationDetails [RemoteIpAddress=127.0.0.1, SessionId=null], Granted Authorities=[]]] to HttpSession [org.apache.catalina.session.StandardSessionFacade@1be07012]
2022-03-20 12:26:45.233 DEBUG 5300 --- [nio-8701-exec-8] .w.s.m.a.ResponseStatusExceptionResolver : Resolved [org.springframework.web.server.ResponseStatusException: 404 NOT_FOUND]
2022-03-20 12:26:45.233 DEBUG 5300 --- [nio-8701-exec-8] o.j.s.OpenEntityManagerInViewInterceptor : Closing JPA EntityManager in OpenEntityManagerInViewInterceptor
2022-03-20 12:26:45.233 DEBUG 5300 --- [nio-8701-exec-8] o.s.web.servlet.DispatcherServlet        : Completed 404 NOT_FOUND
2022-03-20 12:26:45.233 DEBUG 5300 --- [nio-8701-exec-8] w.c.HttpSessionSecurityContextRepository : Stored SecurityContextImpl [Authentication=UsernamePasswordAuthenticationToken [Principal=recipes.businesslayer.UserDetailsImpl@36707d9e, Credentials=[PROTECTED], Authenticated=true, Details=WebAuthenticationDetails [RemoteIpAddress=127.0.0.1, SessionId=null], Granted Authorities=[]]] to HttpSession [org.apache.catalina.session.StandardSessionFacade@1be07012]
2022-03-20 12:26:45.234 DEBUG 5300 --- [nio-8701-exec-8] s.s.w.c.SecurityContextPersistenceFilter : Cleared SecurityContextHolder to complete request
2022-03-20 12:26:45.235 DEBUG 5300 --- [nio-8701-exec-8] o.s.security.web.FilterChainProxy        : Securing PUT /error
2022-03-20 12:26:45.235 DEBUG 5300 --- [nio-8701-exec-8] w.c.HttpSessionSecurityContextRepository : Retrieved SecurityContextImpl [Authentication=UsernamePasswordAuthenticationToken [Principal=recipes.businesslayer.UserDetailsImpl@36707d9e, Credentials=[PROTECTED], Authenticated=true, Details=WebAuthenticationDetails [RemoteIpAddress=127.0.0.1, SessionId=null], Granted Authorities=[]]]
2022-03-20 12:26:45.235 DEBUG 5300 --- [nio-8701-exec-8] s.s.w.c.SecurityContextPersistenceFilter : Set SecurityContextHolder to SecurityContextImpl [Authentication=UsernamePasswordAuthenticationToken [Principal=recipes.businesslayer.UserDetailsImpl@36707d9e, Credentials=[PROTECTED], Authenticated=true, Details=WebAuthenticationDetails [RemoteIpAddress=127.0.0.1, SessionId=null], Granted Authorities=[]]]
2022-03-20 12:26:45.235 DEBUG 5300 --- [nio-8701-exec-8] o.s.security.web.FilterChainProxy        : Secured PUT /error
2022-03-20 12:26:45.236 DEBUG 5300 --- [nio-8701-exec-8] o.s.web.servlet.DispatcherServlet        : "ERROR" dispatch for PUT "/error", parameters={}
2022-03-20 12:26:45.236 DEBUG 5300 --- [nio-8701-exec-8] s.w.s.m.m.a.RequestMappingHandlerMapping : Mapped to org.springframework.boot.autoconfigure.web.servlet.error.BasicErrorController#error(HttpServletRequest)
2022-03-20 12:26:45.237 DEBUG 5300 --- [nio-8701-exec-8] o.j.s.OpenEntityManagerInViewInterceptor : Opening JPA EntityManager in OpenEntityManagerInViewInterceptor
2022-03-20 12:26:45.238 DEBUG 5300 --- [nio-8701-exec-8] o.s.w.s.m.m.a.HttpEntityMethodProcessor  : Using 'application/json', given [*/*] and supported [application/json, application/*+json, application/json, application/*+json]
2022-03-20 12:26:45.238 DEBUG 5300 --- [nio-8701-exec-8] o.s.w.s.m.m.a.HttpEntityMethodProcessor  : Writing [{timestamp=Sun Mar 20 12:26:45 MSK 2022, status=404, error=Not Found, path=/api/recipe/149}]
2022-03-20 12:26:45.240 DEBUG 5300 --- [nio-8701-exec-8] o.j.s.OpenEntityManagerInViewInterceptor : Closing JPA EntityManager in OpenEntityManagerInViewInterceptor
2022-03-20 12:26:45.240 DEBUG 5300 --- [nio-8701-exec-8] o.s.web.servlet.DispatcherServlet        : Exiting from "ERROR" dispatch, status 404
2022-03-20 12:26:45.240 DEBUG 5300 --- [nio-8701-exec-8] s.s.w.c.SecurityContextPersistenceFilter : Cleared SecurityContextHolder to complete request
?[1;31m
Start test 22?[0m
2022-03-20 12:26:45.266 DEBUG 5300 --- [nio-8701-exec-9] o.s.security.web.FilterChainProxy        : Securing POST /api/recipe/new
2022-03-20 12:26:45.266 DEBUG 5300 --- [nio-8701-exec-9] s.s.w.c.SecurityContextPersistenceFilter : Set SecurityContextHolder to empty SecurityContext
2022-03-20 12:26:45.267 DEBUG 5300 --- [nio-8701-exec-9] tor$SharedEntityManagerInvocationHandler : Creating new EntityManager for shared EntityManager invocation
Hibernate: select user0_.email as email1_3_, user0_.password as password2_3_ from users user0_ where user0_.email=?
2022-03-20 12:26:45.269 DEBUG 5300 --- [nio-8701-exec-9] o.s.s.a.dao.DaoAuthenticationProvider    : Authenticated user
2022-03-20 12:26:45.270 DEBUG 5300 --- [nio-8701-exec-9] o.s.s.w.a.www.BasicAuthenticationFilter  : Set SecurityContextHolder to UsernamePasswordAuthenticationToken [Principal=recipes.businesslayer.UserDetailsImpl@69c37e87, Credentials=[PROTECTED], Authenticated=true, Details=WebAuthenticationDetails [RemoteIpAddress=127.0.0.1, SessionId=null], Granted Authorities=[]]
2022-03-20 12:26:45.270 DEBUG 5300 --- [nio-8701-exec-9] w.c.HttpSessionSecurityContextRepository : Created HttpSession as SecurityContext is non-default
2022-03-20 12:26:45.270 DEBUG 5300 --- [nio-8701-exec-9] w.c.HttpSessionSecurityContextRepository : Stored SecurityContextImpl [Authentication=UsernamePasswordAuthenticationToken [Principal=recipes.businesslayer.UserDetailsImpl@69c37e87, Credentials=[PROTECTED], Authenticated=true, Details=WebAuthenticationDetails [RemoteIpAddress=127.0.0.1, SessionId=null], Granted Authorities=[]]] to HttpSession [org.apache.catalina.session.StandardSessionFacade@360fc62]
2022-03-20 12:26:45.271 DEBUG 5300 --- [nio-8701-exec-9] s.w.s.m.m.a.RequestMappingHandlerMapping : Mapped to recipes.presentation.RecipesController#sendRecipe(Recipe, Authentication)
2022-03-20 12:26:45.272 DEBUG 5300 --- [nio-8701-exec-9] s.w.s.m.m.a.RequestMappingHandlerMapping : Mapped to recipes.presentation.RecipesController#sendRecipe(Recipe, Authentication)
2022-03-20 12:26:45.273 DEBUG 5300 --- [nio-8701-exec-9] s.w.s.m.m.a.RequestMappingHandlerMapping : Mapped to recipes.presentation.RecipesController#sendRecipe(Recipe, Authentication)
2022-03-20 12:26:45.273 DEBUG 5300 --- [nio-8701-exec-9] o.s.s.w.a.i.FilterSecurityInterceptor    : Authorized filter invocation [POST /api/recipe/new] with attributes [authenticated]
2022-03-20 12:26:45.273 DEBUG 5300 --- [nio-8701-exec-9] o.s.security.web.FilterChainProxy        : Secured POST /api/recipe/new
2022-03-20 12:26:45.274 DEBUG 5300 --- [nio-8701-exec-9] o.s.web.servlet.DispatcherServlet        : POST "/api/recipe/new", parameters={}
2022-03-20 12:26:45.275 DEBUG 5300 --- [nio-8701-exec-9] s.w.s.m.m.a.RequestMappingHandlerMapping : Mapped to recipes.presentation.RecipesController#sendRecipe(Recipe, Authentication)
2022-03-20 12:26:45.275 DEBUG 5300 --- [nio-8701-exec-9] o.j.s.OpenEntityManagerInViewInterceptor : Opening JPA EntityManager in OpenEntityManagerInViewInterceptor
2022-03-20 12:26:45.277 DEBUG 5300 --- [nio-8701-exec-9] m.m.a.RequestResponseBodyMethodProcessor : Read "application/json;charset=UTF-8" to [Recipe(id=0, name=ice-cream, date=null, category=Dessert, description=-, ingredients=[--, ---, -], d (truncated)...]
recipes.businesslayer.UserDetailsImpl@69c37e87
LoginTest2@test.com
2022-03-20 12:26:45.279 DEBUG 5300 --- [nio-8701-exec-9] o.s.orm.jpa.JpaTransactionManager        : Found thread-bound EntityManager [SessionImpl(2066345836<open>)] for JPA transaction
2022-03-20 12:26:45.279 DEBUG 5300 --- [nio-8701-exec-9] o.s.orm.jpa.JpaTransactionManager        : Creating new transaction with name [org.springframework.data.jpa.repository.support.SimpleJpaRepository.save]: PROPAGATION_REQUIRED,ISOLATION_DEFAULT
2022-03-20 12:26:45.280 DEBUG 5300 --- [nio-8701-exec-9] o.s.orm.jpa.JpaTransactionManager        : Exposing JPA transaction as JDBC [org.springframework.orm.jpa.vendor.HibernateJpaDialect$HibernateConnectionHandle@9ec81c8]
Hibernate: call next value for hibernate_sequence
2022-03-20 12:26:45.282 DEBUG 5300 --- [nio-8701-exec-9] o.s.orm.jpa.JpaTransactionManager        : Initiating transaction commit
2022-03-20 12:26:45.283 DEBUG 5300 --- [nio-8701-exec-9] o.s.orm.jpa.JpaTransactionManager        : Committing JPA transaction on EntityManager [SessionImpl(2066345836<open>)]
Hibernate: insert into recipes (category, date, description, email, name, id) values (?, ?, ?, ?, ?, ?)
Hibernate: insert into recipe_directions (recipe_id, directions) values (?, ?)
Hibernate: insert into recipe_directions (recipe_id, directions) values (?, ?)
Hibernate: insert into recipe_ingredients (recipe_id, ingredients) values (?, ?)
Hibernate: insert into recipe_ingredients (recipe_id, ingredients) values (?, ?)
Hibernate: insert into recipe_ingredients (recipe_id, ingredients) values (?, ?)
2022-03-20 12:26:45.294 DEBUG 5300 --- [nio-8701-exec-9] o.s.orm.jpa.JpaTransactionManager        : Not closing pre-bound JPA EntityManager after transaction
2022-03-20 12:26:45.297 DEBUG 5300 --- [nio-8701-exec-9] o.s.w.s.m.m.a.HttpEntityMethodProcessor  : Using 'application/json', given [*/*] and supported [application/json, application/*+json, application/json, application/*+json]
2022-03-20 12:26:45.297 DEBUG 5300 --- [nio-8701-exec-9] o.s.w.s.m.m.a.HttpEntityMethodProcessor  : Writing [IdDto(id=151)]
2022-03-20 12:26:45.298 DEBUG 5300 --- [nio-8701-exec-9] w.c.HttpSessionSecurityContextRepository : Stored SecurityContextImpl [Authentication=UsernamePasswordAuthenticationToken [Principal=recipes.businesslayer.UserDetailsImpl@69c37e87, Credentials=[PROTECTED], Authenticated=true, Details=WebAuthenticationDetails [RemoteIpAddress=127.0.0.1, SessionId=null], Granted Authorities=[]]] to HttpSession [org.apache.catalina.session.StandardSessionFacade@360fc62]
2022-03-20 12:26:45.300 DEBUG 5300 --- [nio-8701-exec-9] o.j.s.OpenEntityManagerInViewInterceptor : Closing JPA EntityManager in OpenEntityManagerInViewInterceptor
2022-03-20 12:26:45.300 DEBUG 5300 --- [nio-8701-exec-9] o.s.web.servlet.DispatcherServlet        : Completed 200 OK
2022-03-20 12:26:45.301 DEBUG 5300 --- [nio-8701-exec-9] w.c.HttpSessionSecurityContextRepository : Stored SecurityContextImpl [Authentication=UsernamePasswordAuthenticationToken [Principal=recipes.businesslayer.UserDetailsImpl@69c37e87, Credentials=[PROTECTED], Authenticated=true, Details=WebAuthenticationDetails [RemoteIpAddress=127.0.0.1, SessionId=null], Granted Authorities=[]]] to HttpSession [org.apache.catalina.session.StandardSessionFacade@360fc62]
2022-03-20 12:26:45.301 DEBUG 5300 --- [nio-8701-exec-9] s.s.w.c.SecurityContextPersistenceFilter : Cleared SecurityContextHolder to complete request
?[1;31m
Start test 23?[0m
2022-03-20 12:26:45.327 DEBUG 5300 --- [io-8701-exec-10] o.s.security.web.FilterChainProxy        : Securing POST /api/recipe/new
2022-03-20 12:26:45.328 DEBUG 5300 --- [io-8701-exec-10] s.s.w.c.SecurityContextPersistenceFilter : Set SecurityContextHolder to empty SecurityContext
2022-03-20 12:26:45.329 DEBUG 5300 --- [io-8701-exec-10] tor$SharedEntityManagerInvocationHandler : Creating new EntityManager for shared EntityManager invocation
Hibernate: select user0_.email as email1_3_, user0_.password as password2_3_ from users user0_ where user0_.email=?
2022-03-20 12:26:45.333 DEBUG 5300 --- [io-8701-exec-10] o.s.s.a.dao.DaoAuthenticationProvider    : Authenticated user
2022-03-20 12:26:45.334 DEBUG 5300 --- [io-8701-exec-10] o.s.s.w.a.www.BasicAuthenticationFilter  : Set SecurityContextHolder to UsernamePasswordAuthenticationToken [Principal=recipes.businesslayer.UserDetailsImpl@770abd48, Credentials=[PROTECTED], Authenticated=true, Details=WebAuthenticationDetails [RemoteIpAddress=127.0.0.1, SessionId=null], Granted Authorities=[]]
2022-03-20 12:26:45.335 DEBUG 5300 --- [io-8701-exec-10] w.c.HttpSessionSecurityContextRepository : Created HttpSession as SecurityContext is non-default
2022-03-20 12:26:45.336 DEBUG 5300 --- [io-8701-exec-10] w.c.HttpSessionSecurityContextRepository : Stored SecurityContextImpl [Authentication=UsernamePasswordAuthenticationToken [Principal=recipes.businesslayer.UserDetailsImpl@770abd48, Credentials=[PROTECTED], Authenticated=true, Details=WebAuthenticationDetails [RemoteIpAddress=127.0.0.1, SessionId=null], Granted Authorities=[]]] to HttpSession [org.apache.catalina.session.StandardSessionFacade@4d308512]
2022-03-20 12:26:45.338 DEBUG 5300 --- [io-8701-exec-10] s.w.s.m.m.a.RequestMappingHandlerMapping : Mapped to recipes.presentation.RecipesController#sendRecipe(Recipe, Authentication)
2022-03-20 12:26:45.339 DEBUG 5300 --- [io-8701-exec-10] s.w.s.m.m.a.RequestMappingHandlerMapping : Mapped to recipes.presentation.RecipesController#sendRecipe(Recipe, Authentication)
2022-03-20 12:26:45.340 DEBUG 5300 --- [io-8701-exec-10] s.w.s.m.m.a.RequestMappingHandlerMapping : Mapped to recipes.presentation.RecipesController#sendRecipe(Recipe, Authentication)
2022-03-20 12:26:45.341 DEBUG 5300 --- [io-8701-exec-10] o.s.s.w.a.i.FilterSecurityInterceptor    : Authorized filter invocation [POST /api/recipe/new] with attributes [authenticated]
2022-03-20 12:26:45.341 DEBUG 5300 --- [io-8701-exec-10] o.s.security.web.FilterChainProxy        : Secured POST /api/recipe/new
2022-03-20 12:26:45.342 DEBUG 5300 --- [io-8701-exec-10] o.s.web.servlet.DispatcherServlet        : POST "/api/recipe/new", parameters={}
2022-03-20 12:26:45.345 DEBUG 5300 --- [io-8701-exec-10] s.w.s.m.m.a.RequestMappingHandlerMapping : Mapped to recipes.presentation.RecipesController#sendRecipe(Recipe, Authentication)
2022-03-20 12:26:45.345 DEBUG 5300 --- [io-8701-exec-10] o.j.s.OpenEntityManagerInViewInterceptor : Opening JPA EntityManager in OpenEntityManagerInViewInterceptor
2022-03-20 12:26:45.346 DEBUG 5300 --- [io-8701-exec-10] m.m.a.RequestResponseBodyMethodProcessor : Read "application/json;charset=UTF-8" to [Recipe(id=0, name=tea r 4, date=null, category=DesserT, description=---, ingredients=[-, ----, -], d (truncated)...]
recipes.businesslayer.UserDetailsImpl@770abd48
LoginTest2@test.com
2022-03-20 12:26:45.347 DEBUG 5300 --- [io-8701-exec-10] o.s.orm.jpa.JpaTransactionManager        : Found thread-bound EntityManager [SessionImpl(895961374<open>)] for JPA transaction
2022-03-20 12:26:45.348 DEBUG 5300 --- [io-8701-exec-10] o.s.orm.jpa.JpaTransactionManager        : Creating new transaction with name [org.springframework.data.jpa.repository.support.SimpleJpaRepository.save]: PROPAGATION_REQUIRED,ISOLATION_DEFAULT
2022-03-20 12:26:45.352 DEBUG 5300 --- [io-8701-exec-10] o.s.orm.jpa.JpaTransactionManager        : Exposing JPA transaction as JDBC [org.springframework.orm.jpa.vendor.HibernateJpaDialect$HibernateConnectionHandle@17254207]
Hibernate: call next value for hibernate_sequence
2022-03-20 12:26:45.355 DEBUG 5300 --- [io-8701-exec-10] o.s.orm.jpa.JpaTransactionManager        : Initiating transaction commit
2022-03-20 12:26:45.355 DEBUG 5300 --- [io-8701-exec-10] o.s.orm.jpa.JpaTransactionManager        : Committing JPA transaction on EntityManager [SessionImpl(895961374<open>)]
Hibernate: insert into recipes (category, date, description, email, name, id) values (?, ?, ?, ?, ?, ?)
Hibernate: insert into recipe_directions (recipe_id, directions) values (?, ?)
Hibernate: insert into recipe_directions (recipe_id, directions) values (?, ?)
Hibernate: insert into recipe_directions (recipe_id, directions) values (?, ?)
Hibernate: insert into recipe_ingredients (recipe_id, ingredients) values (?, ?)
Hibernate: insert into recipe_ingredients (recipe_id, ingredients) values (?, ?)
Hibernate: insert into recipe_ingredients (recipe_id, ingredients) values (?, ?)
2022-03-20 12:26:45.376 DEBUG 5300 --- [io-8701-exec-10] o.s.orm.jpa.JpaTransactionManager        : Not closing pre-bound JPA EntityManager after transaction
2022-03-20 12:26:45.377 DEBUG 5300 --- [io-8701-exec-10] o.s.w.s.m.m.a.HttpEntityMethodProcessor  : Using 'application/json', given [*/*] and supported [application/json, application/*+json, application/json, application/*+json]
2022-03-20 12:26:45.377 DEBUG 5300 --- [io-8701-exec-10] o.s.w.s.m.m.a.HttpEntityMethodProcessor  : Writing [IdDto(id=152)]
2022-03-20 12:26:45.378 DEBUG 5300 --- [io-8701-exec-10] w.c.HttpSessionSecurityContextRepository : Stored SecurityContextImpl [Authentication=UsernamePasswordAuthenticationToken [Principal=recipes.businesslayer.UserDetailsImpl@770abd48, Credentials=[PROTECTED], Authenticated=true, Details=WebAuthenticationDetails [RemoteIpAddress=127.0.0.1, SessionId=null], Granted Authorities=[]]] to HttpSession [org.apache.catalina.session.StandardSessionFacade@4d308512]
2022-03-20 12:26:45.379 DEBUG 5300 --- [io-8701-exec-10] o.j.s.OpenEntityManagerInViewInterceptor : Closing JPA EntityManager in OpenEntityManagerInViewInterceptor
2022-03-20 12:26:45.379 DEBUG 5300 --- [io-8701-exec-10] o.s.web.servlet.DispatcherServlet        : Completed 200 OK
2022-03-20 12:26:45.380 DEBUG 5300 --- [io-8701-exec-10] w.c.HttpSessionSecurityContextRepository : Stored SecurityContextImpl [Authentication=UsernamePasswordAuthenticationToken [Principal=recipes.businesslayer.UserDetailsImpl@770abd48, Credentials=[PROTECTED], Authenticated=true, Details=WebAuthenticationDetails [RemoteIpAddress=127.0.0.1, SessionId=null], Granted Authorities=[]]] to HttpSession [org.apache.catalina.session.StandardSessionFacade@4d308512]
2022-03-20 12:26:45.380 DEBUG 5300 --- [io-8701-exec-10] s.s.w.c.SecurityContextPersistenceFilter : Cleared SecurityContextHolder to complete request
?[1;31m
Start test 24?[0m
2022-03-20 12:26:45.538 DEBUG 5300 --- [io-8701-exec-11] o.s.security.web.FilterChainProxy        : Securing POST /api/recipe/new
2022-03-20 12:26:45.538 DEBUG 5300 --- [io-8701-exec-11] s.s.w.c.SecurityContextPersistenceFilter : Set SecurityContextHolder to empty SecurityContext
2022-03-20 12:26:45.539 DEBUG 5300 --- [io-8701-exec-11] tor$SharedEntityManagerInvocationHandler : Creating new EntityManager for shared EntityManager invocation
Hibernate: select user0_.email as email1_3_, user0_.password as password2_3_ from users user0_ where user0_.email=?
2022-03-20 12:26:45.548 DEBUG 5300 --- [io-8701-exec-11] o.s.s.a.dao.DaoAuthenticationProvider    : Authenticated user
2022-03-20 12:26:45.549 DEBUG 5300 --- [io-8701-exec-11] o.s.s.w.a.www.BasicAuthenticationFilter  : Set SecurityContextHolder to UsernamePasswordAuthenticationToken [Principal=recipes.businesslayer.UserDetailsImpl@744643c1, Credentials=[PROTECTED], Authenticated=true, Details=WebAuthenticationDetails [RemoteIpAddress=127.0.0.1, SessionId=null], Granted Authorities=[]]
2022-03-20 12:26:45.549 DEBUG 5300 --- [io-8701-exec-11] w.c.HttpSessionSecurityContextRepository : Created HttpSession as SecurityContext is non-default
2022-03-20 12:26:45.551 DEBUG 5300 --- [io-8701-exec-11] w.c.HttpSessionSecurityContextRepository : Stored SecurityContextImpl [Authentication=UsernamePasswordAuthenticationToken [Principal=recipes.businesslayer.UserDetailsImpl@744643c1, Credentials=[PROTECTED], Authenticated=true, Details=WebAuthenticationDetails [RemoteIpAddress=127.0.0.1, SessionId=null], Granted Authorities=[]]] to HttpSession [org.apache.catalina.session.StandardSessionFacade@2aa33eec]
2022-03-20 12:26:45.553 DEBUG 5300 --- [io-8701-exec-11] s.w.s.m.m.a.RequestMappingHandlerMapping : Mapped to recipes.presentation.RecipesController#sendRecipe(Recipe, Authentication)
2022-03-20 12:26:45.571 DEBUG 5300 --- [io-8701-exec-11] s.w.s.m.m.a.RequestMappingHandlerMapping : Mapped to recipes.presentation.RecipesController#sendRecipe(Recipe, Authentication)
2022-03-20 12:26:45.575 DEBUG 5300 --- [io-8701-exec-11] s.w.s.m.m.a.RequestMappingHandlerMapping : Mapped to recipes.presentation.RecipesController#sendRecipe(Recipe, Authentication)
2022-03-20 12:26:45.576 DEBUG 5300 --- [io-8701-exec-11] o.s.s.w.a.i.FilterSecurityInterceptor    : Authorized filter invocation [POST /api/recipe/new] with attributes [authenticated]
2022-03-20 12:26:45.577 DEBUG 5300 --- [io-8701-exec-11] o.s.security.web.FilterChainProxy        : Secured POST /api/recipe/new
2022-03-20 12:26:45.578 DEBUG 5300 --- [io-8701-exec-11] o.s.web.servlet.DispatcherServlet        : POST "/api/recipe/new", parameters={}
2022-03-20 12:26:45.601 DEBUG 5300 --- [io-8701-exec-11] s.w.s.m.m.a.RequestMappingHandlerMapping : Mapped to recipes.presentation.RecipesController#sendRecipe(Recipe, Authentication)
2022-03-20 12:26:45.602 DEBUG 5300 --- [io-8701-exec-11] o.j.s.OpenEntityManagerInViewInterceptor : Opening JPA EntityManager in OpenEntityManagerInViewInterceptor
2022-03-20 12:26:45.617 DEBUG 5300 --- [io-8701-exec-11] m.m.a.RequestResponseBodyMethodProcessor : Read "application/json;charset=UTF-8" to [Recipe(id=0, name=recipe ice-cream 5, date=null, category=Desser, description=---, ingredients=[-, - (truncated)...]
recipes.businesslayer.UserDetailsImpl@744643c1
LoginTest2@test.com
2022-03-20 12:26:45.619 DEBUG 5300 --- [io-8701-exec-11] o.s.orm.jpa.JpaTransactionManager        : Found thread-bound EntityManager [SessionImpl(655275185<open>)] for JPA transaction
2022-03-20 12:26:45.619 DEBUG 5300 --- [io-8701-exec-11] o.s.orm.jpa.JpaTransactionManager        : Creating new transaction with name [org.springframework.data.jpa.repository.support.SimpleJpaRepository.save]: PROPAGATION_REQUIRED,ISOLATION_DEFAULT
2022-03-20 12:26:45.621 DEBUG 5300 --- [io-8701-exec-11] o.s.orm.jpa.JpaTransactionManager        : Exposing JPA transaction as JDBC [org.springframework.orm.jpa.vendor.HibernateJpaDialect$HibernateConnectionHandle@26c1b0c5]
Hibernate: call next value for hibernate_sequence
2022-03-20 12:26:45.626 DEBUG 5300 --- [io-8701-exec-11] o.s.orm.jpa.JpaTransactionManager        : Initiating transaction commit
2022-03-20 12:26:45.626 DEBUG 5300 --- [io-8701-exec-11] o.s.orm.jpa.JpaTransactionManager        : Committing JPA transaction on EntityManager [SessionImpl(655275185<open>)]
Hibernate: insert into recipes (category, date, description, email, name, id) values (?, ?, ?, ?, ?, ?)
Hibernate: insert into recipe_directions (recipe_id, directions) values (?, ?)
Hibernate: insert into recipe_directions (recipe_id, directions) values (?, ?)
Hibernate: insert into recipe_directions (recipe_id, directions) values (?, ?)
Hibernate: insert into recipe_ingredients (recipe_id, ingredients) values (?, ?)
Hibernate: insert into recipe_ingredients (recipe_id, ingredients) values (?, ?)
Hibernate: insert into recipe_ingredients (recipe_id, ingredients) values (?, ?)
2022-03-20 12:26:45.639 DEBUG 5300 --- [io-8701-exec-11] o.s.orm.jpa.JpaTransactionManager        : Not closing pre-bound JPA EntityManager after transaction
2022-03-20 12:26:45.640 DEBUG 5300 --- [io-8701-exec-11] o.s.w.s.m.m.a.HttpEntityMethodProcessor  : Using 'application/json', given [*/*] and supported [application/json, application/*+json, application/json, application/*+json]
2022-03-20 12:26:45.641 DEBUG 5300 --- [io-8701-exec-11] o.s.w.s.m.m.a.HttpEntityMethodProcessor  : Writing [IdDto(id=153)]
2022-03-20 12:26:45.642 DEBUG 5300 --- [io-8701-exec-11] w.c.HttpSessionSecurityContextRepository : Stored SecurityContextImpl [Authentication=UsernamePasswordAuthenticationToken [Principal=recipes.businesslayer.UserDetailsImpl@744643c1, Credentials=[PROTECTED], Authenticated=true, Details=WebAuthenticationDetails [RemoteIpAddress=127.0.0.1, SessionId=null], Granted Authorities=[]]] to HttpSession [org.apache.catalina.session.StandardSessionFacade@2aa33eec]
2022-03-20 12:26:45.646 DEBUG 5300 --- [io-8701-exec-11] o.j.s.OpenEntityManagerInViewInterceptor : Closing JPA EntityManager in OpenEntityManagerInViewInterceptor
2022-03-20 12:26:45.647 DEBUG 5300 --- [io-8701-exec-11] o.s.web.servlet.DispatcherServlet        : Completed 200 OK
2022-03-20 12:26:45.647 DEBUG 5300 --- [io-8701-exec-11] w.c.HttpSessionSecurityContextRepository : Stored SecurityContextImpl [Authentication=UsernamePasswordAuthenticationToken [Principal=recipes.businesslayer.UserDetailsImpl@744643c1, Credentials=[PROTECTED], Authenticated=true, Details=WebAuthenticationDetails [RemoteIpAddress=127.0.0.1, SessionId=null], Granted Authorities=[]]] to HttpSession [org.apache.catalina.session.StandardSessionFacade@2aa33eec]
2022-03-20 12:26:45.647 DEBUG 5300 --- [io-8701-exec-11] s.s.w.c.SecurityContextPersistenceFilter : Cleared SecurityContextHolder to complete request
?[1;31m
Start test 25?[0m
2022-03-20 12:26:45.669 DEBUG 5300 --- [nio-8701-exec-2] o.s.security.web.FilterChainProxy        : Securing POST /api/recipe/new
2022-03-20 12:26:45.669 DEBUG 5300 --- [nio-8701-exec-2] s.s.w.c.SecurityContextPersistenceFilter : Set SecurityContextHolder to empty SecurityContext
2022-03-20 12:26:45.670 DEBUG 5300 --- [nio-8701-exec-2] tor$SharedEntityManagerInvocationHandler : Creating new EntityManager for shared EntityManager invocation
Hibernate: select user0_.email as email1_3_, user0_.password as password2_3_ from users user0_ where user0_.email=?
2022-03-20 12:26:45.674 DEBUG 5300 --- [nio-8701-exec-2] o.s.s.a.dao.DaoAuthenticationProvider    : Authenticated user
2022-03-20 12:26:45.674 DEBUG 5300 --- [nio-8701-exec-2] o.s.s.w.a.www.BasicAuthenticationFilter  : Set SecurityContextHolder to UsernamePasswordAuthenticationToken [Principal=recipes.businesslayer.UserDetailsImpl@60f7cb64, Credentials=[PROTECTED], Authenticated=true, Details=WebAuthenticationDetails [RemoteIpAddress=127.0.0.1, SessionId=null], Granted Authorities=[]]
2022-03-20 12:26:45.674 DEBUG 5300 --- [nio-8701-exec-2] w.c.HttpSessionSecurityContextRepository : Created HttpSession as SecurityContext is non-default
2022-03-20 12:26:45.675 DEBUG 5300 --- [nio-8701-exec-2] w.c.HttpSessionSecurityContextRepository : Stored SecurityContextImpl [Authentication=UsernamePasswordAuthenticationToken [Principal=recipes.businesslayer.UserDetailsImpl@60f7cb64, Credentials=[PROTECTED], Authenticated=true, Details=WebAuthenticationDetails [RemoteIpAddress=127.0.0.1, SessionId=null], Granted Authorities=[]]] to HttpSession [org.apache.catalina.session.StandardSessionFacade@32e78874]
2022-03-20 12:26:45.676 DEBUG 5300 --- [nio-8701-exec-2] s.w.s.m.m.a.RequestMappingHandlerMapping : Mapped to recipes.presentation.RecipesController#sendRecipe(Recipe, Authentication)
2022-03-20 12:26:45.677 DEBUG 5300 --- [nio-8701-exec-2] s.w.s.m.m.a.RequestMappingHandlerMapping : Mapped to recipes.presentation.RecipesController#sendRecipe(Recipe, Authentication)
2022-03-20 12:26:45.678 DEBUG 5300 --- [nio-8701-exec-2] s.w.s.m.m.a.RequestMappingHandlerMapping : Mapped to recipes.presentation.RecipesController#sendRecipe(Recipe, Authentication)
2022-03-20 12:26:45.679 DEBUG 5300 --- [nio-8701-exec-2] o.s.s.w.a.i.FilterSecurityInterceptor    : Authorized filter invocation [POST /api/recipe/new] with attributes [authenticated]
2022-03-20 12:26:45.679 DEBUG 5300 --- [nio-8701-exec-2] o.s.security.web.FilterChainProxy        : Secured POST /api/recipe/new
2022-03-20 12:26:45.679 DEBUG 5300 --- [nio-8701-exec-2] o.s.web.servlet.DispatcherServlet        : POST "/api/recipe/new", parameters={}
2022-03-20 12:26:45.680 DEBUG 5300 --- [nio-8701-exec-2] s.w.s.m.m.a.RequestMappingHandlerMapping : Mapped to recipes.presentation.RecipesController#sendRecipe(Recipe, Authentication)
2022-03-20 12:26:45.682 DEBUG 5300 --- [nio-8701-exec-2] o.j.s.OpenEntityManagerInViewInterceptor : Opening JPA EntityManager in OpenEntityManagerInViewInterceptor
2022-03-20 12:26:45.685 DEBUG 5300 --- [nio-8701-exec-2] m.m.a.RequestResponseBodyMethodProcessor : Read "application/json;charset=UTF-8" to [Recipe(id=0, name=--, date=null, category=DeSSert, description=---, ingredients=[---, -, --], direct (truncated)...]
recipes.businesslayer.UserDetailsImpl@60f7cb64
LoginTest2@test.com
2022-03-20 12:26:45.686 DEBUG 5300 --- [nio-8701-exec-2] o.s.orm.jpa.JpaTransactionManager        : Found thread-bound EntityManager [SessionImpl(1755546137<open>)] for JPA transaction
2022-03-20 12:26:45.686 DEBUG 5300 --- [nio-8701-exec-2] o.s.orm.jpa.JpaTransactionManager        : Creating new transaction with name [org.springframework.data.jpa.repository.support.SimpleJpaRepository.save]: PROPAGATION_REQUIRED,ISOLATION_DEFAULT
2022-03-20 12:26:45.687 DEBUG 5300 --- [nio-8701-exec-2] o.s.orm.jpa.JpaTransactionManager        : Exposing JPA transaction as JDBC [org.springframework.orm.jpa.vendor.HibernateJpaDialect$HibernateConnectionHandle@6e0277e9]
Hibernate: call next value for hibernate_sequence
2022-03-20 12:26:45.690 DEBUG 5300 --- [nio-8701-exec-2] o.s.orm.jpa.JpaTransactionManager        : Initiating transaction commit
2022-03-20 12:26:45.690 DEBUG 5300 --- [nio-8701-exec-2] o.s.orm.jpa.JpaTransactionManager        : Committing JPA transaction on EntityManager [SessionImpl(1755546137<open>)]
Hibernate: insert into recipes (category, date, description, email, name, id) values (?, ?, ?, ?, ?, ?)
Hibernate: insert into recipe_directions (recipe_id, directions) values (?, ?)
Hibernate: insert into recipe_directions (recipe_id, directions) values (?, ?)
Hibernate: insert into recipe_ingredients (recipe_id, ingredients) values (?, ?)
Hibernate: insert into recipe_ingredients (recipe_id, ingredients) values (?, ?)
Hibernate: insert into recipe_ingredients (recipe_id, ingredients) values (?, ?)
2022-03-20 12:26:45.701 DEBUG 5300 --- [nio-8701-exec-2] o.s.orm.jpa.JpaTransactionManager        : Not closing pre-bound JPA EntityManager after transaction
2022-03-20 12:26:45.701 DEBUG 5300 --- [nio-8701-exec-2] o.s.w.s.m.m.a.HttpEntityMethodProcessor  : Using 'application/json', given [*/*] and supported [application/json, application/*+json, application/json, application/*+json]
2022-03-20 12:26:45.702 DEBUG 5300 --- [nio-8701-exec-2] o.s.w.s.m.m.a.HttpEntityMethodProcessor  : Writing [IdDto(id=154)]
2022-03-20 12:26:45.704 DEBUG 5300 --- [nio-8701-exec-2] w.c.HttpSessionSecurityContextRepository : Stored SecurityContextImpl [Authentication=UsernamePasswordAuthenticationToken [Principal=recipes.businesslayer.UserDetailsImpl@60f7cb64, Credentials=[PROTECTED], Authenticated=true, Details=WebAuthenticationDetails [RemoteIpAddress=127.0.0.1, SessionId=null], Granted Authorities=[]]] to HttpSession [org.apache.catalina.session.StandardSessionFacade@32e78874]
2022-03-20 12:26:45.705 DEBUG 5300 --- [nio-8701-exec-2] o.j.s.OpenEntityManagerInViewInterceptor : Closing JPA EntityManager in OpenEntityManagerInViewInterceptor
2022-03-20 12:26:45.705 DEBUG 5300 --- [nio-8701-exec-2] o.s.web.servlet.DispatcherServlet        : Completed 200 OK
2022-03-20 12:26:45.705 DEBUG 5300 --- [nio-8701-exec-2] w.c.HttpSessionSecurityContextRepository : Stored SecurityContextImpl [Authentication=UsernamePasswordAuthenticationToken [Principal=recipes.businesslayer.UserDetailsImpl@60f7cb64, Credentials=[PROTECTED], Authenticated=true, Details=WebAuthenticationDetails [RemoteIpAddress=127.0.0.1, SessionId=null], Granted Authorities=[]]] to HttpSession [org.apache.catalina.session.StandardSessionFacade@32e78874]
2022-03-20 12:26:45.705 DEBUG 5300 --- [nio-8701-exec-2] s.s.w.c.SecurityContextPersistenceFilter : Cleared SecurityContextHolder to complete request
?[1;31m
Start test 26?[0m
2022-03-20 12:26:45.734 DEBUG 5300 --- [nio-8701-exec-1] o.s.security.web.FilterChainProxy        : Securing POST /api/recipe/new
2022-03-20 12:26:45.734 DEBUG 5300 --- [nio-8701-exec-1] s.s.w.c.SecurityContextPersistenceFilter : Set SecurityContextHolder to empty SecurityContext
2022-03-20 12:26:45.735 DEBUG 5300 --- [nio-8701-exec-1] tor$SharedEntityManagerInvocationHandler : Creating new EntityManager for shared EntityManager invocation
Hibernate: select user0_.email as email1_3_, user0_.password as password2_3_ from users user0_ where user0_.email=?
2022-03-20 12:26:45.738 DEBUG 5300 --- [nio-8701-exec-1] o.s.s.a.dao.DaoAuthenticationProvider    : Authenticated user
2022-03-20 12:26:45.738 DEBUG 5300 --- [nio-8701-exec-1] o.s.s.w.a.www.BasicAuthenticationFilter  : Set SecurityContextHolder to UsernamePasswordAuthenticationToken [Principal=recipes.businesslayer.UserDetailsImpl@2a5ff751, Credentials=[PROTECTED], Authenticated=true, Details=WebAuthenticationDetails [RemoteIpAddress=127.0.0.1, SessionId=null], Granted Authorities=[]]
2022-03-20 12:26:45.739 DEBUG 5300 --- [nio-8701-exec-1] w.c.HttpSessionSecurityContextRepository : Created HttpSession as SecurityContext is non-default
2022-03-20 12:26:45.739 DEBUG 5300 --- [nio-8701-exec-1] w.c.HttpSessionSecurityContextRepository : Stored SecurityContextImpl [Authentication=UsernamePasswordAuthenticationToken [Principal=recipes.businesslayer.UserDetailsImpl@2a5ff751, Credentials=[PROTECTED], Authenticated=true, Details=WebAuthenticationDetails [RemoteIpAddress=127.0.0.1, SessionId=null], Granted Authorities=[]]] to HttpSession [org.apache.catalina.session.StandardSessionFacade@10ef9d1a]
2022-03-20 12:26:45.740 DEBUG 5300 --- [nio-8701-exec-1] s.w.s.m.m.a.RequestMappingHandlerMapping : Mapped to recipes.presentation.RecipesController#sendRecipe(Recipe, Authentication)
2022-03-20 12:26:45.741 DEBUG 5300 --- [nio-8701-exec-1] s.w.s.m.m.a.RequestMappingHandlerMapping : Mapped to recipes.presentation.RecipesController#sendRecipe(Recipe, Authentication)
2022-03-20 12:26:45.742 DEBUG 5300 --- [nio-8701-exec-1] s.w.s.m.m.a.RequestMappingHandlerMapping : Mapped to recipes.presentation.RecipesController#sendRecipe(Recipe, Authentication)
2022-03-20 12:26:45.753 DEBUG 5300 --- [nio-8701-exec-1] o.s.s.w.a.i.FilterSecurityInterceptor    : Authorized filter invocation [POST /api/recipe/new] with attributes [authenticated]
2022-03-20 12:26:45.753 DEBUG 5300 --- [nio-8701-exec-1] o.s.security.web.FilterChainProxy        : Secured POST /api/recipe/new
2022-03-20 12:26:45.753 DEBUG 5300 --- [nio-8701-exec-1] o.s.web.servlet.DispatcherServlet        : POST "/api/recipe/new", parameters={}
2022-03-20 12:26:45.754 DEBUG 5300 --- [nio-8701-exec-1] s.w.s.m.m.a.RequestMappingHandlerMapping : Mapped to recipes.presentation.RecipesController#sendRecipe(Recipe, Authentication)
2022-03-20 12:26:45.754 DEBUG 5300 --- [nio-8701-exec-1] o.j.s.OpenEntityManagerInViewInterceptor : Opening JPA EntityManager in OpenEntityManagerInViewInterceptor
2022-03-20 12:26:45.757 DEBUG 5300 --- [nio-8701-exec-1] m.m.a.RequestResponseBodyMethodProcessor : Read "application/json;charset=UTF-8" to [Recipe(id=0, name=ICE-CREAM, date=null, category=desserT, description=----, ingredients=[-, -, --],  (truncated)...]
recipes.businesslayer.UserDetailsImpl@2a5ff751
LoginTest2@test.com
2022-03-20 12:26:45.758 DEBUG 5300 --- [nio-8701-exec-1] o.s.orm.jpa.JpaTransactionManager        : Found thread-bound EntityManager [SessionImpl(495523435<open>)] for JPA transaction
2022-03-20 12:26:45.758 DEBUG 5300 --- [nio-8701-exec-1] o.s.orm.jpa.JpaTransactionManager        : Creating new transaction with name [org.springframework.data.jpa.repository.support.SimpleJpaRepository.save]: PROPAGATION_REQUIRED,ISOLATION_DEFAULT
2022-03-20 12:26:45.761 DEBUG 5300 --- [nio-8701-exec-1] o.s.orm.jpa.JpaTransactionManager        : Exposing JPA transaction as JDBC [org.springframework.orm.jpa.vendor.HibernateJpaDialect$HibernateConnectionHandle@48b98ff4]
Hibernate: call next value for hibernate_sequence
2022-03-20 12:26:45.763 DEBUG 5300 --- [nio-8701-exec-1] o.s.orm.jpa.JpaTransactionManager        : Initiating transaction commit
2022-03-20 12:26:45.763 DEBUG 5300 --- [nio-8701-exec-1] o.s.orm.jpa.JpaTransactionManager        : Committing JPA transaction on EntityManager [SessionImpl(495523435<open>)]
Hibernate: insert into recipes (category, date, description, email, name, id) values (?, ?, ?, ?, ?, ?)
Hibernate: insert into recipe_directions (recipe_id, directions) values (?, ?)
Hibernate: insert into recipe_directions (recipe_id, directions) values (?, ?)
Hibernate: insert into recipe_directions (recipe_id, directions) values (?, ?)
Hibernate: insert into recipe_ingredients (recipe_id, ingredients) values (?, ?)
Hibernate: insert into recipe_ingredients (recipe_id, ingredients) values (?, ?)
Hibernate: insert into recipe_ingredients (recipe_id, ingredients) values (?, ?)
2022-03-20 12:26:45.784 DEBUG 5300 --- [nio-8701-exec-1] o.s.orm.jpa.JpaTransactionManager        : Not closing pre-bound JPA EntityManager after transaction
2022-03-20 12:26:45.784 DEBUG 5300 --- [nio-8701-exec-1] o.s.w.s.m.m.a.HttpEntityMethodProcessor  : Using 'application/json', given [*/*] and supported [application/json, application/*+json, application/json, application/*+json]
2022-03-20 12:26:45.785 DEBUG 5300 --- [nio-8701-exec-1] o.s.w.s.m.m.a.HttpEntityMethodProcessor  : Writing [IdDto(id=155)]
2022-03-20 12:26:45.785 DEBUG 5300 --- [nio-8701-exec-1] w.c.HttpSessionSecurityContextRepository : Stored SecurityContextImpl [Authentication=UsernamePasswordAuthenticationToken [Principal=recipes.businesslayer.UserDetailsImpl@2a5ff751, Credentials=[PROTECTED], Authenticated=true, Details=WebAuthenticationDetails [RemoteIpAddress=127.0.0.1, SessionId=null], Granted Authorities=[]]] to HttpSession [org.apache.catalina.session.StandardSessionFacade@10ef9d1a]
2022-03-20 12:26:45.786 DEBUG 5300 --- [nio-8701-exec-1] o.j.s.OpenEntityManagerInViewInterceptor : Closing JPA EntityManager in OpenEntityManagerInViewInterceptor
2022-03-20 12:26:45.787 DEBUG 5300 --- [nio-8701-exec-1] o.s.web.servlet.DispatcherServlet        : Completed 200 OK
2022-03-20 12:26:45.787 DEBUG 5300 --- [nio-8701-exec-1] w.c.HttpSessionSecurityContextRepository : Stored SecurityContextImpl [Authentication=UsernamePasswordAuthenticationToken [Principal=recipes.businesslayer.UserDetailsImpl@2a5ff751, Credentials=[PROTECTED], Authenticated=true, Details=WebAuthenticationDetails [RemoteIpAddress=127.0.0.1, SessionId=null], Granted Authorities=[]]] to HttpSession [org.apache.catalina.session.StandardSessionFacade@10ef9d1a]
2022-03-20 12:26:45.787 DEBUG 5300 --- [nio-8701-exec-1] s.s.w.c.SecurityContextPersistenceFilter : Cleared SecurityContextHolder to complete request
?[1;31m
Start test 27?[0m
2022-03-20 12:26:45.814 DEBUG 5300 --- [nio-8701-exec-3] o.s.security.web.FilterChainProxy        : Securing POST /api/recipe/new
2022-03-20 12:26:45.815 DEBUG 5300 --- [nio-8701-exec-3] s.s.w.c.SecurityContextPersistenceFilter : Set SecurityContextHolder to empty SecurityContext
2022-03-20 12:26:45.815 DEBUG 5300 --- [nio-8701-exec-3] tor$SharedEntityManagerInvocationHandler : Creating new EntityManager for shared EntityManager invocation
Hibernate: select user0_.email as email1_3_, user0_.password as password2_3_ from users user0_ where user0_.email=?
2022-03-20 12:26:45.821 DEBUG 5300 --- [nio-8701-exec-3] o.s.s.a.dao.DaoAuthenticationProvider    : Authenticated user
2022-03-20 12:26:45.822 DEBUG 5300 --- [nio-8701-exec-3] o.s.s.w.a.www.BasicAuthenticationFilter  : Set SecurityContextHolder to UsernamePasswordAuthenticationToken [Principal=recipes.businesslayer.UserDetailsImpl@667c4f8a, Credentials=[PROTECTED], Authenticated=true, Details=WebAuthenticationDetails [RemoteIpAddress=127.0.0.1, SessionId=null], Granted Authorities=[]]
2022-03-20 12:26:45.823 DEBUG 5300 --- [nio-8701-exec-3] w.c.HttpSessionSecurityContextRepository : Created HttpSession as SecurityContext is non-default
2022-03-20 12:26:45.823 DEBUG 5300 --- [nio-8701-exec-3] w.c.HttpSessionSecurityContextRepository : Stored SecurityContextImpl [Authentication=UsernamePasswordAuthenticationToken [Principal=recipes.businesslayer.UserDetailsImpl@667c4f8a, Credentials=[PROTECTED], Authenticated=true, Details=WebAuthenticationDetails [RemoteIpAddress=127.0.0.1, SessionId=null], Granted Authorities=[]]] to HttpSession [org.apache.catalina.session.StandardSessionFacade@405cfbdf]
2022-03-20 12:26:45.824 DEBUG 5300 --- [nio-8701-exec-3] s.w.s.m.m.a.RequestMappingHandlerMapping : Mapped to recipes.presentation.RecipesController#sendRecipe(Recipe, Authentication)
2022-03-20 12:26:45.826 DEBUG 5300 --- [nio-8701-exec-3] s.w.s.m.m.a.RequestMappingHandlerMapping : Mapped to recipes.presentation.RecipesController#sendRecipe(Recipe, Authentication)
2022-03-20 12:26:45.828 DEBUG 5300 --- [nio-8701-exec-3] s.w.s.m.m.a.RequestMappingHandlerMapping : Mapped to recipes.presentation.RecipesController#sendRecipe(Recipe, Authentication)
2022-03-20 12:26:45.829 DEBUG 5300 --- [nio-8701-exec-3] o.s.s.w.a.i.FilterSecurityInterceptor    : Authorized filter invocation [POST /api/recipe/new] with attributes [authenticated]
2022-03-20 12:26:45.829 DEBUG 5300 --- [nio-8701-exec-3] o.s.security.web.FilterChainProxy        : Secured POST /api/recipe/new
2022-03-20 12:26:45.829 DEBUG 5300 --- [nio-8701-exec-3] o.s.web.servlet.DispatcherServlet        : POST "/api/recipe/new", parameters={}
2022-03-20 12:26:45.832 DEBUG 5300 --- [nio-8701-exec-3] s.w.s.m.m.a.RequestMappingHandlerMapping : Mapped to recipes.presentation.RecipesController#sendRecipe(Recipe, Authentication)
2022-03-20 12:26:45.833 DEBUG 5300 --- [nio-8701-exec-3] o.j.s.OpenEntityManagerInViewInterceptor : Opening JPA EntityManager in OpenEntityManagerInViewInterceptor
2022-03-20 12:26:45.838 DEBUG 5300 --- [nio-8701-exec-3] m.m.a.RequestResponseBodyMethodProcessor : Read "application/json;charset=UTF-8" to [Recipe(id=0, name=---, date=null, category=dessert, description=--, ingredients=[-, ----], direction (truncated)...]
recipes.businesslayer.UserDetailsImpl@667c4f8a
LoginTest2@test.com
2022-03-20 12:26:45.840 DEBUG 5300 --- [nio-8701-exec-3] o.s.orm.jpa.JpaTransactionManager        : Found thread-bound EntityManager [SessionImpl(1757774330<open>)] for JPA transaction
2022-03-20 12:26:45.840 DEBUG 5300 --- [nio-8701-exec-3] o.s.orm.jpa.JpaTransactionManager        : Creating new transaction with name [org.springframework.data.jpa.repository.support.SimpleJpaRepository.save]: PROPAGATION_REQUIRED,ISOLATION_DEFAULT
2022-03-20 12:26:45.841 DEBUG 5300 --- [nio-8701-exec-3] o.s.orm.jpa.JpaTransactionManager        : Exposing JPA transaction as JDBC [org.springframework.orm.jpa.vendor.HibernateJpaDialect$HibernateConnectionHandle@6cc19377]
Hibernate: call next value for hibernate_sequence
2022-03-20 12:26:45.847 DEBUG 5300 --- [nio-8701-exec-3] o.s.orm.jpa.JpaTransactionManager        : Initiating transaction commit
2022-03-20 12:26:45.847 DEBUG 5300 --- [nio-8701-exec-3] o.s.orm.jpa.JpaTransactionManager        : Committing JPA transaction on EntityManager [SessionImpl(1757774330<open>)]
Hibernate: insert into recipes (category, date, description, email, name, id) values (?, ?, ?, ?, ?, ?)
Hibernate: insert into recipe_directions (recipe_id, directions) values (?, ?)
Hibernate: insert into recipe_directions (recipe_id, directions) values (?, ?)
Hibernate: insert into recipe_directions (recipe_id, directions) values (?, ?)
Hibernate: insert into recipe_ingredients (recipe_id, ingredients) values (?, ?)
Hibernate: insert into recipe_ingredients (recipe_id, ingredients) values (?, ?)
2022-03-20 12:26:45.870 DEBUG 5300 --- [nio-8701-exec-3] o.s.orm.jpa.JpaTransactionManager        : Not closing pre-bound JPA EntityManager after transaction
2022-03-20 12:26:45.872 DEBUG 5300 --- [nio-8701-exec-3] o.s.w.s.m.m.a.HttpEntityMethodProcessor  : Using 'application/json', given [*/*] and supported [application/json, application/*+json, application/json, application/*+json]
2022-03-20 12:26:45.872 DEBUG 5300 --- [nio-8701-exec-3] o.s.w.s.m.m.a.HttpEntityMethodProcessor  : Writing [IdDto(id=156)]
2022-03-20 12:26:45.873 DEBUG 5300 --- [nio-8701-exec-3] w.c.HttpSessionSecurityContextRepository : Stored SecurityContextImpl [Authentication=UsernamePasswordAuthenticationToken [Principal=recipes.businesslayer.UserDetailsImpl@667c4f8a, Credentials=[PROTECTED], Authenticated=true, Details=WebAuthenticationDetails [RemoteIpAddress=127.0.0.1, SessionId=null], Granted Authorities=[]]] to HttpSession [org.apache.catalina.session.StandardSessionFacade@405cfbdf]
2022-03-20 12:26:45.874 DEBUG 5300 --- [nio-8701-exec-3] o.j.s.OpenEntityManagerInViewInterceptor : Closing JPA EntityManager in OpenEntityManagerInViewInterceptor
2022-03-20 12:26:45.874 DEBUG 5300 --- [nio-8701-exec-3] o.s.web.servlet.DispatcherServlet        : Completed 200 OK
2022-03-20 12:26:45.874 DEBUG 5300 --- [nio-8701-exec-3] w.c.HttpSessionSecurityContextRepository : Stored SecurityContextImpl [Authentication=UsernamePasswordAuthenticationToken [Principal=recipes.businesslayer.UserDetailsImpl@667c4f8a, Credentials=[PROTECTED], Authenticated=true, Details=WebAuthenticationDetails [RemoteIpAddress=127.0.0.1, SessionId=null], Granted Authorities=[]]] to HttpSession [org.apache.catalina.session.StandardSessionFacade@405cfbdf]
2022-03-20 12:26:45.875 DEBUG 5300 --- [nio-8701-exec-3] s.s.w.c.SecurityContextPersistenceFilter : Cleared SecurityContextHolder to complete request
?[1;31m
Start test 28?[0m
2022-03-20 12:26:45.910 DEBUG 5300 --- [nio-8701-exec-4] o.s.security.web.FilterChainProxy        : Securing POST /api/recipe/new
2022-03-20 12:26:45.911 DEBUG 5300 --- [nio-8701-exec-4] s.s.w.c.SecurityContextPersistenceFilter : Set SecurityContextHolder to empty SecurityContext
2022-03-20 12:26:45.911 DEBUG 5300 --- [nio-8701-exec-4] tor$SharedEntityManagerInvocationHandler : Creating new EntityManager for shared EntityManager invocation
Hibernate: select user0_.email as email1_3_, user0_.password as password2_3_ from users user0_ where user0_.email=?
2022-03-20 12:26:45.914 DEBUG 5300 --- [nio-8701-exec-4] o.s.s.a.dao.DaoAuthenticationProvider    : Authenticated user
2022-03-20 12:26:45.914 DEBUG 5300 --- [nio-8701-exec-4] o.s.s.w.a.www.BasicAuthenticationFilter  : Set SecurityContextHolder to UsernamePasswordAuthenticationToken [Principal=recipes.businesslayer.UserDetailsImpl@7995884, Credentials=[PROTECTED], Authenticated=true, Details=WebAuthenticationDetails [RemoteIpAddress=127.0.0.1, SessionId=null], Granted Authorities=[]]
2022-03-20 12:26:45.914 DEBUG 5300 --- [nio-8701-exec-4] w.c.HttpSessionSecurityContextRepository : Created HttpSession as SecurityContext is non-default
2022-03-20 12:26:45.914 DEBUG 5300 --- [nio-8701-exec-4] w.c.HttpSessionSecurityContextRepository : Stored SecurityContextImpl [Authentication=UsernamePasswordAuthenticationToken [Principal=recipes.businesslayer.UserDetailsImpl@7995884, Credentials=[PROTECTED], Authenticated=true, Details=WebAuthenticationDetails [RemoteIpAddress=127.0.0.1, SessionId=null], Granted Authorities=[]]] to HttpSession [org.apache.catalina.session.StandardSessionFacade@53b0aa5e]
2022-03-20 12:26:45.915 DEBUG 5300 --- [nio-8701-exec-4] s.w.s.m.m.a.RequestMappingHandlerMapping : Mapped to recipes.presentation.RecipesController#sendRecipe(Recipe, Authentication)
2022-03-20 12:26:45.916 DEBUG 5300 --- [nio-8701-exec-4] s.w.s.m.m.a.RequestMappingHandlerMapping : Mapped to recipes.presentation.RecipesController#sendRecipe(Recipe, Authentication)
2022-03-20 12:26:45.917 DEBUG 5300 --- [nio-8701-exec-4] s.w.s.m.m.a.RequestMappingHandlerMapping : Mapped to recipes.presentation.RecipesController#sendRecipe(Recipe, Authentication)
2022-03-20 12:26:45.918 DEBUG 5300 --- [nio-8701-exec-4] o.s.s.w.a.i.FilterSecurityInterceptor    : Authorized filter invocation [POST /api/recipe/new] with attributes [authenticated]
2022-03-20 12:26:45.918 DEBUG 5300 --- [nio-8701-exec-4] o.s.security.web.FilterChainProxy        : Secured POST /api/recipe/new
2022-03-20 12:26:45.918 DEBUG 5300 --- [nio-8701-exec-4] o.s.web.servlet.DispatcherServlet        : POST "/api/recipe/new", parameters={}
2022-03-20 12:26:45.919 DEBUG 5300 --- [nio-8701-exec-4] s.w.s.m.m.a.RequestMappingHandlerMapping : Mapped to recipes.presentation.RecipesController#sendRecipe(Recipe, Authentication)
2022-03-20 12:26:45.920 DEBUG 5300 --- [nio-8701-exec-4] o.j.s.OpenEntityManagerInViewInterceptor : Opening JPA EntityManager in OpenEntityManagerInViewInterceptor
2022-03-20 12:26:45.921 DEBUG 5300 --- [nio-8701-exec-4] m.m.a.RequestResponseBodyMethodProcessor : Read "application/json;charset=UTF-8" to [Recipe(id=0, name=9 recipe Tea test, date=null, category=-, description=----, ingredients=[-, -, --- (truncated)...]
recipes.businesslayer.UserDetailsImpl@7995884
LoginTest2@test.com
2022-03-20 12:26:45.922 DEBUG 5300 --- [nio-8701-exec-4] o.s.orm.jpa.JpaTransactionManager        : Found thread-bound EntityManager [SessionImpl(325200864<open>)] for JPA transaction
2022-03-20 12:26:45.922 DEBUG 5300 --- [nio-8701-exec-4] o.s.orm.jpa.JpaTransactionManager        : Creating new transaction with name [org.springframework.data.jpa.repository.support.SimpleJpaRepository.save]: PROPAGATION_REQUIRED,ISOLATION_DEFAULT
2022-03-20 12:26:45.923 DEBUG 5300 --- [nio-8701-exec-4] o.s.orm.jpa.JpaTransactionManager        : Exposing JPA transaction as JDBC [org.springframework.orm.jpa.vendor.HibernateJpaDialect$HibernateConnectionHandle@5ef20c70]
Hibernate: call next value for hibernate_sequence
2022-03-20 12:26:45.926 DEBUG 5300 --- [nio-8701-exec-4] o.s.orm.jpa.JpaTransactionManager        : Initiating transaction commit
2022-03-20 12:26:45.927 DEBUG 5300 --- [nio-8701-exec-4] o.s.orm.jpa.JpaTransactionManager        : Committing JPA transaction on EntityManager [SessionImpl(325200864<open>)]
Hibernate: insert into recipes (category, date, description, email, name, id) values (?, ?, ?, ?, ?, ?)
Hibernate: insert into recipe_directions (recipe_id, directions) values (?, ?)
Hibernate: insert into recipe_directions (recipe_id, directions) values (?, ?)
Hibernate: insert into recipe_directions (recipe_id, directions) values (?, ?)
Hibernate: insert into recipe_ingredients (recipe_id, ingredients) values (?, ?)
Hibernate: insert into recipe_ingredients (recipe_id, ingredients) values (?, ?)
Hibernate: insert into recipe_ingredients (recipe_id, ingredients) values (?, ?)
2022-03-20 12:26:45.944 DEBUG 5300 --- [nio-8701-exec-4] o.s.orm.jpa.JpaTransactionManager        : Not closing pre-bound JPA EntityManager after transaction
2022-03-20 12:26:45.945 DEBUG 5300 --- [nio-8701-exec-4] o.s.w.s.m.m.a.HttpEntityMethodProcessor  : Using 'application/json', given [*/*] and supported [application/json, application/*+json, application/json, application/*+json]
2022-03-20 12:26:45.945 DEBUG 5300 --- [nio-8701-exec-4] o.s.w.s.m.m.a.HttpEntityMethodProcessor  : Writing [IdDto(id=157)]
2022-03-20 12:26:45.946 DEBUG 5300 --- [nio-8701-exec-4] w.c.HttpSessionSecurityContextRepository : Stored SecurityContextImpl [Authentication=UsernamePasswordAuthenticationToken [Principal=recipes.businesslayer.UserDetailsImpl@7995884, Credentials=[PROTECTED], Authenticated=true, Details=WebAuthenticationDetails [RemoteIpAddress=127.0.0.1, SessionId=null], Granted Authorities=[]]] to HttpSession [org.apache.catalina.session.StandardSessionFacade@53b0aa5e]
2022-03-20 12:26:45.947 DEBUG 5300 --- [nio-8701-exec-4] o.j.s.OpenEntityManagerInViewInterceptor : Closing JPA EntityManager in OpenEntityManagerInViewInterceptor
2022-03-20 12:26:45.948 DEBUG 5300 --- [nio-8701-exec-4] o.s.web.servlet.DispatcherServlet        : Completed 200 OK
2022-03-20 12:26:45.949 DEBUG 5300 --- [nio-8701-exec-4] w.c.HttpSessionSecurityContextRepository : Stored SecurityContextImpl [Authentication=UsernamePasswordAuthenticationToken [Principal=recipes.businesslayer.UserDetailsImpl@7995884, Credentials=[PROTECTED], Authenticated=true, Details=WebAuthenticationDetails [RemoteIpAddress=127.0.0.1, SessionId=null], Granted Authorities=[]]] to HttpSession [org.apache.catalina.session.StandardSessionFacade@53b0aa5e]
2022-03-20 12:26:45.949 DEBUG 5300 --- [nio-8701-exec-4] s.s.w.c.SecurityContextPersistenceFilter : Cleared SecurityContextHolder to complete request
?[1;31m
Start test 29?[0m
2022-03-20 12:26:45.989 DEBUG 5300 --- [nio-8701-exec-5] o.s.security.web.FilterChainProxy        : Securing POST /api/recipe/new
2022-03-20 12:26:45.989 DEBUG 5300 --- [nio-8701-exec-5] s.s.w.c.SecurityContextPersistenceFilter : Set SecurityContextHolder to empty SecurityContext
2022-03-20 12:26:45.990 DEBUG 5300 --- [nio-8701-exec-5] tor$SharedEntityManagerInvocationHandler : Creating new EntityManager for shared EntityManager invocation
Hibernate: select user0_.email as email1_3_, user0_.password as password2_3_ from users user0_ where user0_.email=?
2022-03-20 12:26:45.995 DEBUG 5300 --- [nio-8701-exec-5] o.s.s.a.dao.DaoAuthenticationProvider    : Authenticated user
2022-03-20 12:26:45.995 DEBUG 5300 --- [nio-8701-exec-5] o.s.s.w.a.www.BasicAuthenticationFilter  : Set SecurityContextHolder to UsernamePasswordAuthenticationToken [Principal=recipes.businesslayer.UserDetailsImpl@7802be65, Credentials=[PROTECTED], Authenticated=true, Details=WebAuthenticationDetails [RemoteIpAddress=127.0.0.1, SessionId=null], Granted Authorities=[]]
2022-03-20 12:26:45.996 DEBUG 5300 --- [nio-8701-exec-5] w.c.HttpSessionSecurityContextRepository : Created HttpSession as SecurityContext is non-default
2022-03-20 12:26:45.996 DEBUG 5300 --- [nio-8701-exec-5] w.c.HttpSessionSecurityContextRepository : Stored SecurityContextImpl [Authentication=UsernamePasswordAuthenticationToken [Principal=recipes.businesslayer.UserDetailsImpl@7802be65, Credentials=[PROTECTED], Authenticated=true, Details=WebAuthenticationDetails [RemoteIpAddress=127.0.0.1, SessionId=null], Granted Authorities=[]]] to HttpSession [org.apache.catalina.session.StandardSessionFacade@5744433d]
2022-03-20 12:26:45.997 DEBUG 5300 --- [nio-8701-exec-5] s.w.s.m.m.a.RequestMappingHandlerMapping : Mapped to recipes.presentation.RecipesController#sendRecipe(Recipe, Authentication)
2022-03-20 12:26:45.998 DEBUG 5300 --- [nio-8701-exec-5] s.w.s.m.m.a.RequestMappingHandlerMapping : Mapped to recipes.presentation.RecipesController#sendRecipe(Recipe, Authentication)
2022-03-20 12:26:45.999 DEBUG 5300 --- [nio-8701-exec-5] s.w.s.m.m.a.RequestMappingHandlerMapping : Mapped to recipes.presentation.RecipesController#sendRecipe(Recipe, Authentication)
2022-03-20 12:26:46.000 DEBUG 5300 --- [nio-8701-exec-5] o.s.s.w.a.i.FilterSecurityInterceptor    : Authorized filter invocation [POST /api/recipe/new] with attributes [authenticated]
2022-03-20 12:26:46.000 DEBUG 5300 --- [nio-8701-exec-5] o.s.security.web.FilterChainProxy        : Secured POST /api/recipe/new
2022-03-20 12:26:46.000 DEBUG 5300 --- [nio-8701-exec-5] o.s.web.servlet.DispatcherServlet        : POST "/api/recipe/new", parameters={}
2022-03-20 12:26:46.001 DEBUG 5300 --- [nio-8701-exec-5] s.w.s.m.m.a.RequestMappingHandlerMapping : Mapped to recipes.presentation.RecipesController#sendRecipe(Recipe, Authentication)
2022-03-20 12:26:46.001 DEBUG 5300 --- [nio-8701-exec-5] o.j.s.OpenEntityManagerInViewInterceptor : Opening JPA EntityManager in OpenEntityManagerInViewInterceptor
2022-03-20 12:26:46.003 DEBUG 5300 --- [nio-8701-exec-5] m.m.a.RequestResponseBodyMethodProcessor : Read "application/json;charset=UTF-8" to [Recipe(id=0, name=10 ice recipe test, date=null, category=-, description=--, ingredients=[----, --;, (truncated)...]
recipes.businesslayer.UserDetailsImpl@7802be65
LoginTest2@test.com
2022-03-20 12:26:46.004 DEBUG 5300 --- [nio-8701-exec-5] o.s.orm.jpa.JpaTransactionManager        : Found thread-bound EntityManager [SessionImpl(265434300<open>)] for JPA transaction
2022-03-20 12:26:46.004 DEBUG 5300 --- [nio-8701-exec-5] o.s.orm.jpa.JpaTransactionManager        : Creating new transaction with name [org.springframework.data.jpa.repository.support.SimpleJpaRepository.save]: PROPAGATION_REQUIRED,ISOLATION_DEFAULT
2022-03-20 12:26:46.005 DEBUG 5300 --- [nio-8701-exec-5] o.s.orm.jpa.JpaTransactionManager        : Exposing JPA transaction as JDBC [org.springframework.orm.jpa.vendor.HibernateJpaDialect$HibernateConnectionHandle@62ce52b5]
Hibernate: call next value for hibernate_sequence
2022-03-20 12:26:46.007 DEBUG 5300 --- [nio-8701-exec-5] o.s.orm.jpa.JpaTransactionManager        : Initiating transaction commit
2022-03-20 12:26:46.007 DEBUG 5300 --- [nio-8701-exec-5] o.s.orm.jpa.JpaTransactionManager        : Committing JPA transaction on EntityManager [SessionImpl(265434300<open>)]
Hibernate: insert into recipes (category, date, description, email, name, id) values (?, ?, ?, ?, ?, ?)
Hibernate: insert into recipe_directions (recipe_id, directions) values (?, ?)
Hibernate: insert into recipe_directions (recipe_id, directions) values (?, ?)
Hibernate: insert into recipe_ingredients (recipe_id, ingredients) values (?, ?)
Hibernate: insert into recipe_ingredients (recipe_id, ingredients) values (?, ?)
Hibernate: insert into recipe_ingredients (recipe_id, ingredients) values (?, ?)
2022-03-20 12:26:46.019 DEBUG 5300 --- [nio-8701-exec-5] o.s.orm.jpa.JpaTransactionManager        : Not closing pre-bound JPA EntityManager after transaction
2022-03-20 12:26:46.020 DEBUG 5300 --- [nio-8701-exec-5] o.s.w.s.m.m.a.HttpEntityMethodProcessor  : Using 'application/json', given [*/*] and supported [application/json, application/*+json, application/json, application/*+json]
2022-03-20 12:26:46.020 DEBUG 5300 --- [nio-8701-exec-5] o.s.w.s.m.m.a.HttpEntityMethodProcessor  : Writing [IdDto(id=158)]
2022-03-20 12:26:46.021 DEBUG 5300 --- [nio-8701-exec-5] w.c.HttpSessionSecurityContextRepository : Stored SecurityContextImpl [Authentication=UsernamePasswordAuthenticationToken [Principal=recipes.businesslayer.UserDetailsImpl@7802be65, Credentials=[PROTECTED], Authenticated=true, Details=WebAuthenticationDetails [RemoteIpAddress=127.0.0.1, SessionId=null], Granted Authorities=[]]] to HttpSession [org.apache.catalina.session.StandardSessionFacade@5744433d]
2022-03-20 12:26:46.022 DEBUG 5300 --- [nio-8701-exec-5] o.j.s.OpenEntityManagerInViewInterceptor : Closing JPA EntityManager in OpenEntityManagerInViewInterceptor
2022-03-20 12:26:46.022 DEBUG 5300 --- [nio-8701-exec-5] o.s.web.servlet.DispatcherServlet        : Completed 200 OK
2022-03-20 12:26:46.023 DEBUG 5300 --- [nio-8701-exec-5] w.c.HttpSessionSecurityContextRepository : Stored SecurityContextImpl [Authentication=UsernamePasswordAuthenticationToken [Principal=recipes.businesslayer.UserDetailsImpl@7802be65, Credentials=[PROTECTED], Authenticated=true, Details=WebAuthenticationDetails [RemoteIpAddress=127.0.0.1, SessionId=null], Granted Authorities=[]]] to HttpSession [org.apache.catalina.session.StandardSessionFacade@5744433d]
2022-03-20 12:26:46.023 DEBUG 5300 --- [nio-8701-exec-5] s.s.w.c.SecurityContextPersistenceFilter : Cleared SecurityContextHolder to complete request
?[1;31m
Start test 30?[0m
2022-03-20 12:26:46.046 DEBUG 5300 --- [nio-8701-exec-6] o.s.security.web.FilterChainProxy        : Securing POST /api/recipe/new
2022-03-20 12:26:46.046 DEBUG 5300 --- [nio-8701-exec-6] s.s.w.c.SecurityContextPersistenceFilter : Set SecurityContextHolder to empty SecurityContext
2022-03-20 12:26:46.047 DEBUG 5300 --- [nio-8701-exec-6] tor$SharedEntityManagerInvocationHandler : Creating new EntityManager for shared EntityManager invocation
Hibernate: select user0_.email as email1_3_, user0_.password as password2_3_ from users user0_ where user0_.email=?
2022-03-20 12:26:46.051 DEBUG 5300 --- [nio-8701-exec-6] o.s.s.a.dao.DaoAuthenticationProvider    : Authenticated user
2022-03-20 12:26:46.052 DEBUG 5300 --- [nio-8701-exec-6] o.s.s.w.a.www.BasicAuthenticationFilter  : Set SecurityContextHolder to UsernamePasswordAuthenticationToken [Principal=recipes.businesslayer.UserDetailsImpl@3f3a1ac8, Credentials=[PROTECTED], Authenticated=true, Details=WebAuthenticationDetails [RemoteIpAddress=127.0.0.1, SessionId=null], Granted Authorities=[]]
2022-03-20 12:26:46.052 DEBUG 5300 --- [nio-8701-exec-6] w.c.HttpSessionSecurityContextRepository : Created HttpSession as SecurityContext is non-default
2022-03-20 12:26:46.052 DEBUG 5300 --- [nio-8701-exec-6] w.c.HttpSessionSecurityContextRepository : Stored SecurityContextImpl [Authentication=UsernamePasswordAuthenticationToken [Principal=recipes.businesslayer.UserDetailsImpl@3f3a1ac8, Credentials=[PROTECTED], Authenticated=true, Details=WebAuthenticationDetails [RemoteIpAddress=127.0.0.1, SessionId=null], Granted Authorities=[]]] to HttpSession [org.apache.catalina.session.StandardSessionFacade@31152841]
2022-03-20 12:26:46.054 DEBUG 5300 --- [nio-8701-exec-6] s.w.s.m.m.a.RequestMappingHandlerMapping : Mapped to recipes.presentation.RecipesController#sendRecipe(Recipe, Authentication)
2022-03-20 12:26:46.054 DEBUG 5300 --- [nio-8701-exec-6] s.w.s.m.m.a.RequestMappingHandlerMapping : Mapped to recipes.presentation.RecipesController#sendRecipe(Recipe, Authentication)
2022-03-20 12:26:46.055 DEBUG 5300 --- [nio-8701-exec-6] s.w.s.m.m.a.RequestMappingHandlerMapping : Mapped to recipes.presentation.RecipesController#sendRecipe(Recipe, Authentication)
2022-03-20 12:26:46.056 DEBUG 5300 --- [nio-8701-exec-6] o.s.s.w.a.i.FilterSecurityInterceptor    : Authorized filter invocation [POST /api/recipe/new] with attributes [authenticated]
2022-03-20 12:26:46.056 DEBUG 5300 --- [nio-8701-exec-6] o.s.security.web.FilterChainProxy        : Secured POST /api/recipe/new
2022-03-20 12:26:46.056 DEBUG 5300 --- [nio-8701-exec-6] o.s.web.servlet.DispatcherServlet        : POST "/api/recipe/new", parameters={}
2022-03-20 12:26:46.057 DEBUG 5300 --- [nio-8701-exec-6] s.w.s.m.m.a.RequestMappingHandlerMapping : Mapped to recipes.presentation.RecipesController#sendRecipe(Recipe, Authentication)
2022-03-20 12:26:46.058 DEBUG 5300 --- [nio-8701-exec-6] o.j.s.OpenEntityManagerInViewInterceptor : Opening JPA EntityManager in OpenEntityManagerInViewInterceptor
2022-03-20 12:26:46.059 DEBUG 5300 --- [nio-8701-exec-6] m.m.a.RequestResponseBodyMethodProcessor : Read "application/json;charset=UTF-8" to [Recipe(id=0, name=11 ice-creamrecipe test, date=null, category=veryDessert, description=-, ingredien (truncated)...]
recipes.businesslayer.UserDetailsImpl@3f3a1ac8
LoginTest2@test.com
2022-03-20 12:26:46.060 DEBUG 5300 --- [nio-8701-exec-6] o.s.orm.jpa.JpaTransactionManager        : Found thread-bound EntityManager [SessionImpl(1419776108<open>)] for JPA transaction
2022-03-20 12:26:46.060 DEBUG 5300 --- [nio-8701-exec-6] o.s.orm.jpa.JpaTransactionManager        : Creating new transaction with name [org.springframework.data.jpa.repository.support.SimpleJpaRepository.save]: PROPAGATION_REQUIRED,ISOLATION_DEFAULT
2022-03-20 12:26:46.061 DEBUG 5300 --- [nio-8701-exec-6] o.s.orm.jpa.JpaTransactionManager        : Exposing JPA transaction as JDBC [org.springframework.orm.jpa.vendor.HibernateJpaDialect$HibernateConnectionHandle@3ba3ac6a]
Hibernate: call next value for hibernate_sequence
2022-03-20 12:26:46.065 DEBUG 5300 --- [nio-8701-exec-6] o.s.orm.jpa.JpaTransactionManager        : Initiating transaction commit
2022-03-20 12:26:46.065 DEBUG 5300 --- [nio-8701-exec-6] o.s.orm.jpa.JpaTransactionManager        : Committing JPA transaction on EntityManager [SessionImpl(1419776108<open>)]
Hibernate: insert into recipes (category, date, description, email, name, id) values (?, ?, ?, ?, ?, ?)
Hibernate: insert into recipe_directions (recipe_id, directions) values (?, ?)
Hibernate: insert into recipe_directions (recipe_id, directions) values (?, ?)
Hibernate: insert into recipe_directions (recipe_id, directions) values (?, ?)
Hibernate: insert into recipe_ingredients (recipe_id, ingredients) values (?, ?)
Hibernate: insert into recipe_ingredients (recipe_id, ingredients) values (?, ?)
2022-03-20 12:26:46.075 DEBUG 5300 --- [nio-8701-exec-6] o.s.orm.jpa.JpaTransactionManager        : Not closing pre-bound JPA EntityManager after transaction
2022-03-20 12:26:46.076 DEBUG 5300 --- [nio-8701-exec-6] o.s.w.s.m.m.a.HttpEntityMethodProcessor  : Using 'application/json', given [*/*] and supported [application/json, application/*+json, application/json, application/*+json]
2022-03-20 12:26:46.076 DEBUG 5300 --- [nio-8701-exec-6] o.s.w.s.m.m.a.HttpEntityMethodProcessor  : Writing [IdDto(id=159)]
2022-03-20 12:26:46.077 DEBUG 5300 --- [nio-8701-exec-6] w.c.HttpSessionSecurityContextRepository : Stored SecurityContextImpl [Authentication=UsernamePasswordAuthenticationToken [Principal=recipes.businesslayer.UserDetailsImpl@3f3a1ac8, Credentials=[PROTECTED], Authenticated=true, Details=WebAuthenticationDetails [RemoteIpAddress=127.0.0.1, SessionId=null], Granted Authorities=[]]] to HttpSession [org.apache.catalina.session.StandardSessionFacade@31152841]
2022-03-20 12:26:46.077 DEBUG 5300 --- [nio-8701-exec-6] o.j.s.OpenEntityManagerInViewInterceptor : Closing JPA EntityManager in OpenEntityManagerInViewInterceptor
2022-03-20 12:26:46.078 DEBUG 5300 --- [nio-8701-exec-6] o.s.web.servlet.DispatcherServlet        : Completed 200 OK
2022-03-20 12:26:46.078 DEBUG 5300 --- [nio-8701-exec-6] w.c.HttpSessionSecurityContextRepository : Stored SecurityContextImpl [Authentication=UsernamePasswordAuthenticationToken [Principal=recipes.businesslayer.UserDetailsImpl@3f3a1ac8, Credentials=[PROTECTED], Authenticated=true, Details=WebAuthenticationDetails [RemoteIpAddress=127.0.0.1, SessionId=null], Granted Authorities=[]]] to HttpSession [org.apache.catalina.session.StandardSessionFacade@31152841]
2022-03-20 12:26:46.078 DEBUG 5300 --- [nio-8701-exec-6] s.s.w.c.SecurityContextPersistenceFilter : Cleared SecurityContextHolder to complete request
?[1;31m
Start test 31?[0m
2022-03-20 12:26:46.110 DEBUG 5300 --- [nio-8701-exec-7] o.s.security.web.FilterChainProxy        : Securing POST /api/recipe/new
2022-03-20 12:26:46.110 DEBUG 5300 --- [nio-8701-exec-7] s.s.w.c.SecurityContextPersistenceFilter : Set SecurityContextHolder to empty SecurityContext
2022-03-20 12:26:46.110 DEBUG 5300 --- [nio-8701-exec-7] tor$SharedEntityManagerInvocationHandler : Creating new EntityManager for shared EntityManager invocation
Hibernate: select user0_.email as email1_3_, user0_.password as password2_3_ from users user0_ where user0_.email=?
2022-03-20 12:26:46.115 DEBUG 5300 --- [nio-8701-exec-7] o.s.s.a.dao.DaoAuthenticationProvider    : Authenticated user
2022-03-20 12:26:46.115 DEBUG 5300 --- [nio-8701-exec-7] o.s.s.w.a.www.BasicAuthenticationFilter  : Set SecurityContextHolder to UsernamePasswordAuthenticationToken [Principal=recipes.businesslayer.UserDetailsImpl@48b002fd, Credentials=[PROTECTED], Authenticated=true, Details=WebAuthenticationDetails [RemoteIpAddress=127.0.0.1, SessionId=null], Granted Authorities=[]]
2022-03-20 12:26:46.117 DEBUG 5300 --- [nio-8701-exec-7] w.c.HttpSessionSecurityContextRepository : Created HttpSession as SecurityContext is non-default
2022-03-20 12:26:46.117 DEBUG 5300 --- [nio-8701-exec-7] w.c.HttpSessionSecurityContextRepository : Stored SecurityContextImpl [Authentication=UsernamePasswordAuthenticationToken [Principal=recipes.businesslayer.UserDetailsImpl@48b002fd, Credentials=[PROTECTED], Authenticated=true, Details=WebAuthenticationDetails [RemoteIpAddress=127.0.0.1, SessionId=null], Granted Authorities=[]]] to HttpSession [org.apache.catalina.session.StandardSessionFacade@11bfec2]
2022-03-20 12:26:46.118 DEBUG 5300 --- [nio-8701-exec-7] s.w.s.m.m.a.RequestMappingHandlerMapping : Mapped to recipes.presentation.RecipesController#sendRecipe(Recipe, Authentication)
2022-03-20 12:26:46.120 DEBUG 5300 --- [nio-8701-exec-7] s.w.s.m.m.a.RequestMappingHandlerMapping : Mapped to recipes.presentation.RecipesController#sendRecipe(Recipe, Authentication)
2022-03-20 12:26:46.121 DEBUG 5300 --- [nio-8701-exec-7] s.w.s.m.m.a.RequestMappingHandlerMapping : Mapped to recipes.presentation.RecipesController#sendRecipe(Recipe, Authentication)
2022-03-20 12:26:46.122 DEBUG 5300 --- [nio-8701-exec-7] o.s.s.w.a.i.FilterSecurityInterceptor    : Authorized filter invocation [POST /api/recipe/new] with attributes [authenticated]
2022-03-20 12:26:46.122 DEBUG 5300 --- [nio-8701-exec-7] o.s.security.web.FilterChainProxy        : Secured POST /api/recipe/new
2022-03-20 12:26:46.123 DEBUG 5300 --- [nio-8701-exec-7] o.s.web.servlet.DispatcherServlet        : POST "/api/recipe/new", parameters={}
2022-03-20 12:26:46.124 DEBUG 5300 --- [nio-8701-exec-7] s.w.s.m.m.a.RequestMappingHandlerMapping : Mapped to recipes.presentation.RecipesController#sendRecipe(Recipe, Authentication)
2022-03-20 12:26:46.124 DEBUG 5300 --- [nio-8701-exec-7] o.j.s.OpenEntityManagerInViewInterceptor : Opening JPA EntityManager in OpenEntityManagerInViewInterceptor
2022-03-20 12:26:46.125 DEBUG 5300 --- [nio-8701-exec-7] m.m.a.RequestResponseBodyMethodProcessor : Read "application/json;charset=UTF-8" to [Recipe(id=0, name=cream, date=null, category=BEVerage, description=--, ingredients=[---, -, -], dire (truncated)...]
recipes.businesslayer.UserDetailsImpl@48b002fd
LoginTest2@test.com
2022-03-20 12:26:46.126 DEBUG 5300 --- [nio-8701-exec-7] o.s.orm.jpa.JpaTransactionManager        : Found thread-bound EntityManager [SessionImpl(1649911590<open>)] for JPA transaction
2022-03-20 12:26:46.126 DEBUG 5300 --- [nio-8701-exec-7] o.s.orm.jpa.JpaTransactionManager        : Creating new transaction with name [org.springframework.data.jpa.repository.support.SimpleJpaRepository.save]: PROPAGATION_REQUIRED,ISOLATION_DEFAULT
2022-03-20 12:26:46.127 DEBUG 5300 --- [nio-8701-exec-7] o.s.orm.jpa.JpaTransactionManager        : Exposing JPA transaction as JDBC [org.springframework.orm.jpa.vendor.HibernateJpaDialect$HibernateConnectionHandle@2ab8e67b]
Hibernate: call next value for hibernate_sequence
2022-03-20 12:26:46.130 DEBUG 5300 --- [nio-8701-exec-7] o.s.orm.jpa.JpaTransactionManager        : Initiating transaction commit
2022-03-20 12:26:46.131 DEBUG 5300 --- [nio-8701-exec-7] o.s.orm.jpa.JpaTransactionManager        : Committing JPA transaction on EntityManager [SessionImpl(1649911590<open>)]
Hibernate: insert into recipes (category, date, description, email, name, id) values (?, ?, ?, ?, ?, ?)
Hibernate: insert into recipe_directions (recipe_id, directions) values (?, ?)
Hibernate: insert into recipe_directions (recipe_id, directions) values (?, ?)
Hibernate: insert into recipe_ingredients (recipe_id, ingredients) values (?, ?)
Hibernate: insert into recipe_ingredients (recipe_id, ingredients) values (?, ?)
Hibernate: insert into recipe_ingredients (recipe_id, ingredients) values (?, ?)
2022-03-20 12:26:46.140 DEBUG 5300 --- [nio-8701-exec-7] o.s.orm.jpa.JpaTransactionManager        : Not closing pre-bound JPA EntityManager after transaction
2022-03-20 12:26:46.141 DEBUG 5300 --- [nio-8701-exec-7] o.s.w.s.m.m.a.HttpEntityMethodProcessor  : Using 'application/json', given [*/*] and supported [application/json, application/*+json, application/json, application/*+json]
2022-03-20 12:26:46.141 DEBUG 5300 --- [nio-8701-exec-7] o.s.w.s.m.m.a.HttpEntityMethodProcessor  : Writing [IdDto(id=160)]
2022-03-20 12:26:46.143 DEBUG 5300 --- [nio-8701-exec-7] w.c.HttpSessionSecurityContextRepository : Stored SecurityContextImpl [Authentication=UsernamePasswordAuthenticationToken [Principal=recipes.businesslayer.UserDetailsImpl@48b002fd, Credentials=[PROTECTED], Authenticated=true, Details=WebAuthenticationDetails [RemoteIpAddress=127.0.0.1, SessionId=null], Granted Authorities=[]]] to HttpSession [org.apache.catalina.session.StandardSessionFacade@11bfec2]
2022-03-20 12:26:46.144 DEBUG 5300 --- [nio-8701-exec-7] o.j.s.OpenEntityManagerInViewInterceptor : Closing JPA EntityManager in OpenEntityManagerInViewInterceptor
2022-03-20 12:26:46.144 DEBUG 5300 --- [nio-8701-exec-7] o.s.web.servlet.DispatcherServlet        : Completed 200 OK
2022-03-20 12:26:46.145 DEBUG 5300 --- [nio-8701-exec-7] w.c.HttpSessionSecurityContextRepository : Stored SecurityContextImpl [Authentication=UsernamePasswordAuthenticationToken [Principal=recipes.businesslayer.UserDetailsImpl@48b002fd, Credentials=[PROTECTED], Authenticated=true, Details=WebAuthenticationDetails [RemoteIpAddress=127.0.0.1, SessionId=null], Granted Authorities=[]]] to HttpSession [org.apache.catalina.session.StandardSessionFacade@11bfec2]
2022-03-20 12:26:46.145 DEBUG 5300 --- [nio-8701-exec-7] s.s.w.c.SecurityContextPersistenceFilter : Cleared SecurityContextHolder to complete request
?[1;31m
Start test 32?[0m
2022-03-20 12:26:46.172 DEBUG 5300 --- [nio-8701-exec-8] o.s.security.web.FilterChainProxy        : Securing POST /api/recipe/new
2022-03-20 12:26:46.172 DEBUG 5300 --- [nio-8701-exec-8] s.s.w.c.SecurityContextPersistenceFilter : Set SecurityContextHolder to empty SecurityContext
2022-03-20 12:26:46.172 DEBUG 5300 --- [nio-8701-exec-8] tor$SharedEntityManagerInvocationHandler : Creating new EntityManager for shared EntityManager invocation
Hibernate: select user0_.email as email1_3_, user0_.password as password2_3_ from users user0_ where user0_.email=?
2022-03-20 12:26:46.175 DEBUG 5300 --- [nio-8701-exec-8] o.s.s.a.dao.DaoAuthenticationProvider    : Authenticated user
2022-03-20 12:26:46.175 DEBUG 5300 --- [nio-8701-exec-8] o.s.s.w.a.www.BasicAuthenticationFilter  : Set SecurityContextHolder to UsernamePasswordAuthenticationToken [Principal=recipes.businesslayer.UserDetailsImpl@10e695d9, Credentials=[PROTECTED], Authenticated=true, Details=WebAuthenticationDetails [RemoteIpAddress=127.0.0.1, SessionId=null], Granted Authorities=[]]
2022-03-20 12:26:46.176 DEBUG 5300 --- [nio-8701-exec-8] w.c.HttpSessionSecurityContextRepository : Created HttpSession as SecurityContext is non-default
2022-03-20 12:26:46.176 DEBUG 5300 --- [nio-8701-exec-8] w.c.HttpSessionSecurityContextRepository : Stored SecurityContextImpl [Authentication=UsernamePasswordAuthenticationToken [Principal=recipes.businesslayer.UserDetailsImpl@10e695d9, Credentials=[PROTECTED], Authenticated=true, Details=WebAuthenticationDetails [RemoteIpAddress=127.0.0.1, SessionId=null], Granted Authorities=[]]] to HttpSession [org.apache.catalina.session.StandardSessionFacade@4f69c762]
2022-03-20 12:26:46.177 DEBUG 5300 --- [nio-8701-exec-8] s.w.s.m.m.a.RequestMappingHandlerMapping : Mapped to recipes.presentation.RecipesController#sendRecipe(Recipe, Authentication)
2022-03-20 12:26:46.177 DEBUG 5300 --- [nio-8701-exec-8] s.w.s.m.m.a.RequestMappingHandlerMapping : Mapped to recipes.presentation.RecipesController#sendRecipe(Recipe, Authentication)
2022-03-20 12:26:46.178 DEBUG 5300 --- [nio-8701-exec-8] s.w.s.m.m.a.RequestMappingHandlerMapping : Mapped to recipes.presentation.RecipesController#sendRecipe(Recipe, Authentication)
2022-03-20 12:26:46.179 DEBUG 5300 --- [nio-8701-exec-8] o.s.s.w.a.i.FilterSecurityInterceptor    : Authorized filter invocation [POST /api/recipe/new] with attributes [authenticated]
2022-03-20 12:26:46.179 DEBUG 5300 --- [nio-8701-exec-8] o.s.security.web.FilterChainProxy        : Secured POST /api/recipe/new
2022-03-20 12:26:46.179 DEBUG 5300 --- [nio-8701-exec-8] o.s.web.servlet.DispatcherServlet        : POST "/api/recipe/new", parameters={}
2022-03-20 12:26:46.180 DEBUG 5300 --- [nio-8701-exec-8] s.w.s.m.m.a.RequestMappingHandlerMapping : Mapped to recipes.presentation.RecipesController#sendRecipe(Recipe, Authentication)
2022-03-20 12:26:46.180 DEBUG 5300 --- [nio-8701-exec-8] o.j.s.OpenEntityManagerInViewInterceptor : Opening JPA EntityManager in OpenEntityManagerInViewInterceptor
2022-03-20 12:26:46.182 DEBUG 5300 --- [nio-8701-exec-8] m.m.a.RequestResponseBodyMethodProcessor : Read "application/json;charset=UTF-8" to [Recipe(id=0, name=ice-cre, date=null, category=---Dessert, description=-, ingredients=[---, -], dire (truncated)...]
recipes.businesslayer.UserDetailsImpl@10e695d9
LoginTest2@test.com
2022-03-20 12:26:46.183 DEBUG 5300 --- [nio-8701-exec-8] o.s.orm.jpa.JpaTransactionManager        : Found thread-bound EntityManager [SessionImpl(1304406435<open>)] for JPA transaction
2022-03-20 12:26:46.183 DEBUG 5300 --- [nio-8701-exec-8] o.s.orm.jpa.JpaTransactionManager        : Creating new transaction with name [org.springframework.data.jpa.repository.support.SimpleJpaRepository.save]: PROPAGATION_REQUIRED,ISOLATION_DEFAULT
2022-03-20 12:26:46.184 DEBUG 5300 --- [nio-8701-exec-8] o.s.orm.jpa.JpaTransactionManager        : Exposing JPA transaction as JDBC [org.springframework.orm.jpa.vendor.HibernateJpaDialect$HibernateConnectionHandle@69d3b590]
Hibernate: call next value for hibernate_sequence
2022-03-20 12:26:46.187 DEBUG 5300 --- [nio-8701-exec-8] o.s.orm.jpa.JpaTransactionManager        : Initiating transaction commit
2022-03-20 12:26:46.187 DEBUG 5300 --- [nio-8701-exec-8] o.s.orm.jpa.JpaTransactionManager        : Committing JPA transaction on EntityManager [SessionImpl(1304406435<open>)]
Hibernate: insert into recipes (category, date, description, email, name, id) values (?, ?, ?, ?, ?, ?)
Hibernate: insert into recipe_directions (recipe_id, directions) values (?, ?)
Hibernate: insert into recipe_directions (recipe_id, directions) values (?, ?)
Hibernate: insert into recipe_directions (recipe_id, directions) values (?, ?)
Hibernate: insert into recipe_ingredients (recipe_id, ingredients) values (?, ?)
Hibernate: insert into recipe_ingredients (recipe_id, ingredients) values (?, ?)
2022-03-20 12:26:46.195 DEBUG 5300 --- [nio-8701-exec-8] o.s.orm.jpa.JpaTransactionManager        : Not closing pre-bound JPA EntityManager after transaction
2022-03-20 12:26:46.195 DEBUG 5300 --- [nio-8701-exec-8] o.s.w.s.m.m.a.HttpEntityMethodProcessor  : Using 'application/json', given [*/*] and supported [application/json, application/*+json, application/json, application/*+json]
2022-03-20 12:26:46.196 DEBUG 5300 --- [nio-8701-exec-8] o.s.w.s.m.m.a.HttpEntityMethodProcessor  : Writing [IdDto(id=161)]
2022-03-20 12:26:46.196 DEBUG 5300 --- [nio-8701-exec-8] w.c.HttpSessionSecurityContextRepository : Stored SecurityContextImpl [Authentication=UsernamePasswordAuthenticationToken [Principal=recipes.businesslayer.UserDetailsImpl@10e695d9, Credentials=[PROTECTED], Authenticated=true, Details=WebAuthenticationDetails [RemoteIpAddress=127.0.0.1, SessionId=null], Granted Authorities=[]]] to HttpSession [org.apache.catalina.session.StandardSessionFacade@4f69c762]
2022-03-20 12:26:46.198 DEBUG 5300 --- [nio-8701-exec-8] o.j.s.OpenEntityManagerInViewInterceptor : Closing JPA EntityManager in OpenEntityManagerInViewInterceptor
2022-03-20 12:26:46.198 DEBUG 5300 --- [nio-8701-exec-8] o.s.web.servlet.DispatcherServlet        : Completed 200 OK
2022-03-20 12:26:46.199 DEBUG 5300 --- [nio-8701-exec-8] w.c.HttpSessionSecurityContextRepository : Stored SecurityContextImpl [Authentication=UsernamePasswordAuthenticationToken [Principal=recipes.businesslayer.UserDetailsImpl@10e695d9, Credentials=[PROTECTED], Authenticated=true, Details=WebAuthenticationDetails [RemoteIpAddress=127.0.0.1, SessionId=null], Granted Authorities=[]]] to HttpSession [org.apache.catalina.session.StandardSessionFacade@4f69c762]
2022-03-20 12:26:46.199 DEBUG 5300 --- [nio-8701-exec-8] s.s.w.c.SecurityContextPersistenceFilter : Cleared SecurityContextHolder to complete request
?[1;31m
Start test 33?[0m
2022-03-20 12:26:46.226 DEBUG 5300 --- [nio-8701-exec-9] o.s.security.web.FilterChainProxy        : Securing POST /api/recipe/new
2022-03-20 12:26:46.226 DEBUG 5300 --- [nio-8701-exec-9] s.s.w.c.SecurityContextPersistenceFilter : Set SecurityContextHolder to empty SecurityContext
2022-03-20 12:26:46.227 DEBUG 5300 --- [nio-8701-exec-9] tor$SharedEntityManagerInvocationHandler : Creating new EntityManager for shared EntityManager invocation
Hibernate: select user0_.email as email1_3_, user0_.password as password2_3_ from users user0_ where user0_.email=?
2022-03-20 12:26:46.234 DEBUG 5300 --- [nio-8701-exec-9] o.s.s.a.dao.DaoAuthenticationProvider    : Authenticated user
2022-03-20 12:26:46.234 DEBUG 5300 --- [nio-8701-exec-9] o.s.s.w.a.www.BasicAuthenticationFilter  : Set SecurityContextHolder to UsernamePasswordAuthenticationToken [Principal=recipes.businesslayer.UserDetailsImpl@5dda401f, Credentials=[PROTECTED], Authenticated=true, Details=WebAuthenticationDetails [RemoteIpAddress=127.0.0.1, SessionId=null], Granted Authorities=[]]
2022-03-20 12:26:46.234 DEBUG 5300 --- [nio-8701-exec-9] w.c.HttpSessionSecurityContextRepository : Created HttpSession as SecurityContext is non-default
2022-03-20 12:26:46.234 DEBUG 5300 --- [nio-8701-exec-9] w.c.HttpSessionSecurityContextRepository : Stored SecurityContextImpl [Authentication=UsernamePasswordAuthenticationToken [Principal=recipes.businesslayer.UserDetailsImpl@5dda401f, Credentials=[PROTECTED], Authenticated=true, Details=WebAuthenticationDetails [RemoteIpAddress=127.0.0.1, SessionId=null], Granted Authorities=[]]] to HttpSession [org.apache.catalina.session.StandardSessionFacade@53e2a3a2]
2022-03-20 12:26:46.235 DEBUG 5300 --- [nio-8701-exec-9] s.w.s.m.m.a.RequestMappingHandlerMapping : Mapped to recipes.presentation.RecipesController#sendRecipe(Recipe, Authentication)
2022-03-20 12:26:46.236 DEBUG 5300 --- [nio-8701-exec-9] s.w.s.m.m.a.RequestMappingHandlerMapping : Mapped to recipes.presentation.RecipesController#sendRecipe(Recipe, Authentication)
2022-03-20 12:26:46.237 DEBUG 5300 --- [nio-8701-exec-9] s.w.s.m.m.a.RequestMappingHandlerMapping : Mapped to recipes.presentation.RecipesController#sendRecipe(Recipe, Authentication)
2022-03-20 12:26:46.237 DEBUG 5300 --- [nio-8701-exec-9] o.s.s.w.a.i.FilterSecurityInterceptor    : Authorized filter invocation [POST /api/recipe/new] with attributes [authenticated]
2022-03-20 12:26:46.237 DEBUG 5300 --- [nio-8701-exec-9] o.s.security.web.FilterChainProxy        : Secured POST /api/recipe/new
2022-03-20 12:26:46.238 DEBUG 5300 --- [nio-8701-exec-9] o.s.web.servlet.DispatcherServlet        : POST "/api/recipe/new", parameters={}
2022-03-20 12:26:46.238 DEBUG 5300 --- [nio-8701-exec-9] s.w.s.m.m.a.RequestMappingHandlerMapping : Mapped to recipes.presentation.RecipesController#sendRecipe(Recipe, Authentication)
2022-03-20 12:26:46.238 DEBUG 5300 --- [nio-8701-exec-9] o.j.s.OpenEntityManagerInViewInterceptor : Opening JPA EntityManager in OpenEntityManagerInViewInterceptor
2022-03-20 12:26:46.241 DEBUG 5300 --- [nio-8701-exec-9] m.m.a.RequestResponseBodyMethodProcessor : Read "application/json;charset=UTF-8" to [Recipe(id=0, name=ice-cream, date=null, category=DESSERT, description=-, ingredients=[----, --], dir (truncated)...]
recipes.businesslayer.UserDetailsImpl@5dda401f
LoginTest2@test.com
2022-03-20 12:26:46.242 DEBUG 5300 --- [nio-8701-exec-9] o.s.orm.jpa.JpaTransactionManager        : Found thread-bound EntityManager [SessionImpl(342394455<open>)] for JPA transaction
2022-03-20 12:26:46.242 DEBUG 5300 --- [nio-8701-exec-9] o.s.orm.jpa.JpaTransactionManager        : Creating new transaction with name [org.springframework.data.jpa.repository.support.SimpleJpaRepository.save]: PROPAGATION_REQUIRED,ISOLATION_DEFAULT
2022-03-20 12:26:46.243 DEBUG 5300 --- [nio-8701-exec-9] o.s.orm.jpa.JpaTransactionManager        : Exposing JPA transaction as JDBC [org.springframework.orm.jpa.vendor.HibernateJpaDialect$HibernateConnectionHandle@77c8a153]
Hibernate: call next value for hibernate_sequence
2022-03-20 12:26:46.246 DEBUG 5300 --- [nio-8701-exec-9] o.s.orm.jpa.JpaTransactionManager        : Initiating transaction commit
2022-03-20 12:26:46.246 DEBUG 5300 --- [nio-8701-exec-9] o.s.orm.jpa.JpaTransactionManager        : Committing JPA transaction on EntityManager [SessionImpl(342394455<open>)]
Hibernate: insert into recipes (category, date, description, email, name, id) values (?, ?, ?, ?, ?, ?)
Hibernate: insert into recipe_directions (recipe_id, directions) values (?, ?)
Hibernate: insert into recipe_directions (recipe_id, directions) values (?, ?)
Hibernate: insert into recipe_directions (recipe_id, directions) values (?, ?)
Hibernate: insert into recipe_ingredients (recipe_id, ingredients) values (?, ?)
Hibernate: insert into recipe_ingredients (recipe_id, ingredients) values (?, ?)
2022-03-20 12:26:46.258 DEBUG 5300 --- [nio-8701-exec-9] o.s.orm.jpa.JpaTransactionManager        : Not closing pre-bound JPA EntityManager after transaction
2022-03-20 12:26:46.259 DEBUG 5300 --- [nio-8701-exec-9] o.s.w.s.m.m.a.HttpEntityMethodProcessor  : Using 'application/json', given [*/*] and supported [application/json, application/*+json, application/json, application/*+json]
2022-03-20 12:26:46.259 DEBUG 5300 --- [nio-8701-exec-9] o.s.w.s.m.m.a.HttpEntityMethodProcessor  : Writing [IdDto(id=162)]
2022-03-20 12:26:46.260 DEBUG 5300 --- [nio-8701-exec-9] w.c.HttpSessionSecurityContextRepository : Stored SecurityContextImpl [Authentication=UsernamePasswordAuthenticationToken [Principal=recipes.businesslayer.UserDetailsImpl@5dda401f, Credentials=[PROTECTED], Authenticated=true, Details=WebAuthenticationDetails [RemoteIpAddress=127.0.0.1, SessionId=null], Granted Authorities=[]]] to HttpSession [org.apache.catalina.session.StandardSessionFacade@53e2a3a2]
2022-03-20 12:26:46.261 DEBUG 5300 --- [nio-8701-exec-9] o.j.s.OpenEntityManagerInViewInterceptor : Closing JPA EntityManager in OpenEntityManagerInViewInterceptor
2022-03-20 12:26:46.261 DEBUG 5300 --- [nio-8701-exec-9] o.s.web.servlet.DispatcherServlet        : Completed 200 OK
2022-03-20 12:26:46.262 DEBUG 5300 --- [nio-8701-exec-9] w.c.HttpSessionSecurityContextRepository : Stored SecurityContextImpl [Authentication=UsernamePasswordAuthenticationToken [Principal=recipes.businesslayer.UserDetailsImpl@5dda401f, Credentials=[PROTECTED], Authenticated=true, Details=WebAuthenticationDetails [RemoteIpAddress=127.0.0.1, SessionId=null], Granted Authorities=[]]] to HttpSession [org.apache.catalina.session.StandardSessionFacade@53e2a3a2]
2022-03-20 12:26:46.262 DEBUG 5300 --- [nio-8701-exec-9] s.s.w.c.SecurityContextPersistenceFilter : Cleared SecurityContextHolder to complete request
?[1;31m
Start test 34?[0m
2022-03-20 12:26:46.287 DEBUG 5300 --- [io-8701-exec-10] o.s.security.web.FilterChainProxy        : Securing POST /api/recipe/new
2022-03-20 12:26:46.287 DEBUG 5300 --- [io-8701-exec-10] s.s.w.c.SecurityContextPersistenceFilter : Set SecurityContextHolder to empty SecurityContext
2022-03-20 12:26:46.288 DEBUG 5300 --- [io-8701-exec-10] tor$SharedEntityManagerInvocationHandler : Creating new EntityManager for shared EntityManager invocation
Hibernate: select user0_.email as email1_3_, user0_.password as password2_3_ from users user0_ where user0_.email=?
2022-03-20 12:26:46.292 DEBUG 5300 --- [io-8701-exec-10] o.s.s.a.dao.DaoAuthenticationProvider    : Authenticated user
2022-03-20 12:26:46.292 DEBUG 5300 --- [io-8701-exec-10] o.s.s.w.a.www.BasicAuthenticationFilter  : Set SecurityContextHolder to UsernamePasswordAuthenticationToken [Principal=recipes.businesslayer.UserDetailsImpl@1794b16c, Credentials=[PROTECTED], Authenticated=true, Details=WebAuthenticationDetails [RemoteIpAddress=127.0.0.1, SessionId=null], Granted Authorities=[]]
2022-03-20 12:26:46.292 DEBUG 5300 --- [io-8701-exec-10] w.c.HttpSessionSecurityContextRepository : Created HttpSession as SecurityContext is non-default
2022-03-20 12:26:46.292 DEBUG 5300 --- [io-8701-exec-10] w.c.HttpSessionSecurityContextRepository : Stored SecurityContextImpl [Authentication=UsernamePasswordAuthenticationToken [Principal=recipes.businesslayer.UserDetailsImpl@1794b16c, Credentials=[PROTECTED], Authenticated=true, Details=WebAuthenticationDetails [RemoteIpAddress=127.0.0.1, SessionId=null], Granted Authorities=[]]] to HttpSession [org.apache.catalina.session.StandardSessionFacade@17fec394]
2022-03-20 12:26:46.293 DEBUG 5300 --- [io-8701-exec-10] s.w.s.m.m.a.RequestMappingHandlerMapping : Mapped to recipes.presentation.RecipesController#sendRecipe(Recipe, Authentication)
2022-03-20 12:26:46.294 DEBUG 5300 --- [io-8701-exec-10] s.w.s.m.m.a.RequestMappingHandlerMapping : Mapped to recipes.presentation.RecipesController#sendRecipe(Recipe, Authentication)
2022-03-20 12:26:46.294 DEBUG 5300 --- [io-8701-exec-10] s.w.s.m.m.a.RequestMappingHandlerMapping : Mapped to recipes.presentation.RecipesController#sendRecipe(Recipe, Authentication)
2022-03-20 12:26:46.295 DEBUG 5300 --- [io-8701-exec-10] o.s.s.w.a.i.FilterSecurityInterceptor    : Authorized filter invocation [POST /api/recipe/new] with attributes [authenticated]
2022-03-20 12:26:46.295 DEBUG 5300 --- [io-8701-exec-10] o.s.security.web.FilterChainProxy        : Secured POST /api/recipe/new
2022-03-20 12:26:46.295 DEBUG 5300 --- [io-8701-exec-10] o.s.web.servlet.DispatcherServlet        : POST "/api/recipe/new", parameters={}
2022-03-20 12:26:46.296 DEBUG 5300 --- [io-8701-exec-10] s.w.s.m.m.a.RequestMappingHandlerMapping : Mapped to recipes.presentation.RecipesController#sendRecipe(Recipe, Authentication)
2022-03-20 12:26:46.296 DEBUG 5300 --- [io-8701-exec-10] o.j.s.OpenEntityManagerInViewInterceptor : Opening JPA EntityManager in OpenEntityManagerInViewInterceptor
2022-03-20 12:26:46.297 DEBUG 5300 --- [io-8701-exec-10] m.m.a.RequestResponseBodyMethodProcessor : Read "application/json;charset=UTF-8" to [Recipe(id=0, name=15 recipe test ice-CREAM, date=null, category=Dessert, description=-, ingredients= (truncated)...]
recipes.businesslayer.UserDetailsImpl@1794b16c
LoginTest2@test.com
2022-03-20 12:26:46.300 DEBUG 5300 --- [io-8701-exec-10] o.s.orm.jpa.JpaTransactionManager        : Found thread-bound EntityManager [SessionImpl(24260978<open>)] for JPA transaction
2022-03-20 12:26:46.300 DEBUG 5300 --- [io-8701-exec-10] o.s.orm.jpa.JpaTransactionManager        : Creating new transaction with name [org.springframework.data.jpa.repository.support.SimpleJpaRepository.save]: PROPAGATION_REQUIRED,ISOLATION_DEFAULT
2022-03-20 12:26:46.301 DEBUG 5300 --- [io-8701-exec-10] o.s.orm.jpa.JpaTransactionManager        : Exposing JPA transaction as JDBC [org.springframework.orm.jpa.vendor.HibernateJpaDialect$HibernateConnectionHandle@335fefe1]
Hibernate: call next value for hibernate_sequence
2022-03-20 12:26:46.310 DEBUG 5300 --- [io-8701-exec-10] o.s.orm.jpa.JpaTransactionManager        : Initiating transaction commit
2022-03-20 12:26:46.310 DEBUG 5300 --- [io-8701-exec-10] o.s.orm.jpa.JpaTransactionManager        : Committing JPA transaction on EntityManager [SessionImpl(24260978<open>)]
Hibernate: insert into recipes (category, date, description, email, name, id) values (?, ?, ?, ?, ?, ?)
Hibernate: insert into recipe_directions (recipe_id, directions) values (?, ?)
Hibernate: insert into recipe_directions (recipe_id, directions) values (?, ?)
Hibernate: insert into recipe_ingredients (recipe_id, ingredients) values (?, ?)
Hibernate: insert into recipe_ingredients (recipe_id, ingredients) values (?, ?)
Hibernate: insert into recipe_ingredients (recipe_id, ingredients) values (?, ?)
2022-03-20 12:26:46.327 DEBUG 5300 --- [io-8701-exec-10] o.s.orm.jpa.JpaTransactionManager        : Not closing pre-bound JPA EntityManager after transaction
2022-03-20 12:26:46.327 DEBUG 5300 --- [io-8701-exec-10] o.s.w.s.m.m.a.HttpEntityMethodProcessor  : Using 'application/json', given [*/*] and supported [application/json, application/*+json, application/json, application/*+json]
2022-03-20 12:26:46.328 DEBUG 5300 --- [io-8701-exec-10] o.s.w.s.m.m.a.HttpEntityMethodProcessor  : Writing [IdDto(id=163)]
2022-03-20 12:26:46.328 DEBUG 5300 --- [io-8701-exec-10] w.c.HttpSessionSecurityContextRepository : Stored SecurityContextImpl [Authentication=UsernamePasswordAuthenticationToken [Principal=recipes.businesslayer.UserDetailsImpl@1794b16c, Credentials=[PROTECTED], Authenticated=true, Details=WebAuthenticationDetails [RemoteIpAddress=127.0.0.1, SessionId=null], Granted Authorities=[]]] to HttpSession [org.apache.catalina.session.StandardSessionFacade@17fec394]
2022-03-20 12:26:46.329 DEBUG 5300 --- [io-8701-exec-10] o.j.s.OpenEntityManagerInViewInterceptor : Closing JPA EntityManager in OpenEntityManagerInViewInterceptor
2022-03-20 12:26:46.329 DEBUG 5300 --- [io-8701-exec-10] o.s.web.servlet.DispatcherServlet        : Completed 200 OK
2022-03-20 12:26:46.330 DEBUG 5300 --- [io-8701-exec-10] w.c.HttpSessionSecurityContextRepository : Stored SecurityContextImpl [Authentication=UsernamePasswordAuthenticationToken [Principal=recipes.businesslayer.UserDetailsImpl@1794b16c, Credentials=[PROTECTED], Authenticated=true, Details=WebAuthenticationDetails [RemoteIpAddress=127.0.0.1, SessionId=null], Granted Authorities=[]]] to HttpSession [org.apache.catalina.session.StandardSessionFacade@17fec394]
2022-03-20 12:26:46.330 DEBUG 5300 --- [io-8701-exec-10] s.s.w.c.SecurityContextPersistenceFilter : Cleared SecurityContextHolder to complete request
?[1;31m
Start test 35?[0m
2022-03-20 12:26:46.349 DEBUG 5300 --- [io-8701-exec-11] o.s.security.web.FilterChainProxy        : Securing GET /api/recipe/search/?category=dessert
2022-03-20 12:26:46.349 DEBUG 5300 --- [io-8701-exec-11] s.s.w.c.SecurityContextPersistenceFilter : Set SecurityContextHolder to empty SecurityContext
2022-03-20 12:26:46.349 DEBUG 5300 --- [io-8701-exec-11] tor$SharedEntityManagerInvocationHandler : Creating new EntityManager for shared EntityManager invocation
Hibernate: select user0_.email as email1_3_, user0_.password as password2_3_ from users user0_ where user0_.email=?
2022-03-20 12:26:46.357 DEBUG 5300 --- [io-8701-exec-11] o.s.s.a.dao.DaoAuthenticationProvider    : Authenticated user
2022-03-20 12:26:46.357 DEBUG 5300 --- [io-8701-exec-11] o.s.s.w.a.www.BasicAuthenticationFilter  : Set SecurityContextHolder to UsernamePasswordAuthenticationToken [Principal=recipes.businesslayer.UserDetailsImpl@643dce35, Credentials=[PROTECTED], Authenticated=true, Details=WebAuthenticationDetails [RemoteIpAddress=127.0.0.1, SessionId=null], Granted Authorities=[]]
2022-03-20 12:26:46.358 DEBUG 5300 --- [io-8701-exec-11] w.c.HttpSessionSecurityContextRepository : Created HttpSession as SecurityContext is non-default
2022-03-20 12:26:46.358 DEBUG 5300 --- [io-8701-exec-11] w.c.HttpSessionSecurityContextRepository : Stored SecurityContextImpl [Authentication=UsernamePasswordAuthenticationToken [Principal=recipes.businesslayer.UserDetailsImpl@643dce35, Credentials=[PROTECTED], Authenticated=true, Details=WebAuthenticationDetails [RemoteIpAddress=127.0.0.1, SessionId=null], Granted Authorities=[]]] to HttpSession [org.apache.catalina.session.StandardSessionFacade@24a25eb0]
2022-03-20 12:26:46.360 DEBUG 5300 --- [io-8701-exec-11] s.w.s.m.m.a.RequestMappingHandlerMapping : Mapped to recipes.presentation.RecipesController#searchRecipe(String, String)
2022-03-20 12:26:46.361 DEBUG 5300 --- [io-8701-exec-11] o.s.s.w.a.i.FilterSecurityInterceptor    : Authorized filter invocation [GET /api/recipe/search/?category=dessert] with attributes [authenticated]
2022-03-20 12:26:46.361 DEBUG 5300 --- [io-8701-exec-11] o.s.security.web.FilterChainProxy        : Secured GET /api/recipe/search/?category=dessert
2022-03-20 12:26:46.362 DEBUG 5300 --- [io-8701-exec-11] o.s.web.servlet.DispatcherServlet        : GET "/api/recipe/search/?category=dessert", parameters={masked}
2022-03-20 12:26:46.364 DEBUG 5300 --- [io-8701-exec-11] s.w.s.m.m.a.RequestMappingHandlerMapping : Mapped to recipes.presentation.RecipesController#searchRecipe(String, String)
2022-03-20 12:26:46.364 DEBUG 5300 --- [io-8701-exec-11] o.j.s.OpenEntityManagerInViewInterceptor : Opening JPA EntityManager in OpenEntityManagerInViewInterceptor
Hibernate: select recipe0_.id as id1_2_, recipe0_.category as category2_2_, recipe0_.date as date3_2_, recipe0_.description as descript4_2_, recipe0_.email as email5_2_, recipe0_.name as name6_2_ from recipes recipe0_ where upper(recipe0_.category)=upper(?) order by recipe0_.date desc
2022-03-20 12:26:46.402 DEBUG 5300 --- [io-8701-exec-11] o.s.w.s.m.m.a.HttpEntityMethodProcessor  : Using 'application/json', given [*/*] and supported [application/json, application/*+json, application/json, application/*+json]
Hibernate: select ingredient0_.recipe_id as recipe_i1_1_0_, ingredient0_.ingredients as ingredie2_1_0_ from recipe_ingredients ingredient0_ where ingredient0_.recipe_id=?
Hibernate: select directions0_.recipe_id as recipe_i1_0_0_, directions0_.directions as directio2_0_0_ from recipe_directions directions0_ where directions0_.recipe_id=?
Hibernate: select ingredient0_.recipe_id as recipe_i1_1_0_, ingredient0_.ingredients as ingredie2_1_0_ from recipe_ingredients ingredient0_ where ingredient0_.recipe_id=?
Hibernate: select directions0_.recipe_id as recipe_i1_0_0_, directions0_.directions as directio2_0_0_ from recipe_directions directions0_ where directions0_.recipe_id=?
Hibernate: select ingredient0_.recipe_id as recipe_i1_1_0_, ingredient0_.ingredients as ingredie2_1_0_ from recipe_ingredients ingredient0_ where ingredient0_.recipe_id=?
Hibernate: select directions0_.recipe_id as recipe_i1_0_0_, directions0_.directions as directio2_0_0_ from recipe_directions directions0_ where directions0_.recipe_id=?
Hibernate: select ingredient0_.recipe_id as recipe_i1_1_0_, ingredient0_.ingredients as ingredie2_1_0_ from recipe_ingredients ingredient0_ where ingredient0_.recipe_id=?
Hibernate: select directions0_.recipe_id as recipe_i1_0_0_, directions0_.directions as directio2_0_0_ from recipe_directions directions0_ where directions0_.recipe_id=?
Hibernate: select ingredient0_.recipe_id as recipe_i1_1_0_, ingredient0_.ingredients as ingredie2_1_0_ from recipe_ingredients ingredient0_ where ingredient0_.recipe_id=?
Hibernate: select directions0_.recipe_id as recipe_i1_0_0_, directions0_.directions as directio2_0_0_ from recipe_directions directions0_ where directions0_.recipe_id=?
Hibernate: select ingredient0_.recipe_id as recipe_i1_1_0_, ingredient0_.ingredients as ingredie2_1_0_ from recipe_ingredients ingredient0_ where ingredient0_.recipe_id=?
Hibernate: select directions0_.recipe_id as recipe_i1_0_0_, directions0_.directions as directio2_0_0_ from recipe_directions directions0_ where directions0_.recipe_id=?
Hibernate: select ingredient0_.recipe_id as recipe_i1_1_0_, ingredient0_.ingredients as ingredie2_1_0_ from recipe_ingredients ingredient0_ where ingredient0_.recipe_id=?
Hibernate: select directions0_.recipe_id as recipe_i1_0_0_, directions0_.directions as directio2_0_0_ from recipe_directions directions0_ where directions0_.recipe_id=?
2022-03-20 12:26:46.442 DEBUG 5300 --- [io-8701-exec-11] o.s.w.s.m.m.a.HttpEntityMethodProcessor  : Writing [[Recipe(id=163, name=15 recipe test ice-CREAM, date=2022-03-20T12:26:46.312110, category=Dessert, de (truncated)...]
2022-03-20 12:26:46.445 DEBUG 5300 --- [io-8701-exec-11] w.c.HttpSessionSecurityContextRepository : Stored SecurityContextImpl [Authentication=UsernamePasswordAuthenticationToken [Principal=recipes.businesslayer.UserDetailsImpl@643dce35, Credentials=[PROTECTED], Authenticated=true, Details=WebAuthenticationDetails [RemoteIpAddress=127.0.0.1, SessionId=null], Granted Authorities=[]]] to HttpSession [org.apache.catalina.session.StandardSessionFacade@24a25eb0]
2022-03-20 12:26:46.446 DEBUG 5300 --- [io-8701-exec-11] o.j.s.OpenEntityManagerInViewInterceptor : Closing JPA EntityManager in OpenEntityManagerInViewInterceptor
2022-03-20 12:26:46.447 DEBUG 5300 --- [io-8701-exec-11] o.s.web.servlet.DispatcherServlet        : Completed 200 OK
2022-03-20 12:26:46.447 DEBUG 5300 --- [io-8701-exec-11] w.c.HttpSessionSecurityContextRepository : Stored SecurityContextImpl [Authentication=UsernamePasswordAuthenticationToken [Principal=recipes.businesslayer.UserDetailsImpl@643dce35, Credentials=[PROTECTED], Authenticated=true, Details=WebAuthenticationDetails [RemoteIpAddress=127.0.0.1, SessionId=null], Granted Authorities=[]]] to HttpSession [org.apache.catalina.session.StandardSessionFacade@24a25eb0]
2022-03-20 12:26:46.447 DEBUG 5300 --- [io-8701-exec-11] s.s.w.c.SecurityContextPersistenceFilter : Cleared SecurityContextHolder to complete request
?[1;31m
Start test 36?[0m
2022-03-20 12:26:46.472 DEBUG 5300 --- [nio-8701-exec-2] o.s.security.web.FilterChainProxy        : Securing GET /api/recipe/search/?name=ice-cream
2022-03-20 12:26:46.472 DEBUG 5300 --- [nio-8701-exec-2] s.s.w.c.SecurityContextPersistenceFilter : Set SecurityContextHolder to empty SecurityContext
2022-03-20 12:26:46.473 DEBUG 5300 --- [nio-8701-exec-2] tor$SharedEntityManagerInvocationHandler : Creating new EntityManager for shared EntityManager invocation
Hibernate: select user0_.email as email1_3_, user0_.password as password2_3_ from users user0_ where user0_.email=?
2022-03-20 12:26:46.478 DEBUG 5300 --- [nio-8701-exec-2] o.s.s.a.dao.DaoAuthenticationProvider    : Authenticated user
2022-03-20 12:26:46.478 DEBUG 5300 --- [nio-8701-exec-2] o.s.s.w.a.www.BasicAuthenticationFilter  : Set SecurityContextHolder to UsernamePasswordAuthenticationToken [Principal=recipes.businesslayer.UserDetailsImpl@6ca7ce8a, Credentials=[PROTECTED], Authenticated=true, Details=WebAuthenticationDetails [RemoteIpAddress=127.0.0.1, SessionId=null], Granted Authorities=[]]
2022-03-20 12:26:46.479 DEBUG 5300 --- [nio-8701-exec-2] w.c.HttpSessionSecurityContextRepository : Created HttpSession as SecurityContext is non-default
2022-03-20 12:26:46.479 DEBUG 5300 --- [nio-8701-exec-2] w.c.HttpSessionSecurityContextRepository : Stored SecurityContextImpl [Authentication=UsernamePasswordAuthenticationToken [Principal=recipes.businesslayer.UserDetailsImpl@6ca7ce8a, Credentials=[PROTECTED], Authenticated=true, Details=WebAuthenticationDetails [RemoteIpAddress=127.0.0.1, SessionId=null], Granted Authorities=[]]] to HttpSession [org.apache.catalina.session.StandardSessionFacade@2652384e]
2022-03-20 12:26:46.480 DEBUG 5300 --- [nio-8701-exec-2] s.w.s.m.m.a.RequestMappingHandlerMapping : Mapped to recipes.presentation.RecipesController#searchRecipe(String, String)
2022-03-20 12:26:46.480 DEBUG 5300 --- [nio-8701-exec-2] o.s.s.w.a.i.FilterSecurityInterceptor    : Authorized filter invocation [GET /api/recipe/search/?name=ice-cream] with attributes [authenticated]
2022-03-20 12:26:46.480 DEBUG 5300 --- [nio-8701-exec-2] o.s.security.web.FilterChainProxy        : Secured GET /api/recipe/search/?name=ice-cream
2022-03-20 12:26:46.481 DEBUG 5300 --- [nio-8701-exec-2] o.s.web.servlet.DispatcherServlet        : GET "/api/recipe/search/?name=ice-cream", parameters={masked}
2022-03-20 12:26:46.482 DEBUG 5300 --- [nio-8701-exec-2] s.w.s.m.m.a.RequestMappingHandlerMapping : Mapped to recipes.presentation.RecipesController#searchRecipe(String, String)
2022-03-20 12:26:46.482 DEBUG 5300 --- [nio-8701-exec-2] o.j.s.OpenEntityManagerInViewInterceptor : Opening JPA EntityManager in OpenEntityManagerInViewInterceptor
Hibernate: select recipe0_.id as id1_2_, recipe0_.category as category2_2_, recipe0_.date as date3_2_, recipe0_.description as descript4_2_, recipe0_.email as email5_2_, recipe0_.name as name6_2_ from recipes recipe0_ where upper(recipe0_.name) like upper(?) escape ? order by recipe0_.date desc
2022-03-20 12:26:46.499 DEBUG 5300 --- [nio-8701-exec-2] o.s.w.s.m.m.a.HttpEntityMethodProcessor  : Using 'application/json', given [*/*] and supported [application/json, application/*+json, application/json, application/*+json]
Hibernate: select ingredient0_.recipe_id as recipe_i1_1_0_, ingredient0_.ingredients as ingredie2_1_0_ from recipe_ingredients ingredient0_ where ingredient0_.recipe_id=?
Hibernate: select directions0_.recipe_id as recipe_i1_0_0_, directions0_.directions as directio2_0_0_ from recipe_directions directions0_ where directions0_.recipe_id=?
Hibernate: select ingredient0_.recipe_id as recipe_i1_1_0_, ingredient0_.ingredients as ingredie2_1_0_ from recipe_ingredients ingredient0_ where ingredient0_.recipe_id=?
Hibernate: select directions0_.recipe_id as recipe_i1_0_0_, directions0_.directions as directio2_0_0_ from recipe_directions directions0_ where directions0_.recipe_id=?
Hibernate: select ingredient0_.recipe_id as recipe_i1_1_0_, ingredient0_.ingredients as ingredie2_1_0_ from recipe_ingredients ingredient0_ where ingredient0_.recipe_id=?
Hibernate: select directions0_.recipe_id as recipe_i1_0_0_, directions0_.directions as directio2_0_0_ from recipe_directions directions0_ where directions0_.recipe_id=?
Hibernate: select ingredient0_.recipe_id as recipe_i1_1_0_, ingredient0_.ingredients as ingredie2_1_0_ from recipe_ingredients ingredient0_ where ingredient0_.recipe_id=?
Hibernate: select directions0_.recipe_id as recipe_i1_0_0_, directions0_.directions as directio2_0_0_ from recipe_directions directions0_ where directions0_.recipe_id=?
Hibernate: select ingredient0_.recipe_id as recipe_i1_1_0_, ingredient0_.ingredients as ingredie2_1_0_ from recipe_ingredients ingredient0_ where ingredient0_.recipe_id=?
Hibernate: select directions0_.recipe_id as recipe_i1_0_0_, directions0_.directions as directio2_0_0_ from recipe_directions directions0_ where directions0_.recipe_id=?
Hibernate: select ingredient0_.recipe_id as recipe_i1_1_0_, ingredient0_.ingredients as ingredie2_1_0_ from recipe_ingredients ingredient0_ where ingredient0_.recipe_id=?
Hibernate: select directions0_.recipe_id as recipe_i1_0_0_, directions0_.directions as directio2_0_0_ from recipe_directions directions0_ where directions0_.recipe_id=?
2022-03-20 12:26:46.524 DEBUG 5300 --- [nio-8701-exec-2] o.s.w.s.m.m.a.HttpEntityMethodProcessor  : Writing [[Recipe(id=163, name=15 recipe test ice-CREAM, date=2022-03-20T12:26:46.312110, category=Dessert, de (truncated)...]
2022-03-20 12:26:46.528 DEBUG 5300 --- [nio-8701-exec-2] w.c.HttpSessionSecurityContextRepository : Stored SecurityContextImpl [Authentication=UsernamePasswordAuthenticationToken [Principal=recipes.businesslayer.UserDetailsImpl@6ca7ce8a, Credentials=[PROTECTED], Authenticated=true, Details=WebAuthenticationDetails [RemoteIpAddress=127.0.0.1, SessionId=null], Granted Authorities=[]]] to HttpSession [org.apache.catalina.session.StandardSessionFacade@2652384e]
2022-03-20 12:26:46.528 DEBUG 5300 --- [nio-8701-exec-2] o.j.s.OpenEntityManagerInViewInterceptor : Closing JPA EntityManager in OpenEntityManagerInViewInterceptor
2022-03-20 12:26:46.529 DEBUG 5300 --- [nio-8701-exec-2] o.s.web.servlet.DispatcherServlet        : Completed 200 OK
2022-03-20 12:26:46.529 DEBUG 5300 --- [nio-8701-exec-2] w.c.HttpSessionSecurityContextRepository : Stored SecurityContextImpl [Authentication=UsernamePasswordAuthenticationToken [Principal=recipes.businesslayer.UserDetailsImpl@6ca7ce8a, Credentials=[PROTECTED], Authenticated=true, Details=WebAuthenticationDetails [RemoteIpAddress=127.0.0.1, SessionId=null], Granted Authorities=[]]] to HttpSession [org.apache.catalina.session.StandardSessionFacade@2652384e]
2022-03-20 12:26:46.529 DEBUG 5300 --- [nio-8701-exec-2] s.s.w.c.SecurityContextPersistenceFilter : Cleared SecurityContextHolder to complete request
?[1;31m
Start test 37?[0m
2022-03-20 12:26:46.543 DEBUG 5300 --- [nio-8701-exec-1] o.s.security.web.FilterChainProxy        : Securing GET /api/recipe/search/?category=should_return_empty_array_1
2022-03-20 12:26:46.543 DEBUG 5300 --- [nio-8701-exec-1] s.s.w.c.SecurityContextPersistenceFilter : Set SecurityContextHolder to empty SecurityContext
2022-03-20 12:26:46.544 DEBUG 5300 --- [nio-8701-exec-1] tor$SharedEntityManagerInvocationHandler : Creating new EntityManager for shared EntityManager invocation
Hibernate: select user0_.email as email1_3_, user0_.password as password2_3_ from users user0_ where user0_.email=?
2022-03-20 12:26:46.547 DEBUG 5300 --- [nio-8701-exec-1] o.s.s.a.dao.DaoAuthenticationProvider    : Authenticated user
2022-03-20 12:26:46.548 DEBUG 5300 --- [nio-8701-exec-1] o.s.s.w.a.www.BasicAuthenticationFilter  : Set SecurityContextHolder to UsernamePasswordAuthenticationToken [Principal=recipes.businesslayer.UserDetailsImpl@87cc04a, Credentials=[PROTECTED], Authenticated=true, Details=WebAuthenticationDetails [RemoteIpAddress=127.0.0.1, SessionId=null], Granted Authorities=[]]
2022-03-20 12:26:46.548 DEBUG 5300 --- [nio-8701-exec-1] w.c.HttpSessionSecurityContextRepository : Created HttpSession as SecurityContext is non-default
2022-03-20 12:26:46.549 DEBUG 5300 --- [nio-8701-exec-1] w.c.HttpSessionSecurityContextRepository : Stored SecurityContextImpl [Authentication=UsernamePasswordAuthenticationToken [Principal=recipes.businesslayer.UserDetailsImpl@87cc04a, Credentials=[PROTECTED], Authenticated=true, Details=WebAuthenticationDetails [RemoteIpAddress=127.0.0.1, SessionId=null], Granted Authorities=[]]] to HttpSession [org.apache.catalina.session.StandardSessionFacade@3f110b97]
2022-03-20 12:26:46.550 DEBUG 5300 --- [nio-8701-exec-1] s.w.s.m.m.a.RequestMappingHandlerMapping : Mapped to recipes.presentation.RecipesController#searchRecipe(String, String)
2022-03-20 12:26:46.550 DEBUG 5300 --- [nio-8701-exec-1] o.s.s.w.a.i.FilterSecurityInterceptor    : Authorized filter invocation [GET /api/recipe/search/?category=should_return_empty_array_1] with attributes [authenticated]
2022-03-20 12:26:46.551 DEBUG 5300 --- [nio-8701-exec-1] o.s.security.web.FilterChainProxy        : Secured GET /api/recipe/search/?category=should_return_empty_array_1
2022-03-20 12:26:46.551 DEBUG 5300 --- [nio-8701-exec-1] o.s.web.servlet.DispatcherServlet        : GET "/api/recipe/search/?category=should_return_empty_array_1", parameters={masked}
2022-03-20 12:26:46.552 DEBUG 5300 --- [nio-8701-exec-1] s.w.s.m.m.a.RequestMappingHandlerMapping : Mapped to recipes.presentation.RecipesController#searchRecipe(String, String)
2022-03-20 12:26:46.553 DEBUG 5300 --- [nio-8701-exec-1] o.j.s.OpenEntityManagerInViewInterceptor : Opening JPA EntityManager in OpenEntityManagerInViewInterceptor
Hibernate: select recipe0_.id as id1_2_, recipe0_.category as category2_2_, recipe0_.date as date3_2_, recipe0_.description as descript4_2_, recipe0_.email as email5_2_, recipe0_.name as name6_2_ from recipes recipe0_ where upper(recipe0_.category)=upper(?) order by recipe0_.date desc
2022-03-20 12:26:46.558 DEBUG 5300 --- [nio-8701-exec-1] o.s.w.s.m.m.a.HttpEntityMethodProcessor  : Using 'application/json', given [*/*] and supported [application/json, application/*+json, application/json, application/*+json]
2022-03-20 12:26:46.558 DEBUG 5300 --- [nio-8701-exec-1] o.s.w.s.m.m.a.HttpEntityMethodProcessor  : Writing [[]]
2022-03-20 12:26:46.558 DEBUG 5300 --- [nio-8701-exec-1] w.c.HttpSessionSecurityContextRepository : Stored SecurityContextImpl [Authentication=UsernamePasswordAuthenticationToken [Principal=recipes.businesslayer.UserDetailsImpl@87cc04a, Credentials=[PROTECTED], Authenticated=true, Details=WebAuthenticationDetails [RemoteIpAddress=127.0.0.1, SessionId=null], Granted Authorities=[]]] to HttpSession [org.apache.catalina.session.StandardSessionFacade@3f110b97]
2022-03-20 12:26:46.559 DEBUG 5300 --- [nio-8701-exec-1] o.j.s.OpenEntityManagerInViewInterceptor : Closing JPA EntityManager in OpenEntityManagerInViewInterceptor
2022-03-20 12:26:46.560 DEBUG 5300 --- [nio-8701-exec-1] o.s.web.servlet.DispatcherServlet        : Completed 200 OK
2022-03-20 12:26:46.560 DEBUG 5300 --- [nio-8701-exec-1] w.c.HttpSessionSecurityContextRepository : Stored SecurityContextImpl [Authentication=UsernamePasswordAuthenticationToken [Principal=recipes.businesslayer.UserDetailsImpl@87cc04a, Credentials=[PROTECTED], Authenticated=true, Details=WebAuthenticationDetails [RemoteIpAddress=127.0.0.1, SessionId=null], Granted Authorities=[]]] to HttpSession [org.apache.catalina.session.StandardSessionFacade@3f110b97]
2022-03-20 12:26:46.560 DEBUG 5300 --- [nio-8701-exec-1] s.s.w.c.SecurityContextPersistenceFilter : Cleared SecurityContextHolder to complete request
?[1;31m
Start test 38?[0m
2022-03-20 12:26:46.572 DEBUG 5300 --- [nio-8701-exec-3] o.s.security.web.FilterChainProxy        : Securing GET /api/recipe/search/?name=should_return_empty_array_2
2022-03-20 12:26:46.572 DEBUG 5300 --- [nio-8701-exec-3] s.s.w.c.SecurityContextPersistenceFilter : Set SecurityContextHolder to empty SecurityContext
2022-03-20 12:26:46.573 DEBUG 5300 --- [nio-8701-exec-3] tor$SharedEntityManagerInvocationHandler : Creating new EntityManager for shared EntityManager invocation
Hibernate: select user0_.email as email1_3_, user0_.password as password2_3_ from users user0_ where user0_.email=?
2022-03-20 12:26:46.576 DEBUG 5300 --- [nio-8701-exec-3] o.s.s.a.dao.DaoAuthenticationProvider    : Authenticated user
2022-03-20 12:26:46.576 DEBUG 5300 --- [nio-8701-exec-3] o.s.s.w.a.www.BasicAuthenticationFilter  : Set SecurityContextHolder to UsernamePasswordAuthenticationToken [Principal=recipes.businesslayer.UserDetailsImpl@2bf4fd9, Credentials=[PROTECTED], Authenticated=true, Details=WebAuthenticationDetails [RemoteIpAddress=127.0.0.1, SessionId=null], Granted Authorities=[]]
2022-03-20 12:26:46.577 DEBUG 5300 --- [nio-8701-exec-3] w.c.HttpSessionSecurityContextRepository : Created HttpSession as SecurityContext is non-default
2022-03-20 12:26:46.577 DEBUG 5300 --- [nio-8701-exec-3] w.c.HttpSessionSecurityContextRepository : Stored SecurityContextImpl [Authentication=UsernamePasswordAuthenticationToken [Principal=recipes.businesslayer.UserDetailsImpl@2bf4fd9, Credentials=[PROTECTED], Authenticated=true, Details=WebAuthenticationDetails [RemoteIpAddress=127.0.0.1, SessionId=null], Granted Authorities=[]]] to HttpSession [org.apache.catalina.session.StandardSessionFacade@4d83c220]
2022-03-20 12:26:46.578 DEBUG 5300 --- [nio-8701-exec-3] s.w.s.m.m.a.RequestMappingHandlerMapping : Mapped to recipes.presentation.RecipesController#searchRecipe(String, String)
2022-03-20 12:26:46.578 DEBUG 5300 --- [nio-8701-exec-3] o.s.s.w.a.i.FilterSecurityInterceptor    : Authorized filter invocation [GET /api/recipe/search/?name=should_return_empty_array_2] with attributes [authenticated]
2022-03-20 12:26:46.578 DEBUG 5300 --- [nio-8701-exec-3] o.s.security.web.FilterChainProxy        : Secured GET /api/recipe/search/?name=should_return_empty_array_2
2022-03-20 12:26:46.579 DEBUG 5300 --- [nio-8701-exec-3] o.s.web.servlet.DispatcherServlet        : GET "/api/recipe/search/?name=should_return_empty_array_2", parameters={masked}
2022-03-20 12:26:46.580 DEBUG 5300 --- [nio-8701-exec-3] s.w.s.m.m.a.RequestMappingHandlerMapping : Mapped to recipes.presentation.RecipesController#searchRecipe(String, String)
2022-03-20 12:26:46.580 DEBUG 5300 --- [nio-8701-exec-3] o.j.s.OpenEntityManagerInViewInterceptor : Opening JPA EntityManager in OpenEntityManagerInViewInterceptor
Hibernate: select recipe0_.id as id1_2_, recipe0_.category as category2_2_, recipe0_.date as date3_2_, recipe0_.description as descript4_2_, recipe0_.email as email5_2_, recipe0_.name as name6_2_ from recipes recipe0_ where upper(recipe0_.name) like upper(?) escape ? order by recipe0_.date desc
2022-03-20 12:26:46.585 DEBUG 5300 --- [nio-8701-exec-3] o.s.w.s.m.m.a.HttpEntityMethodProcessor  : Using 'application/json', given [*/*] and supported [application/json, application/*+json, application/json, application/*+json]
2022-03-20 12:26:46.585 DEBUG 5300 --- [nio-8701-exec-3] o.s.w.s.m.m.a.HttpEntityMethodProcessor  : Writing [[]]
2022-03-20 12:26:46.586 DEBUG 5300 --- [nio-8701-exec-3] w.c.HttpSessionSecurityContextRepository : Stored SecurityContextImpl [Authentication=UsernamePasswordAuthenticationToken [Principal=recipes.businesslayer.UserDetailsImpl@2bf4fd9, Credentials=[PROTECTED], Authenticated=true, Details=WebAuthenticationDetails [RemoteIpAddress=127.0.0.1, SessionId=null], Granted Authorities=[]]] to HttpSession [org.apache.catalina.session.StandardSessionFacade@4d83c220]
2022-03-20 12:26:46.587 DEBUG 5300 --- [nio-8701-exec-3] o.j.s.OpenEntityManagerInViewInterceptor : Closing JPA EntityManager in OpenEntityManagerInViewInterceptor
2022-03-20 12:26:46.587 DEBUG 5300 --- [nio-8701-exec-3] o.s.web.servlet.DispatcherServlet        : Completed 200 OK
2022-03-20 12:26:46.587 DEBUG 5300 --- [nio-8701-exec-3] w.c.HttpSessionSecurityContextRepository : Stored SecurityContextImpl [Authentication=UsernamePasswordAuthenticationToken [Principal=recipes.businesslayer.UserDetailsImpl@2bf4fd9, Credentials=[PROTECTED], Authenticated=true, Details=WebAuthenticationDetails [RemoteIpAddress=127.0.0.1, SessionId=null], Granted Authorities=[]]] to HttpSession [org.apache.catalina.session.StandardSessionFacade@4d83c220]
2022-03-20 12:26:46.587 DEBUG 5300 --- [nio-8701-exec-3] s.s.w.c.SecurityContextPersistenceFilter : Cleared SecurityContextHolder to complete request
?[1;31m
Start test 39?[0m
2022-03-20 12:26:46.598 DEBUG 5300 --- [nio-8701-exec-4] o.s.security.web.FilterChainProxy        : Securing GET /api/recipe/search/
2022-03-20 12:26:46.599 DEBUG 5300 --- [nio-8701-exec-4] s.s.w.c.SecurityContextPersistenceFilter : Set SecurityContextHolder to empty SecurityContext
2022-03-20 12:26:46.600 DEBUG 5300 --- [nio-8701-exec-4] tor$SharedEntityManagerInvocationHandler : Creating new EntityManager for shared EntityManager invocation
Hibernate: select user0_.email as email1_3_, user0_.password as password2_3_ from users user0_ where user0_.email=?
2022-03-20 12:26:46.608 DEBUG 5300 --- [nio-8701-exec-4] o.s.s.a.dao.DaoAuthenticationProvider    : Authenticated user
2022-03-20 12:26:46.608 DEBUG 5300 --- [nio-8701-exec-4] o.s.s.w.a.www.BasicAuthenticationFilter  : Set SecurityContextHolder to UsernamePasswordAuthenticationToken [Principal=recipes.businesslayer.UserDetailsImpl@bb83c27, Credentials=[PROTECTED], Authenticated=true, Details=WebAuthenticationDetails [RemoteIpAddress=127.0.0.1, SessionId=null], Granted Authorities=[]]
2022-03-20 12:26:46.609 DEBUG 5300 --- [nio-8701-exec-4] w.c.HttpSessionSecurityContextRepository : Created HttpSession as SecurityContext is non-default
2022-03-20 12:26:46.609 DEBUG 5300 --- [nio-8701-exec-4] w.c.HttpSessionSecurityContextRepository : Stored SecurityContextImpl [Authentication=UsernamePasswordAuthenticationToken [Principal=recipes.businesslayer.UserDetailsImpl@bb83c27, Credentials=[PROTECTED], Authenticated=true, Details=WebAuthenticationDetails [RemoteIpAddress=127.0.0.1, SessionId=null], Granted Authorities=[]]] to HttpSession [org.apache.catalina.session.StandardSessionFacade@80ad0db]
2022-03-20 12:26:46.611 DEBUG 5300 --- [nio-8701-exec-4] s.w.s.m.m.a.RequestMappingHandlerMapping : Mapped to recipes.presentation.RecipesController#searchRecipe(String, String)
2022-03-20 12:26:46.612 DEBUG 5300 --- [nio-8701-exec-4] o.s.s.w.a.i.FilterSecurityInterceptor    : Authorized filter invocation [GET /api/recipe/search/] with attributes [authenticated]
2022-03-20 12:26:46.612 DEBUG 5300 --- [nio-8701-exec-4] o.s.security.web.FilterChainProxy        : Secured GET /api/recipe/search/
2022-03-20 12:26:46.613 DEBUG 5300 --- [nio-8701-exec-4] o.s.web.servlet.DispatcherServlet        : GET "/api/recipe/search/", parameters={}
2022-03-20 12:26:46.614 DEBUG 5300 --- [nio-8701-exec-4] s.w.s.m.m.a.RequestMappingHandlerMapping : Mapped to recipes.presentation.RecipesController#searchRecipe(String, String)
2022-03-20 12:26:46.614 DEBUG 5300 --- [nio-8701-exec-4] o.j.s.OpenEntityManagerInViewInterceptor : Opening JPA EntityManager in OpenEntityManagerInViewInterceptor
2022-03-20 12:26:46.616 DEBUG 5300 --- [nio-8701-exec-4] o.s.w.s.m.m.a.HttpEntityMethodProcessor  : Using 'application/json', given [*/*] and supported [application/json, application/*+json, application/json, application/*+json]
2022-03-20 12:26:46.616 DEBUG 5300 --- [nio-8701-exec-4] o.s.w.s.m.m.a.HttpEntityMethodProcessor  : Nothing to write: null body
2022-03-20 12:26:46.617 DEBUG 5300 --- [nio-8701-exec-4] o.j.s.OpenEntityManagerInViewInterceptor : Closing JPA EntityManager in OpenEntityManagerInViewInterceptor
2022-03-20 12:26:46.617 DEBUG 5300 --- [nio-8701-exec-4] o.s.web.servlet.DispatcherServlet        : Completed 400 BAD_REQUEST
2022-03-20 12:26:46.617 DEBUG 5300 --- [nio-8701-exec-4] w.c.HttpSessionSecurityContextRepository : Stored SecurityContextImpl [Authentication=UsernamePasswordAuthenticationToken [Principal=recipes.businesslayer.UserDetailsImpl@bb83c27, Credentials=[PROTECTED], Authenticated=true, Details=WebAuthenticationDetails [RemoteIpAddress=127.0.0.1, SessionId=null], Granted Authorities=[]]] to HttpSession [org.apache.catalina.session.StandardSessionFacade@80ad0db]
2022-03-20 12:26:46.618 DEBUG 5300 --- [nio-8701-exec-4] s.s.w.c.SecurityContextPersistenceFilter : Cleared SecurityContextHolder to complete request
?[1;31m
Start test 40?[0m
2022-03-20 12:26:46.635 DEBUG 5300 --- [nio-8701-exec-5] o.s.security.web.FilterChainProxy        : Securing GET /api/recipe/search/?key0=value0
2022-03-20 12:26:46.635 DEBUG 5300 --- [nio-8701-exec-5] s.s.w.c.SecurityContextPersistenceFilter : Set SecurityContextHolder to empty SecurityContext
2022-03-20 12:26:46.636 DEBUG 5300 --- [nio-8701-exec-5] tor$SharedEntityManagerInvocationHandler : Creating new EntityManager for shared EntityManager invocation
Hibernate: select user0_.email as email1_3_, user0_.password as password2_3_ from users user0_ where user0_.email=?
2022-03-20 12:26:46.640 DEBUG 5300 --- [nio-8701-exec-5] o.s.s.a.dao.DaoAuthenticationProvider    : Authenticated user
2022-03-20 12:26:46.641 DEBUG 5300 --- [nio-8701-exec-5] o.s.s.w.a.www.BasicAuthenticationFilter  : Set SecurityContextHolder to UsernamePasswordAuthenticationToken [Principal=recipes.businesslayer.UserDetailsImpl@6b3c6ae0, Credentials=[PROTECTED], Authenticated=true, Details=WebAuthenticationDetails [RemoteIpAddress=127.0.0.1, SessionId=null], Granted Authorities=[]]
2022-03-20 12:26:46.641 DEBUG 5300 --- [nio-8701-exec-5] w.c.HttpSessionSecurityContextRepository : Created HttpSession as SecurityContext is non-default
2022-03-20 12:26:46.642 DEBUG 5300 --- [nio-8701-exec-5] w.c.HttpSessionSecurityContextRepository : Stored SecurityContextImpl [Authentication=UsernamePasswordAuthenticationToken [Principal=recipes.businesslayer.UserDetailsImpl@6b3c6ae0, Credentials=[PROTECTED], Authenticated=true, Details=WebAuthenticationDetails [RemoteIpAddress=127.0.0.1, SessionId=null], Granted Authorities=[]]] to HttpSession [org.apache.catalina.session.StandardSessionFacade@407f566]
2022-03-20 12:26:46.643 DEBUG 5300 --- [nio-8701-exec-5] s.w.s.m.m.a.RequestMappingHandlerMapping : Mapped to recipes.presentation.RecipesController#searchRecipe(String, String)
2022-03-20 12:26:46.644 DEBUG 5300 --- [nio-8701-exec-5] o.s.s.w.a.i.FilterSecurityInterceptor    : Authorized filter invocation [GET /api/recipe/search/?key0=value0] with attributes [authenticated]
2022-03-20 12:26:46.644 DEBUG 5300 --- [nio-8701-exec-5] o.s.security.web.FilterChainProxy        : Secured GET /api/recipe/search/?key0=value0
2022-03-20 12:26:46.645 DEBUG 5300 --- [nio-8701-exec-5] o.s.web.servlet.DispatcherServlet        : GET "/api/recipe/search/?key0=value0", parameters={masked}
2022-03-20 12:26:46.650 DEBUG 5300 --- [nio-8701-exec-5] s.w.s.m.m.a.RequestMappingHandlerMapping : Mapped to recipes.presentation.RecipesController#searchRecipe(String, String)
2022-03-20 12:26:46.650 DEBUG 5300 --- [nio-8701-exec-5] o.j.s.OpenEntityManagerInViewInterceptor : Opening JPA EntityManager in OpenEntityManagerInViewInterceptor
2022-03-20 12:26:46.651 DEBUG 5300 --- [nio-8701-exec-5] o.s.w.s.m.m.a.HttpEntityMethodProcessor  : Using 'application/json', given [*/*] and supported [application/json, application/*+json, application/json, application/*+json]
2022-03-20 12:26:46.651 DEBUG 5300 --- [nio-8701-exec-5] o.s.w.s.m.m.a.HttpEntityMethodProcessor  : Nothing to write: null body
2022-03-20 12:26:46.652 DEBUG 5300 --- [nio-8701-exec-5] o.j.s.OpenEntityManagerInViewInterceptor : Closing JPA EntityManager in OpenEntityManagerInViewInterceptor
2022-03-20 12:26:46.652 DEBUG 5300 --- [nio-8701-exec-5] o.s.web.servlet.DispatcherServlet        : Completed 400 BAD_REQUEST
2022-03-20 12:26:46.652 DEBUG 5300 --- [nio-8701-exec-5] w.c.HttpSessionSecurityContextRepository : Stored SecurityContextImpl [Authentication=UsernamePasswordAuthenticationToken [Principal=recipes.businesslayer.UserDetailsImpl@6b3c6ae0, Credentials=[PROTECTED], Authenticated=true, Details=WebAuthenticationDetails [RemoteIpAddress=127.0.0.1, SessionId=null], Granted Authorities=[]]] to HttpSession [org.apache.catalina.session.StandardSessionFacade@407f566]
2022-03-20 12:26:46.653 DEBUG 5300 --- [nio-8701-exec-5] s.s.w.c.SecurityContextPersistenceFilter : Cleared SecurityContextHolder to complete request
?[1;31m
Start test 41?[0m
2022-03-20 12:26:46.677 DEBUG 5300 --- [nio-8701-exec-6] o.s.security.web.FilterChainProxy        : Securing GET /api/recipe/search/?key0=value0&key1=value1
2022-03-20 12:26:46.678 DEBUG 5300 --- [nio-8701-exec-6] s.s.w.c.SecurityContextPersistenceFilter : Set SecurityContextHolder to empty SecurityContext
2022-03-20 12:26:46.688 DEBUG 5300 --- [nio-8701-exec-6] tor$SharedEntityManagerInvocationHandler : Creating new EntityManager for shared EntityManager invocation
Hibernate: select user0_.email as email1_3_, user0_.password as password2_3_ from users user0_ where user0_.email=?
2022-03-20 12:26:46.704 DEBUG 5300 --- [nio-8701-exec-6] o.s.s.a.dao.DaoAuthenticationProvider    : Authenticated user
2022-03-20 12:26:46.704 DEBUG 5300 --- [nio-8701-exec-6] o.s.s.w.a.www.BasicAuthenticationFilter  : Set SecurityContextHolder to UsernamePasswordAuthenticationToken [Principal=recipes.businesslayer.UserDetailsImpl@8c817a7, Credentials=[PROTECTED], Authenticated=true, Details=WebAuthenticationDetails [RemoteIpAddress=127.0.0.1, SessionId=null], Granted Authorities=[]]
2022-03-20 12:26:46.705 DEBUG 5300 --- [nio-8701-exec-6] w.c.HttpSessionSecurityContextRepository : Created HttpSession as SecurityContext is non-default
2022-03-20 12:26:46.711 DEBUG 5300 --- [nio-8701-exec-6] w.c.HttpSessionSecurityContextRepository : Stored SecurityContextImpl [Authentication=UsernamePasswordAuthenticationToken [Principal=recipes.businesslayer.UserDetailsImpl@8c817a7, Credentials=[PROTECTED], Authenticated=true, Details=WebAuthenticationDetails [RemoteIpAddress=127.0.0.1, SessionId=null], Granted Authorities=[]]] to HttpSession [org.apache.catalina.session.StandardSessionFacade@291fdd8d]
2022-03-20 12:26:46.713 DEBUG 5300 --- [nio-8701-exec-6] s.w.s.m.m.a.RequestMappingHandlerMapping : Mapped to recipes.presentation.RecipesController#searchRecipe(String, String)
2022-03-20 12:26:46.713 DEBUG 5300 --- [nio-8701-exec-6] o.s.s.w.a.i.FilterSecurityInterceptor    : Authorized filter invocation [GET /api/recipe/search/?key0=value0&key1=value1] with attributes [authenticated]
2022-03-20 12:26:46.714 DEBUG 5300 --- [nio-8701-exec-6] o.s.security.web.FilterChainProxy        : Secured GET /api/recipe/search/?key0=value0&key1=value1
2022-03-20 12:26:46.714 DEBUG 5300 --- [nio-8701-exec-6] o.s.web.servlet.DispatcherServlet        : GET "/api/recipe/search/?key0=value0&key1=value1", parameters={masked}
2022-03-20 12:26:46.715 DEBUG 5300 --- [nio-8701-exec-6] s.w.s.m.m.a.RequestMappingHandlerMapping : Mapped to recipes.presentation.RecipesController#searchRecipe(String, String)
2022-03-20 12:26:46.715 DEBUG 5300 --- [nio-8701-exec-6] o.j.s.OpenEntityManagerInViewInterceptor : Opening JPA EntityManager in OpenEntityManagerInViewInterceptor
2022-03-20 12:26:46.717 DEBUG 5300 --- [nio-8701-exec-6] o.s.w.s.m.m.a.HttpEntityMethodProcessor  : Using 'application/json', given [*/*] and supported [application/json, application/*+json, application/json, application/*+json]
2022-03-20 12:26:46.717 DEBUG 5300 --- [nio-8701-exec-6] o.s.w.s.m.m.a.HttpEntityMethodProcessor  : Nothing to write: null body
2022-03-20 12:26:46.717 DEBUG 5300 --- [nio-8701-exec-6] o.j.s.OpenEntityManagerInViewInterceptor : Closing JPA EntityManager in OpenEntityManagerInViewInterceptor
2022-03-20 12:26:46.718 DEBUG 5300 --- [nio-8701-exec-6] o.s.web.servlet.DispatcherServlet        : Completed 400 BAD_REQUEST
2022-03-20 12:26:46.718 DEBUG 5300 --- [nio-8701-exec-6] w.c.HttpSessionSecurityContextRepository : Stored SecurityContextImpl [Authentication=UsernamePasswordAuthenticationToken [Principal=recipes.businesslayer.UserDetailsImpl@8c817a7, Credentials=[PROTECTED], Authenticated=true, Details=WebAuthenticationDetails [RemoteIpAddress=127.0.0.1, SessionId=null], Granted Authorities=[]]] to HttpSession [org.apache.catalina.session.StandardSessionFacade@291fdd8d]
2022-03-20 12:26:46.718 DEBUG 5300 --- [nio-8701-exec-6] s.s.w.c.SecurityContextPersistenceFilter : Cleared SecurityContextHolder to complete request
?[1;31m
Start test 42?[0m
2022-03-20 12:26:46.788 DEBUG 5300 --- [nio-8701-exec-7] o.s.security.web.FilterChainProxy        : Securing GET /api/recipe/search/?key0=value0&key1=value1&key2=value2&key3=value3&key4=value4
2022-03-20 12:26:46.788 DEBUG 5300 --- [nio-8701-exec-7] s.s.w.c.SecurityContextPersistenceFilter : Set SecurityContextHolder to empty SecurityContext
2022-03-20 12:26:46.789 DEBUG 5300 --- [nio-8701-exec-7] tor$SharedEntityManagerInvocationHandler : Creating new EntityManager for shared EntityManager invocation
Hibernate: select user0_.email as email1_3_, user0_.password as password2_3_ from users user0_ where user0_.email=?
2022-03-20 12:26:46.792 DEBUG 5300 --- [nio-8701-exec-7] o.s.s.a.dao.DaoAuthenticationProvider    : Authenticated user
2022-03-20 12:26:46.792 DEBUG 5300 --- [nio-8701-exec-7] o.s.s.w.a.www.BasicAuthenticationFilter  : Set SecurityContextHolder to UsernamePasswordAuthenticationToken [Principal=recipes.businesslayer.UserDetailsImpl@49707574, Credentials=[PROTECTED], Authenticated=true, Details=WebAuthenticationDetails [RemoteIpAddress=127.0.0.1, SessionId=null], Granted Authorities=[]]
2022-03-20 12:26:46.792 DEBUG 5300 --- [nio-8701-exec-7] w.c.HttpSessionSecurityContextRepository : Created HttpSession as SecurityContext is non-default
2022-03-20 12:26:46.792 DEBUG 5300 --- [nio-8701-exec-7] w.c.HttpSessionSecurityContextRepository : Stored SecurityContextImpl [Authentication=UsernamePasswordAuthenticationToken [Principal=recipes.businesslayer.UserDetailsImpl@49707574, Credentials=[PROTECTED], Authenticated=true, Details=WebAuthenticationDetails [RemoteIpAddress=127.0.0.1, SessionId=null], Granted Authorities=[]]] to HttpSession [org.apache.catalina.session.StandardSessionFacade@389c1846]
2022-03-20 12:26:46.793 DEBUG 5300 --- [nio-8701-exec-7] s.w.s.m.m.a.RequestMappingHandlerMapping : Mapped to recipes.presentation.RecipesController#searchRecipe(String, String)
2022-03-20 12:26:46.795 DEBUG 5300 --- [nio-8701-exec-7] o.s.s.w.a.i.FilterSecurityInterceptor    : Authorized filter invocation [GET /api/recipe/search/?key0=value0&key1=value1&key2=value2&key3=value3&key4=value4] with attributes [authenticated]
2022-03-20 12:26:46.795 DEBUG 5300 --- [nio-8701-exec-7] o.s.security.web.FilterChainProxy        : Secured GET /api/recipe/search/?key0=value0&key1=value1&key2=value2&key3=value3&key4=value4
2022-03-20 12:26:46.797 DEBUG 5300 --- [nio-8701-exec-7] o.s.web.servlet.DispatcherServlet        : GET "/api/recipe/search/?key0=value0&key1=value1&key2=value2&key3=value3&key4=value4", parameters={masked}
2022-03-20 12:26:46.800 DEBUG 5300 --- [nio-8701-exec-7] s.w.s.m.m.a.RequestMappingHandlerMapping : Mapped to recipes.presentation.RecipesController#searchRecipe(String, String)
2022-03-20 12:26:46.800 DEBUG 5300 --- [nio-8701-exec-7] o.j.s.OpenEntityManagerInViewInterceptor : Opening JPA EntityManager in OpenEntityManagerInViewInterceptor
2022-03-20 12:26:46.806 DEBUG 5300 --- [nio-8701-exec-7] o.s.w.s.m.m.a.HttpEntityMethodProcessor  : Using 'application/json', given [*/*] and supported [application/json, application/*+json, application/json, application/*+json]
2022-03-20 12:26:46.806 DEBUG 5300 --- [nio-8701-exec-7] o.s.w.s.m.m.a.HttpEntityMethodProcessor  : Nothing to write: null body
2022-03-20 12:26:46.807 DEBUG 5300 --- [nio-8701-exec-7] o.j.s.OpenEntityManagerInViewInterceptor : Closing JPA EntityManager in OpenEntityManagerInViewInterceptor
2022-03-20 12:26:46.807 DEBUG 5300 --- [nio-8701-exec-7] o.s.web.servlet.DispatcherServlet        : Completed 400 BAD_REQUEST
2022-03-20 12:26:46.807 DEBUG 5300 --- [nio-8701-exec-7] w.c.HttpSessionSecurityContextRepository : Stored SecurityContextImpl [Authentication=UsernamePasswordAuthenticationToken [Principal=recipes.businesslayer.UserDetailsImpl@49707574, Credentials=[PROTECTED], Authenticated=true, Details=WebAuthenticationDetails [RemoteIpAddress=127.0.0.1, SessionId=null], Granted Authorities=[]]] to HttpSession [org.apache.catalina.session.StandardSessionFacade@389c1846]
2022-03-20 12:26:46.807 DEBUG 5300 --- [nio-8701-exec-7] s.s.w.c.SecurityContextPersistenceFilter : Cleared SecurityContextHolder to complete request
?[1;31m
Start test 43?[0m
2022-03-20 12:26:46.829 DEBUG 5300 --- [nio-8701-exec-8] o.s.security.web.FilterChainProxy        : Securing POST /api/recipe/new
2022-03-20 12:26:46.829 DEBUG 5300 --- [nio-8701-exec-8] s.s.w.c.SecurityContextPersistenceFilter : Set SecurityContextHolder to empty SecurityContext
2022-03-20 12:26:46.830 DEBUG 5300 --- [nio-8701-exec-8] tor$SharedEntityManagerInvocationHandler : Creating new EntityManager for shared EntityManager invocation
Hibernate: select user0_.email as email1_3_, user0_.password as password2_3_ from users user0_ where user0_.email=?
2022-03-20 12:26:46.833 DEBUG 5300 --- [nio-8701-exec-8] o.s.s.a.dao.DaoAuthenticationProvider    : Authenticated user
2022-03-20 12:26:46.833 DEBUG 5300 --- [nio-8701-exec-8] o.s.s.w.a.www.BasicAuthenticationFilter  : Set SecurityContextHolder to UsernamePasswordAuthenticationToken [Principal=recipes.businesslayer.UserDetailsImpl@410e32e0, Credentials=[PROTECTED], Authenticated=true, Details=WebAuthenticationDetails [RemoteIpAddress=127.0.0.1, SessionId=null], Granted Authorities=[]]
2022-03-20 12:26:46.834 DEBUG 5300 --- [nio-8701-exec-8] w.c.HttpSessionSecurityContextRepository : Created HttpSession as SecurityContext is non-default
2022-03-20 12:26:46.834 DEBUG 5300 --- [nio-8701-exec-8] w.c.HttpSessionSecurityContextRepository : Stored SecurityContextImpl [Authentication=UsernamePasswordAuthenticationToken [Principal=recipes.businesslayer.UserDetailsImpl@410e32e0, Credentials=[PROTECTED], Authenticated=true, Details=WebAuthenticationDetails [RemoteIpAddress=127.0.0.1, SessionId=null], Granted Authorities=[]]] to HttpSession [org.apache.catalina.session.StandardSessionFacade@58c4283a]
2022-03-20 12:26:46.835 DEBUG 5300 --- [nio-8701-exec-8] s.w.s.m.m.a.RequestMappingHandlerMapping : Mapped to recipes.presentation.RecipesController#sendRecipe(Recipe, Authentication)
2022-03-20 12:26:46.835 DEBUG 5300 --- [nio-8701-exec-8] s.w.s.m.m.a.RequestMappingHandlerMapping : Mapped to recipes.presentation.RecipesController#sendRecipe(Recipe, Authentication)
2022-03-20 12:26:46.838 DEBUG 5300 --- [nio-8701-exec-8] s.w.s.m.m.a.RequestMappingHandlerMapping : Mapped to recipes.presentation.RecipesController#sendRecipe(Recipe, Authentication)
2022-03-20 12:26:46.839 DEBUG 5300 --- [nio-8701-exec-8] o.s.s.w.a.i.FilterSecurityInterceptor    : Authorized filter invocation [POST /api/recipe/new] with attributes [authenticated]
2022-03-20 12:26:46.840 DEBUG 5300 --- [nio-8701-exec-8] o.s.security.web.FilterChainProxy        : Secured POST /api/recipe/new
2022-03-20 12:26:46.841 DEBUG 5300 --- [nio-8701-exec-8] o.s.web.servlet.DispatcherServlet        : POST "/api/recipe/new", parameters={}
2022-03-20 12:26:46.844 DEBUG 5300 --- [nio-8701-exec-8] s.w.s.m.m.a.RequestMappingHandlerMapping : Mapped to recipes.presentation.RecipesController#sendRecipe(Recipe, Authentication)
2022-03-20 12:26:46.844 DEBUG 5300 --- [nio-8701-exec-8] o.j.s.OpenEntityManagerInViewInterceptor : Opening JPA EntityManager in OpenEntityManagerInViewInterceptor
2022-03-20 12:26:46.847 DEBUG 5300 --- [nio-8701-exec-8] m.m.a.RequestResponseBodyMethodProcessor : Read "application/json;charset=UTF-8" to [Recipe(id=0, name=null, date=null, category=beverage, description=Light, aromatic and refreshing bev (truncated)...]
2022-03-20 12:26:46.877 DEBUG 5300 --- [nio-8701-exec-8] w.c.HttpSessionSecurityContextRepository : Stored SecurityContextImpl [Authentication=UsernamePasswordAuthenticationToken [Principal=recipes.businesslayer.UserDetailsImpl@410e32e0, Credentials=[PROTECTED], Authenticated=true, Details=WebAuthenticationDetails [RemoteIpAddress=127.0.0.1, SessionId=null], Granted Authorities=[]]] to HttpSession [org.apache.catalina.session.StandardSessionFacade@58c4283a]
2022-03-20 12:26:46.878  WARN 5300 --- [nio-8701-exec-8] .w.s.m.s.DefaultHandlerExceptionResolver : Resolved [org.springframework.web.bind.MethodArgumentNotValidException: Validation failed for argument [0] in public org.springframework.http.ResponseEntity<recipes.businesslayer.IdDto> recipes.presentation.RecipesController.sendRecipe(recipes.businesslayer.Recipe,org.springframework.security.core.Authentication) with 2 errors: [Field error in object 'recipe' on field 'name': rejected value [null]; codes [NotEmpty.recipe.name,NotEmpty.name,NotEmpty.java.lang.String,NotEmpty]; arguments [org.springframework.context.support.DefaultMessageSourceResolvable: codes [recipe.name,name]; arguments []; default message [name]]; default message [must not be empty]] [Field error in object 'recipe' on field 'name': rejected value [null]; codes [NotBlank.recipe.name,NotBlank.name,NotBlank.java.lang.String,NotBlank]; arguments [org.springframework.context.support.DefaultMessageSourceResolvable: codes [recipe.name,name]; arguments []; default message [name]]; default message [must not be blank]] ]
2022-03-20 12:26:46.879 DEBUG 5300 --- [nio-8701-exec-8] o.j.s.OpenEntityManagerInViewInterceptor : Closing JPA EntityManager in OpenEntityManagerInViewInterceptor
2022-03-20 12:26:46.880 DEBUG 5300 --- [nio-8701-exec-8] o.s.web.servlet.DispatcherServlet        : Completed 400 BAD_REQUEST
2022-03-20 12:26:46.880 DEBUG 5300 --- [nio-8701-exec-8] w.c.HttpSessionSecurityContextRepository : Stored SecurityContextImpl [Authentication=UsernamePasswordAuthenticationToken [Principal=recipes.businesslayer.UserDetailsImpl@410e32e0, Credentials=[PROTECTED], Authenticated=true, Details=WebAuthenticationDetails [RemoteIpAddress=127.0.0.1, SessionId=null], Granted Authorities=[]]] to HttpSession [org.apache.catalina.session.StandardSessionFacade@58c4283a]
2022-03-20 12:26:46.881 DEBUG 5300 --- [nio-8701-exec-8] s.s.w.c.SecurityContextPersistenceFilter : Cleared SecurityContextHolder to complete request
2022-03-20 12:26:46.883 DEBUG 5300 --- [nio-8701-exec-8] o.s.security.web.FilterChainProxy        : Securing POST /error
2022-03-20 12:26:46.883 DEBUG 5300 --- [nio-8701-exec-8] w.c.HttpSessionSecurityContextRepository : Retrieved SecurityContextImpl [Authentication=UsernamePasswordAuthenticationToken [Principal=recipes.businesslayer.UserDetailsImpl@410e32e0, Credentials=[PROTECTED], Authenticated=true, Details=WebAuthenticationDetails [RemoteIpAddress=127.0.0.1, SessionId=null], Granted Authorities=[]]]
2022-03-20 12:26:46.883 DEBUG 5300 --- [nio-8701-exec-8] s.s.w.c.SecurityContextPersistenceFilter : Set SecurityContextHolder to SecurityContextImpl [Authentication=UsernamePasswordAuthenticationToken [Principal=recipes.businesslayer.UserDetailsImpl@410e32e0, Credentials=[PROTECTED], Authenticated=true, Details=WebAuthenticationDetails [RemoteIpAddress=127.0.0.1, SessionId=null], Granted Authorities=[]]]
2022-03-20 12:26:46.883 DEBUG 5300 --- [nio-8701-exec-8] o.s.security.web.FilterChainProxy        : Secured POST /error
2022-03-20 12:26:46.884 DEBUG 5300 --- [nio-8701-exec-8] o.s.web.servlet.DispatcherServlet        : "ERROR" dispatch for POST "/error", parameters={}
2022-03-20 12:26:46.884 DEBUG 5300 --- [nio-8701-exec-8] s.w.s.m.m.a.RequestMappingHandlerMapping : Mapped to org.springframework.boot.autoconfigure.web.servlet.error.BasicErrorController#error(HttpServletRequest)
2022-03-20 12:26:46.885 DEBUG 5300 --- [nio-8701-exec-8] o.j.s.OpenEntityManagerInViewInterceptor : Opening JPA EntityManager in OpenEntityManagerInViewInterceptor
2022-03-20 12:26:46.886 DEBUG 5300 --- [nio-8701-exec-8] o.s.w.s.m.m.a.HttpEntityMethodProcessor  : Using 'application/json', given [*/*] and supported [application/json, application/*+json, application/json, application/*+json]
2022-03-20 12:26:46.886 DEBUG 5300 --- [nio-8701-exec-8] o.s.w.s.m.m.a.HttpEntityMethodProcessor  : Writing [{timestamp=Sun Mar 20 12:26:46 MSK 2022, status=400, error=Bad Request, path=/api/recipe/new}]
2022-03-20 12:26:46.887 DEBUG 5300 --- [nio-8701-exec-8] o.j.s.OpenEntityManagerInViewInterceptor : Closing JPA EntityManager in OpenEntityManagerInViewInterceptor
2022-03-20 12:26:46.888 DEBUG 5300 --- [nio-8701-exec-8] o.s.web.servlet.DispatcherServlet        : Exiting from "ERROR" dispatch, status 400
2022-03-20 12:26:46.888 DEBUG 5300 --- [nio-8701-exec-8] s.s.w.c.SecurityContextPersistenceFilter : Cleared SecurityContextHolder to complete request
?[1;31m
Start test 44?[0m
2022-03-20 12:26:46.901 DEBUG 5300 --- [nio-8701-exec-9] o.s.security.web.FilterChainProxy        : Securing POST /api/recipe/new
2022-03-20 12:26:46.901 DEBUG 5300 --- [nio-8701-exec-9] s.s.w.c.SecurityContextPersistenceFilter : Set SecurityContextHolder to empty SecurityContext
2022-03-20 12:26:46.902 DEBUG 5300 --- [nio-8701-exec-9] tor$SharedEntityManagerInvocationHandler : Creating new EntityManager for shared EntityManager invocation
Hibernate: select user0_.email as email1_3_, user0_.password as password2_3_ from users user0_ where user0_.email=?
2022-03-20 12:26:46.906 DEBUG 5300 --- [nio-8701-exec-9] o.s.s.a.dao.DaoAuthenticationProvider    : Authenticated user
2022-03-20 12:26:46.906 DEBUG 5300 --- [nio-8701-exec-9] o.s.s.w.a.www.BasicAuthenticationFilter  : Set SecurityContextHolder to UsernamePasswordAuthenticationToken [Principal=recipes.businesslayer.UserDetailsImpl@1dc52831, Credentials=[PROTECTED], Authenticated=true, Details=WebAuthenticationDetails [RemoteIpAddress=127.0.0.1, SessionId=null], Granted Authorities=[]]
2022-03-20 12:26:46.907 DEBUG 5300 --- [nio-8701-exec-9] w.c.HttpSessionSecurityContextRepository : Created HttpSession as SecurityContext is non-default
2022-03-20 12:26:46.907 DEBUG 5300 --- [nio-8701-exec-9] w.c.HttpSessionSecurityContextRepository : Stored SecurityContextImpl [Authentication=UsernamePasswordAuthenticationToken [Principal=recipes.businesslayer.UserDetailsImpl@1dc52831, Credentials=[PROTECTED], Authenticated=true, Details=WebAuthenticationDetails [RemoteIpAddress=127.0.0.1, SessionId=null], Granted Authorities=[]]] to HttpSession [org.apache.catalina.session.StandardSessionFacade@6095d548]
2022-03-20 12:26:46.908 DEBUG 5300 --- [nio-8701-exec-9] s.w.s.m.m.a.RequestMappingHandlerMapping : Mapped to recipes.presentation.RecipesController#sendRecipe(Recipe, Authentication)
2022-03-20 12:26:46.909 DEBUG 5300 --- [nio-8701-exec-9] s.w.s.m.m.a.RequestMappingHandlerMapping : Mapped to recipes.presentation.RecipesController#sendRecipe(Recipe, Authentication)
2022-03-20 12:26:46.911 DEBUG 5300 --- [nio-8701-exec-9] s.w.s.m.m.a.RequestMappingHandlerMapping : Mapped to recipes.presentation.RecipesController#sendRecipe(Recipe, Authentication)
2022-03-20 12:26:46.911 DEBUG 5300 --- [nio-8701-exec-9] o.s.s.w.a.i.FilterSecurityInterceptor    : Authorized filter invocation [POST /api/recipe/new] with attributes [authenticated]
2022-03-20 12:26:46.911 DEBUG 5300 --- [nio-8701-exec-9] o.s.security.web.FilterChainProxy        : Secured POST /api/recipe/new
2022-03-20 12:26:46.912 DEBUG 5300 --- [nio-8701-exec-9] o.s.web.servlet.DispatcherServlet        : POST "/api/recipe/new", parameters={}
2022-03-20 12:26:46.912 DEBUG 5300 --- [nio-8701-exec-9] s.w.s.m.m.a.RequestMappingHandlerMapping : Mapped to recipes.presentation.RecipesController#sendRecipe(Recipe, Authentication)
2022-03-20 12:26:46.912 DEBUG 5300 --- [nio-8701-exec-9] o.j.s.OpenEntityManagerInViewInterceptor : Opening JPA EntityManager in OpenEntityManagerInViewInterceptor
2022-03-20 12:26:46.914 DEBUG 5300 --- [nio-8701-exec-9] m.m.a.RequestResponseBodyMethodProcessor : Read "application/json;charset=UTF-8" to [Recipe(id=0, name=Fresh Mint Tea, date=null, category=null, description=Light, aromatic and refreshi (truncated)...]
2022-03-20 12:26:46.927 DEBUG 5300 --- [nio-8701-exec-9] w.c.HttpSessionSecurityContextRepository : Stored SecurityContextImpl [Authentication=UsernamePasswordAuthenticationToken [Principal=recipes.businesslayer.UserDetailsImpl@1dc52831, Credentials=[PROTECTED], Authenticated=true, Details=WebAuthenticationDetails [RemoteIpAddress=127.0.0.1, SessionId=null], Granted Authorities=[]]] to HttpSession [org.apache.catalina.session.StandardSessionFacade@6095d548]
2022-03-20 12:26:46.927  WARN 5300 --- [nio-8701-exec-9] .w.s.m.s.DefaultHandlerExceptionResolver : Resolved [org.springframework.web.bind.MethodArgumentNotValidException: Validation failed for argument [0] in public org.springframework.http.ResponseEntity<recipes.businesslayer.IdDto> recipes.presentation.RecipesController.sendRecipe(recipes.businesslayer.Recipe,org.springframework.security.core.Authentication) with 2 errors: [Field error in object 'recipe' on field 'category': rejected value [null]; codes [NotBlank.recipe.category,NotBlank.category,NotBlank.java.lang.String,NotBlank]; arguments [org.springframework.context.support.DefaultMessageSourceResolvable: codes [recipe.category,category]; arguments []; default message [category]]; default message [must not be blank]] [Field error in object 'recipe' on field 'category': rejected value [null]; codes [NotEmpty.recipe.category,NotEmpty.category,NotEmpty.java.lang.String,NotEmpty]; arguments [org.springframework.context.support.DefaultMessageSourceResolvable: codes [recipe.category,category]; arguments []; default message [category]]; default message [must not be empty]] ]
2022-03-20 12:26:46.927 DEBUG 5300 --- [nio-8701-exec-9] o.j.s.OpenEntityManagerInViewInterceptor : Closing JPA EntityManager in OpenEntityManagerInViewInterceptor
2022-03-20 12:26:46.928 DEBUG 5300 --- [nio-8701-exec-9] o.s.web.servlet.DispatcherServlet        : Completed 400 BAD_REQUEST
2022-03-20 12:26:46.928 DEBUG 5300 --- [nio-8701-exec-9] w.c.HttpSessionSecurityContextRepository : Stored SecurityContextImpl [Authentication=UsernamePasswordAuthenticationToken [Principal=recipes.businesslayer.UserDetailsImpl@1dc52831, Credentials=[PROTECTED], Authenticated=true, Details=WebAuthenticationDetails [RemoteIpAddress=127.0.0.1, SessionId=null], Granted Authorities=[]]] to HttpSession [org.apache.catalina.session.StandardSessionFacade@6095d548]
2022-03-20 12:26:46.928 DEBUG 5300 --- [nio-8701-exec-9] s.s.w.c.SecurityContextPersistenceFilter : Cleared SecurityContextHolder to complete request
2022-03-20 12:26:46.931 DEBUG 5300 --- [nio-8701-exec-9] o.s.security.web.FilterChainProxy        : Securing POST /error
2022-03-20 12:26:46.931 DEBUG 5300 --- [nio-8701-exec-9] w.c.HttpSessionSecurityContextRepository : Retrieved SecurityContextImpl [Authentication=UsernamePasswordAuthenticationToken [Principal=recipes.businesslayer.UserDetailsImpl@1dc52831, Credentials=[PROTECTED], Authenticated=true, Details=WebAuthenticationDetails [RemoteIpAddress=127.0.0.1, SessionId=null], Granted Authorities=[]]]
2022-03-20 12:26:46.931 DEBUG 5300 --- [nio-8701-exec-9] s.s.w.c.SecurityContextPersistenceFilter : Set SecurityContextHolder to SecurityContextImpl [Authentication=UsernamePasswordAuthenticationToken [Principal=recipes.businesslayer.UserDetailsImpl@1dc52831, Credentials=[PROTECTED], Authenticated=true, Details=WebAuthenticationDetails [RemoteIpAddress=127.0.0.1, SessionId=null], Granted Authorities=[]]]
2022-03-20 12:26:46.931 DEBUG 5300 --- [nio-8701-exec-9] o.s.security.web.FilterChainProxy        : Secured POST /error
2022-03-20 12:26:46.931 DEBUG 5300 --- [nio-8701-exec-9] o.s.web.servlet.DispatcherServlet        : "ERROR" dispatch for POST "/error", parameters={}
2022-03-20 12:26:46.932 DEBUG 5300 --- [nio-8701-exec-9] s.w.s.m.m.a.RequestMappingHandlerMapping : Mapped to org.springframework.boot.autoconfigure.web.servlet.error.BasicErrorController#error(HttpServletRequest)
2022-03-20 12:26:46.933 DEBUG 5300 --- [nio-8701-exec-9] o.j.s.OpenEntityManagerInViewInterceptor : Opening JPA EntityManager in OpenEntityManagerInViewInterceptor
2022-03-20 12:26:46.934 DEBUG 5300 --- [nio-8701-exec-9] o.s.w.s.m.m.a.HttpEntityMethodProcessor  : Using 'application/json', given [*/*] and supported [application/json, application/*+json, application/json, application/*+json]
2022-03-20 12:26:46.934 DEBUG 5300 --- [nio-8701-exec-9] o.s.w.s.m.m.a.HttpEntityMethodProcessor  : Writing [{timestamp=Sun Mar 20 12:26:46 MSK 2022, status=400, error=Bad Request, path=/api/recipe/new}]
2022-03-20 12:26:46.936 DEBUG 5300 --- [nio-8701-exec-9] o.j.s.OpenEntityManagerInViewInterceptor : Closing JPA EntityManager in OpenEntityManagerInViewInterceptor
2022-03-20 12:26:46.936 DEBUG 5300 --- [nio-8701-exec-9] o.s.web.servlet.DispatcherServlet        : Exiting from "ERROR" dispatch, status 400
2022-03-20 12:26:46.936 DEBUG 5300 --- [nio-8701-exec-9] s.s.w.c.SecurityContextPersistenceFilter : Cleared SecurityContextHolder to complete request
?[1;31m
Start test 45?[0m
2022-03-20 12:26:46.947 DEBUG 5300 --- [io-8701-exec-10] o.s.security.web.FilterChainProxy        : Securing POST /api/recipe/new
2022-03-20 12:26:46.948 DEBUG 5300 --- [io-8701-exec-10] s.s.w.c.SecurityContextPersistenceFilter : Set SecurityContextHolder to empty SecurityContext
2022-03-20 12:26:46.948 DEBUG 5300 --- [io-8701-exec-10] tor$SharedEntityManagerInvocationHandler : Creating new EntityManager for shared EntityManager invocation
Hibernate: select user0_.email as email1_3_, user0_.password as password2_3_ from users user0_ where user0_.email=?
2022-03-20 12:26:46.951 DEBUG 5300 --- [io-8701-exec-10] o.s.s.a.dao.DaoAuthenticationProvider    : Authenticated user
2022-03-20 12:26:46.951 DEBUG 5300 --- [io-8701-exec-10] o.s.s.w.a.www.BasicAuthenticationFilter  : Set SecurityContextHolder to UsernamePasswordAuthenticationToken [Principal=recipes.businesslayer.UserDetailsImpl@11dc17a7, Credentials=[PROTECTED], Authenticated=true, Details=WebAuthenticationDetails [RemoteIpAddress=127.0.0.1, SessionId=null], Granted Authorities=[]]
2022-03-20 12:26:46.952 DEBUG 5300 --- [io-8701-exec-10] w.c.HttpSessionSecurityContextRepository : Created HttpSession as SecurityContext is non-default
2022-03-20 12:26:46.952 DEBUG 5300 --- [io-8701-exec-10] w.c.HttpSessionSecurityContextRepository : Stored SecurityContextImpl [Authentication=UsernamePasswordAuthenticationToken [Principal=recipes.businesslayer.UserDetailsImpl@11dc17a7, Credentials=[PROTECTED], Authenticated=true, Details=WebAuthenticationDetails [RemoteIpAddress=127.0.0.1, SessionId=null], Granted Authorities=[]]] to HttpSession [org.apache.catalina.session.StandardSessionFacade@37627f19]
2022-03-20 12:26:46.953 DEBUG 5300 --- [io-8701-exec-10] s.w.s.m.m.a.RequestMappingHandlerMapping : Mapped to recipes.presentation.RecipesController#sendRecipe(Recipe, Authentication)
2022-03-20 12:26:46.953 DEBUG 5300 --- [io-8701-exec-10] s.w.s.m.m.a.RequestMappingHandlerMapping : Mapped to recipes.presentation.RecipesController#sendRecipe(Recipe, Authentication)
2022-03-20 12:26:46.954 DEBUG 5300 --- [io-8701-exec-10] s.w.s.m.m.a.RequestMappingHandlerMapping : Mapped to recipes.presentation.RecipesController#sendRecipe(Recipe, Authentication)
2022-03-20 12:26:46.954 DEBUG 5300 --- [io-8701-exec-10] o.s.s.w.a.i.FilterSecurityInterceptor    : Authorized filter invocation [POST /api/recipe/new] with attributes [authenticated]
2022-03-20 12:26:46.955 DEBUG 5300 --- [io-8701-exec-10] o.s.security.web.FilterChainProxy        : Secured POST /api/recipe/new
2022-03-20 12:26:46.955 DEBUG 5300 --- [io-8701-exec-10] o.s.web.servlet.DispatcherServlet        : POST "/api/recipe/new", parameters={}
2022-03-20 12:26:46.956 DEBUG 5300 --- [io-8701-exec-10] s.w.s.m.m.a.RequestMappingHandlerMapping : Mapped to recipes.presentation.RecipesController#sendRecipe(Recipe, Authentication)
2022-03-20 12:26:46.956 DEBUG 5300 --- [io-8701-exec-10] o.j.s.OpenEntityManagerInViewInterceptor : Opening JPA EntityManager in OpenEntityManagerInViewInterceptor
2022-03-20 12:26:46.957 DEBUG 5300 --- [io-8701-exec-10] m.m.a.RequestResponseBodyMethodProcessor : Read "application/json;charset=UTF-8" to [Recipe(id=0, name=Warming Ginger Tea, date=null, category=beverage, description=null, ingredients=[1 (truncated)...]
2022-03-20 12:26:46.958 DEBUG 5300 --- [io-8701-exec-10] w.c.HttpSessionSecurityContextRepository : Stored SecurityContextImpl [Authentication=UsernamePasswordAuthenticationToken [Principal=recipes.businesslayer.UserDetailsImpl@11dc17a7, Credentials=[PROTECTED], Authenticated=true, Details=WebAuthenticationDetails [RemoteIpAddress=127.0.0.1, SessionId=null], Granted Authorities=[]]] to HttpSession [org.apache.catalina.session.StandardSessionFacade@37627f19]
2022-03-20 12:26:46.959  WARN 5300 --- [io-8701-exec-10] .w.s.m.s.DefaultHandlerExceptionResolver : Resolved [org.springframework.web.bind.MethodArgumentNotValidException: Validation failed for argument [0] in public org.springframework.http.ResponseEntity<recipes.businesslayer.IdDto> recipes.presentation.RecipesController.sendRecipe(recipes.businesslayer.Recipe,org.springframework.security.core.Authentication) with 2 errors: [Field error in object 'recipe' on field 'description': rejected value [null]; codes [NotEmpty.recipe.description,NotEmpty.description,NotEmpty.java.lang.String,NotEmpty]; arguments [org.springframework.context.support.DefaultMessageSourceResolvable: codes [recipe.description,description]; arguments []; default message [description]]; default message [must not be empty]] [Field error in object 'recipe' on field 'description': rejected value [null]; codes [NotBlank.recipe.description,NotBlank.description,NotBlank.java.lang.String,NotBlank]; arguments [org.springframework.context.support.DefaultMessageSourceResolvable: codes [recipe.description,description]; arguments []; default message [description]]; default message [must not be blank]] ]
2022-03-20 12:26:46.959 DEBUG 5300 --- [io-8701-exec-10] o.j.s.OpenEntityManagerInViewInterceptor : Closing JPA EntityManager in OpenEntityManagerInViewInterceptor
2022-03-20 12:26:46.959 DEBUG 5300 --- [io-8701-exec-10] o.s.web.servlet.DispatcherServlet        : Completed 400 BAD_REQUEST
2022-03-20 12:26:46.960 DEBUG 5300 --- [io-8701-exec-10] w.c.HttpSessionSecurityContextRepository : Stored SecurityContextImpl [Authentication=UsernamePasswordAuthenticationToken [Principal=recipes.businesslayer.UserDetailsImpl@11dc17a7, Credentials=[PROTECTED], Authenticated=true, Details=WebAuthenticationDetails [RemoteIpAddress=127.0.0.1, SessionId=null], Granted Authorities=[]]] to HttpSession [org.apache.catalina.session.StandardSessionFacade@37627f19]
2022-03-20 12:26:46.960 DEBUG 5300 --- [io-8701-exec-10] s.s.w.c.SecurityContextPersistenceFilter : Cleared SecurityContextHolder to complete request
2022-03-20 12:26:46.961 DEBUG 5300 --- [io-8701-exec-10] o.s.security.web.FilterChainProxy        : Securing POST /error
2022-03-20 12:26:46.961 DEBUG 5300 --- [io-8701-exec-10] w.c.HttpSessionSecurityContextRepository : Retrieved SecurityContextImpl [Authentication=UsernamePasswordAuthenticationToken [Principal=recipes.businesslayer.UserDetailsImpl@11dc17a7, Credentials=[PROTECTED], Authenticated=true, Details=WebAuthenticationDetails [RemoteIpAddress=127.0.0.1, SessionId=null], Granted Authorities=[]]]
2022-03-20 12:26:46.961 DEBUG 5300 --- [io-8701-exec-10] s.s.w.c.SecurityContextPersistenceFilter : Set SecurityContextHolder to SecurityContextImpl [Authentication=UsernamePasswordAuthenticationToken [Principal=recipes.businesslayer.UserDetailsImpl@11dc17a7, Credentials=[PROTECTED], Authenticated=true, Details=WebAuthenticationDetails [RemoteIpAddress=127.0.0.1, SessionId=null], Granted Authorities=[]]]
2022-03-20 12:26:46.961 DEBUG 5300 --- [io-8701-exec-10] o.s.security.web.FilterChainProxy        : Secured POST /error
2022-03-20 12:26:46.962 DEBUG 5300 --- [io-8701-exec-10] o.s.web.servlet.DispatcherServlet        : "ERROR" dispatch for POST "/error", parameters={}
2022-03-20 12:26:46.962 DEBUG 5300 --- [io-8701-exec-10] s.w.s.m.m.a.RequestMappingHandlerMapping : Mapped to org.springframework.boot.autoconfigure.web.servlet.error.BasicErrorController#error(HttpServletRequest)
2022-03-20 12:26:46.962 DEBUG 5300 --- [io-8701-exec-10] o.j.s.OpenEntityManagerInViewInterceptor : Opening JPA EntityManager in OpenEntityManagerInViewInterceptor
2022-03-20 12:26:46.963 DEBUG 5300 --- [io-8701-exec-10] o.s.w.s.m.m.a.HttpEntityMethodProcessor  : Using 'application/json', given [*/*] and supported [application/json, application/*+json, application/json, application/*+json]
2022-03-20 12:26:46.963 DEBUG 5300 --- [io-8701-exec-10] o.s.w.s.m.m.a.HttpEntityMethodProcessor  : Writing [{timestamp=Sun Mar 20 12:26:46 MSK 2022, status=400, error=Bad Request, path=/api/recipe/new}]
2022-03-20 12:26:46.965 DEBUG 5300 --- [io-8701-exec-10] o.j.s.OpenEntityManagerInViewInterceptor : Closing JPA EntityManager in OpenEntityManagerInViewInterceptor
2022-03-20 12:26:46.965 DEBUG 5300 --- [io-8701-exec-10] o.s.web.servlet.DispatcherServlet        : Exiting from "ERROR" dispatch, status 400
2022-03-20 12:26:46.965 DEBUG 5300 --- [io-8701-exec-10] s.s.w.c.SecurityContextPersistenceFilter : Cleared SecurityContextHolder to complete request
?[1;31m
Start test 46?[0m
2022-03-20 12:26:46.976 DEBUG 5300 --- [io-8701-exec-11] o.s.security.web.FilterChainProxy        : Securing POST /api/recipe/new
2022-03-20 12:26:46.976 DEBUG 5300 --- [io-8701-exec-11] s.s.w.c.SecurityContextPersistenceFilter : Set SecurityContextHolder to empty SecurityContext
2022-03-20 12:26:46.976 DEBUG 5300 --- [io-8701-exec-11] tor$SharedEntityManagerInvocationHandler : Creating new EntityManager for shared EntityManager invocation
Hibernate: select user0_.email as email1_3_, user0_.password as password2_3_ from users user0_ where user0_.email=?
2022-03-20 12:26:46.979 DEBUG 5300 --- [io-8701-exec-11] o.s.s.a.dao.DaoAuthenticationProvider    : Authenticated user
2022-03-20 12:26:46.979 DEBUG 5300 --- [io-8701-exec-11] o.s.s.w.a.www.BasicAuthenticationFilter  : Set SecurityContextHolder to UsernamePasswordAuthenticationToken [Principal=recipes.businesslayer.UserDetailsImpl@7564b0aa, Credentials=[PROTECTED], Authenticated=true, Details=WebAuthenticationDetails [RemoteIpAddress=127.0.0.1, SessionId=null], Granted Authorities=[]]
2022-03-20 12:26:46.980 DEBUG 5300 --- [io-8701-exec-11] w.c.HttpSessionSecurityContextRepository : Created HttpSession as SecurityContext is non-default
2022-03-20 12:26:46.980 DEBUG 5300 --- [io-8701-exec-11] w.c.HttpSessionSecurityContextRepository : Stored SecurityContextImpl [Authentication=UsernamePasswordAuthenticationToken [Principal=recipes.businesslayer.UserDetailsImpl@7564b0aa, Credentials=[PROTECTED], Authenticated=true, Details=WebAuthenticationDetails [RemoteIpAddress=127.0.0.1, SessionId=null], Granted Authorities=[]]] to HttpSession [org.apache.catalina.session.StandardSessionFacade@c473103]
2022-03-20 12:26:46.981 DEBUG 5300 --- [io-8701-exec-11] s.w.s.m.m.a.RequestMappingHandlerMapping : Mapped to recipes.presentation.RecipesController#sendRecipe(Recipe, Authentication)
2022-03-20 12:26:46.982 DEBUG 5300 --- [io-8701-exec-11] s.w.s.m.m.a.RequestMappingHandlerMapping : Mapped to recipes.presentation.RecipesController#sendRecipe(Recipe, Authentication)
2022-03-20 12:26:46.983 DEBUG 5300 --- [io-8701-exec-11] s.w.s.m.m.a.RequestMappingHandlerMapping : Mapped to recipes.presentation.RecipesController#sendRecipe(Recipe, Authentication)
2022-03-20 12:26:46.983 DEBUG 5300 --- [io-8701-exec-11] o.s.s.w.a.i.FilterSecurityInterceptor    : Authorized filter invocation [POST /api/recipe/new] with attributes [authenticated]
2022-03-20 12:26:46.984 DEBUG 5300 --- [io-8701-exec-11] o.s.security.web.FilterChainProxy        : Secured POST /api/recipe/new
2022-03-20 12:26:46.984 DEBUG 5300 --- [io-8701-exec-11] o.s.web.servlet.DispatcherServlet        : POST "/api/recipe/new", parameters={}
2022-03-20 12:26:46.984 DEBUG 5300 --- [io-8701-exec-11] s.w.s.m.m.a.RequestMappingHandlerMapping : Mapped to recipes.presentation.RecipesController#sendRecipe(Recipe, Authentication)
2022-03-20 12:26:46.985 DEBUG 5300 --- [io-8701-exec-11] o.j.s.OpenEntityManagerInViewInterceptor : Opening JPA EntityManager in OpenEntityManagerInViewInterceptor
2022-03-20 12:26:46.986 DEBUG 5300 --- [io-8701-exec-11] m.m.a.RequestResponseBodyMethodProcessor : Read "application/json;charset=UTF-8" to [Recipe(id=0, name=Fresh Mint Tea, date=null, category=beverage, description=Light, aromatic and refr (truncated)...]
2022-03-20 12:26:46.989 DEBUG 5300 --- [io-8701-exec-11] w.c.HttpSessionSecurityContextRepository : Stored SecurityContextImpl [Authentication=UsernamePasswordAuthenticationToken [Principal=recipes.businesslayer.UserDetailsImpl@7564b0aa, Credentials=[PROTECTED], Authenticated=true, Details=WebAuthenticationDetails [RemoteIpAddress=127.0.0.1, SessionId=null], Granted Authorities=[]]] to HttpSession [org.apache.catalina.session.StandardSessionFacade@c473103]
2022-03-20 12:26:46.991  WARN 5300 --- [io-8701-exec-11] .w.s.m.s.DefaultHandlerExceptionResolver : Resolved [org.springframework.web.bind.MethodArgumentNotValidException: Validation failed for argument [0] in public org.springframework.http.ResponseEntity<recipes.businesslayer.IdDto> recipes.presentation.RecipesController.sendRecipe(recipes.businesslayer.Recipe,org.springframework.security.core.Authentication) with 2 errors: [Field error in object 'recipe' on field 'ingredients': rejected value [[]]; codes [NotEmpty.recipe.ingredients,NotEmpty.ingredients,NotEmpty.java.util.List,NotEmpty]; arguments [org.springframework.context.support.DefaultMessageSourceResolvable: codes [recipe.ingredients,ingredients]; arguments []; default message [ingredients]]; default message [must not be empty]] [Field error in object 'recipe' on field 'ingredients': rejected value [[]]; codes [Size.recipe.ingredients,Size.ingredients,Size.java.util.List,Size]; arguments [org.springframework.context.support.DefaultMessageSourceResolvable: codes [recipe.ingredients,ingredients]; arguments []; default message [ingredients],2147483647,1]; default message [size must be between 1 and 2147483647]] ]
2022-03-20 12:26:46.991 DEBUG 5300 --- [io-8701-exec-11] o.j.s.OpenEntityManagerInViewInterceptor : Closing JPA EntityManager in OpenEntityManagerInViewInterceptor
2022-03-20 12:26:46.991 DEBUG 5300 --- [io-8701-exec-11] o.s.web.servlet.DispatcherServlet        : Completed 400 BAD_REQUEST
2022-03-20 12:26:46.992 DEBUG 5300 --- [io-8701-exec-11] w.c.HttpSessionSecurityContextRepository : Stored SecurityContextImpl [Authentication=UsernamePasswordAuthenticationToken [Principal=recipes.businesslayer.UserDetailsImpl@7564b0aa, Credentials=[PROTECTED], Authenticated=true, Details=WebAuthenticationDetails [RemoteIpAddress=127.0.0.1, SessionId=null], Granted Authorities=[]]] to HttpSession [org.apache.catalina.session.StandardSessionFacade@c473103]
2022-03-20 12:26:46.992 DEBUG 5300 --- [io-8701-exec-11] s.s.w.c.SecurityContextPersistenceFilter : Cleared SecurityContextHolder to complete request
2022-03-20 12:26:46.993 DEBUG 5300 --- [io-8701-exec-11] o.s.security.web.FilterChainProxy        : Securing POST /error
2022-03-20 12:26:46.993 DEBUG 5300 --- [io-8701-exec-11] w.c.HttpSessionSecurityContextRepository : Retrieved SecurityContextImpl [Authentication=UsernamePasswordAuthenticationToken [Principal=recipes.businesslayer.UserDetailsImpl@7564b0aa, Credentials=[PROTECTED], Authenticated=true, Details=WebAuthenticationDetails [RemoteIpAddress=127.0.0.1, SessionId=null], Granted Authorities=[]]]
2022-03-20 12:26:46.993 DEBUG 5300 --- [io-8701-exec-11] s.s.w.c.SecurityContextPersistenceFilter : Set SecurityContextHolder to SecurityContextImpl [Authentication=UsernamePasswordAuthenticationToken [Principal=recipes.businesslayer.UserDetailsImpl@7564b0aa, Credentials=[PROTECTED], Authenticated=true, Details=WebAuthenticationDetails [RemoteIpAddress=127.0.0.1, SessionId=null], Granted Authorities=[]]]
2022-03-20 12:26:46.993 DEBUG 5300 --- [io-8701-exec-11] o.s.security.web.FilterChainProxy        : Secured POST /error
2022-03-20 12:26:46.993 DEBUG 5300 --- [io-8701-exec-11] o.s.web.servlet.DispatcherServlet        : "ERROR" dispatch for POST "/error", parameters={}
2022-03-20 12:26:46.994 DEBUG 5300 --- [io-8701-exec-11] s.w.s.m.m.a.RequestMappingHandlerMapping : Mapped to org.springframework.boot.autoconfigure.web.servlet.error.BasicErrorController#error(HttpServletRequest)
2022-03-20 12:26:46.994 DEBUG 5300 --- [io-8701-exec-11] o.j.s.OpenEntityManagerInViewInterceptor : Opening JPA EntityManager in OpenEntityManagerInViewInterceptor
2022-03-20 12:26:46.995 DEBUG 5300 --- [io-8701-exec-11] o.s.w.s.m.m.a.HttpEntityMethodProcessor  : Using 'application/json', given [*/*] and supported [application/json, application/*+json, application/json, application/*+json]
2022-03-20 12:26:46.996 DEBUG 5300 --- [io-8701-exec-11] o.s.w.s.m.m.a.HttpEntityMethodProcessor  : Writing [{timestamp=Sun Mar 20 12:26:46 MSK 2022, status=400, error=Bad Request, path=/api/recipe/new}]
2022-03-20 12:26:46.997 DEBUG 5300 --- [io-8701-exec-11] o.j.s.OpenEntityManagerInViewInterceptor : Closing JPA EntityManager in OpenEntityManagerInViewInterceptor
2022-03-20 12:26:46.997 DEBUG 5300 --- [io-8701-exec-11] o.s.web.servlet.DispatcherServlet        : Exiting from "ERROR" dispatch, status 400
2022-03-20 12:26:46.997 DEBUG 5300 --- [io-8701-exec-11] s.s.w.c.SecurityContextPersistenceFilter : Cleared SecurityContextHolder to complete request
?[1;31m
Start test 47?[0m
2022-03-20 12:26:47.013 DEBUG 5300 --- [nio-8701-exec-2] o.s.security.web.FilterChainProxy        : Securing POST /api/recipe/new
2022-03-20 12:26:47.014 DEBUG 5300 --- [nio-8701-exec-2] s.s.w.c.SecurityContextPersistenceFilter : Set SecurityContextHolder to empty SecurityContext
2022-03-20 12:26:47.015 DEBUG 5300 --- [nio-8701-exec-2] tor$SharedEntityManagerInvocationHandler : Creating new EntityManager for shared EntityManager invocation
Hibernate: select user0_.email as email1_3_, user0_.password as password2_3_ from users user0_ where user0_.email=?
2022-03-20 12:26:47.018 DEBUG 5300 --- [nio-8701-exec-2] o.s.s.a.dao.DaoAuthenticationProvider    : Authenticated user
2022-03-20 12:26:47.018 DEBUG 5300 --- [nio-8701-exec-2] o.s.s.w.a.www.BasicAuthenticationFilter  : Set SecurityContextHolder to UsernamePasswordAuthenticationToken [Principal=recipes.businesslayer.UserDetailsImpl@dac7dd4, Credentials=[PROTECTED], Authenticated=true, Details=WebAuthenticationDetails [RemoteIpAddress=127.0.0.1, SessionId=null], Granted Authorities=[]]
2022-03-20 12:26:47.018 DEBUG 5300 --- [nio-8701-exec-2] w.c.HttpSessionSecurityContextRepository : Created HttpSession as SecurityContext is non-default
2022-03-20 12:26:47.019 DEBUG 5300 --- [nio-8701-exec-2] w.c.HttpSessionSecurityContextRepository : Stored SecurityContextImpl [Authentication=UsernamePasswordAuthenticationToken [Principal=recipes.businesslayer.UserDetailsImpl@dac7dd4, Credentials=[PROTECTED], Authenticated=true, Details=WebAuthenticationDetails [RemoteIpAddress=127.0.0.1, SessionId=null], Granted Authorities=[]]] to HttpSession [org.apache.catalina.session.StandardSessionFacade@33c453aa]
2022-03-20 12:26:47.019 DEBUG 5300 --- [nio-8701-exec-2] s.w.s.m.m.a.RequestMappingHandlerMapping : Mapped to recipes.presentation.RecipesController#sendRecipe(Recipe, Authentication)
2022-03-20 12:26:47.020 DEBUG 5300 --- [nio-8701-exec-2] s.w.s.m.m.a.RequestMappingHandlerMapping : Mapped to recipes.presentation.RecipesController#sendRecipe(Recipe, Authentication)
2022-03-20 12:26:47.020 DEBUG 5300 --- [nio-8701-exec-2] s.w.s.m.m.a.RequestMappingHandlerMapping : Mapped to recipes.presentation.RecipesController#sendRecipe(Recipe, Authentication)
2022-03-20 12:26:47.021 DEBUG 5300 --- [nio-8701-exec-2] o.s.s.w.a.i.FilterSecurityInterceptor    : Authorized filter invocation [POST /api/recipe/new] with attributes [authenticated]
2022-03-20 12:26:47.021 DEBUG 5300 --- [nio-8701-exec-2] o.s.security.web.FilterChainProxy        : Secured POST /api/recipe/new
2022-03-20 12:26:47.022 DEBUG 5300 --- [nio-8701-exec-2] o.s.web.servlet.DispatcherServlet        : POST "/api/recipe/new", parameters={}
2022-03-20 12:26:47.023 DEBUG 5300 --- [nio-8701-exec-2] s.w.s.m.m.a.RequestMappingHandlerMapping : Mapped to recipes.presentation.RecipesController#sendRecipe(Recipe, Authentication)
2022-03-20 12:26:47.023 DEBUG 5300 --- [nio-8701-exec-2] o.j.s.OpenEntityManagerInViewInterceptor : Opening JPA EntityManager in OpenEntityManagerInViewInterceptor
2022-03-20 12:26:47.025 DEBUG 5300 --- [nio-8701-exec-2] m.m.a.RequestResponseBodyMethodProcessor : Read "application/json;charset=UTF-8" to [Recipe(id=0, name=Warming Ginger Tea, date=null, category=beverage, description=Ginger tea is a warm (truncated)...]
2022-03-20 12:26:47.027 DEBUG 5300 --- [nio-8701-exec-2] w.c.HttpSessionSecurityContextRepository : Stored SecurityContextImpl [Authentication=UsernamePasswordAuthenticationToken [Principal=recipes.businesslayer.UserDetailsImpl@dac7dd4, Credentials=[PROTECTED], Authenticated=true, Details=WebAuthenticationDetails [RemoteIpAddress=127.0.0.1, SessionId=null], Granted Authorities=[]]] to HttpSession [org.apache.catalina.session.StandardSessionFacade@33c453aa]
2022-03-20 12:26:47.028  WARN 5300 --- [nio-8701-exec-2] .w.s.m.s.DefaultHandlerExceptionResolver : Resolved [org.springframework.web.bind.MethodArgumentNotValidException: Validation failed for argument [0] in public org.springframework.http.ResponseEntity<recipes.businesslayer.IdDto> recipes.presentation.RecipesController.sendRecipe(recipes.businesslayer.Recipe,org.springframework.security.core.Authentication) with 2 errors: [Field error in object 'recipe' on field 'directions': rejected value [[]]; codes [Size.recipe.directions,Size.directions,Size.java.util.List,Size]; arguments [org.springframework.context.support.DefaultMessageSourceResolvable: codes [recipe.directions,directions]; arguments []; default message [directions],2147483647,1]; default message [size must be between 1 and 2147483647]] [Field error in object 'recipe' on field 'directions': rejected value [[]]; codes [NotEmpty.recipe.directions,NotEmpty.directions,NotEmpty.java.util.List,NotEmpty]; arguments [org.springframework.context.support.DefaultMessageSourceResolvable: codes [recipe.directions,directions]; arguments []; default message [directions]]; default message [must not be empty]] ]
2022-03-20 12:26:47.028 DEBUG 5300 --- [nio-8701-exec-2] o.j.s.OpenEntityManagerInViewInterceptor : Closing JPA EntityManager in OpenEntityManagerInViewInterceptor
2022-03-20 12:26:47.029 DEBUG 5300 --- [nio-8701-exec-2] o.s.web.servlet.DispatcherServlet        : Completed 400 BAD_REQUEST
2022-03-20 12:26:47.029 DEBUG 5300 --- [nio-8701-exec-2] w.c.HttpSessionSecurityContextRepository : Stored SecurityContextImpl [Authentication=UsernamePasswordAuthenticationToken [Principal=recipes.businesslayer.UserDetailsImpl@dac7dd4, Credentials=[PROTECTED], Authenticated=true, Details=WebAuthenticationDetails [RemoteIpAddress=127.0.0.1, SessionId=null], Granted Authorities=[]]] to HttpSession [org.apache.catalina.session.StandardSessionFacade@33c453aa]
2022-03-20 12:26:47.029 DEBUG 5300 --- [nio-8701-exec-2] s.s.w.c.SecurityContextPersistenceFilter : Cleared SecurityContextHolder to complete request
2022-03-20 12:26:47.030 DEBUG 5300 --- [nio-8701-exec-2] o.s.security.web.FilterChainProxy        : Securing POST /error
2022-03-20 12:26:47.031 DEBUG 5300 --- [nio-8701-exec-2] w.c.HttpSessionSecurityContextRepository : Retrieved SecurityContextImpl [Authentication=UsernamePasswordAuthenticationToken [Principal=recipes.businesslayer.UserDetailsImpl@dac7dd4, Credentials=[PROTECTED], Authenticated=true, Details=WebAuthenticationDetails [RemoteIpAddress=127.0.0.1, SessionId=null], Granted Authorities=[]]]
2022-03-20 12:26:47.031 DEBUG 5300 --- [nio-8701-exec-2] s.s.w.c.SecurityContextPersistenceFilter : Set SecurityContextHolder to SecurityContextImpl [Authentication=UsernamePasswordAuthenticationToken [Principal=recipes.businesslayer.UserDetailsImpl@dac7dd4, Credentials=[PROTECTED], Authenticated=true, Details=WebAuthenticationDetails [RemoteIpAddress=127.0.0.1, SessionId=null], Granted Authorities=[]]]
2022-03-20 12:26:47.031 DEBUG 5300 --- [nio-8701-exec-2] o.s.security.web.FilterChainProxy        : Secured POST /error
2022-03-20 12:26:47.032 DEBUG 5300 --- [nio-8701-exec-2] o.s.web.servlet.DispatcherServlet        : "ERROR" dispatch for POST "/error", parameters={}
2022-03-20 12:26:47.033 DEBUG 5300 --- [nio-8701-exec-2] s.w.s.m.m.a.RequestMappingHandlerMapping : Mapped to org.springframework.boot.autoconfigure.web.servlet.error.BasicErrorController#error(HttpServletRequest)
2022-03-20 12:26:47.033 DEBUG 5300 --- [nio-8701-exec-2] o.j.s.OpenEntityManagerInViewInterceptor : Opening JPA EntityManager in OpenEntityManagerInViewInterceptor
2022-03-20 12:26:47.034 DEBUG 5300 --- [nio-8701-exec-2] o.s.w.s.m.m.a.HttpEntityMethodProcessor  : Using 'application/json', given [*/*] and supported [application/json, application/*+json, application/json, application/*+json]
2022-03-20 12:26:47.034 DEBUG 5300 --- [nio-8701-exec-2] o.s.w.s.m.m.a.HttpEntityMethodProcessor  : Writing [{timestamp=Sun Mar 20 12:26:47 MSK 2022, status=400, error=Bad Request, path=/api/recipe/new}]
2022-03-20 12:26:47.036 DEBUG 5300 --- [nio-8701-exec-2] o.j.s.OpenEntityManagerInViewInterceptor : Closing JPA EntityManager in OpenEntityManagerInViewInterceptor
2022-03-20 12:26:47.036 DEBUG 5300 --- [nio-8701-exec-2] o.s.web.servlet.DispatcherServlet        : Exiting from "ERROR" dispatch, status 400
2022-03-20 12:26:47.036 DEBUG 5300 --- [nio-8701-exec-2] s.s.w.c.SecurityContextPersistenceFilter : Cleared SecurityContextHolder to complete request
?[1;31m
Start test 48?[0m
2022-03-20 12:26:47.045 DEBUG 5300 --- [nio-8701-exec-1] o.s.security.web.FilterChainProxy        : Securing POST /api/recipe/new
2022-03-20 12:26:47.045 DEBUG 5300 --- [nio-8701-exec-1] s.s.w.c.SecurityContextPersistenceFilter : Set SecurityContextHolder to empty SecurityContext
2022-03-20 12:26:47.047 DEBUG 5300 --- [nio-8701-exec-1] tor$SharedEntityManagerInvocationHandler : Creating new EntityManager for shared EntityManager invocation
Hibernate: select user0_.email as email1_3_, user0_.password as password2_3_ from users user0_ where user0_.email=?
2022-03-20 12:26:47.051 DEBUG 5300 --- [nio-8701-exec-1] o.s.s.a.dao.DaoAuthenticationProvider    : Authenticated user
2022-03-20 12:26:47.051 DEBUG 5300 --- [nio-8701-exec-1] o.s.s.w.a.www.BasicAuthenticationFilter  : Set SecurityContextHolder to UsernamePasswordAuthenticationToken [Principal=recipes.businesslayer.UserDetailsImpl@686de54, Credentials=[PROTECTED], Authenticated=true, Details=WebAuthenticationDetails [RemoteIpAddress=127.0.0.1, SessionId=null], Granted Authorities=[]]
2022-03-20 12:26:47.051 DEBUG 5300 --- [nio-8701-exec-1] w.c.HttpSessionSecurityContextRepository : Created HttpSession as SecurityContext is non-default
2022-03-20 12:26:47.051 DEBUG 5300 --- [nio-8701-exec-1] w.c.HttpSessionSecurityContextRepository : Stored SecurityContextImpl [Authentication=UsernamePasswordAuthenticationToken [Principal=recipes.businesslayer.UserDetailsImpl@686de54, Credentials=[PROTECTED], Authenticated=true, Details=WebAuthenticationDetails [RemoteIpAddress=127.0.0.1, SessionId=null], Granted Authorities=[]]] to HttpSession [org.apache.catalina.session.StandardSessionFacade@305d4763]
2022-03-20 12:26:47.052 DEBUG 5300 --- [nio-8701-exec-1] s.w.s.m.m.a.RequestMappingHandlerMapping : Mapped to recipes.presentation.RecipesController#sendRecipe(Recipe, Authentication)
2022-03-20 12:26:47.053 DEBUG 5300 --- [nio-8701-exec-1] s.w.s.m.m.a.RequestMappingHandlerMapping : Mapped to recipes.presentation.RecipesController#sendRecipe(Recipe, Authentication)
2022-03-20 12:26:47.053 DEBUG 5300 --- [nio-8701-exec-1] s.w.s.m.m.a.RequestMappingHandlerMapping : Mapped to recipes.presentation.RecipesController#sendRecipe(Recipe, Authentication)
2022-03-20 12:26:47.054 DEBUG 5300 --- [nio-8701-exec-1] o.s.s.w.a.i.FilterSecurityInterceptor    : Authorized filter invocation [POST /api/recipe/new] with attributes [authenticated]
2022-03-20 12:26:47.054 DEBUG 5300 --- [nio-8701-exec-1] o.s.security.web.FilterChainProxy        : Secured POST /api/recipe/new
2022-03-20 12:26:47.055 DEBUG 5300 --- [nio-8701-exec-1] o.s.web.servlet.DispatcherServlet        : POST "/api/recipe/new", parameters={}
2022-03-20 12:26:47.056 DEBUG 5300 --- [nio-8701-exec-1] s.w.s.m.m.a.RequestMappingHandlerMapping : Mapped to recipes.presentation.RecipesController#sendRecipe(Recipe, Authentication)
2022-03-20 12:26:47.056 DEBUG 5300 --- [nio-8701-exec-1] o.j.s.OpenEntityManagerInViewInterceptor : Opening JPA EntityManager in OpenEntityManagerInViewInterceptor
2022-03-20 12:26:47.057 DEBUG 5300 --- [nio-8701-exec-1] m.m.a.RequestResponseBodyMethodProcessor : Read "application/json;charset=UTF-8" to [Recipe(id=0, name=  , date=null, category=beverage, description=Light, aromatic and refreshing bever (truncated)...]
2022-03-20 12:26:47.059 DEBUG 5300 --- [nio-8701-exec-1] w.c.HttpSessionSecurityContextRepository : Stored SecurityContextImpl [Authentication=UsernamePasswordAuthenticationToken [Principal=recipes.businesslayer.UserDetailsImpl@686de54, Credentials=[PROTECTED], Authenticated=true, Details=WebAuthenticationDetails [RemoteIpAddress=127.0.0.1, SessionId=null], Granted Authorities=[]]] to HttpSession [org.apache.catalina.session.StandardSessionFacade@305d4763]
2022-03-20 12:26:47.059  WARN 5300 --- [nio-8701-exec-1] .w.s.m.s.DefaultHandlerExceptionResolver : Resolved [org.springframework.web.bind.MethodArgumentNotValidException: Validation failed for argument [0] in public org.springframework.http.ResponseEntity<recipes.businesslayer.IdDto> recipes.presentation.RecipesController.sendRecipe(recipes.businesslayer.Recipe,org.springframework.security.core.Authentication): [Field error in object 'recipe' on field 'name': rejected value [  ]; codes [NotBlank.recipe.name,NotBlank.name,NotBlank.java.lang.String,NotBlank]; arguments [org.springframework.context.support.DefaultMessageSourceResolvable: codes [recipe.name,name]; arguments []; default message [name]]; default message [must not be blank]] ]
2022-03-20 12:26:47.060 DEBUG 5300 --- [nio-8701-exec-1] o.j.s.OpenEntityManagerInViewInterceptor : Closing JPA EntityManager in OpenEntityManagerInViewInterceptor
2022-03-20 12:26:47.060 DEBUG 5300 --- [nio-8701-exec-1] o.s.web.servlet.DispatcherServlet        : Completed 400 BAD_REQUEST
2022-03-20 12:26:47.060 DEBUG 5300 --- [nio-8701-exec-1] w.c.HttpSessionSecurityContextRepository : Stored SecurityContextImpl [Authentication=UsernamePasswordAuthenticationToken [Principal=recipes.businesslayer.UserDetailsImpl@686de54, Credentials=[PROTECTED], Authenticated=true, Details=WebAuthenticationDetails [RemoteIpAddress=127.0.0.1, SessionId=null], Granted Authorities=[]]] to HttpSession [org.apache.catalina.session.StandardSessionFacade@305d4763]
2022-03-20 12:26:47.060 DEBUG 5300 --- [nio-8701-exec-1] s.s.w.c.SecurityContextPersistenceFilter : Cleared SecurityContextHolder to complete request
2022-03-20 12:26:47.061 DEBUG 5300 --- [nio-8701-exec-1] o.s.security.web.FilterChainProxy        : Securing POST /error
2022-03-20 12:26:47.061 DEBUG 5300 --- [nio-8701-exec-1] w.c.HttpSessionSecurityContextRepository : Retrieved SecurityContextImpl [Authentication=UsernamePasswordAuthenticationToken [Principal=recipes.businesslayer.UserDetailsImpl@686de54, Credentials=[PROTECTED], Authenticated=true, Details=WebAuthenticationDetails [RemoteIpAddress=127.0.0.1, SessionId=null], Granted Authorities=[]]]
2022-03-20 12:26:47.062 DEBUG 5300 --- [nio-8701-exec-1] s.s.w.c.SecurityContextPersistenceFilter : Set SecurityContextHolder to SecurityContextImpl [Authentication=UsernamePasswordAuthenticationToken [Principal=recipes.businesslayer.UserDetailsImpl@686de54, Credentials=[PROTECTED], Authenticated=true, Details=WebAuthenticationDetails [RemoteIpAddress=127.0.0.1, SessionId=null], Granted Authorities=[]]]
2022-03-20 12:26:47.063 DEBUG 5300 --- [nio-8701-exec-1] o.s.security.web.FilterChainProxy        : Secured POST /error
2022-03-20 12:26:47.063 DEBUG 5300 --- [nio-8701-exec-1] o.s.web.servlet.DispatcherServlet        : "ERROR" dispatch for POST "/error", parameters={}
2022-03-20 12:26:47.064 DEBUG 5300 --- [nio-8701-exec-1] s.w.s.m.m.a.RequestMappingHandlerMapping : Mapped to org.springframework.boot.autoconfigure.web.servlet.error.BasicErrorController#error(HttpServletRequest)
2022-03-20 12:26:47.064 DEBUG 5300 --- [nio-8701-exec-1] o.j.s.OpenEntityManagerInViewInterceptor : Opening JPA EntityManager in OpenEntityManagerInViewInterceptor
2022-03-20 12:26:47.065 DEBUG 5300 --- [nio-8701-exec-1] o.s.w.s.m.m.a.HttpEntityMethodProcessor  : Using 'application/json', given [*/*] and supported [application/json, application/*+json, application/json, application/*+json]
2022-03-20 12:26:47.066 DEBUG 5300 --- [nio-8701-exec-1] o.s.w.s.m.m.a.HttpEntityMethodProcessor  : Writing [{timestamp=Sun Mar 20 12:26:47 MSK 2022, status=400, error=Bad Request, path=/api/recipe/new}]
2022-03-20 12:26:47.067 DEBUG 5300 --- [nio-8701-exec-1] o.j.s.OpenEntityManagerInViewInterceptor : Closing JPA EntityManager in OpenEntityManagerInViewInterceptor
2022-03-20 12:26:47.067 DEBUG 5300 --- [nio-8701-exec-1] o.s.web.servlet.DispatcherServlet        : Exiting from "ERROR" dispatch, status 400
2022-03-20 12:26:47.067 DEBUG 5300 --- [nio-8701-exec-1] s.s.w.c.SecurityContextPersistenceFilter : Cleared SecurityContextHolder to complete request
?[1;31m
Start test 49?[0m
2022-03-20 12:26:47.076 DEBUG 5300 --- [nio-8701-exec-3] o.s.security.web.FilterChainProxy        : Securing POST /api/recipe/new
2022-03-20 12:26:47.076 DEBUG 5300 --- [nio-8701-exec-3] s.s.w.c.SecurityContextPersistenceFilter : Set SecurityContextHolder to empty SecurityContext
2022-03-20 12:26:47.077 DEBUG 5300 --- [nio-8701-exec-3] tor$SharedEntityManagerInvocationHandler : Creating new EntityManager for shared EntityManager invocation
Hibernate: select user0_.email as email1_3_, user0_.password as password2_3_ from users user0_ where user0_.email=?
2022-03-20 12:26:47.079 DEBUG 5300 --- [nio-8701-exec-3] o.s.s.a.dao.DaoAuthenticationProvider    : Authenticated user
2022-03-20 12:26:47.079 DEBUG 5300 --- [nio-8701-exec-3] o.s.s.w.a.www.BasicAuthenticationFilter  : Set SecurityContextHolder to UsernamePasswordAuthenticationToken [Principal=recipes.businesslayer.UserDetailsImpl@6b32a506, Credentials=[PROTECTED], Authenticated=true, Details=WebAuthenticationDetails [RemoteIpAddress=127.0.0.1, SessionId=null], Granted Authorities=[]]
2022-03-20 12:26:47.080 DEBUG 5300 --- [nio-8701-exec-3] w.c.HttpSessionSecurityContextRepository : Created HttpSession as SecurityContext is non-default
2022-03-20 12:26:47.080 DEBUG 5300 --- [nio-8701-exec-3] w.c.HttpSessionSecurityContextRepository : Stored SecurityContextImpl [Authentication=UsernamePasswordAuthenticationToken [Principal=recipes.businesslayer.UserDetailsImpl@6b32a506, Credentials=[PROTECTED], Authenticated=true, Details=WebAuthenticationDetails [RemoteIpAddress=127.0.0.1, SessionId=null], Granted Authorities=[]]] to HttpSession [org.apache.catalina.session.StandardSessionFacade@525ee7ef]
2022-03-20 12:26:47.081 DEBUG 5300 --- [nio-8701-exec-3] s.w.s.m.m.a.RequestMappingHandlerMapping : Mapped to recipes.presentation.RecipesController#sendRecipe(Recipe, Authentication)
2022-03-20 12:26:47.081 DEBUG 5300 --- [nio-8701-exec-3] s.w.s.m.m.a.RequestMappingHandlerMapping : Mapped to recipes.presentation.RecipesController#sendRecipe(Recipe, Authentication)
2022-03-20 12:26:47.082 DEBUG 5300 --- [nio-8701-exec-3] s.w.s.m.m.a.RequestMappingHandlerMapping : Mapped to recipes.presentation.RecipesController#sendRecipe(Recipe, Authentication)
2022-03-20 12:26:47.082 DEBUG 5300 --- [nio-8701-exec-3] o.s.s.w.a.i.FilterSecurityInterceptor    : Authorized filter invocation [POST /api/recipe/new] with attributes [authenticated]
2022-03-20 12:26:47.082 DEBUG 5300 --- [nio-8701-exec-3] o.s.security.web.FilterChainProxy        : Secured POST /api/recipe/new
2022-03-20 12:26:47.083 DEBUG 5300 --- [nio-8701-exec-3] o.s.web.servlet.DispatcherServlet        : POST "/api/recipe/new", parameters={}
2022-03-20 12:26:47.084 DEBUG 5300 --- [nio-8701-exec-3] s.w.s.m.m.a.RequestMappingHandlerMapping : Mapped to recipes.presentation.RecipesController#sendRecipe(Recipe, Authentication)
2022-03-20 12:26:47.084 DEBUG 5300 --- [nio-8701-exec-3] o.j.s.OpenEntityManagerInViewInterceptor : Opening JPA EntityManager in OpenEntityManagerInViewInterceptor
2022-03-20 12:26:47.085 DEBUG 5300 --- [nio-8701-exec-3] m.m.a.RequestResponseBodyMethodProcessor : Read "application/json;charset=UTF-8" to [Recipe(id=0, name=Fresh Mint Tea, date=null, category=  , description=Light, aromatic and refreshing (truncated)...]
2022-03-20 12:26:47.087 DEBUG 5300 --- [nio-8701-exec-3] w.c.HttpSessionSecurityContextRepository : Stored SecurityContextImpl [Authentication=UsernamePasswordAuthenticationToken [Principal=recipes.businesslayer.UserDetailsImpl@6b32a506, Credentials=[PROTECTED], Authenticated=true, Details=WebAuthenticationDetails [RemoteIpAddress=127.0.0.1, SessionId=null], Granted Authorities=[]]] to HttpSession [org.apache.catalina.session.StandardSessionFacade@525ee7ef]
2022-03-20 12:26:47.087  WARN 5300 --- [nio-8701-exec-3] .w.s.m.s.DefaultHandlerExceptionResolver : Resolved [org.springframework.web.bind.MethodArgumentNotValidException: Validation failed for argument [0] in public org.springframework.http.ResponseEntity<recipes.businesslayer.IdDto> recipes.presentation.RecipesController.sendRecipe(recipes.businesslayer.Recipe,org.springframework.security.core.Authentication): [Field error in object 'recipe' on field 'category': rejected value [  ]; codes [NotBlank.recipe.category,NotBlank.category,NotBlank.java.lang.String,NotBlank]; arguments [org.springframework.context.support.DefaultMessageSourceResolvable: codes [recipe.category,category]; arguments []; default message [category]]; default message [must not be blank]] ]
2022-03-20 12:26:47.087 DEBUG 5300 --- [nio-8701-exec-3] o.j.s.OpenEntityManagerInViewInterceptor : Closing JPA EntityManager in OpenEntityManagerInViewInterceptor
2022-03-20 12:26:47.088 DEBUG 5300 --- [nio-8701-exec-3] o.s.web.servlet.DispatcherServlet        : Completed 400 BAD_REQUEST
2022-03-20 12:26:47.088 DEBUG 5300 --- [nio-8701-exec-3] w.c.HttpSessionSecurityContextRepository : Stored SecurityContextImpl [Authentication=UsernamePasswordAuthenticationToken [Principal=recipes.businesslayer.UserDetailsImpl@6b32a506, Credentials=[PROTECTED], Authenticated=true, Details=WebAuthenticationDetails [RemoteIpAddress=127.0.0.1, SessionId=null], Granted Authorities=[]]] to HttpSession [org.apache.catalina.session.StandardSessionFacade@525ee7ef]
2022-03-20 12:26:47.088 DEBUG 5300 --- [nio-8701-exec-3] s.s.w.c.SecurityContextPersistenceFilter : Cleared SecurityContextHolder to complete request
2022-03-20 12:26:47.089 DEBUG 5300 --- [nio-8701-exec-3] o.s.security.web.FilterChainProxy        : Securing POST /error
2022-03-20 12:26:47.089 DEBUG 5300 --- [nio-8701-exec-3] w.c.HttpSessionSecurityContextRepository : Retrieved SecurityContextImpl [Authentication=UsernamePasswordAuthenticationToken [Principal=recipes.businesslayer.UserDetailsImpl@6b32a506, Credentials=[PROTECTED], Authenticated=true, Details=WebAuthenticationDetails [RemoteIpAddress=127.0.0.1, SessionId=null], Granted Authorities=[]]]
2022-03-20 12:26:47.089 DEBUG 5300 --- [nio-8701-exec-3] s.s.w.c.SecurityContextPersistenceFilter : Set SecurityContextHolder to SecurityContextImpl [Authentication=UsernamePasswordAuthenticationToken [Principal=recipes.businesslayer.UserDetailsImpl@6b32a506, Credentials=[PROTECTED], Authenticated=true, Details=WebAuthenticationDetails [RemoteIpAddress=127.0.0.1, SessionId=null], Granted Authorities=[]]]
2022-03-20 12:26:47.090 DEBUG 5300 --- [nio-8701-exec-3] o.s.security.web.FilterChainProxy        : Secured POST /error
2022-03-20 12:26:47.090 DEBUG 5300 --- [nio-8701-exec-3] o.s.web.servlet.DispatcherServlet        : "ERROR" dispatch for POST "/error", parameters={}
2022-03-20 12:26:47.091 DEBUG 5300 --- [nio-8701-exec-3] s.w.s.m.m.a.RequestMappingHandlerMapping : Mapped to org.springframework.boot.autoconfigure.web.servlet.error.BasicErrorController#error(HttpServletRequest)
2022-03-20 12:26:47.091 DEBUG 5300 --- [nio-8701-exec-3] o.j.s.OpenEntityManagerInViewInterceptor : Opening JPA EntityManager in OpenEntityManagerInViewInterceptor
2022-03-20 12:26:47.091 DEBUG 5300 --- [nio-8701-exec-3] o.s.w.s.m.m.a.HttpEntityMethodProcessor  : Using 'application/json', given [*/*] and supported [application/json, application/*+json, application/json, application/*+json]
2022-03-20 12:26:47.092 DEBUG 5300 --- [nio-8701-exec-3] o.s.w.s.m.m.a.HttpEntityMethodProcessor  : Writing [{timestamp=Sun Mar 20 12:26:47 MSK 2022, status=400, error=Bad Request, path=/api/recipe/new}]
2022-03-20 12:26:47.093 DEBUG 5300 --- [nio-8701-exec-3] o.j.s.OpenEntityManagerInViewInterceptor : Closing JPA EntityManager in OpenEntityManagerInViewInterceptor
2022-03-20 12:26:47.093 DEBUG 5300 --- [nio-8701-exec-3] o.s.web.servlet.DispatcherServlet        : Exiting from "ERROR" dispatch, status 400
2022-03-20 12:26:47.093 DEBUG 5300 --- [nio-8701-exec-3] s.s.w.c.SecurityContextPersistenceFilter : Cleared SecurityContextHolder to complete request
?[1;31m
Start test 50?[0m
2022-03-20 12:26:47.101 DEBUG 5300 --- [nio-8701-exec-4] o.s.security.web.FilterChainProxy        : Securing POST /api/recipe/new
2022-03-20 12:26:47.101 DEBUG 5300 --- [nio-8701-exec-4] s.s.w.c.SecurityContextPersistenceFilter : Set SecurityContextHolder to empty SecurityContext
2022-03-20 12:26:47.103 DEBUG 5300 --- [nio-8701-exec-4] tor$SharedEntityManagerInvocationHandler : Creating new EntityManager for shared EntityManager invocation
Hibernate: select user0_.email as email1_3_, user0_.password as password2_3_ from users user0_ where user0_.email=?
2022-03-20 12:26:47.109 DEBUG 5300 --- [nio-8701-exec-4] o.s.s.a.dao.DaoAuthenticationProvider    : Authenticated user
2022-03-20 12:26:47.109 DEBUG 5300 --- [nio-8701-exec-4] o.s.s.w.a.www.BasicAuthenticationFilter  : Set SecurityContextHolder to UsernamePasswordAuthenticationToken [Principal=recipes.businesslayer.UserDetailsImpl@2f6ebb81, Credentials=[PROTECTED], Authenticated=true, Details=WebAuthenticationDetails [RemoteIpAddress=127.0.0.1, SessionId=null], Granted Authorities=[]]
2022-03-20 12:26:47.110 DEBUG 5300 --- [nio-8701-exec-4] w.c.HttpSessionSecurityContextRepository : Created HttpSession as SecurityContext is non-default
2022-03-20 12:26:47.110 DEBUG 5300 --- [nio-8701-exec-4] w.c.HttpSessionSecurityContextRepository : Stored SecurityContextImpl [Authentication=UsernamePasswordAuthenticationToken [Principal=recipes.businesslayer.UserDetailsImpl@2f6ebb81, Credentials=[PROTECTED], Authenticated=true, Details=WebAuthenticationDetails [RemoteIpAddress=127.0.0.1, SessionId=null], Granted Authorities=[]]] to HttpSession [org.apache.catalina.session.StandardSessionFacade@6e4e6873]
2022-03-20 12:26:47.111 DEBUG 5300 --- [nio-8701-exec-4] s.w.s.m.m.a.RequestMappingHandlerMapping : Mapped to recipes.presentation.RecipesController#sendRecipe(Recipe, Authentication)
2022-03-20 12:26:47.112 DEBUG 5300 --- [nio-8701-exec-4] s.w.s.m.m.a.RequestMappingHandlerMapping : Mapped to recipes.presentation.RecipesController#sendRecipe(Recipe, Authentication)
2022-03-20 12:26:47.113 DEBUG 5300 --- [nio-8701-exec-4] s.w.s.m.m.a.RequestMappingHandlerMapping : Mapped to recipes.presentation.RecipesController#sendRecipe(Recipe, Authentication)
2022-03-20 12:26:47.113 DEBUG 5300 --- [nio-8701-exec-4] o.s.s.w.a.i.FilterSecurityInterceptor    : Authorized filter invocation [POST /api/recipe/new] with attributes [authenticated]
2022-03-20 12:26:47.114 DEBUG 5300 --- [nio-8701-exec-4] o.s.security.web.FilterChainProxy        : Secured POST /api/recipe/new
2022-03-20 12:26:47.114 DEBUG 5300 --- [nio-8701-exec-4] o.s.web.servlet.DispatcherServlet        : POST "/api/recipe/new", parameters={}
2022-03-20 12:26:47.114 DEBUG 5300 --- [nio-8701-exec-4] s.w.s.m.m.a.RequestMappingHandlerMapping : Mapped to recipes.presentation.RecipesController#sendRecipe(Recipe, Authentication)
2022-03-20 12:26:47.115 DEBUG 5300 --- [nio-8701-exec-4] o.j.s.OpenEntityManagerInViewInterceptor : Opening JPA EntityManager in OpenEntityManagerInViewInterceptor
2022-03-20 12:26:47.117 DEBUG 5300 --- [nio-8701-exec-4] m.m.a.RequestResponseBodyMethodProcessor : Read "application/json;charset=UTF-8" to [Recipe(id=0, name=Warming Ginger Tea, date=null, category=beverage, description=  , ingredients=[1 i (truncated)...]
2022-03-20 12:26:47.118 DEBUG 5300 --- [nio-8701-exec-4] w.c.HttpSessionSecurityContextRepository : Stored SecurityContextImpl [Authentication=UsernamePasswordAuthenticationToken [Principal=recipes.businesslayer.UserDetailsImpl@2f6ebb81, Credentials=[PROTECTED], Authenticated=true, Details=WebAuthenticationDetails [RemoteIpAddress=127.0.0.1, SessionId=null], Granted Authorities=[]]] to HttpSession [org.apache.catalina.session.StandardSessionFacade@6e4e6873]
2022-03-20 12:26:47.118  WARN 5300 --- [nio-8701-exec-4] .w.s.m.s.DefaultHandlerExceptionResolver : Resolved [org.springframework.web.bind.MethodArgumentNotValidException: Validation failed for argument [0] in public org.springframework.http.ResponseEntity<recipes.businesslayer.IdDto> recipes.presentation.RecipesController.sendRecipe(recipes.businesslayer.Recipe,org.springframework.security.core.Authentication): [Field error in object 'recipe' on field 'description': rejected value [  ]; codes [NotBlank.recipe.description,NotBlank.description,NotBlank.java.lang.String,NotBlank]; arguments [org.springframework.context.support.DefaultMessageSourceResolvable: codes [recipe.description,description]; arguments []; default message [description]]; default message [must not be blank]] ]
2022-03-20 12:26:47.119 DEBUG 5300 --- [nio-8701-exec-4] o.j.s.OpenEntityManagerInViewInterceptor : Closing JPA EntityManager in OpenEntityManagerInViewInterceptor
2022-03-20 12:26:47.119 DEBUG 5300 --- [nio-8701-exec-4] o.s.web.servlet.DispatcherServlet        : Completed 400 BAD_REQUEST
2022-03-20 12:26:47.119 DEBUG 5300 --- [nio-8701-exec-4] w.c.HttpSessionSecurityContextRepository : Stored SecurityContextImpl [Authentication=UsernamePasswordAuthenticationToken [Principal=recipes.businesslayer.UserDetailsImpl@2f6ebb81, Credentials=[PROTECTED], Authenticated=true, Details=WebAuthenticationDetails [RemoteIpAddress=127.0.0.1, SessionId=null], Granted Authorities=[]]] to HttpSession [org.apache.catalina.session.StandardSessionFacade@6e4e6873]
2022-03-20 12:26:47.119 DEBUG 5300 --- [nio-8701-exec-4] s.s.w.c.SecurityContextPersistenceFilter : Cleared SecurityContextHolder to complete request
2022-03-20 12:26:47.120 DEBUG 5300 --- [nio-8701-exec-4] o.s.security.web.FilterChainProxy        : Securing POST /error
2022-03-20 12:26:47.121 DEBUG 5300 --- [nio-8701-exec-4] w.c.HttpSessionSecurityContextRepository : Retrieved SecurityContextImpl [Authentication=UsernamePasswordAuthenticationToken [Principal=recipes.businesslayer.UserDetailsImpl@2f6ebb81, Credentials=[PROTECTED], Authenticated=true, Details=WebAuthenticationDetails [RemoteIpAddress=127.0.0.1, SessionId=null], Granted Authorities=[]]]
2022-03-20 12:26:47.121 DEBUG 5300 --- [nio-8701-exec-4] s.s.w.c.SecurityContextPersistenceFilter : Set SecurityContextHolder to SecurityContextImpl [Authentication=UsernamePasswordAuthenticationToken [Principal=recipes.businesslayer.UserDetailsImpl@2f6ebb81, Credentials=[PROTECTED], Authenticated=true, Details=WebAuthenticationDetails [RemoteIpAddress=127.0.0.1, SessionId=null], Granted Authorities=[]]]
2022-03-20 12:26:47.121 DEBUG 5300 --- [nio-8701-exec-4] o.s.security.web.FilterChainProxy        : Secured POST /error
2022-03-20 12:26:47.121 DEBUG 5300 --- [nio-8701-exec-4] o.s.web.servlet.DispatcherServlet        : "ERROR" dispatch for POST "/error", parameters={}
2022-03-20 12:26:47.123 DEBUG 5300 --- [nio-8701-exec-4] s.w.s.m.m.a.RequestMappingHandlerMapping : Mapped to org.springframework.boot.autoconfigure.web.servlet.error.BasicErrorController#error(HttpServletRequest)
2022-03-20 12:26:47.123 DEBUG 5300 --- [nio-8701-exec-4] o.j.s.OpenEntityManagerInViewInterceptor : Opening JPA EntityManager in OpenEntityManagerInViewInterceptor
2022-03-20 12:26:47.124 DEBUG 5300 --- [nio-8701-exec-4] o.s.w.s.m.m.a.HttpEntityMethodProcessor  : Using 'application/json', given [*/*] and supported [application/json, application/*+json, application/json, application/*+json]
2022-03-20 12:26:47.124 DEBUG 5300 --- [nio-8701-exec-4] o.s.w.s.m.m.a.HttpEntityMethodProcessor  : Writing [{timestamp=Sun Mar 20 12:26:47 MSK 2022, status=400, error=Bad Request, path=/api/recipe/new}]
2022-03-20 12:26:47.126 DEBUG 5300 --- [nio-8701-exec-4] o.j.s.OpenEntityManagerInViewInterceptor : Closing JPA EntityManager in OpenEntityManagerInViewInterceptor
2022-03-20 12:26:47.126 DEBUG 5300 --- [nio-8701-exec-4] o.s.web.servlet.DispatcherServlet        : Exiting from "ERROR" dispatch, status 400
2022-03-20 12:26:47.126 DEBUG 5300 --- [nio-8701-exec-4] s.s.w.c.SecurityContextPersistenceFilter : Cleared SecurityContextHolder to complete request
?[1;31m
Start test 51?[0m
2022-03-20 12:26:47.134 DEBUG 5300 --- [nio-8701-exec-5] o.s.security.web.FilterChainProxy        : Securing POST /api/recipe/new
2022-03-20 12:26:47.134 DEBUG 5300 --- [nio-8701-exec-5] s.s.w.c.SecurityContextPersistenceFilter : Set SecurityContextHolder to empty SecurityContext
2022-03-20 12:26:47.135 DEBUG 5300 --- [nio-8701-exec-5] tor$SharedEntityManagerInvocationHandler : Creating new EntityManager for shared EntityManager invocation
Hibernate: select user0_.email as email1_3_, user0_.password as password2_3_ from users user0_ where user0_.email=?
2022-03-20 12:26:47.137 DEBUG 5300 --- [nio-8701-exec-5] o.s.s.a.dao.DaoAuthenticationProvider    : Authenticated user
2022-03-20 12:26:47.137 DEBUG 5300 --- [nio-8701-exec-5] o.s.s.w.a.www.BasicAuthenticationFilter  : Set SecurityContextHolder to UsernamePasswordAuthenticationToken [Principal=recipes.businesslayer.UserDetailsImpl@6acfe0a7, Credentials=[PROTECTED], Authenticated=true, Details=WebAuthenticationDetails [RemoteIpAddress=127.0.0.1, SessionId=null], Granted Authorities=[]]
2022-03-20 12:26:47.138 DEBUG 5300 --- [nio-8701-exec-5] w.c.HttpSessionSecurityContextRepository : Created HttpSession as SecurityContext is non-default
2022-03-20 12:26:47.138 DEBUG 5300 --- [nio-8701-exec-5] w.c.HttpSessionSecurityContextRepository : Stored SecurityContextImpl [Authentication=UsernamePasswordAuthenticationToken [Principal=recipes.businesslayer.UserDetailsImpl@6acfe0a7, Credentials=[PROTECTED], Authenticated=true, Details=WebAuthenticationDetails [RemoteIpAddress=127.0.0.1, SessionId=null], Granted Authorities=[]]] to HttpSession [org.apache.catalina.session.StandardSessionFacade@e01be2c]
2022-03-20 12:26:47.139 DEBUG 5300 --- [nio-8701-exec-5] s.w.s.m.m.a.RequestMappingHandlerMapping : Mapped to recipes.presentation.RecipesController#sendRecipe(Recipe, Authentication)
2022-03-20 12:26:47.139 DEBUG 5300 --- [nio-8701-exec-5] s.w.s.m.m.a.RequestMappingHandlerMapping : Mapped to recipes.presentation.RecipesController#sendRecipe(Recipe, Authentication)
2022-03-20 12:26:47.140 DEBUG 5300 --- [nio-8701-exec-5] s.w.s.m.m.a.RequestMappingHandlerMapping : Mapped to recipes.presentation.RecipesController#sendRecipe(Recipe, Authentication)
2022-03-20 12:26:47.140 DEBUG 5300 --- [nio-8701-exec-5] o.s.s.w.a.i.FilterSecurityInterceptor    : Authorized filter invocation [POST /api/recipe/new] with attributes [authenticated]
2022-03-20 12:26:47.140 DEBUG 5300 --- [nio-8701-exec-5] o.s.security.web.FilterChainProxy        : Secured POST /api/recipe/new
2022-03-20 12:26:47.140 DEBUG 5300 --- [nio-8701-exec-5] o.s.web.servlet.DispatcherServlet        : POST "/api/recipe/new", parameters={}
2022-03-20 12:26:47.141 DEBUG 5300 --- [nio-8701-exec-5] s.w.s.m.m.a.RequestMappingHandlerMapping : Mapped to recipes.presentation.RecipesController#sendRecipe(Recipe, Authentication)
2022-03-20 12:26:47.141 DEBUG 5300 --- [nio-8701-exec-5] o.j.s.OpenEntityManagerInViewInterceptor : Opening JPA EntityManager in OpenEntityManagerInViewInterceptor
2022-03-20 12:26:47.143 DEBUG 5300 --- [nio-8701-exec-5] m.m.a.RequestResponseBodyMethodProcessor : Read "application/json;charset=UTF-8" to [Recipe(id=0, name=Fresh Mint Tea, date=null, category=beverage, description=Light, aromatic and refr (truncated)...]
2022-03-20 12:26:47.144 DEBUG 5300 --- [nio-8701-exec-5] w.c.HttpSessionSecurityContextRepository : Stored SecurityContextImpl [Authentication=UsernamePasswordAuthenticationToken [Principal=recipes.businesslayer.UserDetailsImpl@6acfe0a7, Credentials=[PROTECTED], Authenticated=true, Details=WebAuthenticationDetails [RemoteIpAddress=127.0.0.1, SessionId=null], Granted Authorities=[]]] to HttpSession [org.apache.catalina.session.StandardSessionFacade@e01be2c]
2022-03-20 12:26:47.144  WARN 5300 --- [nio-8701-exec-5] .w.s.m.s.DefaultHandlerExceptionResolver : Resolved [org.springframework.web.bind.MethodArgumentNotValidException: Validation failed for argument [0] in public org.springframework.http.ResponseEntity<recipes.businesslayer.IdDto> recipes.presentation.RecipesController.sendRecipe(recipes.businesslayer.Recipe,org.springframework.security.core.Authentication) with 2 errors: [Field error in object 'recipe' on field 'ingredients': rejected value [[]]; codes [Size.recipe.ingredients,Size.ingredients,Size.java.util.List,Size]; arguments [org.springframework.context.support.DefaultMessageSourceResolvable: codes [recipe.ingredients,ingredients]; arguments []; default message [ingredients],2147483647,1]; default message [size must be between 1 and 2147483647]] [Field error in object 'recipe' on field 'ingredients': rejected value [[]]; codes [NotEmpty.recipe.ingredients,NotEmpty.ingredients,NotEmpty.java.util.List,NotEmpty]; arguments [org.springframework.context.support.DefaultMessageSourceResolvable: codes [recipe.ingredients,ingredients]; arguments []; default message [ingredients]]; default message [must not be empty]] ]
2022-03-20 12:26:47.145 DEBUG 5300 --- [nio-8701-exec-5] o.j.s.OpenEntityManagerInViewInterceptor : Closing JPA EntityManager in OpenEntityManagerInViewInterceptor
2022-03-20 12:26:47.145 DEBUG 5300 --- [nio-8701-exec-5] o.s.web.servlet.DispatcherServlet        : Completed 400 BAD_REQUEST
2022-03-20 12:26:47.145 DEBUG 5300 --- [nio-8701-exec-5] w.c.HttpSessionSecurityContextRepository : Stored SecurityContextImpl [Authentication=UsernamePasswordAuthenticationToken [Principal=recipes.businesslayer.UserDetailsImpl@6acfe0a7, Credentials=[PROTECTED], Authenticated=true, Details=WebAuthenticationDetails [RemoteIpAddress=127.0.0.1, SessionId=null], Granted Authorities=[]]] to HttpSession [org.apache.catalina.session.StandardSessionFacade@e01be2c]
2022-03-20 12:26:47.145 DEBUG 5300 --- [nio-8701-exec-5] s.s.w.c.SecurityContextPersistenceFilter : Cleared SecurityContextHolder to complete request
2022-03-20 12:26:47.146 DEBUG 5300 --- [nio-8701-exec-5] o.s.security.web.FilterChainProxy        : Securing POST /error
2022-03-20 12:26:47.146 DEBUG 5300 --- [nio-8701-exec-5] w.c.HttpSessionSecurityContextRepository : Retrieved SecurityContextImpl [Authentication=UsernamePasswordAuthenticationToken [Principal=recipes.businesslayer.UserDetailsImpl@6acfe0a7, Credentials=[PROTECTED], Authenticated=true, Details=WebAuthenticationDetails [RemoteIpAddress=127.0.0.1, SessionId=null], Granted Authorities=[]]]
2022-03-20 12:26:47.146 DEBUG 5300 --- [nio-8701-exec-5] s.s.w.c.SecurityContextPersistenceFilter : Set SecurityContextHolder to SecurityContextImpl [Authentication=UsernamePasswordAuthenticationToken [Principal=recipes.businesslayer.UserDetailsImpl@6acfe0a7, Credentials=[PROTECTED], Authenticated=true, Details=WebAuthenticationDetails [RemoteIpAddress=127.0.0.1, SessionId=null], Granted Authorities=[]]]
2022-03-20 12:26:47.146 DEBUG 5300 --- [nio-8701-exec-5] o.s.security.web.FilterChainProxy        : Secured POST /error
2022-03-20 12:26:47.147 DEBUG 5300 --- [nio-8701-exec-5] o.s.web.servlet.DispatcherServlet        : "ERROR" dispatch for POST "/error", parameters={}
2022-03-20 12:26:47.147 DEBUG 5300 --- [nio-8701-exec-5] s.w.s.m.m.a.RequestMappingHandlerMapping : Mapped to org.springframework.boot.autoconfigure.web.servlet.error.BasicErrorController#error(HttpServletRequest)
2022-03-20 12:26:47.147 DEBUG 5300 --- [nio-8701-exec-5] o.j.s.OpenEntityManagerInViewInterceptor : Opening JPA EntityManager in OpenEntityManagerInViewInterceptor
2022-03-20 12:26:47.149 DEBUG 5300 --- [nio-8701-exec-5] o.s.w.s.m.m.a.HttpEntityMethodProcessor  : Using 'application/json', given [*/*] and supported [application/json, application/*+json, application/json, application/*+json]
2022-03-20 12:26:47.150 DEBUG 5300 --- [nio-8701-exec-5] o.s.w.s.m.m.a.HttpEntityMethodProcessor  : Writing [{timestamp=Sun Mar 20 12:26:47 MSK 2022, status=400, error=Bad Request, path=/api/recipe/new}]
2022-03-20 12:26:47.151 DEBUG 5300 --- [nio-8701-exec-5] o.j.s.OpenEntityManagerInViewInterceptor : Closing JPA EntityManager in OpenEntityManagerInViewInterceptor
2022-03-20 12:26:47.151 DEBUG 5300 --- [nio-8701-exec-5] o.s.web.servlet.DispatcherServlet        : Exiting from "ERROR" dispatch, status 400
2022-03-20 12:26:47.151 DEBUG 5300 --- [nio-8701-exec-5] s.s.w.c.SecurityContextPersistenceFilter : Cleared SecurityContextHolder to complete request
?[1;31m
Start test 52?[0m
2022-03-20 12:26:47.158 DEBUG 5300 --- [nio-8701-exec-6] o.s.security.web.FilterChainProxy        : Securing POST /api/recipe/new
2022-03-20 12:26:47.158 DEBUG 5300 --- [nio-8701-exec-6] s.s.w.c.SecurityContextPersistenceFilter : Set SecurityContextHolder to empty SecurityContext
2022-03-20 12:26:47.158 DEBUG 5300 --- [nio-8701-exec-6] tor$SharedEntityManagerInvocationHandler : Creating new EntityManager for shared EntityManager invocation
Hibernate: select user0_.email as email1_3_, user0_.password as password2_3_ from users user0_ where user0_.email=?
2022-03-20 12:26:47.160 DEBUG 5300 --- [nio-8701-exec-6] o.s.s.a.dao.DaoAuthenticationProvider    : Authenticated user
2022-03-20 12:26:47.160 DEBUG 5300 --- [nio-8701-exec-6] o.s.s.w.a.www.BasicAuthenticationFilter  : Set SecurityContextHolder to UsernamePasswordAuthenticationToken [Principal=recipes.businesslayer.UserDetailsImpl@692f8507, Credentials=[PROTECTED], Authenticated=true, Details=WebAuthenticationDetails [RemoteIpAddress=127.0.0.1, SessionId=null], Granted Authorities=[]]
2022-03-20 12:26:47.160 DEBUG 5300 --- [nio-8701-exec-6] w.c.HttpSessionSecurityContextRepository : Created HttpSession as SecurityContext is non-default
2022-03-20 12:26:47.160 DEBUG 5300 --- [nio-8701-exec-6] w.c.HttpSessionSecurityContextRepository : Stored SecurityContextImpl [Authentication=UsernamePasswordAuthenticationToken [Principal=recipes.businesslayer.UserDetailsImpl@692f8507, Credentials=[PROTECTED], Authenticated=true, Details=WebAuthenticationDetails [RemoteIpAddress=127.0.0.1, SessionId=null], Granted Authorities=[]]] to HttpSession [org.apache.catalina.session.StandardSessionFacade@7dbedde0]
2022-03-20 12:26:47.161 DEBUG 5300 --- [nio-8701-exec-6] s.w.s.m.m.a.RequestMappingHandlerMapping : Mapped to recipes.presentation.RecipesController#sendRecipe(Recipe, Authentication)
2022-03-20 12:26:47.161 DEBUG 5300 --- [nio-8701-exec-6] s.w.s.m.m.a.RequestMappingHandlerMapping : Mapped to recipes.presentation.RecipesController#sendRecipe(Recipe, Authentication)
2022-03-20 12:26:47.162 DEBUG 5300 --- [nio-8701-exec-6] s.w.s.m.m.a.RequestMappingHandlerMapping : Mapped to recipes.presentation.RecipesController#sendRecipe(Recipe, Authentication)
2022-03-20 12:26:47.162 DEBUG 5300 --- [nio-8701-exec-6] o.s.s.w.a.i.FilterSecurityInterceptor    : Authorized filter invocation [POST /api/recipe/new] with attributes [authenticated]
2022-03-20 12:26:47.163 DEBUG 5300 --- [nio-8701-exec-6] o.s.security.web.FilterChainProxy        : Secured POST /api/recipe/new
2022-03-20 12:26:47.163 DEBUG 5300 --- [nio-8701-exec-6] o.s.web.servlet.DispatcherServlet        : POST "/api/recipe/new", parameters={}
2022-03-20 12:26:47.163 DEBUG 5300 --- [nio-8701-exec-6] s.w.s.m.m.a.RequestMappingHandlerMapping : Mapped to recipes.presentation.RecipesController#sendRecipe(Recipe, Authentication)
2022-03-20 12:26:47.163 DEBUG 5300 --- [nio-8701-exec-6] o.j.s.OpenEntityManagerInViewInterceptor : Opening JPA EntityManager in OpenEntityManagerInViewInterceptor
2022-03-20 12:26:47.165 DEBUG 5300 --- [nio-8701-exec-6] m.m.a.RequestResponseBodyMethodProcessor : Read "application/json;charset=UTF-8" to [Recipe(id=0, name=Warming Ginger Tea, date=null, category=beverage, description=Ginger tea is a warm (truncated)...]
2022-03-20 12:26:47.166 DEBUG 5300 --- [nio-8701-exec-6] w.c.HttpSessionSecurityContextRepository : Stored SecurityContextImpl [Authentication=UsernamePasswordAuthenticationToken [Principal=recipes.businesslayer.UserDetailsImpl@692f8507, Credentials=[PROTECTED], Authenticated=true, Details=WebAuthenticationDetails [RemoteIpAddress=127.0.0.1, SessionId=null], Granted Authorities=[]]] to HttpSession [org.apache.catalina.session.StandardSessionFacade@7dbedde0]
2022-03-20 12:26:47.167  WARN 5300 --- [nio-8701-exec-6] .w.s.m.s.DefaultHandlerExceptionResolver : Resolved [org.springframework.web.bind.MethodArgumentNotValidException: Validation failed for argument [0] in public org.springframework.http.ResponseEntity<recipes.businesslayer.IdDto> recipes.presentation.RecipesController.sendRecipe(recipes.businesslayer.Recipe,org.springframework.security.core.Authentication) with 2 errors: [Field error in object 'recipe' on field 'directions': rejected value [[]]; codes [Size.recipe.directions,Size.directions,Size.java.util.List,Size]; arguments [org.springframework.context.support.DefaultMessageSourceResolvable: codes [recipe.directions,directions]; arguments []; default message [directions],2147483647,1]; default message [size must be between 1 and 2147483647]] [Field error in object 'recipe' on field 'directions': rejected value [[]]; codes [NotEmpty.recipe.directions,NotEmpty.directions,NotEmpty.java.util.List,NotEmpty]; arguments [org.springframework.context.support.DefaultMessageSourceResolvable: codes [recipe.directions,directions]; arguments []; default message [directions]]; default message [must not be empty]] ]
2022-03-20 12:26:47.167 DEBUG 5300 --- [nio-8701-exec-6] o.j.s.OpenEntityManagerInViewInterceptor : Closing JPA EntityManager in OpenEntityManagerInViewInterceptor
2022-03-20 12:26:47.167 DEBUG 5300 --- [nio-8701-exec-6] o.s.web.servlet.DispatcherServlet        : Completed 400 BAD_REQUEST
2022-03-20 12:26:47.167 DEBUG 5300 --- [nio-8701-exec-6] w.c.HttpSessionSecurityContextRepository : Stored SecurityContextImpl [Authentication=UsernamePasswordAuthenticationToken [Principal=recipes.businesslayer.UserDetailsImpl@692f8507, Credentials=[PROTECTED], Authenticated=true, Details=WebAuthenticationDetails [RemoteIpAddress=127.0.0.1, SessionId=null], Granted Authorities=[]]] to HttpSession [org.apache.catalina.session.StandardSessionFacade@7dbedde0]
2022-03-20 12:26:47.168 DEBUG 5300 --- [nio-8701-exec-6] s.s.w.c.SecurityContextPersistenceFilter : Cleared SecurityContextHolder to complete request
2022-03-20 12:26:47.168 DEBUG 5300 --- [nio-8701-exec-6] o.s.security.web.FilterChainProxy        : Securing POST /error
2022-03-20 12:26:47.168 DEBUG 5300 --- [nio-8701-exec-6] w.c.HttpSessionSecurityContextRepository : Retrieved SecurityContextImpl [Authentication=UsernamePasswordAuthenticationToken [Principal=recipes.businesslayer.UserDetailsImpl@692f8507, Credentials=[PROTECTED], Authenticated=true, Details=WebAuthenticationDetails [RemoteIpAddress=127.0.0.1, SessionId=null], Granted Authorities=[]]]
2022-03-20 12:26:47.169 DEBUG 5300 --- [nio-8701-exec-6] s.s.w.c.SecurityContextPersistenceFilter : Set SecurityContextHolder to SecurityContextImpl [Authentication=UsernamePasswordAuthenticationToken [Principal=recipes.businesslayer.UserDetailsImpl@692f8507, Credentials=[PROTECTED], Authenticated=true, Details=WebAuthenticationDetails [RemoteIpAddress=127.0.0.1, SessionId=null], Granted Authorities=[]]]
2022-03-20 12:26:47.169 DEBUG 5300 --- [nio-8701-exec-6] o.s.security.web.FilterChainProxy        : Secured POST /error
2022-03-20 12:26:47.169 DEBUG 5300 --- [nio-8701-exec-6] o.s.web.servlet.DispatcherServlet        : "ERROR" dispatch for POST "/error", parameters={}
2022-03-20 12:26:47.170 DEBUG 5300 --- [nio-8701-exec-6] s.w.s.m.m.a.RequestMappingHandlerMapping : Mapped to org.springframework.boot.autoconfigure.web.servlet.error.BasicErrorController#error(HttpServletRequest)
2022-03-20 12:26:47.170 DEBUG 5300 --- [nio-8701-exec-6] o.j.s.OpenEntityManagerInViewInterceptor : Opening JPA EntityManager in OpenEntityManagerInViewInterceptor
2022-03-20 12:26:47.171 DEBUG 5300 --- [nio-8701-exec-6] o.s.w.s.m.m.a.HttpEntityMethodProcessor  : Using 'application/json', given [*/*] and supported [application/json, application/*+json, application/json, application/*+json]
2022-03-20 12:26:47.171 DEBUG 5300 --- [nio-8701-exec-6] o.s.w.s.m.m.a.HttpEntityMethodProcessor  : Writing [{timestamp=Sun Mar 20 12:26:47 MSK 2022, status=400, error=Bad Request, path=/api/recipe/new}]
2022-03-20 12:26:47.172 DEBUG 5300 --- [nio-8701-exec-6] o.j.s.OpenEntityManagerInViewInterceptor : Closing JPA EntityManager in OpenEntityManagerInViewInterceptor
2022-03-20 12:26:47.172 DEBUG 5300 --- [nio-8701-exec-6] o.s.web.servlet.DispatcherServlet        : Exiting from "ERROR" dispatch, status 400
2022-03-20 12:26:47.172 DEBUG 5300 --- [nio-8701-exec-6] s.s.w.c.SecurityContextPersistenceFilter : Cleared SecurityContextHolder to complete request
?[1;31m
Start test 53?[0m
2022-03-20 12:26:47.179 DEBUG 5300 --- [nio-8701-exec-7] o.s.security.web.FilterChainProxy        : Securing PUT /api/recipe/150
2022-03-20 12:26:47.179 DEBUG 5300 --- [nio-8701-exec-7] s.s.w.c.SecurityContextPersistenceFilter : Set SecurityContextHolder to empty SecurityContext
2022-03-20 12:26:47.180 DEBUG 5300 --- [nio-8701-exec-7] tor$SharedEntityManagerInvocationHandler : Creating new EntityManager for shared EntityManager invocation
Hibernate: select user0_.email as email1_3_, user0_.password as password2_3_ from users user0_ where user0_.email=?
2022-03-20 12:26:47.183 DEBUG 5300 --- [nio-8701-exec-7] o.s.s.a.dao.DaoAuthenticationProvider    : Authenticated user
2022-03-20 12:26:47.183 DEBUG 5300 --- [nio-8701-exec-7] o.s.s.w.a.www.BasicAuthenticationFilter  : Set SecurityContextHolder to UsernamePasswordAuthenticationToken [Principal=recipes.businesslayer.UserDetailsImpl@41e20cd4, Credentials=[PROTECTED], Authenticated=true, Details=WebAuthenticationDetails [RemoteIpAddress=127.0.0.1, SessionId=null], Granted Authorities=[]]
2022-03-20 12:26:47.183 DEBUG 5300 --- [nio-8701-exec-7] w.c.HttpSessionSecurityContextRepository : Created HttpSession as SecurityContext is non-default
2022-03-20 12:26:47.184 DEBUG 5300 --- [nio-8701-exec-7] w.c.HttpSessionSecurityContextRepository : Stored SecurityContextImpl [Authentication=UsernamePasswordAuthenticationToken [Principal=recipes.businesslayer.UserDetailsImpl@41e20cd4, Credentials=[PROTECTED], Authenticated=true, Details=WebAuthenticationDetails [RemoteIpAddress=127.0.0.1, SessionId=null], Granted Authorities=[]]] to HttpSession [org.apache.catalina.session.StandardSessionFacade@7e840743]
2022-03-20 12:26:47.186 DEBUG 5300 --- [nio-8701-exec-7] s.w.s.m.m.a.RequestMappingHandlerMapping : Mapped to recipes.presentation.RecipesController#updateRecipe(Long, Recipe, UserDetails)
2022-03-20 12:26:47.187 DEBUG 5300 --- [nio-8701-exec-7] o.s.s.w.a.i.FilterSecurityInterceptor    : Authorized filter invocation [PUT /api/recipe/150] with attributes [authenticated]
2022-03-20 12:26:47.187 DEBUG 5300 --- [nio-8701-exec-7] o.s.security.web.FilterChainProxy        : Secured PUT /api/recipe/150
2022-03-20 12:26:47.187 DEBUG 5300 --- [nio-8701-exec-7] o.s.web.servlet.DispatcherServlet        : PUT "/api/recipe/150", parameters={}
2022-03-20 12:26:47.188 DEBUG 5300 --- [nio-8701-exec-7] s.w.s.m.m.a.RequestMappingHandlerMapping : Mapped to recipes.presentation.RecipesController#updateRecipe(Long, Recipe, UserDetails)
2022-03-20 12:26:47.188 DEBUG 5300 --- [nio-8701-exec-7] o.j.s.OpenEntityManagerInViewInterceptor : Opening JPA EntityManager in OpenEntityManagerInViewInterceptor
2022-03-20 12:26:47.190 DEBUG 5300 --- [nio-8701-exec-7] m.m.a.RequestResponseBodyMethodProcessor : Read "application/json;charset=UTF-8" to [Recipe(id=0, name=null, date=null, category=beverage, description=Light, aromatic and refreshing bev (truncated)...]
2022-03-20 12:26:47.196 DEBUG 5300 --- [nio-8701-exec-7] w.c.HttpSessionSecurityContextRepository : Stored SecurityContextImpl [Authentication=UsernamePasswordAuthenticationToken [Principal=recipes.businesslayer.UserDetailsImpl@41e20cd4, Credentials=[PROTECTED], Authenticated=true, Details=WebAuthenticationDetails [RemoteIpAddress=127.0.0.1, SessionId=null], Granted Authorities=[]]] to HttpSession [org.apache.catalina.session.StandardSessionFacade@7e840743]
2022-03-20 12:26:47.203  WARN 5300 --- [nio-8701-exec-7] .w.s.m.s.DefaultHandlerExceptionResolver : Resolved [org.springframework.web.bind.MethodArgumentNotValidException: Validation failed for argument [1] in public org.springframework.http.ResponseEntity recipes.presentation.RecipesController.updateRecipe(java.lang.Long,recipes.businesslayer.Recipe,org.springframework.security.core.userdetails.UserDetails) with 2 errors: [Field error in object 'recipe' on field 'name': rejected value [null]; codes [NotEmpty.recipe.name,NotEmpty.name,NotEmpty.java.lang.String,NotEmpty]; arguments [org.springframework.context.support.DefaultMessageSourceResolvable: codes [recipe.name,name]; arguments []; default message [name]]; default message [must not be empty]] [Field error in object 'recipe' on field 'name': rejected value [null]; codes [NotBlank.recipe.name,NotBlank.name,NotBlank.java.lang.String,NotBlank]; arguments [org.springframework.context.support.DefaultMessageSourceResolvable: codes [recipe.name,name]; arguments []; default message [name]]; default message [must not be blank]] ]
2022-03-20 12:26:47.204 DEBUG 5300 --- [nio-8701-exec-7] o.j.s.OpenEntityManagerInViewInterceptor : Closing JPA EntityManager in OpenEntityManagerInViewInterceptor
2022-03-20 12:26:47.204 DEBUG 5300 --- [nio-8701-exec-7] o.s.web.servlet.DispatcherServlet        : Completed 400 BAD_REQUEST
2022-03-20 12:26:47.205 DEBUG 5300 --- [nio-8701-exec-7] w.c.HttpSessionSecurityContextRepository : Stored SecurityContextImpl [Authentication=UsernamePasswordAuthenticationToken [Principal=recipes.businesslayer.UserDetailsImpl@41e20cd4, Credentials=[PROTECTED], Authenticated=true, Details=WebAuthenticationDetails [RemoteIpAddress=127.0.0.1, SessionId=null], Granted Authorities=[]]] to HttpSession [org.apache.catalina.session.StandardSessionFacade@7e840743]
2022-03-20 12:26:47.205 DEBUG 5300 --- [nio-8701-exec-7] s.s.w.c.SecurityContextPersistenceFilter : Cleared SecurityContextHolder to complete request
2022-03-20 12:26:47.206 DEBUG 5300 --- [nio-8701-exec-7] o.s.security.web.FilterChainProxy        : Securing PUT /error
2022-03-20 12:26:47.206 DEBUG 5300 --- [nio-8701-exec-7] w.c.HttpSessionSecurityContextRepository : Retrieved SecurityContextImpl [Authentication=UsernamePasswordAuthenticationToken [Principal=recipes.businesslayer.UserDetailsImpl@41e20cd4, Credentials=[PROTECTED], Authenticated=true, Details=WebAuthenticationDetails [RemoteIpAddress=127.0.0.1, SessionId=null], Granted Authorities=[]]]
2022-03-20 12:26:47.206 DEBUG 5300 --- [nio-8701-exec-7] s.s.w.c.SecurityContextPersistenceFilter : Set SecurityContextHolder to SecurityContextImpl [Authentication=UsernamePasswordAuthenticationToken [Principal=recipes.businesslayer.UserDetailsImpl@41e20cd4, Credentials=[PROTECTED], Authenticated=true, Details=WebAuthenticationDetails [RemoteIpAddress=127.0.0.1, SessionId=null], Granted Authorities=[]]]
2022-03-20 12:26:47.206 DEBUG 5300 --- [nio-8701-exec-7] o.s.security.web.FilterChainProxy        : Secured PUT /error
2022-03-20 12:26:47.207 DEBUG 5300 --- [nio-8701-exec-7] o.s.web.servlet.DispatcherServlet        : "ERROR" dispatch for PUT "/error", parameters={}
2022-03-20 12:26:47.208 DEBUG 5300 --- [nio-8701-exec-7] s.w.s.m.m.a.RequestMappingHandlerMapping : Mapped to org.springframework.boot.autoconfigure.web.servlet.error.BasicErrorController#error(HttpServletRequest)
2022-03-20 12:26:47.208 DEBUG 5300 --- [nio-8701-exec-7] o.j.s.OpenEntityManagerInViewInterceptor : Opening JPA EntityManager in OpenEntityManagerInViewInterceptor
2022-03-20 12:26:47.210 DEBUG 5300 --- [nio-8701-exec-7] o.s.w.s.m.m.a.HttpEntityMethodProcessor  : Using 'application/json', given [*/*] and supported [application/json, application/*+json, application/json, application/*+json]
2022-03-20 12:26:47.210 DEBUG 5300 --- [nio-8701-exec-7] o.s.w.s.m.m.a.HttpEntityMethodProcessor  : Writing [{timestamp=Sun Mar 20 12:26:47 MSK 2022, status=400, error=Bad Request, path=/api/recipe/150}]
2022-03-20 12:26:47.211 DEBUG 5300 --- [nio-8701-exec-7] o.j.s.OpenEntityManagerInViewInterceptor : Closing JPA EntityManager in OpenEntityManagerInViewInterceptor
2022-03-20 12:26:47.212 DEBUG 5300 --- [nio-8701-exec-7] o.s.web.servlet.DispatcherServlet        : Exiting from "ERROR" dispatch, status 400
2022-03-20 12:26:47.212 DEBUG 5300 --- [nio-8701-exec-7] s.s.w.c.SecurityContextPersistenceFilter : Cleared SecurityContextHolder to complete request
?[1;31m
Start test 54?[0m
2022-03-20 12:26:47.221 DEBUG 5300 --- [nio-8701-exec-8] o.s.security.web.FilterChainProxy        : Securing PUT /api/recipe/150
2022-03-20 12:26:47.221 DEBUG 5300 --- [nio-8701-exec-8] s.s.w.c.SecurityContextPersistenceFilter : Set SecurityContextHolder to empty SecurityContext
2022-03-20 12:26:47.222 DEBUG 5300 --- [nio-8701-exec-8] tor$SharedEntityManagerInvocationHandler : Creating new EntityManager for shared EntityManager invocation
Hibernate: select user0_.email as email1_3_, user0_.password as password2_3_ from users user0_ where user0_.email=?
2022-03-20 12:26:47.228 DEBUG 5300 --- [nio-8701-exec-8] o.s.s.a.dao.DaoAuthenticationProvider    : Authenticated user
2022-03-20 12:26:47.228 DEBUG 5300 --- [nio-8701-exec-8] o.s.s.w.a.www.BasicAuthenticationFilter  : Set SecurityContextHolder to UsernamePasswordAuthenticationToken [Principal=recipes.businesslayer.UserDetailsImpl@50b5f0a9, Credentials=[PROTECTED], Authenticated=true, Details=WebAuthenticationDetails [RemoteIpAddress=127.0.0.1, SessionId=null], Granted Authorities=[]]
2022-03-20 12:26:47.230 DEBUG 5300 --- [nio-8701-exec-8] w.c.HttpSessionSecurityContextRepository : Created HttpSession as SecurityContext is non-default
2022-03-20 12:26:47.230 DEBUG 5300 --- [nio-8701-exec-8] w.c.HttpSessionSecurityContextRepository : Stored SecurityContextImpl [Authentication=UsernamePasswordAuthenticationToken [Principal=recipes.businesslayer.UserDetailsImpl@50b5f0a9, Credentials=[PROTECTED], Authenticated=true, Details=WebAuthenticationDetails [RemoteIpAddress=127.0.0.1, SessionId=null], Granted Authorities=[]]] to HttpSession [org.apache.catalina.session.StandardSessionFacade@4b984693]
2022-03-20 12:26:47.231 DEBUG 5300 --- [nio-8701-exec-8] s.w.s.m.m.a.RequestMappingHandlerMapping : Mapped to recipes.presentation.RecipesController#updateRecipe(Long, Recipe, UserDetails)
2022-03-20 12:26:47.231 DEBUG 5300 --- [nio-8701-exec-8] o.s.s.w.a.i.FilterSecurityInterceptor    : Authorized filter invocation [PUT /api/recipe/150] with attributes [authenticated]
2022-03-20 12:26:47.231 DEBUG 5300 --- [nio-8701-exec-8] o.s.security.web.FilterChainProxy        : Secured PUT /api/recipe/150
2022-03-20 12:26:47.232 DEBUG 5300 --- [nio-8701-exec-8] o.s.web.servlet.DispatcherServlet        : PUT "/api/recipe/150", parameters={}
2022-03-20 12:26:47.232 DEBUG 5300 --- [nio-8701-exec-8] s.w.s.m.m.a.RequestMappingHandlerMapping : Mapped to recipes.presentation.RecipesController#updateRecipe(Long, Recipe, UserDetails)
2022-03-20 12:26:47.232 DEBUG 5300 --- [nio-8701-exec-8] o.j.s.OpenEntityManagerInViewInterceptor : Opening JPA EntityManager in OpenEntityManagerInViewInterceptor
2022-03-20 12:26:47.235 DEBUG 5300 --- [nio-8701-exec-8] m.m.a.RequestResponseBodyMethodProcessor : Read "application/json;charset=UTF-8" to [Recipe(id=0, name=Fresh Mint Tea, date=null, category=null, description=Light, aromatic and refreshi (truncated)...]
2022-03-20 12:26:47.249 DEBUG 5300 --- [nio-8701-exec-8] w.c.HttpSessionSecurityContextRepository : Stored SecurityContextImpl [Authentication=UsernamePasswordAuthenticationToken [Principal=recipes.businesslayer.UserDetailsImpl@50b5f0a9, Credentials=[PROTECTED], Authenticated=true, Details=WebAuthenticationDetails [RemoteIpAddress=127.0.0.1, SessionId=null], Granted Authorities=[]]] to HttpSession [org.apache.catalina.session.StandardSessionFacade@4b984693]
2022-03-20 12:26:47.250  WARN 5300 --- [nio-8701-exec-8] .w.s.m.s.DefaultHandlerExceptionResolver : Resolved [org.springframework.web.bind.MethodArgumentNotValidException: Validation failed for argument [1] in public org.springframework.http.ResponseEntity recipes.presentation.RecipesController.updateRecipe(java.lang.Long,recipes.businesslayer.Recipe,org.springframework.security.core.userdetails.UserDetails) with 2 errors: [Field error in object 'recipe' on field 'category': rejected value [null]; codes [NotEmpty.recipe.category,NotEmpty.category,NotEmpty.java.lang.String,NotEmpty]; arguments [org.springframework.context.support.DefaultMessageSourceResolvable: codes [recipe.category,category]; arguments []; default message [category]]; default message [must not be empty]] [Field error in object 'recipe' on field 'category': rejected value [null]; codes [NotBlank.recipe.category,NotBlank.category,NotBlank.java.lang.String,NotBlank]; arguments [org.springframework.context.support.DefaultMessageSourceResolvable: codes [recipe.category,category]; arguments []; default message [category]]; default message [must not be blank]] ]
2022-03-20 12:26:47.250 DEBUG 5300 --- [nio-8701-exec-8] o.j.s.OpenEntityManagerInViewInterceptor : Closing JPA EntityManager in OpenEntityManagerInViewInterceptor
2022-03-20 12:26:47.250 DEBUG 5300 --- [nio-8701-exec-8] o.s.web.servlet.DispatcherServlet        : Completed 400 BAD_REQUEST
2022-03-20 12:26:47.250 DEBUG 5300 --- [nio-8701-exec-8] w.c.HttpSessionSecurityContextRepository : Stored SecurityContextImpl [Authentication=UsernamePasswordAuthenticationToken [Principal=recipes.businesslayer.UserDetailsImpl@50b5f0a9, Credentials=[PROTECTED], Authenticated=true, Details=WebAuthenticationDetails [RemoteIpAddress=127.0.0.1, SessionId=null], Granted Authorities=[]]] to HttpSession [org.apache.catalina.session.StandardSessionFacade@4b984693]
2022-03-20 12:26:47.251 DEBUG 5300 --- [nio-8701-exec-8] s.s.w.c.SecurityContextPersistenceFilter : Cleared SecurityContextHolder to complete request
2022-03-20 12:26:47.259 DEBUG 5300 --- [nio-8701-exec-8] o.s.security.web.FilterChainProxy        : Securing PUT /error
2022-03-20 12:26:47.259 DEBUG 5300 --- [nio-8701-exec-8] w.c.HttpSessionSecurityContextRepository : Retrieved SecurityContextImpl [Authentication=UsernamePasswordAuthenticationToken [Principal=recipes.businesslayer.UserDetailsImpl@50b5f0a9, Credentials=[PROTECTED], Authenticated=true, Details=WebAuthenticationDetails [RemoteIpAddress=127.0.0.1, SessionId=null], Granted Authorities=[]]]
2022-03-20 12:26:47.259 DEBUG 5300 --- [nio-8701-exec-8] s.s.w.c.SecurityContextPersistenceFilter : Set SecurityContextHolder to SecurityContextImpl [Authentication=UsernamePasswordAuthenticationToken [Principal=recipes.businesslayer.UserDetailsImpl@50b5f0a9, Credentials=[PROTECTED], Authenticated=true, Details=WebAuthenticationDetails [RemoteIpAddress=127.0.0.1, SessionId=null], Granted Authorities=[]]]
2022-03-20 12:26:47.259 DEBUG 5300 --- [nio-8701-exec-8] o.s.security.web.FilterChainProxy        : Secured PUT /error
2022-03-20 12:26:47.264 DEBUG 5300 --- [nio-8701-exec-8] o.s.web.servlet.DispatcherServlet        : "ERROR" dispatch for PUT "/error", parameters={}
2022-03-20 12:26:47.268 DEBUG 5300 --- [nio-8701-exec-8] s.w.s.m.m.a.RequestMappingHandlerMapping : Mapped to org.springframework.boot.autoconfigure.web.servlet.error.BasicErrorController#error(HttpServletRequest)
2022-03-20 12:26:47.268 DEBUG 5300 --- [nio-8701-exec-8] o.j.s.OpenEntityManagerInViewInterceptor : Opening JPA EntityManager in OpenEntityManagerInViewInterceptor
2022-03-20 12:26:47.270 DEBUG 5300 --- [nio-8701-exec-8] o.s.w.s.m.m.a.HttpEntityMethodProcessor  : Using 'application/json', given [*/*] and supported [application/json, application/*+json, application/json, application/*+json]
2022-03-20 12:26:47.270 DEBUG 5300 --- [nio-8701-exec-8] o.s.w.s.m.m.a.HttpEntityMethodProcessor  : Writing [{timestamp=Sun Mar 20 12:26:47 MSK 2022, status=400, error=Bad Request, path=/api/recipe/150}]
2022-03-20 12:26:47.271 DEBUG 5300 --- [nio-8701-exec-8] o.j.s.OpenEntityManagerInViewInterceptor : Closing JPA EntityManager in OpenEntityManagerInViewInterceptor
2022-03-20 12:26:47.272 DEBUG 5300 --- [nio-8701-exec-8] o.s.web.servlet.DispatcherServlet        : Exiting from "ERROR" dispatch, status 400
2022-03-20 12:26:47.272 DEBUG 5300 --- [nio-8701-exec-8] s.s.w.c.SecurityContextPersistenceFilter : Cleared SecurityContextHolder to complete request
?[1;31m
Start test 55?[0m
2022-03-20 12:26:47.279 DEBUG 5300 --- [nio-8701-exec-9] o.s.security.web.FilterChainProxy        : Securing PUT /api/recipe/150
2022-03-20 12:26:47.279 DEBUG 5300 --- [nio-8701-exec-9] s.s.w.c.SecurityContextPersistenceFilter : Set SecurityContextHolder to empty SecurityContext
2022-03-20 12:26:47.280 DEBUG 5300 --- [nio-8701-exec-9] tor$SharedEntityManagerInvocationHandler : Creating new EntityManager for shared EntityManager invocation
Hibernate: select user0_.email as email1_3_, user0_.password as password2_3_ from users user0_ where user0_.email=?
2022-03-20 12:26:47.283 DEBUG 5300 --- [nio-8701-exec-9] o.s.s.a.dao.DaoAuthenticationProvider    : Authenticated user
2022-03-20 12:26:47.283 DEBUG 5300 --- [nio-8701-exec-9] o.s.s.w.a.www.BasicAuthenticationFilter  : Set SecurityContextHolder to UsernamePasswordAuthenticationToken [Principal=recipes.businesslayer.UserDetailsImpl@7577d947, Credentials=[PROTECTED], Authenticated=true, Details=WebAuthenticationDetails [RemoteIpAddress=127.0.0.1, SessionId=null], Granted Authorities=[]]
2022-03-20 12:26:47.284 DEBUG 5300 --- [nio-8701-exec-9] w.c.HttpSessionSecurityContextRepository : Created HttpSession as SecurityContext is non-default
2022-03-20 12:26:47.284 DEBUG 5300 --- [nio-8701-exec-9] w.c.HttpSessionSecurityContextRepository : Stored SecurityContextImpl [Authentication=UsernamePasswordAuthenticationToken [Principal=recipes.businesslayer.UserDetailsImpl@7577d947, Credentials=[PROTECTED], Authenticated=true, Details=WebAuthenticationDetails [RemoteIpAddress=127.0.0.1, SessionId=null], Granted Authorities=[]]] to HttpSession [org.apache.catalina.session.StandardSessionFacade@432f70b3]
2022-03-20 12:26:47.285 DEBUG 5300 --- [nio-8701-exec-9] s.w.s.m.m.a.RequestMappingHandlerMapping : Mapped to recipes.presentation.RecipesController#updateRecipe(Long, Recipe, UserDetails)
2022-03-20 12:26:47.285 DEBUG 5300 --- [nio-8701-exec-9] o.s.s.w.a.i.FilterSecurityInterceptor    : Authorized filter invocation [PUT /api/recipe/150] with attributes [authenticated]
2022-03-20 12:26:47.285 DEBUG 5300 --- [nio-8701-exec-9] o.s.security.web.FilterChainProxy        : Secured PUT /api/recipe/150
2022-03-20 12:26:47.286 DEBUG 5300 --- [nio-8701-exec-9] o.s.web.servlet.DispatcherServlet        : PUT "/api/recipe/150", parameters={}
2022-03-20 12:26:47.287 DEBUG 5300 --- [nio-8701-exec-9] s.w.s.m.m.a.RequestMappingHandlerMapping : Mapped to recipes.presentation.RecipesController#updateRecipe(Long, Recipe, UserDetails)
2022-03-20 12:26:47.287 DEBUG 5300 --- [nio-8701-exec-9] o.j.s.OpenEntityManagerInViewInterceptor : Opening JPA EntityManager in OpenEntityManagerInViewInterceptor
2022-03-20 12:26:47.288 DEBUG 5300 --- [nio-8701-exec-9] m.m.a.RequestResponseBodyMethodProcessor : Read "application/json;charset=UTF-8" to [Recipe(id=0, name=Warming Ginger Tea, date=null, category=beverage, description=null, ingredients=[1 (truncated)...]
2022-03-20 12:26:47.290 DEBUG 5300 --- [nio-8701-exec-9] w.c.HttpSessionSecurityContextRepository : Stored SecurityContextImpl [Authentication=UsernamePasswordAuthenticationToken [Principal=recipes.businesslayer.UserDetailsImpl@7577d947, Credentials=[PROTECTED], Authenticated=true, Details=WebAuthenticationDetails [RemoteIpAddress=127.0.0.1, SessionId=null], Granted Authorities=[]]] to HttpSession [org.apache.catalina.session.StandardSessionFacade@432f70b3]
2022-03-20 12:26:47.290  WARN 5300 --- [nio-8701-exec-9] .w.s.m.s.DefaultHandlerExceptionResolver : Resolved [org.springframework.web.bind.MethodArgumentNotValidException: Validation failed for argument [1] in public org.springframework.http.ResponseEntity recipes.presentation.RecipesController.updateRecipe(java.lang.Long,recipes.businesslayer.Recipe,org.springframework.security.core.userdetails.UserDetails) with 2 errors: [Field error in object 'recipe' on field 'description': rejected value [null]; codes [NotEmpty.recipe.description,NotEmpty.description,NotEmpty.java.lang.String,NotEmpty]; arguments [org.springframework.context.support.DefaultMessageSourceResolvable: codes [recipe.description,description]; arguments []; default message [description]]; default message [must not be empty]] [Field error in object 'recipe' on field 'description': rejected value [null]; codes [NotBlank.recipe.description,NotBlank.description,NotBlank.java.lang.String,NotBlank]; arguments [org.springframework.context.support.DefaultMessageSourceResolvable: codes [recipe.description,description]; arguments []; default message [description]]; default message [must not be blank]] ]
2022-03-20 12:26:47.290 DEBUG 5300 --- [nio-8701-exec-9] o.j.s.OpenEntityManagerInViewInterceptor : Closing JPA EntityManager in OpenEntityManagerInViewInterceptor
2022-03-20 12:26:47.290 DEBUG 5300 --- [nio-8701-exec-9] o.s.web.servlet.DispatcherServlet        : Completed 400 BAD_REQUEST
2022-03-20 12:26:47.291 DEBUG 5300 --- [nio-8701-exec-9] w.c.HttpSessionSecurityContextRepository : Stored SecurityContextImpl [Authentication=UsernamePasswordAuthenticationToken [Principal=recipes.businesslayer.UserDetailsImpl@7577d947, Credentials=[PROTECTED], Authenticated=true, Details=WebAuthenticationDetails [RemoteIpAddress=127.0.0.1, SessionId=null], Granted Authorities=[]]] to HttpSession [org.apache.catalina.session.StandardSessionFacade@432f70b3]
2022-03-20 12:26:47.291 DEBUG 5300 --- [nio-8701-exec-9] s.s.w.c.SecurityContextPersistenceFilter : Cleared SecurityContextHolder to complete request
2022-03-20 12:26:47.292 DEBUG 5300 --- [nio-8701-exec-9] o.s.security.web.FilterChainProxy        : Securing PUT /error
2022-03-20 12:26:47.292 DEBUG 5300 --- [nio-8701-exec-9] w.c.HttpSessionSecurityContextRepository : Retrieved SecurityContextImpl [Authentication=UsernamePasswordAuthenticationToken [Principal=recipes.businesslayer.UserDetailsImpl@7577d947, Credentials=[PROTECTED], Authenticated=true, Details=WebAuthenticationDetails [RemoteIpAddress=127.0.0.1, SessionId=null], Granted Authorities=[]]]
2022-03-20 12:26:47.292 DEBUG 5300 --- [nio-8701-exec-9] s.s.w.c.SecurityContextPersistenceFilter : Set SecurityContextHolder to SecurityContextImpl [Authentication=UsernamePasswordAuthenticationToken [Principal=recipes.businesslayer.UserDetailsImpl@7577d947, Credentials=[PROTECTED], Authenticated=true, Details=WebAuthenticationDetails [RemoteIpAddress=127.0.0.1, SessionId=null], Granted Authorities=[]]]
2022-03-20 12:26:47.292 DEBUG 5300 --- [nio-8701-exec-9] o.s.security.web.FilterChainProxy        : Secured PUT /error
2022-03-20 12:26:47.293 DEBUG 5300 --- [nio-8701-exec-9] o.s.web.servlet.DispatcherServlet        : "ERROR" dispatch for PUT "/error", parameters={}
2022-03-20 12:26:47.293 DEBUG 5300 --- [nio-8701-exec-9] s.w.s.m.m.a.RequestMappingHandlerMapping : Mapped to org.springframework.boot.autoconfigure.web.servlet.error.BasicErrorController#error(HttpServletRequest)
2022-03-20 12:26:47.293 DEBUG 5300 --- [nio-8701-exec-9] o.j.s.OpenEntityManagerInViewInterceptor : Opening JPA EntityManager in OpenEntityManagerInViewInterceptor
2022-03-20 12:26:47.294 DEBUG 5300 --- [nio-8701-exec-9] o.s.w.s.m.m.a.HttpEntityMethodProcessor  : Using 'application/json', given [*/*] and supported [application/json, application/*+json, application/json, application/*+json]
2022-03-20 12:26:47.295 DEBUG 5300 --- [nio-8701-exec-9] o.s.w.s.m.m.a.HttpEntityMethodProcessor  : Writing [{timestamp=Sun Mar 20 12:26:47 MSK 2022, status=400, error=Bad Request, path=/api/recipe/150}]
2022-03-20 12:26:47.296 DEBUG 5300 --- [nio-8701-exec-9] o.j.s.OpenEntityManagerInViewInterceptor : Closing JPA EntityManager in OpenEntityManagerInViewInterceptor
2022-03-20 12:26:47.296 DEBUG 5300 --- [nio-8701-exec-9] o.s.web.servlet.DispatcherServlet        : Exiting from "ERROR" dispatch, status 400
2022-03-20 12:26:47.296 DEBUG 5300 --- [nio-8701-exec-9] s.s.w.c.SecurityContextPersistenceFilter : Cleared SecurityContextHolder to complete request
?[1;31m
Start test 56?[0m
2022-03-20 12:26:47.307 DEBUG 5300 --- [io-8701-exec-10] o.s.security.web.FilterChainProxy        : Securing PUT /api/recipe/150
2022-03-20 12:26:47.307 DEBUG 5300 --- [io-8701-exec-10] s.s.w.c.SecurityContextPersistenceFilter : Set SecurityContextHolder to empty SecurityContext
2022-03-20 12:26:47.308 DEBUG 5300 --- [io-8701-exec-10] tor$SharedEntityManagerInvocationHandler : Creating new EntityManager for shared EntityManager invocation
Hibernate: select user0_.email as email1_3_, user0_.password as password2_3_ from users user0_ where user0_.email=?
2022-03-20 12:26:47.311 DEBUG 5300 --- [io-8701-exec-10] o.s.s.a.dao.DaoAuthenticationProvider    : Authenticated user
2022-03-20 12:26:47.311 DEBUG 5300 --- [io-8701-exec-10] o.s.s.w.a.www.BasicAuthenticationFilter  : Set SecurityContextHolder to UsernamePasswordAuthenticationToken [Principal=recipes.businesslayer.UserDetailsImpl@6cdfe58c, Credentials=[PROTECTED], Authenticated=true, Details=WebAuthenticationDetails [RemoteIpAddress=127.0.0.1, SessionId=null], Granted Authorities=[]]
2022-03-20 12:26:47.312 DEBUG 5300 --- [io-8701-exec-10] w.c.HttpSessionSecurityContextRepository : Created HttpSession as SecurityContext is non-default
2022-03-20 12:26:47.312 DEBUG 5300 --- [io-8701-exec-10] w.c.HttpSessionSecurityContextRepository : Stored SecurityContextImpl [Authentication=UsernamePasswordAuthenticationToken [Principal=recipes.businesslayer.UserDetailsImpl@6cdfe58c, Credentials=[PROTECTED], Authenticated=true, Details=WebAuthenticationDetails [RemoteIpAddress=127.0.0.1, SessionId=null], Granted Authorities=[]]] to HttpSession [org.apache.catalina.session.StandardSessionFacade@218fc928]
2022-03-20 12:26:47.312 DEBUG 5300 --- [io-8701-exec-10] s.w.s.m.m.a.RequestMappingHandlerMapping : Mapped to recipes.presentation.RecipesController#updateRecipe(Long, Recipe, UserDetails)
2022-03-20 12:26:47.313 DEBUG 5300 --- [io-8701-exec-10] o.s.s.w.a.i.FilterSecurityInterceptor    : Authorized filter invocation [PUT /api/recipe/150] with attributes [authenticated]
2022-03-20 12:26:47.313 DEBUG 5300 --- [io-8701-exec-10] o.s.security.web.FilterChainProxy        : Secured PUT /api/recipe/150
2022-03-20 12:26:47.313 DEBUG 5300 --- [io-8701-exec-10] o.s.web.servlet.DispatcherServlet        : PUT "/api/recipe/150", parameters={}
2022-03-20 12:26:47.314 DEBUG 5300 --- [io-8701-exec-10] s.w.s.m.m.a.RequestMappingHandlerMapping : Mapped to recipes.presentation.RecipesController#updateRecipe(Long, Recipe, UserDetails)
2022-03-20 12:26:47.314 DEBUG 5300 --- [io-8701-exec-10] o.j.s.OpenEntityManagerInViewInterceptor : Opening JPA EntityManager in OpenEntityManagerInViewInterceptor
2022-03-20 12:26:47.316 DEBUG 5300 --- [io-8701-exec-10] m.m.a.RequestResponseBodyMethodProcessor : Read "application/json;charset=UTF-8" to [Recipe(id=0, name=Fresh Mint Tea, date=null, category=beverage, description=Light, aromatic and refr (truncated)...]
2022-03-20 12:26:47.318 DEBUG 5300 --- [io-8701-exec-10] w.c.HttpSessionSecurityContextRepository : Stored SecurityContextImpl [Authentication=UsernamePasswordAuthenticationToken [Principal=recipes.businesslayer.UserDetailsImpl@6cdfe58c, Credentials=[PROTECTED], Authenticated=true, Details=WebAuthenticationDetails [RemoteIpAddress=127.0.0.1, SessionId=null], Granted Authorities=[]]] to HttpSession [org.apache.catalina.session.StandardSessionFacade@218fc928]
2022-03-20 12:26:47.318  WARN 5300 --- [io-8701-exec-10] .w.s.m.s.DefaultHandlerExceptionResolver : Resolved [org.springframework.web.bind.MethodArgumentNotValidException: Validation failed for argument [1] in public org.springframework.http.ResponseEntity recipes.presentation.RecipesController.updateRecipe(java.lang.Long,recipes.businesslayer.Recipe,org.springframework.security.core.userdetails.UserDetails) with 2 errors: [Field error in object 'recipe' on field 'ingredients': rejected value [[]]; codes [NotEmpty.recipe.ingredients,NotEmpty.ingredients,NotEmpty.java.util.List,NotEmpty]; arguments [org.springframework.context.support.DefaultMessageSourceResolvable: codes [recipe.ingredients,ingredients]; arguments []; default message [ingredients]]; default message [must not be empty]] [Field error in object 'recipe' on field 'ingredients': rejected value [[]]; codes [Size.recipe.ingredients,Size.ingredients,Size.java.util.List,Size]; arguments [org.springframework.context.support.DefaultMessageSourceResolvable: codes [recipe.ingredients,ingredients]; arguments []; default message [ingredients],2147483647,1]; default message [size must be between 1 and 2147483647]] ]
2022-03-20 12:26:47.319 DEBUG 5300 --- [io-8701-exec-10] o.j.s.OpenEntityManagerInViewInterceptor : Closing JPA EntityManager in OpenEntityManagerInViewInterceptor
2022-03-20 12:26:47.319 DEBUG 5300 --- [io-8701-exec-10] o.s.web.servlet.DispatcherServlet        : Completed 400 BAD_REQUEST
2022-03-20 12:26:47.319 DEBUG 5300 --- [io-8701-exec-10] w.c.HttpSessionSecurityContextRepository : Stored SecurityContextImpl [Authentication=UsernamePasswordAuthenticationToken [Principal=recipes.businesslayer.UserDetailsImpl@6cdfe58c, Credentials=[PROTECTED], Authenticated=true, Details=WebAuthenticationDetails [RemoteIpAddress=127.0.0.1, SessionId=null], Granted Authorities=[]]] to HttpSession [org.apache.catalina.session.StandardSessionFacade@218fc928]
2022-03-20 12:26:47.319 DEBUG 5300 --- [io-8701-exec-10] s.s.w.c.SecurityContextPersistenceFilter : Cleared SecurityContextHolder to complete request
2022-03-20 12:26:47.320 DEBUG 5300 --- [io-8701-exec-10] o.s.security.web.FilterChainProxy        : Securing PUT /error
2022-03-20 12:26:47.320 DEBUG 5300 --- [io-8701-exec-10] w.c.HttpSessionSecurityContextRepository : Retrieved SecurityContextImpl [Authentication=UsernamePasswordAuthenticationToken [Principal=recipes.businesslayer.UserDetailsImpl@6cdfe58c, Credentials=[PROTECTED], Authenticated=true, Details=WebAuthenticationDetails [RemoteIpAddress=127.0.0.1, SessionId=null], Granted Authorities=[]]]
2022-03-20 12:26:47.320 DEBUG 5300 --- [io-8701-exec-10] s.s.w.c.SecurityContextPersistenceFilter : Set SecurityContextHolder to SecurityContextImpl [Authentication=UsernamePasswordAuthenticationToken [Principal=recipes.businesslayer.UserDetailsImpl@6cdfe58c, Credentials=[PROTECTED], Authenticated=true, Details=WebAuthenticationDetails [RemoteIpAddress=127.0.0.1, SessionId=null], Granted Authorities=[]]]
2022-03-20 12:26:47.321 DEBUG 5300 --- [io-8701-exec-10] o.s.security.web.FilterChainProxy        : Secured PUT /error
2022-03-20 12:26:47.321 DEBUG 5300 --- [io-8701-exec-10] o.s.web.servlet.DispatcherServlet        : "ERROR" dispatch for PUT "/error", parameters={}
2022-03-20 12:26:47.323 DEBUG 5300 --- [io-8701-exec-10] s.w.s.m.m.a.RequestMappingHandlerMapping : Mapped to org.springframework.boot.autoconfigure.web.servlet.error.BasicErrorController#error(HttpServletRequest)
2022-03-20 12:26:47.323 DEBUG 5300 --- [io-8701-exec-10] o.j.s.OpenEntityManagerInViewInterceptor : Opening JPA EntityManager in OpenEntityManagerInViewInterceptor
2022-03-20 12:26:47.324 DEBUG 5300 --- [io-8701-exec-10] o.s.w.s.m.m.a.HttpEntityMethodProcessor  : Using 'application/json', given [*/*] and supported [application/json, application/*+json, application/json, application/*+json]
2022-03-20 12:26:47.324 DEBUG 5300 --- [io-8701-exec-10] o.s.w.s.m.m.a.HttpEntityMethodProcessor  : Writing [{timestamp=Sun Mar 20 12:26:47 MSK 2022, status=400, error=Bad Request, path=/api/recipe/150}]
2022-03-20 12:26:47.325 DEBUG 5300 --- [io-8701-exec-10] o.j.s.OpenEntityManagerInViewInterceptor : Closing JPA EntityManager in OpenEntityManagerInViewInterceptor
2022-03-20 12:26:47.326 DEBUG 5300 --- [io-8701-exec-10] o.s.web.servlet.DispatcherServlet        : Exiting from "ERROR" dispatch, status 400
2022-03-20 12:26:47.326 DEBUG 5300 --- [io-8701-exec-10] s.s.w.c.SecurityContextPersistenceFilter : Cleared SecurityContextHolder to complete request
?[1;31m
Start test 57?[0m
2022-03-20 12:26:47.334 DEBUG 5300 --- [io-8701-exec-11] o.s.security.web.FilterChainProxy        : Securing PUT /api/recipe/150
2022-03-20 12:26:47.334 DEBUG 5300 --- [io-8701-exec-11] s.s.w.c.SecurityContextPersistenceFilter : Set SecurityContextHolder to empty SecurityContext
2022-03-20 12:26:47.334 DEBUG 5300 --- [io-8701-exec-11] tor$SharedEntityManagerInvocationHandler : Creating new EntityManager for shared EntityManager invocation
Hibernate: select user0_.email as email1_3_, user0_.password as password2_3_ from users user0_ where user0_.email=?
2022-03-20 12:26:47.338 DEBUG 5300 --- [io-8701-exec-11] o.s.s.a.dao.DaoAuthenticationProvider    : Authenticated user
2022-03-20 12:26:47.338 DEBUG 5300 --- [io-8701-exec-11] o.s.s.w.a.www.BasicAuthenticationFilter  : Set SecurityContextHolder to UsernamePasswordAuthenticationToken [Principal=recipes.businesslayer.UserDetailsImpl@6c138d5b, Credentials=[PROTECTED], Authenticated=true, Details=WebAuthenticationDetails [RemoteIpAddress=127.0.0.1, SessionId=null], Granted Authorities=[]]
2022-03-20 12:26:47.339 DEBUG 5300 --- [io-8701-exec-11] w.c.HttpSessionSecurityContextRepository : Created HttpSession as SecurityContext is non-default
2022-03-20 12:26:47.339 DEBUG 5300 --- [io-8701-exec-11] w.c.HttpSessionSecurityContextRepository : Stored SecurityContextImpl [Authentication=UsernamePasswordAuthenticationToken [Principal=recipes.businesslayer.UserDetailsImpl@6c138d5b, Credentials=[PROTECTED], Authenticated=true, Details=WebAuthenticationDetails [RemoteIpAddress=127.0.0.1, SessionId=null], Granted Authorities=[]]] to HttpSession [org.apache.catalina.session.StandardSessionFacade@65032935]
2022-03-20 12:26:47.339 DEBUG 5300 --- [io-8701-exec-11] s.w.s.m.m.a.RequestMappingHandlerMapping : Mapped to recipes.presentation.RecipesController#updateRecipe(Long, Recipe, UserDetails)
2022-03-20 12:26:47.340 DEBUG 5300 --- [io-8701-exec-11] o.s.s.w.a.i.FilterSecurityInterceptor    : Authorized filter invocation [PUT /api/recipe/150] with attributes [authenticated]
2022-03-20 12:26:47.340 DEBUG 5300 --- [io-8701-exec-11] o.s.security.web.FilterChainProxy        : Secured PUT /api/recipe/150
2022-03-20 12:26:47.341 DEBUG 5300 --- [io-8701-exec-11] o.s.web.servlet.DispatcherServlet        : PUT "/api/recipe/150", parameters={}
2022-03-20 12:26:47.341 DEBUG 5300 --- [io-8701-exec-11] s.w.s.m.m.a.RequestMappingHandlerMapping : Mapped to recipes.presentation.RecipesController#updateRecipe(Long, Recipe, UserDetails)
2022-03-20 12:26:47.341 DEBUG 5300 --- [io-8701-exec-11] o.j.s.OpenEntityManagerInViewInterceptor : Opening JPA EntityManager in OpenEntityManagerInViewInterceptor
2022-03-20 12:26:47.343 DEBUG 5300 --- [io-8701-exec-11] m.m.a.RequestResponseBodyMethodProcessor : Read "application/json;charset=UTF-8" to [Recipe(id=0, name=Warming Ginger Tea, date=null, category=beverage, description=Ginger tea is a warm (truncated)...]
2022-03-20 12:26:47.344 DEBUG 5300 --- [io-8701-exec-11] w.c.HttpSessionSecurityContextRepository : Stored SecurityContextImpl [Authentication=UsernamePasswordAuthenticationToken [Principal=recipes.businesslayer.UserDetailsImpl@6c138d5b, Credentials=[PROTECTED], Authenticated=true, Details=WebAuthenticationDetails [RemoteIpAddress=127.0.0.1, SessionId=null], Granted Authorities=[]]] to HttpSession [org.apache.catalina.session.StandardSessionFacade@65032935]
2022-03-20 12:26:47.345  WARN 5300 --- [io-8701-exec-11] .w.s.m.s.DefaultHandlerExceptionResolver : Resolved [org.springframework.web.bind.MethodArgumentNotValidException: Validation failed for argument [1] in public org.springframework.http.ResponseEntity recipes.presentation.RecipesController.updateRecipe(java.lang.Long,recipes.businesslayer.Recipe,org.springframework.security.core.userdetails.UserDetails) with 2 errors: [Field error in object 'recipe' on field 'directions': rejected value [[]]; codes [NotEmpty.recipe.directions,NotEmpty.directions,NotEmpty.java.util.List,NotEmpty]; arguments [org.springframework.context.support.DefaultMessageSourceResolvable: codes [recipe.directions,directions]; arguments []; default message [directions]]; default message [must not be empty]] [Field error in object 'recipe' on field 'directions': rejected value [[]]; codes [Size.recipe.directions,Size.directions,Size.java.util.List,Size]; arguments [org.springframework.context.support.DefaultMessageSourceResolvable: codes [recipe.directions,directions]; arguments []; default message [directions],2147483647,1]; default message [size must be between 1 and 2147483647]] ]
2022-03-20 12:26:47.345 DEBUG 5300 --- [io-8701-exec-11] o.j.s.OpenEntityManagerInViewInterceptor : Closing JPA EntityManager in OpenEntityManagerInViewInterceptor
2022-03-20 12:26:47.345 DEBUG 5300 --- [io-8701-exec-11] o.s.web.servlet.DispatcherServlet        : Completed 400 BAD_REQUEST
2022-03-20 12:26:47.345 DEBUG 5300 --- [io-8701-exec-11] w.c.HttpSessionSecurityContextRepository : Stored SecurityContextImpl [Authentication=UsernamePasswordAuthenticationToken [Principal=recipes.businesslayer.UserDetailsImpl@6c138d5b, Credentials=[PROTECTED], Authenticated=true, Details=WebAuthenticationDetails [RemoteIpAddress=127.0.0.1, SessionId=null], Granted Authorities=[]]] to HttpSession [org.apache.catalina.session.StandardSessionFacade@65032935]
2022-03-20 12:26:47.346 DEBUG 5300 --- [io-8701-exec-11] s.s.w.c.SecurityContextPersistenceFilter : Cleared SecurityContextHolder to complete request
2022-03-20 12:26:47.347 DEBUG 5300 --- [io-8701-exec-11] o.s.security.web.FilterChainProxy        : Securing PUT /error
2022-03-20 12:26:47.347 DEBUG 5300 --- [io-8701-exec-11] w.c.HttpSessionSecurityContextRepository : Retrieved SecurityContextImpl [Authentication=UsernamePasswordAuthenticationToken [Principal=recipes.businesslayer.UserDetailsImpl@6c138d5b, Credentials=[PROTECTED], Authenticated=true, Details=WebAuthenticationDetails [RemoteIpAddress=127.0.0.1, SessionId=null], Granted Authorities=[]]]
2022-03-20 12:26:47.347 DEBUG 5300 --- [io-8701-exec-11] s.s.w.c.SecurityContextPersistenceFilter : Set SecurityContextHolder to SecurityContextImpl [Authentication=UsernamePasswordAuthenticationToken [Principal=recipes.businesslayer.UserDetailsImpl@6c138d5b, Credentials=[PROTECTED], Authenticated=true, Details=WebAuthenticationDetails [RemoteIpAddress=127.0.0.1, SessionId=null], Granted Authorities=[]]]
2022-03-20 12:26:47.347 DEBUG 5300 --- [io-8701-exec-11] o.s.security.web.FilterChainProxy        : Secured PUT /error
2022-03-20 12:26:47.347 DEBUG 5300 --- [io-8701-exec-11] o.s.web.servlet.DispatcherServlet        : "ERROR" dispatch for PUT "/error", parameters={}
2022-03-20 12:26:47.348 DEBUG 5300 --- [io-8701-exec-11] s.w.s.m.m.a.RequestMappingHandlerMapping : Mapped to org.springframework.boot.autoconfigure.web.servlet.error.BasicErrorController#error(HttpServletRequest)
2022-03-20 12:26:47.348 DEBUG 5300 --- [io-8701-exec-11] o.j.s.OpenEntityManagerInViewInterceptor : Opening JPA EntityManager in OpenEntityManagerInViewInterceptor
2022-03-20 12:26:47.349 DEBUG 5300 --- [io-8701-exec-11] o.s.w.s.m.m.a.HttpEntityMethodProcessor  : Using 'application/json', given [*/*] and supported [application/json, application/*+json, application/json, application/*+json]
2022-03-20 12:26:47.349 DEBUG 5300 --- [io-8701-exec-11] o.s.w.s.m.m.a.HttpEntityMethodProcessor  : Writing [{timestamp=Sun Mar 20 12:26:47 MSK 2022, status=400, error=Bad Request, path=/api/recipe/150}]
2022-03-20 12:26:47.350 DEBUG 5300 --- [io-8701-exec-11] o.j.s.OpenEntityManagerInViewInterceptor : Closing JPA EntityManager in OpenEntityManagerInViewInterceptor
2022-03-20 12:26:47.350 DEBUG 5300 --- [io-8701-exec-11] o.s.web.servlet.DispatcherServlet        : Exiting from "ERROR" dispatch, status 400
2022-03-20 12:26:47.351 DEBUG 5300 --- [io-8701-exec-11] s.s.w.c.SecurityContextPersistenceFilter : Cleared SecurityContextHolder to complete request
?[1;31m
Start test 58?[0m
2022-03-20 12:26:47.359 DEBUG 5300 --- [nio-8701-exec-2] o.s.security.web.FilterChainProxy        : Securing PUT /api/recipe/150
2022-03-20 12:26:47.359 DEBUG 5300 --- [nio-8701-exec-2] s.s.w.c.SecurityContextPersistenceFilter : Set SecurityContextHolder to empty SecurityContext
2022-03-20 12:26:47.359 DEBUG 5300 --- [nio-8701-exec-2] tor$SharedEntityManagerInvocationHandler : Creating new EntityManager for shared EntityManager invocation
Hibernate: select user0_.email as email1_3_, user0_.password as password2_3_ from users user0_ where user0_.email=?
2022-03-20 12:26:47.362 DEBUG 5300 --- [nio-8701-exec-2] o.s.s.a.dao.DaoAuthenticationProvider    : Authenticated user
2022-03-20 12:26:47.362 DEBUG 5300 --- [nio-8701-exec-2] o.s.s.w.a.www.BasicAuthenticationFilter  : Set SecurityContextHolder to UsernamePasswordAuthenticationToken [Principal=recipes.businesslayer.UserDetailsImpl@7d1be801, Credentials=[PROTECTED], Authenticated=true, Details=WebAuthenticationDetails [RemoteIpAddress=127.0.0.1, SessionId=null], Granted Authorities=[]]
2022-03-20 12:26:47.363 DEBUG 5300 --- [nio-8701-exec-2] w.c.HttpSessionSecurityContextRepository : Created HttpSession as SecurityContext is non-default
2022-03-20 12:26:47.363 DEBUG 5300 --- [nio-8701-exec-2] w.c.HttpSessionSecurityContextRepository : Stored SecurityContextImpl [Authentication=UsernamePasswordAuthenticationToken [Principal=recipes.businesslayer.UserDetailsImpl@7d1be801, Credentials=[PROTECTED], Authenticated=true, Details=WebAuthenticationDetails [RemoteIpAddress=127.0.0.1, SessionId=null], Granted Authorities=[]]] to HttpSession [org.apache.catalina.session.StandardSessionFacade@73ade7ae]
2022-03-20 12:26:47.363 DEBUG 5300 --- [nio-8701-exec-2] s.w.s.m.m.a.RequestMappingHandlerMapping : Mapped to recipes.presentation.RecipesController#updateRecipe(Long, Recipe, UserDetails)
2022-03-20 12:26:47.364 DEBUG 5300 --- [nio-8701-exec-2] o.s.s.w.a.i.FilterSecurityInterceptor    : Authorized filter invocation [PUT /api/recipe/150] with attributes [authenticated]
2022-03-20 12:26:47.364 DEBUG 5300 --- [nio-8701-exec-2] o.s.security.web.FilterChainProxy        : Secured PUT /api/recipe/150
2022-03-20 12:26:47.364 DEBUG 5300 --- [nio-8701-exec-2] o.s.web.servlet.DispatcherServlet        : PUT "/api/recipe/150", parameters={}
2022-03-20 12:26:47.365 DEBUG 5300 --- [nio-8701-exec-2] s.w.s.m.m.a.RequestMappingHandlerMapping : Mapped to recipes.presentation.RecipesController#updateRecipe(Long, Recipe, UserDetails)
2022-03-20 12:26:47.365 DEBUG 5300 --- [nio-8701-exec-2] o.j.s.OpenEntityManagerInViewInterceptor : Opening JPA EntityManager in OpenEntityManagerInViewInterceptor
2022-03-20 12:26:47.366 DEBUG 5300 --- [nio-8701-exec-2] m.m.a.RequestResponseBodyMethodProcessor : Read "application/json;charset=UTF-8" to [Recipe(id=0, name=  , date=null, category=beverage, description=Light, aromatic and refreshing bever (truncated)...]
2022-03-20 12:26:47.368 DEBUG 5300 --- [nio-8701-exec-2] w.c.HttpSessionSecurityContextRepository : Stored SecurityContextImpl [Authentication=UsernamePasswordAuthenticationToken [Principal=recipes.businesslayer.UserDetailsImpl@7d1be801, Credentials=[PROTECTED], Authenticated=true, Details=WebAuthenticationDetails [RemoteIpAddress=127.0.0.1, SessionId=null], Granted Authorities=[]]] to HttpSession [org.apache.catalina.session.StandardSessionFacade@73ade7ae]
2022-03-20 12:26:47.368  WARN 5300 --- [nio-8701-exec-2] .w.s.m.s.DefaultHandlerExceptionResolver : Resolved [org.springframework.web.bind.MethodArgumentNotValidException: Validation failed for argument [1] in public org.springframework.http.ResponseEntity recipes.presentation.RecipesController.updateRecipe(java.lang.Long,recipes.businesslayer.Recipe,org.springframework.security.core.userdetails.UserDetails): [Field error in object 'recipe' on field 'name': rejected value [  ]; codes [NotBlank.recipe.name,NotBlank.name,NotBlank.java.lang.String,NotBlank]; arguments [org.springframework.context.support.DefaultMessageSourceResolvable: codes [recipe.name,name]; arguments []; default message [name]]; default message [must not be blank]] ]
2022-03-20 12:26:47.369 DEBUG 5300 --- [nio-8701-exec-2] o.j.s.OpenEntityManagerInViewInterceptor : Closing JPA EntityManager in OpenEntityManagerInViewInterceptor
2022-03-20 12:26:47.369 DEBUG 5300 --- [nio-8701-exec-2] o.s.web.servlet.DispatcherServlet        : Completed 400 BAD_REQUEST
2022-03-20 12:26:47.369 DEBUG 5300 --- [nio-8701-exec-2] w.c.HttpSessionSecurityContextRepository : Stored SecurityContextImpl [Authentication=UsernamePasswordAuthenticationToken [Principal=recipes.businesslayer.UserDetailsImpl@7d1be801, Credentials=[PROTECTED], Authenticated=true, Details=WebAuthenticationDetails [RemoteIpAddress=127.0.0.1, SessionId=null], Granted Authorities=[]]] to HttpSession [org.apache.catalina.session.StandardSessionFacade@73ade7ae]
2022-03-20 12:26:47.369 DEBUG 5300 --- [nio-8701-exec-2] s.s.w.c.SecurityContextPersistenceFilter : Cleared SecurityContextHolder to complete request
2022-03-20 12:26:47.370 DEBUG 5300 --- [nio-8701-exec-2] o.s.security.web.FilterChainProxy        : Securing PUT /error
2022-03-20 12:26:47.370 DEBUG 5300 --- [nio-8701-exec-2] w.c.HttpSessionSecurityContextRepository : Retrieved SecurityContextImpl [Authentication=UsernamePasswordAuthenticationToken [Principal=recipes.businesslayer.UserDetailsImpl@7d1be801, Credentials=[PROTECTED], Authenticated=true, Details=WebAuthenticationDetails [RemoteIpAddress=127.0.0.1, SessionId=null], Granted Authorities=[]]]
2022-03-20 12:26:47.370 DEBUG 5300 --- [nio-8701-exec-2] s.s.w.c.SecurityContextPersistenceFilter : Set SecurityContextHolder to SecurityContextImpl [Authentication=UsernamePasswordAuthenticationToken [Principal=recipes.businesslayer.UserDetailsImpl@7d1be801, Credentials=[PROTECTED], Authenticated=true, Details=WebAuthenticationDetails [RemoteIpAddress=127.0.0.1, SessionId=null], Granted Authorities=[]]]
2022-03-20 12:26:47.370 DEBUG 5300 --- [nio-8701-exec-2] o.s.security.web.FilterChainProxy        : Secured PUT /error
2022-03-20 12:26:47.371 DEBUG 5300 --- [nio-8701-exec-2] o.s.web.servlet.DispatcherServlet        : "ERROR" dispatch for PUT "/error", parameters={}
2022-03-20 12:26:47.371 DEBUG 5300 --- [nio-8701-exec-2] s.w.s.m.m.a.RequestMappingHandlerMapping : Mapped to org.springframework.boot.autoconfigure.web.servlet.error.BasicErrorController#error(HttpServletRequest)
2022-03-20 12:26:47.371 DEBUG 5300 --- [nio-8701-exec-2] o.j.s.OpenEntityManagerInViewInterceptor : Opening JPA EntityManager in OpenEntityManagerInViewInterceptor
2022-03-20 12:26:47.372 DEBUG 5300 --- [nio-8701-exec-2] o.s.w.s.m.m.a.HttpEntityMethodProcessor  : Using 'application/json', given [*/*] and supported [application/json, application/*+json, application/json, application/*+json]
2022-03-20 12:26:47.373 DEBUG 5300 --- [nio-8701-exec-2] o.s.w.s.m.m.a.HttpEntityMethodProcessor  : Writing [{timestamp=Sun Mar 20 12:26:47 MSK 2022, status=400, error=Bad Request, path=/api/recipe/150}]
2022-03-20 12:26:47.374 DEBUG 5300 --- [nio-8701-exec-2] o.j.s.OpenEntityManagerInViewInterceptor : Closing JPA EntityManager in OpenEntityManagerInViewInterceptor
2022-03-20 12:26:47.374 DEBUG 5300 --- [nio-8701-exec-2] o.s.web.servlet.DispatcherServlet        : Exiting from "ERROR" dispatch, status 400
2022-03-20 12:26:47.374 DEBUG 5300 --- [nio-8701-exec-2] s.s.w.c.SecurityContextPersistenceFilter : Cleared SecurityContextHolder to complete request
?[1;31m
Start test 59?[0m
2022-03-20 12:26:47.381 DEBUG 5300 --- [nio-8701-exec-1] o.s.security.web.FilterChainProxy        : Securing PUT /api/recipe/150
2022-03-20 12:26:47.381 DEBUG 5300 --- [nio-8701-exec-1] s.s.w.c.SecurityContextPersistenceFilter : Set SecurityContextHolder to empty SecurityContext
2022-03-20 12:26:47.381 DEBUG 5300 --- [nio-8701-exec-1] tor$SharedEntityManagerInvocationHandler : Creating new EntityManager for shared EntityManager invocation
Hibernate: select user0_.email as email1_3_, user0_.password as password2_3_ from users user0_ where user0_.email=?
2022-03-20 12:26:47.384 DEBUG 5300 --- [nio-8701-exec-1] o.s.s.a.dao.DaoAuthenticationProvider    : Authenticated user
2022-03-20 12:26:47.384 DEBUG 5300 --- [nio-8701-exec-1] o.s.s.w.a.www.BasicAuthenticationFilter  : Set SecurityContextHolder to UsernamePasswordAuthenticationToken [Principal=recipes.businesslayer.UserDetailsImpl@65933924, Credentials=[PROTECTED], Authenticated=true, Details=WebAuthenticationDetails [RemoteIpAddress=127.0.0.1, SessionId=null], Granted Authorities=[]]
2022-03-20 12:26:47.385 DEBUG 5300 --- [nio-8701-exec-1] w.c.HttpSessionSecurityContextRepository : Created HttpSession as SecurityContext is non-default
2022-03-20 12:26:47.385 DEBUG 5300 --- [nio-8701-exec-1] w.c.HttpSessionSecurityContextRepository : Stored SecurityContextImpl [Authentication=UsernamePasswordAuthenticationToken [Principal=recipes.businesslayer.UserDetailsImpl@65933924, Credentials=[PROTECTED], Authenticated=true, Details=WebAuthenticationDetails [RemoteIpAddress=127.0.0.1, SessionId=null], Granted Authorities=[]]] to HttpSession [org.apache.catalina.session.StandardSessionFacade@2c482cf0]
2022-03-20 12:26:47.385 DEBUG 5300 --- [nio-8701-exec-1] s.w.s.m.m.a.RequestMappingHandlerMapping : Mapped to recipes.presentation.RecipesController#updateRecipe(Long, Recipe, UserDetails)
2022-03-20 12:26:47.386 DEBUG 5300 --- [nio-8701-exec-1] o.s.s.w.a.i.FilterSecurityInterceptor    : Authorized filter invocation [PUT /api/recipe/150] with attributes [authenticated]
2022-03-20 12:26:47.386 DEBUG 5300 --- [nio-8701-exec-1] o.s.security.web.FilterChainProxy        : Secured PUT /api/recipe/150
2022-03-20 12:26:47.386 DEBUG 5300 --- [nio-8701-exec-1] o.s.web.servlet.DispatcherServlet        : PUT "/api/recipe/150", parameters={}
2022-03-20 12:26:47.387 DEBUG 5300 --- [nio-8701-exec-1] s.w.s.m.m.a.RequestMappingHandlerMapping : Mapped to recipes.presentation.RecipesController#updateRecipe(Long, Recipe, UserDetails)
2022-03-20 12:26:47.387 DEBUG 5300 --- [nio-8701-exec-1] o.j.s.OpenEntityManagerInViewInterceptor : Opening JPA EntityManager in OpenEntityManagerInViewInterceptor
2022-03-20 12:26:47.389 DEBUG 5300 --- [nio-8701-exec-1] m.m.a.RequestResponseBodyMethodProcessor : Read "application/json;charset=UTF-8" to [Recipe(id=0, name=Fresh Mint Tea, date=null, category=  , description=Light, aromatic and refreshing (truncated)...]
2022-03-20 12:26:47.390 DEBUG 5300 --- [nio-8701-exec-1] w.c.HttpSessionSecurityContextRepository : Stored SecurityContextImpl [Authentication=UsernamePasswordAuthenticationToken [Principal=recipes.businesslayer.UserDetailsImpl@65933924, Credentials=[PROTECTED], Authenticated=true, Details=WebAuthenticationDetails [RemoteIpAddress=127.0.0.1, SessionId=null], Granted Authorities=[]]] to HttpSession [org.apache.catalina.session.StandardSessionFacade@2c482cf0]
2022-03-20 12:26:47.390  WARN 5300 --- [nio-8701-exec-1] .w.s.m.s.DefaultHandlerExceptionResolver : Resolved [org.springframework.web.bind.MethodArgumentNotValidException: Validation failed for argument [1] in public org.springframework.http.ResponseEntity recipes.presentation.RecipesController.updateRecipe(java.lang.Long,recipes.businesslayer.Recipe,org.springframework.security.core.userdetails.UserDetails): [Field error in object 'recipe' on field 'category': rejected value [  ]; codes [NotBlank.recipe.category,NotBlank.category,NotBlank.java.lang.String,NotBlank]; arguments [org.springframework.context.support.DefaultMessageSourceResolvable: codes [recipe.category,category]; arguments []; default message [category]]; default message [must not be blank]] ]
2022-03-20 12:26:47.390 DEBUG 5300 --- [nio-8701-exec-1] o.j.s.OpenEntityManagerInViewInterceptor : Closing JPA EntityManager in OpenEntityManagerInViewInterceptor
2022-03-20 12:26:47.390 DEBUG 5300 --- [nio-8701-exec-1] o.s.web.servlet.DispatcherServlet        : Completed 400 BAD_REQUEST
2022-03-20 12:26:47.391 DEBUG 5300 --- [nio-8701-exec-1] w.c.HttpSessionSecurityContextRepository : Stored SecurityContextImpl [Authentication=UsernamePasswordAuthenticationToken [Principal=recipes.businesslayer.UserDetailsImpl@65933924, Credentials=[PROTECTED], Authenticated=true, Details=WebAuthenticationDetails [RemoteIpAddress=127.0.0.1, SessionId=null], Granted Authorities=[]]] to HttpSession [org.apache.catalina.session.StandardSessionFacade@2c482cf0]
2022-03-20 12:26:47.391 DEBUG 5300 --- [nio-8701-exec-1] s.s.w.c.SecurityContextPersistenceFilter : Cleared SecurityContextHolder to complete request
2022-03-20 12:26:47.392 DEBUG 5300 --- [nio-8701-exec-1] o.s.security.web.FilterChainProxy        : Securing PUT /error
2022-03-20 12:26:47.392 DEBUG 5300 --- [nio-8701-exec-1] w.c.HttpSessionSecurityContextRepository : Retrieved SecurityContextImpl [Authentication=UsernamePasswordAuthenticationToken [Principal=recipes.businesslayer.UserDetailsImpl@65933924, Credentials=[PROTECTED], Authenticated=true, Details=WebAuthenticationDetails [RemoteIpAddress=127.0.0.1, SessionId=null], Granted Authorities=[]]]
2022-03-20 12:26:47.392 DEBUG 5300 --- [nio-8701-exec-1] s.s.w.c.SecurityContextPersistenceFilter : Set SecurityContextHolder to SecurityContextImpl [Authentication=UsernamePasswordAuthenticationToken [Principal=recipes.businesslayer.UserDetailsImpl@65933924, Credentials=[PROTECTED], Authenticated=true, Details=WebAuthenticationDetails [RemoteIpAddress=127.0.0.1, SessionId=null], Granted Authorities=[]]]
2022-03-20 12:26:47.392 DEBUG 5300 --- [nio-8701-exec-1] o.s.security.web.FilterChainProxy        : Secured PUT /error
2022-03-20 12:26:47.392 DEBUG 5300 --- [nio-8701-exec-1] o.s.web.servlet.DispatcherServlet        : "ERROR" dispatch for PUT "/error", parameters={}
2022-03-20 12:26:47.393 DEBUG 5300 --- [nio-8701-exec-1] s.w.s.m.m.a.RequestMappingHandlerMapping : Mapped to org.springframework.boot.autoconfigure.web.servlet.error.BasicErrorController#error(HttpServletRequest)
2022-03-20 12:26:47.393 DEBUG 5300 --- [nio-8701-exec-1] o.j.s.OpenEntityManagerInViewInterceptor : Opening JPA EntityManager in OpenEntityManagerInViewInterceptor
2022-03-20 12:26:47.394 DEBUG 5300 --- [nio-8701-exec-1] o.s.w.s.m.m.a.HttpEntityMethodProcessor  : Using 'application/json', given [*/*] and supported [application/json, application/*+json, application/json, application/*+json]
2022-03-20 12:26:47.394 DEBUG 5300 --- [nio-8701-exec-1] o.s.w.s.m.m.a.HttpEntityMethodProcessor  : Writing [{timestamp=Sun Mar 20 12:26:47 MSK 2022, status=400, error=Bad Request, path=/api/recipe/150}]
2022-03-20 12:26:47.396 DEBUG 5300 --- [nio-8701-exec-1] o.j.s.OpenEntityManagerInViewInterceptor : Closing JPA EntityManager in OpenEntityManagerInViewInterceptor
2022-03-20 12:26:47.396 DEBUG 5300 --- [nio-8701-exec-1] o.s.web.servlet.DispatcherServlet        : Exiting from "ERROR" dispatch, status 400
2022-03-20 12:26:47.396 DEBUG 5300 --- [nio-8701-exec-1] s.s.w.c.SecurityContextPersistenceFilter : Cleared SecurityContextHolder to complete request
?[1;31m
Start test 60?[0m
2022-03-20 12:26:47.413 DEBUG 5300 --- [nio-8701-exec-3] o.s.security.web.FilterChainProxy        : Securing PUT /api/recipe/150
2022-03-20 12:26:47.413 DEBUG 5300 --- [nio-8701-exec-3] s.s.w.c.SecurityContextPersistenceFilter : Set SecurityContextHolder to empty SecurityContext
2022-03-20 12:26:47.413 DEBUG 5300 --- [nio-8701-exec-3] tor$SharedEntityManagerInvocationHandler : Creating new EntityManager for shared EntityManager invocation
Hibernate: select user0_.email as email1_3_, user0_.password as password2_3_ from users user0_ where user0_.email=?
2022-03-20 12:26:47.417 DEBUG 5300 --- [nio-8701-exec-3] o.s.s.a.dao.DaoAuthenticationProvider    : Authenticated user
2022-03-20 12:26:47.417 DEBUG 5300 --- [nio-8701-exec-3] o.s.s.w.a.www.BasicAuthenticationFilter  : Set SecurityContextHolder to UsernamePasswordAuthenticationToken [Principal=recipes.businesslayer.UserDetailsImpl@4171a0b1, Credentials=[PROTECTED], Authenticated=true, Details=WebAuthenticationDetails [RemoteIpAddress=127.0.0.1, SessionId=null], Granted Authorities=[]]
2022-03-20 12:26:47.417 DEBUG 5300 --- [nio-8701-exec-3] w.c.HttpSessionSecurityContextRepository : Created HttpSession as SecurityContext is non-default
2022-03-20 12:26:47.417 DEBUG 5300 --- [nio-8701-exec-3] w.c.HttpSessionSecurityContextRepository : Stored SecurityContextImpl [Authentication=UsernamePasswordAuthenticationToken [Principal=recipes.businesslayer.UserDetailsImpl@4171a0b1, Credentials=[PROTECTED], Authenticated=true, Details=WebAuthenticationDetails [RemoteIpAddress=127.0.0.1, SessionId=null], Granted Authorities=[]]] to HttpSession [org.apache.catalina.session.StandardSessionFacade@7020cb90]
2022-03-20 12:26:47.418 DEBUG 5300 --- [nio-8701-exec-3] s.w.s.m.m.a.RequestMappingHandlerMapping : Mapped to recipes.presentation.RecipesController#updateRecipe(Long, Recipe, UserDetails)
2022-03-20 12:26:47.419 DEBUG 5300 --- [nio-8701-exec-3] o.s.s.w.a.i.FilterSecurityInterceptor    : Authorized filter invocation [PUT /api/recipe/150] with attributes [authenticated]
2022-03-20 12:26:47.419 DEBUG 5300 --- [nio-8701-exec-3] o.s.security.web.FilterChainProxy        : Secured PUT /api/recipe/150
2022-03-20 12:26:47.419 DEBUG 5300 --- [nio-8701-exec-3] o.s.web.servlet.DispatcherServlet        : PUT "/api/recipe/150", parameters={}
2022-03-20 12:26:47.419 DEBUG 5300 --- [nio-8701-exec-3] s.w.s.m.m.a.RequestMappingHandlerMapping : Mapped to recipes.presentation.RecipesController#updateRecipe(Long, Recipe, UserDetails)
2022-03-20 12:26:47.420 DEBUG 5300 --- [nio-8701-exec-3] o.j.s.OpenEntityManagerInViewInterceptor : Opening JPA EntityManager in OpenEntityManagerInViewInterceptor
2022-03-20 12:26:47.421 DEBUG 5300 --- [nio-8701-exec-3] m.m.a.RequestResponseBodyMethodProcessor : Read "application/json;charset=UTF-8" to [Recipe(id=0, name=Warming Ginger Tea, date=null, category=beverage, description=  , ingredients=[1 i (truncated)...]
2022-03-20 12:26:47.423 DEBUG 5300 --- [nio-8701-exec-3] w.c.HttpSessionSecurityContextRepository : Stored SecurityContextImpl [Authentication=UsernamePasswordAuthenticationToken [Principal=recipes.businesslayer.UserDetailsImpl@4171a0b1, Credentials=[PROTECTED], Authenticated=true, Details=WebAuthenticationDetails [RemoteIpAddress=127.0.0.1, SessionId=null], Granted Authorities=[]]] to HttpSession [org.apache.catalina.session.StandardSessionFacade@7020cb90]
2022-03-20 12:26:47.423  WARN 5300 --- [nio-8701-exec-3] .w.s.m.s.DefaultHandlerExceptionResolver : Resolved [org.springframework.web.bind.MethodArgumentNotValidException: Validation failed for argument [1] in public org.springframework.http.ResponseEntity recipes.presentation.RecipesController.updateRecipe(java.lang.Long,recipes.businesslayer.Recipe,org.springframework.security.core.userdetails.UserDetails): [Field error in object 'recipe' on field 'description': rejected value [  ]; codes [NotBlank.recipe.description,NotBlank.description,NotBlank.java.lang.String,NotBlank]; arguments [org.springframework.context.support.DefaultMessageSourceResolvable: codes [recipe.description,description]; arguments []; default message [description]]; default message [must not be blank]] ]
2022-03-20 12:26:47.423 DEBUG 5300 --- [nio-8701-exec-3] o.j.s.OpenEntityManagerInViewInterceptor : Closing JPA EntityManager in OpenEntityManagerInViewInterceptor
2022-03-20 12:26:47.423 DEBUG 5300 --- [nio-8701-exec-3] o.s.web.servlet.DispatcherServlet        : Completed 400 BAD_REQUEST
2022-03-20 12:26:47.424 DEBUG 5300 --- [nio-8701-exec-3] w.c.HttpSessionSecurityContextRepository : Stored SecurityContextImpl [Authentication=UsernamePasswordAuthenticationToken [Principal=recipes.businesslayer.UserDetailsImpl@4171a0b1, Credentials=[PROTECTED], Authenticated=true, Details=WebAuthenticationDetails [RemoteIpAddress=127.0.0.1, SessionId=null], Granted Authorities=[]]] to HttpSession [org.apache.catalina.session.StandardSessionFacade@7020cb90]
2022-03-20 12:26:47.424 DEBUG 5300 --- [nio-8701-exec-3] s.s.w.c.SecurityContextPersistenceFilter : Cleared SecurityContextHolder to complete request
2022-03-20 12:26:47.425 DEBUG 5300 --- [nio-8701-exec-3] o.s.security.web.FilterChainProxy        : Securing PUT /error
2022-03-20 12:26:47.425 DEBUG 5300 --- [nio-8701-exec-3] w.c.HttpSessionSecurityContextRepository : Retrieved SecurityContextImpl [Authentication=UsernamePasswordAuthenticationToken [Principal=recipes.businesslayer.UserDetailsImpl@4171a0b1, Credentials=[PROTECTED], Authenticated=true, Details=WebAuthenticationDetails [RemoteIpAddress=127.0.0.1, SessionId=null], Granted Authorities=[]]]
2022-03-20 12:26:47.425 DEBUG 5300 --- [nio-8701-exec-3] s.s.w.c.SecurityContextPersistenceFilter : Set SecurityContextHolder to SecurityContextImpl [Authentication=UsernamePasswordAuthenticationToken [Principal=recipes.businesslayer.UserDetailsImpl@4171a0b1, Credentials=[PROTECTED], Authenticated=true, Details=WebAuthenticationDetails [RemoteIpAddress=127.0.0.1, SessionId=null], Granted Authorities=[]]]
2022-03-20 12:26:47.425 DEBUG 5300 --- [nio-8701-exec-3] o.s.security.web.FilterChainProxy        : Secured PUT /error
2022-03-20 12:26:47.425 DEBUG 5300 --- [nio-8701-exec-3] o.s.web.servlet.DispatcherServlet        : "ERROR" dispatch for PUT "/error", parameters={}
2022-03-20 12:26:47.426 DEBUG 5300 --- [nio-8701-exec-3] s.w.s.m.m.a.RequestMappingHandlerMapping : Mapped to org.springframework.boot.autoconfigure.web.servlet.error.BasicErrorController#error(HttpServletRequest)
2022-03-20 12:26:47.426 DEBUG 5300 --- [nio-8701-exec-3] o.j.s.OpenEntityManagerInViewInterceptor : Opening JPA EntityManager in OpenEntityManagerInViewInterceptor
2022-03-20 12:26:47.427 DEBUG 5300 --- [nio-8701-exec-3] o.s.w.s.m.m.a.HttpEntityMethodProcessor  : Using 'application/json', given [*/*] and supported [application/json, application/*+json, application/json, application/*+json]
2022-03-20 12:26:47.427 DEBUG 5300 --- [nio-8701-exec-3] o.s.w.s.m.m.a.HttpEntityMethodProcessor  : Writing [{timestamp=Sun Mar 20 12:26:47 MSK 2022, status=400, error=Bad Request, path=/api/recipe/150}]
2022-03-20 12:26:47.428 DEBUG 5300 --- [nio-8701-exec-3] o.j.s.OpenEntityManagerInViewInterceptor : Closing JPA EntityManager in OpenEntityManagerInViewInterceptor
2022-03-20 12:26:47.428 DEBUG 5300 --- [nio-8701-exec-3] o.s.web.servlet.DispatcherServlet        : Exiting from "ERROR" dispatch, status 400
2022-03-20 12:26:47.429 DEBUG 5300 --- [nio-8701-exec-3] s.s.w.c.SecurityContextPersistenceFilter : Cleared SecurityContextHolder to complete request
?[1;31m
Start test 61?[0m
2022-03-20 12:26:47.453 DEBUG 5300 --- [nio-8701-exec-4] o.s.security.web.FilterChainProxy        : Securing PUT /api/recipe/150
2022-03-20 12:26:47.453 DEBUG 5300 --- [nio-8701-exec-4] s.s.w.c.SecurityContextPersistenceFilter : Set SecurityContextHolder to empty SecurityContext
2022-03-20 12:26:47.454 DEBUG 5300 --- [nio-8701-exec-4] tor$SharedEntityManagerInvocationHandler : Creating new EntityManager for shared EntityManager invocation
Hibernate: select user0_.email as email1_3_, user0_.password as password2_3_ from users user0_ where user0_.email=?
2022-03-20 12:26:47.459 DEBUG 5300 --- [nio-8701-exec-4] o.s.s.a.dao.DaoAuthenticationProvider    : Authenticated user
2022-03-20 12:26:47.459 DEBUG 5300 --- [nio-8701-exec-4] o.s.s.w.a.www.BasicAuthenticationFilter  : Set SecurityContextHolder to UsernamePasswordAuthenticationToken [Principal=recipes.businesslayer.UserDetailsImpl@50f46897, Credentials=[PROTECTED], Authenticated=true, Details=WebAuthenticationDetails [RemoteIpAddress=127.0.0.1, SessionId=null], Granted Authorities=[]]
2022-03-20 12:26:47.459 DEBUG 5300 --- [nio-8701-exec-4] w.c.HttpSessionSecurityContextRepository : Created HttpSession as SecurityContext is non-default
2022-03-20 12:26:47.460 DEBUG 5300 --- [nio-8701-exec-4] w.c.HttpSessionSecurityContextRepository : Stored SecurityContextImpl [Authentication=UsernamePasswordAuthenticationToken [Principal=recipes.businesslayer.UserDetailsImpl@50f46897, Credentials=[PROTECTED], Authenticated=true, Details=WebAuthenticationDetails [RemoteIpAddress=127.0.0.1, SessionId=null], Granted Authorities=[]]] to HttpSession [org.apache.catalina.session.StandardSessionFacade@a7475f4]
2022-03-20 12:26:47.461 DEBUG 5300 --- [nio-8701-exec-4] s.w.s.m.m.a.RequestMappingHandlerMapping : Mapped to recipes.presentation.RecipesController#updateRecipe(Long, Recipe, UserDetails)
2022-03-20 12:26:47.461 DEBUG 5300 --- [nio-8701-exec-4] o.s.s.w.a.i.FilterSecurityInterceptor    : Authorized filter invocation [PUT /api/recipe/150] with attributes [authenticated]
2022-03-20 12:26:47.461 DEBUG 5300 --- [nio-8701-exec-4] o.s.security.web.FilterChainProxy        : Secured PUT /api/recipe/150
2022-03-20 12:26:47.464 DEBUG 5300 --- [nio-8701-exec-4] o.s.web.servlet.DispatcherServlet        : PUT "/api/recipe/150", parameters={}
2022-03-20 12:26:47.465 DEBUG 5300 --- [nio-8701-exec-4] s.w.s.m.m.a.RequestMappingHandlerMapping : Mapped to recipes.presentation.RecipesController#updateRecipe(Long, Recipe, UserDetails)
2022-03-20 12:26:47.465 DEBUG 5300 --- [nio-8701-exec-4] o.j.s.OpenEntityManagerInViewInterceptor : Opening JPA EntityManager in OpenEntityManagerInViewInterceptor
2022-03-20 12:26:47.467 DEBUG 5300 --- [nio-8701-exec-4] m.m.a.RequestResponseBodyMethodProcessor : Read "application/json;charset=UTF-8" to [Recipe(id=0, name=Fresh Mint Tea, date=null, category=beverage, description=Light, aromatic and refr (truncated)...]
2022-03-20 12:26:47.472 DEBUG 5300 --- [nio-8701-exec-4] w.c.HttpSessionSecurityContextRepository : Stored SecurityContextImpl [Authentication=UsernamePasswordAuthenticationToken [Principal=recipes.businesslayer.UserDetailsImpl@50f46897, Credentials=[PROTECTED], Authenticated=true, Details=WebAuthenticationDetails [RemoteIpAddress=127.0.0.1, SessionId=null], Granted Authorities=[]]] to HttpSession [org.apache.catalina.session.StandardSessionFacade@a7475f4]
2022-03-20 12:26:47.472  WARN 5300 --- [nio-8701-exec-4] .w.s.m.s.DefaultHandlerExceptionResolver : Resolved [org.springframework.web.bind.MethodArgumentNotValidException: Validation failed for argument [1] in public org.springframework.http.ResponseEntity recipes.presentation.RecipesController.updateRecipe(java.lang.Long,recipes.businesslayer.Recipe,org.springframework.security.core.userdetails.UserDetails) with 2 errors: [Field error in object 'recipe' on field 'ingredients': rejected value [[]]; codes [NotEmpty.recipe.ingredients,NotEmpty.ingredients,NotEmpty.java.util.List,NotEmpty]; arguments [org.springframework.context.support.DefaultMessageSourceResolvable: codes [recipe.ingredients,ingredients]; arguments []; default message [ingredients]]; default message [must not be empty]] [Field error in object 'recipe' on field 'ingredients': rejected value [[]]; codes [Size.recipe.ingredients,Size.ingredients,Size.java.util.List,Size]; arguments [org.springframework.context.support.DefaultMessageSourceResolvable: codes [recipe.ingredients,ingredients]; arguments []; default message [ingredients],2147483647,1]; default message [size must be between 1 and 2147483647]] ]
2022-03-20 12:26:47.473 DEBUG 5300 --- [nio-8701-exec-4] o.j.s.OpenEntityManagerInViewInterceptor : Closing JPA EntityManager in OpenEntityManagerInViewInterceptor
2022-03-20 12:26:47.473 DEBUG 5300 --- [nio-8701-exec-4] o.s.web.servlet.DispatcherServlet        : Completed 400 BAD_REQUEST
2022-03-20 12:26:47.473 DEBUG 5300 --- [nio-8701-exec-4] w.c.HttpSessionSecurityContextRepository : Stored SecurityContextImpl [Authentication=UsernamePasswordAuthenticationToken [Principal=recipes.businesslayer.UserDetailsImpl@50f46897, Credentials=[PROTECTED], Authenticated=true, Details=WebAuthenticationDetails [RemoteIpAddress=127.0.0.1, SessionId=null], Granted Authorities=[]]] to HttpSession [org.apache.catalina.session.StandardSessionFacade@a7475f4]
2022-03-20 12:26:47.474 DEBUG 5300 --- [nio-8701-exec-4] s.s.w.c.SecurityContextPersistenceFilter : Cleared SecurityContextHolder to complete request
2022-03-20 12:26:47.474 DEBUG 5300 --- [nio-8701-exec-4] o.s.security.web.FilterChainProxy        : Securing PUT /error
2022-03-20 12:26:47.475 DEBUG 5300 --- [nio-8701-exec-4] w.c.HttpSessionSecurityContextRepository : Retrieved SecurityContextImpl [Authentication=UsernamePasswordAuthenticationToken [Principal=recipes.businesslayer.UserDetailsImpl@50f46897, Credentials=[PROTECTED], Authenticated=true, Details=WebAuthenticationDetails [RemoteIpAddress=127.0.0.1, SessionId=null], Granted Authorities=[]]]
2022-03-20 12:26:47.475 DEBUG 5300 --- [nio-8701-exec-4] s.s.w.c.SecurityContextPersistenceFilter : Set SecurityContextHolder to SecurityContextImpl [Authentication=UsernamePasswordAuthenticationToken [Principal=recipes.businesslayer.UserDetailsImpl@50f46897, Credentials=[PROTECTED], Authenticated=true, Details=WebAuthenticationDetails [RemoteIpAddress=127.0.0.1, SessionId=null], Granted Authorities=[]]]
2022-03-20 12:26:47.475 DEBUG 5300 --- [nio-8701-exec-4] o.s.security.web.FilterChainProxy        : Secured PUT /error
2022-03-20 12:26:47.476 DEBUG 5300 --- [nio-8701-exec-4] o.s.web.servlet.DispatcherServlet        : "ERROR" dispatch for PUT "/error", parameters={}
2022-03-20 12:26:47.477 DEBUG 5300 --- [nio-8701-exec-4] s.w.s.m.m.a.RequestMappingHandlerMapping : Mapped to org.springframework.boot.autoconfigure.web.servlet.error.BasicErrorController#error(HttpServletRequest)
2022-03-20 12:26:47.477 DEBUG 5300 --- [nio-8701-exec-4] o.j.s.OpenEntityManagerInViewInterceptor : Opening JPA EntityManager in OpenEntityManagerInViewInterceptor
2022-03-20 12:26:47.477 DEBUG 5300 --- [nio-8701-exec-4] o.s.w.s.m.m.a.HttpEntityMethodProcessor  : Using 'application/json', given [*/*] and supported [application/json, application/*+json, application/json, application/*+json]
2022-03-20 12:26:47.482 DEBUG 5300 --- [nio-8701-exec-4] o.s.w.s.m.m.a.HttpEntityMethodProcessor  : Writing [{timestamp=Sun Mar 20 12:26:47 MSK 2022, status=400, error=Bad Request, path=/api/recipe/150}]
2022-03-20 12:26:47.485 DEBUG 5300 --- [nio-8701-exec-4] o.j.s.OpenEntityManagerInViewInterceptor : Closing JPA EntityManager in OpenEntityManagerInViewInterceptor
2022-03-20 12:26:47.485 DEBUG 5300 --- [nio-8701-exec-4] o.s.web.servlet.DispatcherServlet        : Exiting from "ERROR" dispatch, status 400
2022-03-20 12:26:47.485 DEBUG 5300 --- [nio-8701-exec-4] s.s.w.c.SecurityContextPersistenceFilter : Cleared SecurityContextHolder to complete request
?[1;31m
Start test 62?[0m
2022-03-20 12:26:47.497 DEBUG 5300 --- [nio-8701-exec-5] o.s.security.web.FilterChainProxy        : Securing PUT /api/recipe/150
2022-03-20 12:26:47.498 DEBUG 5300 --- [nio-8701-exec-5] s.s.w.c.SecurityContextPersistenceFilter : Set SecurityContextHolder to empty SecurityContext
2022-03-20 12:26:47.498 DEBUG 5300 --- [nio-8701-exec-5] tor$SharedEntityManagerInvocationHandler : Creating new EntityManager for shared EntityManager invocation
Hibernate: select user0_.email as email1_3_, user0_.password as password2_3_ from users user0_ where user0_.email=?
2022-03-20 12:26:47.501 DEBUG 5300 --- [nio-8701-exec-5] o.s.s.a.dao.DaoAuthenticationProvider    : Authenticated user
2022-03-20 12:26:47.501 DEBUG 5300 --- [nio-8701-exec-5] o.s.s.w.a.www.BasicAuthenticationFilter  : Set SecurityContextHolder to UsernamePasswordAuthenticationToken [Principal=recipes.businesslayer.UserDetailsImpl@26236540, Credentials=[PROTECTED], Authenticated=true, Details=WebAuthenticationDetails [RemoteIpAddress=127.0.0.1, SessionId=null], Granted Authorities=[]]
2022-03-20 12:26:47.501 DEBUG 5300 --- [nio-8701-exec-5] w.c.HttpSessionSecurityContextRepository : Created HttpSession as SecurityContext is non-default
2022-03-20 12:26:47.501 DEBUG 5300 --- [nio-8701-exec-5] w.c.HttpSessionSecurityContextRepository : Stored SecurityContextImpl [Authentication=UsernamePasswordAuthenticationToken [Principal=recipes.businesslayer.UserDetailsImpl@26236540, Credentials=[PROTECTED], Authenticated=true, Details=WebAuthenticationDetails [RemoteIpAddress=127.0.0.1, SessionId=null], Granted Authorities=[]]] to HttpSession [org.apache.catalina.session.StandardSessionFacade@9696400]
2022-03-20 12:26:47.502 DEBUG 5300 --- [nio-8701-exec-5] s.w.s.m.m.a.RequestMappingHandlerMapping : Mapped to recipes.presentation.RecipesController#updateRecipe(Long, Recipe, UserDetails)
2022-03-20 12:26:47.503 DEBUG 5300 --- [nio-8701-exec-5] o.s.s.w.a.i.FilterSecurityInterceptor    : Authorized filter invocation [PUT /api/recipe/150] with attributes [authenticated]
2022-03-20 12:26:47.503 DEBUG 5300 --- [nio-8701-exec-5] o.s.security.web.FilterChainProxy        : Secured PUT /api/recipe/150
2022-03-20 12:26:47.503 DEBUG 5300 --- [nio-8701-exec-5] o.s.web.servlet.DispatcherServlet        : PUT "/api/recipe/150", parameters={}
2022-03-20 12:26:47.504 DEBUG 5300 --- [nio-8701-exec-5] s.w.s.m.m.a.RequestMappingHandlerMapping : Mapped to recipes.presentation.RecipesController#updateRecipe(Long, Recipe, UserDetails)
2022-03-20 12:26:47.504 DEBUG 5300 --- [nio-8701-exec-5] o.j.s.OpenEntityManagerInViewInterceptor : Opening JPA EntityManager in OpenEntityManagerInViewInterceptor
2022-03-20 12:26:47.506 DEBUG 5300 --- [nio-8701-exec-5] m.m.a.RequestResponseBodyMethodProcessor : Read "application/json;charset=UTF-8" to [Recipe(id=0, name=Warming Ginger Tea, date=null, category=beverage, description=Ginger tea is a warm (truncated)...]
2022-03-20 12:26:47.507 DEBUG 5300 --- [nio-8701-exec-5] w.c.HttpSessionSecurityContextRepository : Stored SecurityContextImpl [Authentication=UsernamePasswordAuthenticationToken [Principal=recipes.businesslayer.UserDetailsImpl@26236540, Credentials=[PROTECTED], Authenticated=true, Details=WebAuthenticationDetails [RemoteIpAddress=127.0.0.1, SessionId=null], Granted Authorities=[]]] to HttpSession [org.apache.catalina.session.StandardSessionFacade@9696400]
2022-03-20 12:26:47.507  WARN 5300 --- [nio-8701-exec-5] .w.s.m.s.DefaultHandlerExceptionResolver : Resolved [org.springframework.web.bind.MethodArgumentNotValidException: Validation failed for argument [1] in public org.springframework.http.ResponseEntity recipes.presentation.RecipesController.updateRecipe(java.lang.Long,recipes.businesslayer.Recipe,org.springframework.security.core.userdetails.UserDetails) with 2 errors: [Field error in object 'recipe' on field 'directions': rejected value [[]]; codes [Size.recipe.directions,Size.directions,Size.java.util.List,Size]; arguments [org.springframework.context.support.DefaultMessageSourceResolvable: codes [recipe.directions,directions]; arguments []; default message [directions],2147483647,1]; default message [size must be between 1 and 2147483647]] [Field error in object 'recipe' on field 'directions': rejected value [[]]; codes [NotEmpty.recipe.directions,NotEmpty.directions,NotEmpty.java.util.List,NotEmpty]; arguments [org.springframework.context.support.DefaultMessageSourceResolvable: codes [recipe.directions,directions]; arguments []; default message [directions]]; default message [must not be empty]] ]
2022-03-20 12:26:47.508 DEBUG 5300 --- [nio-8701-exec-5] o.j.s.OpenEntityManagerInViewInterceptor : Closing JPA EntityManager in OpenEntityManagerInViewInterceptor
2022-03-20 12:26:47.508 DEBUG 5300 --- [nio-8701-exec-5] o.s.web.servlet.DispatcherServlet        : Completed 400 BAD_REQUEST
2022-03-20 12:26:47.508 DEBUG 5300 --- [nio-8701-exec-5] w.c.HttpSessionSecurityContextRepository : Stored SecurityContextImpl [Authentication=UsernamePasswordAuthenticationToken [Principal=recipes.businesslayer.UserDetailsImpl@26236540, Credentials=[PROTECTED], Authenticated=true, Details=WebAuthenticationDetails [RemoteIpAddress=127.0.0.1, SessionId=null], Granted Authorities=[]]] to HttpSession [org.apache.catalina.session.StandardSessionFacade@9696400]
2022-03-20 12:26:47.508 DEBUG 5300 --- [nio-8701-exec-5] s.s.w.c.SecurityContextPersistenceFilter : Cleared SecurityContextHolder to complete request
2022-03-20 12:26:47.509 DEBUG 5300 --- [nio-8701-exec-5] o.s.security.web.FilterChainProxy        : Securing PUT /error
2022-03-20 12:26:47.509 DEBUG 5300 --- [nio-8701-exec-5] w.c.HttpSessionSecurityContextRepository : Retrieved SecurityContextImpl [Authentication=UsernamePasswordAuthenticationToken [Principal=recipes.businesslayer.UserDetailsImpl@26236540, Credentials=[PROTECTED], Authenticated=true, Details=WebAuthenticationDetails [RemoteIpAddress=127.0.0.1, SessionId=null], Granted Authorities=[]]]
2022-03-20 12:26:47.509 DEBUG 5300 --- [nio-8701-exec-5] s.s.w.c.SecurityContextPersistenceFilter : Set SecurityContextHolder to SecurityContextImpl [Authentication=UsernamePasswordAuthenticationToken [Principal=recipes.businesslayer.UserDetailsImpl@26236540, Credentials=[PROTECTED], Authenticated=true, Details=WebAuthenticationDetails [RemoteIpAddress=127.0.0.1, SessionId=null], Granted Authorities=[]]]
2022-03-20 12:26:47.510 DEBUG 5300 --- [nio-8701-exec-5] o.s.security.web.FilterChainProxy        : Secured PUT /error
2022-03-20 12:26:47.511 DEBUG 5300 --- [nio-8701-exec-5] o.s.web.servlet.DispatcherServlet        : "ERROR" dispatch for PUT "/error", parameters={}
2022-03-20 12:26:47.512 DEBUG 5300 --- [nio-8701-exec-5] s.w.s.m.m.a.RequestMappingHandlerMapping : Mapped to org.springframework.boot.autoconfigure.web.servlet.error.BasicErrorController#error(HttpServletRequest)
2022-03-20 12:26:47.512 DEBUG 5300 --- [nio-8701-exec-5] o.j.s.OpenEntityManagerInViewInterceptor : Opening JPA EntityManager in OpenEntityManagerInViewInterceptor
2022-03-20 12:26:47.513 DEBUG 5300 --- [nio-8701-exec-5] o.s.w.s.m.m.a.HttpEntityMethodProcessor  : Using 'application/json', given [*/*] and supported [application/json, application/*+json, application/json, application/*+json]
2022-03-20 12:26:47.513 DEBUG 5300 --- [nio-8701-exec-5] o.s.w.s.m.m.a.HttpEntityMethodProcessor  : Writing [{timestamp=Sun Mar 20 12:26:47 MSK 2022, status=400, error=Bad Request, path=/api/recipe/150}]
2022-03-20 12:26:47.515 DEBUG 5300 --- [nio-8701-exec-5] o.j.s.OpenEntityManagerInViewInterceptor : Closing JPA EntityManager in OpenEntityManagerInViewInterceptor
2022-03-20 12:26:47.516 DEBUG 5300 --- [nio-8701-exec-5] o.s.web.servlet.DispatcherServlet        : Exiting from "ERROR" dispatch, status 400
2022-03-20 12:26:47.516 DEBUG 5300 --- [nio-8701-exec-5] s.s.w.c.SecurityContextPersistenceFilter : Cleared SecurityContextHolder to complete request
?[1;31m
Start test 63?[0m
2022-03-20 12:26:47.524 DEBUG 5300 --- [nio-8701-exec-6] o.s.security.web.FilterChainProxy        : Securing POST /actuator/shutdown
2022-03-20 12:26:47.524 DEBUG 5300 --- [nio-8701-exec-6] s.s.w.c.SecurityContextPersistenceFilter : Set SecurityContextHolder to empty SecurityContext
2022-03-20 12:26:47.524 DEBUG 5300 --- [nio-8701-exec-6] o.s.s.w.a.AnonymousAuthenticationFilter  : Set SecurityContextHolder to anonymous SecurityContext
2022-03-20 12:26:47.524 DEBUG 5300 --- [nio-8701-exec-6] s.b.a.e.w.s.WebMvcEndpointHandlerMapping : Mapped to Actuator web endpoint 'shutdown'
2022-03-20 12:26:47.525 DEBUG 5300 --- [nio-8701-exec-6] s.b.a.e.w.s.WebMvcEndpointHandlerMapping : Mapped to Actuator web endpoint 'shutdown'
2022-03-20 12:26:47.525 DEBUG 5300 --- [nio-8701-exec-6] o.s.s.w.a.i.FilterSecurityInterceptor    : Authorized filter invocation [POST /actuator/shutdown] with attributes [permitAll]
2022-03-20 12:26:47.525 DEBUG 5300 --- [nio-8701-exec-6] o.s.security.web.FilterChainProxy        : Secured POST /actuator/shutdown
2022-03-20 12:26:47.526 DEBUG 5300 --- [nio-8701-exec-6] o.s.web.servlet.DispatcherServlet        : POST "/actuator/shutdown", parameters={}
2022-03-20 12:26:47.527 DEBUG 5300 --- [nio-8701-exec-6] s.b.a.e.w.s.WebMvcEndpointHandlerMapping : Mapped to Actuator web endpoint 'shutdown'
2022-03-20 12:26:47.528 DEBUG 5300 --- [nio-8701-exec-6] m.m.a.RequestResponseBodyMethodProcessor : Read "application/json;charset=UTF-8" to []
2022-03-20 12:26:47.529 DEBUG 5300 --- [nio-8701-exec-6] m.m.a.RequestResponseBodyMethodProcessor : Using 'application/vnd.spring-boot.actuator.v3+json', given [*/*] and supported [application/vnd.spring-boot.actuator.v3+json, application/vnd.spring-boot.actuator.v2+json, application/json]
2022-03-20 12:26:47.530 DEBUG 5300 --- [nio-8701-exec-6] m.m.a.RequestResponseBodyMethodProcessor : Writing [{message=Shutting down, bye...}]
2022-03-20 12:26:47.531 DEBUG 5300 --- [nio-8701-exec-6] w.c.HttpSessionSecurityContextRepository : Did not store anonymous SecurityContext
2022-03-20 12:26:47.532 DEBUG 5300 --- [nio-8701-exec-6] o.s.web.servlet.DispatcherServlet        : Completed 200 OK
2022-03-20 12:26:47.532 DEBUG 5300 --- [nio-8701-exec-6] w.c.HttpSessionSecurityContextRepository : Did not store anonymous SecurityContext
2022-03-20 12:26:47.532 DEBUG 5300 --- [nio-8701-exec-6] s.s.w.c.SecurityContextPersistenceFilter : Cleared SecurityContextHolder to complete request
2022-03-20 12:26:48.042 DEBUG 5300 --- [       Thread-6] o.s.b.a.ApplicationAvailabilityBean      : Application availability state ReadinessState changed from ACCEPTING_TRAFFIC to REFUSING_TRAFFIC
2022-03-20 12:26:48.042 DEBUG 5300 --- [       Thread-6] ConfigServletWebServerApplicationContext : Closing org.springframework.boot.web.servlet.context.AnnotationConfigServletWebServerApplicationContext@7c5fbde4, started on Sun Mar 20 12:26:39 MSK 2022
2022-03-20 12:26:48.044 DEBUG 5300 --- [       Thread-6] o.s.c.support.DefaultLifecycleProcessor  : Stopping beans in phase 2147483647
2022-03-20 12:26:48.044 DEBUG 5300 --- [       Thread-6] o.s.c.support.DefaultLifecycleProcessor  : Bean 'webServerGracefulShutdown' completed its stop procedure
2022-03-20 12:26:48.044 DEBUG 5300 --- [       Thread-6] o.s.c.support.DefaultLifecycleProcessor  : Stopping beans in phase 2147483646
2022-03-20 12:26:48.068 DEBUG 5300 --- [       Thread-6] o.s.c.support.DefaultLifecycleProcessor  : Bean 'webServerStartStop' completed its stop procedure
2022-03-20 12:26:48.069 DEBUG 5300 --- [       Thread-6] o.s.s.concurrent.ThreadPoolTaskExecutor  : Shutting down ExecutorService 'applicationTaskExecutor'
2022-03-20 12:26:48.072  INFO 5300 --- [       Thread-6] j.LocalContainerEntityManagerFactoryBean : Closing JPA EntityManagerFactory for persistence unit 'default'
2022-03-20 12:26:48.073  INFO 5300 --- [       Thread-6] com.zaxxer.hikari.HikariDataSource       : HikariPool-2 - Shutdown initiated...
2022-03-20 12:26:48.080  INFO 5300 --- [       Thread-6] com.zaxxer.hikari.HikariDataSource       : HikariPool-2 - Shutdown completed.

  .   ____          _            __ _ _
 /\\ / ___'_ __ _ _(_)_ __  __ _ \ \ \ \
( ( )\___ | '_ | '_| | '_ \/ _` | \ \ \ \
 \\/  ___)| |_)| | | | | || (_| |  ) ) ) )
  '  |____| .__|_| |_|_| |_\__, | / / / /
 =========|_|==============|___/=/_/_/_/
 :: Spring Boot ::                (v2.5.6)

2022-03-20 12:26:48.125  INFO 5300 --- [    Test worker] recipes.RecipesApplication               : Starting RecipesApplication using Java 17.0.1 on DESKTOP-HS4DRCO with PID 5300 (started by almaz in D:\devel\Recipes1\Recipes\task)
2022-03-20 12:26:48.126  INFO 5300 --- [    Test worker] recipes.RecipesApplication               : No active profile set, falling back to default profiles: default
2022-03-20 12:26:48.126 DEBUG 5300 --- [    Test worker] o.s.boot.SpringApplication               : Loading source class recipes.RecipesApplication
2022-03-20 12:26:48.132 DEBUG 5300 --- [    Test worker] ConfigServletWebServerApplicationContext : Refreshing org.springframework.boot.web.servlet.context.AnnotationConfigServletWebServerApplicationContext@19beeb61
2022-03-20 12:26:48.134 DEBUG 5300 --- [    Test worker] o.s.b.f.s.DefaultListableBeanFactory     : Creating shared instance of singleton bean 'org.springframework.context.annotation.internalConfigurationAnnotationProcessor'
2022-03-20 12:26:48.135 DEBUG 5300 --- [    Test worker] o.s.b.f.s.DefaultListableBeanFactory     : Creating shared instance of singleton bean 'org.springframework.boot.autoconfigure.internalCachingMetadataReaderFactory'
2022-03-20 12:26:48.185 DEBUG 5300 --- [    Test worker] o.s.c.a.ClassPathBeanDefinitionScanner   : Identified candidate component class: file [D:\devel\Recipes1\Recipes\task\build\classes\java\main\recipes\businesslayer\RecipeService.class]
2022-03-20 12:26:48.187 DEBUG 5300 --- [    Test worker] o.s.c.a.ClassPathBeanDefinitionScanner   : Identified candidate component class: file [D:\devel\Recipes1\Recipes\task\build\classes\java\main\recipes\businesslayer\UserDetailsServiceImpl.class]
2022-03-20 12:26:48.189 DEBUG 5300 --- [    Test worker] o.s.c.a.ClassPathBeanDefinitionScanner   : Identified candidate component class: file [D:\devel\Recipes1\Recipes\task\build\classes\java\main\recipes\businesslayer\UserService.class]
2022-03-20 12:26:48.192 DEBUG 5300 --- [    Test worker] o.s.c.a.ClassPathBeanDefinitionScanner   : Ignored because not a concrete top-level class: file [D:\devel\Recipes1\Recipes\task\build\classes\java\main\recipes\persistence\RecipeRepository.class]
2022-03-20 12:26:48.196 DEBUG 5300 --- [    Test worker] o.s.c.a.ClassPathBeanDefinitionScanner   : Ignored because not a concrete top-level class: file [D:\devel\Recipes1\Recipes\task\build\classes\java\main\recipes\persistence\UserRepository.class]
2022-03-20 12:26:48.197 DEBUG 5300 --- [    Test worker] o.s.c.a.ClassPathBeanDefinitionScanner   : Identified candidate component class: file [D:\devel\Recipes1\Recipes\task\build\classes\java\main\recipes\presentation\RecipesController.class]
2022-03-20 12:26:48.199 DEBUG 5300 --- [    Test worker] o.s.c.a.ClassPathBeanDefinitionScanner   : Identified candidate component class: file [D:\devel\Recipes1\Recipes\task\build\classes\java\main\recipes\presentation\WebSecurityConfigurerImpl.class]
2022-03-20 12:26:48.858  INFO 5300 --- [    Test worker] .s.d.r.c.RepositoryConfigurationDelegate : Bootstrapping Spring Data JPA repositories in DEFAULT mode.
2022-03-20 12:26:48.859 DEBUG 5300 --- [    Test worker] o.s.b.f.s.DefaultListableBeanFactory     : Creating shared instance of singleton bean 'org.springframework.boot.autoconfigure.AutoConfigurationPackages'
2022-03-20 12:26:48.859 DEBUG 5300 --- [    Test worker] o.s.b.a.AutoConfigurationPackages        : @EnableAutoConfiguration was declared on a class in the package 'recipes'. Automatic @Repository and @Entity scanning is enabled.
2022-03-20 12:26:48.859 DEBUG 5300 --- [    Test worker] .s.d.r.c.RepositoryConfigurationDelegate : Scanning for JPA repositories in packages recipes.
2022-03-20 12:26:48.864 DEBUG 5300 --- [    Test worker] o.s.d.r.c.RepositoryComponentProvider    : Identified candidate component class: file [D:\devel\Recipes1\Recipes\task\build\classes\java\main\recipes\persistence\RecipeRepository.class]
2022-03-20 12:26:48.864 DEBUG 5300 --- [    Test worker] o.s.d.r.c.RepositoryComponentProvider    : Identified candidate component class: file [D:\devel\Recipes1\Recipes\task\build\classes\java\main\recipes\persistence\UserRepository.class]
2022-03-20 12:26:48.871 DEBUG 5300 --- [    Test worker] ssPathScanningCandidateComponentProvider : Identified candidate component class: file [D:\devel\Recipes1\Recipes\task\build\classes\java\main\recipes\businesslayer\UserDetailsImpl.class]
2022-03-20 12:26:48.871 DEBUG 5300 --- [    Test worker] ssPathScanningCandidateComponentProvider : Identified candidate component class: file [D:\devel\Recipes1\Recipes\task\build\classes\java\main\recipes\businesslayer\UserDetailsServiceImpl.class]
2022-03-20 12:26:48.871 DEBUG 5300 --- [    Test worker] ssPathScanningCandidateComponentProvider : Identified candidate component class: file [D:\devel\Recipes1\Recipes\task\build\classes\java\main\recipes\presentation\WebSecurityConfigurerImpl.class]
2022-03-20 12:26:48.877  INFO 5300 --- [    Test worker] .s.d.r.c.RepositoryConfigurationDelegate : Finished Spring Data repository scanning in 18 ms. Found 2 JPA repository interfaces.
2022-03-20 12:26:48.973 DEBUG 5300 --- [    Test worker] o.s.b.f.s.DefaultListableBeanFactory     : Creating shared instance of singleton bean 'propertySourcesPlaceholderConfigurer'
2022-03-20 12:26:48.979 DEBUG 5300 --- [    Test worker] o.s.b.f.s.DefaultListableBeanFactory     : Creating shared instance of singleton bean 'emBeanDefinitionRegistrarPostProcessor'
2022-03-20 12:26:48.980 DEBUG 5300 --- [    Test worker] o.s.b.f.s.DefaultListableBeanFactory     : Creating shared instance of singleton bean 'org.springframework.boot.sql.init.dependency.DatabaseInitializationDependencyConfigurer$DependsOnDatabaseInitializationPostProcessor'
2022-03-20 12:26:49.018 DEBUG 5300 --- [    Test worker] o.s.b.f.s.DefaultListableBeanFactory     : Creating shared instance of singleton bean 'org.springframework.context.event.internalEventListenerProcessor'
2022-03-20 12:26:49.019 DEBUG 5300 --- [    Test worker] o.s.b.f.s.DefaultListableBeanFactory     : Creating shared instance of singleton bean 'conversionServicePostProcessor'
2022-03-20 12:26:49.020 DEBUG 5300 --- [    Test worker] o.s.b.f.s.DefaultListableBeanFactory     : Creating shared instance of singleton bean 'preserveErrorControllerTargetClassPostProcessor'
2022-03-20 12:26:49.022 DEBUG 5300 --- [    Test worker] o.s.b.f.s.DefaultListableBeanFactory     : Creating shared instance of singleton bean 'org.springframework.context.event.internalEventListenerFactory'
2022-03-20 12:26:49.023 DEBUG 5300 --- [    Test worker] o.s.b.f.s.DefaultListableBeanFactory     : Creating shared instance of singleton bean 'org.springframework.transaction.config.internalTransactionalEventListenerFactory'
2022-03-20 12:26:49.027 DEBUG 5300 --- [    Test worker] o.s.b.f.s.DefaultListableBeanFactory     : Creating shared instance of singleton bean 'org.springframework.context.annotation.internalAutowiredAnnotationProcessor'
2022-03-20 12:26:49.029 DEBUG 5300 --- [    Test worker] o.s.b.f.s.DefaultListableBeanFactory     : Creating shared instance of singleton bean 'org.springframework.context.annotation.internalCommonAnnotationProcessor'
2022-03-20 12:26:49.030 DEBUG 5300 --- [    Test worker] o.s.b.f.s.DefaultListableBeanFactory     : Creating shared instance of singleton bean 'org.springframework.context.annotation.internalPersistenceAnnotationProcessor'
2022-03-20 12:26:49.030 DEBUG 5300 --- [    Test worker] o.s.b.f.s.DefaultListableBeanFactory     : Creating shared instance of singleton bean 'org.springframework.boot.context.properties.ConfigurationPropertiesBindingPostProcessor'
2022-03-20 12:26:49.030 DEBUG 5300 --- [    Test worker] o.s.b.f.s.DefaultListableBeanFactory     : Creating shared instance of singleton bean 'org.springframework.boot.context.internalConfigurationPropertiesBinder'
2022-03-20 12:26:49.030 DEBUG 5300 --- [    Test worker] o.s.b.f.s.DefaultListableBeanFactory     : Creating shared instance of singleton bean 'org.springframework.boot.context.internalConfigurationPropertiesBinderFactory'
2022-03-20 12:26:49.032 DEBUG 5300 --- [    Test worker] o.s.b.f.s.DefaultListableBeanFactory     : Creating shared instance of singleton bean 'methodValidationPostProcessor'
2022-03-20 12:26:49.033 DEBUG 5300 --- [    Test worker] o.s.b.f.s.DefaultListableBeanFactory     : Autowiring by type from bean name 'methodValidationPostProcessor' via factory method to bean named 'environment'
2022-03-20 12:26:49.035 DEBUG 5300 --- [    Test worker] o.s.b.f.s.DefaultListableBeanFactory     : Creating shared instance of singleton bean 'org.springframework.boot.context.properties.EnableConfigurationPropertiesRegistrar.methodValidationExcludeFilter'
2022-03-20 12:26:49.037 DEBUG 5300 --- [    Test worker] o.s.b.f.s.DefaultListableBeanFactory     : Creating shared instance of singleton bean 'org.springframework.aop.config.internalAutoProxyCreator'
2022-03-20 12:26:49.057 DEBUG 5300 --- [    Test worker] o.s.b.f.s.DefaultListableBeanFactory     : Creating shared instance of singleton bean 'persistenceExceptionTranslationPostProcessor'
2022-03-20 12:26:49.058 DEBUG 5300 --- [    Test worker] o.s.b.f.s.DefaultListableBeanFactory     : Autowiring by type from bean name 'persistenceExceptionTranslationPostProcessor' via factory method to bean named 'environment'
2022-03-20 12:26:49.060 DEBUG 5300 --- [    Test worker] o.s.b.f.s.DefaultListableBeanFactory     : Creating shared instance of singleton bean 'webServerFactoryCustomizerBeanPostProcessor'
2022-03-20 12:26:49.061 DEBUG 5300 --- [    Test worker] o.s.b.f.s.DefaultListableBeanFactory     : Creating shared instance of singleton bean 'errorPageRegistrarBeanPostProcessor'
2022-03-20 12:26:49.061 DEBUG 5300 --- [    Test worker] o.s.b.f.s.DefaultListableBeanFactory     : Creating shared instance of singleton bean 'healthEndpointGroupsBeanPostProcessor'
2022-03-20 12:26:49.063 DEBUG 5300 --- [    Test worker] o.s.b.f.s.DefaultListableBeanFactory     : Creating shared instance of singleton bean 'org.springframework.transaction.config.internalTransactionAdvisor'
2022-03-20 12:26:49.063 DEBUG 5300 --- [    Test worker] o.s.b.f.s.DefaultListableBeanFactory     : Creating shared instance of singleton bean 'org.springframework.transaction.annotation.ProxyTransactionManagementConfiguration'
2022-03-20 12:26:49.079 DEBUG 5300 --- [    Test worker] o.s.b.f.s.DefaultListableBeanFactory     : Creating shared instance of singleton bean 'transactionAttributeSource'
2022-03-20 12:26:49.081 DEBUG 5300 --- [    Test worker] o.s.b.f.s.DefaultListableBeanFactory     : Creating shared instance of singleton bean 'transactionInterceptor'
2022-03-20 12:26:49.083 DEBUG 5300 --- [    Test worker] o.s.b.f.s.DefaultListableBeanFactory     : Autowiring by type from bean name 'transactionInterceptor' via factory method to bean named 'transactionAttributeSource'
2022-03-20 12:26:49.083 DEBUG 5300 --- [    Test worker] o.s.b.f.s.DefaultListableBeanFactory     : Autowiring by type from bean name 'org.springframework.transaction.config.internalTransactionAdvisor' via factory method to bean named 'transactionAttributeSource'
2022-03-20 12:26:49.084 DEBUG 5300 --- [    Test worker] o.s.b.f.s.DefaultListableBeanFactory     : Autowiring by type from bean name 'org.springframework.transaction.config.internalTransactionAdvisor' via factory method to bean named 'transactionInterceptor'
2022-03-20 12:26:49.085 DEBUG 5300 --- [    Test worker] o.s.b.f.s.DefaultListableBeanFactory     : Creating shared instance of singleton bean 'meterRegistryPostProcessor'
2022-03-20 12:26:49.086 DEBUG 5300 --- [    Test worker] o.s.b.f.s.DefaultListableBeanFactory     : Autowiring by type from bean name 'meterRegistryPostProcessor' via factory method to bean named 'org.springframework.boot.web.servlet.context.AnnotationConfigServletWebServerApplicationContext@19beeb61'
2022-03-20 12:26:49.087 DEBUG 5300 --- [    Test worker] o.s.b.f.s.DefaultListableBeanFactory     : Creating shared instance of singleton bean 'metricsRepositoryMethodInvocationListenerBeanPostProcessor'
2022-03-20 12:26:49.088 DEBUG 5300 --- [    Test worker] o.s.b.f.s.DefaultListableBeanFactory     : Creating shared instance of singleton bean 'projectingArgumentResolverBeanPostProcessor'
2022-03-20 12:26:49.089 DEBUG 5300 --- [    Test worker] o.s.u.c.s.UiApplicationContextUtils      : Unable to locate ThemeSource with name 'themeSource': using default [org.springframework.ui.context.support.ResourceBundleThemeSource@2b9bacb8]
2022-03-20 12:26:49.090 DEBUG 5300 --- [    Test worker] o.s.b.f.s.DefaultListableBeanFactory     : Creating shared instance of singleton bean 'tomcatServletWebServerFactory'
2022-03-20 12:26:49.091 DEBUG 5300 --- [    Test worker] o.s.b.f.s.DefaultListableBeanFactory     : Creating shared instance of singleton bean 'org.springframework.boot.autoconfigure.web.servlet.ServletWebServerFactoryConfiguration$EmbeddedTomcat'
2022-03-20 12:26:49.097 DEBUG 5300 --- [    Test worker] o.s.b.f.s.DefaultListableBeanFactory     : Creating shared instance of singleton bean 'websocketServletWebServerCustomizer'
2022-03-20 12:26:49.098 DEBUG 5300 --- [    Test worker] o.s.b.f.s.DefaultListableBeanFactory     : Creating shared instance of singleton bean 'org.springframework.boot.autoconfigure.websocket.servlet.WebSocketServletAutoConfiguration$TomcatWebSocketConfiguration'
2022-03-20 12:26:49.100 DEBUG 5300 --- [    Test worker] o.s.b.f.s.DefaultListableBeanFactory     : Creating shared instance of singleton bean 'servletWebServerFactoryCustomizer'
2022-03-20 12:26:49.101 DEBUG 5300 --- [    Test worker] o.s.b.f.s.DefaultListableBeanFactory     : Creating shared instance of singleton bean 'org.springframework.boot.autoconfigure.web.servlet.ServletWebServerFactoryAutoConfiguration'
2022-03-20 12:26:49.103 DEBUG 5300 --- [    Test worker] o.s.b.f.s.DefaultListableBeanFactory     : Creating shared instance of singleton bean 'server-org.springframework.boot.autoconfigure.web.ServerProperties'
2022-03-20 12:26:49.105 DEBUG 5300 --- [    Test worker] o.s.b.f.s.DefaultListableBeanFactory     : Creating shared instance of singleton bean 'org.springframework.boot.context.properties.BoundConfigurationProperties'
2022-03-20 12:26:49.120 DEBUG 5300 --- [    Test worker] o.s.b.f.s.DefaultListableBeanFactory     : Autowiring by type from bean name 'servletWebServerFactoryCustomizer' via factory method to bean named 'server-org.springframework.boot.autoconfigure.web.ServerProperties'
2022-03-20 12:26:49.122 DEBUG 5300 --- [    Test worker] o.s.b.f.s.DefaultListableBeanFactory     : Creating shared instance of singleton bean 'tomcatServletWebServerFactoryCustomizer'
2022-03-20 12:26:49.124 DEBUG 5300 --- [    Test worker] o.s.b.f.s.DefaultListableBeanFactory     : Autowiring by type from bean name 'tomcatServletWebServerFactoryCustomizer' via factory method to bean named 'server-org.springframework.boot.autoconfigure.web.ServerProperties'
2022-03-20 12:26:49.126 DEBUG 5300 --- [    Test worker] o.s.b.f.s.DefaultListableBeanFactory     : Creating shared instance of singleton bean 'tomcatWebServerFactoryCustomizer'
2022-03-20 12:26:49.127 DEBUG 5300 --- [    Test worker] o.s.b.f.s.DefaultListableBeanFactory     : Creating shared instance of singleton bean 'org.springframework.boot.autoconfigure.web.embedded.EmbeddedWebServerFactoryCustomizerAutoConfiguration$TomcatWebServerFactoryCustomizerConfiguration'
2022-03-20 12:26:49.137 DEBUG 5300 --- [    Test worker] o.s.b.f.s.DefaultListableBeanFactory     : Autowiring by type from bean name 'tomcatWebServerFactoryCustomizer' via factory method to bean named 'environment'
2022-03-20 12:26:49.138 DEBUG 5300 --- [    Test worker] o.s.b.f.s.DefaultListableBeanFactory     : Autowiring by type from bean name 'tomcatWebServerFactoryCustomizer' via factory method to bean named 'server-org.springframework.boot.autoconfigure.web.ServerProperties'
2022-03-20 12:26:49.141 DEBUG 5300 --- [    Test worker] o.s.b.f.s.DefaultListableBeanFactory     : Creating shared instance of singleton bean 'localeCharsetMappingsCustomizer'
2022-03-20 12:26:49.141 DEBUG 5300 --- [    Test worker] o.s.b.f.s.DefaultListableBeanFactory     : Creating shared instance of singleton bean 'org.springframework.boot.autoconfigure.web.servlet.HttpEncodingAutoConfiguration'
2022-03-20 12:26:49.143 DEBUG 5300 --- [    Test worker] o.s.b.f.s.DefaultListableBeanFactory     : Autowiring by type from bean name 'org.springframework.boot.autoconfigure.web.servlet.HttpEncodingAutoConfiguration' via constructor to bean named 'server-org.springframework.boot.autoconfigure.web.ServerProperties'
2022-03-20 12:26:49.147 DEBUG 5300 --- [    Test worker] o.s.b.f.s.DefaultListableBeanFactory     : Creating shared instance of singleton bean 'errorPageCustomizer'
2022-03-20 12:26:49.147 DEBUG 5300 --- [    Test worker] o.s.b.f.s.DefaultListableBeanFactory     : Creating shared instance of singleton bean 'org.springframework.boot.autoconfigure.web.servlet.error.ErrorMvcAutoConfiguration'
2022-03-20 12:26:49.148 DEBUG 5300 --- [    Test worker] o.s.b.f.s.DefaultListableBeanFactory     : Autowiring by type from bean name 'org.springframework.boot.autoconfigure.web.servlet.error.ErrorMvcAutoConfiguration' via constructor to bean named 'server-org.springframework.boot.autoconfigure.web.ServerProperties'
2022-03-20 12:26:49.150 DEBUG 5300 --- [    Test worker] o.s.b.f.s.DefaultListableBeanFactory     : Creating shared instance of singleton bean 'dispatcherServletRegistration'
2022-03-20 12:26:49.151 DEBUG 5300 --- [    Test worker] o.s.b.f.s.DefaultListableBeanFactory     : Creating shared instance of singleton bean 'org.springframework.boot.autoconfigure.web.servlet.DispatcherServletAutoConfiguration$DispatcherServletRegistrationConfiguration'
2022-03-20 12:26:49.153 DEBUG 5300 --- [    Test worker] o.s.b.f.s.DefaultListableBeanFactory     : Creating shared instance of singleton bean 'dispatcherServlet'
2022-03-20 12:26:49.154 DEBUG 5300 --- [    Test worker] o.s.b.f.s.DefaultListableBeanFactory     : Creating shared instance of singleton bean 'org.springframework.boot.autoconfigure.web.servlet.DispatcherServletAutoConfiguration$DispatcherServletConfiguration'
2022-03-20 12:26:49.156 DEBUG 5300 --- [    Test worker] o.s.b.f.s.DefaultListableBeanFactory     : Creating shared instance of singleton bean 'spring.mvc-org.springframework.boot.autoconfigure.web.servlet.WebMvcProperties'
2022-03-20 12:26:49.161 DEBUG 5300 --- [    Test worker] o.s.b.f.s.DefaultListableBeanFactory     : Autowiring by type from bean name 'dispatcherServlet' via factory method to bean named 'spring.mvc-org.springframework.boot.autoconfigure.web.servlet.WebMvcProperties'
2022-03-20 12:26:49.167 DEBUG 5300 --- [    Test worker] o.s.b.f.s.DefaultListableBeanFactory     : Autowiring by type from bean name 'dispatcherServletRegistration' via factory method to bean named 'dispatcherServlet'
2022-03-20 12:26:49.167 DEBUG 5300 --- [    Test worker] o.s.b.f.s.DefaultListableBeanFactory     : Autowiring by type from bean name 'dispatcherServletRegistration' via factory method to bean named 'spring.mvc-org.springframework.boot.autoconfigure.web.servlet.WebMvcProperties'
2022-03-20 12:26:49.170 DEBUG 5300 --- [    Test worker] o.s.b.f.s.DefaultListableBeanFactory     : Creating shared instance of singleton bean 'multipartConfigElement'
2022-03-20 12:26:49.170 DEBUG 5300 --- [    Test worker] o.s.b.f.s.DefaultListableBeanFactory     : Creating shared instance of singleton bean 'org.springframework.boot.autoconfigure.web.servlet.MultipartAutoConfiguration'
2022-03-20 12:26:49.173 DEBUG 5300 --- [    Test worker] o.s.b.f.s.DefaultListableBeanFactory     : Creating shared instance of singleton bean 'spring.servlet.multipart-org.springframework.boot.autoconfigure.web.servlet.MultipartProperties'
2022-03-20 12:26:49.181 DEBUG 5300 --- [    Test worker] o.s.b.f.s.DefaultListableBeanFactory     : Autowiring by type from bean name 'org.springframework.boot.autoconfigure.web.servlet.MultipartAutoConfiguration' via constructor to bean named 'spring.servlet.multipart-org.springframework.boot.autoconfigure.web.servlet.MultipartProperties'
2022-03-20 12:26:49.197 DEBUG 5300 --- [    Test worker] o.s.b.f.s.DefaultListableBeanFactory     : Autowiring by type from bean name 'errorPageCustomizer' via factory method to bean named 'dispatcherServletRegistration'
2022-03-20 12:26:49.208 DEBUG 5300 --- [    Test worker] .s.b.w.e.t.TomcatServletWebServerFactory : Code archive: D:\devel\java_pft2\addressbook-web-tests\gradle\caches\modules-2\files-2.1\org.springframework.boot\spring-boot\2.5.6\d8c6b97fd3182fb6d7d06ebf710cd9ccabc83b89\spring-boot-2.5.6.jar
2022-03-20 12:26:49.209 DEBUG 5300 --- [    Test worker] .s.b.w.e.t.TomcatServletWebServerFactory : Code archive: D:\devel\java_pft2\addressbook-web-tests\gradle\caches\modules-2\files-2.1\org.springframework.boot\spring-boot\2.5.6\d8c6b97fd3182fb6d7d06ebf710cd9ccabc83b89\spring-boot-2.5.6.jar
2022-03-20 12:26:49.209 DEBUG 5300 --- [    Test worker] .s.b.w.e.t.TomcatServletWebServerFactory : None of the document roots [src/main/webapp, public, static] point to a directory and will be ignored.
2022-03-20 12:26:49.213  INFO 5300 --- [    Test worker] o.s.b.w.embedded.tomcat.TomcatWebServer  : Tomcat initialized with port(s): 8701 (http)
2022-03-20 12:26:49.214  INFO 5300 --- [    Test worker] o.apache.catalina.core.StandardService   : Starting service [Tomcat]
2022-03-20 12:26:49.215  INFO 5300 --- [    Test worker] org.apache.catalina.core.StandardEngine  : Starting Servlet engine: [Apache Tomcat/9.0.54]
2022-03-20 12:26:49.298  INFO 5300 --- [    Test worker] o.a.c.c.C.[Tomcat].[localhost].[/]       : Initializing Spring embedded WebApplicationContext
2022-03-20 12:26:49.299 DEBUG 5300 --- [    Test worker] w.s.c.ServletWebServerApplicationContext : Published root WebApplicationContext as ServletContext attribute with name [org.springframework.web.context.WebApplicationContext.ROOT]
2022-03-20 12:26:49.299  INFO 5300 --- [    Test worker] w.s.c.ServletWebServerApplicationContext : Root WebApplicationContext: initialization completed in 1167 ms
2022-03-20 12:26:49.317 DEBUG 5300 --- [    Test worker] o.s.b.f.s.DefaultListableBeanFactory     : Creating shared instance of singleton bean 'webMvcMetricsFilter'
2022-03-20 12:26:49.319 DEBUG 5300 --- [    Test worker] o.s.b.f.s.DefaultListableBeanFactory     : Creating shared instance of singleton bean 'org.springframework.boot.actuate.autoconfigure.metrics.web.servlet.WebMvcMetricsAutoConfiguration'
2022-03-20 12:26:49.321 DEBUG 5300 --- [    Test worker] o.s.b.f.s.DefaultListableBeanFactory     : Creating shared instance of singleton bean 'management.metrics-org.springframework.boot.actuate.autoconfigure.metrics.MetricsProperties'
2022-03-20 12:26:49.328 DEBUG 5300 --- [    Test worker] o.s.b.f.s.DefaultListableBeanFactory     : Autowiring by type from bean name 'org.springframework.boot.actuate.autoconfigure.metrics.web.servlet.WebMvcMetricsAutoConfiguration' via constructor to bean named 'management.metrics-org.springframework.boot.actuate.autoconfigure.metrics.MetricsProperties'
2022-03-20 12:26:49.336 DEBUG 5300 --- [    Test worker] o.s.b.f.s.DefaultListableBeanFactory     : Creating shared instance of singleton bean 'simpleMeterRegistry'
2022-03-20 12:26:49.336 DEBUG 5300 --- [    Test worker] o.s.b.f.s.DefaultListableBeanFactory     : Creating shared instance of singleton bean 'org.springframework.boot.actuate.autoconfigure.metrics.export.simple.SimpleMetricsExportAutoConfiguration'
2022-03-20 12:26:49.338 DEBUG 5300 --- [    Test worker] o.s.b.f.s.DefaultListableBeanFactory     : Creating shared instance of singleton bean 'simpleConfig'
2022-03-20 12:26:49.340 DEBUG 5300 --- [    Test worker] o.s.b.f.s.DefaultListableBeanFactory     : Creating shared instance of singleton bean 'management.metrics.export.simple-org.springframework.boot.actuate.autoconfigure.metrics.export.simple.SimpleProperties'
2022-03-20 12:26:49.343 DEBUG 5300 --- [    Test worker] o.s.b.f.s.DefaultListableBeanFactory     : Autowiring by type from bean name 'simpleConfig' via factory method to bean named 'management.metrics.export.simple-org.springframework.boot.actuate.autoconfigure.metrics.export.simple.SimpleProperties'
2022-03-20 12:26:49.353 DEBUG 5300 --- [    Test worker] o.s.b.f.s.DefaultListableBeanFactory     : Creating shared instance of singleton bean 'micrometerClock'
2022-03-20 12:26:49.354 DEBUG 5300 --- [    Test worker] o.s.b.f.s.DefaultListableBeanFactory     : Creating shared instance of singleton bean 'org.springframework.boot.actuate.autoconfigure.metrics.MetricsAutoConfiguration'
2022-03-20 12:26:49.363 DEBUG 5300 --- [    Test worker] o.s.b.f.s.DefaultListableBeanFactory     : Autowiring by type from bean name 'simpleMeterRegistry' via factory method to bean named 'simpleConfig'
2022-03-20 12:26:49.364 DEBUG 5300 --- [    Test worker] o.s.b.f.s.DefaultListableBeanFactory     : Autowiring by type from bean name 'simpleMeterRegistry' via factory method to bean named 'micrometerClock'
2022-03-20 12:26:49.369 DEBUG 5300 --- [    Test worker] o.s.b.f.s.DefaultListableBeanFactory     : Creating shared instance of singleton bean 'propertiesMeterFilter'
2022-03-20 12:26:49.371 DEBUG 5300 --- [    Test worker] o.s.b.f.s.DefaultListableBeanFactory     : Autowiring by type from bean name 'propertiesMeterFilter' via factory method to bean named 'management.metrics-org.springframework.boot.actuate.autoconfigure.metrics.MetricsProperties'
2022-03-20 12:26:49.374 DEBUG 5300 --- [    Test worker] o.s.b.f.s.DefaultListableBeanFactory     : Creating shared instance of singleton bean 'metricsHttpClientUriTagFilter'
2022-03-20 12:26:49.375 DEBUG 5300 --- [    Test worker] o.s.b.f.s.DefaultListableBeanFactory     : Creating shared instance of singleton bean 'org.springframework.boot.actuate.autoconfigure.metrics.web.client.HttpClientMetricsAutoConfiguration'
2022-03-20 12:26:49.379 DEBUG 5300 --- [    Test worker] o.s.b.f.s.DefaultListableBeanFactory     : Autowiring by type from bean name 'metricsHttpClientUriTagFilter' via factory method to bean named 'management.metrics-org.springframework.boot.actuate.autoconfigure.metrics.MetricsProperties'
2022-03-20 12:26:49.391 DEBUG 5300 --- [    Test worker] o.s.b.f.s.DefaultListableBeanFactory     : Creating shared instance of singleton bean 'metricsHttpServerUriTagFilter'
2022-03-20 12:26:49.395 DEBUG 5300 --- [    Test worker] o.s.b.f.s.DefaultListableBeanFactory     : Creating shared instance of singleton bean 'jvmGcMetrics'
2022-03-20 12:26:49.396 DEBUG 5300 --- [    Test worker] o.s.b.f.s.DefaultListableBeanFactory     : Creating shared instance of singleton bean 'org.springframework.boot.actuate.autoconfigure.metrics.JvmMetricsAutoConfiguration'
2022-03-20 12:26:49.405 DEBUG 5300 --- [    Test worker] o.s.b.f.s.DefaultListableBeanFactory     : Creating shared instance of singleton bean 'jvmMemoryMetrics'
2022-03-20 12:26:49.411 DEBUG 5300 --- [    Test worker] o.s.b.f.s.DefaultListableBeanFactory     : Creating shared instance of singleton bean 'jvmThreadMetrics'
2022-03-20 12:26:49.413 DEBUG 5300 --- [    Test worker] o.s.b.f.s.DefaultListableBeanFactory     : Creating shared instance of singleton bean 'classLoaderMetrics'
2022-03-20 12:26:49.417 DEBUG 5300 --- [    Test worker] o.s.b.f.s.DefaultListableBeanFactory     : Creating shared instance of singleton bean 'logbackMetrics'
2022-03-20 12:26:49.443 DEBUG 5300 --- [    Test worker] o.s.b.f.s.DefaultListableBeanFactory     : Creating shared instance of singleton bean 'org.springframework.boot.actuate.autoconfigure.metrics.LogbackMetricsAutoConfiguration'
2022-03-20 12:26:49.445 DEBUG 5300 --- [    Test worker] o.s.b.f.s.DefaultListableBeanFactory     : Creating shared instance of singleton bean 'uptimeMetrics'
2022-03-20 12:26:49.445 DEBUG 5300 --- [    Test worker] o.s.b.f.s.DefaultListableBeanFactory     : Creating shared instance of singleton bean 'org.springframework.boot.actuate.autoconfigure.metrics.SystemMetricsAutoConfiguration'
2022-03-20 12:26:49.447 DEBUG 5300 --- [    Test worker] o.s.b.f.s.DefaultListableBeanFactory     : Creating shared instance of singleton bean 'processorMetrics'
2022-03-20 12:26:49.449 DEBUG 5300 --- [    Test worker] o.s.b.f.s.DefaultListableBeanFactory     : Creating shared instance of singleton bean 'fileDescriptorMetrics'
2022-03-20 12:26:49.455 DEBUG 5300 --- [    Test worker] o.s.b.f.s.DefaultListableBeanFactory     : Creating shared instance of singleton bean 'webMvcTagsProvider'
2022-03-20 12:26:49.464 DEBUG 5300 --- [    Test worker] o.s.b.f.s.DefaultListableBeanFactory     : Autowiring by type from bean name 'webMvcMetricsFilter' via factory method to bean named 'simpleMeterRegistry'
2022-03-20 12:26:49.465 DEBUG 5300 --- [    Test worker] o.s.b.f.s.DefaultListableBeanFactory     : Autowiring by type from bean name 'webMvcMetricsFilter' via factory method to bean named 'webMvcTagsProvider'
2022-03-20 12:26:49.466 DEBUG 5300 --- [    Test worker] o.s.b.f.s.DefaultListableBeanFactory     : Creating shared instance of singleton bean 'h2Console'
2022-03-20 12:26:49.466 DEBUG 5300 --- [    Test worker] o.s.b.f.s.DefaultListableBeanFactory     : Creating shared instance of singleton bean 'org.springframework.boot.autoconfigure.h2.H2ConsoleAutoConfiguration'
2022-03-20 12:26:49.468 DEBUG 5300 --- [    Test worker] o.s.b.f.s.DefaultListableBeanFactory     : Creating shared instance of singleton bean 'spring.h2.console-org.springframework.boot.autoconfigure.h2.H2ConsoleProperties'
2022-03-20 12:26:49.472 DEBUG 5300 --- [    Test worker] o.s.b.f.s.DefaultListableBeanFactory     : Autowiring by type from bean name 'h2Console' via factory method to bean named 'spring.h2.console-org.springframework.boot.autoconfigure.h2.H2ConsoleProperties'
2022-03-20 12:26:49.473 DEBUG 5300 --- [    Test worker] o.s.b.f.s.DefaultListableBeanFactory     : Creating shared instance of singleton bean 'dataSource'
2022-03-20 12:26:49.474 DEBUG 5300 --- [    Test worker] o.s.b.f.s.DefaultListableBeanFactory     : Creating shared instance of singleton bean 'org.springframework.boot.autoconfigure.jdbc.DataSourceConfiguration$Hikari'
2022-03-20 12:26:49.475 DEBUG 5300 --- [    Test worker] o.s.b.f.s.DefaultListableBeanFactory     : Creating shared instance of singleton bean 'spring.datasource-org.springframework.boot.autoconfigure.jdbc.DataSourceProperties'
2022-03-20 12:26:49.482 DEBUG 5300 --- [    Test worker] o.s.b.f.s.DefaultListableBeanFactory     : Autowiring by type from bean name 'dataSource' via factory method to bean named 'spring.datasource-org.springframework.boot.autoconfigure.jdbc.DataSourceProperties'
2022-03-20 12:26:49.502  INFO 5300 --- [    Test worker] com.zaxxer.hikari.HikariDataSource       : HikariPool-3 - Starting...
2022-03-20 12:26:49.516  INFO 5300 --- [    Test worker] com.zaxxer.hikari.HikariDataSource       : HikariPool-3 - Start completed.
2022-03-20 12:26:49.516  INFO 5300 --- [    Test worker] o.s.b.a.h2.H2ConsoleAutoConfiguration    : H2 console available at '/h2'. Database available at 'jdbc:h2:tcp://localhost/~/testdb'
2022-03-20 12:26:49.517 DEBUG 5300 --- [    Test worker] o.s.b.f.s.DefaultListableBeanFactory     : Creating shared instance of singleton bean 'securityFilterChainRegistration'
2022-03-20 12:26:49.517 DEBUG 5300 --- [    Test worker] o.s.b.f.s.DefaultListableBeanFactory     : Creating shared instance of singleton bean 'org.springframework.boot.autoconfigure.security.servlet.SecurityFilterAutoConfiguration'
2022-03-20 12:26:49.540 DEBUG 5300 --- [    Test worker] o.s.b.f.s.DefaultListableBeanFactory     : Creating shared instance of singleton bean 'spring.security-org.springframework.boot.autoconfigure.security.SecurityProperties'
2022-03-20 12:26:49.543 DEBUG 5300 --- [    Test worker] o.s.b.f.s.DefaultListableBeanFactory     : Autowiring by type from bean name 'securityFilterChainRegistration' via factory method to bean named 'spring.security-org.springframework.boot.autoconfigure.security.SecurityProperties'
2022-03-20 12:26:49.544 DEBUG 5300 --- [    Test worker] o.s.b.f.s.DefaultListableBeanFactory     : Creating shared instance of singleton bean 'servletEndpointRegistrar'
2022-03-20 12:26:49.545 DEBUG 5300 --- [    Test worker] o.s.b.f.s.DefaultListableBeanFactory     : Creating shared instance of singleton bean 'org.springframework.boot.actuate.autoconfigure.endpoint.web.ServletEndpointManagementContextConfiguration$WebMvcServletEndpointManagementContextConfiguration'
2022-03-20 12:26:49.546 DEBUG 5300 --- [    Test worker] o.s.b.f.s.DefaultListableBeanFactory     : Creating shared instance of singleton bean 'management.endpoints.web-org.springframework.boot.actuate.autoconfigure.endpoint.web.WebEndpointProperties'
2022-03-20 12:26:49.573 DEBUG 5300 --- [    Test worker] o.s.b.f.s.DefaultListableBeanFactory     : Creating shared instance of singleton bean 'servletEndpointDiscoverer'
2022-03-20 12:26:49.573 DEBUG 5300 --- [    Test worker] o.s.b.f.s.DefaultListableBeanFactory     : Creating shared instance of singleton bean 'org.springframework.boot.actuate.autoconfigure.endpoint.web.WebEndpointAutoConfiguration$WebEndpointServletConfiguration'
2022-03-20 12:26:49.575 DEBUG 5300 --- [    Test worker] o.s.b.f.s.DefaultListableBeanFactory     : Autowiring by type from bean name 'servletEndpointDiscoverer' via factory method to bean named 'org.springframework.boot.web.servlet.context.AnnotationConfigServletWebServerApplicationContext@19beeb61'
2022-03-20 12:26:49.576 DEBUG 5300 --- [    Test worker] o.s.b.f.s.DefaultListableBeanFactory     : Creating shared instance of singleton bean 'webEndpointPathMapper'
2022-03-20 12:26:49.579 DEBUG 5300 --- [    Test worker] o.s.b.f.s.DefaultListableBeanFactory     : Creating shared instance of singleton bean 'org.springframework.boot.actuate.autoconfigure.endpoint.web.WebEndpointAutoConfiguration'
2022-03-20 12:26:49.584 DEBUG 5300 --- [    Test worker] o.s.b.f.s.DefaultListableBeanFactory     : Autowiring by type from bean name 'org.springframework.boot.actuate.autoconfigure.endpoint.web.WebEndpointAutoConfiguration' via constructor to bean named 'org.springframework.boot.web.servlet.context.AnnotationConfigServletWebServerApplicationContext@19beeb61'
2022-03-20 12:26:49.584 DEBUG 5300 --- [    Test worker] o.s.b.f.s.DefaultListableBeanFactory     : Autowiring by type from bean name 'org.springframework.boot.actuate.autoconfigure.endpoint.web.WebEndpointAutoConfiguration' via constructor to bean named 'management.endpoints.web-org.springframework.boot.actuate.autoconfigure.endpoint.web.WebEndpointProperties'
2022-03-20 12:26:49.603 DEBUG 5300 --- [    Test worker] o.s.b.f.s.DefaultListableBeanFactory     : Creating shared instance of singleton bean 'servletExposeExcludePropertyEndpointFilter'
2022-03-20 12:26:49.604 DEBUG 5300 --- [    Test worker] o.s.b.f.s.DefaultListableBeanFactory     : Creating shared instance of singleton bean 'org.springframework.boot.actuate.autoconfigure.endpoint.web.ServletEndpointManagementContextConfiguration'
2022-03-20 12:26:49.605 DEBUG 5300 --- [    Test worker] o.s.b.f.s.DefaultListableBeanFactory     : Autowiring by type from bean name 'servletExposeExcludePropertyEndpointFilter' via factory method to bean named 'management.endpoints.web-org.springframework.boot.actuate.autoconfigure.endpoint.web.WebEndpointProperties'
2022-03-20 12:26:49.608 DEBUG 5300 --- [    Test worker] o.s.b.f.s.DefaultListableBeanFactory     : Autowiring by type from bean name 'servletEndpointRegistrar' via factory method to bean named 'management.endpoints.web-org.springframework.boot.actuate.autoconfigure.endpoint.web.WebEndpointProperties'
2022-03-20 12:26:49.609 DEBUG 5300 --- [    Test worker] o.s.b.f.s.DefaultListableBeanFactory     : Autowiring by type from bean name 'servletEndpointRegistrar' via factory method to bean named 'servletEndpointDiscoverer'
2022-03-20 12:26:49.609 DEBUG 5300 --- [    Test worker] o.s.b.f.s.DefaultListableBeanFactory     : Autowiring by type from bean name 'servletEndpointRegistrar' via factory method to bean named 'dispatcherServletRegistration'
2022-03-20 12:26:49.626 DEBUG 5300 --- [    Test worker] o.s.b.f.s.DefaultListableBeanFactory     : Creating shared instance of singleton bean 'requestContextFilter'
2022-03-20 12:26:49.629 DEBUG 5300 --- [    Test worker] o.s.b.f.s.DefaultListableBeanFactory     : Creating shared instance of singleton bean 'formContentFilter'
2022-03-20 12:26:49.629 DEBUG 5300 --- [    Test worker] o.s.b.f.s.DefaultListableBeanFactory     : Creating shared instance of singleton bean 'org.springframework.boot.autoconfigure.web.servlet.WebMvcAutoConfiguration'
2022-03-20 12:26:49.637 DEBUG 5300 --- [    Test worker] o.s.b.f.s.DefaultListableBeanFactory     : Creating shared instance of singleton bean 'characterEncodingFilter'
2022-03-20 12:26:49.652 DEBUG 5300 --- [    Test worker] o.s.b.w.s.ServletContextInitializerBeans : Mapping filters: filterRegistrationBean urls=[/*] order=-2147483647, springSecurityFilterChain urls=[/*] order=-100, characterEncodingFilter urls=[/*] order=-2147483648, formContentFilter urls=[/*] order=-9900, requestContextFilter urls=[/*] order=-105
2022-03-20 12:26:49.652 DEBUG 5300 --- [    Test worker] o.s.b.w.s.ServletContextInitializerBeans : Mapping servlets: dispatcherServlet urls=[/], webServlet urls=[/h2/*]
2022-03-20 12:26:49.653 DEBUG 5300 --- [    Test worker] o.s.b.a.m.w.servlet.WebMvcMetricsFilter  : Filter 'webMvcMetricsFilter' configured for use
2022-03-20 12:26:49.653 DEBUG 5300 --- [    Test worker] o.s.b.w.s.f.OrderedRequestContextFilter  : Filter 'requestContextFilter' configured for use
2022-03-20 12:26:49.654 DEBUG 5300 --- [    Test worker] s.b.w.s.f.OrderedCharacterEncodingFilter : Filter 'characterEncodingFilter' configured for use
2022-03-20 12:26:49.654 DEBUG 5300 --- [    Test worker] .DelegatingFilterProxyRegistrationBean$1 : Filter 'springSecurityFilterChain' configured for use
2022-03-20 12:26:49.654 DEBUG 5300 --- [    Test worker] o.s.b.w.s.f.OrderedFormContentFilter     : Filter 'formContentFilter' configured for use
2022-03-20 12:26:49.658 DEBUG 5300 --- [    Test worker] o.s.b.f.s.DefaultListableBeanFactory     : Creating shared instance of singleton bean 'dataSourceScriptDatabaseInitializer'
2022-03-20 12:26:49.659 DEBUG 5300 --- [    Test worker] o.s.b.f.s.DefaultListableBeanFactory     : Creating shared instance of singleton bean 'org.springframework.boot.autoconfigure.sql.init.DataSourceInitializationConfiguration'
2022-03-20 12:26:49.668 DEBUG 5300 --- [    Test worker] o.s.b.f.s.DefaultListableBeanFactory     : Creating shared instance of singleton bean 'spring.sql.init-org.springframework.boot.autoconfigure.sql.init.SqlInitializationProperties'
2022-03-20 12:26:49.760 DEBUG 5300 --- [    Test worker] o.s.b.f.s.DefaultListableBeanFactory     : Autowiring by type from bean name 'dataSourceScriptDatabaseInitializer' via factory method to bean named 'dataSource'
2022-03-20 12:26:49.761 DEBUG 5300 --- [    Test worker] o.s.b.f.s.DefaultListableBeanFactory     : Autowiring by type from bean name 'dataSourceScriptDatabaseInitializer' via factory method to bean named 'spring.sql.init-org.springframework.boot.autoconfigure.sql.init.SqlInitializationProperties'
2022-03-20 12:26:49.763 DEBUG 5300 --- [    Test worker] o.s.b.f.s.DefaultListableBeanFactory     : Creating shared instance of singleton bean 'entityManagerFactory'
2022-03-20 12:26:49.764 DEBUG 5300 --- [    Test worker] o.s.b.f.s.DefaultListableBeanFactory     : Creating shared instance of singleton bean 'org.springframework.boot.autoconfigure.orm.jpa.HibernateJpaConfiguration'
2022-03-20 12:26:49.767 DEBUG 5300 --- [    Test worker] o.s.b.f.s.DefaultListableBeanFactory     : Creating shared instance of singleton bean 'spring.jpa-org.springframework.boot.autoconfigure.orm.jpa.JpaProperties'
2022-03-20 12:26:49.775 DEBUG 5300 --- [    Test worker] o.s.b.f.s.DefaultListableBeanFactory     : Creating shared instance of singleton bean 'spring.jpa.hibernate-org.springframework.boot.autoconfigure.orm.jpa.HibernateProperties'
2022-03-20 12:26:49.779 DEBUG 5300 --- [    Test worker] o.s.b.f.s.DefaultListableBeanFactory     : Autowiring by type from bean name 'org.springframework.boot.autoconfigure.orm.jpa.HibernateJpaConfiguration' via constructor to bean named 'dataSource'
2022-03-20 12:26:49.779 DEBUG 5300 --- [    Test worker] o.s.b.f.s.DefaultListableBeanFactory     : Autowiring by type from bean name 'org.springframework.boot.autoconfigure.orm.jpa.HibernateJpaConfiguration' via constructor to bean named 'spring.jpa-org.springframework.boot.autoconfigure.orm.jpa.JpaProperties'
2022-03-20 12:26:49.779 DEBUG 5300 --- [    Test worker] o.s.b.f.s.DefaultListableBeanFactory     : Autowiring by type from bean name 'org.springframework.boot.autoconfigure.orm.jpa.HibernateJpaConfiguration' via constructor to bean named 'org.springframework.beans.factory.support.DefaultListableBeanFactory@2ed9e59b'
2022-03-20 12:26:49.779 DEBUG 5300 --- [    Test worker] o.s.b.f.s.DefaultListableBeanFactory     : Autowiring by type from bean name 'org.springframework.boot.autoconfigure.orm.jpa.HibernateJpaConfiguration' via constructor to bean named 'spring.jpa.hibernate-org.springframework.boot.autoconfigure.orm.jpa.HibernateProperties'
2022-03-20 12:26:49.781 DEBUG 5300 --- [    Test worker] o.s.b.f.s.DefaultListableBeanFactory     : Creating shared instance of singleton bean 'hikariPoolDataSourceMetadataProvider'
2022-03-20 12:26:49.781 DEBUG 5300 --- [    Test worker] o.s.b.f.s.DefaultListableBeanFactory     : Creating shared instance of singleton bean 'org.springframework.boot.autoconfigure.jdbc.metadata.DataSourcePoolMetadataProvidersConfiguration$HikariPoolDataSourceMetadataProviderConfiguration'
2022-03-20 12:26:49.788 DEBUG 5300 --- [    Test worker] o.s.b.f.s.DefaultListableBeanFactory     : Creating shared instance of singleton bean 'entityManagerFactoryBuilder'
2022-03-20 12:26:49.789 DEBUG 5300 --- [    Test worker] o.s.b.f.s.DefaultListableBeanFactory     : Creating shared instance of singleton bean 'jpaVendorAdapter'
2022-03-20 12:26:49.790 DEBUG 5300 --- [    Test worker] o.s.b.f.s.DefaultListableBeanFactory     : Autowiring by type from bean name 'entityManagerFactoryBuilder' via factory method to bean named 'jpaVendorAdapter'
2022-03-20 12:26:49.794 DEBUG 5300 --- [    Test worker] o.s.b.f.s.DefaultListableBeanFactory     : Autowiring by type from bean name 'entityManagerFactory' via factory method to bean named 'entityManagerFactoryBuilder'
2022-03-20 12:26:49.799 DEBUG 5300 --- [    Test worker] j.LocalContainerEntityManagerFactoryBean : Building JPA container EntityManagerFactory for persistence unit 'default'
2022-03-20 12:26:49.799  INFO 5300 --- [    Test worker] o.hibernate.jpa.internal.util.LogHelper  : HHH000204: Processing PersistenceUnitInfo [name: default]
2022-03-20 12:26:49.827  INFO 5300 --- [    Test worker] org.hibernate.dialect.Dialect            : HHH000400: Using dialect: org.hibernate.dialect.H2Dialect
Hibernate: alter table recipe_directions add constraint FKhvcukpdw0n8nnnwcdkw16v44s foreign key (recipe_id) references recipes
2022-03-20 12:26:50.007  WARN 5300 --- [    Test worker] o.h.t.s.i.ExceptionHandlerLoggedImpl     : GenerationTarget encountered exception accepting command : Error executing DDL "alter table recipe_directions add constraint FKhvcukpdw0n8nnnwcdkw16v44s foreign key (recipe_id) references recipes" via JDBC Statement

org.hibernate.tool.schema.spi.CommandAcceptanceException: Error executing DDL "alter table recipe_directions add constraint FKhvcukpdw0n8nnnwcdkw16v44s foreign key (recipe_id) references recipes" via JDBC Statement
	at org.hibernate.tool.schema.internal.exec.GenerationTargetToDatabase.accept(GenerationTargetToDatabase.java:67) ~[hibernate-core-5.4.32.Final.jar:5.4.32.Final]
	at org.hibernate.tool.schema.internal.AbstractSchemaMigrator.applySqlString(AbstractSchemaMigrator.java:562) ~[hibernate-core-5.4.32.Final.jar:5.4.32.Final]
	at org.hibernate.tool.schema.internal.AbstractSchemaMigrator.applySqlStrings(AbstractSchemaMigrator.java:507) ~[hibernate-core-5.4.32.Final.jar:5.4.32.Final]
	at org.hibernate.tool.schema.internal.AbstractSchemaMigrator.applyForeignKeys(AbstractSchemaMigrator.java:433) ~[hibernate-core-5.4.32.Final.jar:5.4.32.Final]
	at org.hibernate.tool.schema.internal.AbstractSchemaMigrator.performMigration(AbstractSchemaMigrator.java:249) ~[hibernate-core-5.4.32.Final.jar:5.4.32.Final]
	at org.hibernate.tool.schema.internal.AbstractSchemaMigrator.doMigration(AbstractSchemaMigrator.java:114) ~[hibernate-core-5.4.32.Final.jar:5.4.32.Final]
	at org.hibernate.tool.schema.spi.SchemaManagementToolCoordinator.performDatabaseAction(SchemaManagementToolCoordinator.java:184) ~[hibernate-core-5.4.32.Final.jar:5.4.32.Final]
	at org.hibernate.tool.schema.spi.SchemaManagementToolCoordinator.process(SchemaManagementToolCoordinator.java:73) ~[hibernate-core-5.4.32.Final.jar:5.4.32.Final]
	at org.hibernate.internal.SessionFactoryImpl.<init>(SessionFactoryImpl.java:318) ~[hibernate-core-5.4.32.Final.jar:5.4.32.Final]
	at org.hibernate.boot.internal.SessionFactoryBuilderImpl.build(SessionFactoryBuilderImpl.java:468) ~[hibernate-core-5.4.32.Final.jar:5.4.32.Final]
	at org.hibernate.jpa.boot.internal.EntityManagerFactoryBuilderImpl.build(EntityManagerFactoryBuilderImpl.java:1259) ~[hibernate-core-5.4.32.Final.jar:5.4.32.Final]
	at org.springframework.orm.jpa.vendor.SpringHibernateJpaPersistenceProvider.createContainerEntityManagerFactory(SpringHibernateJpaPersistenceProvider.java:58) ~[spring-orm-5.3.12.jar:5.3.12]
	at org.springframework.orm.jpa.LocalContainerEntityManagerFactoryBean.createNativeEntityManagerFactory(LocalContainerEntityManagerFactoryBean.java:365) ~[spring-orm-5.3.12.jar:5.3.12]
	at org.springframework.orm.jpa.AbstractEntityManagerFactoryBean.buildNativeEntityManagerFactory(AbstractEntityManagerFactoryBean.java:409) ~[spring-orm-5.3.12.jar:5.3.12]
	at org.springframework.orm.jpa.AbstractEntityManagerFactoryBean.afterPropertiesSet(AbstractEntityManagerFactoryBean.java:396) ~[spring-orm-5.3.12.jar:5.3.12]
	at org.springframework.orm.jpa.LocalContainerEntityManagerFactoryBean.afterPropertiesSet(LocalContainerEntityManagerFactoryBean.java:341) ~[spring-orm-5.3.12.jar:5.3.12]
	at org.springframework.beans.factory.support.AbstractAutowireCapableBeanFactory.lambda$invokeInitMethods$5(AbstractAutowireCapableBeanFactory.java:1854) ~[spring-beans-5.3.12.jar:5.3.12]
	at java.base/java.security.AccessController.doPrivileged(AccessController.java:712) ~[na:na]
	at org.springframework.beans.factory.support.AbstractAutowireCapableBeanFactory.invokeInitMethods(AbstractAutowireCapableBeanFactory.java:1853) ~[spring-beans-5.3.12.jar:5.3.12]
	at org.springframework.beans.factory.support.AbstractAutowireCapableBeanFactory.initializeBean(AbstractAutowireCapableBeanFactory.java:1800) ~[spring-beans-5.3.12.jar:5.3.12]
	at org.springframework.beans.factory.support.AbstractAutowireCapableBeanFactory.doCreateBean(AbstractAutowireCapableBeanFactory.java:620) ~[spring-beans-5.3.12.jar:5.3.12]
	at org.springframework.beans.factory.support.AbstractAutowireCapableBeanFactory.createBean(AbstractAutowireCapableBeanFactory.java:542) ~[spring-beans-5.3.12.jar:5.3.12]
	at org.springframework.beans.factory.support.AbstractBeanFactory.lambda$doGetBean$0(AbstractBeanFactory.java:335) ~[spring-beans-5.3.12.jar:5.3.12]
	at org.springframework.beans.factory.support.DefaultSingletonBeanRegistry.getSingleton(DefaultSingletonBeanRegistry.java:234) ~[spring-beans-5.3.12.jar:5.3.12]
	at org.springframework.beans.factory.support.AbstractBeanFactory.doGetBean(AbstractBeanFactory.java:333) ~[spring-beans-5.3.12.jar:5.3.12]
	at org.springframework.beans.factory.support.AbstractBeanFactory.getBean(AbstractBeanFactory.java:208) ~[spring-beans-5.3.12.jar:5.3.12]
	at org.springframework.context.support.AbstractApplicationContext.getBean(AbstractApplicationContext.java:1154) ~[spring-context-5.3.12.jar:5.3.12]
	at org.springframework.context.support.AbstractApplicationContext.finishBeanFactoryInitialization(AbstractApplicationContext.java:908) ~[spring-context-5.3.12.jar:5.3.12]
	at org.springframework.context.support.AbstractApplicationContext.refresh(AbstractApplicationContext.java:583) ~[spring-context-5.3.12.jar:5.3.12]
	at org.springframework.boot.web.servlet.context.ServletWebServerApplicationContext.refresh(ServletWebServerApplicationContext.java:145) ~[spring-boot-2.5.6.jar:2.5.6]
	at org.springframework.boot.SpringApplication.refresh(SpringApplication.java:754) ~[spring-boot-2.5.6.jar:2.5.6]
	at org.springframework.boot.SpringApplication.refreshContext(SpringApplication.java:434) ~[spring-boot-2.5.6.jar:2.5.6]
	at org.springframework.boot.SpringApplication.run(SpringApplication.java:338) ~[spring-boot-2.5.6.jar:2.5.6]
	at org.springframework.boot.SpringApplication.run(SpringApplication.java:1343) ~[spring-boot-2.5.6.jar:2.5.6]
	at org.springframework.boot.SpringApplication.run(SpringApplication.java:1332) ~[spring-boot-2.5.6.jar:2.5.6]
	at recipes.RecipesApplication.main(RecipesApplication.java:9) ~[main/:na]
	at java.base/jdk.internal.reflect.NativeMethodAccessorImpl.invoke0(Native Method) ~[na:na]
	at java.base/jdk.internal.reflect.NativeMethodAccessorImpl.invoke(NativeMethodAccessorImpl.java:77) ~[na:na]
	at java.base/jdk.internal.reflect.DelegatingMethodAccessorImpl.invoke(DelegatingMethodAccessorImpl.java:43) ~[na:na]
	at java.base/java.lang.reflect.Method.invoke(Method.java:568) ~[na:na]
	at org.hyperskill.hstest.stage.SpringTest.startSpring(SpringTest.java:139) ~[hs-test-release-SNAPSHOT.jar:na]
	at org.hyperskill.hstest.stage.SpringTest.reloadSpring(SpringTest.java:173) ~[hs-test-release-SNAPSHOT.jar:na]
	at RecipesApplicationTest.reloadServer(RecipesApplicationTest.java:309) ~[test/:na]
	at org.hyperskill.hstest.dynamic.input.DynamicTesting.lambda$null$2(DynamicTesting.java:289) ~[hs-test-release-SNAPSHOT.jar:na]
	at org.hyperskill.hstest.dynamic.input.DynamicTesting$1DynamicTestElement.lambda$null$0(DynamicTesting.java:252) ~[hs-test-release-SNAPSHOT.jar:na]
	at org.hyperskill.hstest.testing.runner.SpringApplicationRunner.test(SpringApplicationRunner.java:43) ~[hs-test-release-SNAPSHOT.jar:na]
	at org.hyperskill.hstest.testing.TestRun.test(TestRun.java:87) ~[hs-test-release-SNAPSHOT.jar:na]
	at org.hyperskill.hstest.stage.StageTest.start(StageTest.java:116) ~[hs-test-release-SNAPSHOT.jar:na]
	at java.base/jdk.internal.reflect.NativeMethodAccessorImpl.invoke0(Native Method) ~[na:na]
	at java.base/jdk.internal.reflect.NativeMethodAccessorImpl.invoke(NativeMethodAccessorImpl.java:77) ~[na:na]
	at java.base/jdk.internal.reflect.DelegatingMethodAccessorImpl.invoke(DelegatingMethodAccessorImpl.java:43) ~[na:na]
	at java.base/java.lang.reflect.Method.invoke(Method.java:568) ~[na:na]
	at org.junit.runners.model.FrameworkMethod$1.runReflectiveCall(FrameworkMethod.java:59) ~[junit-4.13.2.jar:4.13.2]
	at org.junit.internal.runners.model.ReflectiveCallable.run(ReflectiveCallable.java:12) ~[junit-4.13.2.jar:4.13.2]
	at org.junit.runners.model.FrameworkMethod.invokeExplosively(FrameworkMethod.java:56) ~[junit-4.13.2.jar:4.13.2]
	at org.junit.internal.runners.statements.InvokeMethod.evaluate(InvokeMethod.java:17) ~[junit-4.13.2.jar:4.13.2]
	at org.junit.internal.runners.statements.RunAfters.evaluate(RunAfters.java:27) ~[junit-4.13.2.jar:4.13.2]
	at org.junit.runners.ParentRunner$3.evaluate(ParentRunner.java:306) ~[junit-4.13.2.jar:4.13.2]
	at org.junit.runners.BlockJUnit4ClassRunner$1.evaluate(BlockJUnit4ClassRunner.java:100) ~[junit-4.13.2.jar:4.13.2]
	at org.junit.runners.ParentRunner.runLeaf(ParentRunner.java:366) ~[junit-4.13.2.jar:4.13.2]
	at org.junit.runners.BlockJUnit4ClassRunner.runChild(BlockJUnit4ClassRunner.java:103) ~[junit-4.13.2.jar:4.13.2]
	at org.junit.runners.BlockJUnit4ClassRunner.runChild(BlockJUnit4ClassRunner.java:63) ~[junit-4.13.2.jar:4.13.2]
	at org.junit.runners.ParentRunner$4.run(ParentRunner.java:331) ~[junit-4.13.2.jar:4.13.2]
	at org.junit.runners.ParentRunner$1.schedule(ParentRunner.java:79) ~[junit-4.13.2.jar:4.13.2]
	at org.junit.runners.ParentRunner.runChildren(ParentRunner.java:329) ~[junit-4.13.2.jar:4.13.2]
	at org.junit.runners.ParentRunner.access$100(ParentRunner.java:66) ~[junit-4.13.2.jar:4.13.2]
	at org.junit.runners.ParentRunner$2.evaluate(ParentRunner.java:293) ~[junit-4.13.2.jar:4.13.2]
	at org.junit.runners.ParentRunner$3.evaluate(ParentRunner.java:306) ~[junit-4.13.2.jar:4.13.2]
	at org.junit.runners.ParentRunner.run(ParentRunner.java:413) ~[junit-4.13.2.jar:4.13.2]
	at org.gradle.api.internal.tasks.testing.junit.JUnitTestClassExecutor.runTestClass(JUnitTestClassExecutor.java:110) ~[na:na]
	at org.gradle.api.internal.tasks.testing.junit.JUnitTestClassExecutor.execute(JUnitTestClassExecutor.java:58) ~[na:na]
	at org.gradle.api.internal.tasks.testing.junit.JUnitTestClassExecutor.execute(JUnitTestClassExecutor.java:38) ~[na:na]
	at org.gradle.api.internal.tasks.testing.junit.AbstractJUnitTestClassProcessor.processTestClass(AbstractJUnitTestClassProcessor.java:62) ~[na:na]
	at org.gradle.api.internal.tasks.testing.SuiteTestClassProcessor.processTestClass(SuiteTestClassProcessor.java:51) ~[na:na]
	at java.base/jdk.internal.reflect.NativeMethodAccessorImpl.invoke0(Native Method) ~[na:na]
	at java.base/jdk.internal.reflect.NativeMethodAccessorImpl.invoke(NativeMethodAccessorImpl.java:77) ~[na:na]
	at java.base/jdk.internal.reflect.DelegatingMethodAccessorImpl.invoke(DelegatingMethodAccessorImpl.java:43) ~[na:na]
	at java.base/java.lang.reflect.Method.invoke(Method.java:568) ~[na:na]
	at org.gradle.internal.dispatch.ReflectionDispatch.dispatch(ReflectionDispatch.java:36) ~[na:na]
	at org.gradle.internal.dispatch.ReflectionDispatch.dispatch(ReflectionDispatch.java:24) ~[na:na]
	at org.gradle.internal.dispatch.ContextClassLoaderDispatch.dispatch(ContextClassLoaderDispatch.java:33) ~[na:na]
	at org.gradle.internal.dispatch.ProxyDispatchAdapter$DispatchingInvocationHandler.invoke(ProxyDispatchAdapter.java:94) ~[na:na]
	at jdk.proxy1/jdk.proxy1.$Proxy2.processTestClass(Unknown Source) ~[na:na]
	at org.gradle.api.internal.tasks.testing.worker.TestWorker$2.run(TestWorker.java:176) ~[na:na]
	at org.gradle.api.internal.tasks.testing.worker.TestWorker.executeAndMaintainThreadName(TestWorker.java:129) ~[na:na]
	at org.gradle.api.internal.tasks.testing.worker.TestWorker.execute(TestWorker.java:100) ~[na:na]
	at org.gradle.api.internal.tasks.testing.worker.TestWorker.execute(TestWorker.java:60) ~[na:na]
	at org.gradle.process.internal.worker.child.ActionExecutionWorker.execute(ActionExecutionWorker.java:56) ~[na:na]
	at org.gradle.process.internal.worker.child.SystemApplicationClassLoaderWorker.call(SystemApplicationClassLoaderWorker.java:133) ~[na:na]
	at org.gradle.process.internal.worker.child.SystemApplicationClassLoaderWorker.call(SystemApplicationClassLoaderWorker.java:71) ~[na:na]
	at worker.org.gradle.process.internal.worker.GradleWorkerMain.run(GradleWorkerMain.java:69) ~[gradle-worker.jar:na]
	at worker.org.gradle.process.internal.worker.GradleWorkerMain.main(GradleWorkerMain.java:74) ~[gradle-worker.jar:na]
Caused by: org.h2.jdbc.JdbcSQLIntegrityConstraintViolationException: Referential integrity constraint violation: "FKHVCUKPDW0N8NNNWCDKW16V44S: PUBLIC.RECIPE_DIRECTIONS FOREIGN KEY(RECIPE_ID) REFERENCES PUBLIC.RECIPES(ID)"; SQL statement:
alter table recipe_directions add constraint FKhvcukpdw0n8nnnwcdkw16v44s foreign key (recipe_id) references recipes [23506-200]
	at org.h2.message.DbException.getJdbcSQLException(DbException.java:459) ~[h2-1.4.200.jar:1.4.200]
	at org.h2.engine.SessionRemote.done(SessionRemote.java:611) ~[h2-1.4.200.jar:1.4.200]
	at org.h2.command.CommandRemote.executeUpdate(CommandRemote.java:237) ~[h2-1.4.200.jar:1.4.200]
	at org.h2.jdbc.JdbcStatement.executeInternal(JdbcStatement.java:228) ~[h2-1.4.200.jar:1.4.200]
	at org.h2.jdbc.JdbcStatement.execute(JdbcStatement.java:201) ~[h2-1.4.200.jar:1.4.200]
	at com.zaxxer.hikari.pool.ProxyStatement.execute(ProxyStatement.java:94) ~[HikariCP-4.0.3.jar:na]
	at com.zaxxer.hikari.pool.HikariProxyStatement.execute(HikariProxyStatement.java) ~[HikariCP-4.0.3.jar:na]
	at org.hibernate.tool.schema.internal.exec.GenerationTargetToDatabase.accept(GenerationTargetToDatabase.java:54) ~[hibernate-core-5.4.32.Final.jar:5.4.32.Final]
	... 91 common frames omitted

Hibernate: alter table recipe_ingredients add constraint FKcqlw8sor5ut10xsuj3jnttkc foreign key (recipe_id) references recipes
2022-03-20 12:26:50.061  WARN 5300 --- [    Test worker] o.h.t.s.i.ExceptionHandlerLoggedImpl     : GenerationTarget encountered exception accepting command : Error executing DDL "alter table recipe_ingredients add constraint FKcqlw8sor5ut10xsuj3jnttkc foreign key (recipe_id) references recipes" via JDBC Statement

org.hibernate.tool.schema.spi.CommandAcceptanceException: Error executing DDL "alter table recipe_ingredients add constraint FKcqlw8sor5ut10xsuj3jnttkc foreign key (recipe_id) references recipes" via JDBC Statement
	at org.hibernate.tool.schema.internal.exec.GenerationTargetToDatabase.accept(GenerationTargetToDatabase.java:67) ~[hibernate-core-5.4.32.Final.jar:5.4.32.Final]
	at org.hibernate.tool.schema.internal.AbstractSchemaMigrator.applySqlString(AbstractSchemaMigrator.java:562) ~[hibernate-core-5.4.32.Final.jar:5.4.32.Final]
	at org.hibernate.tool.schema.internal.AbstractSchemaMigrator.applySqlStrings(AbstractSchemaMigrator.java:507) ~[hibernate-core-5.4.32.Final.jar:5.4.32.Final]
	at org.hibernate.tool.schema.internal.AbstractSchemaMigrator.applyForeignKeys(AbstractSchemaMigrator.java:433) ~[hibernate-core-5.4.32.Final.jar:5.4.32.Final]
	at org.hibernate.tool.schema.internal.AbstractSchemaMigrator.performMigration(AbstractSchemaMigrator.java:249) ~[hibernate-core-5.4.32.Final.jar:5.4.32.Final]
	at org.hibernate.tool.schema.internal.AbstractSchemaMigrator.doMigration(AbstractSchemaMigrator.java:114) ~[hibernate-core-5.4.32.Final.jar:5.4.32.Final]
	at org.hibernate.tool.schema.spi.SchemaManagementToolCoordinator.performDatabaseAction(SchemaManagementToolCoordinator.java:184) ~[hibernate-core-5.4.32.Final.jar:5.4.32.Final]
	at org.hibernate.tool.schema.spi.SchemaManagementToolCoordinator.process(SchemaManagementToolCoordinator.java:73) ~[hibernate-core-5.4.32.Final.jar:5.4.32.Final]
	at org.hibernate.internal.SessionFactoryImpl.<init>(SessionFactoryImpl.java:318) ~[hibernate-core-5.4.32.Final.jar:5.4.32.Final]
	at org.hibernate.boot.internal.SessionFactoryBuilderImpl.build(SessionFactoryBuilderImpl.java:468) ~[hibernate-core-5.4.32.Final.jar:5.4.32.Final]
	at org.hibernate.jpa.boot.internal.EntityManagerFactoryBuilderImpl.build(EntityManagerFactoryBuilderImpl.java:1259) ~[hibernate-core-5.4.32.Final.jar:5.4.32.Final]
	at org.springframework.orm.jpa.vendor.SpringHibernateJpaPersistenceProvider.createContainerEntityManagerFactory(SpringHibernateJpaPersistenceProvider.java:58) ~[spring-orm-5.3.12.jar:5.3.12]
	at org.springframework.orm.jpa.LocalContainerEntityManagerFactoryBean.createNativeEntityManagerFactory(LocalContainerEntityManagerFactoryBean.java:365) ~[spring-orm-5.3.12.jar:5.3.12]
	at org.springframework.orm.jpa.AbstractEntityManagerFactoryBean.buildNativeEntityManagerFactory(AbstractEntityManagerFactoryBean.java:409) ~[spring-orm-5.3.12.jar:5.3.12]
	at org.springframework.orm.jpa.AbstractEntityManagerFactoryBean.afterPropertiesSet(AbstractEntityManagerFactoryBean.java:396) ~[spring-orm-5.3.12.jar:5.3.12]
	at org.springframework.orm.jpa.LocalContainerEntityManagerFactoryBean.afterPropertiesSet(LocalContainerEntityManagerFactoryBean.java:341) ~[spring-orm-5.3.12.jar:5.3.12]
	at org.springframework.beans.factory.support.AbstractAutowireCapableBeanFactory.lambda$invokeInitMethods$5(AbstractAutowireCapableBeanFactory.java:1854) ~[spring-beans-5.3.12.jar:5.3.12]
	at java.base/java.security.AccessController.doPrivileged(AccessController.java:712) ~[na:na]
	at org.springframework.beans.factory.support.AbstractAutowireCapableBeanFactory.invokeInitMethods(AbstractAutowireCapableBeanFactory.java:1853) ~[spring-beans-5.3.12.jar:5.3.12]
	at org.springframework.beans.factory.support.AbstractAutowireCapableBeanFactory.initializeBean(AbstractAutowireCapableBeanFactory.java:1800) ~[spring-beans-5.3.12.jar:5.3.12]
	at org.springframework.beans.factory.support.AbstractAutowireCapableBeanFactory.doCreateBean(AbstractAutowireCapableBeanFactory.java:620) ~[spring-beans-5.3.12.jar:5.3.12]
	at org.springframework.beans.factory.support.AbstractAutowireCapableBeanFactory.createBean(AbstractAutowireCapableBeanFactory.java:542) ~[spring-beans-5.3.12.jar:5.3.12]
	at org.springframework.beans.factory.support.AbstractBeanFactory.lambda$doGetBean$0(AbstractBeanFactory.java:335) ~[spring-beans-5.3.12.jar:5.3.12]
	at org.springframework.beans.factory.support.DefaultSingletonBeanRegistry.getSingleton(DefaultSingletonBeanRegistry.java:234) ~[spring-beans-5.3.12.jar:5.3.12]
	at org.springframework.beans.factory.support.AbstractBeanFactory.doGetBean(AbstractBeanFactory.java:333) ~[spring-beans-5.3.12.jar:5.3.12]
	at org.springframework.beans.factory.support.AbstractBeanFactory.getBean(AbstractBeanFactory.java:208) ~[spring-beans-5.3.12.jar:5.3.12]
	at org.springframework.context.support.AbstractApplicationContext.getBean(AbstractApplicationContext.java:1154) ~[spring-context-5.3.12.jar:5.3.12]
	at org.springframework.context.support.AbstractApplicationContext.finishBeanFactoryInitialization(AbstractApplicationContext.java:908) ~[spring-context-5.3.12.jar:5.3.12]
	at org.springframework.context.support.AbstractApplicationContext.refresh(AbstractApplicationContext.java:583) ~[spring-context-5.3.12.jar:5.3.12]
	at org.springframework.boot.web.servlet.context.ServletWebServerApplicationContext.refresh(ServletWebServerApplicationContext.java:145) ~[spring-boot-2.5.6.jar:2.5.6]
	at org.springframework.boot.SpringApplication.refresh(SpringApplication.java:754) ~[spring-boot-2.5.6.jar:2.5.6]
	at org.springframework.boot.SpringApplication.refreshContext(SpringApplication.java:434) ~[spring-boot-2.5.6.jar:2.5.6]
	at org.springframework.boot.SpringApplication.run(SpringApplication.java:338) ~[spring-boot-2.5.6.jar:2.5.6]
	at org.springframework.boot.SpringApplication.run(SpringApplication.java:1343) ~[spring-boot-2.5.6.jar:2.5.6]
	at org.springframework.boot.SpringApplication.run(SpringApplication.java:1332) ~[spring-boot-2.5.6.jar:2.5.6]
	at recipes.RecipesApplication.main(RecipesApplication.java:9) ~[main/:na]
	at java.base/jdk.internal.reflect.NativeMethodAccessorImpl.invoke0(Native Method) ~[na:na]
	at java.base/jdk.internal.reflect.NativeMethodAccessorImpl.invoke(NativeMethodAccessorImpl.java:77) ~[na:na]
	at java.base/jdk.internal.reflect.DelegatingMethodAccessorImpl.invoke(DelegatingMethodAccessorImpl.java:43) ~[na:na]
	at java.base/java.lang.reflect.Method.invoke(Method.java:568) ~[na:na]
	at org.hyperskill.hstest.stage.SpringTest.startSpring(SpringTest.java:139) ~[hs-test-release-SNAPSHOT.jar:na]
	at org.hyperskill.hstest.stage.SpringTest.reloadSpring(SpringTest.java:173) ~[hs-test-release-SNAPSHOT.jar:na]
	at RecipesApplicationTest.reloadServer(RecipesApplicationTest.java:309) ~[test/:na]
	at org.hyperskill.hstest.dynamic.input.DynamicTesting.lambda$null$2(DynamicTesting.java:289) ~[hs-test-release-SNAPSHOT.jar:na]
	at org.hyperskill.hstest.dynamic.input.DynamicTesting$1DynamicTestElement.lambda$null$0(DynamicTesting.java:252) ~[hs-test-release-SNAPSHOT.jar:na]
	at org.hyperskill.hstest.testing.runner.SpringApplicationRunner.test(SpringApplicationRunner.java:43) ~[hs-test-release-SNAPSHOT.jar:na]
	at org.hyperskill.hstest.testing.TestRun.test(TestRun.java:87) ~[hs-test-release-SNAPSHOT.jar:na]
	at org.hyperskill.hstest.stage.StageTest.start(StageTest.java:116) ~[hs-test-release-SNAPSHOT.jar:na]
	at java.base/jdk.internal.reflect.NativeMethodAccessorImpl.invoke0(Native Method) ~[na:na]
	at java.base/jdk.internal.reflect.NativeMethodAccessorImpl.invoke(NativeMethodAccessorImpl.java:77) ~[na:na]
	at java.base/jdk.internal.reflect.DelegatingMethodAccessorImpl.invoke(DelegatingMethodAccessorImpl.java:43) ~[na:na]
	at java.base/java.lang.reflect.Method.invoke(Method.java:568) ~[na:na]
	at org.junit.runners.model.FrameworkMethod$1.runReflectiveCall(FrameworkMethod.java:59) ~[junit-4.13.2.jar:4.13.2]
	at org.junit.internal.runners.model.ReflectiveCallable.run(ReflectiveCallable.java:12) ~[junit-4.13.2.jar:4.13.2]
	at org.junit.runners.model.FrameworkMethod.invokeExplosively(FrameworkMethod.java:56) ~[junit-4.13.2.jar:4.13.2]
	at org.junit.internal.runners.statements.InvokeMethod.evaluate(InvokeMethod.java:17) ~[junit-4.13.2.jar:4.13.2]
	at org.junit.internal.runners.statements.RunAfters.evaluate(RunAfters.java:27) ~[junit-4.13.2.jar:4.13.2]
	at org.junit.runners.ParentRunner$3.evaluate(ParentRunner.java:306) ~[junit-4.13.2.jar:4.13.2]
	at org.junit.runners.BlockJUnit4ClassRunner$1.evaluate(BlockJUnit4ClassRunner.java:100) ~[junit-4.13.2.jar:4.13.2]
	at org.junit.runners.ParentRunner.runLeaf(ParentRunner.java:366) ~[junit-4.13.2.jar:4.13.2]
	at org.junit.runners.BlockJUnit4ClassRunner.runChild(BlockJUnit4ClassRunner.java:103) ~[junit-4.13.2.jar:4.13.2]
	at org.junit.runners.BlockJUnit4ClassRunner.runChild(BlockJUnit4ClassRunner.java:63) ~[junit-4.13.2.jar:4.13.2]
	at org.junit.runners.ParentRunner$4.run(ParentRunner.java:331) ~[junit-4.13.2.jar:4.13.2]
	at org.junit.runners.ParentRunner$1.schedule(ParentRunner.java:79) ~[junit-4.13.2.jar:4.13.2]
	at org.junit.runners.ParentRunner.runChildren(ParentRunner.java:329) ~[junit-4.13.2.jar:4.13.2]
	at org.junit.runners.ParentRunner.access$100(ParentRunner.java:66) ~[junit-4.13.2.jar:4.13.2]
	at org.junit.runners.ParentRunner$2.evaluate(ParentRunner.java:293) ~[junit-4.13.2.jar:4.13.2]
	at org.junit.runners.ParentRunner$3.evaluate(ParentRunner.java:306) ~[junit-4.13.2.jar:4.13.2]
	at org.junit.runners.ParentRunner.run(ParentRunner.java:413) ~[junit-4.13.2.jar:4.13.2]
	at org.gradle.api.internal.tasks.testing.junit.JUnitTestClassExecutor.runTestClass(JUnitTestClassExecutor.java:110) ~[na:na]
	at org.gradle.api.internal.tasks.testing.junit.JUnitTestClassExecutor.execute(JUnitTestClassExecutor.java:58) ~[na:na]
	at org.gradle.api.internal.tasks.testing.junit.JUnitTestClassExecutor.execute(JUnitTestClassExecutor.java:38) ~[na:na]
	at org.gradle.api.internal.tasks.testing.junit.AbstractJUnitTestClassProcessor.processTestClass(AbstractJUnitTestClassProcessor.java:62) ~[na:na]
	at org.gradle.api.internal.tasks.testing.SuiteTestClassProcessor.processTestClass(SuiteTestClassProcessor.java:51) ~[na:na]
	at java.base/jdk.internal.reflect.NativeMethodAccessorImpl.invoke0(Native Method) ~[na:na]
	at java.base/jdk.internal.reflect.NativeMethodAccessorImpl.invoke(NativeMethodAccessorImpl.java:77) ~[na:na]
	at java.base/jdk.internal.reflect.DelegatingMethodAccessorImpl.invoke(DelegatingMethodAccessorImpl.java:43) ~[na:na]
	at java.base/java.lang.reflect.Method.invoke(Method.java:568) ~[na:na]
	at org.gradle.internal.dispatch.ReflectionDispatch.dispatch(ReflectionDispatch.java:36) ~[na:na]
	at org.gradle.internal.dispatch.ReflectionDispatch.dispatch(ReflectionDispatch.java:24) ~[na:na]
	at org.gradle.internal.dispatch.ContextClassLoaderDispatch.dispatch(ContextClassLoaderDispatch.java:33) ~[na:na]
	at org.gradle.internal.dispatch.ProxyDispatchAdapter$DispatchingInvocationHandler.invoke(ProxyDispatchAdapter.java:94) ~[na:na]
	at jdk.proxy1/jdk.proxy1.$Proxy2.processTestClass(Unknown Source) ~[na:na]
	at org.gradle.api.internal.tasks.testing.worker.TestWorker$2.run(TestWorker.java:176) ~[na:na]
	at org.gradle.api.internal.tasks.testing.worker.TestWorker.executeAndMaintainThreadName(TestWorker.java:129) ~[na:na]
	at org.gradle.api.internal.tasks.testing.worker.TestWorker.execute(TestWorker.java:100) ~[na:na]
	at org.gradle.api.internal.tasks.testing.worker.TestWorker.execute(TestWorker.java:60) ~[na:na]
	at org.gradle.process.internal.worker.child.ActionExecutionWorker.execute(ActionExecutionWorker.java:56) ~[na:na]
	at org.gradle.process.internal.worker.child.SystemApplicationClassLoaderWorker.call(SystemApplicationClassLoaderWorker.java:133) ~[na:na]
	at org.gradle.process.internal.worker.child.SystemApplicationClassLoaderWorker.call(SystemApplicationClassLoaderWorker.java:71) ~[na:na]
	at worker.org.gradle.process.internal.worker.GradleWorkerMain.run(GradleWorkerMain.java:69) ~[gradle-worker.jar:na]
	at worker.org.gradle.process.internal.worker.GradleWorkerMain.main(GradleWorkerMain.java:74) ~[gradle-worker.jar:na]
Caused by: org.h2.jdbc.JdbcSQLIntegrityConstraintViolationException: Referential integrity constraint violation: "FKCQLW8SOR5UT10XSUJ3JNTTKC: PUBLIC.RECIPE_INGREDIENTS FOREIGN KEY(RECIPE_ID) REFERENCES PUBLIC.RECIPES(ID)"; SQL statement:
alter table recipe_ingredients add constraint FKcqlw8sor5ut10xsuj3jnttkc foreign key (recipe_id) references recipes [23506-200]
	at org.h2.message.DbException.getJdbcSQLException(DbException.java:459) ~[h2-1.4.200.jar:1.4.200]
	at org.h2.engine.SessionRemote.done(SessionRemote.java:611) ~[h2-1.4.200.jar:1.4.200]
	at org.h2.command.CommandRemote.executeUpdate(CommandRemote.java:237) ~[h2-1.4.200.jar:1.4.200]
	at org.h2.jdbc.JdbcStatement.executeInternal(JdbcStatement.java:228) ~[h2-1.4.200.jar:1.4.200]
	at org.h2.jdbc.JdbcStatement.execute(JdbcStatement.java:201) ~[h2-1.4.200.jar:1.4.200]
	at com.zaxxer.hikari.pool.ProxyStatement.execute(ProxyStatement.java:94) ~[HikariCP-4.0.3.jar:na]
	at com.zaxxer.hikari.pool.HikariProxyStatement.execute(HikariProxyStatement.java) ~[HikariCP-4.0.3.jar:na]
	at org.hibernate.tool.schema.internal.exec.GenerationTargetToDatabase.accept(GenerationTargetToDatabase.java:54) ~[hibernate-core-5.4.32.Final.jar:5.4.32.Final]
	... 91 common frames omitted

2022-03-20 12:26:50.065  INFO 5300 --- [    Test worker] o.h.e.t.j.p.i.JtaPlatformInitiator       : HHH000490: Using JtaPlatform implementation: [org.hibernate.engine.transaction.jta.platform.internal.NoJtaPlatform]
2022-03-20 12:26:50.065  INFO 5300 --- [    Test worker] j.LocalContainerEntityManagerFactoryBean : Initialized JPA EntityManagerFactory for persistence unit 'default'
2022-03-20 12:26:50.066 DEBUG 5300 --- [    Test worker] o.s.b.f.s.DefaultListableBeanFactory     : Creating shared instance of singleton bean 'recipesApplication'
2022-03-20 12:26:50.072 DEBUG 5300 --- [    Test worker] o.s.b.f.s.DefaultListableBeanFactory     : Creating shared instance of singleton bean 'recipeService'
2022-03-20 12:26:50.074 DEBUG 5300 --- [    Test worker] o.s.b.f.s.DefaultListableBeanFactory     : Creating shared instance of singleton bean 'recipeRepository'
2022-03-20 12:26:50.140 DEBUG 5300 --- [    Test worker] o.s.b.f.s.DefaultListableBeanFactory     : Creating shared instance of singleton bean 'jpaMappingContext'
2022-03-20 12:26:50.141 DEBUG 5300 --- [    Test worker] .c.JpaMetamodelMappingContextFactoryBean : Initializing JpaMetamodelMappingContext…
2022-03-20 12:26:50.143 DEBUG 5300 --- [    Test worker] .c.JpaMetamodelMappingContextFactoryBean : Finished initializing JpaMetamodelMappingContext!
2022-03-20 12:26:50.149 DEBUG 5300 --- [    Test worker] tor$SharedEntityManagerInvocationHandler : Creating new EntityManager for shared EntityManager invocation
2022-03-20 12:26:50.150 DEBUG 5300 --- [    Test worker] o.s.b.f.s.DefaultListableBeanFactory     : Creating shared instance of singleton bean 'metricsRepositoryMethodInvocationListener'
2022-03-20 12:26:50.150 DEBUG 5300 --- [    Test worker] o.s.b.f.s.DefaultListableBeanFactory     : Creating shared instance of singleton bean 'org.springframework.boot.actuate.autoconfigure.metrics.data.RepositoryMetricsAutoConfiguration'
2022-03-20 12:26:50.152 DEBUG 5300 --- [    Test worker] o.s.b.f.s.DefaultListableBeanFactory     : Autowiring by type from bean name 'org.springframework.boot.actuate.autoconfigure.metrics.data.RepositoryMetricsAutoConfiguration' via constructor to bean named 'management.metrics-org.springframework.boot.actuate.autoconfigure.metrics.MetricsProperties'
2022-03-20 12:26:50.154 DEBUG 5300 --- [    Test worker] o.s.b.f.s.DefaultListableBeanFactory     : Creating shared instance of singleton bean 'repositoryTagsProvider'
2022-03-20 12:26:50.155 DEBUG 5300 --- [    Test worker] o.s.b.f.s.DefaultListableBeanFactory     : Autowiring by type from bean name 'metricsRepositoryMethodInvocationListener' via factory method to bean named 'repositoryTagsProvider'
2022-03-20 12:26:50.174 DEBUG 5300 --- [    Test worker] o.s.d.r.c.s.RepositoryFactorySupport     : Initializing repository instance for recipes.persistence.RecipeRepository…
2022-03-20 12:26:50.176 DEBUG 5300 --- [    Test worker] tor$SharedEntityManagerInvocationHandler : Creating new EntityManager for shared EntityManager invocation
2022-03-20 12:26:50.181 DEBUG 5300 --- [    Test worker] o.s.d.jpa.repository.query.NamedQuery    : Looking up named query Recipe.findByNameContainingIgnoreCaseOrderByDateDesc
2022-03-20 12:26:50.182 DEBUG 5300 --- [    Test worker] o.s.d.jpa.repository.query.NamedQuery    : Did not find named query Recipe.findByNameContainingIgnoreCaseOrderByDateDesc
2022-03-20 12:26:50.182 DEBUG 5300 --- [    Test worker] tor$SharedEntityManagerInvocationHandler : Creating new EntityManager for shared EntityManager invocation
2022-03-20 12:26:50.185 DEBUG 5300 --- [    Test worker] o.s.d.jpa.repository.query.NamedQuery    : Looking up named query Recipe.findByCategoryIgnoreCaseOrderByDateDesc
2022-03-20 12:26:50.185 DEBUG 5300 --- [    Test worker] o.s.d.jpa.repository.query.NamedQuery    : Did not find named query Recipe.findByCategoryIgnoreCaseOrderByDateDesc
2022-03-20 12:26:50.185 DEBUG 5300 --- [    Test worker] tor$SharedEntityManagerInvocationHandler : Creating new EntityManager for shared EntityManager invocation
2022-03-20 12:26:50.187 DEBUG 5300 --- [    Test worker] o.s.d.r.c.s.RepositoryFactorySupport     : Finished creation of repository instance for {}.
2022-03-20 12:26:50.188 DEBUG 5300 --- [    Test worker] o.s.b.f.s.DefaultListableBeanFactory     : Autowiring by type from bean name 'recipeService' via constructor to bean named 'recipeRepository'
2022-03-20 12:26:50.188 DEBUG 5300 --- [    Test worker] o.s.b.f.s.DefaultListableBeanFactory     : Creating shared instance of singleton bean 'userDetailsServiceImpl'
2022-03-20 12:26:50.189 DEBUG 5300 --- [    Test worker] o.s.b.f.s.DefaultListableBeanFactory     : Creating shared instance of singleton bean 'userRepository'
2022-03-20 12:26:50.199 DEBUG 5300 --- [    Test worker] tor$SharedEntityManagerInvocationHandler : Creating new EntityManager for shared EntityManager invocation
2022-03-20 12:26:50.203 DEBUG 5300 --- [    Test worker] o.s.d.r.c.s.RepositoryFactorySupport     : Initializing repository instance for recipes.persistence.UserRepository…
2022-03-20 12:26:50.204 DEBUG 5300 --- [    Test worker] tor$SharedEntityManagerInvocationHandler : Creating new EntityManager for shared EntityManager invocation
2022-03-20 12:26:50.223 DEBUG 5300 --- [    Test worker] o.s.d.jpa.repository.query.NamedQuery    : Looking up named query User.findByEmail
2022-03-20 12:26:50.224 DEBUG 5300 --- [    Test worker] o.s.d.jpa.repository.query.NamedQuery    : Did not find named query User.findByEmail
2022-03-20 12:26:50.224 DEBUG 5300 --- [    Test worker] tor$SharedEntityManagerInvocationHandler : Creating new EntityManager for shared EntityManager invocation
2022-03-20 12:26:50.227 DEBUG 5300 --- [    Test worker] o.s.d.jpa.repository.query.NamedQuery    : Looking up named query User.findByEmailIgnoreCase
2022-03-20 12:26:50.227 DEBUG 5300 --- [    Test worker] o.s.d.jpa.repository.query.NamedQuery    : Did not find named query User.findByEmailIgnoreCase
2022-03-20 12:26:50.228 DEBUG 5300 --- [    Test worker] tor$SharedEntityManagerInvocationHandler : Creating new EntityManager for shared EntityManager invocation
2022-03-20 12:26:50.230 DEBUG 5300 --- [    Test worker] o.s.d.r.c.s.RepositoryFactorySupport     : Finished creation of repository instance for {}.
2022-03-20 12:26:50.232 DEBUG 5300 --- [    Test worker] o.s.b.f.s.DefaultListableBeanFactory     : Creating shared instance of singleton bean 'userService'
2022-03-20 12:26:50.233 DEBUG 5300 --- [    Test worker] o.s.b.f.s.DefaultListableBeanFactory     : Autowiring by type from bean name 'userService' via constructor to bean named 'userRepository'
2022-03-20 12:26:50.234 DEBUG 5300 --- [    Test worker] o.s.b.f.s.DefaultListableBeanFactory     : Creating shared instance of singleton bean 'recipesController'
2022-03-20 12:26:50.238 DEBUG 5300 --- [    Test worker] o.s.b.f.s.DefaultListableBeanFactory     : Creating shared instance of singleton bean 'getEncoder'
2022-03-20 12:26:50.238 DEBUG 5300 --- [    Test worker] o.s.b.f.s.DefaultListableBeanFactory     : Creating shared instance of singleton bean 'webSecurityConfigurerImpl'
2022-03-20 12:26:50.251 DEBUG 5300 --- [    Test worker] o.s.b.f.s.DefaultListableBeanFactory     : Creating shared instance of singleton bean 'objectPostProcessor'
2022-03-20 12:26:50.251 DEBUG 5300 --- [    Test worker] o.s.b.f.s.DefaultListableBeanFactory     : Creating shared instance of singleton bean 'org.springframework.security.config.annotation.configuration.ObjectPostProcessorConfiguration'
2022-03-20 12:26:50.253 DEBUG 5300 --- [    Test worker] o.s.b.f.s.DefaultListableBeanFactory     : Autowiring by type from bean name 'objectPostProcessor' via factory method to bean named 'org.springframework.beans.factory.support.DefaultListableBeanFactory@2ed9e59b'
2022-03-20 12:26:50.255 DEBUG 5300 --- [    Test worker] o.s.b.f.s.DefaultListableBeanFactory     : Creating shared instance of singleton bean 'org.springframework.security.config.annotation.authentication.configuration.AuthenticationConfiguration'
2022-03-20 12:26:50.265 DEBUG 5300 --- [    Test worker] o.s.b.f.s.DefaultListableBeanFactory     : Creating shared instance of singleton bean 'enableGlobalAuthenticationAutowiredConfigurer'
2022-03-20 12:26:50.267 DEBUG 5300 --- [    Test worker] o.s.b.f.s.DefaultListableBeanFactory     : Autowiring by type from bean name 'enableGlobalAuthenticationAutowiredConfigurer' via factory method to bean named 'org.springframework.boot.web.servlet.context.AnnotationConfigServletWebServerApplicationContext@19beeb61'
2022-03-20 12:26:50.268 DEBUG 5300 --- [    Test worker] o.s.b.f.s.DefaultListableBeanFactory     : Creating shared instance of singleton bean 'initializeUserDetailsBeanManagerConfigurer'
2022-03-20 12:26:50.268 DEBUG 5300 --- [    Test worker] o.s.b.f.s.DefaultListableBeanFactory     : Autowiring by type from bean name 'initializeUserDetailsBeanManagerConfigurer' via factory method to bean named 'org.springframework.boot.web.servlet.context.AnnotationConfigServletWebServerApplicationContext@19beeb61'
2022-03-20 12:26:50.269 DEBUG 5300 --- [    Test worker] o.s.b.f.s.DefaultListableBeanFactory     : Creating shared instance of singleton bean 'initializeAuthenticationProviderBeanManagerConfigurer'
2022-03-20 12:26:50.270 DEBUG 5300 --- [    Test worker] o.s.b.f.s.DefaultListableBeanFactory     : Autowiring by type from bean name 'initializeAuthenticationProviderBeanManagerConfigurer' via factory method to bean named 'org.springframework.boot.web.servlet.context.AnnotationConfigServletWebServerApplicationContext@19beeb61'
2022-03-20 12:26:50.272 DEBUG 5300 --- [    Test worker] o.s.b.f.s.DefaultListableBeanFactory     : Creating shared instance of singleton bean 'mvcContentNegotiationManager'
2022-03-20 12:26:50.273 DEBUG 5300 --- [    Test worker] o.s.b.f.s.DefaultListableBeanFactory     : Creating shared instance of singleton bean 'org.springframework.boot.autoconfigure.web.servlet.WebMvcAutoConfiguration$EnableWebMvcConfiguration'
2022-03-20 12:26:50.274 DEBUG 5300 --- [    Test worker] o.s.b.f.s.DefaultListableBeanFactory     : Creating shared instance of singleton bean 'spring.resources-org.springframework.boot.autoconfigure.web.ResourceProperties'
2022-03-20 12:26:50.279 DEBUG 5300 --- [    Test worker] o.s.b.f.s.DefaultListableBeanFactory     : Creating shared instance of singleton bean 'spring.web-org.springframework.boot.autoconfigure.web.WebProperties'
2022-03-20 12:26:50.281 DEBUG 5300 --- [    Test worker] o.s.b.f.s.DefaultListableBeanFactory     : Autowiring by type from bean name 'org.springframework.boot.autoconfigure.web.servlet.WebMvcAutoConfiguration$EnableWebMvcConfiguration' via constructor to bean named 'spring.resources-org.springframework.boot.autoconfigure.web.ResourceProperties'
2022-03-20 12:26:50.282 DEBUG 5300 --- [    Test worker] o.s.b.f.s.DefaultListableBeanFactory     : Autowiring by type from bean name 'org.springframework.boot.autoconfigure.web.servlet.WebMvcAutoConfiguration$EnableWebMvcConfiguration' via constructor to bean named 'spring.mvc-org.springframework.boot.autoconfigure.web.servlet.WebMvcProperties'
2022-03-20 12:26:50.282 DEBUG 5300 --- [    Test worker] o.s.b.f.s.DefaultListableBeanFactory     : Autowiring by type from bean name 'org.springframework.boot.autoconfigure.web.servlet.WebMvcAutoConfiguration$EnableWebMvcConfiguration' via constructor to bean named 'spring.web-org.springframework.boot.autoconfigure.web.WebProperties'
2022-03-20 12:26:50.282 DEBUG 5300 --- [    Test worker] o.s.b.f.s.DefaultListableBeanFactory     : Autowiring by type from bean name 'org.springframework.boot.autoconfigure.web.servlet.WebMvcAutoConfiguration$EnableWebMvcConfiguration' via constructor to bean named 'org.springframework.beans.factory.support.DefaultListableBeanFactory@2ed9e59b'
2022-03-20 12:26:50.294 DEBUG 5300 --- [    Test worker] o.s.b.f.s.DefaultListableBeanFactory     : Creating shared instance of singleton bean 'org.springframework.security.config.annotation.web.configuration.WebMvcSecurityConfiguration'
2022-03-20 12:26:50.296 DEBUG 5300 --- [    Test worker] o.s.b.f.s.DefaultListableBeanFactory     : Creating shared instance of singleton bean 'org.springframework.boot.autoconfigure.web.servlet.WebMvcAutoConfiguration$WebMvcAutoConfigurationAdapter'
2022-03-20 12:26:50.297 DEBUG 5300 --- [    Test worker] o.s.b.f.s.DefaultListableBeanFactory     : Autowiring by type from bean name 'org.springframework.boot.autoconfigure.web.servlet.WebMvcAutoConfiguration$WebMvcAutoConfigurationAdapter' via constructor to bean named 'spring.resources-org.springframework.boot.autoconfigure.web.ResourceProperties'
2022-03-20 12:26:50.297 DEBUG 5300 --- [    Test worker] o.s.b.f.s.DefaultListableBeanFactory     : Autowiring by type from bean name 'org.springframework.boot.autoconfigure.web.servlet.WebMvcAutoConfiguration$WebMvcAutoConfigurationAdapter' via constructor to bean named 'spring.web-org.springframework.boot.autoconfigure.web.WebProperties'
2022-03-20 12:26:50.297 DEBUG 5300 --- [    Test worker] o.s.b.f.s.DefaultListableBeanFactory     : Autowiring by type from bean name 'org.springframework.boot.autoconfigure.web.servlet.WebMvcAutoConfiguration$WebMvcAutoConfigurationAdapter' via constructor to bean named 'spring.mvc-org.springframework.boot.autoconfigure.web.servlet.WebMvcProperties'
2022-03-20 12:26:50.297 DEBUG 5300 --- [    Test worker] o.s.b.f.s.DefaultListableBeanFactory     : Autowiring by type from bean name 'org.springframework.boot.autoconfigure.web.servlet.WebMvcAutoConfiguration$WebMvcAutoConfigurationAdapter' via constructor to bean named 'org.springframework.beans.factory.support.DefaultListableBeanFactory@2ed9e59b'
2022-03-20 12:26:50.299 DEBUG 5300 --- [    Test worker] o.s.b.f.s.DefaultListableBeanFactory     : Creating shared instance of singleton bean 'openEntityManagerInViewInterceptorConfigurer'
2022-03-20 12:26:50.300 DEBUG 5300 --- [    Test worker] o.s.b.f.s.DefaultListableBeanFactory     : Creating shared instance of singleton bean 'org.springframework.boot.autoconfigure.orm.jpa.JpaBaseConfiguration$JpaWebConfiguration'
2022-03-20 12:26:50.301 DEBUG 5300 --- [    Test worker] o.s.b.f.s.DefaultListableBeanFactory     : Autowiring by type from bean name 'org.springframework.boot.autoconfigure.orm.jpa.JpaBaseConfiguration$JpaWebConfiguration' via constructor to bean named 'spring.jpa-org.springframework.boot.autoconfigure.orm.jpa.JpaProperties'
2022-03-20 12:26:50.304 DEBUG 5300 --- [    Test worker] o.s.b.f.s.DefaultListableBeanFactory     : Creating shared instance of singleton bean 'openEntityManagerInViewInterceptor'
2022-03-20 12:26:50.305  WARN 5300 --- [    Test worker] JpaBaseConfiguration$JpaWebConfiguration : spring.jpa.open-in-view is enabled by default. Therefore, database queries may be performed during view rendering. Explicitly configure spring.jpa.open-in-view to disable this warning
2022-03-20 12:26:50.306 DEBUG 5300 --- [    Test worker] o.s.b.f.s.DefaultListableBeanFactory     : Autowiring by type from bean name 'openEntityManagerInViewInterceptorConfigurer' via factory method to bean named 'openEntityManagerInViewInterceptor'
2022-03-20 12:26:50.306 DEBUG 5300 --- [    Test worker] o.s.b.f.s.DefaultListableBeanFactory     : Creating shared instance of singleton bean 'metricsWebMvcConfigurer'
2022-03-20 12:26:50.308 DEBUG 5300 --- [    Test worker] o.s.b.f.s.DefaultListableBeanFactory     : Autowiring by type from bean name 'metricsWebMvcConfigurer' via factory method to bean named 'simpleMeterRegistry'
2022-03-20 12:26:50.308 DEBUG 5300 --- [    Test worker] o.s.b.f.s.DefaultListableBeanFactory     : Autowiring by type from bean name 'metricsWebMvcConfigurer' via factory method to bean named 'webMvcTagsProvider'
2022-03-20 12:26:50.309 DEBUG 5300 --- [    Test worker] o.s.b.f.s.DefaultListableBeanFactory     : Creating shared instance of singleton bean 'org.springframework.data.web.config.SpringDataWebConfiguration'
2022-03-20 12:26:50.310 DEBUG 5300 --- [    Test worker] o.s.b.f.s.DefaultListableBeanFactory     : Autowiring by type from bean name 'org.springframework.data.web.config.SpringDataWebConfiguration' via constructor to bean named 'org.springframework.boot.web.servlet.context.AnnotationConfigServletWebServerApplicationContext@19beeb61'
2022-03-20 12:26:50.317 DEBUG 5300 --- [    Test worker] o.s.b.f.s.DefaultListableBeanFactory     : Creating shared instance of singleton bean 'authenticationManagerBuilder'
2022-03-20 12:26:50.318 DEBUG 5300 --- [    Test worker] o.s.b.f.s.DefaultListableBeanFactory     : Autowiring by type from bean name 'authenticationManagerBuilder' via factory method to bean named 'objectPostProcessor'
2022-03-20 12:26:50.318 DEBUG 5300 --- [    Test worker] o.s.b.f.s.DefaultListableBeanFactory     : Autowiring by type from bean name 'authenticationManagerBuilder' via factory method to bean named 'org.springframework.boot.web.servlet.context.AnnotationConfigServletWebServerApplicationContext@19beeb61'
2022-03-20 12:26:50.319 DEBUG 5300 --- [    Test worker] o.s.b.f.s.DefaultListableBeanFactory     : Creating shared instance of singleton bean 'authenticationEventPublisher'
2022-03-20 12:26:50.319 DEBUG 5300 --- [    Test worker] o.s.b.f.s.DefaultListableBeanFactory     : Creating shared instance of singleton bean 'org.springframework.boot.autoconfigure.security.servlet.SecurityAutoConfiguration'
2022-03-20 12:26:50.321 DEBUG 5300 --- [    Test worker] o.s.b.f.s.DefaultListableBeanFactory     : Autowiring by type from bean name 'authenticationEventPublisher' via factory method to bean named 'org.springframework.boot.web.servlet.context.AnnotationConfigServletWebServerApplicationContext@19beeb61'
2022-03-20 12:26:50.323 DEBUG 5300 --- [    Test worker] o.s.b.f.s.DefaultListableBeanFactory     : Creating shared instance of singleton bean 'org.springframework.security.config.annotation.web.configuration.WebSecurityConfiguration'
2022-03-20 12:26:50.336 DEBUG 5300 --- [    Test worker] o.s.b.f.s.DefaultListableBeanFactory     : Creating shared instance of singleton bean 'autowiredWebSecurityConfigurersIgnoreParents'
2022-03-20 12:26:50.338 DEBUG 5300 --- [    Test worker] o.s.b.f.s.DefaultListableBeanFactory     : Autowiring by type from bean name 'autowiredWebSecurityConfigurersIgnoreParents' via factory method to bean named 'org.springframework.beans.factory.support.DefaultListableBeanFactory@2ed9e59b'
2022-03-20 12:26:50.344 DEBUG 5300 --- [    Test worker] o.s.b.f.s.DefaultListableBeanFactory     : Creating shared instance of singleton bean 'delegatingApplicationListener'
2022-03-20 12:26:50.346 DEBUG 5300 --- [    Test worker] o.s.b.f.s.DefaultListableBeanFactory     : Creating shared instance of singleton bean 'springSecurityFilterChain'
2022-03-20 12:26:50.349 DEBUG 5300 --- [    Test worker] o.s.b.f.s.DefaultListableBeanFactory     : Creating shared instance of singleton bean 'mvcHandlerMappingIntrospector'
2022-03-20 12:26:50.350 DEBUG 5300 --- [    Test worker] o.s.b.f.s.DefaultListableBeanFactory     : Creating shared instance of singleton bean 'requestMappingHandlerMapping'
2022-03-20 12:26:50.354 DEBUG 5300 --- [    Test worker] o.s.b.f.s.DefaultListableBeanFactory     : Creating shared instance of singleton bean 'mvcConversionService'
2022-03-20 12:26:50.359 DEBUG 5300 --- [    Test worker] o.s.b.f.s.DefaultListableBeanFactory     : Creating shared instance of singleton bean 'mvcResourceUrlProvider'
2022-03-20 12:26:50.362 DEBUG 5300 --- [    Test worker] o.s.b.f.s.DefaultListableBeanFactory     : Autowiring by type from bean name 'requestMappingHandlerMapping' via factory method to bean named 'mvcContentNegotiationManager'
2022-03-20 12:26:50.362 DEBUG 5300 --- [    Test worker] o.s.b.f.s.DefaultListableBeanFactory     : Autowiring by type from bean name 'requestMappingHandlerMapping' via factory method to bean named 'mvcConversionService'
2022-03-20 12:26:50.362 DEBUG 5300 --- [    Test worker] o.s.b.f.s.DefaultListableBeanFactory     : Autowiring by type from bean name 'requestMappingHandlerMapping' via factory method to bean named 'mvcResourceUrlProvider'
2022-03-20 12:26:50.363 DEBUG 5300 --- [    Test worker] o.s.b.f.s.DefaultListableBeanFactory     : Autowiring by type from bean name 'requestMappingHandlerMapping' via factory method to bean named 'mvcContentNegotiationManager'
2022-03-20 12:26:50.363 DEBUG 5300 --- [    Test worker] o.s.b.f.s.DefaultListableBeanFactory     : Autowiring by type from bean name 'requestMappingHandlerMapping' via factory method to bean named 'mvcConversionService'
2022-03-20 12:26:50.363 DEBUG 5300 --- [    Test worker] o.s.b.f.s.DefaultListableBeanFactory     : Autowiring by type from bean name 'requestMappingHandlerMapping' via factory method to bean named 'mvcResourceUrlProvider'
2022-03-20 12:26:50.372 DEBUG 5300 --- [    Test worker] s.w.s.m.m.a.RequestMappingHandlerMapping : 8 mappings in 'requestMappingHandlerMapping'
2022-03-20 12:26:50.374 DEBUG 5300 --- [    Test worker] o.s.b.f.s.DefaultListableBeanFactory     : Creating shared instance of singleton bean 'welcomePageHandlerMapping'
2022-03-20 12:26:50.374 DEBUG 5300 --- [    Test worker] o.s.b.f.s.DefaultListableBeanFactory     : Autowiring by type from bean name 'welcomePageHandlerMapping' via factory method to bean named 'org.springframework.boot.web.servlet.context.AnnotationConfigServletWebServerApplicationContext@19beeb61'
2022-03-20 12:26:50.374 DEBUG 5300 --- [    Test worker] o.s.b.f.s.DefaultListableBeanFactory     : Autowiring by type from bean name 'welcomePageHandlerMapping' via factory method to bean named 'mvcConversionService'
2022-03-20 12:26:50.374 DEBUG 5300 --- [    Test worker] o.s.b.f.s.DefaultListableBeanFactory     : Autowiring by type from bean name 'welcomePageHandlerMapping' via factory method to bean named 'mvcResourceUrlProvider'
2022-03-20 12:26:50.385 DEBUG 5300 --- [    Test worker] o.s.b.f.s.DefaultListableBeanFactory     : Creating shared instance of singleton bean 'viewControllerHandlerMapping'
2022-03-20 12:26:50.387 DEBUG 5300 --- [    Test worker] o.s.b.f.s.DefaultListableBeanFactory     : Autowiring by type from bean name 'viewControllerHandlerMapping' via factory method to bean named 'mvcConversionService'
2022-03-20 12:26:50.388 DEBUG 5300 --- [    Test worker] o.s.b.f.s.DefaultListableBeanFactory     : Autowiring by type from bean name 'viewControllerHandlerMapping' via factory method to bean named 'mvcResourceUrlProvider'
2022-03-20 12:26:50.388 DEBUG 5300 --- [    Test worker] o.s.b.f.s.DefaultListableBeanFactory     : Creating shared instance of singleton bean 'beanNameHandlerMapping'
2022-03-20 12:26:50.389 DEBUG 5300 --- [    Test worker] o.s.b.f.s.DefaultListableBeanFactory     : Autowiring by type from bean name 'beanNameHandlerMapping' via factory method to bean named 'mvcConversionService'
2022-03-20 12:26:50.389 DEBUG 5300 --- [    Test worker] o.s.b.f.s.DefaultListableBeanFactory     : Autowiring by type from bean name 'beanNameHandlerMapping' via factory method to bean named 'mvcResourceUrlProvider'
2022-03-20 12:26:50.392 DEBUG 5300 --- [    Test worker] o.s.b.f.s.DefaultListableBeanFactory     : Creating shared instance of singleton bean 'routerFunctionMapping'
2022-03-20 12:26:50.393 DEBUG 5300 --- [    Test worker] o.s.b.f.s.DefaultListableBeanFactory     : Autowiring by type from bean name 'routerFunctionMapping' via factory method to bean named 'mvcConversionService'
2022-03-20 12:26:50.393 DEBUG 5300 --- [    Test worker] o.s.b.f.s.DefaultListableBeanFactory     : Autowiring by type from bean name 'routerFunctionMapping' via factory method to bean named 'mvcResourceUrlProvider'
2022-03-20 12:26:50.395 DEBUG 5300 --- [    Test worker] o.s.b.f.s.DefaultListableBeanFactory     : Creating shared instance of singleton bean 'messageConverters'
2022-03-20 12:26:50.395 DEBUG 5300 --- [    Test worker] o.s.b.f.s.DefaultListableBeanFactory     : Creating shared instance of singleton bean 'org.springframework.boot.autoconfigure.http.HttpMessageConvertersAutoConfiguration'
2022-03-20 12:26:50.397 DEBUG 5300 --- [    Test worker] o.s.b.f.s.DefaultListableBeanFactory     : Creating shared instance of singleton bean 'stringHttpMessageConverter'
2022-03-20 12:26:50.398 DEBUG 5300 --- [    Test worker] o.s.b.f.s.DefaultListableBeanFactory     : Creating shared instance of singleton bean 'org.springframework.boot.autoconfigure.http.HttpMessageConvertersAutoConfiguration$StringHttpMessageConverterConfiguration'
2022-03-20 12:26:50.402 DEBUG 5300 --- [    Test worker] o.s.b.f.s.DefaultListableBeanFactory     : Autowiring by type from bean name 'stringHttpMessageConverter' via factory method to bean named 'environment'
2022-03-20 12:26:50.405 DEBUG 5300 --- [    Test worker] o.s.b.f.s.DefaultListableBeanFactory     : Creating shared instance of singleton bean 'mappingJackson2HttpMessageConverter'
2022-03-20 12:26:50.405 DEBUG 5300 --- [    Test worker] o.s.b.f.s.DefaultListableBeanFactory     : Creating shared instance of singleton bean 'org.springframework.boot.autoconfigure.http.JacksonHttpMessageConvertersConfiguration$MappingJackson2HttpMessageConverterConfiguration'
2022-03-20 12:26:50.406 DEBUG 5300 --- [    Test worker] o.s.b.f.s.DefaultListableBeanFactory     : Creating shared instance of singleton bean 'jacksonObjectMapper'
2022-03-20 12:26:50.406 DEBUG 5300 --- [    Test worker] o.s.b.f.s.DefaultListableBeanFactory     : Creating shared instance of singleton bean 'org.springframework.boot.autoconfigure.jackson.JacksonAutoConfiguration$JacksonObjectMapperConfiguration'
2022-03-20 12:26:50.408 DEBUG 5300 --- [    Test worker] o.s.b.f.s.DefaultListableBeanFactory     : Creating shared instance of singleton bean 'org.springframework.boot.autoconfigure.jackson.JacksonAutoConfiguration$JacksonObjectMapperBuilderConfiguration'
2022-03-20 12:26:50.411 DEBUG 5300 --- [    Test worker] o.s.b.f.s.DefaultListableBeanFactory     : Creating shared instance of singleton bean 'standardJacksonObjectMapperBuilderCustomizer'
2022-03-20 12:26:50.411 DEBUG 5300 --- [    Test worker] o.s.b.f.s.DefaultListableBeanFactory     : Creating shared instance of singleton bean 'org.springframework.boot.autoconfigure.jackson.JacksonAutoConfiguration$Jackson2ObjectMapperBuilderCustomizerConfiguration'
2022-03-20 12:26:50.412 DEBUG 5300 --- [    Test worker] o.s.b.f.s.DefaultListableBeanFactory     : Creating shared instance of singleton bean 'spring.jackson-org.springframework.boot.autoconfigure.jackson.JacksonProperties'
2022-03-20 12:26:50.433 DEBUG 5300 --- [    Test worker] o.s.b.f.s.DefaultListableBeanFactory     : Autowiring by type from bean name 'standardJacksonObjectMapperBuilderCustomizer' via factory method to bean named 'org.springframework.boot.web.servlet.context.AnnotationConfigServletWebServerApplicationContext@19beeb61'
2022-03-20 12:26:50.434 DEBUG 5300 --- [    Test worker] o.s.b.f.s.DefaultListableBeanFactory     : Autowiring by type from bean name 'standardJacksonObjectMapperBuilderCustomizer' via factory method to bean named 'spring.jackson-org.springframework.boot.autoconfigure.jackson.JacksonProperties'
2022-03-20 12:26:50.435 DEBUG 5300 --- [    Test worker] o.s.b.f.s.DefaultListableBeanFactory     : Autowiring by type from bean name 'jacksonObjectMapperBuilder' via factory method to bean named 'org.springframework.boot.web.servlet.context.AnnotationConfigServletWebServerApplicationContext@19beeb61'
2022-03-20 12:26:50.435 DEBUG 5300 --- [    Test worker] o.s.b.f.s.DefaultListableBeanFactory     : Autowiring by type from bean name 'jacksonObjectMapperBuilder' via factory method to bean named 'standardJacksonObjectMapperBuilderCustomizer'
2022-03-20 12:26:50.436 DEBUG 5300 --- [    Test worker] o.s.b.f.s.DefaultListableBeanFactory     : Creating shared instance of singleton bean 'parameterNamesModule'
2022-03-20 12:26:50.436 DEBUG 5300 --- [    Test worker] o.s.b.f.s.DefaultListableBeanFactory     : Creating shared instance of singleton bean 'org.springframework.boot.autoconfigure.jackson.JacksonAutoConfiguration$ParameterNamesModuleConfiguration'
2022-03-20 12:26:50.437 DEBUG 5300 --- [    Test worker] o.s.b.f.s.DefaultListableBeanFactory     : Creating shared instance of singleton bean 'jsonComponentModule'
2022-03-20 12:26:50.438 DEBUG 5300 --- [    Test worker] o.s.b.f.s.DefaultListableBeanFactory     : Creating shared instance of singleton bean 'org.springframework.boot.autoconfigure.jackson.JacksonAutoConfiguration'
2022-03-20 12:26:50.442 DEBUG 5300 --- [    Test worker] o.s.b.f.s.DefaultListableBeanFactory     : Creating shared instance of singleton bean 'jacksonGeoModule'
2022-03-20 12:26:50.442 DEBUG 5300 --- [    Test worker] o.s.b.f.s.DefaultListableBeanFactory     : Creating shared instance of singleton bean 'org.springframework.data.web.config.SpringDataJacksonConfiguration'
2022-03-20 12:26:50.458 DEBUG 5300 --- [    Test worker] o.s.b.f.s.DefaultListableBeanFactory     : Autowiring by type from bean name 'jacksonObjectMapper' via factory method to bean named 'jacksonObjectMapperBuilder'
2022-03-20 12:26:50.514 DEBUG 5300 --- [    Test worker] o.s.b.f.s.DefaultListableBeanFactory     : Autowiring by type from bean name 'mappingJackson2HttpMessageConverter' via factory method to bean named 'jacksonObjectMapper'
2022-03-20 12:26:50.568 DEBUG 5300 --- [    Test worker] o.s.b.f.s.DefaultListableBeanFactory     : Creating shared instance of singleton bean 'resourceHandlerMapping'
2022-03-20 12:26:50.569 DEBUG 5300 --- [    Test worker] o.s.b.f.s.DefaultListableBeanFactory     : Autowiring by type from bean name 'resourceHandlerMapping' via factory method to bean named 'mvcContentNegotiationManager'
2022-03-20 12:26:50.569 DEBUG 5300 --- [    Test worker] o.s.b.f.s.DefaultListableBeanFactory     : Autowiring by type from bean name 'resourceHandlerMapping' via factory method to bean named 'mvcConversionService'
2022-03-20 12:26:50.569 DEBUG 5300 --- [    Test worker] o.s.b.f.s.DefaultListableBeanFactory     : Autowiring by type from bean name 'resourceHandlerMapping' via factory method to bean named 'mvcResourceUrlProvider'
2022-03-20 12:26:50.578 DEBUG 5300 --- [    Test worker] o.s.w.s.handler.SimpleUrlHandlerMapping  : Patterns [/webjars/**, /**] in 'resourceHandlerMapping'
2022-03-20 12:26:50.579 DEBUG 5300 --- [    Test worker] o.s.b.f.s.DefaultListableBeanFactory     : Creating shared instance of singleton bean 'defaultServletHandlerMapping'
2022-03-20 12:26:50.579 DEBUG 5300 --- [    Test worker] o.s.b.f.s.DefaultListableBeanFactory     : Creating shared instance of singleton bean 'webEndpointServletHandlerMapping'
2022-03-20 12:26:50.580 DEBUG 5300 --- [    Test worker] o.s.b.f.s.DefaultListableBeanFactory     : Creating shared instance of singleton bean 'org.springframework.boot.actuate.autoconfigure.endpoint.web.servlet.WebMvcEndpointManagementContextConfiguration'
2022-03-20 12:26:50.581 DEBUG 5300 --- [    Test worker] o.s.b.f.s.DefaultListableBeanFactory     : Creating shared instance of singleton bean 'webEndpointDiscoverer'
2022-03-20 12:26:50.583 DEBUG 5300 --- [    Test worker] o.s.b.f.s.DefaultListableBeanFactory     : Creating shared instance of singleton bean 'endpointOperationParameterMapper'
2022-03-20 12:26:50.583 DEBUG 5300 --- [    Test worker] o.s.b.f.s.DefaultListableBeanFactory     : Creating shared instance of singleton bean 'org.springframework.boot.actuate.autoconfigure.endpoint.EndpointAutoConfiguration'
2022-03-20 12:26:50.586 DEBUG 5300 --- [    Test worker] o.s.b.f.s.DefaultListableBeanFactory     : Creating shared instance of singleton bean 'endpointMediaTypes'
2022-03-20 12:26:50.587 DEBUG 5300 --- [    Test worker] o.s.b.f.s.DefaultListableBeanFactory     : Autowiring by type from bean name 'webEndpointDiscoverer' via factory method to bean named 'endpointOperationParameterMapper'
2022-03-20 12:26:50.587 DEBUG 5300 --- [    Test worker] o.s.b.f.s.DefaultListableBeanFactory     : Autowiring by type from bean name 'webEndpointDiscoverer' via factory method to bean named 'endpointMediaTypes'
2022-03-20 12:26:50.590 DEBUG 5300 --- [    Test worker] o.s.b.f.s.DefaultListableBeanFactory     : Creating shared instance of singleton bean 'endpointCachingOperationInvokerAdvisor'
2022-03-20 12:26:50.590 DEBUG 5300 --- [    Test worker] o.s.b.f.s.DefaultListableBeanFactory     : Autowiring by type from bean name 'endpointCachingOperationInvokerAdvisor' via factory method to bean named 'environment'
2022-03-20 12:26:50.592 DEBUG 5300 --- [    Test worker] o.s.b.f.s.DefaultListableBeanFactory     : Creating shared instance of singleton bean 'webExposeExcludePropertyEndpointFilter'
2022-03-20 12:26:50.638 DEBUG 5300 --- [    Test worker] o.s.b.f.s.DefaultListableBeanFactory     : Creating shared instance of singleton bean 'controllerEndpointDiscoverer'
2022-03-20 12:26:50.639 DEBUG 5300 --- [    Test worker] o.s.b.f.s.DefaultListableBeanFactory     : Creating shared instance of singleton bean 'controllerExposeExcludePropertyEndpointFilter'
2022-03-20 12:26:50.641 DEBUG 5300 --- [    Test worker] o.s.b.f.s.DefaultListableBeanFactory     : Creating shared instance of singleton bean 'management.endpoints.web.cors-org.springframework.boot.actuate.autoconfigure.endpoint.web.CorsEndpointProperties'
2022-03-20 12:26:50.644 DEBUG 5300 --- [    Test worker] o.s.b.f.s.DefaultListableBeanFactory     : Autowiring by type from bean name 'webEndpointServletHandlerMapping' via factory method to bean named 'webEndpointDiscoverer'
2022-03-20 12:26:50.644 DEBUG 5300 --- [    Test worker] o.s.b.f.s.DefaultListableBeanFactory     : Autowiring by type from bean name 'webEndpointServletHandlerMapping' via factory method to bean named 'servletEndpointDiscoverer'
2022-03-20 12:26:50.645 DEBUG 5300 --- [    Test worker] o.s.b.f.s.DefaultListableBeanFactory     : Autowiring by type from bean name 'webEndpointServletHandlerMapping' via factory method to bean named 'controllerEndpointDiscoverer'
2022-03-20 12:26:50.645 DEBUG 5300 --- [    Test worker] o.s.b.f.s.DefaultListableBeanFactory     : Autowiring by type from bean name 'webEndpointServletHandlerMapping' via factory method to bean named 'endpointMediaTypes'
2022-03-20 12:26:50.645 DEBUG 5300 --- [    Test worker] o.s.b.f.s.DefaultListableBeanFactory     : Autowiring by type from bean name 'webEndpointServletHandlerMapping' via factory method to bean named 'management.endpoints.web.cors-org.springframework.boot.actuate.autoconfigure.endpoint.web.CorsEndpointProperties'
2022-03-20 12:26:50.645 DEBUG 5300 --- [    Test worker] o.s.b.f.s.DefaultListableBeanFactory     : Autowiring by type from bean name 'webEndpointServletHandlerMapping' via factory method to bean named 'management.endpoints.web-org.springframework.boot.actuate.autoconfigure.endpoint.web.WebEndpointProperties'
2022-03-20 12:26:50.645 DEBUG 5300 --- [    Test worker] o.s.b.f.s.DefaultListableBeanFactory     : Autowiring by type from bean name 'webEndpointServletHandlerMapping' via factory method to bean named 'environment'
2022-03-20 12:26:50.657 DEBUG 5300 --- [    Test worker] o.s.b.f.s.DefaultListableBeanFactory     : Creating shared instance of singleton bean 'cachesEndpoint'
2022-03-20 12:26:50.657 DEBUG 5300 --- [    Test worker] o.s.b.f.s.DefaultListableBeanFactory     : Creating shared instance of singleton bean 'org.springframework.boot.actuate.autoconfigure.cache.CachesEndpointAutoConfiguration'
2022-03-20 12:26:50.662 DEBUG 5300 --- [    Test worker] o.s.b.f.s.DefaultListableBeanFactory     : Creating shared instance of singleton bean 'healthEndpoint'
2022-03-20 12:26:50.663 DEBUG 5300 --- [    Test worker] o.s.b.f.s.DefaultListableBeanFactory     : Creating shared instance of singleton bean 'org.springframework.boot.actuate.autoconfigure.health.HealthEndpointConfiguration'
2022-03-20 12:26:50.664 DEBUG 5300 --- [    Test worker] o.s.b.f.s.DefaultListableBeanFactory     : Creating shared instance of singleton bean 'healthContributorRegistry'
2022-03-20 12:26:50.665 DEBUG 5300 --- [    Test worker] o.s.b.f.s.DefaultListableBeanFactory     : Creating shared instance of singleton bean 'healthEndpointGroups'
2022-03-20 12:26:50.667 DEBUG 5300 --- [    Test worker] o.s.b.f.s.DefaultListableBeanFactory     : Creating shared instance of singleton bean 'management.endpoint.health-org.springframework.boot.actuate.autoconfigure.health.HealthEndpointProperties'
2022-03-20 12:26:50.670 DEBUG 5300 --- [    Test worker] o.s.b.f.s.DefaultListableBeanFactory     : Autowiring by type from bean name 'healthEndpointGroups' via factory method to bean named 'org.springframework.boot.web.servlet.context.AnnotationConfigServletWebServerApplicationContext@19beeb61'
2022-03-20 12:26:50.671 DEBUG 5300 --- [    Test worker] o.s.b.f.s.DefaultListableBeanFactory     : Autowiring by type from bean name 'healthEndpointGroups' via factory method to bean named 'management.endpoint.health-org.springframework.boot.actuate.autoconfigure.health.HealthEndpointProperties'
2022-03-20 12:26:50.672 DEBUG 5300 --- [    Test worker] o.s.b.f.s.DefaultListableBeanFactory     : Creating shared instance of singleton bean 'healthStatusAggregator'
2022-03-20 12:26:50.673 DEBUG 5300 --- [    Test worker] o.s.b.f.s.DefaultListableBeanFactory     : Autowiring by type from bean name 'healthStatusAggregator' via factory method to bean named 'management.endpoint.health-org.springframework.boot.actuate.autoconfigure.health.HealthEndpointProperties'
2022-03-20 12:26:50.699 DEBUG 5300 --- [    Test worker] o.s.b.f.s.DefaultListableBeanFactory     : Creating shared instance of singleton bean 'healthHttpCodeStatusMapper'
2022-03-20 12:26:50.700 DEBUG 5300 --- [    Test worker] o.s.b.f.s.DefaultListableBeanFactory     : Autowiring by type from bean name 'healthHttpCodeStatusMapper' via factory method to bean named 'management.endpoint.health-org.springframework.boot.actuate.autoconfigure.health.HealthEndpointProperties'
2022-03-20 12:26:50.704 DEBUG 5300 --- [    Test worker] o.s.b.f.s.DefaultListableBeanFactory     : Autowiring by type from bean name 'healthContributorRegistry' via factory method to bean named 'org.springframework.boot.web.servlet.context.AnnotationConfigServletWebServerApplicationContext@19beeb61'
2022-03-20 12:26:50.704 DEBUG 5300 --- [    Test worker] o.s.b.f.s.DefaultListableBeanFactory     : Autowiring by type from bean name 'healthContributorRegistry' via factory method to bean named 'healthEndpointGroups'
2022-03-20 12:26:50.706 DEBUG 5300 --- [    Test worker] o.s.b.f.s.DefaultListableBeanFactory     : Creating shared instance of singleton bean 'diskSpaceHealthIndicator'
2022-03-20 12:26:50.706 DEBUG 5300 --- [    Test worker] o.s.b.f.s.DefaultListableBeanFactory     : Creating shared instance of singleton bean 'org.springframework.boot.actuate.autoconfigure.system.DiskSpaceHealthContributorAutoConfiguration'
2022-03-20 12:26:50.708 DEBUG 5300 --- [    Test worker] o.s.b.f.s.DefaultListableBeanFactory     : Creating shared instance of singleton bean 'management.health.diskspace-org.springframework.boot.actuate.autoconfigure.system.DiskSpaceHealthIndicatorProperties'
2022-03-20 12:26:50.710 DEBUG 5300 --- [    Test worker] o.s.b.f.s.DefaultListableBeanFactory     : Autowiring by type from bean name 'diskSpaceHealthIndicator' via factory method to bean named 'management.health.diskspace-org.springframework.boot.actuate.autoconfigure.system.DiskSpaceHealthIndicatorProperties'
2022-03-20 12:26:50.711 DEBUG 5300 --- [    Test worker] o.s.b.f.s.DefaultListableBeanFactory     : Creating shared instance of singleton bean 'pingHealthContributor'
2022-03-20 12:26:50.711 DEBUG 5300 --- [    Test worker] o.s.b.f.s.DefaultListableBeanFactory     : Creating shared instance of singleton bean 'org.springframework.boot.actuate.autoconfigure.health.HealthContributorAutoConfiguration'
2022-03-20 12:26:50.712 DEBUG 5300 --- [    Test worker] o.s.b.f.s.DefaultListableBeanFactory     : Creating shared instance of singleton bean 'dbHealthContributor'
2022-03-20 12:26:50.712 DEBUG 5300 --- [    Test worker] o.s.b.f.s.DefaultListableBeanFactory     : Creating shared instance of singleton bean 'org.springframework.boot.actuate.autoconfigure.jdbc.DataSourceHealthContributorAutoConfiguration'
2022-03-20 12:26:50.718 DEBUG 5300 --- [    Test worker] o.s.b.f.s.DefaultListableBeanFactory     : Creating shared instance of singleton bean 'management.health.db-org.springframework.boot.actuate.autoconfigure.jdbc.DataSourceHealthIndicatorProperties'
2022-03-20 12:26:50.719 DEBUG 5300 --- [    Test worker] o.s.b.f.s.DefaultListableBeanFactory     : Autowiring by type from bean name 'dbHealthContributor' via factory method to bean named 'dataSource'
2022-03-20 12:26:50.720 DEBUG 5300 --- [    Test worker] o.s.b.f.s.DefaultListableBeanFactory     : Autowiring by type from bean name 'dbHealthContributor' via factory method to bean named 'management.health.db-org.springframework.boot.actuate.autoconfigure.jdbc.DataSourceHealthIndicatorProperties'
2022-03-20 12:26:50.722 DEBUG 5300 --- [    Test worker] o.s.b.f.s.DefaultListableBeanFactory     : Autowiring by type from bean name 'healthEndpoint' via factory method to bean named 'healthContributorRegistry'
2022-03-20 12:26:50.722 DEBUG 5300 --- [    Test worker] o.s.b.f.s.DefaultListableBeanFactory     : Autowiring by type from bean name 'healthEndpoint' via factory method to bean named 'healthEndpointGroups'
2022-03-20 12:26:50.724 DEBUG 5300 --- [    Test worker] o.s.b.f.s.DefaultListableBeanFactory     : Creating shared instance of singleton bean 'configurationPropertiesReportEndpoint'
2022-03-20 12:26:50.724 DEBUG 5300 --- [    Test worker] o.s.b.f.s.DefaultListableBeanFactory     : Creating shared instance of singleton bean 'org.springframework.boot.actuate.autoconfigure.context.properties.ConfigurationPropertiesReportEndpointAutoConfiguration'
2022-03-20 12:26:50.725 DEBUG 5300 --- [    Test worker] o.s.b.f.s.DefaultListableBeanFactory     : Creating shared instance of singleton bean 'management.endpoint.configprops-org.springframework.boot.actuate.autoconfigure.context.properties.ConfigurationPropertiesReportEndpointProperties'
2022-03-20 12:26:50.727 DEBUG 5300 --- [    Test worker] o.s.b.f.s.DefaultListableBeanFactory     : Autowiring by type from bean name 'configurationPropertiesReportEndpoint' via factory method to bean named 'management.endpoint.configprops-org.springframework.boot.actuate.autoconfigure.context.properties.ConfigurationPropertiesReportEndpointProperties'
2022-03-20 12:26:50.730 DEBUG 5300 --- [    Test worker] o.s.b.f.s.DefaultListableBeanFactory     : Creating shared instance of singleton bean 'environmentEndpoint'
2022-03-20 12:26:50.731 DEBUG 5300 --- [    Test worker] o.s.b.f.s.DefaultListableBeanFactory     : Creating shared instance of singleton bean 'org.springframework.boot.actuate.autoconfigure.env.EnvironmentEndpointAutoConfiguration'
2022-03-20 12:26:50.732 DEBUG 5300 --- [    Test worker] o.s.b.f.s.DefaultListableBeanFactory     : Creating shared instance of singleton bean 'management.endpoint.env-org.springframework.boot.actuate.autoconfigure.env.EnvironmentEndpointProperties'
2022-03-20 12:26:50.734 DEBUG 5300 --- [    Test worker] o.s.b.f.s.DefaultListableBeanFactory     : Autowiring by type from bean name 'environmentEndpoint' via factory method to bean named 'environment'
2022-03-20 12:26:50.734 DEBUG 5300 --- [    Test worker] o.s.b.f.s.DefaultListableBeanFactory     : Autowiring by type from bean name 'environmentEndpoint' via factory method to bean named 'management.endpoint.env-org.springframework.boot.actuate.autoconfigure.env.EnvironmentEndpointProperties'
2022-03-20 12:26:50.735 DEBUG 5300 --- [    Test worker] o.s.b.f.s.DefaultListableBeanFactory     : Creating shared instance of singleton bean 'beansEndpoint'
2022-03-20 12:26:50.735 DEBUG 5300 --- [    Test worker] o.s.b.f.s.DefaultListableBeanFactory     : Creating shared instance of singleton bean 'org.springframework.boot.actuate.autoconfigure.beans.BeansEndpointAutoConfiguration'
2022-03-20 12:26:50.757 DEBUG 5300 --- [    Test worker] o.s.b.f.s.DefaultListableBeanFactory     : Autowiring by type from bean name 'beansEndpoint' via factory method to bean named 'org.springframework.boot.web.servlet.context.AnnotationConfigServletWebServerApplicationContext@19beeb61'
2022-03-20 12:26:50.761 DEBUG 5300 --- [    Test worker] o.s.b.f.s.DefaultListableBeanFactory     : Creating shared instance of singleton bean 'cachesEndpointWebExtension'
2022-03-20 12:26:50.763 DEBUG 5300 --- [    Test worker] o.s.b.f.s.DefaultListableBeanFactory     : Autowiring by type from bean name 'cachesEndpointWebExtension' via factory method to bean named 'cachesEndpoint'
2022-03-20 12:26:50.766 DEBUG 5300 --- [    Test worker] o.s.b.f.s.DefaultListableBeanFactory     : Creating shared instance of singleton bean 'healthEndpointWebExtension'
2022-03-20 12:26:50.766 DEBUG 5300 --- [    Test worker] o.s.b.f.s.DefaultListableBeanFactory     : Creating shared instance of singleton bean 'org.springframework.boot.actuate.autoconfigure.health.HealthEndpointWebExtensionConfiguration'
2022-03-20 12:26:50.767 DEBUG 5300 --- [    Test worker] o.s.b.f.s.DefaultListableBeanFactory     : Autowiring by type from bean name 'healthEndpointWebExtension' via factory method to bean named 'healthContributorRegistry'
2022-03-20 12:26:50.767 DEBUG 5300 --- [    Test worker] o.s.b.f.s.DefaultListableBeanFactory     : Autowiring by type from bean name 'healthEndpointWebExtension' via factory method to bean named 'healthEndpointGroups'
2022-03-20 12:26:50.769 DEBUG 5300 --- [    Test worker] o.s.b.f.s.DefaultListableBeanFactory     : Creating shared instance of singleton bean 'infoEndpoint'
2022-03-20 12:26:50.769 DEBUG 5300 --- [    Test worker] o.s.b.f.s.DefaultListableBeanFactory     : Creating shared instance of singleton bean 'org.springframework.boot.actuate.autoconfigure.info.InfoEndpointAutoConfiguration'
2022-03-20 12:26:50.771 DEBUG 5300 --- [    Test worker] o.s.b.f.s.DefaultListableBeanFactory     : Creating shared instance of singleton bean 'envInfoContributor'
2022-03-20 12:26:50.772 DEBUG 5300 --- [    Test worker] o.s.b.f.s.DefaultListableBeanFactory     : Creating shared instance of singleton bean 'org.springframework.boot.actuate.autoconfigure.info.InfoContributorAutoConfiguration'
2022-03-20 12:26:50.773 DEBUG 5300 --- [    Test worker] o.s.b.f.s.DefaultListableBeanFactory     : Autowiring by type from bean name 'envInfoContributor' via factory method to bean named 'environment'
2022-03-20 12:26:50.775 DEBUG 5300 --- [    Test worker] o.s.b.f.s.DefaultListableBeanFactory     : Creating shared instance of singleton bean 'conditionsReportEndpoint'
2022-03-20 12:26:50.775 DEBUG 5300 --- [    Test worker] o.s.b.f.s.DefaultListableBeanFactory     : Creating shared instance of singleton bean 'org.springframework.boot.actuate.autoconfigure.condition.ConditionsReportEndpointAutoConfiguration'
2022-03-20 12:26:50.776 DEBUG 5300 --- [    Test worker] o.s.b.f.s.DefaultListableBeanFactory     : Autowiring by type from bean name 'conditionsReportEndpoint' via factory method to bean named 'org.springframework.boot.web.servlet.context.AnnotationConfigServletWebServerApplicationContext@19beeb61'
2022-03-20 12:26:50.777 DEBUG 5300 --- [    Test worker] o.s.b.f.s.DefaultListableBeanFactory     : Creating shared instance of singleton bean 'shutdownEndpoint'
2022-03-20 12:26:50.778 DEBUG 5300 --- [    Test worker] o.s.b.f.s.DefaultListableBeanFactory     : Creating shared instance of singleton bean 'org.springframework.boot.actuate.autoconfigure.context.ShutdownEndpointAutoConfiguration'
2022-03-20 12:26:50.781 DEBUG 5300 --- [    Test worker] o.s.b.f.s.DefaultListableBeanFactory     : Creating shared instance of singleton bean 'configurationPropertiesReportEndpointWebExtension'
2022-03-20 12:26:50.783 DEBUG 5300 --- [    Test worker] o.s.b.f.s.DefaultListableBeanFactory     : Autowiring by type from bean name 'configurationPropertiesReportEndpointWebExtension' via factory method to bean named 'configurationPropertiesReportEndpoint'
2022-03-20 12:26:50.785 DEBUG 5300 --- [    Test worker] o.s.b.f.s.DefaultListableBeanFactory     : Creating shared instance of singleton bean 'environmentEndpointWebExtension'
2022-03-20 12:26:50.787 DEBUG 5300 --- [    Test worker] o.s.b.f.s.DefaultListableBeanFactory     : Autowiring by type from bean name 'environmentEndpointWebExtension' via factory method to bean named 'environmentEndpoint'
2022-03-20 12:26:50.788 DEBUG 5300 --- [    Test worker] o.s.b.f.s.DefaultListableBeanFactory     : Creating shared instance of singleton bean 'loggersEndpoint'
2022-03-20 12:26:50.789 DEBUG 5300 --- [    Test worker] o.s.b.f.s.DefaultListableBeanFactory     : Creating shared instance of singleton bean 'org.springframework.boot.actuate.autoconfigure.logging.LoggersEndpointAutoConfiguration'
2022-03-20 12:26:50.790 DEBUG 5300 --- [    Test worker] o.s.b.f.s.DefaultListableBeanFactory     : Autowiring by type from bean name 'loggersEndpoint' via factory method to bean named 'springBootLoggingSystem'
2022-03-20 12:26:50.835 DEBUG 5300 --- [    Test worker] o.s.b.f.s.DefaultListableBeanFactory     : Creating shared instance of singleton bean 'heapDumpWebEndpoint'
2022-03-20 12:26:50.836 DEBUG 5300 --- [    Test worker] o.s.b.f.s.DefaultListableBeanFactory     : Creating shared instance of singleton bean 'org.springframework.boot.actuate.autoconfigure.management.HeapDumpWebEndpointAutoConfiguration'
2022-03-20 12:26:50.838 DEBUG 5300 --- [    Test worker] o.s.b.f.s.DefaultListableBeanFactory     : Creating shared instance of singleton bean 'dumpEndpoint'
2022-03-20 12:26:50.838 DEBUG 5300 --- [    Test worker] o.s.b.f.s.DefaultListableBeanFactory     : Creating shared instance of singleton bean 'org.springframework.boot.actuate.autoconfigure.management.ThreadDumpEndpointAutoConfiguration'
2022-03-20 12:26:50.840 DEBUG 5300 --- [    Test worker] o.s.b.f.s.DefaultListableBeanFactory     : Creating shared instance of singleton bean 'metricsEndpoint'
2022-03-20 12:26:50.841 DEBUG 5300 --- [    Test worker] o.s.b.f.s.DefaultListableBeanFactory     : Creating shared instance of singleton bean 'org.springframework.boot.actuate.autoconfigure.metrics.MetricsEndpointAutoConfiguration'
2022-03-20 12:26:50.843 DEBUG 5300 --- [    Test worker] o.s.b.f.s.DefaultListableBeanFactory     : Autowiring by type from bean name 'metricsEndpoint' via factory method to bean named 'simpleMeterRegistry'
2022-03-20 12:26:50.845 DEBUG 5300 --- [    Test worker] o.s.b.f.s.DefaultListableBeanFactory     : Creating shared instance of singleton bean 'scheduledTasksEndpoint'
2022-03-20 12:26:50.845 DEBUG 5300 --- [    Test worker] o.s.b.f.s.DefaultListableBeanFactory     : Creating shared instance of singleton bean 'org.springframework.boot.actuate.autoconfigure.scheduling.ScheduledTasksEndpointAutoConfiguration'
2022-03-20 12:26:50.848 DEBUG 5300 --- [    Test worker] o.s.b.f.s.DefaultListableBeanFactory     : Creating shared instance of singleton bean 'mappingsEndpoint'
2022-03-20 12:26:50.848 DEBUG 5300 --- [    Test worker] o.s.b.f.s.DefaultListableBeanFactory     : Creating shared instance of singleton bean 'org.springframework.boot.actuate.autoconfigure.web.mappings.MappingsEndpointAutoConfiguration'
2022-03-20 12:26:50.849 DEBUG 5300 --- [    Test worker] o.s.b.f.s.DefaultListableBeanFactory     : Autowiring by type from bean name 'mappingsEndpoint' via factory method to bean named 'org.springframework.boot.web.servlet.context.AnnotationConfigServletWebServerApplicationContext@19beeb61'
2022-03-20 12:26:50.850 DEBUG 5300 --- [    Test worker] o.s.b.f.s.DefaultListableBeanFactory     : Creating shared instance of singleton bean 'dispatcherServletMappingDescriptionProvider'
2022-03-20 12:26:50.850 DEBUG 5300 --- [    Test worker] o.s.b.f.s.DefaultListableBeanFactory     : Creating shared instance of singleton bean 'org.springframework.boot.actuate.autoconfigure.web.mappings.MappingsEndpointAutoConfiguration$ServletWebConfiguration$SpringMvcConfiguration'
2022-03-20 12:26:50.852 DEBUG 5300 --- [    Test worker] o.s.b.f.s.DefaultListableBeanFactory     : Creating shared instance of singleton bean 'servletMappingDescriptionProvider'
2022-03-20 12:26:50.852 DEBUG 5300 --- [    Test worker] o.s.b.f.s.DefaultListableBeanFactory     : Creating shared instance of singleton bean 'org.springframework.boot.actuate.autoconfigure.web.mappings.MappingsEndpointAutoConfiguration$ServletWebConfiguration'
2022-03-20 12:26:50.853 DEBUG 5300 --- [    Test worker] o.s.b.f.s.DefaultListableBeanFactory     : Creating shared instance of singleton bean 'filterMappingDescriptionProvider'
2022-03-20 12:26:50.867  INFO 5300 --- [    Test worker] o.s.b.a.e.web.EndpointLinksResolver      : Exposing 14 endpoint(s) beneath base path '/actuator'
2022-03-20 12:26:50.877 DEBUG 5300 --- [    Test worker] o.s.b.f.s.DefaultListableBeanFactory     : Creating shared instance of singleton bean 'controllerEndpointHandlerMapping'
2022-03-20 12:26:50.878 DEBUG 5300 --- [    Test worker] o.s.b.f.s.DefaultListableBeanFactory     : Autowiring by type from bean name 'controllerEndpointHandlerMapping' via factory method to bean named 'controllerEndpointDiscoverer'
2022-03-20 12:26:50.878 DEBUG 5300 --- [    Test worker] o.s.b.f.s.DefaultListableBeanFactory     : Autowiring by type from bean name 'controllerEndpointHandlerMapping' via factory method to bean named 'management.endpoints.web.cors-org.springframework.boot.actuate.autoconfigure.endpoint.web.CorsEndpointProperties'
2022-03-20 12:26:50.878 DEBUG 5300 --- [    Test worker] o.s.b.f.s.DefaultListableBeanFactory     : Autowiring by type from bean name 'controllerEndpointHandlerMapping' via factory method to bean named 'management.endpoints.web-org.springframework.boot.actuate.autoconfigure.endpoint.web.WebEndpointProperties'
2022-03-20 12:26:50.896 DEBUG 5300 --- [    Test worker] edFilterInvocationSecurityMetadataSource : Adding web access control expression [permitAll] for Mvc [pattern='/api/register', POST]
2022-03-20 12:26:50.897 DEBUG 5300 --- [    Test worker] edFilterInvocationSecurityMetadataSource : Adding web access control expression [permitAll] for Mvc [pattern='/actuator/shutdown', POST]
2022-03-20 12:26:50.897 DEBUG 5300 --- [    Test worker] edFilterInvocationSecurityMetadataSource : Adding web access control expression [authenticated] for Mvc [pattern='/api/recipe/new', POST]
2022-03-20 12:26:50.897 DEBUG 5300 --- [    Test worker] edFilterInvocationSecurityMetadataSource : Adding web access control expression [authenticated] for Mvc [pattern='/api/recipe/{id}', GET]
2022-03-20 12:26:50.897 DEBUG 5300 --- [    Test worker] edFilterInvocationSecurityMetadataSource : Adding web access control expression [authenticated] for Mvc [pattern='/api/recipe/search', GET]
2022-03-20 12:26:50.897 DEBUG 5300 --- [    Test worker] edFilterInvocationSecurityMetadataSource : Adding web access control expression [authenticated] for Mvc [pattern='/api/recipe/{id}', PUT]
2022-03-20 12:26:50.897 DEBUG 5300 --- [    Test worker] edFilterInvocationSecurityMetadataSource : Adding web access control expression [authenticated] for Mvc [pattern='/api/recipe/{id}', DELETE]
2022-03-20 12:26:50.899  INFO 5300 --- [    Test worker] o.s.s.web.DefaultSecurityFilterChain     : Will secure any request with [org.springframework.security.web.context.request.async.WebAsyncManagerIntegrationFilter@35e64c7b, org.springframework.security.web.context.SecurityContextPersistenceFilter@7d0bbc49, org.springframework.security.web.header.HeaderWriterFilter@4467088e, org.springframework.security.web.authentication.logout.LogoutFilter@9198fe3, org.springframework.security.web.authentication.www.BasicAuthenticationFilter@627dfd9f, org.springframework.security.web.savedrequest.RequestCacheAwareFilter@7eb370c5, org.springframework.security.web.servletapi.SecurityContextHolderAwareRequestFilter@26c24e5, org.springframework.security.web.authentication.AnonymousAuthenticationFilter@17179a7e, org.springframework.security.web.session.SessionManagementFilter@283074e8, org.springframework.security.web.access.ExceptionTranslationFilter@6d3dc0c5, org.springframework.security.web.access.intercept.FilterSecurityInterceptor@6945fdb8]
2022-03-20 12:26:50.901 DEBUG 5300 --- [    Test worker] o.s.b.f.s.DefaultListableBeanFactory     : Creating shared instance of singleton bean 'webSecurityExpressionHandler'
2022-03-20 12:26:50.902 DEBUG 5300 --- [    Test worker] o.s.b.f.s.DefaultListableBeanFactory     : Creating shared instance of singleton bean 'privilegeEvaluator'
2022-03-20 12:26:50.902 DEBUG 5300 --- [    Test worker] o.s.b.f.s.DefaultListableBeanFactory     : Creating shared instance of singleton bean 'requestDataValueProcessor'
2022-03-20 12:26:50.903 DEBUG 5300 --- [    Test worker] o.s.b.f.s.DefaultListableBeanFactory     : Creating shared instance of singleton bean 'org.springframework.security.config.annotation.web.configuration.HttpSecurityConfiguration'
2022-03-20 12:26:50.907 DEBUG 5300 --- [    Test worker] o.s.b.f.s.DefaultListableBeanFactory     : Creating shared instance of singleton bean 'org.springframework.boot.autoconfigure.context.PropertyPlaceholderAutoConfiguration'
2022-03-20 12:26:50.909 DEBUG 5300 --- [    Test worker] o.s.b.f.s.DefaultListableBeanFactory     : Creating shared instance of singleton bean 'org.springframework.boot.autoconfigure.websocket.servlet.WebSocketServletAutoConfiguration'
2022-03-20 12:26:50.910 DEBUG 5300 --- [    Test worker] o.s.b.f.s.DefaultListableBeanFactory     : Creating shared instance of singleton bean 'org.springframework.boot.autoconfigure.web.servlet.DispatcherServletAutoConfiguration'
2022-03-20 12:26:50.911 DEBUG 5300 --- [    Test worker] o.s.b.f.s.DefaultListableBeanFactory     : Creating shared instance of singleton bean 'org.springframework.boot.autoconfigure.task.TaskExecutionAutoConfiguration'
2022-03-20 12:26:50.911 DEBUG 5300 --- [    Test worker] o.s.b.f.s.DefaultListableBeanFactory     : Creating shared instance of singleton bean 'taskExecutorBuilder'
2022-03-20 12:26:50.912 DEBUG 5300 --- [    Test worker] o.s.b.f.s.DefaultListableBeanFactory     : Creating shared instance of singleton bean 'spring.task.execution-org.springframework.boot.autoconfigure.task.TaskExecutionProperties'
2022-03-20 12:26:50.987 DEBUG 5300 --- [    Test worker] o.s.b.f.s.DefaultListableBeanFactory     : Autowiring by type from bean name 'taskExecutorBuilder' via factory method to bean named 'spring.task.execution-org.springframework.boot.autoconfigure.task.TaskExecutionProperties'
2022-03-20 12:26:50.990 DEBUG 5300 --- [    Test worker] o.s.b.f.s.DefaultListableBeanFactory     : Creating shared instance of singleton bean 'org.springframework.boot.autoconfigure.validation.ValidationAutoConfiguration'
2022-03-20 12:26:50.990 DEBUG 5300 --- [    Test worker] o.s.b.f.s.DefaultListableBeanFactory     : Creating shared instance of singleton bean 'defaultValidator'
2022-03-20 12:26:50.997 DEBUG 5300 --- [    Test worker] o.s.b.f.s.DefaultListableBeanFactory     : Creating shared instance of singleton bean 'org.springframework.boot.autoconfigure.web.servlet.error.ErrorMvcAutoConfiguration$WhitelabelErrorViewConfiguration'
2022-03-20 12:26:50.998 DEBUG 5300 --- [    Test worker] o.s.b.f.s.DefaultListableBeanFactory     : Creating shared instance of singleton bean 'error'
2022-03-20 12:26:50.999 DEBUG 5300 --- [    Test worker] o.s.b.f.s.DefaultListableBeanFactory     : Creating shared instance of singleton bean 'beanNameViewResolver'
2022-03-20 12:26:51.004 DEBUG 5300 --- [    Test worker] o.s.b.f.s.DefaultListableBeanFactory     : Creating shared instance of singleton bean 'org.springframework.boot.autoconfigure.web.servlet.error.ErrorMvcAutoConfiguration$DefaultErrorViewResolverConfiguration'
2022-03-20 12:26:51.004 DEBUG 5300 --- [    Test worker] o.s.b.f.s.DefaultListableBeanFactory     : Autowiring by type from bean name 'org.springframework.boot.autoconfigure.web.servlet.error.ErrorMvcAutoConfiguration$DefaultErrorViewResolverConfiguration' via constructor to bean named 'org.springframework.boot.web.servlet.context.AnnotationConfigServletWebServerApplicationContext@19beeb61'
2022-03-20 12:26:51.005 DEBUG 5300 --- [    Test worker] o.s.b.f.s.DefaultListableBeanFactory     : Autowiring by type from bean name 'org.springframework.boot.autoconfigure.web.servlet.error.ErrorMvcAutoConfiguration$DefaultErrorViewResolverConfiguration' via constructor to bean named 'spring.resources-org.springframework.boot.autoconfigure.web.ResourceProperties'
2022-03-20 12:26:51.005 DEBUG 5300 --- [    Test worker] o.s.b.f.s.DefaultListableBeanFactory     : Autowiring by type from bean name 'org.springframework.boot.autoconfigure.web.servlet.error.ErrorMvcAutoConfiguration$DefaultErrorViewResolverConfiguration' via constructor to bean named 'spring.web-org.springframework.boot.autoconfigure.web.WebProperties'
2022-03-20 12:26:51.006 DEBUG 5300 --- [    Test worker] o.s.b.f.s.DefaultListableBeanFactory     : Creating shared instance of singleton bean 'conventionErrorViewResolver'
2022-03-20 12:26:51.010 DEBUG 5300 --- [    Test worker] o.s.b.f.s.DefaultListableBeanFactory     : Creating shared instance of singleton bean 'errorAttributes'
2022-03-20 12:26:51.016 DEBUG 5300 --- [    Test worker] o.s.b.f.s.DefaultListableBeanFactory     : Creating shared instance of singleton bean 'basicErrorController'
2022-03-20 12:26:51.018 DEBUG 5300 --- [    Test worker] o.s.b.f.s.DefaultListableBeanFactory     : Autowiring by type from bean name 'basicErrorController' via factory method to bean named 'errorAttributes'
2022-03-20 12:26:51.021 DEBUG 5300 --- [    Test worker] o.s.b.f.s.DefaultListableBeanFactory     : Creating shared instance of singleton bean 'requestMappingHandlerAdapter'
2022-03-20 12:26:51.024 DEBUG 5300 --- [    Test worker] o.s.b.f.s.DefaultListableBeanFactory     : Creating shared instance of singleton bean 'mvcValidator'
2022-03-20 12:26:51.029 DEBUG 5300 --- [    Test worker] o.s.b.f.s.DefaultListableBeanFactory     : Autowiring by type from bean name 'requestMappingHandlerAdapter' via factory method to bean named 'mvcContentNegotiationManager'
2022-03-20 12:26:51.030 DEBUG 5300 --- [    Test worker] o.s.b.f.s.DefaultListableBeanFactory     : Autowiring by type from bean name 'requestMappingHandlerAdapter' via factory method to bean named 'mvcConversionService'
2022-03-20 12:26:51.030 DEBUG 5300 --- [    Test worker] o.s.b.f.s.DefaultListableBeanFactory     : Autowiring by type from bean name 'requestMappingHandlerAdapter' via factory method to bean named 'mvcValidator'
2022-03-20 12:26:51.033 DEBUG 5300 --- [    Test worker] o.s.b.f.s.DefaultListableBeanFactory     : Autowiring by type from bean name 'requestMappingHandlerAdapter' via factory method to bean named 'mvcContentNegotiationManager'
2022-03-20 12:26:51.033 DEBUG 5300 --- [    Test worker] o.s.b.f.s.DefaultListableBeanFactory     : Autowiring by type from bean name 'requestMappingHandlerAdapter' via factory method to bean named 'mvcConversionService'
2022-03-20 12:26:51.033 DEBUG 5300 --- [    Test worker] o.s.b.f.s.DefaultListableBeanFactory     : Autowiring by type from bean name 'requestMappingHandlerAdapter' via factory method to bean named 'mvcValidator'
2022-03-20 12:26:51.044 DEBUG 5300 --- [    Test worker] o.s.b.f.s.DefaultListableBeanFactory     : Creating shared instance of singleton bean 'sortResolver'
2022-03-20 12:26:51.046 DEBUG 5300 --- [    Test worker] o.s.b.f.s.DefaultListableBeanFactory     : Creating shared instance of singleton bean 'sortCustomizer'
2022-03-20 12:26:51.047 DEBUG 5300 --- [    Test worker] o.s.b.f.s.DefaultListableBeanFactory     : Creating shared instance of singleton bean 'org.springframework.boot.autoconfigure.data.web.SpringDataWebAutoConfiguration'
2022-03-20 12:26:51.048 DEBUG 5300 --- [    Test worker] o.s.b.f.s.DefaultListableBeanFactory     : Creating shared instance of singleton bean 'spring.data.web-org.springframework.boot.autoconfigure.data.web.SpringDataWebProperties'
2022-03-20 12:26:51.050 DEBUG 5300 --- [    Test worker] o.s.b.f.s.DefaultListableBeanFactory     : Autowiring by type from bean name 'org.springframework.boot.autoconfigure.data.web.SpringDataWebAutoConfiguration' via constructor to bean named 'spring.data.web-org.springframework.boot.autoconfigure.data.web.SpringDataWebProperties'
2022-03-20 12:26:51.053 DEBUG 5300 --- [    Test worker] o.s.b.f.s.DefaultListableBeanFactory     : Creating shared instance of singleton bean 'pageableResolver'
2022-03-20 12:26:51.054 DEBUG 5300 --- [    Test worker] o.s.b.f.s.DefaultListableBeanFactory     : Creating shared instance of singleton bean 'pageableCustomizer'
2022-03-20 12:26:51.055 DEBUG 5300 --- [    Test worker] o.s.b.f.s.DefaultListableBeanFactory     : Creating shared instance of singleton bean 'applicationTaskExecutor'
2022-03-20 12:26:51.056 DEBUG 5300 --- [    Test worker] o.s.b.f.s.DefaultListableBeanFactory     : Autowiring by type from bean name 'applicationTaskExecutor' via factory method to bean named 'taskExecutorBuilder'
2022-03-20 12:26:51.057 DEBUG 5300 --- [    Test worker] o.s.s.concurrent.ThreadPoolTaskExecutor  : Initializing ExecutorService 'applicationTaskExecutor'
2022-03-20 12:26:51.061 DEBUG 5300 --- [    Test worker] s.w.s.m.m.a.RequestMappingHandlerAdapter : ControllerAdvice beans: 0 @ModelAttribute, 0 @InitBinder, 1 RequestBodyAdvice, 1 ResponseBodyAdvice
2022-03-20 12:26:51.063 DEBUG 5300 --- [    Test worker] o.s.b.f.s.DefaultListableBeanFactory     : Creating shared instance of singleton bean 'localeResolver'
2022-03-20 12:26:51.064 DEBUG 5300 --- [    Test worker] o.s.b.f.s.DefaultListableBeanFactory     : Creating shared instance of singleton bean 'themeResolver'
2022-03-20 12:26:51.065 DEBUG 5300 --- [    Test worker] o.s.b.f.s.DefaultListableBeanFactory     : Creating shared instance of singleton bean 'flashMapManager'
2022-03-20 12:26:51.066 DEBUG 5300 --- [    Test worker] o.s.b.f.s.DefaultListableBeanFactory     : Creating shared instance of singleton bean 'mvcPatternParser'
2022-03-20 12:26:51.067 DEBUG 5300 --- [    Test worker] o.s.b.f.s.DefaultListableBeanFactory     : Creating shared instance of singleton bean 'mvcUrlPathHelper'
2022-03-20 12:26:51.068 DEBUG 5300 --- [    Test worker] o.s.b.f.s.DefaultListableBeanFactory     : Creating shared instance of singleton bean 'mvcPathMatcher'
2022-03-20 12:26:51.069 DEBUG 5300 --- [    Test worker] o.s.b.f.s.DefaultListableBeanFactory     : Creating shared instance of singleton bean 'handlerFunctionAdapter'
2022-03-20 12:26:51.070 DEBUG 5300 --- [    Test worker] o.s.b.f.s.DefaultListableBeanFactory     : Creating shared instance of singleton bean 'mvcUriComponentsContributor'
2022-03-20 12:26:51.071 DEBUG 5300 --- [    Test worker] o.s.b.f.s.DefaultListableBeanFactory     : Autowiring by type from bean name 'mvcUriComponentsContributor' via factory method to bean named 'mvcConversionService'
2022-03-20 12:26:51.072 DEBUG 5300 --- [    Test worker] o.s.b.f.s.DefaultListableBeanFactory     : Autowiring by type from bean name 'mvcUriComponentsContributor' via factory method to bean named 'requestMappingHandlerAdapter'
2022-03-20 12:26:51.072 DEBUG 5300 --- [    Test worker] o.s.b.f.s.DefaultListableBeanFactory     : Creating shared instance of singleton bean 'httpRequestHandlerAdapter'
2022-03-20 12:26:51.073 DEBUG 5300 --- [    Test worker] o.s.b.f.s.DefaultListableBeanFactory     : Creating shared instance of singleton bean 'simpleControllerHandlerAdapter'
2022-03-20 12:26:51.074 DEBUG 5300 --- [    Test worker] o.s.b.f.s.DefaultListableBeanFactory     : Creating shared instance of singleton bean 'handlerExceptionResolver'
2022-03-20 12:26:51.074 DEBUG 5300 --- [    Test worker] o.s.b.f.s.DefaultListableBeanFactory     : Autowiring by type from bean name 'handlerExceptionResolver' via factory method to bean named 'mvcContentNegotiationManager'
2022-03-20 12:26:51.084 DEBUG 5300 --- [    Test worker] .m.m.a.ExceptionHandlerExceptionResolver : ControllerAdvice beans: 0 @ExceptionHandler, 1 ResponseBodyAdvice
2022-03-20 12:26:51.085 DEBUG 5300 --- [    Test worker] o.s.b.f.s.DefaultListableBeanFactory     : Creating shared instance of singleton bean 'mvcViewResolver'
2022-03-20 12:26:51.085 DEBUG 5300 --- [    Test worker] o.s.b.f.s.DefaultListableBeanFactory     : Autowiring by type from bean name 'mvcViewResolver' via factory method to bean named 'mvcContentNegotiationManager'
2022-03-20 12:26:51.087 DEBUG 5300 --- [    Test worker] o.s.b.f.s.DefaultListableBeanFactory     : Creating shared instance of singleton bean 'viewNameTranslator'
2022-03-20 12:26:51.088 DEBUG 5300 --- [    Test worker] o.s.b.f.s.DefaultListableBeanFactory     : Creating shared instance of singleton bean 'defaultViewResolver'
2022-03-20 12:26:51.090 DEBUG 5300 --- [    Test worker] o.s.b.f.s.DefaultListableBeanFactory     : Creating shared instance of singleton bean 'viewResolver'
2022-03-20 12:26:51.091 DEBUG 5300 --- [    Test worker] o.s.b.f.s.DefaultListableBeanFactory     : Autowiring by type from bean name 'viewResolver' via factory method to bean named 'org.springframework.beans.factory.support.DefaultListableBeanFactory@2ed9e59b'
2022-03-20 12:26:51.093 DEBUG 5300 --- [    Test worker] o.s.b.f.s.DefaultListableBeanFactory     : Creating shared instance of singleton bean 'org.springframework.boot.actuate.autoconfigure.audit.AuditEventsEndpointAutoConfiguration'
2022-03-20 12:26:51.095 DEBUG 5300 --- [    Test worker] o.s.b.f.s.DefaultListableBeanFactory     : Creating shared instance of singleton bean 'org.springframework.boot.autoconfigure.availability.ApplicationAvailabilityAutoConfiguration'
2022-03-20 12:26:51.096 DEBUG 5300 --- [    Test worker] o.s.b.f.s.DefaultListableBeanFactory     : Creating shared instance of singleton bean 'applicationAvailability'
2022-03-20 12:26:51.097 DEBUG 5300 --- [    Test worker] o.s.b.f.s.DefaultListableBeanFactory     : Creating shared instance of singleton bean 'org.springframework.boot.actuate.autoconfigure.availability.AvailabilityHealthContributorAutoConfiguration'
2022-03-20 12:26:51.098 DEBUG 5300 --- [    Test worker] o.s.b.f.s.DefaultListableBeanFactory     : Creating shared instance of singleton bean 'org.springframework.boot.autoconfigure.transaction.jta.JtaAutoConfiguration'
2022-03-20 12:26:51.099 DEBUG 5300 --- [    Test worker] o.s.b.f.s.DefaultListableBeanFactory     : Creating shared instance of singleton bean 'org.springframework.boot.autoconfigure.jdbc.DataSourceJmxConfiguration$Hikari'
2022-03-20 12:26:51.099 DEBUG 5300 --- [    Test worker] o.s.b.f.s.DefaultListableBeanFactory     : Autowiring by type from bean name 'org.springframework.boot.autoconfigure.jdbc.DataSourceJmxConfiguration$Hikari' via constructor to bean named 'dataSource'
2022-03-20 12:26:51.100 DEBUG 5300 --- [    Test worker] o.s.b.f.s.DefaultListableBeanFactory     : Creating shared instance of singleton bean 'org.springframework.boot.autoconfigure.jdbc.DataSourceJmxConfiguration'
2022-03-20 12:26:51.101 DEBUG 5300 --- [    Test worker] o.s.b.f.s.DefaultListableBeanFactory     : Creating shared instance of singleton bean 'org.springframework.boot.autoconfigure.jdbc.DataSourceAutoConfiguration$PooledDataSourceConfiguration'
2022-03-20 12:26:51.102 DEBUG 5300 --- [    Test worker] o.s.b.f.s.DefaultListableBeanFactory     : Creating shared instance of singleton bean 'org.springframework.boot.autoconfigure.jdbc.metadata.DataSourcePoolMetadataProvidersConfiguration'
2022-03-20 12:26:51.103 DEBUG 5300 --- [    Test worker] o.s.b.f.s.DefaultListableBeanFactory     : Creating shared instance of singleton bean 'org.springframework.boot.autoconfigure.jdbc.DataSourceAutoConfiguration'
2022-03-20 12:26:51.104 DEBUG 5300 --- [    Test worker] o.s.b.f.s.DefaultListableBeanFactory     : Creating shared instance of singleton bean 'transactionManager'
2022-03-20 12:26:51.105 DEBUG 5300 --- [    Test worker] o.s.b.f.s.DefaultListableBeanFactory     : Creating shared instance of singleton bean 'platformTransactionManagerCustomizers'
2022-03-20 12:26:51.106 DEBUG 5300 --- [    Test worker] o.s.b.f.s.DefaultListableBeanFactory     : Creating shared instance of singleton bean 'org.springframework.boot.autoconfigure.transaction.TransactionAutoConfiguration'
2022-03-20 12:26:51.108 DEBUG 5300 --- [    Test worker] o.s.b.f.s.DefaultListableBeanFactory     : Creating shared instance of singleton bean 'spring.transaction-org.springframework.boot.autoconfigure.transaction.TransactionProperties'
2022-03-20 12:26:51.115 DEBUG 5300 --- [    Test worker] o.s.b.f.s.DefaultListableBeanFactory     : Creating shared instance of singleton bean 'org.springframework.boot.autoconfigure.orm.jpa.HibernateJpaAutoConfiguration'
2022-03-20 12:26:51.115 DEBUG 5300 --- [    Test worker] o.s.b.f.s.DefaultListableBeanFactory     : Creating shared instance of singleton bean 'org.springframework.boot.actuate.autoconfigure.web.servlet.ServletManagementContextAutoConfiguration'
2022-03-20 12:26:51.117 DEBUG 5300 --- [    Test worker] o.s.b.f.s.DefaultListableBeanFactory     : Creating shared instance of singleton bean 'servletWebChildContextFactory'
2022-03-20 12:26:51.117 DEBUG 5300 --- [    Test worker] o.s.b.f.s.DefaultListableBeanFactory     : Creating shared instance of singleton bean 'managementServletContext'
2022-03-20 12:26:51.118 DEBUG 5300 --- [    Test worker] o.s.b.f.s.DefaultListableBeanFactory     : Autowiring by type from bean name 'managementServletContext' via factory method to bean named 'management.endpoints.web-org.springframework.boot.actuate.autoconfigure.endpoint.web.WebEndpointProperties'
2022-03-20 12:26:51.119 DEBUG 5300 --- [    Test worker] o.s.b.f.s.DefaultListableBeanFactory     : Creating shared instance of singleton bean 'org.springframework.boot.actuate.autoconfigure.health.HealthEndpointAutoConfiguration'
2022-03-20 12:26:51.120 DEBUG 5300 --- [    Test worker] o.s.b.f.s.DefaultListableBeanFactory     : Creating shared instance of singleton bean 'org.springframework.boot.autoconfigure.info.ProjectInfoAutoConfiguration'
2022-03-20 12:26:51.121 DEBUG 5300 --- [    Test worker] o.s.b.f.s.DefaultListableBeanFactory     : Creating shared instance of singleton bean 'spring.info-org.springframework.boot.autoconfigure.info.ProjectInfoProperties'
2022-03-20 12:26:51.123 DEBUG 5300 --- [    Test worker] o.s.b.f.s.DefaultListableBeanFactory     : Autowiring by type from bean name 'org.springframework.boot.autoconfigure.info.ProjectInfoAutoConfiguration' via constructor to bean named 'spring.info-org.springframework.boot.autoconfigure.info.ProjectInfoProperties'
2022-03-20 12:26:51.124 DEBUG 5300 --- [    Test worker] o.s.b.f.s.DefaultListableBeanFactory     : Creating shared instance of singleton bean 'management.info-org.springframework.boot.actuate.autoconfigure.info.InfoContributorProperties'
2022-03-20 12:26:51.125 DEBUG 5300 --- [    Test worker] o.s.b.f.s.DefaultListableBeanFactory     : Creating shared instance of singleton bean 'pathMappedEndpoints'
2022-03-20 12:26:51.127 DEBUG 5300 --- [    Test worker] o.s.b.f.s.DefaultListableBeanFactory     : Autowiring by type from bean name 'pathMappedEndpoints' via factory method to bean named 'servletEndpointDiscoverer'
2022-03-20 12:26:51.128 DEBUG 5300 --- [    Test worker] o.s.b.f.s.DefaultListableBeanFactory     : Autowiring by type from bean name 'pathMappedEndpoints' via factory method to bean named 'webEndpointDiscoverer'
2022-03-20 12:26:51.128 DEBUG 5300 --- [    Test worker] o.s.b.f.s.DefaultListableBeanFactory     : Autowiring by type from bean name 'pathMappedEndpoints' via factory method to bean named 'controllerEndpointDiscoverer'
2022-03-20 12:26:51.128 DEBUG 5300 --- [    Test worker] o.s.b.f.s.DefaultListableBeanFactory     : Creating shared instance of singleton bean 'org.springframework.boot.actuate.autoconfigure.logging.LogFileWebEndpointAutoConfiguration'
2022-03-20 12:26:51.129 DEBUG 5300 --- [    Test worker] o.s.b.f.s.DefaultListableBeanFactory     : Creating shared instance of singleton bean 'management.endpoint.logfile-org.springframework.boot.actuate.autoconfigure.logging.LogFileWebEndpointProperties'
2022-03-20 12:26:51.131 DEBUG 5300 --- [    Test worker] o.s.b.f.s.DefaultListableBeanFactory     : Creating shared instance of singleton bean 'org.springframework.boot.actuate.autoconfigure.metrics.CompositeMeterRegistryAutoConfiguration'
2022-03-20 12:26:51.132 DEBUG 5300 --- [    Test worker] o.s.b.f.s.DefaultListableBeanFactory     : Creating shared instance of singleton bean 'org.springframework.boot.actuate.autoconfigure.metrics.integration.IntegrationMetricsAutoConfiguration'
2022-03-20 12:26:51.133 DEBUG 5300 --- [    Test worker] o.s.b.f.s.DefaultListableBeanFactory     : Creating shared instance of singleton bean 'org.springframework.boot.actuate.autoconfigure.metrics.jdbc.DataSourcePoolMetricsAutoConfiguration$HikariDataSourceMetricsConfiguration'
2022-03-20 12:26:51.133 DEBUG 5300 --- [    Test worker] o.s.b.f.s.DefaultListableBeanFactory     : Autowiring by type from bean name 'org.springframework.boot.actuate.autoconfigure.metrics.jdbc.DataSourcePoolMetricsAutoConfiguration$HikariDataSourceMetricsConfiguration' via constructor to bean named 'simpleMeterRegistry'
2022-03-20 12:26:51.137 DEBUG 5300 --- [    Test worker] o.s.b.f.s.DefaultListableBeanFactory     : Creating shared instance of singleton bean 'org.springframework.boot.actuate.autoconfigure.metrics.jdbc.DataSourcePoolMetricsAutoConfiguration$DataSourcePoolMetadataMetricsConfiguration'
2022-03-20 12:26:51.142 DEBUG 5300 --- [    Test worker] o.s.b.f.s.DefaultListableBeanFactory     : Creating shared instance of singleton bean 'org.springframework.boot.actuate.autoconfigure.metrics.jdbc.DataSourcePoolMetricsAutoConfiguration'
2022-03-20 12:26:51.144 DEBUG 5300 --- [    Test worker] o.s.b.f.s.DefaultListableBeanFactory     : Creating shared instance of singleton bean 'org.springframework.boot.autoconfigure.gson.GsonAutoConfiguration'
2022-03-20 12:26:51.153 DEBUG 5300 --- [    Test worker] o.s.b.f.s.DefaultListableBeanFactory     : Creating shared instance of singleton bean 'gsonBuilder'
2022-03-20 12:26:51.154 DEBUG 5300 --- [    Test worker] o.s.b.f.s.DefaultListableBeanFactory     : Creating shared instance of singleton bean 'standardGsonBuilderCustomizer'
2022-03-20 12:26:51.155 DEBUG 5300 --- [    Test worker] o.s.b.f.s.DefaultListableBeanFactory     : Creating shared instance of singleton bean 'spring.gson-org.springframework.boot.autoconfigure.gson.GsonProperties'
2022-03-20 12:26:51.163 DEBUG 5300 --- [    Test worker] o.s.b.f.s.DefaultListableBeanFactory     : Autowiring by type from bean name 'standardGsonBuilderCustomizer' via factory method to bean named 'spring.gson-org.springframework.boot.autoconfigure.gson.GsonProperties'
2022-03-20 12:26:51.164 DEBUG 5300 --- [    Test worker] o.s.b.f.s.DefaultListableBeanFactory     : Autowiring by type from bean name 'gsonBuilder' via factory method to bean named 'standardGsonBuilderCustomizer'
2022-03-20 12:26:51.165 DEBUG 5300 --- [    Test worker] o.s.b.f.s.DefaultListableBeanFactory     : Creating shared instance of singleton bean 'gson'
2022-03-20 12:26:51.167 DEBUG 5300 --- [    Test worker] o.s.b.f.s.DefaultListableBeanFactory     : Autowiring by type from bean name 'gson' via factory method to bean named 'gsonBuilder'
2022-03-20 12:26:51.168 DEBUG 5300 --- [    Test worker] o.s.b.f.s.DefaultListableBeanFactory     : Creating shared instance of singleton bean 'org.springframework.boot.autoconfigure.http.JacksonHttpMessageConvertersConfiguration'
2022-03-20 12:26:51.169 DEBUG 5300 --- [    Test worker] o.s.b.f.s.DefaultListableBeanFactory     : Creating shared instance of singleton bean 'org.springframework.boot.autoconfigure.http.GsonHttpMessageConvertersConfiguration'
2022-03-20 12:26:51.170 DEBUG 5300 --- [    Test worker] o.s.b.f.s.DefaultListableBeanFactory     : Creating shared instance of singleton bean 'org.springframework.boot.autoconfigure.web.client.RestTemplateAutoConfiguration'
2022-03-20 12:26:51.171 DEBUG 5300 --- [    Test worker] o.s.b.f.s.DefaultListableBeanFactory     : Creating shared instance of singleton bean 'org.springframework.boot.actuate.autoconfigure.metrics.web.client.RestTemplateMetricsConfiguration'
2022-03-20 12:26:51.171 DEBUG 5300 --- [    Test worker] o.s.b.f.s.DefaultListableBeanFactory     : Creating shared instance of singleton bean 'restTemplateExchangeTagsProvider'
2022-03-20 12:26:51.172 DEBUG 5300 --- [    Test worker] o.s.b.f.s.DefaultListableBeanFactory     : Creating shared instance of singleton bean 'metricsRestTemplateCustomizer'
2022-03-20 12:26:51.173 DEBUG 5300 --- [    Test worker] o.s.b.f.s.DefaultListableBeanFactory     : Autowiring by type from bean name 'metricsRestTemplateCustomizer' via factory method to bean named 'simpleMeterRegistry'
2022-03-20 12:26:51.173 DEBUG 5300 --- [    Test worker] o.s.b.f.s.DefaultListableBeanFactory     : Autowiring by type from bean name 'metricsRestTemplateCustomizer' via factory method to bean named 'restTemplateExchangeTagsProvider'
2022-03-20 12:26:51.173 DEBUG 5300 --- [    Test worker] o.s.b.f.s.DefaultListableBeanFactory     : Autowiring by type from bean name 'metricsRestTemplateCustomizer' via factory method to bean named 'management.metrics-org.springframework.boot.actuate.autoconfigure.metrics.MetricsProperties'
2022-03-20 12:26:51.174 DEBUG 5300 --- [    Test worker] o.s.b.f.s.DefaultListableBeanFactory     : Creating shared instance of singleton bean 'org.springframework.boot.actuate.autoconfigure.metrics.web.tomcat.TomcatMetricsAutoConfiguration'
2022-03-20 12:26:51.175 DEBUG 5300 --- [    Test worker] o.s.b.f.s.DefaultListableBeanFactory     : Creating shared instance of singleton bean 'tomcatMetricsBinder'
2022-03-20 12:26:51.176 DEBUG 5300 --- [    Test worker] o.s.b.f.s.DefaultListableBeanFactory     : Autowiring by type from bean name 'tomcatMetricsBinder' via factory method to bean named 'simpleMeterRegistry'
2022-03-20 12:26:51.177 DEBUG 5300 --- [    Test worker] o.s.b.f.s.DefaultListableBeanFactory     : Creating shared instance of singleton bean 'org.springframework.boot.actuate.autoconfigure.trace.http.HttpTraceEndpointAutoConfiguration'
2022-03-20 12:26:51.177 DEBUG 5300 --- [    Test worker] o.s.b.f.s.DefaultListableBeanFactory     : Creating shared instance of singleton bean 'org.springframework.boot.autoconfigure.aop.AopAutoConfiguration$AspectJAutoProxyingConfiguration$CglibAutoProxyConfiguration'
2022-03-20 12:26:51.178 DEBUG 5300 --- [    Test worker] o.s.b.f.s.DefaultListableBeanFactory     : Creating shared instance of singleton bean 'org.springframework.boot.autoconfigure.aop.AopAutoConfiguration$AspectJAutoProxyingConfiguration'
2022-03-20 12:26:51.179 DEBUG 5300 --- [    Test worker] o.s.b.f.s.DefaultListableBeanFactory     : Creating shared instance of singleton bean 'org.springframework.boot.autoconfigure.aop.AopAutoConfiguration'
2022-03-20 12:26:51.179 DEBUG 5300 --- [    Test worker] o.s.b.f.s.DefaultListableBeanFactory     : Creating shared instance of singleton bean 'org.springframework.boot.autoconfigure.context.ConfigurationPropertiesAutoConfiguration'
2022-03-20 12:26:51.180 DEBUG 5300 --- [    Test worker] o.s.b.f.s.DefaultListableBeanFactory     : Creating shared instance of singleton bean 'org.springframework.boot.autoconfigure.context.LifecycleAutoConfiguration'
2022-03-20 12:26:51.180 DEBUG 5300 --- [    Test worker] o.s.b.f.s.DefaultListableBeanFactory     : Creating shared instance of singleton bean 'lifecycleProcessor'
2022-03-20 12:26:51.181 DEBUG 5300 --- [    Test worker] o.s.b.f.s.DefaultListableBeanFactory     : Creating shared instance of singleton bean 'spring.lifecycle-org.springframework.boot.autoconfigure.context.LifecycleProperties'
2022-03-20 12:26:51.183 DEBUG 5300 --- [    Test worker] o.s.b.f.s.DefaultListableBeanFactory     : Autowiring by type from bean name 'lifecycleProcessor' via factory method to bean named 'spring.lifecycle-org.springframework.boot.autoconfigure.context.LifecycleProperties'
2022-03-20 12:26:51.185 DEBUG 5300 --- [    Test worker] o.s.b.f.s.DefaultListableBeanFactory     : Creating shared instance of singleton bean 'org.springframework.boot.autoconfigure.dao.PersistenceExceptionTranslationAutoConfiguration'
2022-03-20 12:26:51.186 DEBUG 5300 --- [    Test worker] o.s.b.f.s.DefaultListableBeanFactory     : Creating shared instance of singleton bean 'org.springframework.boot.autoconfigure.data.jpa.JpaRepositoriesAutoConfiguration'
2022-03-20 12:26:51.187 DEBUG 5300 --- [    Test worker] o.s.b.f.s.DefaultListableBeanFactory     : Creating shared instance of singleton bean 'org.springframework.data.jpa.util.JpaMetamodelCacheCleanup'
2022-03-20 12:26:51.188 DEBUG 5300 --- [    Test worker] o.s.b.f.s.DefaultListableBeanFactory     : Creating shared instance of singleton bean 'org.springframework.data.jpa.repository.support.JpaEvaluationContextExtension'
2022-03-20 12:26:51.189 DEBUG 5300 --- [    Test worker] o.s.b.f.s.DefaultListableBeanFactory     : Creating shared instance of singleton bean 'org.springframework.data.web.config.ProjectingArgumentResolverRegistrar'
2022-03-20 12:26:51.192 DEBUG 5300 --- [    Test worker] o.s.b.f.s.DefaultListableBeanFactory     : Creating shared instance of singleton bean 'org.springframework.boot.autoconfigure.jdbc.JdbcTemplateConfiguration'
2022-03-20 12:26:51.193 DEBUG 5300 --- [    Test worker] o.s.b.f.s.DefaultListableBeanFactory     : Creating shared instance of singleton bean 'jdbcTemplate'
2022-03-20 12:26:51.194 DEBUG 5300 --- [    Test worker] o.s.b.f.s.DefaultListableBeanFactory     : Creating shared instance of singleton bean 'spring.jdbc-org.springframework.boot.autoconfigure.jdbc.JdbcProperties'
2022-03-20 12:26:51.195 DEBUG 5300 --- [    Test worker] o.s.b.f.s.DefaultListableBeanFactory     : Autowiring by type from bean name 'jdbcTemplate' via factory method to bean named 'dataSource'
2022-03-20 12:26:51.196 DEBUG 5300 --- [    Test worker] o.s.b.f.s.DefaultListableBeanFactory     : Autowiring by type from bean name 'jdbcTemplate' via factory method to bean named 'spring.jdbc-org.springframework.boot.autoconfigure.jdbc.JdbcProperties'
2022-03-20 12:26:51.204 DEBUG 5300 --- [    Test worker] o.s.b.f.s.DefaultListableBeanFactory     : Creating shared instance of singleton bean 'org.springframework.boot.autoconfigure.jdbc.NamedParameterJdbcTemplateConfiguration'
2022-03-20 12:26:51.206 DEBUG 5300 --- [    Test worker] o.s.b.f.s.DefaultListableBeanFactory     : Creating shared instance of singleton bean 'namedParameterJdbcTemplate'
2022-03-20 12:26:51.208 DEBUG 5300 --- [    Test worker] o.s.b.f.s.DefaultListableBeanFactory     : Autowiring by type from bean name 'namedParameterJdbcTemplate' via factory method to bean named 'jdbcTemplate'
2022-03-20 12:26:51.211 DEBUG 5300 --- [    Test worker] o.s.b.f.s.DefaultListableBeanFactory     : Creating shared instance of singleton bean 'org.springframework.boot.autoconfigure.jdbc.JdbcTemplateAutoConfiguration'
2022-03-20 12:26:51.212 DEBUG 5300 --- [    Test worker] o.s.b.f.s.DefaultListableBeanFactory     : Creating shared instance of singleton bean 'org.springframework.boot.autoconfigure.sql.init.SqlInitializationAutoConfiguration'
2022-03-20 12:26:51.213 DEBUG 5300 --- [    Test worker] o.s.b.f.s.DefaultListableBeanFactory     : Creating shared instance of singleton bean 'org.springframework.boot.autoconfigure.task.TaskSchedulingAutoConfiguration'
2022-03-20 12:26:51.213 DEBUG 5300 --- [    Test worker] o.s.b.f.s.DefaultListableBeanFactory     : Creating shared instance of singleton bean 'scheduledBeanLazyInitializationExcludeFilter'
2022-03-20 12:26:51.215 DEBUG 5300 --- [    Test worker] o.s.b.f.s.DefaultListableBeanFactory     : Creating shared instance of singleton bean 'taskSchedulerBuilder'
2022-03-20 12:26:51.216 DEBUG 5300 --- [    Test worker] o.s.b.f.s.DefaultListableBeanFactory     : Creating shared instance of singleton bean 'spring.task.scheduling-org.springframework.boot.autoconfigure.task.TaskSchedulingProperties'
2022-03-20 12:26:51.218 DEBUG 5300 --- [    Test worker] o.s.b.f.s.DefaultListableBeanFactory     : Autowiring by type from bean name 'taskSchedulerBuilder' via factory method to bean named 'spring.task.scheduling-org.springframework.boot.autoconfigure.task.TaskSchedulingProperties'
2022-03-20 12:26:51.219 DEBUG 5300 --- [    Test worker] o.s.b.f.s.DefaultListableBeanFactory     : Creating shared instance of singleton bean 'org.springframework.boot.autoconfigure.jdbc.DataSourceTransactionManagerAutoConfiguration$JdbcTransactionManagerConfiguration'
2022-03-20 12:26:51.219 DEBUG 5300 --- [    Test worker] o.s.b.f.s.DefaultListableBeanFactory     : Creating shared instance of singleton bean 'org.springframework.boot.autoconfigure.jdbc.DataSourceTransactionManagerAutoConfiguration'
2022-03-20 12:26:51.220 DEBUG 5300 --- [    Test worker] o.s.b.f.s.DefaultListableBeanFactory     : Creating shared instance of singleton bean 'org.springframework.boot.autoconfigure.transaction.TransactionAutoConfiguration$EnableTransactionManagementConfiguration$CglibAutoProxyConfiguration'
2022-03-20 12:26:51.221 DEBUG 5300 --- [    Test worker] o.s.b.f.s.DefaultListableBeanFactory     : Creating shared instance of singleton bean 'org.springframework.boot.autoconfigure.transaction.TransactionAutoConfiguration$EnableTransactionManagementConfiguration'
2022-03-20 12:26:51.222 DEBUG 5300 --- [    Test worker] o.s.b.f.s.DefaultListableBeanFactory     : Creating shared instance of singleton bean 'org.springframework.boot.autoconfigure.transaction.TransactionAutoConfiguration$TransactionTemplateConfiguration'
2022-03-20 12:26:51.224 DEBUG 5300 --- [    Test worker] o.s.b.f.s.DefaultListableBeanFactory     : Creating shared instance of singleton bean 'transactionTemplate'
2022-03-20 12:26:51.225 DEBUG 5300 --- [    Test worker] o.s.b.f.s.DefaultListableBeanFactory     : Autowiring by type from bean name 'transactionTemplate' via factory method to bean named 'transactionManager'
2022-03-20 12:26:51.227 DEBUG 5300 --- [    Test worker] o.s.b.f.s.DefaultListableBeanFactory     : Creating shared instance of singleton bean 'org.springframework.boot.autoconfigure.web.embedded.EmbeddedWebServerFactoryCustomizerAutoConfiguration'
2022-03-20 12:26:51.228 DEBUG 5300 --- [    Test worker] o.s.b.f.s.DefaultListableBeanFactory     : Creating shared instance of singleton bean 'multipartResolver'
2022-03-20 12:26:51.229 DEBUG 5300 --- [    Test worker] o.s.b.f.s.DefaultListableBeanFactory     : Creating shared instance of singleton bean 'org.springframework.boot.actuate.autoconfigure.security.servlet.SecurityRequestMatchersManagementContextConfiguration$MvcRequestMatcherConfiguration'
2022-03-20 12:26:51.230 DEBUG 5300 --- [    Test worker] o.s.b.f.s.DefaultListableBeanFactory     : Creating shared instance of singleton bean 'requestMatcherProvider'
2022-03-20 12:26:51.233 DEBUG 5300 --- [    Test worker] o.s.b.f.s.DefaultListableBeanFactory     : Autowiring by type from bean name 'requestMatcherProvider' via factory method to bean named 'dispatcherServletRegistration'
2022-03-20 12:26:51.234 DEBUG 5300 --- [    Test worker] o.s.b.f.s.DefaultListableBeanFactory     : Creating shared instance of singleton bean 'org.springframework.boot.actuate.autoconfigure.security.servlet.SecurityRequestMatchersManagementContextConfiguration'
2022-03-20 12:26:51.234 DEBUG 5300 --- [    Test worker] o.s.b.f.s.DefaultListableBeanFactory     : Creating shared instance of singleton bean 'org.springframework.boot.actuate.autoconfigure.web.server.ManagementContextAutoConfiguration$SameManagementContextConfiguration$EnableSameManagementContextConfiguration'
2022-03-20 12:26:51.235 DEBUG 5300 --- [    Test worker] o.s.b.f.s.DefaultListableBeanFactory     : Creating shared instance of singleton bean 'org.springframework.boot.actuate.autoconfigure.web.server.ManagementContextAutoConfiguration$SameManagementContextConfiguration'
2022-03-20 12:26:51.240 DEBUG 5300 --- [    Test worker] o.s.b.f.s.DefaultListableBeanFactory     : Autowiring by type from bean name 'org.springframework.boot.actuate.autoconfigure.web.server.ManagementContextAutoConfiguration$SameManagementContextConfiguration' via constructor to bean named 'environment'
2022-03-20 12:26:51.240 DEBUG 5300 --- [    Test worker] o.s.b.f.s.DefaultListableBeanFactory     : Creating shared instance of singleton bean 'org.springframework.boot.actuate.autoconfigure.web.server.ManagementContextAutoConfiguration'
2022-03-20 12:26:51.241 DEBUG 5300 --- [    Test worker] o.s.b.f.s.DefaultListableBeanFactory     : Creating shared instance of singleton bean 'management.server-org.springframework.boot.actuate.autoconfigure.web.server.ManagementServerProperties'
2022-03-20 12:26:51.255 DEBUG 5300 --- [    Test worker] o.s.c.support.DefaultLifecycleProcessor  : Starting beans in phase 2147483646
2022-03-20 12:26:51.274  INFO 5300 --- [    Test worker] o.s.b.w.embedded.tomcat.TomcatWebServer  : Tomcat started on port(s): 8701 (http) with context path ''
2022-03-20 12:26:51.275 DEBUG 5300 --- [    Test worker] o.s.c.support.DefaultLifecycleProcessor  : Successfully started bean 'webServerStartStop'
2022-03-20 12:26:51.275 DEBUG 5300 --- [    Test worker] o.s.c.support.DefaultLifecycleProcessor  : Starting beans in phase 2147483647
2022-03-20 12:26:51.275 DEBUG 5300 --- [    Test worker] o.s.c.support.DefaultLifecycleProcessor  : Successfully started bean 'webServerGracefulShutdown'
2022-03-20 12:26:51.293 DEBUG 5300 --- [    Test worker] ConditionEvaluationReportLoggingListener : 


============================
CONDITIONS EVALUATION REPORT
============================


Positive matches:
-----------------

   AopAutoConfiguration matched:
      - @ConditionalOnProperty (spring.aop.auto=true) matched (OnPropertyCondition)

   AopAutoConfiguration.AspectJAutoProxyingConfiguration matched:
      - @ConditionalOnClass found required class 'org.aspectj.weaver.Advice' (OnClassCondition)

   AopAutoConfiguration.AspectJAutoProxyingConfiguration.CglibAutoProxyConfiguration matched:
      - @ConditionalOnProperty (spring.aop.proxy-target-class=true) matched (OnPropertyCondition)

   AuditEventsEndpointAutoConfiguration matched:
      - @ConditionalOnAvailableEndpoint no property management.endpoint.auditevents.enabled found so using endpoint default; @ConditionalOnAvailableEndpoint marked as exposed by a 'management.endpoints.web.exposure' property (OnAvailableEndpointCondition)

   BeansEndpointAutoConfiguration matched:
      - @ConditionalOnAvailableEndpoint no property management.endpoint.beans.enabled found so using endpoint default; @ConditionalOnAvailableEndpoint marked as exposed by a 'management.endpoints.web.exposure' property (OnAvailableEndpointCondition)

   BeansEndpointAutoConfiguration#beansEndpoint matched:
      - @ConditionalOnMissingBean (types: org.springframework.boot.actuate.beans.BeansEndpoint; SearchStrategy: all) did not find any beans (OnBeanCondition)

   CacheMeterBinderProvidersConfiguration matched:
      - @ConditionalOnClass found required class 'io.micrometer.core.instrument.binder.MeterBinder' (OnClassCondition)

   CachesEndpointAutoConfiguration matched:
      - @ConditionalOnClass found required class 'org.springframework.cache.CacheManager' (OnClassCondition)
      - @ConditionalOnAvailableEndpoint no property management.endpoint.caches.enabled found so using endpoint default; @ConditionalOnAvailableEndpoint marked as exposed by a 'management.endpoints.web.exposure' property (OnAvailableEndpointCondition)

   CachesEndpointAutoConfiguration#cachesEndpoint matched:
      - @ConditionalOnMissingBean (types: org.springframework.boot.actuate.cache.CachesEndpoint; SearchStrategy: all) did not find any beans (OnBeanCondition)

   CachesEndpointAutoConfiguration#cachesEndpointWebExtension matched:
      - @ConditionalOnBean (types: org.springframework.boot.actuate.cache.CachesEndpoint; SearchStrategy: all) found bean 'cachesEndpoint'; @ConditionalOnMissingBean (types: org.springframework.boot.actuate.cache.CachesEndpointWebExtension; SearchStrategy: all) did not find any beans (OnBeanCondition)

   CompositeMeterRegistryAutoConfiguration matched:
      - @ConditionalOnClass found required class 'io.micrometer.core.instrument.composite.CompositeMeterRegistry' (OnClassCondition)

   ConditionsReportEndpointAutoConfiguration matched:
      - @ConditionalOnAvailableEndpoint no property management.endpoint.conditions.enabled found so using endpoint default; @ConditionalOnAvailableEndpoint marked as exposed by a 'management.endpoints.web.exposure' property (OnAvailableEndpointCondition)

   ConditionsReportEndpointAutoConfiguration#conditionsReportEndpoint matched:
      - @ConditionalOnMissingBean (types: org.springframework.boot.actuate.autoconfigure.condition.ConditionsReportEndpoint; SearchStrategy: current) did not find any beans (OnBeanCondition)

   ConfigurationPropertiesReportEndpointAutoConfiguration matched:
      - @ConditionalOnAvailableEndpoint no property management.endpoint.configprops.enabled found so using endpoint default; @ConditionalOnAvailableEndpoint marked as exposed by a 'management.endpoints.web.exposure' property (OnAvailableEndpointCondition)

   ConfigurationPropertiesReportEndpointAutoConfiguration#configurationPropertiesReportEndpoint matched:
      - @ConditionalOnMissingBean (types: org.springframework.boot.actuate.context.properties.ConfigurationPropertiesReportEndpoint; SearchStrategy: all) did not find any beans (OnBeanCondition)

   ConfigurationPropertiesReportEndpointAutoConfiguration#configurationPropertiesReportEndpointWebExtension matched:
      - @ConditionalOnBean (types: org.springframework.boot.actuate.context.properties.ConfigurationPropertiesReportEndpoint; SearchStrategy: all) found bean 'configurationPropertiesReportEndpoint'; @ConditionalOnMissingBean (types: org.springframework.boot.actuate.context.properties.ConfigurationPropertiesReportEndpointWebExtension; SearchStrategy: all) did not find any beans (OnBeanCondition)

   DataSourceAutoConfiguration matched:
      - @ConditionalOnClass found required classes 'javax.sql.DataSource', 'org.springframework.jdbc.datasource.embedded.EmbeddedDatabaseType' (OnClassCondition)
      - @ConditionalOnMissingBean (types: io.r2dbc.spi.ConnectionFactory; SearchStrategy: all) did not find any beans (OnBeanCondition)

   DataSourceAutoConfiguration.PooledDataSourceConfiguration matched:
      - AnyNestedCondition 1 matched 1 did not; NestedCondition on DataSourceAutoConfiguration.PooledDataSourceCondition.PooledDataSourceAvailable PooledDataSource found supported DataSource; NestedCondition on DataSourceAutoConfiguration.PooledDataSourceCondition.ExplicitType @ConditionalOnProperty (spring.datasource.type) did not find property 'type' (DataSourceAutoConfiguration.PooledDataSourceCondition)
      - @ConditionalOnMissingBean (types: javax.sql.DataSource,javax.sql.XADataSource; SearchStrategy: all) did not find any beans (OnBeanCondition)

   DataSourceConfiguration.Hikari matched:
      - @ConditionalOnClass found required class 'com.zaxxer.hikari.HikariDataSource' (OnClassCondition)
      - @ConditionalOnProperty (spring.datasource.type=com.zaxxer.hikari.HikariDataSource) matched (OnPropertyCondition)
      - @ConditionalOnMissingBean (types: javax.sql.DataSource; SearchStrategy: all) did not find any beans (OnBeanCondition)

   DataSourceHealthContributorAutoConfiguration matched:
      - @ConditionalOnClass found required classes 'org.springframework.jdbc.core.JdbcTemplate', 'org.springframework.jdbc.datasource.lookup.AbstractRoutingDataSource' (OnClassCondition)
      - @ConditionalOnEnabledHealthIndicator management.health.defaults.enabled is considered true (OnEnabledHealthIndicatorCondition)
      - @ConditionalOnBean (types: javax.sql.DataSource; SearchStrategy: all) found bean 'dataSource' (OnBeanCondition)

   DataSourceHealthContributorAutoConfiguration#dbHealthContributor matched:
      - @ConditionalOnMissingBean (names: dbHealthIndicator,dbHealthContributor; SearchStrategy: all) did not find any beans (OnBeanCondition)

   DataSourceInitializationConfiguration matched:
      - @ConditionalOnClass found required class 'org.springframework.jdbc.datasource.init.DatabasePopulator' (OnClassCondition)
      - @ConditionalOnSingleCandidate (types: javax.sql.DataSource; SearchStrategy: all) found a primary bean from beans 'dataSource'; @ConditionalOnMissingBean (types: org.springframework.boot.sql.init.AbstractScriptDatabaseInitializer; SearchStrategy: all) did not find any beans (OnBeanCondition)

   DataSourceJmxConfiguration matched:
      - @ConditionalOnProperty (spring.jmx.enabled=true) matched (OnPropertyCondition)

   DataSourceJmxConfiguration.Hikari matched:
      - @ConditionalOnClass found required class 'com.zaxxer.hikari.HikariDataSource' (OnClassCondition)
      - @ConditionalOnSingleCandidate (types: javax.sql.DataSource; SearchStrategy: all) found a primary bean from beans 'dataSource' (OnBeanCondition)

   DataSourcePoolMetadataProvidersConfiguration.HikariPoolDataSourceMetadataProviderConfiguration matched:
      - @ConditionalOnClass found required class 'com.zaxxer.hikari.HikariDataSource' (OnClassCondition)

   DataSourcePoolMetricsAutoConfiguration matched:
      - @ConditionalOnClass found required classes 'javax.sql.DataSource', 'io.micrometer.core.instrument.MeterRegistry' (OnClassCondition)
      - @ConditionalOnBean (types: javax.sql.DataSource,io.micrometer.core.instrument.MeterRegistry; SearchStrategy: all) found beans 'simpleMeterRegistry', 'dataSource' (OnBeanCondition)

   DataSourcePoolMetricsAutoConfiguration.DataSourcePoolMetadataMetricsConfiguration matched:
      - @ConditionalOnBean (types: org.springframework.boot.jdbc.metadata.DataSourcePoolMetadataProvider; SearchStrategy: all) found bean 'hikariPoolDataSourceMetadataProvider' (OnBeanCondition)

   DataSourcePoolMetricsAutoConfiguration.HikariDataSourceMetricsConfiguration matched:
      - @ConditionalOnClass found required class 'com.zaxxer.hikari.HikariDataSource' (OnClassCondition)

   DataSourceTransactionManagerAutoConfiguration matched:
      - @ConditionalOnClass found required classes 'org.springframework.jdbc.core.JdbcTemplate', 'org.springframework.transaction.TransactionManager' (OnClassCondition)

   DataSourceTransactionManagerAutoConfiguration.JdbcTransactionManagerConfiguration matched:
      - @ConditionalOnSingleCandidate (types: javax.sql.DataSource; SearchStrategy: all) found a primary bean from beans 'dataSource' (OnBeanCondition)

   DiskSpaceHealthContributorAutoConfiguration matched:
      - @ConditionalOnEnabledHealthIndicator management.health.defaults.enabled is considered true (OnEnabledHealthIndicatorCondition)

   DiskSpaceHealthContributorAutoConfiguration#diskSpaceHealthIndicator matched:
      - @ConditionalOnMissingBean (names: diskSpaceHealthIndicator; SearchStrategy: all) did not find any beans (OnBeanCondition)

   DispatcherServletAutoConfiguration matched:
      - @ConditionalOnClass found required class 'org.springframework.web.servlet.DispatcherServlet' (OnClassCondition)
      - found 'session' scope (OnWebApplicationCondition)

   DispatcherServletAutoConfiguration.DispatcherServletConfiguration matched:
      - @ConditionalOnClass found required class 'javax.servlet.ServletRegistration' (OnClassCondition)
      - Default DispatcherServlet did not find dispatcher servlet beans (DispatcherServletAutoConfiguration.DefaultDispatcherServletCondition)

   DispatcherServletAutoConfiguration.DispatcherServletRegistrationConfiguration matched:
      - @ConditionalOnClass found required class 'javax.servlet.ServletRegistration' (OnClassCondition)
      - DispatcherServlet Registration did not find servlet registration bean (DispatcherServletAutoConfiguration.DispatcherServletRegistrationCondition)

   DispatcherServletAutoConfiguration.DispatcherServletRegistrationConfiguration#dispatcherServletRegistration matched:
      - @ConditionalOnBean (names: dispatcherServlet types: org.springframework.web.servlet.DispatcherServlet; SearchStrategy: all) found bean 'dispatcherServlet' (OnBeanCondition)

   EmbeddedWebServerFactoryCustomizerAutoConfiguration matched:
      - @ConditionalOnWebApplication (required) found 'session' scope (OnWebApplicationCondition)

   EmbeddedWebServerFactoryCustomizerAutoConfiguration.TomcatWebServerFactoryCustomizerConfiguration matched:
      - @ConditionalOnClass found required classes 'org.apache.catalina.startup.Tomcat', 'org.apache.coyote.UpgradeProtocol' (OnClassCondition)

   EndpointAutoConfiguration#endpointCachingOperationInvokerAdvisor matched:
      - @ConditionalOnMissingBean (types: org.springframework.boot.actuate.endpoint.invoker.cache.CachingOperationInvokerAdvisor; SearchStrategy: all) did not find any beans (OnBeanCondition)

   EndpointAutoConfiguration#endpointOperationParameterMapper matched:
      - @ConditionalOnMissingBean (types: org.springframework.boot.actuate.endpoint.invoke.ParameterValueMapper; SearchStrategy: all) did not find any beans (OnBeanCondition)

   EnvironmentEndpointAutoConfiguration matched:
      - @ConditionalOnAvailableEndpoint no property management.endpoint.env.enabled found so using endpoint default; @ConditionalOnAvailableEndpoint marked as exposed by a 'management.endpoints.web.exposure' property (OnAvailableEndpointCondition)

   EnvironmentEndpointAutoConfiguration#environmentEndpoint matched:
      - @ConditionalOnMissingBean (types: org.springframework.boot.actuate.env.EnvironmentEndpoint; SearchStrategy: all) did not find any beans (OnBeanCondition)

   EnvironmentEndpointAutoConfiguration#environmentEndpointWebExtension matched:
      - @ConditionalOnBean (types: org.springframework.boot.actuate.env.EnvironmentEndpoint; SearchStrategy: all) found bean 'environmentEndpoint'; @ConditionalOnMissingBean (types: org.springframework.boot.actuate.env.EnvironmentEndpointWebExtension; SearchStrategy: all) did not find any beans (OnBeanCondition)

   ErrorMvcAutoConfiguration matched:
      - @ConditionalOnClass found required classes 'javax.servlet.Servlet', 'org.springframework.web.servlet.DispatcherServlet' (OnClassCondition)
      - found 'session' scope (OnWebApplicationCondition)

   ErrorMvcAutoConfiguration#basicErrorController matched:
      - @ConditionalOnMissingBean (types: org.springframework.boot.web.servlet.error.ErrorController; SearchStrategy: current) did not find any beans (OnBeanCondition)

   ErrorMvcAutoConfiguration#errorAttributes matched:
      - @ConditionalOnMissingBean (types: org.springframework.boot.web.servlet.error.ErrorAttributes; SearchStrategy: current) did not find any beans (OnBeanCondition)

   ErrorMvcAutoConfiguration.DefaultErrorViewResolverConfiguration#conventionErrorViewResolver matched:
      - @ConditionalOnBean (types: org.springframework.web.servlet.DispatcherServlet; SearchStrategy: all) found bean 'dispatcherServlet'; @ConditionalOnMissingBean (types: org.springframework.boot.autoconfigure.web.servlet.error.ErrorViewResolver; SearchStrategy: all) did not find any beans (OnBeanCondition)

   ErrorMvcAutoConfiguration.WhitelabelErrorViewConfiguration matched:
      - @ConditionalOnProperty (server.error.whitelabel.enabled) matched (OnPropertyCondition)
      - ErrorTemplate Missing did not find error template view (ErrorMvcAutoConfiguration.ErrorTemplateMissingCondition)

   ErrorMvcAutoConfiguration.WhitelabelErrorViewConfiguration#beanNameViewResolver matched:
      - @ConditionalOnMissingBean (types: org.springframework.web.servlet.view.BeanNameViewResolver; SearchStrategy: all) did not find any beans (OnBeanCondition)

   ErrorMvcAutoConfiguration.WhitelabelErrorViewConfiguration#defaultErrorView matched:
      - @ConditionalOnMissingBean (names: error; SearchStrategy: all) did not find any beans (OnBeanCondition)

   GenericCacheConfiguration matched:
      - Cache org.springframework.boot.autoconfigure.cache.GenericCacheConfiguration automatic cache type (CacheCondition)

   GsonAutoConfiguration matched:
      - @ConditionalOnClass found required class 'com.google.gson.Gson' (OnClassCondition)

   GsonAutoConfiguration#gson matched:
      - @ConditionalOnMissingBean (types: com.google.gson.Gson; SearchStrategy: all) did not find any beans (OnBeanCondition)

   GsonAutoConfiguration#gsonBuilder matched:
      - @ConditionalOnMissingBean (types: com.google.gson.GsonBuilder; SearchStrategy: all) did not find any beans (OnBeanCondition)

   GsonHttpMessageConvertersConfiguration matched:
      - @ConditionalOnClass found required class 'com.google.gson.Gson' (OnClassCondition)

   H2ConsoleAutoConfiguration matched:
      - @ConditionalOnClass found required class 'org.h2.server.web.WebServlet' (OnClassCondition)
      - found 'session' scope (OnWebApplicationCondition)
      - @ConditionalOnProperty (spring.h2.console.enabled=true) matched (OnPropertyCondition)

   HealthContributorAutoConfiguration#pingHealthContributor matched:
      - @ConditionalOnEnabledHealthIndicator management.health.defaults.enabled is considered true (OnEnabledHealthIndicatorCondition)

   HealthEndpointAutoConfiguration matched:
      - @ConditionalOnAvailableEndpoint no property management.endpoint.health.enabled found so using endpoint default; @ConditionalOnAvailableEndpoint marked as exposed by a 'management.endpoints.web.exposure' property (OnAvailableEndpointCondition)

   HealthEndpointConfiguration#healthContributorRegistry matched:
      - @ConditionalOnMissingBean (types: org.springframework.boot.actuate.health.HealthContributorRegistry; SearchStrategy: all) did not find any beans (OnBeanCondition)

   HealthEndpointConfiguration#healthEndpoint matched:
      - @ConditionalOnMissingBean (types: org.springframework.boot.actuate.health.HealthEndpoint; SearchStrategy: all) did not find any beans (OnBeanCondition)

   HealthEndpointConfiguration#healthEndpointGroups matched:
      - @ConditionalOnMissingBean (types: org.springframework.boot.actuate.health.HealthEndpointGroups; SearchStrategy: all) did not find any beans (OnBeanCondition)

   HealthEndpointConfiguration#healthHttpCodeStatusMapper matched:
      - @ConditionalOnMissingBean (types: org.springframework.boot.actuate.health.HttpCodeStatusMapper; SearchStrategy: all) did not find any beans (OnBeanCondition)

   HealthEndpointConfiguration#healthStatusAggregator matched:
      - @ConditionalOnMissingBean (types: org.springframework.boot.actuate.health.StatusAggregator; SearchStrategy: all) did not find any beans (OnBeanCondition)

   HealthEndpointWebExtensionConfiguration matched:
      - found 'session' scope (OnWebApplicationCondition)
      - @ConditionalOnBean (types: org.springframework.boot.actuate.health.HealthEndpoint; SearchStrategy: all) found bean 'healthEndpoint' (OnBeanCondition)

   HealthEndpointWebExtensionConfiguration#healthEndpointWebExtension matched:
      - @ConditionalOnBean (types: org.springframework.boot.actuate.health.HealthEndpoint; SearchStrategy: all) found bean 'healthEndpoint'; @ConditionalOnMissingBean (types: org.springframework.boot.actuate.health.HealthEndpointWebExtension; SearchStrategy: all) did not find any beans (OnBeanCondition)

   HeapDumpWebEndpointAutoConfiguration matched:
      - @ConditionalOnAvailableEndpoint no property management.endpoint.heapdump.enabled found so using endpoint default; @ConditionalOnAvailableEndpoint marked as exposed by a 'management.endpoints.web.exposure' property (OnAvailableEndpointCondition)

   HeapDumpWebEndpointAutoConfiguration#heapDumpWebEndpoint matched:
      - @ConditionalOnMissingBean (types: org.springframework.boot.actuate.management.HeapDumpWebEndpoint; SearchStrategy: all) did not find any beans (OnBeanCondition)

   HibernateJpaAutoConfiguration matched:
      - @ConditionalOnClass found required classes 'org.springframework.orm.jpa.LocalContainerEntityManagerFactoryBean', 'javax.persistence.EntityManager', 'org.hibernate.engine.spi.SessionImplementor' (OnClassCondition)

   HibernateJpaConfiguration matched:
      - @ConditionalOnSingleCandidate (types: javax.sql.DataSource; SearchStrategy: all) found a primary bean from beans 'dataSource' (OnBeanCondition)

   HttpClientMetricsAutoConfiguration matched:
      - @ConditionalOnClass found required class 'io.micrometer.core.instrument.MeterRegistry' (OnClassCondition)
      - @ConditionalOnBean (types: io.micrometer.core.instrument.MeterRegistry; SearchStrategy: all) found bean 'simpleMeterRegistry' (OnBeanCondition)

   HttpEncodingAutoConfiguration matched:
      - @ConditionalOnClass found required class 'org.springframework.web.filter.CharacterEncodingFilter' (OnClassCondition)
      - found 'session' scope (OnWebApplicationCondition)
      - @ConditionalOnProperty (server.servlet.encoding.enabled) matched (OnPropertyCondition)

   HttpEncodingAutoConfiguration#characterEncodingFilter matched:
      - @ConditionalOnMissingBean (types: org.springframework.web.filter.CharacterEncodingFilter; SearchStrategy: all) did not find any beans (OnBeanCondition)

   HttpMessageConvertersAutoConfiguration matched:
      - @ConditionalOnClass found required class 'org.springframework.http.converter.HttpMessageConverter' (OnClassCondition)
      - NoneNestedConditions 0 matched 1 did not; NestedCondition on HttpMessageConvertersAutoConfiguration.NotReactiveWebApplicationCondition.ReactiveWebApplication did not find reactive web application classes (HttpMessageConvertersAutoConfiguration.NotReactiveWebApplicationCondition)

   HttpMessageConvertersAutoConfiguration#messageConverters matched:
      - @ConditionalOnMissingBean (types: org.springframework.boot.autoconfigure.http.HttpMessageConverters; SearchStrategy: all) did not find any beans (OnBeanCondition)

   HttpMessageConvertersAutoConfiguration.StringHttpMessageConverterConfiguration matched:
      - @ConditionalOnClass found required class 'org.springframework.http.converter.StringHttpMessageConverter' (OnClassCondition)

   HttpMessageConvertersAutoConfiguration.StringHttpMessageConverterConfiguration#stringHttpMessageConverter matched:
      - @ConditionalOnMissingBean (types: org.springframework.http.converter.StringHttpMessageConverter; SearchStrategy: all) did not find any beans (OnBeanCondition)

   HttpTraceEndpointAutoConfiguration matched:
      - @ConditionalOnAvailableEndpoint no property management.endpoint.httptrace.enabled found so using endpoint default; @ConditionalOnAvailableEndpoint marked as exposed by a 'management.endpoints.web.exposure' property (OnAvailableEndpointCondition)

   InfoContributorAutoConfiguration#envInfoContributor matched:
      - @ConditionalOnEnabledInfoContributor management.info.defaults.enabled is considered true (OnEnabledInfoContributorCondition)

   InfoEndpointAutoConfiguration matched:
      - @ConditionalOnAvailableEndpoint no property management.endpoint.info.enabled found so using endpoint default; @ConditionalOnAvailableEndpoint marked as exposed by a 'management.endpoints.web.exposure' property (OnAvailableEndpointCondition)

   InfoEndpointAutoConfiguration#infoEndpoint matched:
      - @ConditionalOnMissingBean (types: org.springframework.boot.actuate.info.InfoEndpoint; SearchStrategy: all) did not find any beans (OnBeanCondition)

   JacksonAutoConfiguration matched:
      - @ConditionalOnClass found required class 'com.fasterxml.jackson.databind.ObjectMapper' (OnClassCondition)

   JacksonAutoConfiguration.Jackson2ObjectMapperBuilderCustomizerConfiguration matched:
      - @ConditionalOnClass found required class 'org.springframework.http.converter.json.Jackson2ObjectMapperBuilder' (OnClassCondition)

   JacksonAutoConfiguration.JacksonObjectMapperBuilderConfiguration matched:
      - @ConditionalOnClass found required class 'org.springframework.http.converter.json.Jackson2ObjectMapperBuilder' (OnClassCondition)

   JacksonAutoConfiguration.JacksonObjectMapperBuilderConfiguration#jacksonObjectMapperBuilder matched:
      - @ConditionalOnMissingBean (types: org.springframework.http.converter.json.Jackson2ObjectMapperBuilder; SearchStrategy: all) did not find any beans (OnBeanCondition)

   JacksonAutoConfiguration.JacksonObjectMapperConfiguration matched:
      - @ConditionalOnClass found required class 'org.springframework.http.converter.json.Jackson2ObjectMapperBuilder' (OnClassCondition)

   JacksonAutoConfiguration.JacksonObjectMapperConfiguration#jacksonObjectMapper matched:
      - @ConditionalOnMissingBean (types: com.fasterxml.jackson.databind.ObjectMapper; SearchStrategy: all) did not find any beans (OnBeanCondition)

   JacksonAutoConfiguration.ParameterNamesModuleConfiguration matched:
      - @ConditionalOnClass found required class 'com.fasterxml.jackson.module.paramnames.ParameterNamesModule' (OnClassCondition)

   JacksonAutoConfiguration.ParameterNamesModuleConfiguration#parameterNamesModule matched:
      - @ConditionalOnMissingBean (types: com.fasterxml.jackson.module.paramnames.ParameterNamesModule; SearchStrategy: all) did not find any beans (OnBeanCondition)

   JacksonHttpMessageConvertersConfiguration.MappingJackson2HttpMessageConverterConfiguration matched:
      - @ConditionalOnClass found required class 'com.fasterxml.jackson.databind.ObjectMapper' (OnClassCondition)
      - @ConditionalOnProperty (spring.mvc.converters.preferred-json-mapper=jackson) matched (OnPropertyCondition)
      - @ConditionalOnBean (types: com.fasterxml.jackson.databind.ObjectMapper; SearchStrategy: all) found bean 'jacksonObjectMapper' (OnBeanCondition)

   JacksonHttpMessageConvertersConfiguration.MappingJackson2HttpMessageConverterConfiguration#mappingJackson2HttpMessageConverter matched:
      - @ConditionalOnMissingBean (types: org.springframework.http.converter.json.MappingJackson2HttpMessageConverter ignored: org.springframework.hateoas.server.mvc.TypeConstrainedMappingJackson2HttpMessageConverter,org.springframework.data.rest.webmvc.alps.AlpsJsonHttpMessageConverter; SearchStrategy: all) did not find any beans (OnBeanCondition)

   JdbcTemplateAutoConfiguration matched:
      - @ConditionalOnClass found required classes 'javax.sql.DataSource', 'org.springframework.jdbc.core.JdbcTemplate' (OnClassCondition)
      - @ConditionalOnSingleCandidate (types: javax.sql.DataSource; SearchStrategy: all) found a primary bean from beans 'dataSource' (OnBeanCondition)

   JdbcTemplateConfiguration matched:
      - @ConditionalOnMissingBean (types: org.springframework.jdbc.core.JdbcOperations; SearchStrategy: all) did not find any beans (OnBeanCondition)

   JpaBaseConfiguration#entityManagerFactory matched:
      - @ConditionalOnMissingBean (types: org.springframework.orm.jpa.LocalContainerEntityManagerFactoryBean,javax.persistence.EntityManagerFactory; SearchStrategy: all) did not find any beans (OnBeanCondition)

   JpaBaseConfiguration#entityManagerFactoryBuilder matched:
      - @ConditionalOnMissingBean (types: org.springframework.boot.orm.jpa.EntityManagerFactoryBuilder; SearchStrategy: all) did not find any beans (OnBeanCondition)

   JpaBaseConfiguration#jpaVendorAdapter matched:
      - @ConditionalOnMissingBean (types: org.springframework.orm.jpa.JpaVendorAdapter; SearchStrategy: all) did not find any beans (OnBeanCondition)

   JpaBaseConfiguration#transactionManager matched:
      - @ConditionalOnMissingBean (types: org.springframework.transaction.TransactionManager; SearchStrategy: all) did not find any beans (OnBeanCondition)

   JpaBaseConfiguration.JpaWebConfiguration matched:
      - @ConditionalOnClass found required class 'org.springframework.web.servlet.config.annotation.WebMvcConfigurer' (OnClassCondition)
      - found 'session' scope (OnWebApplicationCondition)
      - @ConditionalOnProperty (spring.jpa.open-in-view=true) matched (OnPropertyCondition)
      - @ConditionalOnMissingBean (types: org.springframework.orm.jpa.support.OpenEntityManagerInViewInterceptor,org.springframework.orm.jpa.support.OpenEntityManagerInViewFilter; SearchStrategy: all) did not find any beans (OnBeanCondition)

   JpaRepositoriesAutoConfiguration matched:
      - @ConditionalOnClass found required class 'org.springframework.data.jpa.repository.JpaRepository' (OnClassCondition)
      - @ConditionalOnProperty (spring.data.jpa.repositories.enabled=true) matched (OnPropertyCondition)
      - @ConditionalOnBean (types: javax.sql.DataSource; SearchStrategy: all) found bean 'dataSource'; @ConditionalOnMissingBean (types: org.springframework.data.jpa.repository.support.JpaRepositoryFactoryBean,org.springframework.data.jpa.repository.config.JpaRepositoryConfigExtension; SearchStrategy: all) did not find any beans (OnBeanCondition)

   JtaAutoConfiguration matched:
      - @ConditionalOnClass found required class 'javax.transaction.Transaction' (OnClassCondition)
      - @ConditionalOnProperty (spring.jta.enabled) matched (OnPropertyCondition)

   JvmMetricsAutoConfiguration matched:
      - @ConditionalOnClass found required class 'io.micrometer.core.instrument.MeterRegistry' (OnClassCondition)
      - @ConditionalOnBean (types: io.micrometer.core.instrument.MeterRegistry; SearchStrategy: all) found bean 'simpleMeterRegistry' (OnBeanCondition)

   JvmMetricsAutoConfiguration#classLoaderMetrics matched:
      - @ConditionalOnMissingBean (types: io.micrometer.core.instrument.binder.jvm.ClassLoaderMetrics; SearchStrategy: all) did not find any beans (OnBeanCondition)

   JvmMetricsAutoConfiguration#jvmGcMetrics matched:
      - @ConditionalOnMissingBean (types: io.micrometer.core.instrument.binder.jvm.JvmGcMetrics; SearchStrategy: all) did not find any beans (OnBeanCondition)

   JvmMetricsAutoConfiguration#jvmMemoryMetrics matched:
      - @ConditionalOnMissingBean (types: io.micrometer.core.instrument.binder.jvm.JvmMemoryMetrics; SearchStrategy: all) did not find any beans (OnBeanCondition)

   JvmMetricsAutoConfiguration#jvmThreadMetrics matched:
      - @ConditionalOnMissingBean (types: io.micrometer.core.instrument.binder.jvm.JvmThreadMetrics; SearchStrategy: all) did not find any beans (OnBeanCondition)

   LifecycleAutoConfiguration#defaultLifecycleProcessor matched:
      - @ConditionalOnMissingBean (names: lifecycleProcessor; SearchStrategy: current) did not find any beans (OnBeanCondition)

   LogFileWebEndpointAutoConfiguration matched:
      - @ConditionalOnAvailableEndpoint no property management.endpoint.logfile.enabled found so using endpoint default; @ConditionalOnAvailableEndpoint marked as exposed by a 'management.endpoints.web.exposure' property (OnAvailableEndpointCondition)

   LogbackMetricsAutoConfiguration matched:
      - @ConditionalOnClass found required classes 'io.micrometer.core.instrument.MeterRegistry', 'ch.qos.logback.classic.LoggerContext', 'org.slf4j.LoggerFactory' (OnClassCondition)
      - LogbackLoggingCondition ILoggerFactory is a Logback LoggerContext (LogbackMetricsAutoConfiguration.LogbackLoggingCondition)
      - @ConditionalOnBean (types: io.micrometer.core.instrument.MeterRegistry; SearchStrategy: all) found bean 'simpleMeterRegistry' (OnBeanCondition)

   LogbackMetricsAutoConfiguration#logbackMetrics matched:
      - @ConditionalOnMissingBean (types: io.micrometer.core.instrument.binder.logging.LogbackMetrics; SearchStrategy: all) did not find any beans (OnBeanCondition)

   LoggersEndpointAutoConfiguration matched:
      - @ConditionalOnAvailableEndpoint no property management.endpoint.loggers.enabled found so using endpoint default; @ConditionalOnAvailableEndpoint marked as exposed by a 'management.endpoints.web.exposure' property (OnAvailableEndpointCondition)

   LoggersEndpointAutoConfiguration#loggersEndpoint matched:
      - Logging System enabled (LoggersEndpointAutoConfiguration.OnEnabledLoggingSystemCondition)
      - @ConditionalOnBean (types: org.springframework.boot.logging.LoggingSystem; SearchStrategy: all) found bean 'springBootLoggingSystem'; @ConditionalOnMissingBean (types: org.springframework.boot.actuate.logging.LoggersEndpoint; SearchStrategy: all) did not find any beans (OnBeanCondition)

   ManagementContextAutoConfiguration.SameManagementContextConfiguration matched:
      - Management Port actual port type (SAME) matched required type (OnManagementPortCondition)

   MappingsEndpointAutoConfiguration matched:
      - @ConditionalOnAvailableEndpoint no property management.endpoint.mappings.enabled found so using endpoint default; @ConditionalOnAvailableEndpoint marked as exposed by a 'management.endpoints.web.exposure' property (OnAvailableEndpointCondition)

   MappingsEndpointAutoConfiguration.ServletWebConfiguration matched:
      - found 'session' scope (OnWebApplicationCondition)

   MappingsEndpointAutoConfiguration.ServletWebConfiguration.SpringMvcConfiguration matched:
      - @ConditionalOnClass found required class 'org.springframework.web.servlet.DispatcherServlet' (OnClassCondition)
      - @ConditionalOnBean (types: org.springframework.web.servlet.DispatcherServlet; SearchStrategy: all) found bean 'dispatcherServlet' (OnBeanCondition)

   MetricsAutoConfiguration matched:
      - @ConditionalOnClass found required class 'io.micrometer.core.annotation.Timed' (OnClassCondition)

   MetricsAutoConfiguration#micrometerClock matched:
      - @ConditionalOnMissingBean (types: io.micrometer.core.instrument.Clock; SearchStrategy: all) did not find any beans (OnBeanCondition)

   MetricsEndpointAutoConfiguration matched:
      - @ConditionalOnClass found required class 'io.micrometer.core.annotation.Timed' (OnClassCondition)
      - @ConditionalOnAvailableEndpoint no property management.endpoint.metrics.enabled found so using endpoint default; @ConditionalOnAvailableEndpoint marked as exposed by a 'management.endpoints.web.exposure' property (OnAvailableEndpointCondition)

   MetricsEndpointAutoConfiguration#metricsEndpoint matched:
      - @ConditionalOnBean (types: io.micrometer.core.instrument.MeterRegistry; SearchStrategy: all) found bean 'simpleMeterRegistry'; @ConditionalOnMissingBean (types: org.springframework.boot.actuate.metrics.MetricsEndpoint; SearchStrategy: all) did not find any beans (OnBeanCondition)

   MultipartAutoConfiguration matched:
      - @ConditionalOnClass found required classes 'javax.servlet.Servlet', 'org.springframework.web.multipart.support.StandardServletMultipartResolver', 'javax.servlet.MultipartConfigElement' (OnClassCondition)
      - found 'session' scope (OnWebApplicationCondition)
      - @ConditionalOnProperty (spring.servlet.multipart.enabled) matched (OnPropertyCondition)

   MultipartAutoConfiguration#multipartConfigElement matched:
      - @ConditionalOnMissingBean (types: javax.servlet.MultipartConfigElement,org.springframework.web.multipart.commons.CommonsMultipartResolver; SearchStrategy: all) did not find any beans (OnBeanCondition)

   MultipartAutoConfiguration#multipartResolver matched:
      - @ConditionalOnMissingBean (types: org.springframework.web.multipart.MultipartResolver; SearchStrategy: all) did not find any beans (OnBeanCondition)

   NamedParameterJdbcTemplateConfiguration matched:
      - @ConditionalOnSingleCandidate (types: org.springframework.jdbc.core.JdbcTemplate; SearchStrategy: all) found a primary bean from beans 'jdbcTemplate'; @ConditionalOnMissingBean (types: org.springframework.jdbc.core.namedparam.NamedParameterJdbcOperations; SearchStrategy: all) did not find any beans (OnBeanCondition)

   NoOpCacheConfiguration matched:
      - Cache org.springframework.boot.autoconfigure.cache.NoOpCacheConfiguration automatic cache type (CacheCondition)

   PersistenceExceptionTranslationAutoConfiguration matched:
      - @ConditionalOnClass found required class 'org.springframework.dao.annotation.PersistenceExceptionTranslationPostProcessor' (OnClassCondition)

   PersistenceExceptionTranslationAutoConfiguration#persistenceExceptionTranslationPostProcessor matched:
      - @ConditionalOnProperty (spring.dao.exceptiontranslation.enabled) matched (OnPropertyCondition)
      - @ConditionalOnMissingBean (types: org.springframework.dao.annotation.PersistenceExceptionTranslationPostProcessor; SearchStrategy: all) did not find any beans (OnBeanCondition)

   PropertyPlaceholderAutoConfiguration#propertySourcesPlaceholderConfigurer matched:
      - @ConditionalOnMissingBean (types: org.springframework.context.support.PropertySourcesPlaceholderConfigurer; SearchStrategy: current) did not find any beans (OnBeanCondition)

   RepositoryMetricsAutoConfiguration matched:
      - @ConditionalOnClass found required class 'org.springframework.data.repository.Repository' (OnClassCondition)
      - @ConditionalOnBean (types: io.micrometer.core.instrument.MeterRegistry; SearchStrategy: all) found bean 'simpleMeterRegistry' (OnBeanCondition)

   RepositoryMetricsAutoConfiguration#metricsRepositoryMethodInvocationListener matched:
      - @ConditionalOnMissingBean (types: org.springframework.boot.actuate.metrics.data.MetricsRepositoryMethodInvocationListener; SearchStrategy: all) did not find any beans (OnBeanCondition)

   RepositoryMetricsAutoConfiguration#repositoryTagsProvider matched:
      - @ConditionalOnMissingBean (types: org.springframework.boot.actuate.metrics.data.RepositoryTagsProvider; SearchStrategy: all) did not find any beans (OnBeanCondition)

   RestTemplateAutoConfiguration matched:
      - @ConditionalOnClass found required class 'org.springframework.web.client.RestTemplate' (OnClassCondition)
      - NoneNestedConditions 0 matched 1 did not; NestedCondition on RestTemplateAutoConfiguration.NotReactiveWebApplicationCondition.ReactiveWebApplication did not find reactive web application classes (RestTemplateAutoConfiguration.NotReactiveWebApplicationCondition)

   RestTemplateAutoConfiguration#restTemplateBuilder matched:
      - @ConditionalOnMissingBean (types: org.springframework.boot.web.client.RestTemplateBuilder; SearchStrategy: all) did not find any beans (OnBeanCondition)

   RestTemplateAutoConfiguration#restTemplateBuilderConfigurer matched:
      - @ConditionalOnMissingBean (types: org.springframework.boot.autoconfigure.web.client.RestTemplateBuilderConfigurer; SearchStrategy: all) did not find any beans (OnBeanCondition)

   RestTemplateMetricsConfiguration matched:
      - @ConditionalOnClass found required class 'org.springframework.web.client.RestTemplate' (OnClassCondition)
      - @ConditionalOnBean (types: org.springframework.boot.web.client.RestTemplateBuilder; SearchStrategy: all) found bean 'restTemplateBuilder' (OnBeanCondition)

   RestTemplateMetricsConfiguration#restTemplateExchangeTagsProvider matched:
      - @ConditionalOnMissingBean (types: org.springframework.boot.actuate.metrics.web.client.RestTemplateExchangeTagsProvider; SearchStrategy: all) did not find any beans (OnBeanCondition)

   ScheduledTasksEndpointAutoConfiguration matched:
      - @ConditionalOnAvailableEndpoint no property management.endpoint.scheduledtasks.enabled found so using endpoint default; @ConditionalOnAvailableEndpoint marked as exposed by a 'management.endpoints.web.exposure' property (OnAvailableEndpointCondition)

   ScheduledTasksEndpointAutoConfiguration#scheduledTasksEndpoint matched:
      - @ConditionalOnMissingBean (types: org.springframework.boot.actuate.scheduling.ScheduledTasksEndpoint; SearchStrategy: all) did not find any beans (OnBeanCondition)

   SecurityAutoConfiguration matched:
      - @ConditionalOnClass found required class 'org.springframework.security.authentication.DefaultAuthenticationEventPublisher' (OnClassCondition)

   SecurityAutoConfiguration#authenticationEventPublisher matched:
      - @ConditionalOnMissingBean (types: org.springframework.security.authentication.AuthenticationEventPublisher; SearchStrategy: all) did not find any beans (OnBeanCondition)

   SecurityFilterAutoConfiguration matched:
      - @ConditionalOnClass found required classes 'org.springframework.security.web.context.AbstractSecurityWebApplicationInitializer', 'org.springframework.security.config.http.SessionCreationPolicy' (OnClassCondition)
      - found 'session' scope (OnWebApplicationCondition)

   SecurityFilterAutoConfiguration#securityFilterChainRegistration matched:
      - @ConditionalOnBean (names: springSecurityFilterChain; SearchStrategy: all) found bean 'springSecurityFilterChain' (OnBeanCondition)

   SecurityRequestMatchersManagementContextConfiguration matched:
      - @ConditionalOnClass found required class 'org.springframework.security.web.util.matcher.RequestMatcher' (OnClassCondition)
      - found 'session' scope (OnWebApplicationCondition)

   SecurityRequestMatchersManagementContextConfiguration.MvcRequestMatcherConfiguration matched:
      - @ConditionalOnClass found required class 'org.springframework.web.servlet.DispatcherServlet' (OnClassCondition)
      - @ConditionalOnBean (types: org.springframework.boot.autoconfigure.web.servlet.DispatcherServletPath; SearchStrategy: all) found bean 'dispatcherServletRegistration' (OnBeanCondition)

   SecurityRequestMatchersManagementContextConfiguration.MvcRequestMatcherConfiguration#requestMatcherProvider matched:
      - @ConditionalOnClass found required class 'org.springframework.web.servlet.DispatcherServlet' (OnClassCondition)
      - @ConditionalOnMissingBean (types: org.springframework.boot.autoconfigure.security.servlet.RequestMatcherProvider; SearchStrategy: all) did not find any beans (OnBeanCondition)

   ServletEndpointManagementContextConfiguration matched:
      - found 'session' scope (OnWebApplicationCondition)

   ServletEndpointManagementContextConfiguration.WebMvcServletEndpointManagementContextConfiguration matched:
      - @ConditionalOnClass found required class 'org.springframework.web.servlet.DispatcherServlet' (OnClassCondition)

   ServletManagementContextAutoConfiguration matched:
      - @ConditionalOnClass found required class 'javax.servlet.Servlet' (OnClassCondition)
      - found 'session' scope (OnWebApplicationCondition)

   ServletWebServerFactoryAutoConfiguration matched:
      - @ConditionalOnClass found required class 'javax.servlet.ServletRequest' (OnClassCondition)
      - found 'session' scope (OnWebApplicationCondition)

   ServletWebServerFactoryAutoConfiguration#tomcatServletWebServerFactoryCustomizer matched:
      - @ConditionalOnClass found required class 'org.apache.catalina.startup.Tomcat' (OnClassCondition)

   ServletWebServerFactoryConfiguration.EmbeddedTomcat matched:
      - @ConditionalOnClass found required classes 'javax.servlet.Servlet', 'org.apache.catalina.startup.Tomcat', 'org.apache.coyote.UpgradeProtocol' (OnClassCondition)
      - @ConditionalOnMissingBean (types: org.springframework.boot.web.servlet.server.ServletWebServerFactory; SearchStrategy: current) did not find any beans (OnBeanCondition)

   ShutdownEndpointAutoConfiguration matched:
      - @ConditionalOnAvailableEndpoint found property management.endpoint.shutdown.enabled with value true; @ConditionalOnAvailableEndpoint marked as exposed by a 'management.endpoints.web.exposure' property (OnAvailableEndpointCondition)

   ShutdownEndpointAutoConfiguration#shutdownEndpoint matched:
      - @ConditionalOnMissingBean (types: org.springframework.boot.actuate.context.ShutdownEndpoint; SearchStrategy: all) did not find any beans (OnBeanCondition)

   SimpleCacheConfiguration matched:
      - Cache org.springframework.boot.autoconfigure.cache.SimpleCacheConfiguration automatic cache type (CacheCondition)

   SimpleMetricsExportAutoConfiguration matched:
      - @ConditionalOnEnabledMetricsExport management.metrics.export.defaults.enabled is considered true (OnMetricsExportEnabledCondition)
      - @ConditionalOnBean (types: io.micrometer.core.instrument.Clock; SearchStrategy: all) found bean 'micrometerClock'; @ConditionalOnMissingBean (types: io.micrometer.core.instrument.MeterRegistry; SearchStrategy: all) did not find any beans (OnBeanCondition)

   SimpleMetricsExportAutoConfiguration#simpleConfig matched:
      - @ConditionalOnMissingBean (types: io.micrometer.core.instrument.simple.SimpleConfig; SearchStrategy: all) did not find any beans (OnBeanCondition)

   SpringDataWebAutoConfiguration matched:
      - @ConditionalOnClass found required classes 'org.springframework.data.web.PageableHandlerMethodArgumentResolver', 'org.springframework.web.servlet.config.annotation.WebMvcConfigurer' (OnClassCondition)
      - found 'session' scope (OnWebApplicationCondition)
      - @ConditionalOnMissingBean (types: org.springframework.data.web.PageableHandlerMethodArgumentResolver; SearchStrategy: all) did not find any beans (OnBeanCondition)

   SpringDataWebAutoConfiguration#pageableCustomizer matched:
      - @ConditionalOnMissingBean (types: org.springframework.data.web.config.PageableHandlerMethodArgumentResolverCustomizer; SearchStrategy: all) did not find any beans (OnBeanCondition)

   SpringDataWebAutoConfiguration#sortCustomizer matched:
      - @ConditionalOnMissingBean (types: org.springframework.data.web.config.SortHandlerMethodArgumentResolverCustomizer; SearchStrategy: all) did not find any beans (OnBeanCondition)

   SqlInitializationAutoConfiguration matched:
      - @ConditionalOnProperty (spring.sql.init.enabled) matched (OnPropertyCondition)
      - NoneNestedConditions 0 matched 1 did not; NestedCondition on SqlInitializationAutoConfiguration.SqlInitializationModeCondition.ModeIsNever @ConditionalOnProperty (spring.sql.init.mode=never) did not find property 'mode' (SqlInitializationAutoConfiguration.SqlInitializationModeCondition)
      - @ConditionalOnMissingBean (types: org.springframework.boot.sql.init.AbstractScriptDatabaseInitializer; SearchStrategy: all) did not find any beans (OnBeanCondition)

   SystemMetricsAutoConfiguration matched:
      - @ConditionalOnClass found required class 'io.micrometer.core.instrument.MeterRegistry' (OnClassCondition)
      - @ConditionalOnBean (types: io.micrometer.core.instrument.MeterRegistry; SearchStrategy: all) found bean 'simpleMeterRegistry' (OnBeanCondition)

   SystemMetricsAutoConfiguration#fileDescriptorMetrics matched:
      - @ConditionalOnMissingBean (types: io.micrometer.core.instrument.binder.system.FileDescriptorMetrics; SearchStrategy: all) did not find any beans (OnBeanCondition)

   SystemMetricsAutoConfiguration#processorMetrics matched:
      - @ConditionalOnMissingBean (types: io.micrometer.core.instrument.binder.system.ProcessorMetrics; SearchStrategy: all) did not find any beans (OnBeanCondition)

   SystemMetricsAutoConfiguration#uptimeMetrics matched:
      - @ConditionalOnMissingBean (types: io.micrometer.core.instrument.binder.system.UptimeMetrics; SearchStrategy: all) did not find any beans (OnBeanCondition)

   TaskExecutionAutoConfiguration matched:
      - @ConditionalOnClass found required class 'org.springframework.scheduling.concurrent.ThreadPoolTaskExecutor' (OnClassCondition)

   TaskExecutionAutoConfiguration#applicationTaskExecutor matched:
      - @ConditionalOnMissingBean (types: java.util.concurrent.Executor; SearchStrategy: all) did not find any beans (OnBeanCondition)

   TaskExecutionAutoConfiguration#taskExecutorBuilder matched:
      - @ConditionalOnMissingBean (types: org.springframework.boot.task.TaskExecutorBuilder; SearchStrategy: all) did not find any beans (OnBeanCondition)

   TaskSchedulingAutoConfiguration matched:
      - @ConditionalOnClass found required class 'org.springframework.scheduling.concurrent.ThreadPoolTaskScheduler' (OnClassCondition)

   TaskSchedulingAutoConfiguration#taskSchedulerBuilder matched:
      - @ConditionalOnMissingBean (types: org.springframework.boot.task.TaskSchedulerBuilder; SearchStrategy: all) did not find any beans (OnBeanCondition)

   ThreadDumpEndpointAutoConfiguration matched:
      - @ConditionalOnAvailableEndpoint no property management.endpoint.threaddump.enabled found so using endpoint default; @ConditionalOnAvailableEndpoint marked as exposed by a 'management.endpoints.web.exposure' property (OnAvailableEndpointCondition)

   ThreadDumpEndpointAutoConfiguration#dumpEndpoint matched:
      - @ConditionalOnMissingBean (types: org.springframework.boot.actuate.management.ThreadDumpEndpoint; SearchStrategy: all) did not find any beans (OnBeanCondition)

   TomcatMetricsAutoConfiguration matched:
      - @ConditionalOnClass found required classes 'io.micrometer.core.instrument.binder.tomcat.TomcatMetrics', 'org.apache.catalina.Manager' (OnClassCondition)
      - @ConditionalOnWebApplication (required) found 'session' scope (OnWebApplicationCondition)

   TomcatMetricsAutoConfiguration#tomcatMetricsBinder matched:
      - @ConditionalOnBean (types: io.micrometer.core.instrument.MeterRegistry; SearchStrategy: all) found bean 'simpleMeterRegistry'; @ConditionalOnMissingBean (types: io.micrometer.core.instrument.binder.tomcat.TomcatMetrics,org.springframework.boot.actuate.metrics.web.tomcat.TomcatMetricsBinder; SearchStrategy: all) did not find any beans (OnBeanCondition)

   TransactionAutoConfiguration matched:
      - @ConditionalOnClass found required class 'org.springframework.transaction.PlatformTransactionManager' (OnClassCondition)

   TransactionAutoConfiguration#platformTransactionManagerCustomizers matched:
      - @ConditionalOnMissingBean (types: org.springframework.boot.autoconfigure.transaction.TransactionManagerCustomizers; SearchStrategy: all) did not find any beans (OnBeanCondition)

   TransactionAutoConfiguration.EnableTransactionManagementConfiguration matched:
      - @ConditionalOnBean (types: org.springframework.transaction.TransactionManager; SearchStrategy: all) found bean 'transactionManager'; @ConditionalOnMissingBean (types: org.springframework.transaction.annotation.AbstractTransactionManagementConfiguration; SearchStrategy: all) did not find any beans (OnBeanCondition)

   TransactionAutoConfiguration.EnableTransactionManagementConfiguration.CglibAutoProxyConfiguration matched:
      - @ConditionalOnProperty (spring.aop.proxy-target-class=true) matched (OnPropertyCondition)

   TransactionAutoConfiguration.TransactionTemplateConfiguration matched:
      - @ConditionalOnSingleCandidate (types: org.springframework.transaction.PlatformTransactionManager; SearchStrategy: all) found a primary bean from beans 'transactionManager' (OnBeanCondition)

   TransactionAutoConfiguration.TransactionTemplateConfiguration#transactionTemplate matched:
      - @ConditionalOnMissingBean (types: org.springframework.transaction.support.TransactionOperations; SearchStrategy: all) did not find any beans (OnBeanCondition)

   ValidationAutoConfiguration matched:
      - @ConditionalOnClass found required class 'javax.validation.executable.ExecutableValidator' (OnClassCondition)
      - @ConditionalOnResource found location classpath:META-INF/services/javax.validation.spi.ValidationProvider (OnResourceCondition)

   ValidationAutoConfiguration#defaultValidator matched:
      - @ConditionalOnMissingBean (types: javax.validation.Validator; SearchStrategy: all) did not find any beans (OnBeanCondition)

   ValidationAutoConfiguration#methodValidationPostProcessor matched:
      - @ConditionalOnMissingBean (types: org.springframework.validation.beanvalidation.MethodValidationPostProcessor; SearchStrategy: all) did not find any beans (OnBeanCondition)

   WebEndpointAutoConfiguration matched:
      - @ConditionalOnWebApplication (required) found 'session' scope (OnWebApplicationCondition)

   WebEndpointAutoConfiguration#controllerEndpointDiscoverer matched:
      - @ConditionalOnMissingBean (types: org.springframework.boot.actuate.endpoint.web.annotation.ControllerEndpointsSupplier; SearchStrategy: all) did not find any beans (OnBeanCondition)

   WebEndpointAutoConfiguration#endpointMediaTypes matched:
      - @ConditionalOnMissingBean (types: org.springframework.boot.actuate.endpoint.web.EndpointMediaTypes; SearchStrategy: all) did not find any beans (OnBeanCondition)

   WebEndpointAutoConfiguration#pathMappedEndpoints matched:
      - @ConditionalOnMissingBean (types: org.springframework.boot.actuate.endpoint.web.PathMappedEndpoints; SearchStrategy: all) did not find any beans (OnBeanCondition)

   WebEndpointAutoConfiguration#webEndpointDiscoverer matched:
      - @ConditionalOnMissingBean (types: org.springframework.boot.actuate.endpoint.web.WebEndpointsSupplier; SearchStrategy: all) did not find any beans (OnBeanCondition)

   WebEndpointAutoConfiguration.WebEndpointServletConfiguration matched:
      - found 'session' scope (OnWebApplicationCondition)

   WebEndpointAutoConfiguration.WebEndpointServletConfiguration#servletEndpointDiscoverer matched:
      - @ConditionalOnMissingBean (types: org.springframework.boot.actuate.endpoint.web.annotation.ServletEndpointsSupplier; SearchStrategy: all) did not find any beans (OnBeanCondition)

   WebMvcAutoConfiguration matched:
      - @ConditionalOnClass found required classes 'javax.servlet.Servlet', 'org.springframework.web.servlet.DispatcherServlet', 'org.springframework.web.servlet.config.annotation.WebMvcConfigurer' (OnClassCondition)
      - found 'session' scope (OnWebApplicationCondition)
      - @ConditionalOnMissingBean (types: org.springframework.web.servlet.config.annotation.WebMvcConfigurationSupport; SearchStrategy: all) did not find any beans (OnBeanCondition)

   WebMvcAutoConfiguration#formContentFilter matched:
      - @ConditionalOnProperty (spring.mvc.formcontent.filter.enabled) matched (OnPropertyCondition)
      - @ConditionalOnMissingBean (types: org.springframework.web.filter.FormContentFilter; SearchStrategy: all) did not find any beans (OnBeanCondition)

   WebMvcAutoConfiguration.EnableWebMvcConfiguration#flashMapManager matched:
      - @ConditionalOnMissingBean (names: flashMapManager; SearchStrategy: all) did not find any beans (OnBeanCondition)

   WebMvcAutoConfiguration.EnableWebMvcConfiguration#localeResolver matched:
      - @ConditionalOnMissingBean (names: localeResolver; SearchStrategy: all) did not find any beans (OnBeanCondition)

   WebMvcAutoConfiguration.EnableWebMvcConfiguration#themeResolver matched:
      - @ConditionalOnMissingBean (names: themeResolver; SearchStrategy: all) did not find any beans (OnBeanCondition)

   WebMvcAutoConfiguration.WebMvcAutoConfigurationAdapter#defaultViewResolver matched:
      - @ConditionalOnMissingBean (types: org.springframework.web.servlet.view.InternalResourceViewResolver; SearchStrategy: all) did not find any beans (OnBeanCondition)

   WebMvcAutoConfiguration.WebMvcAutoConfigurationAdapter#requestContextFilter matched:
      - @ConditionalOnMissingBean (types: org.springframework.web.context.request.RequestContextListener,org.springframework.web.filter.RequestContextFilter; SearchStrategy: all) did not find any beans (OnBeanCondition)

   WebMvcAutoConfiguration.WebMvcAutoConfigurationAdapter#viewResolver matched:
      - @ConditionalOnBean (types: org.springframework.web.servlet.ViewResolver; SearchStrategy: all) found beans 'defaultViewResolver', 'beanNameViewResolver', 'mvcViewResolver'; @ConditionalOnMissingBean (names: viewResolver types: org.springframework.web.servlet.view.ContentNegotiatingViewResolver; SearchStrategy: all) did not find any beans (OnBeanCondition)

   WebMvcEndpointManagementContextConfiguration matched:
      - @ConditionalOnClass found required class 'org.springframework.web.servlet.DispatcherServlet' (OnClassCondition)
      - found 'session' scope (OnWebApplicationCondition)
      - @ConditionalOnBean (types: org.springframework.web.servlet.DispatcherServlet,org.springframework.boot.actuate.endpoint.web.WebEndpointsSupplier; SearchStrategy: all) found beans 'webEndpointDiscoverer', 'dispatcherServlet' (OnBeanCondition)

   WebMvcEndpointManagementContextConfiguration#controllerEndpointHandlerMapping matched:
      - @ConditionalOnMissingBean (types: org.springframework.boot.actuate.endpoint.web.servlet.ControllerEndpointHandlerMapping; SearchStrategy: all) did not find any beans (OnBeanCondition)

   WebMvcEndpointManagementContextConfiguration#webEndpointServletHandlerMapping matched:
      - @ConditionalOnMissingBean (types: org.springframework.boot.actuate.endpoint.web.servlet.WebMvcEndpointHandlerMapping; SearchStrategy: all) did not find any beans (OnBeanCondition)

   WebMvcMetricsAutoConfiguration matched:
      - @ConditionalOnClass found required class 'org.springframework.web.servlet.DispatcherServlet' (OnClassCondition)
      - found 'session' scope (OnWebApplicationCondition)
      - @ConditionalOnBean (types: io.micrometer.core.instrument.MeterRegistry; SearchStrategy: all) found bean 'simpleMeterRegistry' (OnBeanCondition)

   WebMvcMetricsAutoConfiguration#webMvcTagsProvider matched:
      - @ConditionalOnMissingBean (types: org.springframework.boot.actuate.metrics.web.servlet.WebMvcTagsProvider; SearchStrategy: all) did not find any beans (OnBeanCondition)

   WebSocketServletAutoConfiguration matched:
      - @ConditionalOnClass found required classes 'javax.servlet.Servlet', 'javax.websocket.server.ServerContainer' (OnClassCondition)
      - found 'session' scope (OnWebApplicationCondition)

   WebSocketServletAutoConfiguration.TomcatWebSocketConfiguration matched:
      - @ConditionalOnClass found required classes 'org.apache.catalina.startup.Tomcat', 'org.apache.tomcat.websocket.server.WsSci' (OnClassCondition)

   WebSocketServletAutoConfiguration.TomcatWebSocketConfiguration#websocketServletWebServerCustomizer matched:
      - @ConditionalOnMissingBean (names: websocketServletWebServerCustomizer; SearchStrategy: all) did not find any beans (OnBeanCondition)


Negative matches:
-----------------

   ActiveMQAutoConfiguration:
      Did not match:
         - @ConditionalOnClass did not find required class 'javax.jms.ConnectionFactory' (OnClassCondition)

   AopAutoConfiguration.AspectJAutoProxyingConfiguration.JdkDynamicAutoProxyConfiguration:
      Did not match:
         - @ConditionalOnProperty (spring.aop.proxy-target-class=false) did not find property 'proxy-target-class' (OnPropertyCondition)

   AopAutoConfiguration.ClassProxyingConfiguration:
      Did not match:
         - @ConditionalOnMissingClass found unwanted class 'org.aspectj.weaver.Advice' (OnClassCondition)

   AppOpticsMetricsExportAutoConfiguration:
      Did not match:
         - @ConditionalOnClass did not find required class 'io.micrometer.appoptics.AppOpticsMeterRegistry' (OnClassCondition)

   ArtemisAutoConfiguration:
      Did not match:
         - @ConditionalOnClass did not find required class 'javax.jms.ConnectionFactory' (OnClassCondition)

   AtlasMetricsExportAutoConfiguration:
      Did not match:
         - @ConditionalOnClass did not find required class 'io.micrometer.atlas.AtlasMeterRegistry' (OnClassCondition)

   AtomikosJtaConfiguration:
      Did not match:
         - @ConditionalOnClass did not find required class 'com.atomikos.icatch.jta.UserTransactionManager' (OnClassCondition)

   AuditAutoConfiguration:
      Did not match:
         - @ConditionalOnBean (types: org.springframework.boot.actuate.audit.AuditEventRepository; SearchStrategy: all) did not find any beans of type org.springframework.boot.actuate.audit.AuditEventRepository (OnBeanCondition)
      Matched:
         - @ConditionalOnProperty (management.auditevents.enabled) matched (OnPropertyCondition)

   AuditEventsEndpointAutoConfiguration#auditEventsEndpoint:
      Did not match:
         - @ConditionalOnBean (types: org.springframework.boot.actuate.audit.AuditEventRepository; SearchStrategy: all) did not find any beans of type org.springframework.boot.actuate.audit.AuditEventRepository (OnBeanCondition)

   AvailabilityHealthContributorAutoConfiguration#livenessStateHealthIndicator:
      Did not match:
         - @ConditionalOnProperty (management.health.livenessstate.enabled=true) did not find property 'enabled' (OnPropertyCondition)

   AvailabilityHealthContributorAutoConfiguration#readinessStateHealthIndicator:
      Did not match:
         - @ConditionalOnProperty (management.health.readinessstate.enabled=true) did not find property 'enabled' (OnPropertyCondition)

   AvailabilityProbesAutoConfiguration:
      Did not match:
         - Probes availability not running on a supported cloud platform (AvailabilityProbesAutoConfiguration.ProbesCondition)

   BatchAutoConfiguration:
      Did not match:
         - @ConditionalOnClass did not find required class 'org.springframework.batch.core.launch.JobLauncher' (OnClassCondition)

   CacheAutoConfiguration:
      Did not match:
         - @ConditionalOnBean (types: org.springframework.cache.interceptor.CacheAspectSupport; SearchStrategy: all) did not find any beans of type org.springframework.cache.interceptor.CacheAspectSupport (OnBeanCondition)
      Matched:
         - @ConditionalOnClass found required class 'org.springframework.cache.CacheManager' (OnClassCondition)

   CacheAutoConfiguration.CacheManagerEntityManagerFactoryDependsOnPostProcessor:
      Did not match:
         - Ancestor org.springframework.boot.autoconfigure.cache.CacheAutoConfiguration did not match (ConditionEvaluationReport.AncestorsMatchedCondition)
      Matched:
         - @ConditionalOnClass found required class 'org.springframework.orm.jpa.LocalContainerEntityManagerFactoryBean' (OnClassCondition)

   CacheMeterBinderProvidersConfiguration.CaffeineCacheMeterBinderProviderConfiguration:
      Did not match:
         - @ConditionalOnClass did not find required classes 'org.springframework.cache.caffeine.CaffeineCache', 'com.github.benmanes.caffeine.cache.Cache' (OnClassCondition)

   CacheMeterBinderProvidersConfiguration.EhCache2CacheMeterBinderProviderConfiguration:
      Did not match:
         - @ConditionalOnClass did not find required classes 'org.springframework.cache.ehcache.EhCacheCache', 'net.sf.ehcache.Ehcache' (OnClassCondition)

   CacheMeterBinderProvidersConfiguration.HazelcastCacheMeterBinderProviderConfiguration:
      Did not match:
         - @ConditionalOnClass did not find required classes 'com.hazelcast.spring.cache.HazelcastCache', 'com.hazelcast.core.Hazelcast' (OnClassCondition)

   CacheMeterBinderProvidersConfiguration.JCacheCacheMeterBinderProviderConfiguration:
      Did not match:
         - @ConditionalOnClass did not find required classes 'org.springframework.cache.jcache.JCacheCache', 'javax.cache.CacheManager' (OnClassCondition)

   CacheMeterBinderProvidersConfiguration.RedisCacheMeterBinderProviderConfiguration:
      Did not match:
         - @ConditionalOnClass did not find required class 'org.springframework.data.redis.cache.RedisCache' (OnClassCondition)

   CacheMetricsAutoConfiguration:
      Did not match:
         - @ConditionalOnBean (types: org.springframework.cache.CacheManager; SearchStrategy: all) did not find any beans of type org.springframework.cache.CacheManager (OnBeanCondition)

   CaffeineCacheConfiguration:
      Did not match:
         - @ConditionalOnClass did not find required class 'com.github.benmanes.caffeine.cache.Caffeine' (OnClassCondition)

   CassandraAutoConfiguration:
      Did not match:
         - @ConditionalOnClass did not find required class 'com.datastax.oss.driver.api.core.CqlSession' (OnClassCondition)

   CassandraDataAutoConfiguration:
      Did not match:
         - @ConditionalOnClass did not find required class 'com.datastax.oss.driver.api.core.CqlSession' (OnClassCondition)

   CassandraHealthContributorAutoConfiguration:
      Did not match:
         - @ConditionalOnClass did not find required class 'com.datastax.oss.driver.api.core.CqlSession' (OnClassCondition)

   CassandraReactiveDataAutoConfiguration:
      Did not match:
         - @ConditionalOnClass did not find required class 'com.datastax.oss.driver.api.core.CqlSession' (OnClassCondition)

   CassandraReactiveHealthContributorAutoConfiguration:
      Did not match:
         - @ConditionalOnClass did not find required class 'com.datastax.oss.driver.api.core.CqlSession' (OnClassCondition)

   CassandraReactiveRepositoriesAutoConfiguration:
      Did not match:
         - @ConditionalOnClass did not find required class 'org.springframework.data.cassandra.ReactiveSession' (OnClassCondition)

   CassandraRepositoriesAutoConfiguration:
      Did not match:
         - @ConditionalOnClass did not find required class 'com.datastax.oss.driver.api.core.CqlSession' (OnClassCondition)

   ClientHttpConnectorAutoConfiguration:
      Did not match:
         - @ConditionalOnClass did not find required class 'org.springframework.web.reactive.function.client.WebClient' (OnClassCondition)

   CloudFoundryActuatorAutoConfiguration:
      Did not match:
         - @ConditionalOnCloudPlatform did not find CLOUD_FOUNDRY (OnCloudPlatformCondition)
      Matched:
         - @ConditionalOnClass found required class 'org.springframework.web.servlet.DispatcherServlet' (OnClassCondition)
         - found 'session' scope (OnWebApplicationCondition)
         - @ConditionalOnProperty (management.cloudfoundry.enabled) matched (OnPropertyCondition)

   CodecsAutoConfiguration:
      Did not match:
         - @ConditionalOnClass did not find required class 'org.springframework.web.reactive.function.client.WebClient' (OnClassCondition)

   CompositeMeterRegistryConfiguration:
      Did not match:
         - NoneNestedConditions 1 matched 1 did not; NestedCondition on CompositeMeterRegistryConfiguration.MultipleNonPrimaryMeterRegistriesCondition.SingleInjectableMeterRegistry @ConditionalOnSingleCandidate (types: io.micrometer.core.instrument.MeterRegistry; SearchStrategy: all) found a primary bean from beans 'simpleMeterRegistry'; NestedCondition on CompositeMeterRegistryConfiguration.MultipleNonPrimaryMeterRegistriesCondition.NoMeterRegistryCondition @ConditionalOnMissingBean (types: io.micrometer.core.instrument.MeterRegistry; SearchStrategy: all) found beans of type 'io.micrometer.core.instrument.MeterRegistry' simpleMeterRegistry (CompositeMeterRegistryConfiguration.MultipleNonPrimaryMeterRegistriesCondition)

   ConnectionFactoryHealthContributorAutoConfiguration:
      Did not match:
         - @ConditionalOnClass did not find required class 'io.r2dbc.spi.ConnectionFactory' (OnClassCondition)

   ConnectionPoolMetricsAutoConfiguration:
      Did not match:
         - @ConditionalOnClass did not find required class 'io.r2dbc.pool.ConnectionPool' (OnClassCondition)

   CouchbaseAutoConfiguration:
      Did not match:
         - @ConditionalOnClass did not find required class 'com.couchbase.client.java.Cluster' (OnClassCondition)

   CouchbaseCacheConfiguration:
      Did not match:
         - @ConditionalOnClass did not find required class 'com.couchbase.client.java.Cluster' (OnClassCondition)

   CouchbaseDataAutoConfiguration:
      Did not match:
         - @ConditionalOnClass did not find required class 'com.couchbase.client.java.Bucket' (OnClassCondition)

   CouchbaseHealthContributorAutoConfiguration:
      Did not match:
         - @ConditionalOnClass did not find required class 'com.couchbase.client.java.Cluster' (OnClassCondition)

   CouchbaseReactiveDataAutoConfiguration:
      Did not match:
         - @ConditionalOnClass did not find required class 'com.couchbase.client.java.Cluster' (OnClassCondition)

   CouchbaseReactiveHealthContributorAutoConfiguration:
      Did not match:
         - @ConditionalOnClass did not find required class 'com.couchbase.client.java.Cluster' (OnClassCondition)

   CouchbaseReactiveRepositoriesAutoConfiguration:
      Did not match:
         - @ConditionalOnClass did not find required class 'com.couchbase.client.java.Cluster' (OnClassCondition)

   CouchbaseRepositoriesAutoConfiguration:
      Did not match:
         - @ConditionalOnClass did not find required class 'com.couchbase.client.java.Bucket' (OnClassCondition)

   DataSourceAutoConfiguration.EmbeddedDatabaseConfiguration:
      Did not match:
         - EmbeddedDataSource spring.datasource.url is set (DataSourceAutoConfiguration.EmbeddedDatabaseCondition)

   DataSourceConfiguration.Dbcp2:
      Did not match:
         - @ConditionalOnClass did not find required class 'org.apache.commons.dbcp2.BasicDataSource' (OnClassCondition)

   DataSourceConfiguration.Generic:
      Did not match:
         - @ConditionalOnProperty (spring.datasource.type) did not find property 'spring.datasource.type' (OnPropertyCondition)

   DataSourceConfiguration.OracleUcp:
      Did not match:
         - @ConditionalOnClass did not find required classes 'oracle.ucp.jdbc.PoolDataSourceImpl', 'oracle.jdbc.OracleConnection' (OnClassCondition)

   DataSourceConfiguration.Tomcat:
      Did not match:
         - @ConditionalOnClass did not find required class 'org.apache.tomcat.jdbc.pool.DataSource' (OnClassCondition)

   DataSourceInitializationConfiguration.InitializationSpecificCredentialsDataSourceInitializationConfiguration:
      Did not match:
         - AnyNestedCondition 0 matched 2 did not; NestedCondition on DataSourceInitializationConfiguration.InitializationSpecificCredentialsDataSourceInitializationConfiguration.DifferentCredentialsCondition.DataCredentials @ConditionalOnProperty (spring.datasource.data-username) did not find property 'data-username'; NestedCondition on DataSourceInitializationConfiguration.InitializationSpecificCredentialsDataSourceInitializationConfiguration.DifferentCredentialsCondition.SchemaCredentials @ConditionalOnProperty (spring.datasource.schema-username) did not find property 'schema-username' (DataSourceInitializationConfiguration.InitializationSpecificCredentialsDataSourceInitializationConfiguration.DifferentCredentialsCondition)

   DataSourceInitializationConfiguration.SharedCredentialsDataSourceInitializationConfiguration:
      Did not match:
         - DataSource Initialization did not find configured properties spring.datasource.data-username, spring.datasource.schema-password, spring.datasource.schema[0], spring.datasource.data[0], spring.datasource.data, spring.datasource.schema-username, spring.datasource.data-password, spring.datasource.initialization-mode, spring.datasource.schema, spring.datasource.sql-script-encoding, spring.datasource.separator, spring.datasource.platform, spring.datasource.continue-on-error (DataSourceInitializationConfiguration.SharedCredentialsDataSourceInitializationConfiguration.DataSourceInitializationCondition)

   DataSourceJmxConfiguration.TomcatDataSourceJmxConfiguration:
      Did not match:
         - @ConditionalOnClass did not find required class 'org.apache.tomcat.jdbc.pool.DataSourceProxy' (OnClassCondition)

   DataSourcePoolMetadataProvidersConfiguration.CommonsDbcp2PoolDataSourceMetadataProviderConfiguration:
      Did not match:
         - @ConditionalOnClass did not find required class 'org.apache.commons.dbcp2.BasicDataSource' (OnClassCondition)

   DataSourcePoolMetadataProvidersConfiguration.OracleUcpPoolDataSourceMetadataProviderConfiguration:
      Did not match:
         - @ConditionalOnClass did not find required classes 'oracle.ucp.jdbc.PoolDataSource', 'oracle.jdbc.OracleConnection' (OnClassCondition)

   DataSourcePoolMetadataProvidersConfiguration.TomcatDataSourcePoolMetadataProviderConfiguration:
      Did not match:
         - @ConditionalOnClass did not find required class 'org.apache.tomcat.jdbc.pool.DataSource' (OnClassCondition)

   DataSourceTransactionManagerAutoConfiguration.JdbcTransactionManagerConfiguration#transactionManager:
      Did not match:
         - @ConditionalOnMissingBean (types: org.springframework.transaction.TransactionManager; SearchStrategy: all) found beans of type 'org.springframework.transaction.TransactionManager' transactionManager (OnBeanCondition)

   DatadogMetricsExportAutoConfiguration:
      Did not match:
         - @ConditionalOnClass did not find required class 'io.micrometer.datadog.DatadogMeterRegistry' (OnClassCondition)

   DispatcherServletAutoConfiguration.DispatcherServletConfiguration#multipartResolver:
      Did not match:
         - @ConditionalOnBean (types: org.springframework.web.multipart.MultipartResolver; SearchStrategy: all) did not find any beans of type org.springframework.web.multipart.MultipartResolver (OnBeanCondition)

   DynatraceMetricsExportAutoConfiguration:
      Did not match:
         - @ConditionalOnClass did not find required class 'io.micrometer.dynatrace.DynatraceMeterRegistry' (OnClassCondition)

   EhCacheCacheConfiguration:
      Did not match:
         - @ConditionalOnClass did not find required class 'net.sf.ehcache.Cache' (OnClassCondition)

   ElasticMetricsExportAutoConfiguration:
      Did not match:
         - @ConditionalOnClass did not find required class 'io.micrometer.elastic.ElasticMeterRegistry' (OnClassCondition)

   ElasticSearchReactiveHealthContributorAutoConfiguration:
      Did not match:
         - @ConditionalOnClass did not find required class 'reactor.core.publisher.Flux' (OnClassCondition)

   ElasticSearchRestHealthContributorAutoConfiguration:
      Did not match:
         - @ConditionalOnClass did not find required class 'org.elasticsearch.client.RestHighLevelClient' (OnClassCondition)

   ElasticsearchDataAutoConfiguration:
      Did not match:
         - @ConditionalOnClass did not find required class 'org.springframework.data.elasticsearch.core.ElasticsearchRestTemplate' (OnClassCondition)

   ElasticsearchRepositoriesAutoConfiguration:
      Did not match:
         - @ConditionalOnClass did not find required class 'org.elasticsearch.client.Client' (OnClassCondition)

   ElasticsearchRestClientAutoConfiguration:
      Did not match:
         - @ConditionalOnClass did not find required class 'org.elasticsearch.client.RestHighLevelClient' (OnClassCondition)

   EmbeddedLdapAutoConfiguration:
      Did not match:
         - @ConditionalOnClass did not find required class 'com.unboundid.ldap.listener.InMemoryDirectoryServer' (OnClassCondition)

   EmbeddedMongoAutoConfiguration:
      Did not match:
         - @ConditionalOnClass did not find required class 'com.mongodb.MongoClientSettings' (OnClassCondition)

   EmbeddedWebServerFactoryCustomizerAutoConfiguration.JettyWebServerFactoryCustomizerConfiguration:
      Did not match:
         - @ConditionalOnClass did not find required classes 'org.eclipse.jetty.server.Server', 'org.eclipse.jetty.util.Loader', 'org.eclipse.jetty.webapp.WebAppContext' (OnClassCondition)

   EmbeddedWebServerFactoryCustomizerAutoConfiguration.NettyWebServerFactoryCustomizerConfiguration:
      Did not match:
         - @ConditionalOnClass did not find required class 'reactor.netty.http.server.HttpServer' (OnClassCondition)

   EmbeddedWebServerFactoryCustomizerAutoConfiguration.UndertowWebServerFactoryCustomizerConfiguration:
      Did not match:
         - @ConditionalOnClass did not find required classes 'io.undertow.Undertow', 'org.xnio.SslClientAuthMode' (OnClassCondition)

   ErrorWebFluxAutoConfiguration:
      Did not match:
         - @ConditionalOnClass did not find required class 'org.springframework.web.reactive.config.WebFluxConfigurer' (OnClassCondition)

   FlywayAutoConfiguration:
      Did not match:
         - @ConditionalOnClass did not find required class 'org.flywaydb.core.Flyway' (OnClassCondition)

   FlywayEndpointAutoConfiguration:
      Did not match:
         - @ConditionalOnClass did not find required class 'org.flywaydb.core.Flyway' (OnClassCondition)

   FreeMarkerAutoConfiguration:
      Did not match:
         - @ConditionalOnClass did not find required class 'freemarker.template.Configuration' (OnClassCondition)

   GangliaMetricsExportAutoConfiguration:
      Did not match:
         - @ConditionalOnClass did not find required class 'io.micrometer.ganglia.GangliaMeterRegistry' (OnClassCondition)

   GraphiteMetricsExportAutoConfiguration:
      Did not match:
         - @ConditionalOnClass did not find required class 'io.micrometer.graphite.GraphiteMeterRegistry' (OnClassCondition)

   GroovyTemplateAutoConfiguration:
      Did not match:
         - @ConditionalOnClass did not find required class 'groovy.text.markup.MarkupTemplateEngine' (OnClassCondition)

   GsonHttpMessageConvertersConfiguration.GsonHttpMessageConverterConfiguration:
      Did not match:
         - AnyNestedCondition 0 matched 2 did not; NestedCondition on GsonHttpMessageConvertersConfiguration.PreferGsonOrJacksonAndJsonbUnavailableCondition.JacksonJsonbUnavailable NoneNestedConditions 1 matched 1 did not; NestedCondition on GsonHttpMessageConvertersConfiguration.JacksonAndJsonbUnavailableCondition.JsonbPreferred @ConditionalOnProperty (spring.mvc.converters.preferred-json-mapper=jsonb) did not find property 'spring.mvc.converters.preferred-json-mapper'; NestedCondition on GsonHttpMessageConvertersConfiguration.JacksonAndJsonbUnavailableCondition.JacksonAvailable @ConditionalOnBean (types: org.springframework.http.converter.json.MappingJackson2HttpMessageConverter; SearchStrategy: all) found bean 'mappingJackson2HttpMessageConverter'; NestedCondition on GsonHttpMessageConvertersConfiguration.PreferGsonOrJacksonAndJsonbUnavailableCondition.GsonPreferred @ConditionalOnProperty (spring.mvc.converters.preferred-json-mapper=gson) did not find property 'spring.mvc.converters.preferred-json-mapper' (GsonHttpMessageConvertersConfiguration.PreferGsonOrJacksonAndJsonbUnavailableCondition)

   HazelcastAutoConfiguration:
      Did not match:
         - @ConditionalOnClass did not find required class 'com.hazelcast.core.HazelcastInstance' (OnClassCondition)

   HazelcastCacheConfiguration:
      Did not match:
         - @ConditionalOnClass did not find required class 'com.hazelcast.core.HazelcastInstance' (OnClassCondition)

   HazelcastHealthContributorAutoConfiguration:
      Did not match:
         - @ConditionalOnClass did not find required class 'com.hazelcast.core.HazelcastInstance' (OnClassCondition)

   HazelcastJpaDependencyAutoConfiguration:
      Did not match:
         - @ConditionalOnClass did not find required class 'com.hazelcast.core.HazelcastInstance' (OnClassCondition)

   HealthEndpointReactiveWebExtensionConfiguration:
      Did not match:
         - did not find reactive web application classes (OnWebApplicationCondition)

   HibernateMetricsAutoConfiguration:
      Did not match:
         - @ConditionalOnClass did not find required class 'org.hibernate.stat.HibernateMetrics' (OnClassCondition)

   HttpHandlerAutoConfiguration:
      Did not match:
         - @ConditionalOnClass did not find required class 'org.springframework.web.reactive.DispatcherHandler' (OnClassCondition)

   HttpTraceAutoConfiguration:
      Did not match:
         - @ConditionalOnBean (types: org.springframework.boot.actuate.trace.http.HttpTraceRepository; SearchStrategy: all) did not find any beans of type org.springframework.boot.actuate.trace.http.HttpTraceRepository (OnBeanCondition)
      Matched:
         - @ConditionalOnWebApplication (required) found 'session' scope (OnWebApplicationCondition)
         - @ConditionalOnProperty (management.trace.http.enabled) matched (OnPropertyCondition)

   HttpTraceAutoConfiguration.ReactiveTraceFilterConfiguration:
      Did not match:
         - did not find reactive web application classes (OnWebApplicationCondition)
         - Ancestor org.springframework.boot.actuate.autoconfigure.trace.http.HttpTraceAutoConfiguration did not match (ConditionEvaluationReport.AncestorsMatchedCondition)

   HttpTraceAutoConfiguration.ServletTraceFilterConfiguration:
      Did not match:
         - Ancestor org.springframework.boot.actuate.autoconfigure.trace.http.HttpTraceAutoConfiguration did not match (ConditionEvaluationReport.AncestorsMatchedCondition)
      Matched:
         - found 'session' scope (OnWebApplicationCondition)

   HttpTraceEndpointAutoConfiguration#httpTraceEndpoint:
      Did not match:
         - @ConditionalOnBean (types: org.springframework.boot.actuate.trace.http.HttpTraceRepository; SearchStrategy: all) did not find any beans of type org.springframework.boot.actuate.trace.http.HttpTraceRepository (OnBeanCondition)

   HumioMetricsExportAutoConfiguration:
      Did not match:
         - @ConditionalOnClass did not find required class 'io.micrometer.humio.HumioMeterRegistry' (OnClassCondition)

   HypermediaAutoConfiguration:
      Did not match:
         - @ConditionalOnClass did not find required class 'org.springframework.hateoas.EntityModel' (OnClassCondition)

   InfinispanCacheConfiguration:
      Did not match:
         - @ConditionalOnClass did not find required class 'org.infinispan.spring.embedded.provider.SpringEmbeddedCacheManager' (OnClassCondition)

   InfluxDbAutoConfiguration:
      Did not match:
         - @ConditionalOnClass did not find required class 'org.influxdb.InfluxDB' (OnClassCondition)

   InfluxDbHealthContributorAutoConfiguration:
      Did not match:
         - @ConditionalOnClass did not find required class 'org.influxdb.InfluxDB' (OnClassCondition)

   InfluxMetricsExportAutoConfiguration:
      Did not match:
         - @ConditionalOnClass did not find required class 'io.micrometer.influx.InfluxMeterRegistry' (OnClassCondition)

   InfoContributorAutoConfiguration#buildInfoContributor:
      Did not match:
         - @ConditionalOnSingleCandidate (types: org.springframework.boot.info.BuildProperties; SearchStrategy: all) did not find any beans (OnBeanCondition)
      Matched:
         - @ConditionalOnEnabledInfoContributor management.info.defaults.enabled is considered true (OnEnabledInfoContributorCondition)

   InfoContributorAutoConfiguration#gitInfoContributor:
      Did not match:
         - @ConditionalOnSingleCandidate (types: org.springframework.boot.info.GitProperties; SearchStrategy: all) did not find any beans (OnBeanCondition)
      Matched:
         - @ConditionalOnEnabledInfoContributor management.info.defaults.enabled is considered true (OnEnabledInfoContributorCondition)

   IntegrationAutoConfiguration:
      Did not match:
         - @ConditionalOnClass did not find required class 'org.springframework.integration.config.EnableIntegration' (OnClassCondition)

   IntegrationGraphEndpointAutoConfiguration:
      Did not match:
         - @ConditionalOnClass did not find required class 'org.springframework.integration.graph.IntegrationGraphServer' (OnClassCondition)

   JCacheCacheConfiguration:
      Did not match:
         - @ConditionalOnClass did not find required class 'javax.cache.Caching' (OnClassCondition)

   JacksonHttpMessageConvertersConfiguration.MappingJackson2XmlHttpMessageConverterConfiguration:
      Did not match:
         - @ConditionalOnClass did not find required class 'com.fasterxml.jackson.dataformat.xml.XmlMapper' (OnClassCondition)

   JdbcRepositoriesAutoConfiguration:
      Did not match:
         - @ConditionalOnClass did not find required class 'org.springframework.data.jdbc.repository.config.AbstractJdbcConfiguration' (OnClassCondition)

   JerseyAutoConfiguration:
      Did not match:
         - @ConditionalOnClass did not find required class 'org.glassfish.jersey.server.spring.SpringComponentProvider' (OnClassCondition)

   JerseySameManagementContextConfiguration:
      Did not match:
         - @ConditionalOnClass did not find required class 'org.glassfish.jersey.server.ResourceConfig' (OnClassCondition)

   JerseyServerMetricsAutoConfiguration:
      Did not match:
         - @ConditionalOnClass did not find required class 'io.micrometer.jersey2.server.MetricsApplicationEventListener' (OnClassCondition)

   JerseyWebEndpointManagementContextConfiguration:
      Did not match:
         - @ConditionalOnClass did not find required class 'org.glassfish.jersey.server.ResourceConfig' (OnClassCondition)

   JettyMetricsAutoConfiguration:
      Did not match:
         - @ConditionalOnClass did not find required class 'org.eclipse.jetty.server.Server' (OnClassCondition)

   JmsAutoConfiguration:
      Did not match:
         - @ConditionalOnClass did not find required class 'javax.jms.Message' (OnClassCondition)

   JmsHealthContributorAutoConfiguration:
      Did not match:
         - @ConditionalOnClass did not find required class 'javax.jms.ConnectionFactory' (OnClassCondition)

   JmxAutoConfiguration:
      Did not match:
         - @ConditionalOnProperty (spring.jmx.enabled=true) did not find property 'enabled' (OnPropertyCondition)
      Matched:
         - @ConditionalOnClass found required class 'org.springframework.jmx.export.MBeanExporter' (OnClassCondition)

   JmxEndpointAutoConfiguration:
      Did not match:
         - @ConditionalOnProperty (spring.jmx.enabled=true) did not find property 'enabled' (OnPropertyCondition)

   JmxMetricsExportAutoConfiguration:
      Did not match:
         - @ConditionalOnClass did not find required class 'io.micrometer.jmx.JmxMeterRegistry' (OnClassCondition)

   JndiConnectionFactoryAutoConfiguration:
      Did not match:
         - @ConditionalOnClass did not find required class 'org.springframework.jms.core.JmsTemplate' (OnClassCondition)

   JndiDataSourceAutoConfiguration:
      Did not match:
         - @ConditionalOnProperty (spring.datasource.jndi-name) did not find property 'jndi-name' (OnPropertyCondition)
      Matched:
         - @ConditionalOnClass found required classes 'javax.sql.DataSource', 'org.springframework.jdbc.datasource.embedded.EmbeddedDatabaseType' (OnClassCondition)

   JndiJtaConfiguration:
      Did not match:
         - @ConditionalOnJndi JNDI environment is not available (OnJndiCondition)
      Matched:
         - @ConditionalOnClass found required class 'org.springframework.transaction.jta.JtaTransactionManager' (OnClassCondition)

   JolokiaEndpointAutoConfiguration:
      Did not match:
         - @ConditionalOnClass did not find required class 'org.jolokia.http.AgentServlet' (OnClassCondition)

   JooqAutoConfiguration:
      Did not match:
         - @ConditionalOnClass did not find required class 'org.jooq.DSLContext' (OnClassCondition)

   JpaRepositoriesAutoConfiguration#entityManagerFactoryBootstrapExecutorCustomizer:
      Did not match:
         - AnyNestedCondition 0 matched 2 did not; NestedCondition on JpaRepositoriesAutoConfiguration.BootstrapExecutorCondition.LazyBootstrapMode @ConditionalOnProperty (spring.data.jpa.repositories.bootstrap-mode=lazy) did not find property 'bootstrap-mode'; NestedCondition on JpaRepositoriesAutoConfiguration.BootstrapExecutorCondition.DeferredBootstrapMode @ConditionalOnProperty (spring.data.jpa.repositories.bootstrap-mode=deferred) did not find property 'bootstrap-mode' (JpaRepositoriesAutoConfiguration.BootstrapExecutorCondition)

   JsonbAutoConfiguration:
      Did not match:
         - @ConditionalOnClass did not find required class 'javax.json.bind.Jsonb' (OnClassCondition)

   JsonbHttpMessageConvertersConfiguration:
      Did not match:
         - @ConditionalOnClass did not find required class 'javax.json.bind.Jsonb' (OnClassCondition)

   KafkaAutoConfiguration:
      Did not match:
         - @ConditionalOnClass did not find required class 'org.springframework.kafka.core.KafkaTemplate' (OnClassCondition)

   KafkaMetricsAutoConfiguration:
      Did not match:
         - @ConditionalOnClass did not find required class 'org.springframework.kafka.core.ProducerFactory' (OnClassCondition)

   KairosMetricsExportAutoConfiguration:
      Did not match:
         - @ConditionalOnClass did not find required class 'io.micrometer.kairos.KairosMeterRegistry' (OnClassCondition)

   LdapAutoConfiguration:
      Did not match:
         - @ConditionalOnClass did not find required class 'org.springframework.ldap.core.ContextSource' (OnClassCondition)

   LdapHealthContributorAutoConfiguration:
      Did not match:
         - @ConditionalOnClass did not find required class 'org.springframework.ldap.core.LdapOperations' (OnClassCondition)

   LdapRepositoriesAutoConfiguration:
      Did not match:
         - @ConditionalOnClass did not find required class 'org.springframework.data.ldap.repository.LdapRepository' (OnClassCondition)

   LiquibaseAutoConfiguration:
      Did not match:
         - @ConditionalOnClass did not find required class 'liquibase.change.DatabaseChange' (OnClassCondition)

   LiquibaseEndpointAutoConfiguration:
      Did not match:
         - @ConditionalOnClass did not find required class 'liquibase.integration.spring.SpringLiquibase' (OnClassCondition)

   Log4J2MetricsAutoConfiguration:
      Did not match:
         - @ConditionalOnClass did not find required class 'org.apache.logging.log4j.core.LoggerContext' (OnClassCondition)

   LogFileWebEndpointAutoConfiguration#logFileWebEndpoint:
      Did not match:
         - Log File did not find logging file (LogFileWebEndpointAutoConfiguration.LogFileCondition)

   MailHealthContributorAutoConfiguration:
      Did not match:
         - @ConditionalOnClass did not find required class 'org.springframework.mail.javamail.JavaMailSenderImpl' (OnClassCondition)

   MailSenderAutoConfiguration:
      Did not match:
         - @ConditionalOnClass did not find required class 'javax.mail.internet.MimeMessage' (OnClassCondition)

   MailSenderValidatorAutoConfiguration:
      Did not match:
         - @ConditionalOnSingleCandidate did not find required type 'org.springframework.mail.javamail.JavaMailSenderImpl' (OnBeanCondition)

   ManagementContextAutoConfiguration.DifferentManagementContextConfiguration:
      Did not match:
         - Management Port actual port type (SAME) did not match required type (DIFFERENT) (OnManagementPortCondition)

   ManagementWebSecurityAutoConfiguration:
      Did not match:
         - AllNestedConditions 1 matched 1 did not; NestedCondition on DefaultWebSecurityCondition.Beans @ConditionalOnMissingBean (types: org.springframework.security.config.annotation.web.configuration.WebSecurityConfigurerAdapter,org.springframework.security.web.SecurityFilterChain; SearchStrategy: all) found beans of type 'org.springframework.security.config.annotation.web.configuration.WebSecurityConfigurerAdapter' webSecurityConfigurerImpl; NestedCondition on DefaultWebSecurityCondition.Classes @ConditionalOnClass found required classes 'org.springframework.security.web.SecurityFilterChain', 'org.springframework.security.config.annotation.web.builders.HttpSecurity' (DefaultWebSecurityCondition)
      Matched:
         - found 'session' scope (OnWebApplicationCondition)

   MappingsEndpointAutoConfiguration.ReactiveWebConfiguration:
      Did not match:
         - @ConditionalOnClass did not find required class 'org.springframework.web.reactive.DispatcherHandler' (OnClassCondition)

   MessageSourceAutoConfiguration:
      Did not match:
         - ResourceBundle did not find bundle with basename messages (MessageSourceAutoConfiguration.ResourceBundleCondition)

   MongoAutoConfiguration:
      Did not match:
         - @ConditionalOnClass did not find required class 'com.mongodb.client.MongoClient' (OnClassCondition)

   MongoDataAutoConfiguration:
      Did not match:
         - @ConditionalOnClass did not find required class 'com.mongodb.client.MongoClient' (OnClassCondition)

   MongoHealthContributorAutoConfiguration:
      Did not match:
         - @ConditionalOnClass did not find required class 'org.springframework.data.mongodb.core.MongoTemplate' (OnClassCondition)

   MongoMetricsAutoConfiguration:
      Did not match:
         - @ConditionalOnClass did not find required class 'com.mongodb.MongoClientSettings' (OnClassCondition)

   MongoReactiveAutoConfiguration:
      Did not match:
         - @ConditionalOnClass did not find required class 'com.mongodb.reactivestreams.client.MongoClient' (OnClassCondition)

   MongoReactiveDataAutoConfiguration:
      Did not match:
         - @ConditionalOnClass did not find required class 'com.mongodb.reactivestreams.client.MongoClient' (OnClassCondition)

   MongoReactiveHealthContributorAutoConfiguration:
      Did not match:
         - @ConditionalOnClass did not find required class 'reactor.core.publisher.Flux' (OnClassCondition)

   MongoReactiveRepositoriesAutoConfiguration:
      Did not match:
         - @ConditionalOnClass did not find required class 'com.mongodb.reactivestreams.client.MongoClient' (OnClassCondition)

   MongoRepositoriesAutoConfiguration:
      Did not match:
         - @ConditionalOnClass did not find required class 'com.mongodb.client.MongoClient' (OnClassCondition)

   MustacheAutoConfiguration:
      Did not match:
         - @ConditionalOnClass did not find required class 'com.samskivert.mustache.Mustache' (OnClassCondition)

   Neo4jAutoConfiguration:
      Did not match:
         - @ConditionalOnClass did not find required class 'org.neo4j.driver.Driver' (OnClassCondition)

   Neo4jDataAutoConfiguration:
      Did not match:
         - @ConditionalOnClass did not find required class 'org.neo4j.driver.Driver' (OnClassCondition)

   Neo4jHealthContributorAutoConfiguration:
      Did not match:
         - @ConditionalOnClass did not find required class 'org.neo4j.driver.Driver' (OnClassCondition)

   Neo4jReactiveDataAutoConfiguration:
      Did not match:
         - @ConditionalOnClass did not find required class 'org.neo4j.driver.Driver' (OnClassCondition)

   Neo4jReactiveRepositoriesAutoConfiguration:
      Did not match:
         - @ConditionalOnClass did not find required class 'org.neo4j.driver.Driver' (OnClassCondition)

   Neo4jRepositoriesAutoConfiguration:
      Did not match:
         - @ConditionalOnClass did not find required class 'org.neo4j.driver.Driver' (OnClassCondition)

   NettyAutoConfiguration:
      Did not match:
         - @ConditionalOnClass did not find required class 'io.netty.util.NettyRuntime' (OnClassCondition)

   NewRelicMetricsExportAutoConfiguration:
      Did not match:
         - @ConditionalOnClass did not find required class 'io.micrometer.newrelic.NewRelicMeterRegistry' (OnClassCondition)

   NoOpMeterRegistryConfiguration:
      Did not match:
         - @ConditionalOnMissingBean (types: io.micrometer.core.instrument.MeterRegistry; SearchStrategy: all) found beans of type 'io.micrometer.core.instrument.MeterRegistry' simpleMeterRegistry (OnBeanCondition)

   OAuth2ClientAutoConfiguration:
      Did not match:
         - @ConditionalOnClass did not find required class 'org.springframework.security.oauth2.client.registration.ClientRegistration' (OnClassCondition)

   OAuth2ResourceServerAutoConfiguration:
      Did not match:
         - @ConditionalOnClass did not find required class 'org.springframework.security.oauth2.server.resource.BearerTokenAuthenticationToken' (OnClassCondition)

   ProjectInfoAutoConfiguration#buildProperties:
      Did not match:
         - @ConditionalOnResource did not find resource '${spring.info.build.location:classpath:META-INF/build-info.properties}' (OnResourceCondition)

   ProjectInfoAutoConfiguration#gitProperties:
      Did not match:
         - GitResource did not find git info at classpath:git.properties (ProjectInfoAutoConfiguration.GitResourceAvailableCondition)

   PrometheusMetricsExportAutoConfiguration:
      Did not match:
         - @ConditionalOnClass did not find required class 'io.micrometer.prometheus.PrometheusMeterRegistry' (OnClassCondition)

   QuartzAutoConfiguration:
      Did not match:
         - @ConditionalOnClass did not find required class 'org.quartz.Scheduler' (OnClassCondition)

   QuartzEndpointAutoConfiguration:
      Did not match:
         - @ConditionalOnClass did not find required class 'org.quartz.Scheduler' (OnClassCondition)

   R2dbcAutoConfiguration:
      Did not match:
         - @ConditionalOnClass did not find required class 'io.r2dbc.spi.ConnectionFactory' (OnClassCondition)

   R2dbcDataAutoConfiguration:
      Did not match:
         - @ConditionalOnClass did not find required class 'org.springframework.data.r2dbc.core.R2dbcEntityTemplate' (OnClassCondition)

   R2dbcInitializationConfiguration:
      Did not match:
         - @ConditionalOnClass did not find required classes 'io.r2dbc.spi.ConnectionFactory', 'org.springframework.r2dbc.connection.init.DatabasePopulator' (OnClassCondition)

   R2dbcRepositoriesAutoConfiguration:
      Did not match:
         - @ConditionalOnClass did not find required class 'io.r2dbc.spi.ConnectionFactory' (OnClassCondition)

   R2dbcTransactionManagerAutoConfiguration:
      Did not match:
         - @ConditionalOnClass did not find required class 'org.springframework.r2dbc.connection.R2dbcTransactionManager' (OnClassCondition)

   RSocketMessagingAutoConfiguration:
      Did not match:
         - @ConditionalOnClass did not find required class 'io.rsocket.RSocket' (OnClassCondition)

   RSocketRequesterAutoConfiguration:
      Did not match:
         - @ConditionalOnClass did not find required class 'io.rsocket.RSocket' (OnClassCondition)

   RSocketSecurityAutoConfiguration:
      Did not match:
         - @ConditionalOnClass did not find required class 'org.springframework.security.rsocket.core.SecuritySocketAcceptorInterceptor' (OnClassCondition)

   RSocketServerAutoConfiguration:
      Did not match:
         - @ConditionalOnClass did not find required class 'io.rsocket.core.RSocketServer' (OnClassCondition)

   RSocketStrategiesAutoConfiguration:
      Did not match:
         - @ConditionalOnClass did not find required class 'io.netty.buffer.PooledByteBufAllocator' (OnClassCondition)

   RabbitAutoConfiguration:
      Did not match:
         - @ConditionalOnClass did not find required class 'com.rabbitmq.client.Channel' (OnClassCondition)

   RabbitHealthContributorAutoConfiguration:
      Did not match:
         - @ConditionalOnClass did not find required class 'org.springframework.amqp.rabbit.core.RabbitTemplate' (OnClassCondition)

   RabbitMetricsAutoConfiguration:
      Did not match:
         - @ConditionalOnClass did not find required class 'com.rabbitmq.client.ConnectionFactory' (OnClassCondition)

   ReactiveCloudFoundryActuatorAutoConfiguration:
      Did not match:
         - @ConditionalOnWebApplication did not find reactive web application classes (OnWebApplicationCondition)

   ReactiveElasticsearchRepositoriesAutoConfiguration:
      Did not match:
         - @ConditionalOnClass did not find required class 'org.springframework.data.elasticsearch.client.reactive.ReactiveElasticsearchClient' (OnClassCondition)

   ReactiveElasticsearchRestClientAutoConfiguration:
      Did not match:
         - @ConditionalOnClass did not find required class 'reactor.netty.http.client.HttpClient' (OnClassCondition)

   ReactiveHealthEndpointConfiguration:
      Did not match:
         - @ConditionalOnClass did not find required class 'reactor.core.publisher.Flux' (OnClassCondition)

   ReactiveManagementContextAutoConfiguration:
      Did not match:
         - @ConditionalOnClass did not find required class 'reactor.core.publisher.Flux' (OnClassCondition)

   ReactiveManagementWebSecurityAutoConfiguration:
      Did not match:
         - @ConditionalOnWebApplication did not find reactive web application classes (OnWebApplicationCondition)

   ReactiveOAuth2ClientAutoConfiguration:
      Did not match:
         - @ConditionalOnClass did not find required class 'reactor.core.publisher.Flux' (OnClassCondition)

   ReactiveOAuth2ResourceServerAutoConfiguration:
      Did not match:
         - @ConditionalOnWebApplication did not find reactive web application classes (OnWebApplicationCondition)

   ReactiveSecurityAutoConfiguration:
      Did not match:
         - @ConditionalOnClass did not find required class 'reactor.core.publisher.Flux' (OnClassCondition)

   ReactiveUserDetailsServiceAutoConfiguration:
      Did not match:
         - AnyNestedCondition 0 matched 2 did not; NestedCondition on ReactiveUserDetailsServiceAutoConfiguration.ReactiveUserDetailsServiceCondition.ReactiveWebApplicationCondition did not find reactive web application classes; NestedCondition on ReactiveUserDetailsServiceAutoConfiguration.ReactiveUserDetailsServiceCondition.RSocketSecurityEnabledCondition @ConditionalOnBean (types: org.springframework.messaging.rsocket.annotation.support.RSocketMessageHandler; SearchStrategy: all) did not find any beans of type org.springframework.messaging.rsocket.annotation.support.RSocketMessageHandler (ReactiveUserDetailsServiceAutoConfiguration.ReactiveUserDetailsServiceCondition)
      Matched:
         - @ConditionalOnClass found required class 'org.springframework.security.authentication.ReactiveAuthenticationManager' (OnClassCondition)

   ReactiveWebServerFactoryAutoConfiguration:
      Did not match:
         - @ConditionalOnWebApplication did not find reactive web application classes (OnWebApplicationCondition)

   RedisAutoConfiguration:
      Did not match:
         - @ConditionalOnClass did not find required class 'org.springframework.data.redis.core.RedisOperations' (OnClassCondition)

   RedisCacheConfiguration:
      Did not match:
         - @ConditionalOnClass did not find required class 'org.springframework.data.redis.connection.RedisConnectionFactory' (OnClassCondition)

   RedisHealthContributorAutoConfiguration:
      Did not match:
         - @ConditionalOnClass did not find required class 'org.springframework.data.redis.connection.RedisConnectionFactory' (OnClassCondition)

   RedisReactiveAutoConfiguration:
      Did not match:
         - @ConditionalOnClass did not find required class 'reactor.core.publisher.Flux' (OnClassCondition)

   RedisReactiveHealthContributorAutoConfiguration:
      Did not match:
         - @ConditionalOnClass did not find required class 'reactor.core.publisher.Flux' (OnClassCondition)

   RedisRepositoriesAutoConfiguration:
      Did not match:
         - @ConditionalOnClass did not find required class 'org.springframework.data.redis.repository.configuration.EnableRedisRepositories' (OnClassCondition)

   RepositoryRestMvcAutoConfiguration:
      Did not match:
         - @ConditionalOnClass did not find required class 'org.springframework.data.rest.webmvc.config.RepositoryRestMvcConfiguration' (OnClassCondition)

   Saml2RelyingPartyAutoConfiguration:
      Did not match:
         - @ConditionalOnClass did not find required class 'org.springframework.security.saml2.provider.service.registration.RelyingPartyRegistrationRepository' (OnClassCondition)

   SecurityDataConfiguration:
      Did not match:
         - @ConditionalOnClass did not find required class 'org.springframework.security.data.repository.query.SecurityEvaluationContextExtension' (OnClassCondition)

   SecurityRequestMatchersManagementContextConfiguration.JerseyRequestMatcherConfiguration:
      Did not match:
         - @ConditionalOnClass did not find required class 'org.glassfish.jersey.server.ResourceConfig' (OnClassCondition)

   SendGridAutoConfiguration:
      Did not match:
         - @ConditionalOnClass did not find required class 'com.sendgrid.SendGrid' (OnClassCondition)

   ServletEndpointManagementContextConfiguration.JerseyServletEndpointManagementContextConfiguration:
      Did not match:
         - @ConditionalOnClass did not find required class 'org.glassfish.jersey.server.ResourceConfig' (OnClassCondition)

   ServletManagementContextAutoConfiguration.ApplicationContextFilterConfiguration:
      Did not match:
         - @ConditionalOnProperty (management.server.add-application-context-header=true) did not find property 'add-application-context-header' (OnPropertyCondition)

   ServletWebServerFactoryAutoConfiguration#forwardedHeaderFilter:
      Did not match:
         - @ConditionalOnProperty (server.forward-headers-strategy=framework) did not find property 'server.forward-headers-strategy' (OnPropertyCondition)

   ServletWebServerFactoryConfiguration.EmbeddedJetty:
      Did not match:
         - @ConditionalOnClass did not find required classes 'org.eclipse.jetty.server.Server', 'org.eclipse.jetty.util.Loader', 'org.eclipse.jetty.webapp.WebAppContext' (OnClassCondition)

   ServletWebServerFactoryConfiguration.EmbeddedUndertow:
      Did not match:
         - @ConditionalOnClass did not find required classes 'io.undertow.Undertow', 'org.xnio.SslClientAuthMode' (OnClassCondition)

   SessionAutoConfiguration:
      Did not match:
         - @ConditionalOnClass did not find required class 'org.springframework.session.Session' (OnClassCondition)

   SessionsEndpointAutoConfiguration:
      Did not match:
         - @ConditionalOnClass did not find required class 'org.springframework.session.FindByIndexNameSessionRepository' (OnClassCondition)

   SignalFxMetricsExportAutoConfiguration:
      Did not match:
         - @ConditionalOnClass did not find required class 'io.micrometer.signalfx.SignalFxMeterRegistry' (OnClassCondition)

   SolrAutoConfiguration:
      Did not match:
         - @ConditionalOnClass did not find required class 'org.apache.solr.client.solrj.impl.CloudSolrClient' (OnClassCondition)

   SolrHealthContributorAutoConfiguration:
      Did not match:
         - @ConditionalOnClass did not find required class 'org.apache.solr.client.solrj.SolrClient' (OnClassCondition)

   SpringApplicationAdminJmxAutoConfiguration:
      Did not match:
         - @ConditionalOnProperty (spring.application.admin.enabled=true) did not find property 'enabled' (OnPropertyCondition)

   SpringBootWebSecurityConfiguration:
      Did not match:
         - AllNestedConditions 1 matched 1 did not; NestedCondition on DefaultWebSecurityCondition.Beans @ConditionalOnMissingBean (types: org.springframework.security.config.annotation.web.configuration.WebSecurityConfigurerAdapter,org.springframework.security.web.SecurityFilterChain; SearchStrategy: all) found beans of type 'org.springframework.security.config.annotation.web.configuration.WebSecurityConfigurerAdapter' webSecurityConfigurerImpl; NestedCondition on DefaultWebSecurityCondition.Classes @ConditionalOnClass found required classes 'org.springframework.security.web.SecurityFilterChain', 'org.springframework.security.config.annotation.web.builders.HttpSecurity' (DefaultWebSecurityCondition)
      Matched:
         - found 'session' scope (OnWebApplicationCondition)

   StackdriverMetricsExportAutoConfiguration:
      Did not match:
         - @ConditionalOnClass did not find required class 'io.micrometer.stackdriver.StackdriverMeterRegistry' (OnClassCondition)

   StartupEndpointAutoConfiguration:
      Did not match:
         - ApplicationStartup configured applicationStartup is of type class org.springframework.core.metrics.DefaultApplicationStartup, expected BufferingApplicationStartup. (StartupEndpointAutoConfiguration.ApplicationStartupCondition)

   StatsdMetricsExportAutoConfiguration:
      Did not match:
         - @ConditionalOnClass did not find required class 'io.micrometer.statsd.StatsdMeterRegistry' (OnClassCondition)

   TaskSchedulingAutoConfiguration#taskScheduler:
      Did not match:
         - @ConditionalOnBean (names: org.springframework.context.annotation.internalScheduledAnnotationProcessor; SearchStrategy: all) did not find any beans named org.springframework.context.annotation.internalScheduledAnnotationProcessor (OnBeanCondition)

   ThymeleafAutoConfiguration:
      Did not match:
         - @ConditionalOnClass did not find required class 'org.thymeleaf.spring5.SpringTemplateEngine' (OnClassCondition)

   TransactionAutoConfiguration#transactionalOperator:
      Did not match:
         - @ConditionalOnSingleCandidate (types: org.springframework.transaction.ReactiveTransactionManager; SearchStrategy: all) did not find any beans (OnBeanCondition)

   TransactionAutoConfiguration.EnableTransactionManagementConfiguration.JdkDynamicAutoProxyConfiguration:
      Did not match:
         - @ConditionalOnProperty (spring.aop.proxy-target-class=false) did not find property 'proxy-target-class' (OnPropertyCondition)

   UserDetailsServiceAutoConfiguration:
      Did not match:
         - @ConditionalOnMissingBean (types: org.springframework.security.authentication.AuthenticationManager,org.springframework.security.authentication.AuthenticationProvider,org.springframework.security.core.userdetails.UserDetailsService,org.springframework.security.oauth2.jwt.JwtDecoder,org.springframework.security.oauth2.server.resource.introspection.OpaqueTokenIntrospector; SearchStrategy: all) found beans of type 'org.springframework.security.core.userdetails.UserDetailsService' userDetailsServiceImpl (OnBeanCondition)
      Matched:
         - @ConditionalOnClass found required class 'org.springframework.security.authentication.AuthenticationManager' (OnClassCondition)

   WavefrontMetricsExportAutoConfiguration:
      Did not match:
         - @ConditionalOnClass did not find required class 'com.wavefront.sdk.common.WavefrontSender' (OnClassCondition)

   WebClientAutoConfiguration:
      Did not match:
         - @ConditionalOnClass did not find required class 'org.springframework.web.reactive.function.client.WebClient' (OnClassCondition)

   WebClientMetricsConfiguration:
      Did not match:
         - @ConditionalOnClass did not find required class 'org.springframework.web.reactive.function.client.WebClient' (OnClassCondition)

   WebFluxAutoConfiguration:
      Did not match:
         - @ConditionalOnClass did not find required class 'org.springframework.web.reactive.config.WebFluxConfigurer' (OnClassCondition)

   WebFluxEndpointManagementContextConfiguration:
      Did not match:
         - @ConditionalOnClass did not find required class 'org.springframework.web.reactive.DispatcherHandler' (OnClassCondition)

   WebFluxMetricsAutoConfiguration:
      Did not match:
         - @ConditionalOnWebApplication did not find reactive web application classes (OnWebApplicationCondition)

   WebMvcAutoConfiguration#hiddenHttpMethodFilter:
      Did not match:
         - @ConditionalOnProperty (spring.mvc.hiddenmethod.filter.enabled) did not find property 'enabled' (OnPropertyCondition)

   WebMvcAutoConfiguration.ResourceChainCustomizerConfiguration:
      Did not match:
         - @ConditionalOnEnabledResourceChain did not find class org.webjars.WebJarAssetLocator (OnEnabledResourceChainCondition)

   WebMvcAutoConfiguration.WebMvcAutoConfigurationAdapter#beanNameViewResolver:
      Did not match:
         - @ConditionalOnMissingBean (types: org.springframework.web.servlet.view.BeanNameViewResolver; SearchStrategy: all) found beans of type 'org.springframework.web.servlet.view.BeanNameViewResolver' beanNameViewResolver (OnBeanCondition)

   WebSecurityEnablerConfiguration:
      Did not match:
         - @ConditionalOnMissingBean (names: springSecurityFilterChain; SearchStrategy: all) found beans named springSecurityFilterChain (OnBeanCondition)
      Matched:
         - @ConditionalOnClass found required class 'org.springframework.security.config.annotation.web.configuration.EnableWebSecurity' (OnClassCondition)
         - found 'session' scope (OnWebApplicationCondition)

   WebServiceTemplateAutoConfiguration:
      Did not match:
         - @ConditionalOnClass did not find required class 'org.springframework.oxm.Marshaller' (OnClassCondition)

   WebServicesAutoConfiguration:
      Did not match:
         - @ConditionalOnClass did not find required class 'org.springframework.ws.transport.http.MessageDispatcherServlet' (OnClassCondition)

   WebSocketMessagingAutoConfiguration:
      Did not match:
         - @ConditionalOnClass did not find required class 'org.springframework.web.socket.config.annotation.WebSocketMessageBrokerConfigurer' (OnClassCondition)

   WebSocketReactiveAutoConfiguration:
      Did not match:
         - @ConditionalOnWebApplication did not find reactive web application classes (OnWebApplicationCondition)

   WebSocketServletAutoConfiguration.Jetty10WebSocketConfiguration:
      Did not match:
         - @ConditionalOnClass did not find required classes 'org.eclipse.jetty.websocket.javax.server.internal.JavaxWebSocketServerContainer', 'org.eclipse.jetty.websocket.server.JettyWebSocketServerContainer' (OnClassCondition)

   WebSocketServletAutoConfiguration.JettyWebSocketConfiguration:
      Did not match:
         - @ConditionalOnClass did not find required class 'org.eclipse.jetty.websocket.jsr356.server.deploy.WebSocketServerContainerInitializer' (OnClassCondition)

   WebSocketServletAutoConfiguration.UndertowWebSocketConfiguration:
      Did not match:
         - @ConditionalOnClass did not find required class 'io.undertow.websockets.jsr.Bootstrap' (OnClassCondition)

   XADataSourceAutoConfiguration:
      Did not match:
         - @ConditionalOnBean (types: org.springframework.boot.jdbc.XADataSourceWrapper; SearchStrategy: all) did not find any beans of type org.springframework.boot.jdbc.XADataSourceWrapper (OnBeanCondition)
      Matched:
         - @ConditionalOnClass found required classes 'javax.sql.DataSource', 'javax.transaction.TransactionManager', 'org.springframework.jdbc.datasource.embedded.EmbeddedDatabaseType' (OnClassCondition)


Exclusions:
-----------

    None


Unconditional classes:
----------------------

    org.springframework.boot.autoconfigure.context.ConfigurationPropertiesAutoConfiguration

    org.springframework.boot.actuate.autoconfigure.availability.AvailabilityHealthContributorAutoConfiguration

    org.springframework.boot.actuate.autoconfigure.info.InfoContributorAutoConfiguration

    org.springframework.boot.autoconfigure.context.PropertyPlaceholderAutoConfiguration

    org.springframework.boot.autoconfigure.context.LifecycleAutoConfiguration

    org.springframework.boot.actuate.autoconfigure.health.HealthContributorAutoConfiguration

    org.springframework.boot.actuate.autoconfigure.metrics.integration.IntegrationMetricsAutoConfiguration

    org.springframework.boot.actuate.autoconfigure.endpoint.EndpointAutoConfiguration

    org.springframework.boot.autoconfigure.availability.ApplicationAvailabilityAutoConfiguration

    org.springframework.boot.autoconfigure.info.ProjectInfoAutoConfiguration

    org.springframework.boot.actuate.autoconfigure.web.server.ManagementContextAutoConfiguration



2022-03-20 12:26:51.339  INFO 5300 --- [    Test worker] recipes.RecipesApplication               : Started RecipesApplication in 3.247 seconds (JVM running for 29.856)
2022-03-20 12:26:51.340 DEBUG 5300 --- [    Test worker] o.s.b.a.ApplicationAvailabilityBean      : Application availability state LivenessState changed to CORRECT
2022-03-20 12:26:51.342 DEBUG 5300 --- [    Test worker] o.s.b.a.ApplicationAvailabilityBean      : Application availability state ReadinessState changed to ACCEPTING_TRAFFIC
?[1;31m
Start test 64?[0m
2022-03-20 12:26:51.369  INFO 5300 --- [nio-8701-exec-1] o.a.c.c.C.[Tomcat].[localhost].[/]       : Initializing Spring DispatcherServlet 'dispatcherServlet'
2022-03-20 12:26:51.369  INFO 5300 --- [nio-8701-exec-1] o.s.web.servlet.DispatcherServlet        : Initializing Servlet 'dispatcherServlet'
2022-03-20 12:26:51.369 DEBUG 5300 --- [nio-8701-exec-1] o.s.web.servlet.DispatcherServlet        : Detected StandardServletMultipartResolver
2022-03-20 12:26:51.369 DEBUG 5300 --- [nio-8701-exec-1] o.s.web.servlet.DispatcherServlet        : Detected AcceptHeaderLocaleResolver
2022-03-20 12:26:51.369 DEBUG 5300 --- [nio-8701-exec-1] o.s.web.servlet.DispatcherServlet        : Detected FixedThemeResolver
2022-03-20 12:26:51.416 DEBUG 5300 --- [nio-8701-exec-1] o.s.web.servlet.DispatcherServlet        : Detected org.springframework.web.servlet.view.DefaultRequestToViewNameTranslator@5b7e2a88
2022-03-20 12:26:51.430 DEBUG 5300 --- [nio-8701-exec-1] o.s.web.servlet.DispatcherServlet        : Detected org.springframework.web.servlet.support.SessionFlashMapManager@3d2bcf0a
2022-03-20 12:26:51.430 DEBUG 5300 --- [nio-8701-exec-1] o.s.web.servlet.DispatcherServlet        : enableLoggingRequestDetails='false': request parameters and headers will be masked to prevent unsafe logging of potentially sensitive data
2022-03-20 12:26:51.431  INFO 5300 --- [nio-8701-exec-1] o.s.web.servlet.DispatcherServlet        : Completed initialization in 62 ms
2022-03-20 12:26:51.431 DEBUG 5300 --- [nio-8701-exec-1] o.s.security.web.FilterChainProxy        : Securing POST /api/recipe/new
2022-03-20 12:26:51.431 DEBUG 5300 --- [nio-8701-exec-1] s.s.w.c.SecurityContextPersistenceFilter : Set SecurityContextHolder to empty SecurityContext
2022-03-20 12:26:51.432 DEBUG 5300 --- [nio-8701-exec-1] tor$SharedEntityManagerInvocationHandler : Creating new EntityManager for shared EntityManager invocation
Hibernate: select user0_.email as email1_3_, user0_.password as password2_3_ from users user0_ where user0_.email=?
2022-03-20 12:26:51.462 DEBUG 5300 --- [nio-8701-exec-1] o.s.s.a.dao.DaoAuthenticationProvider    : Authenticated user
2022-03-20 12:26:51.463 DEBUG 5300 --- [nio-8701-exec-1] o.s.s.w.a.www.BasicAuthenticationFilter  : Set SecurityContextHolder to UsernamePasswordAuthenticationToken [Principal=recipes.businesslayer.UserDetailsImpl@3f533acf, Credentials=[PROTECTED], Authenticated=true, Details=WebAuthenticationDetails [RemoteIpAddress=127.0.0.1, SessionId=null], Granted Authorities=[]]
2022-03-20 12:26:51.464 DEBUG 5300 --- [nio-8701-exec-1] w.c.HttpSessionSecurityContextRepository : Created HttpSession as SecurityContext is non-default
2022-03-20 12:26:51.465 DEBUG 5300 --- [nio-8701-exec-1] w.c.HttpSessionSecurityContextRepository : Stored SecurityContextImpl [Authentication=UsernamePasswordAuthenticationToken [Principal=recipes.businesslayer.UserDetailsImpl@3f533acf, Credentials=[PROTECTED], Authenticated=true, Details=WebAuthenticationDetails [RemoteIpAddress=127.0.0.1, SessionId=null], Granted Authorities=[]]] to HttpSession [org.apache.catalina.session.StandardSessionFacade@54389be2]
2022-03-20 12:26:51.466 DEBUG 5300 --- [nio-8701-exec-1] s.w.s.m.m.a.RequestMappingHandlerMapping : Mapped to recipes.presentation.RecipesController#sendRecipe(Recipe, Authentication)
2022-03-20 12:26:51.466 DEBUG 5300 --- [nio-8701-exec-1] s.w.s.m.m.a.RequestMappingHandlerMapping : Mapped to recipes.presentation.RecipesController#sendRecipe(Recipe, Authentication)
2022-03-20 12:26:51.466 DEBUG 5300 --- [nio-8701-exec-1] s.w.s.m.m.a.RequestMappingHandlerMapping : Mapped to recipes.presentation.RecipesController#sendRecipe(Recipe, Authentication)
2022-03-20 12:26:51.467 DEBUG 5300 --- [nio-8701-exec-1] o.s.s.w.a.i.FilterSecurityInterceptor    : Authorized filter invocation [POST /api/recipe/new] with attributes [authenticated]
2022-03-20 12:26:51.467 DEBUG 5300 --- [nio-8701-exec-1] o.s.security.web.FilterChainProxy        : Secured POST /api/recipe/new
2022-03-20 12:26:51.467 DEBUG 5300 --- [nio-8701-exec-1] o.s.web.servlet.DispatcherServlet        : POST "/api/recipe/new", parameters={}
2022-03-20 12:26:51.468 DEBUG 5300 --- [nio-8701-exec-1] s.w.s.m.m.a.RequestMappingHandlerMapping : Mapped to recipes.presentation.RecipesController#sendRecipe(Recipe, Authentication)
2022-03-20 12:26:51.468 DEBUG 5300 --- [nio-8701-exec-1] o.j.s.OpenEntityManagerInViewInterceptor : Opening JPA EntityManager in OpenEntityManagerInViewInterceptor
2022-03-20 12:26:51.475 DEBUG 5300 --- [nio-8701-exec-1] m.m.a.RequestResponseBodyMethodProcessor : Read "application/json;charset=UTF-8" to [Recipe(id=0, name=Fresh Mint Tea /Test, date=null, category=beverage /Test, description=Light, aroma (truncated)...]
recipes.businesslayer.UserDetailsImpl@3f533acf
LoginTest1@test.com
2022-03-20 12:26:51.508 DEBUG 5300 --- [nio-8701-exec-1] o.s.orm.jpa.JpaTransactionManager        : Found thread-bound EntityManager [SessionImpl(265267479<open>)] for JPA transaction
2022-03-20 12:26:51.508 DEBUG 5300 --- [nio-8701-exec-1] o.s.orm.jpa.JpaTransactionManager        : Creating new transaction with name [org.springframework.data.jpa.repository.support.SimpleJpaRepository.save]: PROPAGATION_REQUIRED,ISOLATION_DEFAULT
2022-03-20 12:26:51.509 DEBUG 5300 --- [nio-8701-exec-1] o.s.orm.jpa.JpaTransactionManager        : Exposing JPA transaction as JDBC [org.springframework.orm.jpa.vendor.HibernateJpaDialect$HibernateConnectionHandle@35965c6c]
Hibernate: call next value for hibernate_sequence
2022-03-20 12:26:51.523 DEBUG 5300 --- [nio-8701-exec-1] o.s.orm.jpa.JpaTransactionManager        : Initiating transaction commit
2022-03-20 12:26:51.523 DEBUG 5300 --- [nio-8701-exec-1] o.s.orm.jpa.JpaTransactionManager        : Committing JPA transaction on EntityManager [SessionImpl(265267479<open>)]
Hibernate: insert into recipes (category, date, description, email, name, id) values (?, ?, ?, ?, ?, ?)
Hibernate: insert into recipe_directions (recipe_id, directions) values (?, ?)
Hibernate: insert into recipe_directions (recipe_id, directions) values (?, ?)
Hibernate: insert into recipe_directions (recipe_id, directions) values (?, ?)
Hibernate: insert into recipe_directions (recipe_id, directions) values (?, ?)
Hibernate: insert into recipe_directions (recipe_id, directions) values (?, ?)
Hibernate: insert into recipe_ingredients (recipe_id, ingredients) values (?, ?)
Hibernate: insert into recipe_ingredients (recipe_id, ingredients) values (?, ?)
Hibernate: insert into recipe_ingredients (recipe_id, ingredients) values (?, ?)
2022-03-20 12:26:51.552 DEBUG 5300 --- [nio-8701-exec-1] o.s.orm.jpa.JpaTransactionManager        : Not closing pre-bound JPA EntityManager after transaction
2022-03-20 12:26:51.555 DEBUG 5300 --- [nio-8701-exec-1] o.s.w.s.m.m.a.HttpEntityMethodProcessor  : Using 'application/json', given [*/*] and supported [application/json, application/*+json, application/json, application/*+json]
2022-03-20 12:26:51.555 DEBUG 5300 --- [nio-8701-exec-1] o.s.w.s.m.m.a.HttpEntityMethodProcessor  : Writing [IdDto(id=164)]
2022-03-20 12:26:51.557 DEBUG 5300 --- [nio-8701-exec-1] w.c.HttpSessionSecurityContextRepository : Stored SecurityContextImpl [Authentication=UsernamePasswordAuthenticationToken [Principal=recipes.businesslayer.UserDetailsImpl@3f533acf, Credentials=[PROTECTED], Authenticated=true, Details=WebAuthenticationDetails [RemoteIpAddress=127.0.0.1, SessionId=null], Granted Authorities=[]]] to HttpSession [org.apache.catalina.session.StandardSessionFacade@54389be2]
2022-03-20 12:26:51.559 DEBUG 5300 --- [nio-8701-exec-1] o.j.s.OpenEntityManagerInViewInterceptor : Closing JPA EntityManager in OpenEntityManagerInViewInterceptor
2022-03-20 12:26:51.559 DEBUG 5300 --- [nio-8701-exec-1] o.s.web.servlet.DispatcherServlet        : Completed 200 OK
2022-03-20 12:26:51.560 DEBUG 5300 --- [nio-8701-exec-1] w.c.HttpSessionSecurityContextRepository : Stored SecurityContextImpl [Authentication=UsernamePasswordAuthenticationToken [Principal=recipes.businesslayer.UserDetailsImpl@3f533acf, Credentials=[PROTECTED], Authenticated=true, Details=WebAuthenticationDetails [RemoteIpAddress=127.0.0.1, SessionId=null], Granted Authorities=[]]] to HttpSession [org.apache.catalina.session.StandardSessionFacade@54389be2]
2022-03-20 12:26:51.560 DEBUG 5300 --- [nio-8701-exec-1] s.s.w.c.SecurityContextPersistenceFilter : Cleared SecurityContextHolder to complete request
?[1;31m
Start test 65?[0m
2022-03-20 12:26:51.610 DEBUG 5300 --- [nio-8701-exec-2] o.s.security.web.FilterChainProxy        : Securing GET /api/recipe/150
2022-03-20 12:26:51.611 DEBUG 5300 --- [nio-8701-exec-2] s.s.w.c.SecurityContextPersistenceFilter : Set SecurityContextHolder to empty SecurityContext
2022-03-20 12:26:51.611 DEBUG 5300 --- [nio-8701-exec-2] tor$SharedEntityManagerInvocationHandler : Creating new EntityManager for shared EntityManager invocation
Hibernate: select user0_.email as email1_3_, user0_.password as password2_3_ from users user0_ where user0_.email=?
2022-03-20 12:26:51.615 DEBUG 5300 --- [nio-8701-exec-2] o.s.s.a.dao.DaoAuthenticationProvider    : Authenticated user
2022-03-20 12:26:51.616 DEBUG 5300 --- [nio-8701-exec-2] o.s.s.w.a.www.BasicAuthenticationFilter  : Set SecurityContextHolder to UsernamePasswordAuthenticationToken [Principal=recipes.businesslayer.UserDetailsImpl@3b5682de, Credentials=[PROTECTED], Authenticated=true, Details=WebAuthenticationDetails [RemoteIpAddress=127.0.0.1, SessionId=null], Granted Authorities=[]]
2022-03-20 12:26:51.617 DEBUG 5300 --- [nio-8701-exec-2] w.c.HttpSessionSecurityContextRepository : Created HttpSession as SecurityContext is non-default
2022-03-20 12:26:51.617 DEBUG 5300 --- [nio-8701-exec-2] w.c.HttpSessionSecurityContextRepository : Stored SecurityContextImpl [Authentication=UsernamePasswordAuthenticationToken [Principal=recipes.businesslayer.UserDetailsImpl@3b5682de, Credentials=[PROTECTED], Authenticated=true, Details=WebAuthenticationDetails [RemoteIpAddress=127.0.0.1, SessionId=null], Granted Authorities=[]]] to HttpSession [org.apache.catalina.session.StandardSessionFacade@2c2d81cc]
2022-03-20 12:26:51.618 DEBUG 5300 --- [nio-8701-exec-2] s.w.s.m.m.a.RequestMappingHandlerMapping : Mapped to recipes.presentation.RecipesController#getRecipe(Long)
2022-03-20 12:26:51.619 DEBUG 5300 --- [nio-8701-exec-2] o.s.s.w.a.i.FilterSecurityInterceptor    : Authorized filter invocation [GET /api/recipe/150] with attributes [authenticated]
2022-03-20 12:26:51.619 DEBUG 5300 --- [nio-8701-exec-2] o.s.security.web.FilterChainProxy        : Secured GET /api/recipe/150
2022-03-20 12:26:51.619 DEBUG 5300 --- [nio-8701-exec-2] o.s.web.servlet.DispatcherServlet        : GET "/api/recipe/150", parameters={}
2022-03-20 12:26:51.620 DEBUG 5300 --- [nio-8701-exec-2] s.w.s.m.m.a.RequestMappingHandlerMapping : Mapped to recipes.presentation.RecipesController#getRecipe(Long)
2022-03-20 12:26:51.620 DEBUG 5300 --- [nio-8701-exec-2] o.j.s.OpenEntityManagerInViewInterceptor : Opening JPA EntityManager in OpenEntityManagerInViewInterceptor
2022-03-20 12:26:51.622 DEBUG 5300 --- [nio-8701-exec-2] o.s.orm.jpa.JpaTransactionManager        : Found thread-bound EntityManager [SessionImpl(1534688657<open>)] for JPA transaction
2022-03-20 12:26:51.622 DEBUG 5300 --- [nio-8701-exec-2] o.s.orm.jpa.JpaTransactionManager        : Creating new transaction with name [org.springframework.data.jpa.repository.support.SimpleJpaRepository.existsById]: PROPAGATION_REQUIRED,ISOLATION_DEFAULT,readOnly
2022-03-20 12:26:51.623 DEBUG 5300 --- [nio-8701-exec-2] o.s.jdbc.datasource.DataSourceUtils      : Setting JDBC Connection [HikariProxyConnection@463123667 wrapping conn20: url=jdbc:h2:tcp://localhost/~/testdb user=SA] read-only
2022-03-20 12:26:51.623 DEBUG 5300 --- [nio-8701-exec-2] o.s.orm.jpa.JpaTransactionManager        : Exposing JPA transaction as JDBC [org.springframework.orm.jpa.vendor.HibernateJpaDialect$HibernateConnectionHandle@29cfb8d4]
Hibernate: select count(*) as col_0_0_ from recipes recipe0_ where recipe0_.id=?
2022-03-20 12:26:51.629 DEBUG 5300 --- [nio-8701-exec-2] o.s.orm.jpa.JpaTransactionManager        : Initiating transaction commit
2022-03-20 12:26:51.630 DEBUG 5300 --- [nio-8701-exec-2] o.s.orm.jpa.JpaTransactionManager        : Committing JPA transaction on EntityManager [SessionImpl(1534688657<open>)]
2022-03-20 12:26:51.631 DEBUG 5300 --- [nio-8701-exec-2] o.s.jdbc.datasource.DataSourceUtils      : Resetting read-only flag of JDBC Connection [HikariProxyConnection@463123667 wrapping conn20: url=jdbc:h2:tcp://localhost/~/testdb user=SA]
2022-03-20 12:26:51.631 DEBUG 5300 --- [nio-8701-exec-2] o.s.orm.jpa.JpaTransactionManager        : Not closing pre-bound JPA EntityManager after transaction
2022-03-20 12:26:51.632 DEBUG 5300 --- [nio-8701-exec-2] o.s.orm.jpa.JpaTransactionManager        : Found thread-bound EntityManager [SessionImpl(1534688657<open>)] for JPA transaction
2022-03-20 12:26:51.632 DEBUG 5300 --- [nio-8701-exec-2] o.s.orm.jpa.JpaTransactionManager        : Creating new transaction with name [org.springframework.data.jpa.repository.support.SimpleJpaRepository.findById]: PROPAGATION_REQUIRED,ISOLATION_DEFAULT,readOnly
2022-03-20 12:26:51.632 DEBUG 5300 --- [nio-8701-exec-2] o.s.jdbc.datasource.DataSourceUtils      : Setting JDBC Connection [HikariProxyConnection@463123667 wrapping conn20: url=jdbc:h2:tcp://localhost/~/testdb user=SA] read-only
2022-03-20 12:26:51.633 DEBUG 5300 --- [nio-8701-exec-2] o.s.orm.jpa.JpaTransactionManager        : Exposing JPA transaction as JDBC [org.springframework.orm.jpa.vendor.HibernateJpaDialect$HibernateConnectionHandle@45984ab4]
Hibernate: select recipe0_.id as id1_2_0_, recipe0_.category as category2_2_0_, recipe0_.date as date3_2_0_, recipe0_.description as descript4_2_0_, recipe0_.email as email5_2_0_, recipe0_.name as name6_2_0_ from recipes recipe0_ where recipe0_.id=?
2022-03-20 12:26:51.637 DEBUG 5300 --- [nio-8701-exec-2] o.s.orm.jpa.JpaTransactionManager        : Initiating transaction commit
2022-03-20 12:26:51.637 DEBUG 5300 --- [nio-8701-exec-2] o.s.orm.jpa.JpaTransactionManager        : Committing JPA transaction on EntityManager [SessionImpl(1534688657<open>)]
2022-03-20 12:26:51.638 DEBUG 5300 --- [nio-8701-exec-2] o.s.jdbc.datasource.DataSourceUtils      : Resetting read-only flag of JDBC Connection [HikariProxyConnection@463123667 wrapping conn20: url=jdbc:h2:tcp://localhost/~/testdb user=SA]
2022-03-20 12:26:51.639 DEBUG 5300 --- [nio-8701-exec-2] o.s.orm.jpa.JpaTransactionManager        : Not closing pre-bound JPA EntityManager after transaction
2022-03-20 12:26:51.643 DEBUG 5300 --- [nio-8701-exec-2] m.m.a.RequestResponseBodyMethodProcessor : Using 'application/json', given [*/*] and supported [application/json, application/*+json, application/json, application/*+json]
Hibernate: select ingredient0_.recipe_id as recipe_i1_1_0_, ingredient0_.ingredients as ingredie2_1_0_ from recipe_ingredients ingredient0_ where ingredient0_.recipe_id=?
Hibernate: select directions0_.recipe_id as recipe_i1_0_0_, directions0_.directions as directio2_0_0_ from recipe_directions directions0_ where directions0_.recipe_id=?
2022-03-20 12:26:51.646 DEBUG 5300 --- [nio-8701-exec-2] m.m.a.RequestResponseBodyMethodProcessor : Writing [Recipe(id=150, name=Warming Ginger Tea /Test, date=2022-03-20T12:26:38.896090, category=beverage /Te (truncated)...]
2022-03-20 12:26:51.653 DEBUG 5300 --- [nio-8701-exec-2] w.c.HttpSessionSecurityContextRepository : Stored SecurityContextImpl [Authentication=UsernamePasswordAuthenticationToken [Principal=recipes.businesslayer.UserDetailsImpl@3b5682de, Credentials=[PROTECTED], Authenticated=true, Details=WebAuthenticationDetails [RemoteIpAddress=127.0.0.1, SessionId=null], Granted Authorities=[]]] to HttpSession [org.apache.catalina.session.StandardSessionFacade@2c2d81cc]
2022-03-20 12:26:51.654 DEBUG 5300 --- [nio-8701-exec-2] o.j.s.OpenEntityManagerInViewInterceptor : Closing JPA EntityManager in OpenEntityManagerInViewInterceptor
2022-03-20 12:26:51.655 DEBUG 5300 --- [nio-8701-exec-2] o.s.web.servlet.DispatcherServlet        : Completed 200 OK
2022-03-20 12:26:51.656 DEBUG 5300 --- [nio-8701-exec-2] w.c.HttpSessionSecurityContextRepository : Stored SecurityContextImpl [Authentication=UsernamePasswordAuthenticationToken [Principal=recipes.businesslayer.UserDetailsImpl@3b5682de, Credentials=[PROTECTED], Authenticated=true, Details=WebAuthenticationDetails [RemoteIpAddress=127.0.0.1, SessionId=null], Granted Authorities=[]]] to HttpSession [org.apache.catalina.session.StandardSessionFacade@2c2d81cc]
2022-03-20 12:26:51.656 DEBUG 5300 --- [nio-8701-exec-2] s.s.w.c.SecurityContextPersistenceFilter : Cleared SecurityContextHolder to complete request
?[1;31m
Start test 66?[0m
2022-03-20 12:26:51.695 DEBUG 5300 --- [nio-8701-exec-3] o.s.security.web.FilterChainProxy        : Securing GET /api/recipe/search/?category=dessert
2022-03-20 12:26:51.696 DEBUG 5300 --- [nio-8701-exec-3] s.s.w.c.SecurityContextPersistenceFilter : Set SecurityContextHolder to empty SecurityContext
2022-03-20 12:26:51.696 DEBUG 5300 --- [nio-8701-exec-3] tor$SharedEntityManagerInvocationHandler : Creating new EntityManager for shared EntityManager invocation
Hibernate: select user0_.email as email1_3_, user0_.password as password2_3_ from users user0_ where user0_.email=?
2022-03-20 12:26:51.699 DEBUG 5300 --- [nio-8701-exec-3] o.s.s.a.dao.DaoAuthenticationProvider    : Authenticated user
2022-03-20 12:26:51.700 DEBUG 5300 --- [nio-8701-exec-3] o.s.s.w.a.www.BasicAuthenticationFilter  : Set SecurityContextHolder to UsernamePasswordAuthenticationToken [Principal=recipes.businesslayer.UserDetailsImpl@3f1db179, Credentials=[PROTECTED], Authenticated=true, Details=WebAuthenticationDetails [RemoteIpAddress=127.0.0.1, SessionId=null], Granted Authorities=[]]
2022-03-20 12:26:51.700 DEBUG 5300 --- [nio-8701-exec-3] w.c.HttpSessionSecurityContextRepository : Created HttpSession as SecurityContext is non-default
2022-03-20 12:26:51.700 DEBUG 5300 --- [nio-8701-exec-3] w.c.HttpSessionSecurityContextRepository : Stored SecurityContextImpl [Authentication=UsernamePasswordAuthenticationToken [Principal=recipes.businesslayer.UserDetailsImpl@3f1db179, Credentials=[PROTECTED], Authenticated=true, Details=WebAuthenticationDetails [RemoteIpAddress=127.0.0.1, SessionId=null], Granted Authorities=[]]] to HttpSession [org.apache.catalina.session.StandardSessionFacade@75e9238f]
2022-03-20 12:26:51.701 DEBUG 5300 --- [nio-8701-exec-3] s.w.s.m.m.a.RequestMappingHandlerMapping : Mapped to recipes.presentation.RecipesController#searchRecipe(String, String)
2022-03-20 12:26:51.702 DEBUG 5300 --- [nio-8701-exec-3] o.s.s.w.a.i.FilterSecurityInterceptor    : Authorized filter invocation [GET /api/recipe/search/?category=dessert] with attributes [authenticated]
2022-03-20 12:26:51.702 DEBUG 5300 --- [nio-8701-exec-3] o.s.security.web.FilterChainProxy        : Secured GET /api/recipe/search/?category=dessert
2022-03-20 12:26:51.703 DEBUG 5300 --- [nio-8701-exec-3] o.s.web.servlet.DispatcherServlet        : GET "/api/recipe/search/?category=dessert", parameters={masked}
2022-03-20 12:26:51.704 DEBUG 5300 --- [nio-8701-exec-3] s.w.s.m.m.a.RequestMappingHandlerMapping : Mapped to recipes.presentation.RecipesController#searchRecipe(String, String)
2022-03-20 12:26:51.704 DEBUG 5300 --- [nio-8701-exec-3] o.j.s.OpenEntityManagerInViewInterceptor : Opening JPA EntityManager in OpenEntityManagerInViewInterceptor
Hibernate: select recipe0_.id as id1_2_, recipe0_.category as category2_2_, recipe0_.date as date3_2_, recipe0_.description as descript4_2_, recipe0_.email as email5_2_, recipe0_.name as name6_2_ from recipes recipe0_ where upper(recipe0_.category)=upper(?) order by recipe0_.date desc
2022-03-20 12:26:51.719 DEBUG 5300 --- [nio-8701-exec-3] o.s.w.s.m.m.a.HttpEntityMethodProcessor  : Using 'application/json', given [*/*] and supported [application/json, application/*+json, application/json, application/*+json]
Hibernate: select ingredient0_.recipe_id as recipe_i1_1_0_, ingredient0_.ingredients as ingredie2_1_0_ from recipe_ingredients ingredient0_ where ingredient0_.recipe_id=?
Hibernate: select directions0_.recipe_id as recipe_i1_0_0_, directions0_.directions as directio2_0_0_ from recipe_directions directions0_ where directions0_.recipe_id=?
Hibernate: select ingredient0_.recipe_id as recipe_i1_1_0_, ingredient0_.ingredients as ingredie2_1_0_ from recipe_ingredients ingredient0_ where ingredient0_.recipe_id=?
Hibernate: select directions0_.recipe_id as recipe_i1_0_0_, directions0_.directions as directio2_0_0_ from recipe_directions directions0_ where directions0_.recipe_id=?
Hibernate: select ingredient0_.recipe_id as recipe_i1_1_0_, ingredient0_.ingredients as ingredie2_1_0_ from recipe_ingredients ingredient0_ where ingredient0_.recipe_id=?
Hibernate: select directions0_.recipe_id as recipe_i1_0_0_, directions0_.directions as directio2_0_0_ from recipe_directions directions0_ where directions0_.recipe_id=?
Hibernate: select ingredient0_.recipe_id as recipe_i1_1_0_, ingredient0_.ingredients as ingredie2_1_0_ from recipe_ingredients ingredient0_ where ingredient0_.recipe_id=?
Hibernate: select directions0_.recipe_id as recipe_i1_0_0_, directions0_.directions as directio2_0_0_ from recipe_directions directions0_ where directions0_.recipe_id=?
Hibernate: select ingredient0_.recipe_id as recipe_i1_1_0_, ingredient0_.ingredients as ingredie2_1_0_ from recipe_ingredients ingredient0_ where ingredient0_.recipe_id=?
Hibernate: select directions0_.recipe_id as recipe_i1_0_0_, directions0_.directions as directio2_0_0_ from recipe_directions directions0_ where directions0_.recipe_id=?
Hibernate: select ingredient0_.recipe_id as recipe_i1_1_0_, ingredient0_.ingredients as ingredie2_1_0_ from recipe_ingredients ingredient0_ where ingredient0_.recipe_id=?
Hibernate: select directions0_.recipe_id as recipe_i1_0_0_, directions0_.directions as directio2_0_0_ from recipe_directions directions0_ where directions0_.recipe_id=?
Hibernate: select ingredient0_.recipe_id as recipe_i1_1_0_, ingredient0_.ingredients as ingredie2_1_0_ from recipe_ingredients ingredient0_ where ingredient0_.recipe_id=?
Hibernate: select directions0_.recipe_id as recipe_i1_0_0_, directions0_.directions as directio2_0_0_ from recipe_directions directions0_ where directions0_.recipe_id=?
2022-03-20 12:26:51.762 DEBUG 5300 --- [nio-8701-exec-3] o.s.w.s.m.m.a.HttpEntityMethodProcessor  : Writing [[Recipe(id=163, name=15 recipe test ice-CREAM, date=2022-03-20T12:26:46.312110, category=Dessert, de (truncated)...]
2022-03-20 12:26:51.765 DEBUG 5300 --- [nio-8701-exec-3] w.c.HttpSessionSecurityContextRepository : Stored SecurityContextImpl [Authentication=UsernamePasswordAuthenticationToken [Principal=recipes.businesslayer.UserDetailsImpl@3f1db179, Credentials=[PROTECTED], Authenticated=true, Details=WebAuthenticationDetails [RemoteIpAddress=127.0.0.1, SessionId=null], Granted Authorities=[]]] to HttpSession [org.apache.catalina.session.StandardSessionFacade@75e9238f]
2022-03-20 12:26:51.766 DEBUG 5300 --- [nio-8701-exec-3] o.j.s.OpenEntityManagerInViewInterceptor : Closing JPA EntityManager in OpenEntityManagerInViewInterceptor
2022-03-20 12:26:51.767 DEBUG 5300 --- [nio-8701-exec-3] o.s.web.servlet.DispatcherServlet        : Completed 200 OK
2022-03-20 12:26:51.767 DEBUG 5300 --- [nio-8701-exec-3] w.c.HttpSessionSecurityContextRepository : Stored SecurityContextImpl [Authentication=UsernamePasswordAuthenticationToken [Principal=recipes.businesslayer.UserDetailsImpl@3f1db179, Credentials=[PROTECTED], Authenticated=true, Details=WebAuthenticationDetails [RemoteIpAddress=127.0.0.1, SessionId=null], Granted Authorities=[]]] to HttpSession [org.apache.catalina.session.StandardSessionFacade@75e9238f]
2022-03-20 12:26:51.767 DEBUG 5300 --- [nio-8701-exec-3] s.s.w.c.SecurityContextPersistenceFilter : Cleared SecurityContextHolder to complete request
?[1;31m
Start test 67?[0m
2022-03-20 12:26:51.794 DEBUG 5300 --- [nio-8701-exec-4] o.s.security.web.FilterChainProxy        : Securing GET /api/recipe/search/?name=ice-cream
2022-03-20 12:26:51.795 DEBUG 5300 --- [nio-8701-exec-4] s.s.w.c.SecurityContextPersistenceFilter : Set SecurityContextHolder to empty SecurityContext
2022-03-20 12:26:51.796 DEBUG 5300 --- [nio-8701-exec-4] tor$SharedEntityManagerInvocationHandler : Creating new EntityManager for shared EntityManager invocation
Hibernate: select user0_.email as email1_3_, user0_.password as password2_3_ from users user0_ where user0_.email=?
2022-03-20 12:26:51.801 DEBUG 5300 --- [nio-8701-exec-4] o.s.s.a.dao.DaoAuthenticationProvider    : Authenticated user
2022-03-20 12:26:51.802 DEBUG 5300 --- [nio-8701-exec-4] o.s.s.w.a.www.BasicAuthenticationFilter  : Set SecurityContextHolder to UsernamePasswordAuthenticationToken [Principal=recipes.businesslayer.UserDetailsImpl@50aa172e, Credentials=[PROTECTED], Authenticated=true, Details=WebAuthenticationDetails [RemoteIpAddress=127.0.0.1, SessionId=null], Granted Authorities=[]]
2022-03-20 12:26:51.802 DEBUG 5300 --- [nio-8701-exec-4] w.c.HttpSessionSecurityContextRepository : Created HttpSession as SecurityContext is non-default
2022-03-20 12:26:51.802 DEBUG 5300 --- [nio-8701-exec-4] w.c.HttpSessionSecurityContextRepository : Stored SecurityContextImpl [Authentication=UsernamePasswordAuthenticationToken [Principal=recipes.businesslayer.UserDetailsImpl@50aa172e, Credentials=[PROTECTED], Authenticated=true, Details=WebAuthenticationDetails [RemoteIpAddress=127.0.0.1, SessionId=null], Granted Authorities=[]]] to HttpSession [org.apache.catalina.session.StandardSessionFacade@4866c12c]
2022-03-20 12:26:51.803 DEBUG 5300 --- [nio-8701-exec-4] s.w.s.m.m.a.RequestMappingHandlerMapping : Mapped to recipes.presentation.RecipesController#searchRecipe(String, String)
2022-03-20 12:26:51.804 DEBUG 5300 --- [nio-8701-exec-4] o.s.s.w.a.i.FilterSecurityInterceptor    : Authorized filter invocation [GET /api/recipe/search/?name=ice-cream] with attributes [authenticated]
2022-03-20 12:26:51.813 DEBUG 5300 --- [nio-8701-exec-4] o.s.security.web.FilterChainProxy        : Secured GET /api/recipe/search/?name=ice-cream
2022-03-20 12:26:51.814 DEBUG 5300 --- [nio-8701-exec-4] o.s.web.servlet.DispatcherServlet        : GET "/api/recipe/search/?name=ice-cream", parameters={masked}
2022-03-20 12:26:51.815 DEBUG 5300 --- [nio-8701-exec-4] s.w.s.m.m.a.RequestMappingHandlerMapping : Mapped to recipes.presentation.RecipesController#searchRecipe(String, String)
2022-03-20 12:26:51.815 DEBUG 5300 --- [nio-8701-exec-4] o.j.s.OpenEntityManagerInViewInterceptor : Opening JPA EntityManager in OpenEntityManagerInViewInterceptor
Hibernate: select recipe0_.id as id1_2_, recipe0_.category as category2_2_, recipe0_.date as date3_2_, recipe0_.description as descript4_2_, recipe0_.email as email5_2_, recipe0_.name as name6_2_ from recipes recipe0_ where upper(recipe0_.name) like upper(?) escape ? order by recipe0_.date desc
2022-03-20 12:26:51.826 DEBUG 5300 --- [nio-8701-exec-4] o.s.w.s.m.m.a.HttpEntityMethodProcessor  : Using 'application/json', given [*/*] and supported [application/json, application/*+json, application/json, application/*+json]
Hibernate: select ingredient0_.recipe_id as recipe_i1_1_0_, ingredient0_.ingredients as ingredie2_1_0_ from recipe_ingredients ingredient0_ where ingredient0_.recipe_id=?
Hibernate: select directions0_.recipe_id as recipe_i1_0_0_, directions0_.directions as directio2_0_0_ from recipe_directions directions0_ where directions0_.recipe_id=?
Hibernate: select ingredient0_.recipe_id as recipe_i1_1_0_, ingredient0_.ingredients as ingredie2_1_0_ from recipe_ingredients ingredient0_ where ingredient0_.recipe_id=?
Hibernate: select directions0_.recipe_id as recipe_i1_0_0_, directions0_.directions as directio2_0_0_ from recipe_directions directions0_ where directions0_.recipe_id=?
Hibernate: select ingredient0_.recipe_id as recipe_i1_1_0_, ingredient0_.ingredients as ingredie2_1_0_ from recipe_ingredients ingredient0_ where ingredient0_.recipe_id=?
Hibernate: select directions0_.recipe_id as recipe_i1_0_0_, directions0_.directions as directio2_0_0_ from recipe_directions directions0_ where directions0_.recipe_id=?
Hibernate: select ingredient0_.recipe_id as recipe_i1_1_0_, ingredient0_.ingredients as ingredie2_1_0_ from recipe_ingredients ingredient0_ where ingredient0_.recipe_id=?
Hibernate: select directions0_.recipe_id as recipe_i1_0_0_, directions0_.directions as directio2_0_0_ from recipe_directions directions0_ where directions0_.recipe_id=?
Hibernate: select ingredient0_.recipe_id as recipe_i1_1_0_, ingredient0_.ingredients as ingredie2_1_0_ from recipe_ingredients ingredient0_ where ingredient0_.recipe_id=?
Hibernate: select directions0_.recipe_id as recipe_i1_0_0_, directions0_.directions as directio2_0_0_ from recipe_directions directions0_ where directions0_.recipe_id=?
Hibernate: select ingredient0_.recipe_id as recipe_i1_1_0_, ingredient0_.ingredients as ingredie2_1_0_ from recipe_ingredients ingredient0_ where ingredient0_.recipe_id=?
Hibernate: select directions0_.recipe_id as recipe_i1_0_0_, directions0_.directions as directio2_0_0_ from recipe_directions directions0_ where directions0_.recipe_id=?
2022-03-20 12:26:51.853 DEBUG 5300 --- [nio-8701-exec-4] o.s.w.s.m.m.a.HttpEntityMethodProcessor  : Writing [[Recipe(id=163, name=15 recipe test ice-CREAM, date=2022-03-20T12:26:46.312110, category=Dessert, de (truncated)...]
2022-03-20 12:26:51.855 DEBUG 5300 --- [nio-8701-exec-4] w.c.HttpSessionSecurityContextRepository : Stored SecurityContextImpl [Authentication=UsernamePasswordAuthenticationToken [Principal=recipes.businesslayer.UserDetailsImpl@50aa172e, Credentials=[PROTECTED], Authenticated=true, Details=WebAuthenticationDetails [RemoteIpAddress=127.0.0.1, SessionId=null], Granted Authorities=[]]] to HttpSession [org.apache.catalina.session.StandardSessionFacade@4866c12c]
2022-03-20 12:26:51.855 DEBUG 5300 --- [nio-8701-exec-4] o.j.s.OpenEntityManagerInViewInterceptor : Closing JPA EntityManager in OpenEntityManagerInViewInterceptor
2022-03-20 12:26:51.856 DEBUG 5300 --- [nio-8701-exec-4] o.s.web.servlet.DispatcherServlet        : Completed 200 OK
2022-03-20 12:26:51.856 DEBUG 5300 --- [nio-8701-exec-4] w.c.HttpSessionSecurityContextRepository : Stored SecurityContextImpl [Authentication=UsernamePasswordAuthenticationToken [Principal=recipes.businesslayer.UserDetailsImpl@50aa172e, Credentials=[PROTECTED], Authenticated=true, Details=WebAuthenticationDetails [RemoteIpAddress=127.0.0.1, SessionId=null], Granted Authorities=[]]] to HttpSession [org.apache.catalina.session.StandardSessionFacade@4866c12c]
2022-03-20 12:26:51.856 DEBUG 5300 --- [nio-8701-exec-4] s.s.w.c.SecurityContextPersistenceFilter : Cleared SecurityContextHolder to complete request
?[1;31m
Start test 68?[0m
2022-03-20 12:26:51.867 DEBUG 5300 --- [nio-8701-exec-5] o.s.security.web.FilterChainProxy        : Securing DELETE /api/recipe/150
2022-03-20 12:26:51.867 DEBUG 5300 --- [nio-8701-exec-5] s.s.w.c.SecurityContextPersistenceFilter : Set SecurityContextHolder to empty SecurityContext
2022-03-20 12:26:51.868 DEBUG 5300 --- [nio-8701-exec-5] tor$SharedEntityManagerInvocationHandler : Creating new EntityManager for shared EntityManager invocation
Hibernate: select user0_.email as email1_3_, user0_.password as password2_3_ from users user0_ where user0_.email=?
2022-03-20 12:26:51.870 DEBUG 5300 --- [nio-8701-exec-5] o.s.s.a.dao.DaoAuthenticationProvider    : Authenticated user
2022-03-20 12:26:51.870 DEBUG 5300 --- [nio-8701-exec-5] o.s.s.w.a.www.BasicAuthenticationFilter  : Set SecurityContextHolder to UsernamePasswordAuthenticationToken [Principal=recipes.businesslayer.UserDetailsImpl@722f7214, Credentials=[PROTECTED], Authenticated=true, Details=WebAuthenticationDetails [RemoteIpAddress=127.0.0.1, SessionId=null], Granted Authorities=[]]
2022-03-20 12:26:51.871 DEBUG 5300 --- [nio-8701-exec-5] w.c.HttpSessionSecurityContextRepository : Created HttpSession as SecurityContext is non-default
2022-03-20 12:26:51.871 DEBUG 5300 --- [nio-8701-exec-5] w.c.HttpSessionSecurityContextRepository : Stored SecurityContextImpl [Authentication=UsernamePasswordAuthenticationToken [Principal=recipes.businesslayer.UserDetailsImpl@722f7214, Credentials=[PROTECTED], Authenticated=true, Details=WebAuthenticationDetails [RemoteIpAddress=127.0.0.1, SessionId=null], Granted Authorities=[]]] to HttpSession [org.apache.catalina.session.StandardSessionFacade@63649f0d]
2022-03-20 12:26:51.871 DEBUG 5300 --- [nio-8701-exec-5] s.w.s.m.m.a.RequestMappingHandlerMapping : Mapped to recipes.presentation.RecipesController#deleteRecipe(UserDetails, Long)
2022-03-20 12:26:51.872 DEBUG 5300 --- [nio-8701-exec-5] o.s.s.w.a.i.FilterSecurityInterceptor    : Authorized filter invocation [DELETE /api/recipe/150] with attributes [authenticated]
2022-03-20 12:26:51.872 DEBUG 5300 --- [nio-8701-exec-5] o.s.security.web.FilterChainProxy        : Secured DELETE /api/recipe/150
2022-03-20 12:26:51.872 DEBUG 5300 --- [nio-8701-exec-5] o.s.web.servlet.DispatcherServlet        : DELETE "/api/recipe/150", parameters={}
2022-03-20 12:26:51.873 DEBUG 5300 --- [nio-8701-exec-5] s.w.s.m.m.a.RequestMappingHandlerMapping : Mapped to recipes.presentation.RecipesController#deleteRecipe(UserDetails, Long)
2022-03-20 12:26:51.873 DEBUG 5300 --- [nio-8701-exec-5] o.j.s.OpenEntityManagerInViewInterceptor : Opening JPA EntityManager in OpenEntityManagerInViewInterceptor
2022-03-20 12:26:51.874 DEBUG 5300 --- [nio-8701-exec-5] o.s.orm.jpa.JpaTransactionManager        : Found thread-bound EntityManager [SessionImpl(1125597262<open>)] for JPA transaction
2022-03-20 12:26:51.874 DEBUG 5300 --- [nio-8701-exec-5] o.s.orm.jpa.JpaTransactionManager        : Creating new transaction with name [org.springframework.data.jpa.repository.support.SimpleJpaRepository.existsById]: PROPAGATION_REQUIRED,ISOLATION_DEFAULT,readOnly
2022-03-20 12:26:51.874 DEBUG 5300 --- [nio-8701-exec-5] o.s.jdbc.datasource.DataSourceUtils      : Setting JDBC Connection [HikariProxyConnection@464974827 wrapping conn20: url=jdbc:h2:tcp://localhost/~/testdb user=SA] read-only
2022-03-20 12:26:51.875 DEBUG 5300 --- [nio-8701-exec-5] o.s.orm.jpa.JpaTransactionManager        : Exposing JPA transaction as JDBC [org.springframework.orm.jpa.vendor.HibernateJpaDialect$HibernateConnectionHandle@12008d5b]
Hibernate: select count(*) as col_0_0_ from recipes recipe0_ where recipe0_.id=?
2022-03-20 12:26:51.876 DEBUG 5300 --- [nio-8701-exec-5] o.s.orm.jpa.JpaTransactionManager        : Initiating transaction commit
2022-03-20 12:26:51.876 DEBUG 5300 --- [nio-8701-exec-5] o.s.orm.jpa.JpaTransactionManager        : Committing JPA transaction on EntityManager [SessionImpl(1125597262<open>)]
2022-03-20 12:26:51.878 DEBUG 5300 --- [nio-8701-exec-5] o.s.jdbc.datasource.DataSourceUtils      : Resetting read-only flag of JDBC Connection [HikariProxyConnection@464974827 wrapping conn20: url=jdbc:h2:tcp://localhost/~/testdb user=SA]
2022-03-20 12:26:51.878 DEBUG 5300 --- [nio-8701-exec-5] o.s.orm.jpa.JpaTransactionManager        : Not closing pre-bound JPA EntityManager after transaction
2022-03-20 12:26:51.878 DEBUG 5300 --- [nio-8701-exec-5] o.s.orm.jpa.JpaTransactionManager        : Found thread-bound EntityManager [SessionImpl(1125597262<open>)] for JPA transaction
2022-03-20 12:26:51.879 DEBUG 5300 --- [nio-8701-exec-5] o.s.orm.jpa.JpaTransactionManager        : Creating new transaction with name [org.springframework.data.jpa.repository.support.SimpleJpaRepository.findById]: PROPAGATION_REQUIRED,ISOLATION_DEFAULT,readOnly
2022-03-20 12:26:51.879 DEBUG 5300 --- [nio-8701-exec-5] o.s.jdbc.datasource.DataSourceUtils      : Setting JDBC Connection [HikariProxyConnection@464974827 wrapping conn20: url=jdbc:h2:tcp://localhost/~/testdb user=SA] read-only
2022-03-20 12:26:51.879 DEBUG 5300 --- [nio-8701-exec-5] o.s.orm.jpa.JpaTransactionManager        : Exposing JPA transaction as JDBC [org.springframework.orm.jpa.vendor.HibernateJpaDialect$HibernateConnectionHandle@b25cf2]
Hibernate: select recipe0_.id as id1_2_0_, recipe0_.category as category2_2_0_, recipe0_.date as date3_2_0_, recipe0_.description as descript4_2_0_, recipe0_.email as email5_2_0_, recipe0_.name as name6_2_0_ from recipes recipe0_ where recipe0_.id=?
2022-03-20 12:26:51.882 DEBUG 5300 --- [nio-8701-exec-5] o.s.orm.jpa.JpaTransactionManager        : Initiating transaction commit
2022-03-20 12:26:51.882 DEBUG 5300 --- [nio-8701-exec-5] o.s.orm.jpa.JpaTransactionManager        : Committing JPA transaction on EntityManager [SessionImpl(1125597262<open>)]
2022-03-20 12:26:51.883 DEBUG 5300 --- [nio-8701-exec-5] o.s.jdbc.datasource.DataSourceUtils      : Resetting read-only flag of JDBC Connection [HikariProxyConnection@464974827 wrapping conn20: url=jdbc:h2:tcp://localhost/~/testdb user=SA]
2022-03-20 12:26:51.883 DEBUG 5300 --- [nio-8701-exec-5] o.s.orm.jpa.JpaTransactionManager        : Not closing pre-bound JPA EntityManager after transaction
2022-03-20 12:26:51.884 DEBUG 5300 --- [nio-8701-exec-5] o.s.w.s.m.m.a.HttpEntityMethodProcessor  : Using 'application/json', given [*/*] and supported [application/json, application/*+json, application/json, application/*+json]
2022-03-20 12:26:51.884 DEBUG 5300 --- [nio-8701-exec-5] o.s.w.s.m.m.a.HttpEntityMethodProcessor  : Nothing to write: null body
2022-03-20 12:26:51.885 DEBUG 5300 --- [nio-8701-exec-5] o.j.s.OpenEntityManagerInViewInterceptor : Closing JPA EntityManager in OpenEntityManagerInViewInterceptor
2022-03-20 12:26:51.885 DEBUG 5300 --- [nio-8701-exec-5] o.s.web.servlet.DispatcherServlet        : Completed 403 FORBIDDEN
2022-03-20 12:26:51.885 DEBUG 5300 --- [nio-8701-exec-5] w.c.HttpSessionSecurityContextRepository : Stored SecurityContextImpl [Authentication=UsernamePasswordAuthenticationToken [Principal=recipes.businesslayer.UserDetailsImpl@722f7214, Credentials=[PROTECTED], Authenticated=true, Details=WebAuthenticationDetails [RemoteIpAddress=127.0.0.1, SessionId=null], Granted Authorities=[]]] to HttpSession [org.apache.catalina.session.StandardSessionFacade@63649f0d]
2022-03-20 12:26:51.885 DEBUG 5300 --- [nio-8701-exec-5] s.s.w.c.SecurityContextPersistenceFilter : Cleared SecurityContextHolder to complete request
?[1;31m
Start test 69?[0m
2022-03-20 12:26:51.894 DEBUG 5300 --- [nio-8701-exec-6] o.s.security.web.FilterChainProxy        : Securing PUT /api/recipe/150
2022-03-20 12:26:51.894 DEBUG 5300 --- [nio-8701-exec-6] s.s.w.c.SecurityContextPersistenceFilter : Set SecurityContextHolder to empty SecurityContext
2022-03-20 12:26:51.895 DEBUG 5300 --- [nio-8701-exec-6] tor$SharedEntityManagerInvocationHandler : Creating new EntityManager for shared EntityManager invocation
Hibernate: select user0_.email as email1_3_, user0_.password as password2_3_ from users user0_ where user0_.email=?
2022-03-20 12:26:51.897 DEBUG 5300 --- [nio-8701-exec-6] o.s.s.a.dao.DaoAuthenticationProvider    : Authenticated user
2022-03-20 12:26:51.897 DEBUG 5300 --- [nio-8701-exec-6] o.s.s.w.a.www.BasicAuthenticationFilter  : Set SecurityContextHolder to UsernamePasswordAuthenticationToken [Principal=recipes.businesslayer.UserDetailsImpl@2631f031, Credentials=[PROTECTED], Authenticated=true, Details=WebAuthenticationDetails [RemoteIpAddress=127.0.0.1, SessionId=null], Granted Authorities=[]]
2022-03-20 12:26:51.898 DEBUG 5300 --- [nio-8701-exec-6] w.c.HttpSessionSecurityContextRepository : Created HttpSession as SecurityContext is non-default
2022-03-20 12:26:51.898 DEBUG 5300 --- [nio-8701-exec-6] w.c.HttpSessionSecurityContextRepository : Stored SecurityContextImpl [Authentication=UsernamePasswordAuthenticationToken [Principal=recipes.businesslayer.UserDetailsImpl@2631f031, Credentials=[PROTECTED], Authenticated=true, Details=WebAuthenticationDetails [RemoteIpAddress=127.0.0.1, SessionId=null], Granted Authorities=[]]] to HttpSession [org.apache.catalina.session.StandardSessionFacade@178174a5]
2022-03-20 12:26:51.899 DEBUG 5300 --- [nio-8701-exec-6] s.w.s.m.m.a.RequestMappingHandlerMapping : Mapped to recipes.presentation.RecipesController#updateRecipe(Long, Recipe, UserDetails)
2022-03-20 12:26:51.899 DEBUG 5300 --- [nio-8701-exec-6] o.s.s.w.a.i.FilterSecurityInterceptor    : Authorized filter invocation [PUT /api/recipe/150] with attributes [authenticated]
2022-03-20 12:26:51.899 DEBUG 5300 --- [nio-8701-exec-6] o.s.security.web.FilterChainProxy        : Secured PUT /api/recipe/150
2022-03-20 12:26:51.899 DEBUG 5300 --- [nio-8701-exec-6] o.s.web.servlet.DispatcherServlet        : PUT "/api/recipe/150", parameters={}
2022-03-20 12:26:51.900 DEBUG 5300 --- [nio-8701-exec-6] s.w.s.m.m.a.RequestMappingHandlerMapping : Mapped to recipes.presentation.RecipesController#updateRecipe(Long, Recipe, UserDetails)
2022-03-20 12:26:51.900 DEBUG 5300 --- [nio-8701-exec-6] o.j.s.OpenEntityManagerInViewInterceptor : Opening JPA EntityManager in OpenEntityManagerInViewInterceptor
2022-03-20 12:26:51.902 DEBUG 5300 --- [nio-8701-exec-6] m.m.a.RequestResponseBodyMethodProcessor : Read "application/json;charset=UTF-8" to [Recipe(id=0, name=ice-cream, date=null, category=Dessert, description=-, ingredients=[--, ---, -], d (truncated)...]
2022-03-20 12:26:51.902 DEBUG 5300 --- [nio-8701-exec-6] o.s.orm.jpa.JpaTransactionManager        : Found thread-bound EntityManager [SessionImpl(1520860996<open>)] for JPA transaction
2022-03-20 12:26:51.902 DEBUG 5300 --- [nio-8701-exec-6] o.s.orm.jpa.JpaTransactionManager        : Creating new transaction with name [org.springframework.data.jpa.repository.support.SimpleJpaRepository.existsById]: PROPAGATION_REQUIRED,ISOLATION_DEFAULT,readOnly
2022-03-20 12:26:51.903 DEBUG 5300 --- [nio-8701-exec-6] o.s.jdbc.datasource.DataSourceUtils      : Setting JDBC Connection [HikariProxyConnection@620987997 wrapping conn20: url=jdbc:h2:tcp://localhost/~/testdb user=SA] read-only
2022-03-20 12:26:51.903 DEBUG 5300 --- [nio-8701-exec-6] o.s.orm.jpa.JpaTransactionManager        : Exposing JPA transaction as JDBC [org.springframework.orm.jpa.vendor.HibernateJpaDialect$HibernateConnectionHandle@7483a1c8]
Hibernate: select count(*) as col_0_0_ from recipes recipe0_ where recipe0_.id=?
2022-03-20 12:26:51.905 DEBUG 5300 --- [nio-8701-exec-6] o.s.orm.jpa.JpaTransactionManager        : Initiating transaction commit
2022-03-20 12:26:51.905 DEBUG 5300 --- [nio-8701-exec-6] o.s.orm.jpa.JpaTransactionManager        : Committing JPA transaction on EntityManager [SessionImpl(1520860996<open>)]
2022-03-20 12:26:51.906 DEBUG 5300 --- [nio-8701-exec-6] o.s.jdbc.datasource.DataSourceUtils      : Resetting read-only flag of JDBC Connection [HikariProxyConnection@620987997 wrapping conn20: url=jdbc:h2:tcp://localhost/~/testdb user=SA]
2022-03-20 12:26:51.906 DEBUG 5300 --- [nio-8701-exec-6] o.s.orm.jpa.JpaTransactionManager        : Not closing pre-bound JPA EntityManager after transaction
2022-03-20 12:26:51.906 DEBUG 5300 --- [nio-8701-exec-6] o.s.orm.jpa.JpaTransactionManager        : Found thread-bound EntityManager [SessionImpl(1520860996<open>)] for JPA transaction
2022-03-20 12:26:51.906 DEBUG 5300 --- [nio-8701-exec-6] o.s.orm.jpa.JpaTransactionManager        : Creating new transaction with name [org.springframework.data.jpa.repository.support.SimpleJpaRepository.findById]: PROPAGATION_REQUIRED,ISOLATION_DEFAULT,readOnly
2022-03-20 12:26:51.906 DEBUG 5300 --- [nio-8701-exec-6] o.s.jdbc.datasource.DataSourceUtils      : Setting JDBC Connection [HikariProxyConnection@620987997 wrapping conn20: url=jdbc:h2:tcp://localhost/~/testdb user=SA] read-only
2022-03-20 12:26:51.906 DEBUG 5300 --- [nio-8701-exec-6] o.s.orm.jpa.JpaTransactionManager        : Exposing JPA transaction as JDBC [org.springframework.orm.jpa.vendor.HibernateJpaDialect$HibernateConnectionHandle@12ed74c7]
Hibernate: select recipe0_.id as id1_2_0_, recipe0_.category as category2_2_0_, recipe0_.date as date3_2_0_, recipe0_.description as descript4_2_0_, recipe0_.email as email5_2_0_, recipe0_.name as name6_2_0_ from recipes recipe0_ where recipe0_.id=?
2022-03-20 12:26:51.908 DEBUG 5300 --- [nio-8701-exec-6] o.s.orm.jpa.JpaTransactionManager        : Initiating transaction commit
2022-03-20 12:26:51.908 DEBUG 5300 --- [nio-8701-exec-6] o.s.orm.jpa.JpaTransactionManager        : Committing JPA transaction on EntityManager [SessionImpl(1520860996<open>)]
2022-03-20 12:26:51.909 DEBUG 5300 --- [nio-8701-exec-6] o.s.jdbc.datasource.DataSourceUtils      : Resetting read-only flag of JDBC Connection [HikariProxyConnection@620987997 wrapping conn20: url=jdbc:h2:tcp://localhost/~/testdb user=SA]
2022-03-20 12:26:51.909 DEBUG 5300 --- [nio-8701-exec-6] o.s.orm.jpa.JpaTransactionManager        : Not closing pre-bound JPA EntityManager after transaction
2022-03-20 12:26:51.909 DEBUG 5300 --- [nio-8701-exec-6] o.s.w.s.m.m.a.HttpEntityMethodProcessor  : Using 'application/octet-stream', given [*/*] and supported [*/*]
2022-03-20 12:26:51.910 DEBUG 5300 --- [nio-8701-exec-6] o.j.s.OpenEntityManagerInViewInterceptor : Closing JPA EntityManager in OpenEntityManagerInViewInterceptor
2022-03-20 12:26:51.910 DEBUG 5300 --- [nio-8701-exec-6] o.s.web.servlet.DispatcherServlet        : Completed 403 FORBIDDEN
2022-03-20 12:26:51.910 DEBUG 5300 --- [nio-8701-exec-6] w.c.HttpSessionSecurityContextRepository : Stored SecurityContextImpl [Authentication=UsernamePasswordAuthenticationToken [Principal=recipes.businesslayer.UserDetailsImpl@2631f031, Credentials=[PROTECTED], Authenticated=true, Details=WebAuthenticationDetails [RemoteIpAddress=127.0.0.1, SessionId=null], Granted Authorities=[]]] to HttpSession [org.apache.catalina.session.StandardSessionFacade@178174a5]
2022-03-20 12:26:51.911 DEBUG 5300 --- [nio-8701-exec-6] s.s.w.c.SecurityContextPersistenceFilter : Cleared SecurityContextHolder to complete request
?[1;31m
Start test 70?[0m
2022-03-20 12:26:51.920 DEBUG 5300 --- [nio-8701-exec-7] o.s.security.web.FilterChainProxy        : Securing POST /api/recipe/new
2022-03-20 12:26:51.920 DEBUG 5300 --- [nio-8701-exec-7] s.s.w.c.SecurityContextPersistenceFilter : Set SecurityContextHolder to empty SecurityContext
2022-03-20 12:26:51.920 DEBUG 5300 --- [nio-8701-exec-7] tor$SharedEntityManagerInvocationHandler : Creating new EntityManager for shared EntityManager invocation
Hibernate: select user0_.email as email1_3_, user0_.password as password2_3_ from users user0_ where user0_.email=?
2022-03-20 12:26:51.923 DEBUG 5300 --- [nio-8701-exec-7] o.s.s.a.dao.DaoAuthenticationProvider    : Failed to find user 'abc@test.com'
2022-03-20 12:26:51.929 DEBUG 5300 --- [nio-8701-exec-7] o.s.s.w.a.www.BasicAuthenticationFilter  : Failed to process authentication request

org.springframework.security.authentication.BadCredentialsException: Bad credentials
	at org.springframework.security.authentication.dao.AbstractUserDetailsAuthenticationProvider.authenticate(AbstractUserDetailsAuthenticationProvider.java:141) ~[spring-security-core-5.5.3.jar:5.5.3]
	at org.springframework.security.authentication.ProviderManager.authenticate(ProviderManager.java:182) ~[spring-security-core-5.5.3.jar:5.5.3]
	at org.springframework.security.authentication.ProviderManager.authenticate(ProviderManager.java:201) ~[spring-security-core-5.5.3.jar:5.5.3]
	at org.springframework.security.web.authentication.www.BasicAuthenticationFilter.doFilterInternal(BasicAuthenticationFilter.java:155) ~[spring-security-web-5.5.3.jar:5.5.3]
	at org.springframework.web.filter.OncePerRequestFilter.doFilter(OncePerRequestFilter.java:119) ~[spring-web-5.3.12.jar:5.3.12]
	at org.springframework.security.web.FilterChainProxy$VirtualFilterChain.doFilter(FilterChainProxy.java:336) ~[spring-security-web-5.5.3.jar:5.5.3]
	at org.springframework.security.web.authentication.logout.LogoutFilter.doFilter(LogoutFilter.java:103) ~[spring-security-web-5.5.3.jar:5.5.3]
	at org.springframework.security.web.authentication.logout.LogoutFilter.doFilter(LogoutFilter.java:89) ~[spring-security-web-5.5.3.jar:5.5.3]
	at org.springframework.security.web.FilterChainProxy$VirtualFilterChain.doFilter(FilterChainProxy.java:336) ~[spring-security-web-5.5.3.jar:5.5.3]
	at org.springframework.security.web.header.HeaderWriterFilter.doHeadersAfter(HeaderWriterFilter.java:90) ~[spring-security-web-5.5.3.jar:5.5.3]
	at org.springframework.security.web.header.HeaderWriterFilter.doFilterInternal(HeaderWriterFilter.java:75) ~[spring-security-web-5.5.3.jar:5.5.3]
	at org.springframework.web.filter.OncePerRequestFilter.doFilter(OncePerRequestFilter.java:119) ~[spring-web-5.3.12.jar:5.3.12]
	at org.springframework.security.web.FilterChainProxy$VirtualFilterChain.doFilter(FilterChainProxy.java:336) ~[spring-security-web-5.5.3.jar:5.5.3]
	at org.springframework.security.web.context.SecurityContextPersistenceFilter.doFilter(SecurityContextPersistenceFilter.java:110) ~[spring-security-web-5.5.3.jar:5.5.3]
	at org.springframework.security.web.context.SecurityContextPersistenceFilter.doFilter(SecurityContextPersistenceFilter.java:80) ~[spring-security-web-5.5.3.jar:5.5.3]
	at org.springframework.security.web.FilterChainProxy$VirtualFilterChain.doFilter(FilterChainProxy.java:336) ~[spring-security-web-5.5.3.jar:5.5.3]
	at org.springframework.security.web.context.request.async.WebAsyncManagerIntegrationFilter.doFilterInternal(WebAsyncManagerIntegrationFilter.java:55) ~[spring-security-web-5.5.3.jar:5.5.3]
	at org.springframework.web.filter.OncePerRequestFilter.doFilter(OncePerRequestFilter.java:119) ~[spring-web-5.3.12.jar:5.3.12]
	at org.springframework.security.web.FilterChainProxy$VirtualFilterChain.doFilter(FilterChainProxy.java:336) ~[spring-security-web-5.5.3.jar:5.5.3]
	at org.springframework.security.web.FilterChainProxy.doFilterInternal(FilterChainProxy.java:211) ~[spring-security-web-5.5.3.jar:5.5.3]
	at org.springframework.security.web.FilterChainProxy.doFilter(FilterChainProxy.java:183) ~[spring-security-web-5.5.3.jar:5.5.3]
	at org.springframework.web.filter.DelegatingFilterProxy.invokeDelegate(DelegatingFilterProxy.java:358) ~[spring-web-5.3.12.jar:5.3.12]
	at org.springframework.web.filter.DelegatingFilterProxy.doFilter(DelegatingFilterProxy.java:271) ~[spring-web-5.3.12.jar:5.3.12]
	at jdk.internal.reflect.GeneratedMethodAccessor59.invoke(Unknown Source) ~[na:na]
	at java.base/jdk.internal.reflect.DelegatingMethodAccessorImpl.invoke(DelegatingMethodAccessorImpl.java:43) ~[na:na]
	at java.base/java.lang.reflect.Method.invoke(Method.java:568) ~[na:na]
	at org.apache.catalina.security.SecurityUtil.lambda$execute$0(SecurityUtil.java:280) ~[tomcat-embed-core-9.0.54.jar:9.0.54]
	at java.base/java.security.AccessController.doPrivileged(AccessController.java:712) ~[na:na]
	at java.base/javax.security.auth.Subject.doAsPrivileged(Subject.java:584) ~[na:na]
	at org.apache.catalina.security.SecurityUtil.execute(SecurityUtil.java:311) ~[tomcat-embed-core-9.0.54.jar:9.0.54]
	at org.apache.catalina.security.SecurityUtil.doAsPrivilege(SecurityUtil.java:253) ~[tomcat-embed-core-9.0.54.jar:9.0.54]
	at org.apache.catalina.core.ApplicationFilterChain.internalDoFilter(ApplicationFilterChain.java:187) ~[tomcat-embed-core-9.0.54.jar:9.0.54]
	at org.apache.catalina.core.ApplicationFilterChain.lambda$doFilter$0(ApplicationFilterChain.java:145) ~[tomcat-embed-core-9.0.54.jar:9.0.54]
	at java.base/java.security.AccessController.doPrivileged(AccessController.java:569) ~[na:na]
	at org.apache.catalina.core.ApplicationFilterChain.doFilter(ApplicationFilterChain.java:143) ~[tomcat-embed-core-9.0.54.jar:9.0.54]
	at org.springframework.web.filter.RequestContextFilter.doFilterInternal(RequestContextFilter.java:100) ~[spring-web-5.3.12.jar:5.3.12]
	at org.springframework.web.filter.OncePerRequestFilter.doFilter(OncePerRequestFilter.java:119) ~[spring-web-5.3.12.jar:5.3.12]
	at jdk.internal.reflect.GeneratedMethodAccessor59.invoke(Unknown Source) ~[na:na]
	at java.base/jdk.internal.reflect.DelegatingMethodAccessorImpl.invoke(DelegatingMethodAccessorImpl.java:43) ~[na:na]
	at java.base/java.lang.reflect.Method.invoke(Method.java:568) ~[na:na]
	at org.apache.catalina.security.SecurityUtil.lambda$execute$0(SecurityUtil.java:280) ~[tomcat-embed-core-9.0.54.jar:9.0.54]
	at java.base/java.security.AccessController.doPrivileged(AccessController.java:712) ~[na:na]
	at java.base/javax.security.auth.Subject.doAsPrivileged(Subject.java:584) ~[na:na]
	at org.apache.catalina.security.SecurityUtil.execute(SecurityUtil.java:311) ~[tomcat-embed-core-9.0.54.jar:9.0.54]
	at org.apache.catalina.security.SecurityUtil.doAsPrivilege(SecurityUtil.java:253) ~[tomcat-embed-core-9.0.54.jar:9.0.54]
	at org.apache.catalina.core.ApplicationFilterChain.internalDoFilter(ApplicationFilterChain.java:187) ~[tomcat-embed-core-9.0.54.jar:9.0.54]
	at org.apache.catalina.core.ApplicationFilterChain.lambda$doFilter$0(ApplicationFilterChain.java:145) ~[tomcat-embed-core-9.0.54.jar:9.0.54]
	at java.base/java.security.AccessController.doPrivileged(AccessController.java:569) ~[na:na]
	at org.apache.catalina.core.ApplicationFilterChain.doFilter(ApplicationFilterChain.java:143) ~[tomcat-embed-core-9.0.54.jar:9.0.54]
	at org.springframework.web.filter.FormContentFilter.doFilterInternal(FormContentFilter.java:93) ~[spring-web-5.3.12.jar:5.3.12]
	at org.springframework.web.filter.OncePerRequestFilter.doFilter(OncePerRequestFilter.java:119) ~[spring-web-5.3.12.jar:5.3.12]
	at jdk.internal.reflect.GeneratedMethodAccessor59.invoke(Unknown Source) ~[na:na]
	at java.base/jdk.internal.reflect.DelegatingMethodAccessorImpl.invoke(DelegatingMethodAccessorImpl.java:43) ~[na:na]
	at java.base/java.lang.reflect.Method.invoke(Method.java:568) ~[na:na]
	at org.apache.catalina.security.SecurityUtil.lambda$execute$0(SecurityUtil.java:280) ~[tomcat-embed-core-9.0.54.jar:9.0.54]
	at java.base/java.security.AccessController.doPrivileged(AccessController.java:712) ~[na:na]
	at java.base/javax.security.auth.Subject.doAsPrivileged(Subject.java:584) ~[na:na]
	at org.apache.catalina.security.SecurityUtil.execute(SecurityUtil.java:311) ~[tomcat-embed-core-9.0.54.jar:9.0.54]
	at org.apache.catalina.security.SecurityUtil.doAsPrivilege(SecurityUtil.java:253) ~[tomcat-embed-core-9.0.54.jar:9.0.54]
	at org.apache.catalina.core.ApplicationFilterChain.internalDoFilter(ApplicationFilterChain.java:187) ~[tomcat-embed-core-9.0.54.jar:9.0.54]
	at org.apache.catalina.core.ApplicationFilterChain.lambda$doFilter$0(ApplicationFilterChain.java:145) ~[tomcat-embed-core-9.0.54.jar:9.0.54]
	at java.base/java.security.AccessController.doPrivileged(AccessController.java:569) ~[na:na]
	at org.apache.catalina.core.ApplicationFilterChain.doFilter(ApplicationFilterChain.java:143) ~[tomcat-embed-core-9.0.54.jar:9.0.54]
	at org.springframework.boot.actuate.metrics.web.servlet.WebMvcMetricsFilter.doFilterInternal(WebMvcMetricsFilter.java:96) ~[spring-boot-actuator-2.5.6.jar:2.5.6]
	at org.springframework.web.filter.OncePerRequestFilter.doFilter(OncePerRequestFilter.java:119) ~[spring-web-5.3.12.jar:5.3.12]
	at jdk.internal.reflect.GeneratedMethodAccessor59.invoke(Unknown Source) ~[na:na]
	at java.base/jdk.internal.reflect.DelegatingMethodAccessorImpl.invoke(DelegatingMethodAccessorImpl.java:43) ~[na:na]
	at java.base/java.lang.reflect.Method.invoke(Method.java:568) ~[na:na]
	at org.apache.catalina.security.SecurityUtil.lambda$execute$0(SecurityUtil.java:280) ~[tomcat-embed-core-9.0.54.jar:9.0.54]
	at java.base/java.security.AccessController.doPrivileged(AccessController.java:712) ~[na:na]
	at java.base/javax.security.auth.Subject.doAsPrivileged(Subject.java:584) ~[na:na]
	at org.apache.catalina.security.SecurityUtil.execute(SecurityUtil.java:311) ~[tomcat-embed-core-9.0.54.jar:9.0.54]
	at org.apache.catalina.security.SecurityUtil.doAsPrivilege(SecurityUtil.java:253) ~[tomcat-embed-core-9.0.54.jar:9.0.54]
	at org.apache.catalina.core.ApplicationFilterChain.internalDoFilter(ApplicationFilterChain.java:187) ~[tomcat-embed-core-9.0.54.jar:9.0.54]
	at org.apache.catalina.core.ApplicationFilterChain.lambda$doFilter$0(ApplicationFilterChain.java:145) ~[tomcat-embed-core-9.0.54.jar:9.0.54]
	at java.base/java.security.AccessController.doPrivileged(AccessController.java:569) ~[na:na]
	at org.apache.catalina.core.ApplicationFilterChain.doFilter(ApplicationFilterChain.java:143) ~[tomcat-embed-core-9.0.54.jar:9.0.54]
	at org.springframework.web.filter.CharacterEncodingFilter.doFilterInternal(CharacterEncodingFilter.java:201) ~[spring-web-5.3.12.jar:5.3.12]
	at org.springframework.web.filter.OncePerRequestFilter.doFilter(OncePerRequestFilter.java:119) ~[spring-web-5.3.12.jar:5.3.12]
	at jdk.internal.reflect.GeneratedMethodAccessor59.invoke(Unknown Source) ~[na:na]
	at java.base/jdk.internal.reflect.DelegatingMethodAccessorImpl.invoke(DelegatingMethodAccessorImpl.java:43) ~[na:na]
	at java.base/java.lang.reflect.Method.invoke(Method.java:568) ~[na:na]
	at org.apache.catalina.security.SecurityUtil.lambda$execute$0(SecurityUtil.java:280) ~[tomcat-embed-core-9.0.54.jar:9.0.54]
	at java.base/java.security.AccessController.doPrivileged(AccessController.java:712) ~[na:na]
	at java.base/javax.security.auth.Subject.doAsPrivileged(Subject.java:584) ~[na:na]
	at org.apache.catalina.security.SecurityUtil.execute(SecurityUtil.java:311) ~[tomcat-embed-core-9.0.54.jar:9.0.54]
	at org.apache.catalina.security.SecurityUtil.doAsPrivilege(SecurityUtil.java:253) ~[tomcat-embed-core-9.0.54.jar:9.0.54]
	at org.apache.catalina.core.ApplicationFilterChain.internalDoFilter(ApplicationFilterChain.java:187) ~[tomcat-embed-core-9.0.54.jar:9.0.54]
	at org.apache.catalina.core.ApplicationFilterChain.lambda$doFilter$0(ApplicationFilterChain.java:145) ~[tomcat-embed-core-9.0.54.jar:9.0.54]
	at java.base/java.security.AccessController.doPrivileged(AccessController.java:569) ~[na:na]
	at org.apache.catalina.core.ApplicationFilterChain.doFilter(ApplicationFilterChain.java:143) ~[tomcat-embed-core-9.0.54.jar:9.0.54]
	at org.apache.catalina.core.StandardWrapperValve.invoke(StandardWrapperValve.java:197) ~[tomcat-embed-core-9.0.54.jar:9.0.54]
	at org.apache.catalina.core.StandardContextValve.invoke(StandardContextValve.java:97) ~[tomcat-embed-core-9.0.54.jar:9.0.54]
	at org.apache.catalina.authenticator.AuthenticatorBase.invoke(AuthenticatorBase.java:540) ~[tomcat-embed-core-9.0.54.jar:9.0.54]
	at org.apache.catalina.core.StandardHostValve.invoke(StandardHostValve.java:135) ~[tomcat-embed-core-9.0.54.jar:9.0.54]
	at org.apache.catalina.valves.ErrorReportValve.invoke(ErrorReportValve.java:92) ~[tomcat-embed-core-9.0.54.jar:9.0.54]
	at org.apache.catalina.core.StandardEngineValve.invoke(StandardEngineValve.java:78) ~[tomcat-embed-core-9.0.54.jar:9.0.54]
	at org.apache.catalina.connector.CoyoteAdapter.service(CoyoteAdapter.java:357) ~[tomcat-embed-core-9.0.54.jar:9.0.54]
	at org.apache.coyote.http11.Http11Processor.service(Http11Processor.java:382) ~[tomcat-embed-core-9.0.54.jar:9.0.54]
	at org.apache.coyote.AbstractProcessorLight.process(AbstractProcessorLight.java:65) ~[tomcat-embed-core-9.0.54.jar:9.0.54]
	at org.apache.coyote.AbstractProtocol$ConnectionHandler.process(AbstractProtocol.java:895) ~[tomcat-embed-core-9.0.54.jar:9.0.54]
	at org.apache.tomcat.util.net.NioEndpoint$SocketProcessor.doRun(NioEndpoint.java:1722) ~[tomcat-embed-core-9.0.54.jar:9.0.54]
	at org.apache.tomcat.util.net.SocketProcessorBase.run(SocketProcessorBase.java:49) ~[tomcat-embed-core-9.0.54.jar:9.0.54]
	at org.apache.tomcat.util.threads.ThreadPoolExecutor.runWorker(ThreadPoolExecutor.java:1191) ~[tomcat-embed-core-9.0.54.jar:9.0.54]
	at org.apache.tomcat.util.threads.ThreadPoolExecutor$Worker.run(ThreadPoolExecutor.java:659) ~[tomcat-embed-core-9.0.54.jar:9.0.54]
	at org.apache.tomcat.util.threads.TaskThread$WrappingRunnable.run(TaskThread.java:61) ~[tomcat-embed-core-9.0.54.jar:9.0.54]
	at java.base/java.lang.Thread.run(Thread.java:833) ~[na:na]

2022-03-20 12:26:51.932 DEBUG 5300 --- [nio-8701-exec-7] s.w.a.DelegatingAuthenticationEntryPoint : Trying to match using RequestHeaderRequestMatcher [expectedHeaderName=X-Requested-With, expectedHeaderValue=XMLHttpRequest]
2022-03-20 12:26:51.932 DEBUG 5300 --- [nio-8701-exec-7] s.w.a.DelegatingAuthenticationEntryPoint : No match found. Using default entry point org.springframework.security.web.authentication.www.BasicAuthenticationEntryPoint@7d6c2c9
2022-03-20 12:26:51.932 DEBUG 5300 --- [nio-8701-exec-7] w.c.HttpSessionSecurityContextRepository : Did not store empty SecurityContext
2022-03-20 12:26:51.932 DEBUG 5300 --- [nio-8701-exec-7] w.c.HttpSessionSecurityContextRepository : Did not store empty SecurityContext
2022-03-20 12:26:51.932 DEBUG 5300 --- [nio-8701-exec-7] s.s.w.c.SecurityContextPersistenceFilter : Cleared SecurityContextHolder to complete request
2022-03-20 12:26:51.933 DEBUG 5300 --- [nio-8701-exec-7] o.s.security.web.FilterChainProxy        : Securing POST /error
2022-03-20 12:26:51.934 DEBUG 5300 --- [nio-8701-exec-7] s.s.w.c.SecurityContextPersistenceFilter : Set SecurityContextHolder to empty SecurityContext
2022-03-20 12:26:51.934 DEBUG 5300 --- [nio-8701-exec-7] o.s.s.w.a.AnonymousAuthenticationFilter  : Set SecurityContextHolder to anonymous SecurityContext
2022-03-20 12:26:51.935 DEBUG 5300 --- [nio-8701-exec-7] s.w.s.m.m.a.RequestMappingHandlerMapping : Mapped to org.springframework.boot.autoconfigure.web.servlet.error.BasicErrorController#error(HttpServletRequest)
2022-03-20 12:26:51.936 DEBUG 5300 --- [nio-8701-exec-7] s.w.s.m.m.a.RequestMappingHandlerMapping : Mapped to org.springframework.boot.autoconfigure.web.servlet.error.BasicErrorController#error(HttpServletRequest)
2022-03-20 12:26:51.937 DEBUG 5300 --- [nio-8701-exec-7] s.w.s.m.m.a.RequestMappingHandlerMapping : Mapped to org.springframework.boot.autoconfigure.web.servlet.error.BasicErrorController#error(HttpServletRequest)
2022-03-20 12:26:51.938 DEBUG 5300 --- [nio-8701-exec-7] o.s.s.w.a.i.FilterSecurityInterceptor    : Authorized public object filter invocation [POST /error]
2022-03-20 12:26:51.939 DEBUG 5300 --- [nio-8701-exec-7] o.s.security.web.FilterChainProxy        : Secured POST /error
2022-03-20 12:26:51.939 DEBUG 5300 --- [nio-8701-exec-7] o.s.web.servlet.DispatcherServlet        : "ERROR" dispatch for POST "/error", parameters={}
2022-03-20 12:26:51.940 DEBUG 5300 --- [nio-8701-exec-7] s.w.s.m.m.a.RequestMappingHandlerMapping : Mapped to org.springframework.boot.autoconfigure.web.servlet.error.BasicErrorController#error(HttpServletRequest)
2022-03-20 12:26:51.941 DEBUG 5300 --- [nio-8701-exec-7] o.j.s.OpenEntityManagerInViewInterceptor : Opening JPA EntityManager in OpenEntityManagerInViewInterceptor
2022-03-20 12:26:51.944 DEBUG 5300 --- [nio-8701-exec-7] o.s.w.s.m.m.a.HttpEntityMethodProcessor  : Using 'application/json', given [*/*] and supported [application/json, application/*+json, application/json, application/*+json]
2022-03-20 12:26:51.945 DEBUG 5300 --- [nio-8701-exec-7] o.s.w.s.m.m.a.HttpEntityMethodProcessor  : Writing [{timestamp=Sun Mar 20 12:26:51 MSK 2022, status=401, error=Unauthorized, path=/api/recipe/new}]
2022-03-20 12:26:51.947 DEBUG 5300 --- [nio-8701-exec-7] w.c.HttpSessionSecurityContextRepository : Did not store anonymous SecurityContext
2022-03-20 12:26:51.948 DEBUG 5300 --- [nio-8701-exec-7] o.j.s.OpenEntityManagerInViewInterceptor : Closing JPA EntityManager in OpenEntityManagerInViewInterceptor
2022-03-20 12:26:51.949 DEBUG 5300 --- [nio-8701-exec-7] o.s.web.servlet.DispatcherServlet        : Exiting from "ERROR" dispatch, status 401
2022-03-20 12:26:51.949 DEBUG 5300 --- [nio-8701-exec-7] w.c.HttpSessionSecurityContextRepository : Did not store anonymous SecurityContext
2022-03-20 12:26:51.949 DEBUG 5300 --- [nio-8701-exec-7] s.s.w.c.SecurityContextPersistenceFilter : Cleared SecurityContextHolder to complete request
?[1;31m
Start test 71?[0m
2022-03-20 12:26:51.965 DEBUG 5300 --- [nio-8701-exec-8] o.s.security.web.FilterChainProxy        : Securing GET /api/recipe/149
2022-03-20 12:26:51.966 DEBUG 5300 --- [nio-8701-exec-8] s.s.w.c.SecurityContextPersistenceFilter : Set SecurityContextHolder to empty SecurityContext
2022-03-20 12:26:51.967 DEBUG 5300 --- [nio-8701-exec-8] tor$SharedEntityManagerInvocationHandler : Creating new EntityManager for shared EntityManager invocation
Hibernate: select user0_.email as email1_3_, user0_.password as password2_3_ from users user0_ where user0_.email=?
2022-03-20 12:26:51.970 DEBUG 5300 --- [nio-8701-exec-8] o.s.s.a.dao.DaoAuthenticationProvider    : Failed to find user 'abc@test.com'
2022-03-20 12:26:51.972 DEBUG 5300 --- [nio-8701-exec-8] o.s.s.w.a.www.BasicAuthenticationFilter  : Failed to process authentication request

org.springframework.security.authentication.BadCredentialsException: Bad credentials
	at org.springframework.security.authentication.dao.AbstractUserDetailsAuthenticationProvider.authenticate(AbstractUserDetailsAuthenticationProvider.java:141) ~[spring-security-core-5.5.3.jar:5.5.3]
	at org.springframework.security.authentication.ProviderManager.authenticate(ProviderManager.java:182) ~[spring-security-core-5.5.3.jar:5.5.3]
	at org.springframework.security.authentication.ProviderManager.authenticate(ProviderManager.java:201) ~[spring-security-core-5.5.3.jar:5.5.3]
	at org.springframework.security.web.authentication.www.BasicAuthenticationFilter.doFilterInternal(BasicAuthenticationFilter.java:155) ~[spring-security-web-5.5.3.jar:5.5.3]
	at org.springframework.web.filter.OncePerRequestFilter.doFilter(OncePerRequestFilter.java:119) ~[spring-web-5.3.12.jar:5.3.12]
	at org.springframework.security.web.FilterChainProxy$VirtualFilterChain.doFilter(FilterChainProxy.java:336) ~[spring-security-web-5.5.3.jar:5.5.3]
	at org.springframework.security.web.authentication.logout.LogoutFilter.doFilter(LogoutFilter.java:103) ~[spring-security-web-5.5.3.jar:5.5.3]
	at org.springframework.security.web.authentication.logout.LogoutFilter.doFilter(LogoutFilter.java:89) ~[spring-security-web-5.5.3.jar:5.5.3]
	at org.springframework.security.web.FilterChainProxy$VirtualFilterChain.doFilter(FilterChainProxy.java:336) ~[spring-security-web-5.5.3.jar:5.5.3]
	at org.springframework.security.web.header.HeaderWriterFilter.doHeadersAfter(HeaderWriterFilter.java:90) ~[spring-security-web-5.5.3.jar:5.5.3]
	at org.springframework.security.web.header.HeaderWriterFilter.doFilterInternal(HeaderWriterFilter.java:75) ~[spring-security-web-5.5.3.jar:5.5.3]
	at org.springframework.web.filter.OncePerRequestFilter.doFilter(OncePerRequestFilter.java:119) ~[spring-web-5.3.12.jar:5.3.12]
	at org.springframework.security.web.FilterChainProxy$VirtualFilterChain.doFilter(FilterChainProxy.java:336) ~[spring-security-web-5.5.3.jar:5.5.3]
	at org.springframework.security.web.context.SecurityContextPersistenceFilter.doFilter(SecurityContextPersistenceFilter.java:110) ~[spring-security-web-5.5.3.jar:5.5.3]
	at org.springframework.security.web.context.SecurityContextPersistenceFilter.doFilter(SecurityContextPersistenceFilter.java:80) ~[spring-security-web-5.5.3.jar:5.5.3]
	at org.springframework.security.web.FilterChainProxy$VirtualFilterChain.doFilter(FilterChainProxy.java:336) ~[spring-security-web-5.5.3.jar:5.5.3]
	at org.springframework.security.web.context.request.async.WebAsyncManagerIntegrationFilter.doFilterInternal(WebAsyncManagerIntegrationFilter.java:55) ~[spring-security-web-5.5.3.jar:5.5.3]
	at org.springframework.web.filter.OncePerRequestFilter.doFilter(OncePerRequestFilter.java:119) ~[spring-web-5.3.12.jar:5.3.12]
	at org.springframework.security.web.FilterChainProxy$VirtualFilterChain.doFilter(FilterChainProxy.java:336) ~[spring-security-web-5.5.3.jar:5.5.3]
	at org.springframework.security.web.FilterChainProxy.doFilterInternal(FilterChainProxy.java:211) ~[spring-security-web-5.5.3.jar:5.5.3]
	at org.springframework.security.web.FilterChainProxy.doFilter(FilterChainProxy.java:183) ~[spring-security-web-5.5.3.jar:5.5.3]
	at org.springframework.web.filter.DelegatingFilterProxy.invokeDelegate(DelegatingFilterProxy.java:358) ~[spring-web-5.3.12.jar:5.3.12]
	at org.springframework.web.filter.DelegatingFilterProxy.doFilter(DelegatingFilterProxy.java:271) ~[spring-web-5.3.12.jar:5.3.12]
	at jdk.internal.reflect.GeneratedMethodAccessor59.invoke(Unknown Source) ~[na:na]
	at java.base/jdk.internal.reflect.DelegatingMethodAccessorImpl.invoke(DelegatingMethodAccessorImpl.java:43) ~[na:na]
	at java.base/java.lang.reflect.Method.invoke(Method.java:568) ~[na:na]
	at org.apache.catalina.security.SecurityUtil.lambda$execute$0(SecurityUtil.java:280) ~[tomcat-embed-core-9.0.54.jar:9.0.54]
	at java.base/java.security.AccessController.doPrivileged(AccessController.java:712) ~[na:na]
	at java.base/javax.security.auth.Subject.doAsPrivileged(Subject.java:584) ~[na:na]
	at org.apache.catalina.security.SecurityUtil.execute(SecurityUtil.java:311) ~[tomcat-embed-core-9.0.54.jar:9.0.54]
	at org.apache.catalina.security.SecurityUtil.doAsPrivilege(SecurityUtil.java:253) ~[tomcat-embed-core-9.0.54.jar:9.0.54]
	at org.apache.catalina.core.ApplicationFilterChain.internalDoFilter(ApplicationFilterChain.java:187) ~[tomcat-embed-core-9.0.54.jar:9.0.54]
	at org.apache.catalina.core.ApplicationFilterChain.lambda$doFilter$0(ApplicationFilterChain.java:145) ~[tomcat-embed-core-9.0.54.jar:9.0.54]
	at java.base/java.security.AccessController.doPrivileged(AccessController.java:569) ~[na:na]
	at org.apache.catalina.core.ApplicationFilterChain.doFilter(ApplicationFilterChain.java:143) ~[tomcat-embed-core-9.0.54.jar:9.0.54]
	at org.springframework.web.filter.RequestContextFilter.doFilterInternal(RequestContextFilter.java:100) ~[spring-web-5.3.12.jar:5.3.12]
	at org.springframework.web.filter.OncePerRequestFilter.doFilter(OncePerRequestFilter.java:119) ~[spring-web-5.3.12.jar:5.3.12]
	at jdk.internal.reflect.GeneratedMethodAccessor59.invoke(Unknown Source) ~[na:na]
	at java.base/jdk.internal.reflect.DelegatingMethodAccessorImpl.invoke(DelegatingMethodAccessorImpl.java:43) ~[na:na]
	at java.base/java.lang.reflect.Method.invoke(Method.java:568) ~[na:na]
	at org.apache.catalina.security.SecurityUtil.lambda$execute$0(SecurityUtil.java:280) ~[tomcat-embed-core-9.0.54.jar:9.0.54]
	at java.base/java.security.AccessController.doPrivileged(AccessController.java:712) ~[na:na]
	at java.base/javax.security.auth.Subject.doAsPrivileged(Subject.java:584) ~[na:na]
	at org.apache.catalina.security.SecurityUtil.execute(SecurityUtil.java:311) ~[tomcat-embed-core-9.0.54.jar:9.0.54]
	at org.apache.catalina.security.SecurityUtil.doAsPrivilege(SecurityUtil.java:253) ~[tomcat-embed-core-9.0.54.jar:9.0.54]
	at org.apache.catalina.core.ApplicationFilterChain.internalDoFilter(ApplicationFilterChain.java:187) ~[tomcat-embed-core-9.0.54.jar:9.0.54]
	at org.apache.catalina.core.ApplicationFilterChain.lambda$doFilter$0(ApplicationFilterChain.java:145) ~[tomcat-embed-core-9.0.54.jar:9.0.54]
	at java.base/java.security.AccessController.doPrivileged(AccessController.java:569) ~[na:na]
	at org.apache.catalina.core.ApplicationFilterChain.doFilter(ApplicationFilterChain.java:143) ~[tomcat-embed-core-9.0.54.jar:9.0.54]
	at org.springframework.web.filter.FormContentFilter.doFilterInternal(FormContentFilter.java:93) ~[spring-web-5.3.12.jar:5.3.12]
	at org.springframework.web.filter.OncePerRequestFilter.doFilter(OncePerRequestFilter.java:119) ~[spring-web-5.3.12.jar:5.3.12]
	at jdk.internal.reflect.GeneratedMethodAccessor59.invoke(Unknown Source) ~[na:na]
	at java.base/jdk.internal.reflect.DelegatingMethodAccessorImpl.invoke(DelegatingMethodAccessorImpl.java:43) ~[na:na]
	at java.base/java.lang.reflect.Method.invoke(Method.java:568) ~[na:na]
	at org.apache.catalina.security.SecurityUtil.lambda$execute$0(SecurityUtil.java:280) ~[tomcat-embed-core-9.0.54.jar:9.0.54]
	at java.base/java.security.AccessController.doPrivileged(AccessController.java:712) ~[na:na]
	at java.base/javax.security.auth.Subject.doAsPrivileged(Subject.java:584) ~[na:na]
	at org.apache.catalina.security.SecurityUtil.execute(SecurityUtil.java:311) ~[tomcat-embed-core-9.0.54.jar:9.0.54]
	at org.apache.catalina.security.SecurityUtil.doAsPrivilege(SecurityUtil.java:253) ~[tomcat-embed-core-9.0.54.jar:9.0.54]
	at org.apache.catalina.core.ApplicationFilterChain.internalDoFilter(ApplicationFilterChain.java:187) ~[tomcat-embed-core-9.0.54.jar:9.0.54]
	at org.apache.catalina.core.ApplicationFilterChain.lambda$doFilter$0(ApplicationFilterChain.java:145) ~[tomcat-embed-core-9.0.54.jar:9.0.54]
	at java.base/java.security.AccessController.doPrivileged(AccessController.java:569) ~[na:na]
	at org.apache.catalina.core.ApplicationFilterChain.doFilter(ApplicationFilterChain.java:143) ~[tomcat-embed-core-9.0.54.jar:9.0.54]
	at org.springframework.boot.actuate.metrics.web.servlet.WebMvcMetricsFilter.doFilterInternal(WebMvcMetricsFilter.java:96) ~[spring-boot-actuator-2.5.6.jar:2.5.6]
	at org.springframework.web.filter.OncePerRequestFilter.doFilter(OncePerRequestFilter.java:119) ~[spring-web-5.3.12.jar:5.3.12]
	at jdk.internal.reflect.GeneratedMethodAccessor59.invoke(Unknown Source) ~[na:na]
	at java.base/jdk.internal.reflect.DelegatingMethodAccessorImpl.invoke(DelegatingMethodAccessorImpl.java:43) ~[na:na]
	at java.base/java.lang.reflect.Method.invoke(Method.java:568) ~[na:na]
	at org.apache.catalina.security.SecurityUtil.lambda$execute$0(SecurityUtil.java:280) ~[tomcat-embed-core-9.0.54.jar:9.0.54]
	at java.base/java.security.AccessController.doPrivileged(AccessController.java:712) ~[na:na]
	at java.base/javax.security.auth.Subject.doAsPrivileged(Subject.java:584) ~[na:na]
	at org.apache.catalina.security.SecurityUtil.execute(SecurityUtil.java:311) ~[tomcat-embed-core-9.0.54.jar:9.0.54]
	at org.apache.catalina.security.SecurityUtil.doAsPrivilege(SecurityUtil.java:253) ~[tomcat-embed-core-9.0.54.jar:9.0.54]
	at org.apache.catalina.core.ApplicationFilterChain.internalDoFilter(ApplicationFilterChain.java:187) ~[tomcat-embed-core-9.0.54.jar:9.0.54]
	at org.apache.catalina.core.ApplicationFilterChain.lambda$doFilter$0(ApplicationFilterChain.java:145) ~[tomcat-embed-core-9.0.54.jar:9.0.54]
	at java.base/java.security.AccessController.doPrivileged(AccessController.java:569) ~[na:na]
	at org.apache.catalina.core.ApplicationFilterChain.doFilter(ApplicationFilterChain.java:143) ~[tomcat-embed-core-9.0.54.jar:9.0.54]
	at org.springframework.web.filter.CharacterEncodingFilter.doFilterInternal(CharacterEncodingFilter.java:201) ~[spring-web-5.3.12.jar:5.3.12]
	at org.springframework.web.filter.OncePerRequestFilter.doFilter(OncePerRequestFilter.java:119) ~[spring-web-5.3.12.jar:5.3.12]
	at jdk.internal.reflect.GeneratedMethodAccessor59.invoke(Unknown Source) ~[na:na]
	at java.base/jdk.internal.reflect.DelegatingMethodAccessorImpl.invoke(DelegatingMethodAccessorImpl.java:43) ~[na:na]
	at java.base/java.lang.reflect.Method.invoke(Method.java:568) ~[na:na]
	at org.apache.catalina.security.SecurityUtil.lambda$execute$0(SecurityUtil.java:280) ~[tomcat-embed-core-9.0.54.jar:9.0.54]
	at java.base/java.security.AccessController.doPrivileged(AccessController.java:712) ~[na:na]
	at java.base/javax.security.auth.Subject.doAsPrivileged(Subject.java:584) ~[na:na]
	at org.apache.catalina.security.SecurityUtil.execute(SecurityUtil.java:311) ~[tomcat-embed-core-9.0.54.jar:9.0.54]
	at org.apache.catalina.security.SecurityUtil.doAsPrivilege(SecurityUtil.java:253) ~[tomcat-embed-core-9.0.54.jar:9.0.54]
	at org.apache.catalina.core.ApplicationFilterChain.internalDoFilter(ApplicationFilterChain.java:187) ~[tomcat-embed-core-9.0.54.jar:9.0.54]
	at org.apache.catalina.core.ApplicationFilterChain.lambda$doFilter$0(ApplicationFilterChain.java:145) ~[tomcat-embed-core-9.0.54.jar:9.0.54]
	at java.base/java.security.AccessController.doPrivileged(AccessController.java:569) ~[na:na]
	at org.apache.catalina.core.ApplicationFilterChain.doFilter(ApplicationFilterChain.java:143) ~[tomcat-embed-core-9.0.54.jar:9.0.54]
	at org.apache.catalina.core.StandardWrapperValve.invoke(StandardWrapperValve.java:197) ~[tomcat-embed-core-9.0.54.jar:9.0.54]
	at org.apache.catalina.core.StandardContextValve.invoke(StandardContextValve.java:97) ~[tomcat-embed-core-9.0.54.jar:9.0.54]
	at org.apache.catalina.authenticator.AuthenticatorBase.invoke(AuthenticatorBase.java:540) ~[tomcat-embed-core-9.0.54.jar:9.0.54]
	at org.apache.catalina.core.StandardHostValve.invoke(StandardHostValve.java:135) ~[tomcat-embed-core-9.0.54.jar:9.0.54]
	at org.apache.catalina.valves.ErrorReportValve.invoke(ErrorReportValve.java:92) ~[tomcat-embed-core-9.0.54.jar:9.0.54]
	at org.apache.catalina.core.StandardEngineValve.invoke(StandardEngineValve.java:78) ~[tomcat-embed-core-9.0.54.jar:9.0.54]
	at org.apache.catalina.connector.CoyoteAdapter.service(CoyoteAdapter.java:357) ~[tomcat-embed-core-9.0.54.jar:9.0.54]
	at org.apache.coyote.http11.Http11Processor.service(Http11Processor.java:382) ~[tomcat-embed-core-9.0.54.jar:9.0.54]
	at org.apache.coyote.AbstractProcessorLight.process(AbstractProcessorLight.java:65) ~[tomcat-embed-core-9.0.54.jar:9.0.54]
	at org.apache.coyote.AbstractProtocol$ConnectionHandler.process(AbstractProtocol.java:895) ~[tomcat-embed-core-9.0.54.jar:9.0.54]
	at org.apache.tomcat.util.net.NioEndpoint$SocketProcessor.doRun(NioEndpoint.java:1722) ~[tomcat-embed-core-9.0.54.jar:9.0.54]
	at org.apache.tomcat.util.net.SocketProcessorBase.run(SocketProcessorBase.java:49) ~[tomcat-embed-core-9.0.54.jar:9.0.54]
	at org.apache.tomcat.util.threads.ThreadPoolExecutor.runWorker(ThreadPoolExecutor.java:1191) ~[tomcat-embed-core-9.0.54.jar:9.0.54]
	at org.apache.tomcat.util.threads.ThreadPoolExecutor$Worker.run(ThreadPoolExecutor.java:659) ~[tomcat-embed-core-9.0.54.jar:9.0.54]
	at org.apache.tomcat.util.threads.TaskThread$WrappingRunnable.run(TaskThread.java:61) ~[tomcat-embed-core-9.0.54.jar:9.0.54]
	at java.base/java.lang.Thread.run(Thread.java:833) ~[na:na]

2022-03-20 12:26:51.974 DEBUG 5300 --- [nio-8701-exec-8] s.w.a.DelegatingAuthenticationEntryPoint : Trying to match using RequestHeaderRequestMatcher [expectedHeaderName=X-Requested-With, expectedHeaderValue=XMLHttpRequest]
2022-03-20 12:26:51.974 DEBUG 5300 --- [nio-8701-exec-8] s.w.a.DelegatingAuthenticationEntryPoint : No match found. Using default entry point org.springframework.security.web.authentication.www.BasicAuthenticationEntryPoint@7d6c2c9
2022-03-20 12:26:51.975 DEBUG 5300 --- [nio-8701-exec-8] w.c.HttpSessionSecurityContextRepository : Did not store empty SecurityContext
2022-03-20 12:26:51.975 DEBUG 5300 --- [nio-8701-exec-8] w.c.HttpSessionSecurityContextRepository : Did not store empty SecurityContext
2022-03-20 12:26:51.975 DEBUG 5300 --- [nio-8701-exec-8] s.s.w.c.SecurityContextPersistenceFilter : Cleared SecurityContextHolder to complete request
2022-03-20 12:26:51.975 DEBUG 5300 --- [nio-8701-exec-8] o.s.security.web.FilterChainProxy        : Securing GET /error
2022-03-20 12:26:51.976 DEBUG 5300 --- [nio-8701-exec-8] s.s.w.c.SecurityContextPersistenceFilter : Set SecurityContextHolder to empty SecurityContext
2022-03-20 12:26:51.976 DEBUG 5300 --- [nio-8701-exec-8] o.s.s.w.a.AnonymousAuthenticationFilter  : Set SecurityContextHolder to anonymous SecurityContext
2022-03-20 12:26:51.976 DEBUG 5300 --- [nio-8701-exec-8] s.w.s.m.m.a.RequestMappingHandlerMapping : Mapped to org.springframework.boot.autoconfigure.web.servlet.error.BasicErrorController#error(HttpServletRequest)
2022-03-20 12:26:51.977 DEBUG 5300 --- [nio-8701-exec-8] s.w.s.m.m.a.RequestMappingHandlerMapping : Mapped to org.springframework.boot.autoconfigure.web.servlet.error.BasicErrorController#error(HttpServletRequest)
2022-03-20 12:26:51.977 DEBUG 5300 --- [nio-8701-exec-8] o.s.s.w.a.i.FilterSecurityInterceptor    : Authorized public object filter invocation [GET /error]
2022-03-20 12:26:51.977 DEBUG 5300 --- [nio-8701-exec-8] o.s.security.web.FilterChainProxy        : Secured GET /error
2022-03-20 12:26:51.977 DEBUG 5300 --- [nio-8701-exec-8] o.s.web.servlet.DispatcherServlet        : "ERROR" dispatch for GET "/error", parameters={}
2022-03-20 12:26:51.978 DEBUG 5300 --- [nio-8701-exec-8] s.w.s.m.m.a.RequestMappingHandlerMapping : Mapped to org.springframework.boot.autoconfigure.web.servlet.error.BasicErrorController#error(HttpServletRequest)
2022-03-20 12:26:51.978 DEBUG 5300 --- [nio-8701-exec-8] o.j.s.OpenEntityManagerInViewInterceptor : Opening JPA EntityManager in OpenEntityManagerInViewInterceptor
2022-03-20 12:26:51.979 DEBUG 5300 --- [nio-8701-exec-8] o.s.w.s.m.m.a.HttpEntityMethodProcessor  : Using 'application/json', given [*/*] and supported [application/json, application/*+json, application/json, application/*+json]
2022-03-20 12:26:51.979 DEBUG 5300 --- [nio-8701-exec-8] o.s.w.s.m.m.a.HttpEntityMethodProcessor  : Writing [{timestamp=Sun Mar 20 12:26:51 MSK 2022, status=401, error=Unauthorized, path=/api/recipe/149}]
2022-03-20 12:26:51.980 DEBUG 5300 --- [nio-8701-exec-8] w.c.HttpSessionSecurityContextRepository : Did not store anonymous SecurityContext
2022-03-20 12:26:51.980 DEBUG 5300 --- [nio-8701-exec-8] o.j.s.OpenEntityManagerInViewInterceptor : Closing JPA EntityManager in OpenEntityManagerInViewInterceptor
2022-03-20 12:26:51.981 DEBUG 5300 --- [nio-8701-exec-8] o.s.web.servlet.DispatcherServlet        : Exiting from "ERROR" dispatch, status 401
2022-03-20 12:26:51.981 DEBUG 5300 --- [nio-8701-exec-8] w.c.HttpSessionSecurityContextRepository : Did not store anonymous SecurityContext
2022-03-20 12:26:51.981 DEBUG 5300 --- [nio-8701-exec-8] s.s.w.c.SecurityContextPersistenceFilter : Cleared SecurityContextHolder to complete request
?[1;31m
Start test 72?[0m
2022-03-20 12:26:52.000 DEBUG 5300 --- [nio-8701-exec-9] o.s.security.web.FilterChainProxy        : Securing PUT /api/recipe/149
2022-03-20 12:26:52.001 DEBUG 5300 --- [nio-8701-exec-9] s.s.w.c.SecurityContextPersistenceFilter : Set SecurityContextHolder to empty SecurityContext
2022-03-20 12:26:52.002 DEBUG 5300 --- [nio-8701-exec-9] tor$SharedEntityManagerInvocationHandler : Creating new EntityManager for shared EntityManager invocation
Hibernate: select user0_.email as email1_3_, user0_.password as password2_3_ from users user0_ where user0_.email=?
2022-03-20 12:26:52.004 DEBUG 5300 --- [nio-8701-exec-9] o.s.s.a.dao.DaoAuthenticationProvider    : Failed to find user 'abc@test.com'
2022-03-20 12:26:52.007 DEBUG 5300 --- [nio-8701-exec-9] o.s.s.w.a.www.BasicAuthenticationFilter  : Failed to process authentication request

org.springframework.security.authentication.BadCredentialsException: Bad credentials
	at org.springframework.security.authentication.dao.AbstractUserDetailsAuthenticationProvider.authenticate(AbstractUserDetailsAuthenticationProvider.java:141) ~[spring-security-core-5.5.3.jar:5.5.3]
	at org.springframework.security.authentication.ProviderManager.authenticate(ProviderManager.java:182) ~[spring-security-core-5.5.3.jar:5.5.3]
	at org.springframework.security.authentication.ProviderManager.authenticate(ProviderManager.java:201) ~[spring-security-core-5.5.3.jar:5.5.3]
	at org.springframework.security.web.authentication.www.BasicAuthenticationFilter.doFilterInternal(BasicAuthenticationFilter.java:155) ~[spring-security-web-5.5.3.jar:5.5.3]
	at org.springframework.web.filter.OncePerRequestFilter.doFilter(OncePerRequestFilter.java:119) ~[spring-web-5.3.12.jar:5.3.12]
	at org.springframework.security.web.FilterChainProxy$VirtualFilterChain.doFilter(FilterChainProxy.java:336) ~[spring-security-web-5.5.3.jar:5.5.3]
	at org.springframework.security.web.authentication.logout.LogoutFilter.doFilter(LogoutFilter.java:103) ~[spring-security-web-5.5.3.jar:5.5.3]
	at org.springframework.security.web.authentication.logout.LogoutFilter.doFilter(LogoutFilter.java:89) ~[spring-security-web-5.5.3.jar:5.5.3]
	at org.springframework.security.web.FilterChainProxy$VirtualFilterChain.doFilter(FilterChainProxy.java:336) ~[spring-security-web-5.5.3.jar:5.5.3]
	at org.springframework.security.web.header.HeaderWriterFilter.doHeadersAfter(HeaderWriterFilter.java:90) ~[spring-security-web-5.5.3.jar:5.5.3]
	at org.springframework.security.web.header.HeaderWriterFilter.doFilterInternal(HeaderWriterFilter.java:75) ~[spring-security-web-5.5.3.jar:5.5.3]
	at org.springframework.web.filter.OncePerRequestFilter.doFilter(OncePerRequestFilter.java:119) ~[spring-web-5.3.12.jar:5.3.12]
	at org.springframework.security.web.FilterChainProxy$VirtualFilterChain.doFilter(FilterChainProxy.java:336) ~[spring-security-web-5.5.3.jar:5.5.3]
	at org.springframework.security.web.context.SecurityContextPersistenceFilter.doFilter(SecurityContextPersistenceFilter.java:110) ~[spring-security-web-5.5.3.jar:5.5.3]
	at org.springframework.security.web.context.SecurityContextPersistenceFilter.doFilter(SecurityContextPersistenceFilter.java:80) ~[spring-security-web-5.5.3.jar:5.5.3]
	at org.springframework.security.web.FilterChainProxy$VirtualFilterChain.doFilter(FilterChainProxy.java:336) ~[spring-security-web-5.5.3.jar:5.5.3]
	at org.springframework.security.web.context.request.async.WebAsyncManagerIntegrationFilter.doFilterInternal(WebAsyncManagerIntegrationFilter.java:55) ~[spring-security-web-5.5.3.jar:5.5.3]
	at org.springframework.web.filter.OncePerRequestFilter.doFilter(OncePerRequestFilter.java:119) ~[spring-web-5.3.12.jar:5.3.12]
	at org.springframework.security.web.FilterChainProxy$VirtualFilterChain.doFilter(FilterChainProxy.java:336) ~[spring-security-web-5.5.3.jar:5.5.3]
	at org.springframework.security.web.FilterChainProxy.doFilterInternal(FilterChainProxy.java:211) ~[spring-security-web-5.5.3.jar:5.5.3]
	at org.springframework.security.web.FilterChainProxy.doFilter(FilterChainProxy.java:183) ~[spring-security-web-5.5.3.jar:5.5.3]
	at org.springframework.web.filter.DelegatingFilterProxy.invokeDelegate(DelegatingFilterProxy.java:358) ~[spring-web-5.3.12.jar:5.3.12]
	at org.springframework.web.filter.DelegatingFilterProxy.doFilter(DelegatingFilterProxy.java:271) ~[spring-web-5.3.12.jar:5.3.12]
	at jdk.internal.reflect.GeneratedMethodAccessor59.invoke(Unknown Source) ~[na:na]
	at java.base/jdk.internal.reflect.DelegatingMethodAccessorImpl.invoke(DelegatingMethodAccessorImpl.java:43) ~[na:na]
	at java.base/java.lang.reflect.Method.invoke(Method.java:568) ~[na:na]
	at org.apache.catalina.security.SecurityUtil.lambda$execute$0(SecurityUtil.java:280) ~[tomcat-embed-core-9.0.54.jar:9.0.54]
	at java.base/java.security.AccessController.doPrivileged(AccessController.java:712) ~[na:na]
	at java.base/javax.security.auth.Subject.doAsPrivileged(Subject.java:584) ~[na:na]
	at org.apache.catalina.security.SecurityUtil.execute(SecurityUtil.java:311) ~[tomcat-embed-core-9.0.54.jar:9.0.54]
	at org.apache.catalina.security.SecurityUtil.doAsPrivilege(SecurityUtil.java:253) ~[tomcat-embed-core-9.0.54.jar:9.0.54]
	at org.apache.catalina.core.ApplicationFilterChain.internalDoFilter(ApplicationFilterChain.java:187) ~[tomcat-embed-core-9.0.54.jar:9.0.54]
	at org.apache.catalina.core.ApplicationFilterChain.lambda$doFilter$0(ApplicationFilterChain.java:145) ~[tomcat-embed-core-9.0.54.jar:9.0.54]
	at java.base/java.security.AccessController.doPrivileged(AccessController.java:569) ~[na:na]
	at org.apache.catalina.core.ApplicationFilterChain.doFilter(ApplicationFilterChain.java:143) ~[tomcat-embed-core-9.0.54.jar:9.0.54]
	at org.springframework.web.filter.RequestContextFilter.doFilterInternal(RequestContextFilter.java:100) ~[spring-web-5.3.12.jar:5.3.12]
	at org.springframework.web.filter.OncePerRequestFilter.doFilter(OncePerRequestFilter.java:119) ~[spring-web-5.3.12.jar:5.3.12]
	at jdk.internal.reflect.GeneratedMethodAccessor59.invoke(Unknown Source) ~[na:na]
	at java.base/jdk.internal.reflect.DelegatingMethodAccessorImpl.invoke(DelegatingMethodAccessorImpl.java:43) ~[na:na]
	at java.base/java.lang.reflect.Method.invoke(Method.java:568) ~[na:na]
	at org.apache.catalina.security.SecurityUtil.lambda$execute$0(SecurityUtil.java:280) ~[tomcat-embed-core-9.0.54.jar:9.0.54]
	at java.base/java.security.AccessController.doPrivileged(AccessController.java:712) ~[na:na]
	at java.base/javax.security.auth.Subject.doAsPrivileged(Subject.java:584) ~[na:na]
	at org.apache.catalina.security.SecurityUtil.execute(SecurityUtil.java:311) ~[tomcat-embed-core-9.0.54.jar:9.0.54]
	at org.apache.catalina.security.SecurityUtil.doAsPrivilege(SecurityUtil.java:253) ~[tomcat-embed-core-9.0.54.jar:9.0.54]
	at org.apache.catalina.core.ApplicationFilterChain.internalDoFilter(ApplicationFilterChain.java:187) ~[tomcat-embed-core-9.0.54.jar:9.0.54]
	at org.apache.catalina.core.ApplicationFilterChain.lambda$doFilter$0(ApplicationFilterChain.java:145) ~[tomcat-embed-core-9.0.54.jar:9.0.54]
	at java.base/java.security.AccessController.doPrivileged(AccessController.java:569) ~[na:na]
	at org.apache.catalina.core.ApplicationFilterChain.doFilter(ApplicationFilterChain.java:143) ~[tomcat-embed-core-9.0.54.jar:9.0.54]
	at org.springframework.web.filter.FormContentFilter.doFilterInternal(FormContentFilter.java:93) ~[spring-web-5.3.12.jar:5.3.12]
	at org.springframework.web.filter.OncePerRequestFilter.doFilter(OncePerRequestFilter.java:119) ~[spring-web-5.3.12.jar:5.3.12]
	at jdk.internal.reflect.GeneratedMethodAccessor59.invoke(Unknown Source) ~[na:na]
	at java.base/jdk.internal.reflect.DelegatingMethodAccessorImpl.invoke(DelegatingMethodAccessorImpl.java:43) ~[na:na]
	at java.base/java.lang.reflect.Method.invoke(Method.java:568) ~[na:na]
	at org.apache.catalina.security.SecurityUtil.lambda$execute$0(SecurityUtil.java:280) ~[tomcat-embed-core-9.0.54.jar:9.0.54]
	at java.base/java.security.AccessController.doPrivileged(AccessController.java:712) ~[na:na]
	at java.base/javax.security.auth.Subject.doAsPrivileged(Subject.java:584) ~[na:na]
	at org.apache.catalina.security.SecurityUtil.execute(SecurityUtil.java:311) ~[tomcat-embed-core-9.0.54.jar:9.0.54]
	at org.apache.catalina.security.SecurityUtil.doAsPrivilege(SecurityUtil.java:253) ~[tomcat-embed-core-9.0.54.jar:9.0.54]
	at org.apache.catalina.core.ApplicationFilterChain.internalDoFilter(ApplicationFilterChain.java:187) ~[tomcat-embed-core-9.0.54.jar:9.0.54]
	at org.apache.catalina.core.ApplicationFilterChain.lambda$doFilter$0(ApplicationFilterChain.java:145) ~[tomcat-embed-core-9.0.54.jar:9.0.54]
	at java.base/java.security.AccessController.doPrivileged(AccessController.java:569) ~[na:na]
	at org.apache.catalina.core.ApplicationFilterChain.doFilter(ApplicationFilterChain.java:143) ~[tomcat-embed-core-9.0.54.jar:9.0.54]
	at org.springframework.boot.actuate.metrics.web.servlet.WebMvcMetricsFilter.doFilterInternal(WebMvcMetricsFilter.java:96) ~[spring-boot-actuator-2.5.6.jar:2.5.6]
	at org.springframework.web.filter.OncePerRequestFilter.doFilter(OncePerRequestFilter.java:119) ~[spring-web-5.3.12.jar:5.3.12]
	at jdk.internal.reflect.GeneratedMethodAccessor59.invoke(Unknown Source) ~[na:na]
	at java.base/jdk.internal.reflect.DelegatingMethodAccessorImpl.invoke(DelegatingMethodAccessorImpl.java:43) ~[na:na]
	at java.base/java.lang.reflect.Method.invoke(Method.java:568) ~[na:na]
	at org.apache.catalina.security.SecurityUtil.lambda$execute$0(SecurityUtil.java:280) ~[tomcat-embed-core-9.0.54.jar:9.0.54]
	at java.base/java.security.AccessController.doPrivileged(AccessController.java:712) ~[na:na]
	at java.base/javax.security.auth.Subject.doAsPrivileged(Subject.java:584) ~[na:na]
	at org.apache.catalina.security.SecurityUtil.execute(SecurityUtil.java:311) ~[tomcat-embed-core-9.0.54.jar:9.0.54]
	at org.apache.catalina.security.SecurityUtil.doAsPrivilege(SecurityUtil.java:253) ~[tomcat-embed-core-9.0.54.jar:9.0.54]
	at org.apache.catalina.core.ApplicationFilterChain.internalDoFilter(ApplicationFilterChain.java:187) ~[tomcat-embed-core-9.0.54.jar:9.0.54]
	at org.apache.catalina.core.ApplicationFilterChain.lambda$doFilter$0(ApplicationFilterChain.java:145) ~[tomcat-embed-core-9.0.54.jar:9.0.54]
	at java.base/java.security.AccessController.doPrivileged(AccessController.java:569) ~[na:na]
	at org.apache.catalina.core.ApplicationFilterChain.doFilter(ApplicationFilterChain.java:143) ~[tomcat-embed-core-9.0.54.jar:9.0.54]
	at org.springframework.web.filter.CharacterEncodingFilter.doFilterInternal(CharacterEncodingFilter.java:201) ~[spring-web-5.3.12.jar:5.3.12]
	at org.springframework.web.filter.OncePerRequestFilter.doFilter(OncePerRequestFilter.java:119) ~[spring-web-5.3.12.jar:5.3.12]
	at jdk.internal.reflect.GeneratedMethodAccessor59.invoke(Unknown Source) ~[na:na]
	at java.base/jdk.internal.reflect.DelegatingMethodAccessorImpl.invoke(DelegatingMethodAccessorImpl.java:43) ~[na:na]
	at java.base/java.lang.reflect.Method.invoke(Method.java:568) ~[na:na]
	at org.apache.catalina.security.SecurityUtil.lambda$execute$0(SecurityUtil.java:280) ~[tomcat-embed-core-9.0.54.jar:9.0.54]
	at java.base/java.security.AccessController.doPrivileged(AccessController.java:712) ~[na:na]
	at java.base/javax.security.auth.Subject.doAsPrivileged(Subject.java:584) ~[na:na]
	at org.apache.catalina.security.SecurityUtil.execute(SecurityUtil.java:311) ~[tomcat-embed-core-9.0.54.jar:9.0.54]
	at org.apache.catalina.security.SecurityUtil.doAsPrivilege(SecurityUtil.java:253) ~[tomcat-embed-core-9.0.54.jar:9.0.54]
	at org.apache.catalina.core.ApplicationFilterChain.internalDoFilter(ApplicationFilterChain.java:187) ~[tomcat-embed-core-9.0.54.jar:9.0.54]
	at org.apache.catalina.core.ApplicationFilterChain.lambda$doFilter$0(ApplicationFilterChain.java:145) ~[tomcat-embed-core-9.0.54.jar:9.0.54]
	at java.base/java.security.AccessController.doPrivileged(AccessController.java:569) ~[na:na]
	at org.apache.catalina.core.ApplicationFilterChain.doFilter(ApplicationFilterChain.java:143) ~[tomcat-embed-core-9.0.54.jar:9.0.54]
	at org.apache.catalina.core.StandardWrapperValve.invoke(StandardWrapperValve.java:197) ~[tomcat-embed-core-9.0.54.jar:9.0.54]
	at org.apache.catalina.core.StandardContextValve.invoke(StandardContextValve.java:97) ~[tomcat-embed-core-9.0.54.jar:9.0.54]
	at org.apache.catalina.authenticator.AuthenticatorBase.invoke(AuthenticatorBase.java:540) ~[tomcat-embed-core-9.0.54.jar:9.0.54]
	at org.apache.catalina.core.StandardHostValve.invoke(StandardHostValve.java:135) ~[tomcat-embed-core-9.0.54.jar:9.0.54]
	at org.apache.catalina.valves.ErrorReportValve.invoke(ErrorReportValve.java:92) ~[tomcat-embed-core-9.0.54.jar:9.0.54]
	at org.apache.catalina.core.StandardEngineValve.invoke(StandardEngineValve.java:78) ~[tomcat-embed-core-9.0.54.jar:9.0.54]
	at org.apache.catalina.connector.CoyoteAdapter.service(CoyoteAdapter.java:357) ~[tomcat-embed-core-9.0.54.jar:9.0.54]
	at org.apache.coyote.http11.Http11Processor.service(Http11Processor.java:382) ~[tomcat-embed-core-9.0.54.jar:9.0.54]
	at org.apache.coyote.AbstractProcessorLight.process(AbstractProcessorLight.java:65) ~[tomcat-embed-core-9.0.54.jar:9.0.54]
	at org.apache.coyote.AbstractProtocol$ConnectionHandler.process(AbstractProtocol.java:895) ~[tomcat-embed-core-9.0.54.jar:9.0.54]
	at org.apache.tomcat.util.net.NioEndpoint$SocketProcessor.doRun(NioEndpoint.java:1722) ~[tomcat-embed-core-9.0.54.jar:9.0.54]
	at org.apache.tomcat.util.net.SocketProcessorBase.run(SocketProcessorBase.java:49) ~[tomcat-embed-core-9.0.54.jar:9.0.54]
	at org.apache.tomcat.util.threads.ThreadPoolExecutor.runWorker(ThreadPoolExecutor.java:1191) ~[tomcat-embed-core-9.0.54.jar:9.0.54]
	at org.apache.tomcat.util.threads.ThreadPoolExecutor$Worker.run(ThreadPoolExecutor.java:659) ~[tomcat-embed-core-9.0.54.jar:9.0.54]
	at org.apache.tomcat.util.threads.TaskThread$WrappingRunnable.run(TaskThread.java:61) ~[tomcat-embed-core-9.0.54.jar:9.0.54]
	at java.base/java.lang.Thread.run(Thread.java:833) ~[na:na]

2022-03-20 12:26:52.010 DEBUG 5300 --- [nio-8701-exec-9] s.w.a.DelegatingAuthenticationEntryPoint : Trying to match using RequestHeaderRequestMatcher [expectedHeaderName=X-Requested-With, expectedHeaderValue=XMLHttpRequest]
2022-03-20 12:26:52.010 DEBUG 5300 --- [nio-8701-exec-9] s.w.a.DelegatingAuthenticationEntryPoint : No match found. Using default entry point org.springframework.security.web.authentication.www.BasicAuthenticationEntryPoint@7d6c2c9
2022-03-20 12:26:52.010 DEBUG 5300 --- [nio-8701-exec-9] w.c.HttpSessionSecurityContextRepository : Did not store empty SecurityContext
2022-03-20 12:26:52.010 DEBUG 5300 --- [nio-8701-exec-9] w.c.HttpSessionSecurityContextRepository : Did not store empty SecurityContext
2022-03-20 12:26:52.010 DEBUG 5300 --- [nio-8701-exec-9] s.s.w.c.SecurityContextPersistenceFilter : Cleared SecurityContextHolder to complete request
2022-03-20 12:26:52.011 DEBUG 5300 --- [nio-8701-exec-9] o.s.security.web.FilterChainProxy        : Securing PUT /error
2022-03-20 12:26:52.011 DEBUG 5300 --- [nio-8701-exec-9] s.s.w.c.SecurityContextPersistenceFilter : Set SecurityContextHolder to empty SecurityContext
2022-03-20 12:26:52.012 DEBUG 5300 --- [nio-8701-exec-9] o.s.s.w.a.AnonymousAuthenticationFilter  : Set SecurityContextHolder to anonymous SecurityContext
2022-03-20 12:26:52.012 DEBUG 5300 --- [nio-8701-exec-9] s.w.s.m.m.a.RequestMappingHandlerMapping : Mapped to org.springframework.boot.autoconfigure.web.servlet.error.BasicErrorController#error(HttpServletRequest)
2022-03-20 12:26:52.012 DEBUG 5300 --- [nio-8701-exec-9] o.s.s.w.a.i.FilterSecurityInterceptor    : Authorized public object filter invocation [PUT /error]
2022-03-20 12:26:52.012 DEBUG 5300 --- [nio-8701-exec-9] o.s.security.web.FilterChainProxy        : Secured PUT /error
2022-03-20 12:26:52.012 DEBUG 5300 --- [nio-8701-exec-9] o.s.web.servlet.DispatcherServlet        : "ERROR" dispatch for PUT "/error", parameters={}
2022-03-20 12:26:52.013 DEBUG 5300 --- [nio-8701-exec-9] s.w.s.m.m.a.RequestMappingHandlerMapping : Mapped to org.springframework.boot.autoconfigure.web.servlet.error.BasicErrorController#error(HttpServletRequest)
2022-03-20 12:26:52.013 DEBUG 5300 --- [nio-8701-exec-9] o.j.s.OpenEntityManagerInViewInterceptor : Opening JPA EntityManager in OpenEntityManagerInViewInterceptor
2022-03-20 12:26:52.014 DEBUG 5300 --- [nio-8701-exec-9] o.s.w.s.m.m.a.HttpEntityMethodProcessor  : Using 'application/json', given [*/*] and supported [application/json, application/*+json, application/json, application/*+json]
2022-03-20 12:26:52.015 DEBUG 5300 --- [nio-8701-exec-9] o.s.w.s.m.m.a.HttpEntityMethodProcessor  : Writing [{timestamp=Sun Mar 20 12:26:52 MSK 2022, status=401, error=Unauthorized, path=/api/recipe/149}]
2022-03-20 12:26:52.016 DEBUG 5300 --- [nio-8701-exec-9] w.c.HttpSessionSecurityContextRepository : Did not store anonymous SecurityContext
2022-03-20 12:26:52.017 DEBUG 5300 --- [nio-8701-exec-9] o.j.s.OpenEntityManagerInViewInterceptor : Closing JPA EntityManager in OpenEntityManagerInViewInterceptor
2022-03-20 12:26:52.017 DEBUG 5300 --- [nio-8701-exec-9] o.s.web.servlet.DispatcherServlet        : Exiting from "ERROR" dispatch, status 401
2022-03-20 12:26:52.017 DEBUG 5300 --- [nio-8701-exec-9] w.c.HttpSessionSecurityContextRepository : Did not store anonymous SecurityContext
2022-03-20 12:26:52.017 DEBUG 5300 --- [nio-8701-exec-9] s.s.w.c.SecurityContextPersistenceFilter : Cleared SecurityContextHolder to complete request
?[1;31m
Start test 73?[0m
2022-03-20 12:26:52.030 DEBUG 5300 --- [io-8701-exec-10] o.s.security.web.FilterChainProxy        : Securing DELETE /api/recipe/149
2022-03-20 12:26:52.030 DEBUG 5300 --- [io-8701-exec-10] s.s.w.c.SecurityContextPersistenceFilter : Set SecurityContextHolder to empty SecurityContext
2022-03-20 12:26:52.031 DEBUG 5300 --- [io-8701-exec-10] tor$SharedEntityManagerInvocationHandler : Creating new EntityManager for shared EntityManager invocation
Hibernate: select user0_.email as email1_3_, user0_.password as password2_3_ from users user0_ where user0_.email=?
2022-03-20 12:26:52.034 DEBUG 5300 --- [io-8701-exec-10] o.s.s.a.dao.DaoAuthenticationProvider    : Failed to find user 'abc@test.com'
2022-03-20 12:26:52.039 DEBUG 5300 --- [io-8701-exec-10] o.s.s.w.a.www.BasicAuthenticationFilter  : Failed to process authentication request

org.springframework.security.authentication.BadCredentialsException: Bad credentials
	at org.springframework.security.authentication.dao.AbstractUserDetailsAuthenticationProvider.authenticate(AbstractUserDetailsAuthenticationProvider.java:141) ~[spring-security-core-5.5.3.jar:5.5.3]
	at org.springframework.security.authentication.ProviderManager.authenticate(ProviderManager.java:182) ~[spring-security-core-5.5.3.jar:5.5.3]
	at org.springframework.security.authentication.ProviderManager.authenticate(ProviderManager.java:201) ~[spring-security-core-5.5.3.jar:5.5.3]
	at org.springframework.security.web.authentication.www.BasicAuthenticationFilter.doFilterInternal(BasicAuthenticationFilter.java:155) ~[spring-security-web-5.5.3.jar:5.5.3]
	at org.springframework.web.filter.OncePerRequestFilter.doFilter(OncePerRequestFilter.java:119) ~[spring-web-5.3.12.jar:5.3.12]
	at org.springframework.security.web.FilterChainProxy$VirtualFilterChain.doFilter(FilterChainProxy.java:336) ~[spring-security-web-5.5.3.jar:5.5.3]
	at org.springframework.security.web.authentication.logout.LogoutFilter.doFilter(LogoutFilter.java:103) ~[spring-security-web-5.5.3.jar:5.5.3]
	at org.springframework.security.web.authentication.logout.LogoutFilter.doFilter(LogoutFilter.java:89) ~[spring-security-web-5.5.3.jar:5.5.3]
	at org.springframework.security.web.FilterChainProxy$VirtualFilterChain.doFilter(FilterChainProxy.java:336) ~[spring-security-web-5.5.3.jar:5.5.3]
	at org.springframework.security.web.header.HeaderWriterFilter.doHeadersAfter(HeaderWriterFilter.java:90) ~[spring-security-web-5.5.3.jar:5.5.3]
	at org.springframework.security.web.header.HeaderWriterFilter.doFilterInternal(HeaderWriterFilter.java:75) ~[spring-security-web-5.5.3.jar:5.5.3]
	at org.springframework.web.filter.OncePerRequestFilter.doFilter(OncePerRequestFilter.java:119) ~[spring-web-5.3.12.jar:5.3.12]
	at org.springframework.security.web.FilterChainProxy$VirtualFilterChain.doFilter(FilterChainProxy.java:336) ~[spring-security-web-5.5.3.jar:5.5.3]
	at org.springframework.security.web.context.SecurityContextPersistenceFilter.doFilter(SecurityContextPersistenceFilter.java:110) ~[spring-security-web-5.5.3.jar:5.5.3]
	at org.springframework.security.web.context.SecurityContextPersistenceFilter.doFilter(SecurityContextPersistenceFilter.java:80) ~[spring-security-web-5.5.3.jar:5.5.3]
	at org.springframework.security.web.FilterChainProxy$VirtualFilterChain.doFilter(FilterChainProxy.java:336) ~[spring-security-web-5.5.3.jar:5.5.3]
	at org.springframework.security.web.context.request.async.WebAsyncManagerIntegrationFilter.doFilterInternal(WebAsyncManagerIntegrationFilter.java:55) ~[spring-security-web-5.5.3.jar:5.5.3]
	at org.springframework.web.filter.OncePerRequestFilter.doFilter(OncePerRequestFilter.java:119) ~[spring-web-5.3.12.jar:5.3.12]
	at org.springframework.security.web.FilterChainProxy$VirtualFilterChain.doFilter(FilterChainProxy.java:336) ~[spring-security-web-5.5.3.jar:5.5.3]
	at org.springframework.security.web.FilterChainProxy.doFilterInternal(FilterChainProxy.java:211) ~[spring-security-web-5.5.3.jar:5.5.3]
	at org.springframework.security.web.FilterChainProxy.doFilter(FilterChainProxy.java:183) ~[spring-security-web-5.5.3.jar:5.5.3]
	at org.springframework.web.filter.DelegatingFilterProxy.invokeDelegate(DelegatingFilterProxy.java:358) ~[spring-web-5.3.12.jar:5.3.12]
	at org.springframework.web.filter.DelegatingFilterProxy.doFilter(DelegatingFilterProxy.java:271) ~[spring-web-5.3.12.jar:5.3.12]
	at jdk.internal.reflect.GeneratedMethodAccessor59.invoke(Unknown Source) ~[na:na]
	at java.base/jdk.internal.reflect.DelegatingMethodAccessorImpl.invoke(DelegatingMethodAccessorImpl.java:43) ~[na:na]
	at java.base/java.lang.reflect.Method.invoke(Method.java:568) ~[na:na]
	at org.apache.catalina.security.SecurityUtil.lambda$execute$0(SecurityUtil.java:280) ~[tomcat-embed-core-9.0.54.jar:9.0.54]
	at java.base/java.security.AccessController.doPrivileged(AccessController.java:712) ~[na:na]
	at java.base/javax.security.auth.Subject.doAsPrivileged(Subject.java:584) ~[na:na]
	at org.apache.catalina.security.SecurityUtil.execute(SecurityUtil.java:311) ~[tomcat-embed-core-9.0.54.jar:9.0.54]
	at org.apache.catalina.security.SecurityUtil.doAsPrivilege(SecurityUtil.java:253) ~[tomcat-embed-core-9.0.54.jar:9.0.54]
	at org.apache.catalina.core.ApplicationFilterChain.internalDoFilter(ApplicationFilterChain.java:187) ~[tomcat-embed-core-9.0.54.jar:9.0.54]
	at org.apache.catalina.core.ApplicationFilterChain.lambda$doFilter$0(ApplicationFilterChain.java:145) ~[tomcat-embed-core-9.0.54.jar:9.0.54]
	at java.base/java.security.AccessController.doPrivileged(AccessController.java:569) ~[na:na]
	at org.apache.catalina.core.ApplicationFilterChain.doFilter(ApplicationFilterChain.java:143) ~[tomcat-embed-core-9.0.54.jar:9.0.54]
	at org.springframework.web.filter.RequestContextFilter.doFilterInternal(RequestContextFilter.java:100) ~[spring-web-5.3.12.jar:5.3.12]
	at org.springframework.web.filter.OncePerRequestFilter.doFilter(OncePerRequestFilter.java:119) ~[spring-web-5.3.12.jar:5.3.12]
	at jdk.internal.reflect.GeneratedMethodAccessor59.invoke(Unknown Source) ~[na:na]
	at java.base/jdk.internal.reflect.DelegatingMethodAccessorImpl.invoke(DelegatingMethodAccessorImpl.java:43) ~[na:na]
	at java.base/java.lang.reflect.Method.invoke(Method.java:568) ~[na:na]
	at org.apache.catalina.security.SecurityUtil.lambda$execute$0(SecurityUtil.java:280) ~[tomcat-embed-core-9.0.54.jar:9.0.54]
	at java.base/java.security.AccessController.doPrivileged(AccessController.java:712) ~[na:na]
	at java.base/javax.security.auth.Subject.doAsPrivileged(Subject.java:584) ~[na:na]
	at org.apache.catalina.security.SecurityUtil.execute(SecurityUtil.java:311) ~[tomcat-embed-core-9.0.54.jar:9.0.54]
	at org.apache.catalina.security.SecurityUtil.doAsPrivilege(SecurityUtil.java:253) ~[tomcat-embed-core-9.0.54.jar:9.0.54]
	at org.apache.catalina.core.ApplicationFilterChain.internalDoFilter(ApplicationFilterChain.java:187) ~[tomcat-embed-core-9.0.54.jar:9.0.54]
	at org.apache.catalina.core.ApplicationFilterChain.lambda$doFilter$0(ApplicationFilterChain.java:145) ~[tomcat-embed-core-9.0.54.jar:9.0.54]
	at java.base/java.security.AccessController.doPrivileged(AccessController.java:569) ~[na:na]
	at org.apache.catalina.core.ApplicationFilterChain.doFilter(ApplicationFilterChain.java:143) ~[tomcat-embed-core-9.0.54.jar:9.0.54]
	at org.springframework.web.filter.FormContentFilter.doFilterInternal(FormContentFilter.java:93) ~[spring-web-5.3.12.jar:5.3.12]
	at org.springframework.web.filter.OncePerRequestFilter.doFilter(OncePerRequestFilter.java:119) ~[spring-web-5.3.12.jar:5.3.12]
	at jdk.internal.reflect.GeneratedMethodAccessor59.invoke(Unknown Source) ~[na:na]
	at java.base/jdk.internal.reflect.DelegatingMethodAccessorImpl.invoke(DelegatingMethodAccessorImpl.java:43) ~[na:na]
	at java.base/java.lang.reflect.Method.invoke(Method.java:568) ~[na:na]
	at org.apache.catalina.security.SecurityUtil.lambda$execute$0(SecurityUtil.java:280) ~[tomcat-embed-core-9.0.54.jar:9.0.54]
	at java.base/java.security.AccessController.doPrivileged(AccessController.java:712) ~[na:na]
	at java.base/javax.security.auth.Subject.doAsPrivileged(Subject.java:584) ~[na:na]
	at org.apache.catalina.security.SecurityUtil.execute(SecurityUtil.java:311) ~[tomcat-embed-core-9.0.54.jar:9.0.54]
	at org.apache.catalina.security.SecurityUtil.doAsPrivilege(SecurityUtil.java:253) ~[tomcat-embed-core-9.0.54.jar:9.0.54]
	at org.apache.catalina.core.ApplicationFilterChain.internalDoFilter(ApplicationFilterChain.java:187) ~[tomcat-embed-core-9.0.54.jar:9.0.54]
	at org.apache.catalina.core.ApplicationFilterChain.lambda$doFilter$0(ApplicationFilterChain.java:145) ~[tomcat-embed-core-9.0.54.jar:9.0.54]
	at java.base/java.security.AccessController.doPrivileged(AccessController.java:569) ~[na:na]
	at org.apache.catalina.core.ApplicationFilterChain.doFilter(ApplicationFilterChain.java:143) ~[tomcat-embed-core-9.0.54.jar:9.0.54]
	at org.springframework.boot.actuate.metrics.web.servlet.WebMvcMetricsFilter.doFilterInternal(WebMvcMetricsFilter.java:96) ~[spring-boot-actuator-2.5.6.jar:2.5.6]
	at org.springframework.web.filter.OncePerRequestFilter.doFilter(OncePerRequestFilter.java:119) ~[spring-web-5.3.12.jar:5.3.12]
	at jdk.internal.reflect.GeneratedMethodAccessor59.invoke(Unknown Source) ~[na:na]
	at java.base/jdk.internal.reflect.DelegatingMethodAccessorImpl.invoke(DelegatingMethodAccessorImpl.java:43) ~[na:na]
	at java.base/java.lang.reflect.Method.invoke(Method.java:568) ~[na:na]
	at org.apache.catalina.security.SecurityUtil.lambda$execute$0(SecurityUtil.java:280) ~[tomcat-embed-core-9.0.54.jar:9.0.54]
	at java.base/java.security.AccessController.doPrivileged(AccessController.java:712) ~[na:na]
	at java.base/javax.security.auth.Subject.doAsPrivileged(Subject.java:584) ~[na:na]
	at org.apache.catalina.security.SecurityUtil.execute(SecurityUtil.java:311) ~[tomcat-embed-core-9.0.54.jar:9.0.54]
	at org.apache.catalina.security.SecurityUtil.doAsPrivilege(SecurityUtil.java:253) ~[tomcat-embed-core-9.0.54.jar:9.0.54]
	at org.apache.catalina.core.ApplicationFilterChain.internalDoFilter(ApplicationFilterChain.java:187) ~[tomcat-embed-core-9.0.54.jar:9.0.54]
	at org.apache.catalina.core.ApplicationFilterChain.lambda$doFilter$0(ApplicationFilterChain.java:145) ~[tomcat-embed-core-9.0.54.jar:9.0.54]
	at java.base/java.security.AccessController.doPrivileged(AccessController.java:569) ~[na:na]
	at org.apache.catalina.core.ApplicationFilterChain.doFilter(ApplicationFilterChain.java:143) ~[tomcat-embed-core-9.0.54.jar:9.0.54]
	at org.springframework.web.filter.CharacterEncodingFilter.doFilterInternal(CharacterEncodingFilter.java:201) ~[spring-web-5.3.12.jar:5.3.12]
	at org.springframework.web.filter.OncePerRequestFilter.doFilter(OncePerRequestFilter.java:119) ~[spring-web-5.3.12.jar:5.3.12]
	at jdk.internal.reflect.GeneratedMethodAccessor59.invoke(Unknown Source) ~[na:na]
	at java.base/jdk.internal.reflect.DelegatingMethodAccessorImpl.invoke(DelegatingMethodAccessorImpl.java:43) ~[na:na]
	at java.base/java.lang.reflect.Method.invoke(Method.java:568) ~[na:na]
	at org.apache.catalina.security.SecurityUtil.lambda$execute$0(SecurityUtil.java:280) ~[tomcat-embed-core-9.0.54.jar:9.0.54]
	at java.base/java.security.AccessController.doPrivileged(AccessController.java:712) ~[na:na]
	at java.base/javax.security.auth.Subject.doAsPrivileged(Subject.java:584) ~[na:na]
	at org.apache.catalina.security.SecurityUtil.execute(SecurityUtil.java:311) ~[tomcat-embed-core-9.0.54.jar:9.0.54]
	at org.apache.catalina.security.SecurityUtil.doAsPrivilege(SecurityUtil.java:253) ~[tomcat-embed-core-9.0.54.jar:9.0.54]
	at org.apache.catalina.core.ApplicationFilterChain.internalDoFilter(ApplicationFilterChain.java:187) ~[tomcat-embed-core-9.0.54.jar:9.0.54]
	at org.apache.catalina.core.ApplicationFilterChain.lambda$doFilter$0(ApplicationFilterChain.java:145) ~[tomcat-embed-core-9.0.54.jar:9.0.54]
	at java.base/java.security.AccessController.doPrivileged(AccessController.java:569) ~[na:na]
	at org.apache.catalina.core.ApplicationFilterChain.doFilter(ApplicationFilterChain.java:143) ~[tomcat-embed-core-9.0.54.jar:9.0.54]
	at org.apache.catalina.core.StandardWrapperValve.invoke(StandardWrapperValve.java:197) ~[tomcat-embed-core-9.0.54.jar:9.0.54]
	at org.apache.catalina.core.StandardContextValve.invoke(StandardContextValve.java:97) ~[tomcat-embed-core-9.0.54.jar:9.0.54]
	at org.apache.catalina.authenticator.AuthenticatorBase.invoke(AuthenticatorBase.java:540) ~[tomcat-embed-core-9.0.54.jar:9.0.54]
	at org.apache.catalina.core.StandardHostValve.invoke(StandardHostValve.java:135) ~[tomcat-embed-core-9.0.54.jar:9.0.54]
	at org.apache.catalina.valves.ErrorReportValve.invoke(ErrorReportValve.java:92) ~[tomcat-embed-core-9.0.54.jar:9.0.54]
	at org.apache.catalina.core.StandardEngineValve.invoke(StandardEngineValve.java:78) ~[tomcat-embed-core-9.0.54.jar:9.0.54]
	at org.apache.catalina.connector.CoyoteAdapter.service(CoyoteAdapter.java:357) ~[tomcat-embed-core-9.0.54.jar:9.0.54]
	at org.apache.coyote.http11.Http11Processor.service(Http11Processor.java:382) ~[tomcat-embed-core-9.0.54.jar:9.0.54]
	at org.apache.coyote.AbstractProcessorLight.process(AbstractProcessorLight.java:65) ~[tomcat-embed-core-9.0.54.jar:9.0.54]
	at org.apache.coyote.AbstractProtocol$ConnectionHandler.process(AbstractProtocol.java:895) ~[tomcat-embed-core-9.0.54.jar:9.0.54]
	at org.apache.tomcat.util.net.NioEndpoint$SocketProcessor.doRun(NioEndpoint.java:1722) ~[tomcat-embed-core-9.0.54.jar:9.0.54]
	at org.apache.tomcat.util.net.SocketProcessorBase.run(SocketProcessorBase.java:49) ~[tomcat-embed-core-9.0.54.jar:9.0.54]
	at org.apache.tomcat.util.threads.ThreadPoolExecutor.runWorker(ThreadPoolExecutor.java:1191) ~[tomcat-embed-core-9.0.54.jar:9.0.54]
	at org.apache.tomcat.util.threads.ThreadPoolExecutor$Worker.run(ThreadPoolExecutor.java:659) ~[tomcat-embed-core-9.0.54.jar:9.0.54]
	at org.apache.tomcat.util.threads.TaskThread$WrappingRunnable.run(TaskThread.java:61) ~[tomcat-embed-core-9.0.54.jar:9.0.54]
	at java.base/java.lang.Thread.run(Thread.java:833) ~[na:na]

2022-03-20 12:26:52.042 DEBUG 5300 --- [io-8701-exec-10] s.w.a.DelegatingAuthenticationEntryPoint : Trying to match using RequestHeaderRequestMatcher [expectedHeaderName=X-Requested-With, expectedHeaderValue=XMLHttpRequest]
2022-03-20 12:26:52.042 DEBUG 5300 --- [io-8701-exec-10] s.w.a.DelegatingAuthenticationEntryPoint : No match found. Using default entry point org.springframework.security.web.authentication.www.BasicAuthenticationEntryPoint@7d6c2c9
2022-03-20 12:26:52.042 DEBUG 5300 --- [io-8701-exec-10] w.c.HttpSessionSecurityContextRepository : Did not store empty SecurityContext
2022-03-20 12:26:52.042 DEBUG 5300 --- [io-8701-exec-10] w.c.HttpSessionSecurityContextRepository : Did not store empty SecurityContext
2022-03-20 12:26:52.042 DEBUG 5300 --- [io-8701-exec-10] s.s.w.c.SecurityContextPersistenceFilter : Cleared SecurityContextHolder to complete request
2022-03-20 12:26:52.043 DEBUG 5300 --- [io-8701-exec-10] o.s.security.web.FilterChainProxy        : Securing DELETE /error
2022-03-20 12:26:52.043 DEBUG 5300 --- [io-8701-exec-10] s.s.w.c.SecurityContextPersistenceFilter : Set SecurityContextHolder to empty SecurityContext
2022-03-20 12:26:52.043 DEBUG 5300 --- [io-8701-exec-10] o.s.s.w.a.AnonymousAuthenticationFilter  : Set SecurityContextHolder to anonymous SecurityContext
2022-03-20 12:26:52.044 DEBUG 5300 --- [io-8701-exec-10] s.w.s.m.m.a.RequestMappingHandlerMapping : Mapped to org.springframework.boot.autoconfigure.web.servlet.error.BasicErrorController#error(HttpServletRequest)
2022-03-20 12:26:52.044 DEBUG 5300 --- [io-8701-exec-10] o.s.s.w.a.i.FilterSecurityInterceptor    : Authorized public object filter invocation [DELETE /error]
2022-03-20 12:26:52.044 DEBUG 5300 --- [io-8701-exec-10] o.s.security.web.FilterChainProxy        : Secured DELETE /error
2022-03-20 12:26:52.044 DEBUG 5300 --- [io-8701-exec-10] o.s.web.servlet.DispatcherServlet        : "ERROR" dispatch for DELETE "/error", parameters={}
2022-03-20 12:26:52.045 DEBUG 5300 --- [io-8701-exec-10] s.w.s.m.m.a.RequestMappingHandlerMapping : Mapped to org.springframework.boot.autoconfigure.web.servlet.error.BasicErrorController#error(HttpServletRequest)
2022-03-20 12:26:52.045 DEBUG 5300 --- [io-8701-exec-10] o.j.s.OpenEntityManagerInViewInterceptor : Opening JPA EntityManager in OpenEntityManagerInViewInterceptor
2022-03-20 12:26:52.045 DEBUG 5300 --- [io-8701-exec-10] o.s.w.s.m.m.a.HttpEntityMethodProcessor  : Using 'application/json', given [*/*] and supported [application/json, application/*+json, application/json, application/*+json]
2022-03-20 12:26:52.046 DEBUG 5300 --- [io-8701-exec-10] o.s.w.s.m.m.a.HttpEntityMethodProcessor  : Writing [{timestamp=Sun Mar 20 12:26:52 MSK 2022, status=401, error=Unauthorized, path=/api/recipe/149}]
2022-03-20 12:26:52.046 DEBUG 5300 --- [io-8701-exec-10] w.c.HttpSessionSecurityContextRepository : Did not store anonymous SecurityContext
2022-03-20 12:26:52.047 DEBUG 5300 --- [io-8701-exec-10] o.j.s.OpenEntityManagerInViewInterceptor : Closing JPA EntityManager in OpenEntityManagerInViewInterceptor
2022-03-20 12:26:52.047 DEBUG 5300 --- [io-8701-exec-10] o.s.web.servlet.DispatcherServlet        : Exiting from "ERROR" dispatch, status 401
2022-03-20 12:26:52.047 DEBUG 5300 --- [io-8701-exec-10] w.c.HttpSessionSecurityContextRepository : Did not store anonymous SecurityContext
2022-03-20 12:26:52.047 DEBUG 5300 --- [io-8701-exec-10] s.s.w.c.SecurityContextPersistenceFilter : Cleared SecurityContextHolder to complete request
?[1;31m
Start test 74?[0m
2022-03-20 12:26:52.056 DEBUG 5300 --- [nio-8701-exec-1] o.s.security.web.FilterChainProxy        : Securing GET /api/recipe/search/?category=dessert
2022-03-20 12:26:52.056 DEBUG 5300 --- [nio-8701-exec-1] s.s.w.c.SecurityContextPersistenceFilter : Set SecurityContextHolder to empty SecurityContext
2022-03-20 12:26:52.057 DEBUG 5300 --- [nio-8701-exec-1] tor$SharedEntityManagerInvocationHandler : Creating new EntityManager for shared EntityManager invocation
Hibernate: select user0_.email as email1_3_, user0_.password as password2_3_ from users user0_ where user0_.email=?
2022-03-20 12:26:52.059 DEBUG 5300 --- [nio-8701-exec-1] o.s.s.a.dao.DaoAuthenticationProvider    : Failed to find user 'abc@test.com'
2022-03-20 12:26:52.062 DEBUG 5300 --- [nio-8701-exec-1] o.s.s.w.a.www.BasicAuthenticationFilter  : Failed to process authentication request

org.springframework.security.authentication.BadCredentialsException: Bad credentials
	at org.springframework.security.authentication.dao.AbstractUserDetailsAuthenticationProvider.authenticate(AbstractUserDetailsAuthenticationProvider.java:141) ~[spring-security-core-5.5.3.jar:5.5.3]
	at org.springframework.security.authentication.ProviderManager.authenticate(ProviderManager.java:182) ~[spring-security-core-5.5.3.jar:5.5.3]
	at org.springframework.security.authentication.ProviderManager.authenticate(ProviderManager.java:201) ~[spring-security-core-5.5.3.jar:5.5.3]
	at org.springframework.security.web.authentication.www.BasicAuthenticationFilter.doFilterInternal(BasicAuthenticationFilter.java:155) ~[spring-security-web-5.5.3.jar:5.5.3]
	at org.springframework.web.filter.OncePerRequestFilter.doFilter(OncePerRequestFilter.java:119) ~[spring-web-5.3.12.jar:5.3.12]
	at org.springframework.security.web.FilterChainProxy$VirtualFilterChain.doFilter(FilterChainProxy.java:336) ~[spring-security-web-5.5.3.jar:5.5.3]
	at org.springframework.security.web.authentication.logout.LogoutFilter.doFilter(LogoutFilter.java:103) ~[spring-security-web-5.5.3.jar:5.5.3]
	at org.springframework.security.web.authentication.logout.LogoutFilter.doFilter(LogoutFilter.java:89) ~[spring-security-web-5.5.3.jar:5.5.3]
	at org.springframework.security.web.FilterChainProxy$VirtualFilterChain.doFilter(FilterChainProxy.java:336) ~[spring-security-web-5.5.3.jar:5.5.3]
	at org.springframework.security.web.header.HeaderWriterFilter.doHeadersAfter(HeaderWriterFilter.java:90) ~[spring-security-web-5.5.3.jar:5.5.3]
	at org.springframework.security.web.header.HeaderWriterFilter.doFilterInternal(HeaderWriterFilter.java:75) ~[spring-security-web-5.5.3.jar:5.5.3]
	at org.springframework.web.filter.OncePerRequestFilter.doFilter(OncePerRequestFilter.java:119) ~[spring-web-5.3.12.jar:5.3.12]
	at org.springframework.security.web.FilterChainProxy$VirtualFilterChain.doFilter(FilterChainProxy.java:336) ~[spring-security-web-5.5.3.jar:5.5.3]
	at org.springframework.security.web.context.SecurityContextPersistenceFilter.doFilter(SecurityContextPersistenceFilter.java:110) ~[spring-security-web-5.5.3.jar:5.5.3]
	at org.springframework.security.web.context.SecurityContextPersistenceFilter.doFilter(SecurityContextPersistenceFilter.java:80) ~[spring-security-web-5.5.3.jar:5.5.3]
	at org.springframework.security.web.FilterChainProxy$VirtualFilterChain.doFilter(FilterChainProxy.java:336) ~[spring-security-web-5.5.3.jar:5.5.3]
	at org.springframework.security.web.context.request.async.WebAsyncManagerIntegrationFilter.doFilterInternal(WebAsyncManagerIntegrationFilter.java:55) ~[spring-security-web-5.5.3.jar:5.5.3]
	at org.springframework.web.filter.OncePerRequestFilter.doFilter(OncePerRequestFilter.java:119) ~[spring-web-5.3.12.jar:5.3.12]
	at org.springframework.security.web.FilterChainProxy$VirtualFilterChain.doFilter(FilterChainProxy.java:336) ~[spring-security-web-5.5.3.jar:5.5.3]
	at org.springframework.security.web.FilterChainProxy.doFilterInternal(FilterChainProxy.java:211) ~[spring-security-web-5.5.3.jar:5.5.3]
	at org.springframework.security.web.FilterChainProxy.doFilter(FilterChainProxy.java:183) ~[spring-security-web-5.5.3.jar:5.5.3]
	at org.springframework.web.filter.DelegatingFilterProxy.invokeDelegate(DelegatingFilterProxy.java:358) ~[spring-web-5.3.12.jar:5.3.12]
	at org.springframework.web.filter.DelegatingFilterProxy.doFilter(DelegatingFilterProxy.java:271) ~[spring-web-5.3.12.jar:5.3.12]
	at jdk.internal.reflect.GeneratedMethodAccessor59.invoke(Unknown Source) ~[na:na]
	at java.base/jdk.internal.reflect.DelegatingMethodAccessorImpl.invoke(DelegatingMethodAccessorImpl.java:43) ~[na:na]
	at java.base/java.lang.reflect.Method.invoke(Method.java:568) ~[na:na]
	at org.apache.catalina.security.SecurityUtil.lambda$execute$0(SecurityUtil.java:280) ~[tomcat-embed-core-9.0.54.jar:9.0.54]
	at java.base/java.security.AccessController.doPrivileged(AccessController.java:712) ~[na:na]
	at java.base/javax.security.auth.Subject.doAsPrivileged(Subject.java:584) ~[na:na]
	at org.apache.catalina.security.SecurityUtil.execute(SecurityUtil.java:311) ~[tomcat-embed-core-9.0.54.jar:9.0.54]
	at org.apache.catalina.security.SecurityUtil.doAsPrivilege(SecurityUtil.java:253) ~[tomcat-embed-core-9.0.54.jar:9.0.54]
	at org.apache.catalina.core.ApplicationFilterChain.internalDoFilter(ApplicationFilterChain.java:187) ~[tomcat-embed-core-9.0.54.jar:9.0.54]
	at org.apache.catalina.core.ApplicationFilterChain.lambda$doFilter$0(ApplicationFilterChain.java:145) ~[tomcat-embed-core-9.0.54.jar:9.0.54]
	at java.base/java.security.AccessController.doPrivileged(AccessController.java:569) ~[na:na]
	at org.apache.catalina.core.ApplicationFilterChain.doFilter(ApplicationFilterChain.java:143) ~[tomcat-embed-core-9.0.54.jar:9.0.54]
	at org.springframework.web.filter.RequestContextFilter.doFilterInternal(RequestContextFilter.java:100) ~[spring-web-5.3.12.jar:5.3.12]
	at org.springframework.web.filter.OncePerRequestFilter.doFilter(OncePerRequestFilter.java:119) ~[spring-web-5.3.12.jar:5.3.12]
	at jdk.internal.reflect.GeneratedMethodAccessor59.invoke(Unknown Source) ~[na:na]
	at java.base/jdk.internal.reflect.DelegatingMethodAccessorImpl.invoke(DelegatingMethodAccessorImpl.java:43) ~[na:na]
	at java.base/java.lang.reflect.Method.invoke(Method.java:568) ~[na:na]
	at org.apache.catalina.security.SecurityUtil.lambda$execute$0(SecurityUtil.java:280) ~[tomcat-embed-core-9.0.54.jar:9.0.54]
	at java.base/java.security.AccessController.doPrivileged(AccessController.java:712) ~[na:na]
	at java.base/javax.security.auth.Subject.doAsPrivileged(Subject.java:584) ~[na:na]
	at org.apache.catalina.security.SecurityUtil.execute(SecurityUtil.java:311) ~[tomcat-embed-core-9.0.54.jar:9.0.54]
	at org.apache.catalina.security.SecurityUtil.doAsPrivilege(SecurityUtil.java:253) ~[tomcat-embed-core-9.0.54.jar:9.0.54]
	at org.apache.catalina.core.ApplicationFilterChain.internalDoFilter(ApplicationFilterChain.java:187) ~[tomcat-embed-core-9.0.54.jar:9.0.54]
	at org.apache.catalina.core.ApplicationFilterChain.lambda$doFilter$0(ApplicationFilterChain.java:145) ~[tomcat-embed-core-9.0.54.jar:9.0.54]
	at java.base/java.security.AccessController.doPrivileged(AccessController.java:569) ~[na:na]
	at org.apache.catalina.core.ApplicationFilterChain.doFilter(ApplicationFilterChain.java:143) ~[tomcat-embed-core-9.0.54.jar:9.0.54]
	at org.springframework.web.filter.FormContentFilter.doFilterInternal(FormContentFilter.java:93) ~[spring-web-5.3.12.jar:5.3.12]
	at org.springframework.web.filter.OncePerRequestFilter.doFilter(OncePerRequestFilter.java:119) ~[spring-web-5.3.12.jar:5.3.12]
	at jdk.internal.reflect.GeneratedMethodAccessor59.invoke(Unknown Source) ~[na:na]
	at java.base/jdk.internal.reflect.DelegatingMethodAccessorImpl.invoke(DelegatingMethodAccessorImpl.java:43) ~[na:na]
	at java.base/java.lang.reflect.Method.invoke(Method.java:568) ~[na:na]
	at org.apache.catalina.security.SecurityUtil.lambda$execute$0(SecurityUtil.java:280) ~[tomcat-embed-core-9.0.54.jar:9.0.54]
	at java.base/java.security.AccessController.doPrivileged(AccessController.java:712) ~[na:na]
	at java.base/javax.security.auth.Subject.doAsPrivileged(Subject.java:584) ~[na:na]
	at org.apache.catalina.security.SecurityUtil.execute(SecurityUtil.java:311) ~[tomcat-embed-core-9.0.54.jar:9.0.54]
	at org.apache.catalina.security.SecurityUtil.doAsPrivilege(SecurityUtil.java:253) ~[tomcat-embed-core-9.0.54.jar:9.0.54]
	at org.apache.catalina.core.ApplicationFilterChain.internalDoFilter(ApplicationFilterChain.java:187) ~[tomcat-embed-core-9.0.54.jar:9.0.54]
	at org.apache.catalina.core.ApplicationFilterChain.lambda$doFilter$0(ApplicationFilterChain.java:145) ~[tomcat-embed-core-9.0.54.jar:9.0.54]
	at java.base/java.security.AccessController.doPrivileged(AccessController.java:569) ~[na:na]
	at org.apache.catalina.core.ApplicationFilterChain.doFilter(ApplicationFilterChain.java:143) ~[tomcat-embed-core-9.0.54.jar:9.0.54]
	at org.springframework.boot.actuate.metrics.web.servlet.WebMvcMetricsFilter.doFilterInternal(WebMvcMetricsFilter.java:96) ~[spring-boot-actuator-2.5.6.jar:2.5.6]
	at org.springframework.web.filter.OncePerRequestFilter.doFilter(OncePerRequestFilter.java:119) ~[spring-web-5.3.12.jar:5.3.12]
	at jdk.internal.reflect.GeneratedMethodAccessor59.invoke(Unknown Source) ~[na:na]
	at java.base/jdk.internal.reflect.DelegatingMethodAccessorImpl.invoke(DelegatingMethodAccessorImpl.java:43) ~[na:na]
	at java.base/java.lang.reflect.Method.invoke(Method.java:568) ~[na:na]
	at org.apache.catalina.security.SecurityUtil.lambda$execute$0(SecurityUtil.java:280) ~[tomcat-embed-core-9.0.54.jar:9.0.54]
	at java.base/java.security.AccessController.doPrivileged(AccessController.java:712) ~[na:na]
	at java.base/javax.security.auth.Subject.doAsPrivileged(Subject.java:584) ~[na:na]
	at org.apache.catalina.security.SecurityUtil.execute(SecurityUtil.java:311) ~[tomcat-embed-core-9.0.54.jar:9.0.54]
	at org.apache.catalina.security.SecurityUtil.doAsPrivilege(SecurityUtil.java:253) ~[tomcat-embed-core-9.0.54.jar:9.0.54]
	at org.apache.catalina.core.ApplicationFilterChain.internalDoFilter(ApplicationFilterChain.java:187) ~[tomcat-embed-core-9.0.54.jar:9.0.54]
	at org.apache.catalina.core.ApplicationFilterChain.lambda$doFilter$0(ApplicationFilterChain.java:145) ~[tomcat-embed-core-9.0.54.jar:9.0.54]
	at java.base/java.security.AccessController.doPrivileged(AccessController.java:569) ~[na:na]
	at org.apache.catalina.core.ApplicationFilterChain.doFilter(ApplicationFilterChain.java:143) ~[tomcat-embed-core-9.0.54.jar:9.0.54]
	at org.springframework.web.filter.CharacterEncodingFilter.doFilterInternal(CharacterEncodingFilter.java:201) ~[spring-web-5.3.12.jar:5.3.12]
	at org.springframework.web.filter.OncePerRequestFilter.doFilter(OncePerRequestFilter.java:119) ~[spring-web-5.3.12.jar:5.3.12]
	at jdk.internal.reflect.GeneratedMethodAccessor59.invoke(Unknown Source) ~[na:na]
	at java.base/jdk.internal.reflect.DelegatingMethodAccessorImpl.invoke(DelegatingMethodAccessorImpl.java:43) ~[na:na]
	at java.base/java.lang.reflect.Method.invoke(Method.java:568) ~[na:na]
	at org.apache.catalina.security.SecurityUtil.lambda$execute$0(SecurityUtil.java:280) ~[tomcat-embed-core-9.0.54.jar:9.0.54]
	at java.base/java.security.AccessController.doPrivileged(AccessController.java:712) ~[na:na]
	at java.base/javax.security.auth.Subject.doAsPrivileged(Subject.java:584) ~[na:na]
	at org.apache.catalina.security.SecurityUtil.execute(SecurityUtil.java:311) ~[tomcat-embed-core-9.0.54.jar:9.0.54]
	at org.apache.catalina.security.SecurityUtil.doAsPrivilege(SecurityUtil.java:253) ~[tomcat-embed-core-9.0.54.jar:9.0.54]
	at org.apache.catalina.core.ApplicationFilterChain.internalDoFilter(ApplicationFilterChain.java:187) ~[tomcat-embed-core-9.0.54.jar:9.0.54]
	at org.apache.catalina.core.ApplicationFilterChain.lambda$doFilter$0(ApplicationFilterChain.java:145) ~[tomcat-embed-core-9.0.54.jar:9.0.54]
	at java.base/java.security.AccessController.doPrivileged(AccessController.java:569) ~[na:na]
	at org.apache.catalina.core.ApplicationFilterChain.doFilter(ApplicationFilterChain.java:143) ~[tomcat-embed-core-9.0.54.jar:9.0.54]
	at org.apache.catalina.core.StandardWrapperValve.invoke(StandardWrapperValve.java:197) ~[tomcat-embed-core-9.0.54.jar:9.0.54]
	at org.apache.catalina.core.StandardContextValve.invoke(StandardContextValve.java:97) ~[tomcat-embed-core-9.0.54.jar:9.0.54]
	at org.apache.catalina.authenticator.AuthenticatorBase.invoke(AuthenticatorBase.java:540) ~[tomcat-embed-core-9.0.54.jar:9.0.54]
	at org.apache.catalina.core.StandardHostValve.invoke(StandardHostValve.java:135) ~[tomcat-embed-core-9.0.54.jar:9.0.54]
	at org.apache.catalina.valves.ErrorReportValve.invoke(ErrorReportValve.java:92) ~[tomcat-embed-core-9.0.54.jar:9.0.54]
	at org.apache.catalina.core.StandardEngineValve.invoke(StandardEngineValve.java:78) ~[tomcat-embed-core-9.0.54.jar:9.0.54]
	at org.apache.catalina.connector.CoyoteAdapter.service(CoyoteAdapter.java:357) ~[tomcat-embed-core-9.0.54.jar:9.0.54]
	at org.apache.coyote.http11.Http11Processor.service(Http11Processor.java:382) ~[tomcat-embed-core-9.0.54.jar:9.0.54]
	at org.apache.coyote.AbstractProcessorLight.process(AbstractProcessorLight.java:65) ~[tomcat-embed-core-9.0.54.jar:9.0.54]
	at org.apache.coyote.AbstractProtocol$ConnectionHandler.process(AbstractProtocol.java:895) ~[tomcat-embed-core-9.0.54.jar:9.0.54]
	at org.apache.tomcat.util.net.NioEndpoint$SocketProcessor.doRun(NioEndpoint.java:1722) ~[tomcat-embed-core-9.0.54.jar:9.0.54]
	at org.apache.tomcat.util.net.SocketProcessorBase.run(SocketProcessorBase.java:49) ~[tomcat-embed-core-9.0.54.jar:9.0.54]
	at org.apache.tomcat.util.threads.ThreadPoolExecutor.runWorker(ThreadPoolExecutor.java:1191) ~[tomcat-embed-core-9.0.54.jar:9.0.54]
	at org.apache.tomcat.util.threads.ThreadPoolExecutor$Worker.run(ThreadPoolExecutor.java:659) ~[tomcat-embed-core-9.0.54.jar:9.0.54]
	at org.apache.tomcat.util.threads.TaskThread$WrappingRunnable.run(TaskThread.java:61) ~[tomcat-embed-core-9.0.54.jar:9.0.54]
	at java.base/java.lang.Thread.run(Thread.java:833) ~[na:na]

2022-03-20 12:26:52.064 DEBUG 5300 --- [nio-8701-exec-1] s.w.a.DelegatingAuthenticationEntryPoint : Trying to match using RequestHeaderRequestMatcher [expectedHeaderName=X-Requested-With, expectedHeaderValue=XMLHttpRequest]
2022-03-20 12:26:52.064 DEBUG 5300 --- [nio-8701-exec-1] s.w.a.DelegatingAuthenticationEntryPoint : No match found. Using default entry point org.springframework.security.web.authentication.www.BasicAuthenticationEntryPoint@7d6c2c9
2022-03-20 12:26:52.064 DEBUG 5300 --- [nio-8701-exec-1] w.c.HttpSessionSecurityContextRepository : Did not store empty SecurityContext
2022-03-20 12:26:52.064 DEBUG 5300 --- [nio-8701-exec-1] w.c.HttpSessionSecurityContextRepository : Did not store empty SecurityContext
2022-03-20 12:26:52.064 DEBUG 5300 --- [nio-8701-exec-1] s.s.w.c.SecurityContextPersistenceFilter : Cleared SecurityContextHolder to complete request
2022-03-20 12:26:52.065 DEBUG 5300 --- [nio-8701-exec-1] o.s.security.web.FilterChainProxy        : Securing GET /error?category=dessert
2022-03-20 12:26:52.065 DEBUG 5300 --- [nio-8701-exec-1] s.s.w.c.SecurityContextPersistenceFilter : Set SecurityContextHolder to empty SecurityContext
2022-03-20 12:26:52.065 DEBUG 5300 --- [nio-8701-exec-1] o.s.s.w.a.AnonymousAuthenticationFilter  : Set SecurityContextHolder to anonymous SecurityContext
2022-03-20 12:26:52.066 DEBUG 5300 --- [nio-8701-exec-1] s.w.s.m.m.a.RequestMappingHandlerMapping : Mapped to org.springframework.boot.autoconfigure.web.servlet.error.BasicErrorController#error(HttpServletRequest)
2022-03-20 12:26:52.067 DEBUG 5300 --- [nio-8701-exec-1] s.w.s.m.m.a.RequestMappingHandlerMapping : Mapped to org.springframework.boot.autoconfigure.web.servlet.error.BasicErrorController#error(HttpServletRequest)
2022-03-20 12:26:52.067 DEBUG 5300 --- [nio-8701-exec-1] o.s.s.w.a.i.FilterSecurityInterceptor    : Authorized public object filter invocation [GET /error?category=dessert]
2022-03-20 12:26:52.067 DEBUG 5300 --- [nio-8701-exec-1] o.s.security.web.FilterChainProxy        : Secured GET /error?category=dessert
2022-03-20 12:26:52.068 DEBUG 5300 --- [nio-8701-exec-1] o.s.web.servlet.DispatcherServlet        : "ERROR" dispatch for GET "/error?category=dessert", parameters={masked}
2022-03-20 12:26:52.068 DEBUG 5300 --- [nio-8701-exec-1] s.w.s.m.m.a.RequestMappingHandlerMapping : Mapped to org.springframework.boot.autoconfigure.web.servlet.error.BasicErrorController#error(HttpServletRequest)
2022-03-20 12:26:52.068 DEBUG 5300 --- [nio-8701-exec-1] o.j.s.OpenEntityManagerInViewInterceptor : Opening JPA EntityManager in OpenEntityManagerInViewInterceptor
2022-03-20 12:26:52.069 DEBUG 5300 --- [nio-8701-exec-1] o.s.w.s.m.m.a.HttpEntityMethodProcessor  : Using 'application/json', given [*/*] and supported [application/json, application/*+json, application/json, application/*+json]
2022-03-20 12:26:52.069 DEBUG 5300 --- [nio-8701-exec-1] o.s.w.s.m.m.a.HttpEntityMethodProcessor  : Writing [{timestamp=Sun Mar 20 12:26:52 MSK 2022, status=401, error=Unauthorized, path=/api/recipe/search/}]
2022-03-20 12:26:52.070 DEBUG 5300 --- [nio-8701-exec-1] w.c.HttpSessionSecurityContextRepository : Did not store anonymous SecurityContext
2022-03-20 12:26:52.070 DEBUG 5300 --- [nio-8701-exec-1] o.j.s.OpenEntityManagerInViewInterceptor : Closing JPA EntityManager in OpenEntityManagerInViewInterceptor
2022-03-20 12:26:52.070 DEBUG 5300 --- [nio-8701-exec-1] o.s.web.servlet.DispatcherServlet        : Exiting from "ERROR" dispatch, status 401
2022-03-20 12:26:52.070 DEBUG 5300 --- [nio-8701-exec-1] w.c.HttpSessionSecurityContextRepository : Did not store anonymous SecurityContext
2022-03-20 12:26:52.070 DEBUG 5300 --- [nio-8701-exec-1] s.s.w.c.SecurityContextPersistenceFilter : Cleared SecurityContextHolder to complete request
?[1;31m
Start test 75?[0m
2022-03-20 12:26:52.077 DEBUG 5300 --- [nio-8701-exec-2] o.s.security.web.FilterChainProxy        : Securing GET /api/recipe/search/?name=ice-cream
2022-03-20 12:26:52.078 DEBUG 5300 --- [nio-8701-exec-2] s.s.w.c.SecurityContextPersistenceFilter : Set SecurityContextHolder to empty SecurityContext
2022-03-20 12:26:52.079 DEBUG 5300 --- [nio-8701-exec-2] tor$SharedEntityManagerInvocationHandler : Creating new EntityManager for shared EntityManager invocation
Hibernate: select user0_.email as email1_3_, user0_.password as password2_3_ from users user0_ where user0_.email=?
2022-03-20 12:26:52.082 DEBUG 5300 --- [nio-8701-exec-2] o.s.s.a.dao.DaoAuthenticationProvider    : Failed to find user 'abc@test.com'
2022-03-20 12:26:52.085 DEBUG 5300 --- [nio-8701-exec-2] o.s.s.w.a.www.BasicAuthenticationFilter  : Failed to process authentication request

org.springframework.security.authentication.BadCredentialsException: Bad credentials
	at org.springframework.security.authentication.dao.AbstractUserDetailsAuthenticationProvider.authenticate(AbstractUserDetailsAuthenticationProvider.java:141) ~[spring-security-core-5.5.3.jar:5.5.3]
	at org.springframework.security.authentication.ProviderManager.authenticate(ProviderManager.java:182) ~[spring-security-core-5.5.3.jar:5.5.3]
	at org.springframework.security.authentication.ProviderManager.authenticate(ProviderManager.java:201) ~[spring-security-core-5.5.3.jar:5.5.3]
	at org.springframework.security.web.authentication.www.BasicAuthenticationFilter.doFilterInternal(BasicAuthenticationFilter.java:155) ~[spring-security-web-5.5.3.jar:5.5.3]
	at org.springframework.web.filter.OncePerRequestFilter.doFilter(OncePerRequestFilter.java:119) ~[spring-web-5.3.12.jar:5.3.12]
	at org.springframework.security.web.FilterChainProxy$VirtualFilterChain.doFilter(FilterChainProxy.java:336) ~[spring-security-web-5.5.3.jar:5.5.3]
	at org.springframework.security.web.authentication.logout.LogoutFilter.doFilter(LogoutFilter.java:103) ~[spring-security-web-5.5.3.jar:5.5.3]
	at org.springframework.security.web.authentication.logout.LogoutFilter.doFilter(LogoutFilter.java:89) ~[spring-security-web-5.5.3.jar:5.5.3]
	at org.springframework.security.web.FilterChainProxy$VirtualFilterChain.doFilter(FilterChainProxy.java:336) ~[spring-security-web-5.5.3.jar:5.5.3]
	at org.springframework.security.web.header.HeaderWriterFilter.doHeadersAfter(HeaderWriterFilter.java:90) ~[spring-security-web-5.5.3.jar:5.5.3]
	at org.springframework.security.web.header.HeaderWriterFilter.doFilterInternal(HeaderWriterFilter.java:75) ~[spring-security-web-5.5.3.jar:5.5.3]
	at org.springframework.web.filter.OncePerRequestFilter.doFilter(OncePerRequestFilter.java:119) ~[spring-web-5.3.12.jar:5.3.12]
	at org.springframework.security.web.FilterChainProxy$VirtualFilterChain.doFilter(FilterChainProxy.java:336) ~[spring-security-web-5.5.3.jar:5.5.3]
	at org.springframework.security.web.context.SecurityContextPersistenceFilter.doFilter(SecurityContextPersistenceFilter.java:110) ~[spring-security-web-5.5.3.jar:5.5.3]
	at org.springframework.security.web.context.SecurityContextPersistenceFilter.doFilter(SecurityContextPersistenceFilter.java:80) ~[spring-security-web-5.5.3.jar:5.5.3]
	at org.springframework.security.web.FilterChainProxy$VirtualFilterChain.doFilter(FilterChainProxy.java:336) ~[spring-security-web-5.5.3.jar:5.5.3]
	at org.springframework.security.web.context.request.async.WebAsyncManagerIntegrationFilter.doFilterInternal(WebAsyncManagerIntegrationFilter.java:55) ~[spring-security-web-5.5.3.jar:5.5.3]
	at org.springframework.web.filter.OncePerRequestFilter.doFilter(OncePerRequestFilter.java:119) ~[spring-web-5.3.12.jar:5.3.12]
	at org.springframework.security.web.FilterChainProxy$VirtualFilterChain.doFilter(FilterChainProxy.java:336) ~[spring-security-web-5.5.3.jar:5.5.3]
	at org.springframework.security.web.FilterChainProxy.doFilterInternal(FilterChainProxy.java:211) ~[spring-security-web-5.5.3.jar:5.5.3]
	at org.springframework.security.web.FilterChainProxy.doFilter(FilterChainProxy.java:183) ~[spring-security-web-5.5.3.jar:5.5.3]
	at org.springframework.web.filter.DelegatingFilterProxy.invokeDelegate(DelegatingFilterProxy.java:358) ~[spring-web-5.3.12.jar:5.3.12]
	at org.springframework.web.filter.DelegatingFilterProxy.doFilter(DelegatingFilterProxy.java:271) ~[spring-web-5.3.12.jar:5.3.12]
	at jdk.internal.reflect.GeneratedMethodAccessor59.invoke(Unknown Source) ~[na:na]
	at java.base/jdk.internal.reflect.DelegatingMethodAccessorImpl.invoke(DelegatingMethodAccessorImpl.java:43) ~[na:na]
	at java.base/java.lang.reflect.Method.invoke(Method.java:568) ~[na:na]
	at org.apache.catalina.security.SecurityUtil.lambda$execute$0(SecurityUtil.java:280) ~[tomcat-embed-core-9.0.54.jar:9.0.54]
	at java.base/java.security.AccessController.doPrivileged(AccessController.java:712) ~[na:na]
	at java.base/javax.security.auth.Subject.doAsPrivileged(Subject.java:584) ~[na:na]
	at org.apache.catalina.security.SecurityUtil.execute(SecurityUtil.java:311) ~[tomcat-embed-core-9.0.54.jar:9.0.54]
	at org.apache.catalina.security.SecurityUtil.doAsPrivilege(SecurityUtil.java:253) ~[tomcat-embed-core-9.0.54.jar:9.0.54]
	at org.apache.catalina.core.ApplicationFilterChain.internalDoFilter(ApplicationFilterChain.java:187) ~[tomcat-embed-core-9.0.54.jar:9.0.54]
	at org.apache.catalina.core.ApplicationFilterChain.lambda$doFilter$0(ApplicationFilterChain.java:145) ~[tomcat-embed-core-9.0.54.jar:9.0.54]
	at java.base/java.security.AccessController.doPrivileged(AccessController.java:569) ~[na:na]
	at org.apache.catalina.core.ApplicationFilterChain.doFilter(ApplicationFilterChain.java:143) ~[tomcat-embed-core-9.0.54.jar:9.0.54]
	at org.springframework.web.filter.RequestContextFilter.doFilterInternal(RequestContextFilter.java:100) ~[spring-web-5.3.12.jar:5.3.12]
	at org.springframework.web.filter.OncePerRequestFilter.doFilter(OncePerRequestFilter.java:119) ~[spring-web-5.3.12.jar:5.3.12]
	at jdk.internal.reflect.GeneratedMethodAccessor59.invoke(Unknown Source) ~[na:na]
	at java.base/jdk.internal.reflect.DelegatingMethodAccessorImpl.invoke(DelegatingMethodAccessorImpl.java:43) ~[na:na]
	at java.base/java.lang.reflect.Method.invoke(Method.java:568) ~[na:na]
	at org.apache.catalina.security.SecurityUtil.lambda$execute$0(SecurityUtil.java:280) ~[tomcat-embed-core-9.0.54.jar:9.0.54]
	at java.base/java.security.AccessController.doPrivileged(AccessController.java:712) ~[na:na]
	at java.base/javax.security.auth.Subject.doAsPrivileged(Subject.java:584) ~[na:na]
	at org.apache.catalina.security.SecurityUtil.execute(SecurityUtil.java:311) ~[tomcat-embed-core-9.0.54.jar:9.0.54]
	at org.apache.catalina.security.SecurityUtil.doAsPrivilege(SecurityUtil.java:253) ~[tomcat-embed-core-9.0.54.jar:9.0.54]
	at org.apache.catalina.core.ApplicationFilterChain.internalDoFilter(ApplicationFilterChain.java:187) ~[tomcat-embed-core-9.0.54.jar:9.0.54]
	at org.apache.catalina.core.ApplicationFilterChain.lambda$doFilter$0(ApplicationFilterChain.java:145) ~[tomcat-embed-core-9.0.54.jar:9.0.54]
	at java.base/java.security.AccessController.doPrivileged(AccessController.java:569) ~[na:na]
	at org.apache.catalina.core.ApplicationFilterChain.doFilter(ApplicationFilterChain.java:143) ~[tomcat-embed-core-9.0.54.jar:9.0.54]
	at org.springframework.web.filter.FormContentFilter.doFilterInternal(FormContentFilter.java:93) ~[spring-web-5.3.12.jar:5.3.12]
	at org.springframework.web.filter.OncePerRequestFilter.doFilter(OncePerRequestFilter.java:119) ~[spring-web-5.3.12.jar:5.3.12]
	at jdk.internal.reflect.GeneratedMethodAccessor59.invoke(Unknown Source) ~[na:na]
	at java.base/jdk.internal.reflect.DelegatingMethodAccessorImpl.invoke(DelegatingMethodAccessorImpl.java:43) ~[na:na]
	at java.base/java.lang.reflect.Method.invoke(Method.java:568) ~[na:na]
	at org.apache.catalina.security.SecurityUtil.lambda$execute$0(SecurityUtil.java:280) ~[tomcat-embed-core-9.0.54.jar:9.0.54]
	at java.base/java.security.AccessController.doPrivileged(AccessController.java:712) ~[na:na]
	at java.base/javax.security.auth.Subject.doAsPrivileged(Subject.java:584) ~[na:na]
	at org.apache.catalina.security.SecurityUtil.execute(SecurityUtil.java:311) ~[tomcat-embed-core-9.0.54.jar:9.0.54]
	at org.apache.catalina.security.SecurityUtil.doAsPrivilege(SecurityUtil.java:253) ~[tomcat-embed-core-9.0.54.jar:9.0.54]
	at org.apache.catalina.core.ApplicationFilterChain.internalDoFilter(ApplicationFilterChain.java:187) ~[tomcat-embed-core-9.0.54.jar:9.0.54]
	at org.apache.catalina.core.ApplicationFilterChain.lambda$doFilter$0(ApplicationFilterChain.java:145) ~[tomcat-embed-core-9.0.54.jar:9.0.54]
	at java.base/java.security.AccessController.doPrivileged(AccessController.java:569) ~[na:na]
	at org.apache.catalina.core.ApplicationFilterChain.doFilter(ApplicationFilterChain.java:143) ~[tomcat-embed-core-9.0.54.jar:9.0.54]
	at org.springframework.boot.actuate.metrics.web.servlet.WebMvcMetricsFilter.doFilterInternal(WebMvcMetricsFilter.java:96) ~[spring-boot-actuator-2.5.6.jar:2.5.6]
	at org.springframework.web.filter.OncePerRequestFilter.doFilter(OncePerRequestFilter.java:119) ~[spring-web-5.3.12.jar:5.3.12]
	at jdk.internal.reflect.GeneratedMethodAccessor59.invoke(Unknown Source) ~[na:na]
	at java.base/jdk.internal.reflect.DelegatingMethodAccessorImpl.invoke(DelegatingMethodAccessorImpl.java:43) ~[na:na]
	at java.base/java.lang.reflect.Method.invoke(Method.java:568) ~[na:na]
	at org.apache.catalina.security.SecurityUtil.lambda$execute$0(SecurityUtil.java:280) ~[tomcat-embed-core-9.0.54.jar:9.0.54]
	at java.base/java.security.AccessController.doPrivileged(AccessController.java:712) ~[na:na]
	at java.base/javax.security.auth.Subject.doAsPrivileged(Subject.java:584) ~[na:na]
	at org.apache.catalina.security.SecurityUtil.execute(SecurityUtil.java:311) ~[tomcat-embed-core-9.0.54.jar:9.0.54]
	at org.apache.catalina.security.SecurityUtil.doAsPrivilege(SecurityUtil.java:253) ~[tomcat-embed-core-9.0.54.jar:9.0.54]
	at org.apache.catalina.core.ApplicationFilterChain.internalDoFilter(ApplicationFilterChain.java:187) ~[tomcat-embed-core-9.0.54.jar:9.0.54]
	at org.apache.catalina.core.ApplicationFilterChain.lambda$doFilter$0(ApplicationFilterChain.java:145) ~[tomcat-embed-core-9.0.54.jar:9.0.54]
	at java.base/java.security.AccessController.doPrivileged(AccessController.java:569) ~[na:na]
	at org.apache.catalina.core.ApplicationFilterChain.doFilter(ApplicationFilterChain.java:143) ~[tomcat-embed-core-9.0.54.jar:9.0.54]
	at org.springframework.web.filter.CharacterEncodingFilter.doFilterInternal(CharacterEncodingFilter.java:201) ~[spring-web-5.3.12.jar:5.3.12]
	at org.springframework.web.filter.OncePerRequestFilter.doFilter(OncePerRequestFilter.java:119) ~[spring-web-5.3.12.jar:5.3.12]
	at jdk.internal.reflect.GeneratedMethodAccessor59.invoke(Unknown Source) ~[na:na]
	at java.base/jdk.internal.reflect.DelegatingMethodAccessorImpl.invoke(DelegatingMethodAccessorImpl.java:43) ~[na:na]
	at java.base/java.lang.reflect.Method.invoke(Method.java:568) ~[na:na]
	at org.apache.catalina.security.SecurityUtil.lambda$execute$0(SecurityUtil.java:280) ~[tomcat-embed-core-9.0.54.jar:9.0.54]
	at java.base/java.security.AccessController.doPrivileged(AccessController.java:712) ~[na:na]
	at java.base/javax.security.auth.Subject.doAsPrivileged(Subject.java:584) ~[na:na]
	at org.apache.catalina.security.SecurityUtil.execute(SecurityUtil.java:311) ~[tomcat-embed-core-9.0.54.jar:9.0.54]
	at org.apache.catalina.security.SecurityUtil.doAsPrivilege(SecurityUtil.java:253) ~[tomcat-embed-core-9.0.54.jar:9.0.54]
	at org.apache.catalina.core.ApplicationFilterChain.internalDoFilter(ApplicationFilterChain.java:187) ~[tomcat-embed-core-9.0.54.jar:9.0.54]
	at org.apache.catalina.core.ApplicationFilterChain.lambda$doFilter$0(ApplicationFilterChain.java:145) ~[tomcat-embed-core-9.0.54.jar:9.0.54]
	at java.base/java.security.AccessController.doPrivileged(AccessController.java:569) ~[na:na]
	at org.apache.catalina.core.ApplicationFilterChain.doFilter(ApplicationFilterChain.java:143) ~[tomcat-embed-core-9.0.54.jar:9.0.54]
	at org.apache.catalina.core.StandardWrapperValve.invoke(StandardWrapperValve.java:197) ~[tomcat-embed-core-9.0.54.jar:9.0.54]
	at org.apache.catalina.core.StandardContextValve.invoke(StandardContextValve.java:97) ~[tomcat-embed-core-9.0.54.jar:9.0.54]
	at org.apache.catalina.authenticator.AuthenticatorBase.invoke(AuthenticatorBase.java:540) ~[tomcat-embed-core-9.0.54.jar:9.0.54]
	at org.apache.catalina.core.StandardHostValve.invoke(StandardHostValve.java:135) ~[tomcat-embed-core-9.0.54.jar:9.0.54]
	at org.apache.catalina.valves.ErrorReportValve.invoke(ErrorReportValve.java:92) ~[tomcat-embed-core-9.0.54.jar:9.0.54]
	at org.apache.catalina.core.StandardEngineValve.invoke(StandardEngineValve.java:78) ~[tomcat-embed-core-9.0.54.jar:9.0.54]
	at org.apache.catalina.connector.CoyoteAdapter.service(CoyoteAdapter.java:357) ~[tomcat-embed-core-9.0.54.jar:9.0.54]
	at org.apache.coyote.http11.Http11Processor.service(Http11Processor.java:382) ~[tomcat-embed-core-9.0.54.jar:9.0.54]
	at org.apache.coyote.AbstractProcessorLight.process(AbstractProcessorLight.java:65) ~[tomcat-embed-core-9.0.54.jar:9.0.54]
	at org.apache.coyote.AbstractProtocol$ConnectionHandler.process(AbstractProtocol.java:895) ~[tomcat-embed-core-9.0.54.jar:9.0.54]
	at org.apache.tomcat.util.net.NioEndpoint$SocketProcessor.doRun(NioEndpoint.java:1722) ~[tomcat-embed-core-9.0.54.jar:9.0.54]
	at org.apache.tomcat.util.net.SocketProcessorBase.run(SocketProcessorBase.java:49) ~[tomcat-embed-core-9.0.54.jar:9.0.54]
	at org.apache.tomcat.util.threads.ThreadPoolExecutor.runWorker(ThreadPoolExecutor.java:1191) ~[tomcat-embed-core-9.0.54.jar:9.0.54]
	at org.apache.tomcat.util.threads.ThreadPoolExecutor$Worker.run(ThreadPoolExecutor.java:659) ~[tomcat-embed-core-9.0.54.jar:9.0.54]
	at org.apache.tomcat.util.threads.TaskThread$WrappingRunnable.run(TaskThread.java:61) ~[tomcat-embed-core-9.0.54.jar:9.0.54]
	at java.base/java.lang.Thread.run(Thread.java:833) ~[na:na]

2022-03-20 12:26:52.087 DEBUG 5300 --- [nio-8701-exec-2] s.w.a.DelegatingAuthenticationEntryPoint : Trying to match using RequestHeaderRequestMatcher [expectedHeaderName=X-Requested-With, expectedHeaderValue=XMLHttpRequest]
2022-03-20 12:26:52.088 DEBUG 5300 --- [nio-8701-exec-2] s.w.a.DelegatingAuthenticationEntryPoint : No match found. Using default entry point org.springframework.security.web.authentication.www.BasicAuthenticationEntryPoint@7d6c2c9
2022-03-20 12:26:52.088 DEBUG 5300 --- [nio-8701-exec-2] w.c.HttpSessionSecurityContextRepository : Did not store empty SecurityContext
2022-03-20 12:26:52.088 DEBUG 5300 --- [nio-8701-exec-2] w.c.HttpSessionSecurityContextRepository : Did not store empty SecurityContext
2022-03-20 12:26:52.088 DEBUG 5300 --- [nio-8701-exec-2] s.s.w.c.SecurityContextPersistenceFilter : Cleared SecurityContextHolder to complete request
2022-03-20 12:26:52.089 DEBUG 5300 --- [nio-8701-exec-2] o.s.security.web.FilterChainProxy        : Securing GET /error?name=ice-cream
2022-03-20 12:26:52.089 DEBUG 5300 --- [nio-8701-exec-2] s.s.w.c.SecurityContextPersistenceFilter : Set SecurityContextHolder to empty SecurityContext
2022-03-20 12:26:52.089 DEBUG 5300 --- [nio-8701-exec-2] o.s.s.w.a.AnonymousAuthenticationFilter  : Set SecurityContextHolder to anonymous SecurityContext
2022-03-20 12:26:52.089 DEBUG 5300 --- [nio-8701-exec-2] s.w.s.m.m.a.RequestMappingHandlerMapping : Mapped to org.springframework.boot.autoconfigure.web.servlet.error.BasicErrorController#error(HttpServletRequest)
2022-03-20 12:26:52.090 DEBUG 5300 --- [nio-8701-exec-2] s.w.s.m.m.a.RequestMappingHandlerMapping : Mapped to org.springframework.boot.autoconfigure.web.servlet.error.BasicErrorController#error(HttpServletRequest)
2022-03-20 12:26:52.090 DEBUG 5300 --- [nio-8701-exec-2] o.s.s.w.a.i.FilterSecurityInterceptor    : Authorized public object filter invocation [GET /error?name=ice-cream]
2022-03-20 12:26:52.090 DEBUG 5300 --- [nio-8701-exec-2] o.s.security.web.FilterChainProxy        : Secured GET /error?name=ice-cream
2022-03-20 12:26:52.090 DEBUG 5300 --- [nio-8701-exec-2] o.s.web.servlet.DispatcherServlet        : "ERROR" dispatch for GET "/error?name=ice-cream", parameters={masked}
2022-03-20 12:26:52.091 DEBUG 5300 --- [nio-8701-exec-2] s.w.s.m.m.a.RequestMappingHandlerMapping : Mapped to org.springframework.boot.autoconfigure.web.servlet.error.BasicErrorController#error(HttpServletRequest)
2022-03-20 12:26:52.091 DEBUG 5300 --- [nio-8701-exec-2] o.j.s.OpenEntityManagerInViewInterceptor : Opening JPA EntityManager in OpenEntityManagerInViewInterceptor
2022-03-20 12:26:52.092 DEBUG 5300 --- [nio-8701-exec-2] o.s.w.s.m.m.a.HttpEntityMethodProcessor  : Using 'application/json', given [*/*] and supported [application/json, application/*+json, application/json, application/*+json]
2022-03-20 12:26:52.092 DEBUG 5300 --- [nio-8701-exec-2] o.s.w.s.m.m.a.HttpEntityMethodProcessor  : Writing [{timestamp=Sun Mar 20 12:26:52 MSK 2022, status=401, error=Unauthorized, path=/api/recipe/search/}]
2022-03-20 12:26:52.093 DEBUG 5300 --- [nio-8701-exec-2] w.c.HttpSessionSecurityContextRepository : Did not store anonymous SecurityContext
2022-03-20 12:26:52.093 DEBUG 5300 --- [nio-8701-exec-2] o.j.s.OpenEntityManagerInViewInterceptor : Closing JPA EntityManager in OpenEntityManagerInViewInterceptor
2022-03-20 12:26:52.093 DEBUG 5300 --- [nio-8701-exec-2] o.s.web.servlet.DispatcherServlet        : Exiting from "ERROR" dispatch, status 401
2022-03-20 12:26:52.093 DEBUG 5300 --- [nio-8701-exec-2] w.c.HttpSessionSecurityContextRepository : Did not store anonymous SecurityContext
2022-03-20 12:26:52.093 DEBUG 5300 --- [nio-8701-exec-2] s.s.w.c.SecurityContextPersistenceFilter : Cleared SecurityContextHolder to complete request
?[1;31m
Start test 76?[0m
2022-03-20 12:26:52.100 DEBUG 5300 --- [nio-8701-exec-3] o.s.security.web.FilterChainProxy        : Securing POST /api/recipe/new
2022-03-20 12:26:52.100 DEBUG 5300 --- [nio-8701-exec-3] s.s.w.c.SecurityContextPersistenceFilter : Set SecurityContextHolder to empty SecurityContext
2022-03-20 12:26:52.100 DEBUG 5300 --- [nio-8701-exec-3] o.s.s.w.a.AnonymousAuthenticationFilter  : Set SecurityContextHolder to anonymous SecurityContext
2022-03-20 12:26:52.101 DEBUG 5300 --- [nio-8701-exec-3] s.w.s.m.m.a.RequestMappingHandlerMapping : Mapped to recipes.presentation.RecipesController#sendRecipe(Recipe, Authentication)
2022-03-20 12:26:52.101 DEBUG 5300 --- [nio-8701-exec-3] s.w.s.m.m.a.RequestMappingHandlerMapping : Mapped to recipes.presentation.RecipesController#sendRecipe(Recipe, Authentication)
2022-03-20 12:26:52.101 DEBUG 5300 --- [nio-8701-exec-3] s.w.s.m.m.a.RequestMappingHandlerMapping : Mapped to recipes.presentation.RecipesController#sendRecipe(Recipe, Authentication)
2022-03-20 12:26:52.102 DEBUG 5300 --- [nio-8701-exec-3] o.s.s.w.a.i.FilterSecurityInterceptor    : Failed to authorize filter invocation [POST /api/recipe/new] with attributes [authenticated]
2022-03-20 12:26:52.111 DEBUG 5300 --- [nio-8701-exec-3] o.s.s.w.s.HttpSessionRequestCache        : Saved request http://localhost:8701/api/recipe/new to session
2022-03-20 12:26:52.111 DEBUG 5300 --- [nio-8701-exec-3] s.w.a.DelegatingAuthenticationEntryPoint : Trying to match using RequestHeaderRequestMatcher [expectedHeaderName=X-Requested-With, expectedHeaderValue=XMLHttpRequest]
2022-03-20 12:26:52.111 DEBUG 5300 --- [nio-8701-exec-3] s.w.a.DelegatingAuthenticationEntryPoint : No match found. Using default entry point org.springframework.security.web.authentication.www.BasicAuthenticationEntryPoint@7d6c2c9
2022-03-20 12:26:52.111 DEBUG 5300 --- [nio-8701-exec-3] w.c.HttpSessionSecurityContextRepository : Did not store empty SecurityContext
2022-03-20 12:26:52.111 DEBUG 5300 --- [nio-8701-exec-3] w.c.HttpSessionSecurityContextRepository : Did not store empty SecurityContext
2022-03-20 12:26:52.111 DEBUG 5300 --- [nio-8701-exec-3] s.s.w.c.SecurityContextPersistenceFilter : Cleared SecurityContextHolder to complete request
2022-03-20 12:26:52.112 DEBUG 5300 --- [nio-8701-exec-3] o.s.security.web.FilterChainProxy        : Securing POST /error
2022-03-20 12:26:52.112 DEBUG 5300 --- [nio-8701-exec-3] s.s.w.c.SecurityContextPersistenceFilter : Set SecurityContextHolder to empty SecurityContext
2022-03-20 12:26:52.112 DEBUG 5300 --- [nio-8701-exec-3] o.s.s.w.a.AnonymousAuthenticationFilter  : Set SecurityContextHolder to anonymous SecurityContext
2022-03-20 12:26:52.113 DEBUG 5300 --- [nio-8701-exec-3] o.s.security.web.FilterChainProxy        : Secured POST /error
2022-03-20 12:26:52.113 DEBUG 5300 --- [nio-8701-exec-3] o.s.web.servlet.DispatcherServlet        : "ERROR" dispatch for POST "/error", parameters={}
2022-03-20 12:26:52.113 DEBUG 5300 --- [nio-8701-exec-3] s.w.s.m.m.a.RequestMappingHandlerMapping : Mapped to org.springframework.boot.autoconfigure.web.servlet.error.BasicErrorController#error(HttpServletRequest)
2022-03-20 12:26:52.113 DEBUG 5300 --- [nio-8701-exec-3] o.j.s.OpenEntityManagerInViewInterceptor : Opening JPA EntityManager in OpenEntityManagerInViewInterceptor
2022-03-20 12:26:52.114 DEBUG 5300 --- [nio-8701-exec-3] o.s.w.s.m.m.a.HttpEntityMethodProcessor  : Using 'application/json', given [*/*] and supported [application/json, application/*+json, application/json, application/*+json]
2022-03-20 12:26:52.115 DEBUG 5300 --- [nio-8701-exec-3] o.s.w.s.m.m.a.HttpEntityMethodProcessor  : Writing [{timestamp=Sun Mar 20 12:26:52 MSK 2022, status=401, error=Unauthorized, path=/api/recipe/new}]
2022-03-20 12:26:52.115 DEBUG 5300 --- [nio-8701-exec-3] w.c.HttpSessionSecurityContextRepository : Did not store anonymous SecurityContext
2022-03-20 12:26:52.117 DEBUG 5300 --- [nio-8701-exec-3] o.j.s.OpenEntityManagerInViewInterceptor : Closing JPA EntityManager in OpenEntityManagerInViewInterceptor
2022-03-20 12:26:52.117 DEBUG 5300 --- [nio-8701-exec-3] o.s.web.servlet.DispatcherServlet        : Exiting from "ERROR" dispatch, status 401
2022-03-20 12:26:52.117 DEBUG 5300 --- [nio-8701-exec-3] w.c.HttpSessionSecurityContextRepository : Did not store anonymous SecurityContext
2022-03-20 12:26:52.117 DEBUG 5300 --- [nio-8701-exec-3] s.s.w.c.SecurityContextPersistenceFilter : Cleared SecurityContextHolder to complete request
?[1;31m
Start test 77?[0m
2022-03-20 12:26:52.124 DEBUG 5300 --- [nio-8701-exec-4] o.s.security.web.FilterChainProxy        : Securing GET /api/recipe/149
2022-03-20 12:26:52.124 DEBUG 5300 --- [nio-8701-exec-4] s.s.w.c.SecurityContextPersistenceFilter : Set SecurityContextHolder to empty SecurityContext
2022-03-20 12:26:52.125 DEBUG 5300 --- [nio-8701-exec-4] o.s.s.w.a.AnonymousAuthenticationFilter  : Set SecurityContextHolder to anonymous SecurityContext
2022-03-20 12:26:52.125 DEBUG 5300 --- [nio-8701-exec-4] s.w.s.m.m.a.RequestMappingHandlerMapping : Mapped to recipes.presentation.RecipesController#getRecipe(Long)
2022-03-20 12:26:52.126 DEBUG 5300 --- [nio-8701-exec-4] o.s.s.w.a.i.FilterSecurityInterceptor    : Failed to authorize filter invocation [GET /api/recipe/149] with attributes [authenticated]
2022-03-20 12:26:52.127 DEBUG 5300 --- [nio-8701-exec-4] o.s.s.w.s.HttpSessionRequestCache        : Saved request http://localhost:8701/api/recipe/149 to session
2022-03-20 12:26:52.127 DEBUG 5300 --- [nio-8701-exec-4] s.w.a.DelegatingAuthenticationEntryPoint : Trying to match using RequestHeaderRequestMatcher [expectedHeaderName=X-Requested-With, expectedHeaderValue=XMLHttpRequest]
2022-03-20 12:26:52.127 DEBUG 5300 --- [nio-8701-exec-4] s.w.a.DelegatingAuthenticationEntryPoint : No match found. Using default entry point org.springframework.security.web.authentication.www.BasicAuthenticationEntryPoint@7d6c2c9
2022-03-20 12:26:52.127 DEBUG 5300 --- [nio-8701-exec-4] w.c.HttpSessionSecurityContextRepository : Did not store empty SecurityContext
2022-03-20 12:26:52.127 DEBUG 5300 --- [nio-8701-exec-4] w.c.HttpSessionSecurityContextRepository : Did not store empty SecurityContext
2022-03-20 12:26:52.127 DEBUG 5300 --- [nio-8701-exec-4] s.s.w.c.SecurityContextPersistenceFilter : Cleared SecurityContextHolder to complete request
2022-03-20 12:26:52.128 DEBUG 5300 --- [nio-8701-exec-4] o.s.security.web.FilterChainProxy        : Securing GET /error
2022-03-20 12:26:52.128 DEBUG 5300 --- [nio-8701-exec-4] s.s.w.c.SecurityContextPersistenceFilter : Set SecurityContextHolder to empty SecurityContext
2022-03-20 12:26:52.128 DEBUG 5300 --- [nio-8701-exec-4] o.s.s.w.a.AnonymousAuthenticationFilter  : Set SecurityContextHolder to anonymous SecurityContext
2022-03-20 12:26:52.128 DEBUG 5300 --- [nio-8701-exec-4] o.s.security.web.FilterChainProxy        : Secured GET /error
2022-03-20 12:26:52.128 DEBUG 5300 --- [nio-8701-exec-4] o.s.web.servlet.DispatcherServlet        : "ERROR" dispatch for GET "/error", parameters={}
2022-03-20 12:26:52.129 DEBUG 5300 --- [nio-8701-exec-4] s.w.s.m.m.a.RequestMappingHandlerMapping : Mapped to org.springframework.boot.autoconfigure.web.servlet.error.BasicErrorController#error(HttpServletRequest)
2022-03-20 12:26:52.129 DEBUG 5300 --- [nio-8701-exec-4] o.j.s.OpenEntityManagerInViewInterceptor : Opening JPA EntityManager in OpenEntityManagerInViewInterceptor
2022-03-20 12:26:52.130 DEBUG 5300 --- [nio-8701-exec-4] o.s.w.s.m.m.a.HttpEntityMethodProcessor  : Using 'application/json', given [*/*] and supported [application/json, application/*+json, application/json, application/*+json]
2022-03-20 12:26:52.131 DEBUG 5300 --- [nio-8701-exec-4] o.s.w.s.m.m.a.HttpEntityMethodProcessor  : Writing [{timestamp=Sun Mar 20 12:26:52 MSK 2022, status=401, error=Unauthorized, path=/api/recipe/149}]
2022-03-20 12:26:52.131 DEBUG 5300 --- [nio-8701-exec-4] w.c.HttpSessionSecurityContextRepository : Did not store anonymous SecurityContext
2022-03-20 12:26:52.132 DEBUG 5300 --- [nio-8701-exec-4] o.j.s.OpenEntityManagerInViewInterceptor : Closing JPA EntityManager in OpenEntityManagerInViewInterceptor
2022-03-20 12:26:52.132 DEBUG 5300 --- [nio-8701-exec-4] o.s.web.servlet.DispatcherServlet        : Exiting from "ERROR" dispatch, status 401
2022-03-20 12:26:52.132 DEBUG 5300 --- [nio-8701-exec-4] w.c.HttpSessionSecurityContextRepository : Did not store anonymous SecurityContext
2022-03-20 12:26:52.132 DEBUG 5300 --- [nio-8701-exec-4] s.s.w.c.SecurityContextPersistenceFilter : Cleared SecurityContextHolder to complete request
?[1;31m
Start test 78?[0m
2022-03-20 12:26:52.140 DEBUG 5300 --- [nio-8701-exec-5] o.s.security.web.FilterChainProxy        : Securing PUT /api/recipe/149
2022-03-20 12:26:52.140 DEBUG 5300 --- [nio-8701-exec-5] s.s.w.c.SecurityContextPersistenceFilter : Set SecurityContextHolder to empty SecurityContext
2022-03-20 12:26:52.140 DEBUG 5300 --- [nio-8701-exec-5] o.s.s.w.a.AnonymousAuthenticationFilter  : Set SecurityContextHolder to anonymous SecurityContext
2022-03-20 12:26:52.140 DEBUG 5300 --- [nio-8701-exec-5] s.w.s.m.m.a.RequestMappingHandlerMapping : Mapped to recipes.presentation.RecipesController#updateRecipe(Long, Recipe, UserDetails)
2022-03-20 12:26:52.141 DEBUG 5300 --- [nio-8701-exec-5] o.s.s.w.a.i.FilterSecurityInterceptor    : Failed to authorize filter invocation [PUT /api/recipe/149] with attributes [authenticated]
2022-03-20 12:26:52.141 DEBUG 5300 --- [nio-8701-exec-5] o.s.s.w.s.HttpSessionRequestCache        : Saved request http://localhost:8701/api/recipe/149 to session
2022-03-20 12:26:52.141 DEBUG 5300 --- [nio-8701-exec-5] s.w.a.DelegatingAuthenticationEntryPoint : Trying to match using RequestHeaderRequestMatcher [expectedHeaderName=X-Requested-With, expectedHeaderValue=XMLHttpRequest]
2022-03-20 12:26:52.141 DEBUG 5300 --- [nio-8701-exec-5] s.w.a.DelegatingAuthenticationEntryPoint : No match found. Using default entry point org.springframework.security.web.authentication.www.BasicAuthenticationEntryPoint@7d6c2c9
2022-03-20 12:26:52.142 DEBUG 5300 --- [nio-8701-exec-5] w.c.HttpSessionSecurityContextRepository : Did not store empty SecurityContext
2022-03-20 12:26:52.142 DEBUG 5300 --- [nio-8701-exec-5] w.c.HttpSessionSecurityContextRepository : Did not store empty SecurityContext
2022-03-20 12:26:52.142 DEBUG 5300 --- [nio-8701-exec-5] s.s.w.c.SecurityContextPersistenceFilter : Cleared SecurityContextHolder to complete request
2022-03-20 12:26:52.143 DEBUG 5300 --- [nio-8701-exec-5] o.s.security.web.FilterChainProxy        : Securing PUT /error
2022-03-20 12:26:52.143 DEBUG 5300 --- [nio-8701-exec-5] s.s.w.c.SecurityContextPersistenceFilter : Set SecurityContextHolder to empty SecurityContext
2022-03-20 12:26:52.143 DEBUG 5300 --- [nio-8701-exec-5] o.s.s.w.a.AnonymousAuthenticationFilter  : Set SecurityContextHolder to anonymous SecurityContext
2022-03-20 12:26:52.144 DEBUG 5300 --- [nio-8701-exec-5] o.s.security.web.FilterChainProxy        : Secured PUT /error
2022-03-20 12:26:52.144 DEBUG 5300 --- [nio-8701-exec-5] o.s.web.servlet.DispatcherServlet        : "ERROR" dispatch for PUT "/error", parameters={}
2022-03-20 12:26:52.144 DEBUG 5300 --- [nio-8701-exec-5] s.w.s.m.m.a.RequestMappingHandlerMapping : Mapped to org.springframework.boot.autoconfigure.web.servlet.error.BasicErrorController#error(HttpServletRequest)
2022-03-20 12:26:52.144 DEBUG 5300 --- [nio-8701-exec-5] o.j.s.OpenEntityManagerInViewInterceptor : Opening JPA EntityManager in OpenEntityManagerInViewInterceptor
2022-03-20 12:26:52.145 DEBUG 5300 --- [nio-8701-exec-5] o.s.w.s.m.m.a.HttpEntityMethodProcessor  : Using 'application/json', given [*/*] and supported [application/json, application/*+json, application/json, application/*+json]
2022-03-20 12:26:52.145 DEBUG 5300 --- [nio-8701-exec-5] o.s.w.s.m.m.a.HttpEntityMethodProcessor  : Writing [{timestamp=Sun Mar 20 12:26:52 MSK 2022, status=401, error=Unauthorized, path=/api/recipe/149}]
2022-03-20 12:26:52.146 DEBUG 5300 --- [nio-8701-exec-5] w.c.HttpSessionSecurityContextRepository : Did not store anonymous SecurityContext
2022-03-20 12:26:52.146 DEBUG 5300 --- [nio-8701-exec-5] o.j.s.OpenEntityManagerInViewInterceptor : Closing JPA EntityManager in OpenEntityManagerInViewInterceptor
2022-03-20 12:26:52.146 DEBUG 5300 --- [nio-8701-exec-5] o.s.web.servlet.DispatcherServlet        : Exiting from "ERROR" dispatch, status 401
2022-03-20 12:26:52.147 DEBUG 5300 --- [nio-8701-exec-5] w.c.HttpSessionSecurityContextRepository : Did not store anonymous SecurityContext
2022-03-20 12:26:52.147 DEBUG 5300 --- [nio-8701-exec-5] s.s.w.c.SecurityContextPersistenceFilter : Cleared SecurityContextHolder to complete request
?[1;31m
Start test 79?[0m
2022-03-20 12:26:52.153 DEBUG 5300 --- [nio-8701-exec-6] o.s.security.web.FilterChainProxy        : Securing DELETE /api/recipe/149
2022-03-20 12:26:52.153 DEBUG 5300 --- [nio-8701-exec-6] s.s.w.c.SecurityContextPersistenceFilter : Set SecurityContextHolder to empty SecurityContext
2022-03-20 12:26:52.153 DEBUG 5300 --- [nio-8701-exec-6] o.s.s.w.a.AnonymousAuthenticationFilter  : Set SecurityContextHolder to anonymous SecurityContext
2022-03-20 12:26:52.153 DEBUG 5300 --- [nio-8701-exec-6] s.w.s.m.m.a.RequestMappingHandlerMapping : Mapped to recipes.presentation.RecipesController#deleteRecipe(UserDetails, Long)
2022-03-20 12:26:52.154 DEBUG 5300 --- [nio-8701-exec-6] o.s.s.w.a.i.FilterSecurityInterceptor    : Failed to authorize filter invocation [DELETE /api/recipe/149] with attributes [authenticated]
2022-03-20 12:26:52.155 DEBUG 5300 --- [nio-8701-exec-6] o.s.s.w.s.HttpSessionRequestCache        : Saved request http://localhost:8701/api/recipe/149 to session
2022-03-20 12:26:52.155 DEBUG 5300 --- [nio-8701-exec-6] s.w.a.DelegatingAuthenticationEntryPoint : Trying to match using RequestHeaderRequestMatcher [expectedHeaderName=X-Requested-With, expectedHeaderValue=XMLHttpRequest]
2022-03-20 12:26:52.155 DEBUG 5300 --- [nio-8701-exec-6] s.w.a.DelegatingAuthenticationEntryPoint : No match found. Using default entry point org.springframework.security.web.authentication.www.BasicAuthenticationEntryPoint@7d6c2c9
2022-03-20 12:26:52.155 DEBUG 5300 --- [nio-8701-exec-6] w.c.HttpSessionSecurityContextRepository : Did not store empty SecurityContext
2022-03-20 12:26:52.155 DEBUG 5300 --- [nio-8701-exec-6] w.c.HttpSessionSecurityContextRepository : Did not store empty SecurityContext
2022-03-20 12:26:52.155 DEBUG 5300 --- [nio-8701-exec-6] s.s.w.c.SecurityContextPersistenceFilter : Cleared SecurityContextHolder to complete request
2022-03-20 12:26:52.156 DEBUG 5300 --- [nio-8701-exec-6] o.s.security.web.FilterChainProxy        : Securing DELETE /error
2022-03-20 12:26:52.156 DEBUG 5300 --- [nio-8701-exec-6] s.s.w.c.SecurityContextPersistenceFilter : Set SecurityContextHolder to empty SecurityContext
2022-03-20 12:26:52.156 DEBUG 5300 --- [nio-8701-exec-6] o.s.s.w.a.AnonymousAuthenticationFilter  : Set SecurityContextHolder to anonymous SecurityContext
2022-03-20 12:26:52.156 DEBUG 5300 --- [nio-8701-exec-6] o.s.security.web.FilterChainProxy        : Secured DELETE /error
2022-03-20 12:26:52.156 DEBUG 5300 --- [nio-8701-exec-6] o.s.web.servlet.DispatcherServlet        : "ERROR" dispatch for DELETE "/error", parameters={}
2022-03-20 12:26:52.157 DEBUG 5300 --- [nio-8701-exec-6] s.w.s.m.m.a.RequestMappingHandlerMapping : Mapped to org.springframework.boot.autoconfigure.web.servlet.error.BasicErrorController#error(HttpServletRequest)
2022-03-20 12:26:52.157 DEBUG 5300 --- [nio-8701-exec-6] o.j.s.OpenEntityManagerInViewInterceptor : Opening JPA EntityManager in OpenEntityManagerInViewInterceptor
2022-03-20 12:26:52.158 DEBUG 5300 --- [nio-8701-exec-6] o.s.w.s.m.m.a.HttpEntityMethodProcessor  : Using 'application/json', given [*/*] and supported [application/json, application/*+json, application/json, application/*+json]
2022-03-20 12:26:52.158 DEBUG 5300 --- [nio-8701-exec-6] o.s.w.s.m.m.a.HttpEntityMethodProcessor  : Writing [{timestamp=Sun Mar 20 12:26:52 MSK 2022, status=401, error=Unauthorized, path=/api/recipe/149}]
2022-03-20 12:26:52.159 DEBUG 5300 --- [nio-8701-exec-6] w.c.HttpSessionSecurityContextRepository : Did not store anonymous SecurityContext
2022-03-20 12:26:52.159 DEBUG 5300 --- [nio-8701-exec-6] o.j.s.OpenEntityManagerInViewInterceptor : Closing JPA EntityManager in OpenEntityManagerInViewInterceptor
2022-03-20 12:26:52.160 DEBUG 5300 --- [nio-8701-exec-6] o.s.web.servlet.DispatcherServlet        : Exiting from "ERROR" dispatch, status 401
2022-03-20 12:26:52.160 DEBUG 5300 --- [nio-8701-exec-6] w.c.HttpSessionSecurityContextRepository : Did not store anonymous SecurityContext
2022-03-20 12:26:52.160 DEBUG 5300 --- [nio-8701-exec-6] s.s.w.c.SecurityContextPersistenceFilter : Cleared SecurityContextHolder to complete request
?[1;31m
Start test 80?[0m
2022-03-20 12:26:52.171 DEBUG 5300 --- [nio-8701-exec-7] o.s.security.web.FilterChainProxy        : Securing GET /api/recipe/search/?category=dessert
2022-03-20 12:26:52.172 DEBUG 5300 --- [nio-8701-exec-7] s.s.w.c.SecurityContextPersistenceFilter : Set SecurityContextHolder to empty SecurityContext
2022-03-20 12:26:52.172 DEBUG 5300 --- [nio-8701-exec-7] o.s.s.w.a.AnonymousAuthenticationFilter  : Set SecurityContextHolder to anonymous SecurityContext
2022-03-20 12:26:52.172 DEBUG 5300 --- [nio-8701-exec-7] s.w.s.m.m.a.RequestMappingHandlerMapping : Mapped to recipes.presentation.RecipesController#searchRecipe(String, String)
2022-03-20 12:26:52.173 DEBUG 5300 --- [nio-8701-exec-7] o.s.s.w.a.i.FilterSecurityInterceptor    : Failed to authorize filter invocation [GET /api/recipe/search/?category=dessert] with attributes [authenticated]
2022-03-20 12:26:52.174 DEBUG 5300 --- [nio-8701-exec-7] o.s.s.w.s.HttpSessionRequestCache        : Saved request http://localhost:8701/api/recipe/search/?category=dessert to session
2022-03-20 12:26:52.175 DEBUG 5300 --- [nio-8701-exec-7] s.w.a.DelegatingAuthenticationEntryPoint : Trying to match using RequestHeaderRequestMatcher [expectedHeaderName=X-Requested-With, expectedHeaderValue=XMLHttpRequest]
2022-03-20 12:26:52.175 DEBUG 5300 --- [nio-8701-exec-7] s.w.a.DelegatingAuthenticationEntryPoint : No match found. Using default entry point org.springframework.security.web.authentication.www.BasicAuthenticationEntryPoint@7d6c2c9
2022-03-20 12:26:52.175 DEBUG 5300 --- [nio-8701-exec-7] w.c.HttpSessionSecurityContextRepository : Did not store empty SecurityContext
2022-03-20 12:26:52.175 DEBUG 5300 --- [nio-8701-exec-7] w.c.HttpSessionSecurityContextRepository : Did not store empty SecurityContext
2022-03-20 12:26:52.175 DEBUG 5300 --- [nio-8701-exec-7] s.s.w.c.SecurityContextPersistenceFilter : Cleared SecurityContextHolder to complete request
2022-03-20 12:26:52.176 DEBUG 5300 --- [nio-8701-exec-7] o.s.security.web.FilterChainProxy        : Securing GET /error?category=dessert
2022-03-20 12:26:52.176 DEBUG 5300 --- [nio-8701-exec-7] s.s.w.c.SecurityContextPersistenceFilter : Set SecurityContextHolder to empty SecurityContext
2022-03-20 12:26:52.176 DEBUG 5300 --- [nio-8701-exec-7] o.s.s.w.a.AnonymousAuthenticationFilter  : Set SecurityContextHolder to anonymous SecurityContext
2022-03-20 12:26:52.176 DEBUG 5300 --- [nio-8701-exec-7] o.s.security.web.FilterChainProxy        : Secured GET /error?category=dessert
2022-03-20 12:26:52.176 DEBUG 5300 --- [nio-8701-exec-7] o.s.web.servlet.DispatcherServlet        : "ERROR" dispatch for GET "/error?category=dessert", parameters={masked}
2022-03-20 12:26:52.177 DEBUG 5300 --- [nio-8701-exec-7] s.w.s.m.m.a.RequestMappingHandlerMapping : Mapped to org.springframework.boot.autoconfigure.web.servlet.error.BasicErrorController#error(HttpServletRequest)
2022-03-20 12:26:52.177 DEBUG 5300 --- [nio-8701-exec-7] o.j.s.OpenEntityManagerInViewInterceptor : Opening JPA EntityManager in OpenEntityManagerInViewInterceptor
2022-03-20 12:26:52.178 DEBUG 5300 --- [nio-8701-exec-7] o.s.w.s.m.m.a.HttpEntityMethodProcessor  : Using 'application/json', given [*/*] and supported [application/json, application/*+json, application/json, application/*+json]
2022-03-20 12:26:52.178 DEBUG 5300 --- [nio-8701-exec-7] o.s.w.s.m.m.a.HttpEntityMethodProcessor  : Writing [{timestamp=Sun Mar 20 12:26:52 MSK 2022, status=401, error=Unauthorized, path=/api/recipe/search/}]
2022-03-20 12:26:52.179 DEBUG 5300 --- [nio-8701-exec-7] w.c.HttpSessionSecurityContextRepository : Did not store anonymous SecurityContext
2022-03-20 12:26:52.179 DEBUG 5300 --- [nio-8701-exec-7] o.j.s.OpenEntityManagerInViewInterceptor : Closing JPA EntityManager in OpenEntityManagerInViewInterceptor
2022-03-20 12:26:52.180 DEBUG 5300 --- [nio-8701-exec-7] o.s.web.servlet.DispatcherServlet        : Exiting from "ERROR" dispatch, status 401
2022-03-20 12:26:52.180 DEBUG 5300 --- [nio-8701-exec-7] w.c.HttpSessionSecurityContextRepository : Did not store anonymous SecurityContext
2022-03-20 12:26:52.180 DEBUG 5300 --- [nio-8701-exec-7] s.s.w.c.SecurityContextPersistenceFilter : Cleared SecurityContextHolder to complete request
?[1;31m
Start test 81?[0m
2022-03-20 12:26:52.187 DEBUG 5300 --- [nio-8701-exec-8] o.s.security.web.FilterChainProxy        : Securing GET /api/recipe/search/?name=ice-cream
2022-03-20 12:26:52.187 DEBUG 5300 --- [nio-8701-exec-8] s.s.w.c.SecurityContextPersistenceFilter : Set SecurityContextHolder to empty SecurityContext
2022-03-20 12:26:52.187 DEBUG 5300 --- [nio-8701-exec-8] o.s.s.w.a.AnonymousAuthenticationFilter  : Set SecurityContextHolder to anonymous SecurityContext
2022-03-20 12:26:52.188 DEBUG 5300 --- [nio-8701-exec-8] s.w.s.m.m.a.RequestMappingHandlerMapping : Mapped to recipes.presentation.RecipesController#searchRecipe(String, String)
2022-03-20 12:26:52.189 DEBUG 5300 --- [nio-8701-exec-8] o.s.s.w.a.i.FilterSecurityInterceptor    : Failed to authorize filter invocation [GET /api/recipe/search/?name=ice-cream] with attributes [authenticated]
2022-03-20 12:26:52.189 DEBUG 5300 --- [nio-8701-exec-8] o.s.s.w.s.HttpSessionRequestCache        : Saved request http://localhost:8701/api/recipe/search/?name=ice-cream to session
2022-03-20 12:26:52.189 DEBUG 5300 --- [nio-8701-exec-8] s.w.a.DelegatingAuthenticationEntryPoint : Trying to match using RequestHeaderRequestMatcher [expectedHeaderName=X-Requested-With, expectedHeaderValue=XMLHttpRequest]
2022-03-20 12:26:52.189 DEBUG 5300 --- [nio-8701-exec-8] s.w.a.DelegatingAuthenticationEntryPoint : No match found. Using default entry point org.springframework.security.web.authentication.www.BasicAuthenticationEntryPoint@7d6c2c9
2022-03-20 12:26:52.189 DEBUG 5300 --- [nio-8701-exec-8] w.c.HttpSessionSecurityContextRepository : Did not store empty SecurityContext
2022-03-20 12:26:52.190 DEBUG 5300 --- [nio-8701-exec-8] w.c.HttpSessionSecurityContextRepository : Did not store empty SecurityContext
2022-03-20 12:26:52.190 DEBUG 5300 --- [nio-8701-exec-8] s.s.w.c.SecurityContextPersistenceFilter : Cleared SecurityContextHolder to complete request
2022-03-20 12:26:52.190 DEBUG 5300 --- [nio-8701-exec-8] o.s.security.web.FilterChainProxy        : Securing GET /error?name=ice-cream
2022-03-20 12:26:52.190 DEBUG 5300 --- [nio-8701-exec-8] s.s.w.c.SecurityContextPersistenceFilter : Set SecurityContextHolder to empty SecurityContext
2022-03-20 12:26:52.190 DEBUG 5300 --- [nio-8701-exec-8] o.s.s.w.a.AnonymousAuthenticationFilter  : Set SecurityContextHolder to anonymous SecurityContext
2022-03-20 12:26:52.191 DEBUG 5300 --- [nio-8701-exec-8] o.s.security.web.FilterChainProxy        : Secured GET /error?name=ice-cream
2022-03-20 12:26:52.191 DEBUG 5300 --- [nio-8701-exec-8] o.s.web.servlet.DispatcherServlet        : "ERROR" dispatch for GET "/error?name=ice-cream", parameters={masked}
2022-03-20 12:26:52.191 DEBUG 5300 --- [nio-8701-exec-8] s.w.s.m.m.a.RequestMappingHandlerMapping : Mapped to org.springframework.boot.autoconfigure.web.servlet.error.BasicErrorController#error(HttpServletRequest)
2022-03-20 12:26:52.191 DEBUG 5300 --- [nio-8701-exec-8] o.j.s.OpenEntityManagerInViewInterceptor : Opening JPA EntityManager in OpenEntityManagerInViewInterceptor
2022-03-20 12:26:52.192 DEBUG 5300 --- [nio-8701-exec-8] o.s.w.s.m.m.a.HttpEntityMethodProcessor  : Using 'application/json', given [*/*] and supported [application/json, application/*+json, application/json, application/*+json]
2022-03-20 12:26:52.192 DEBUG 5300 --- [nio-8701-exec-8] o.s.w.s.m.m.a.HttpEntityMethodProcessor  : Writing [{timestamp=Sun Mar 20 12:26:52 MSK 2022, status=401, error=Unauthorized, path=/api/recipe/search/}]
2022-03-20 12:26:52.193 DEBUG 5300 --- [nio-8701-exec-8] w.c.HttpSessionSecurityContextRepository : Did not store anonymous SecurityContext
2022-03-20 12:26:52.193 DEBUG 5300 --- [nio-8701-exec-8] o.j.s.OpenEntityManagerInViewInterceptor : Closing JPA EntityManager in OpenEntityManagerInViewInterceptor
2022-03-20 12:26:52.194 DEBUG 5300 --- [nio-8701-exec-8] o.s.web.servlet.DispatcherServlet        : Exiting from "ERROR" dispatch, status 401
2022-03-20 12:26:52.194 DEBUG 5300 --- [nio-8701-exec-8] w.c.HttpSessionSecurityContextRepository : Did not store anonymous SecurityContext
2022-03-20 12:26:52.194 DEBUG 5300 --- [nio-8701-exec-8] s.s.w.c.SecurityContextPersistenceFilter : Cleared SecurityContextHolder to complete request
2022-03-20 12:26:52.220 DEBUG 5300 --- [nio-8701-exec-9] o.s.security.web.FilterChainProxy        : Securing POST /actuator/shutdown
2022-03-20 12:26:52.220 DEBUG 5300 --- [nio-8701-exec-9] s.s.w.c.SecurityContextPersistenceFilter : Set SecurityContextHolder to empty SecurityContext
2022-03-20 12:26:52.221 DEBUG 5300 --- [nio-8701-exec-9] o.s.s.w.a.AnonymousAuthenticationFilter  : Set SecurityContextHolder to anonymous SecurityContext
2022-03-20 12:26:52.221 DEBUG 5300 --- [nio-8701-exec-9] s.b.a.e.w.s.WebMvcEndpointHandlerMapping : Mapped to Actuator web endpoint 'shutdown'
2022-03-20 12:26:52.222 DEBUG 5300 --- [nio-8701-exec-9] s.b.a.e.w.s.WebMvcEndpointHandlerMapping : Mapped to Actuator web endpoint 'shutdown'
2022-03-20 12:26:52.223 DEBUG 5300 --- [nio-8701-exec-9] o.s.s.w.a.i.FilterSecurityInterceptor    : Authorized filter invocation [POST /actuator/shutdown] with attributes [permitAll]
2022-03-20 12:26:52.223 DEBUG 5300 --- [nio-8701-exec-9] o.s.security.web.FilterChainProxy        : Secured POST /actuator/shutdown
2022-03-20 12:26:52.224 DEBUG 5300 --- [nio-8701-exec-9] o.s.web.servlet.DispatcherServlet        : POST "/actuator/shutdown", parameters={}
2022-03-20 12:26:52.224 DEBUG 5300 --- [nio-8701-exec-9] s.b.a.e.w.s.WebMvcEndpointHandlerMapping : Mapped to Actuator web endpoint 'shutdown'
2022-03-20 12:26:52.226 DEBUG 5300 --- [nio-8701-exec-9] m.m.a.RequestResponseBodyMethodProcessor : Read "application/json;charset=UTF-8" to []
2022-03-20 12:26:52.227 DEBUG 5300 --- [nio-8701-exec-9] m.m.a.RequestResponseBodyMethodProcessor : Using 'application/vnd.spring-boot.actuator.v3+json', given [*/*] and supported [application/vnd.spring-boot.actuator.v3+json, application/vnd.spring-boot.actuator.v2+json, application/json]
2022-03-20 12:26:52.227 DEBUG 5300 --- [nio-8701-exec-9] m.m.a.RequestResponseBodyMethodProcessor : Writing [{message=Shutting down, bye...}]
2022-03-20 12:26:52.228 DEBUG 5300 --- [nio-8701-exec-9] w.c.HttpSessionSecurityContextRepository : Did not store anonymous SecurityContext
2022-03-20 12:26:52.228 DEBUG 5300 --- [nio-8701-exec-9] o.s.web.servlet.DispatcherServlet        : Completed 200 OK
2022-03-20 12:26:52.228 DEBUG 5300 --- [nio-8701-exec-9] w.c.HttpSessionSecurityContextRepository : Did not store anonymous SecurityContext
2022-03-20 12:26:52.228 DEBUG 5300 --- [nio-8701-exec-9] s.s.w.c.SecurityContextPersistenceFilter : Cleared SecurityContextHolder to complete request
]]></system-out>
  <system-err><![CDATA[]]></system-err>
</testsuite>
