<?xml version="1.0" encoding="UTF-8"?>
<testsuite name="Tests" tests="1" skipped="0" failures="0" errors="0" timestamp="2022-02-22T06:37:01" hostname="DESKTOP-HS4DRCO" time="5.056">
  <properties/>
  <testcase name="start" classname="Tests" time="5.056"/>
  <system-out><![CDATA[?[1;31m
Start test 1?[0m

  .   ____          _            __ _ _
 /\\ / ___'_ __ _ _(_)_ __  __ _ \ \ \ \
( ( )\___ | '_ | '_| | '_ \/ _` | \ \ \ \
 \\/  ___)| |_)| | | | | || (_| |  ) ) ) )
  '  |____| .__|_| |_|_| |_\__, | / / / /
 =========|_|==============|___/=/_/_/_/
 :: Spring Boot ::                (v2.5.6)

2022-02-22 09:37:02.292  INFO 26792 --- [    Test worker] task.Main                                : Starting Main using Java 17.0.1 on DESKTOP-HS4DRCO with PID 26792 (started by almaz in D:\devel\Recipes1\Topics\Handling requests with bodies\Receiving and returning products)
2022-02-22 09:37:02.298  INFO 26792 --- [    Test worker] task.Main                                : No active profile set, falling back to default profiles: default
2022-02-22 09:37:04.336  INFO 26792 --- [    Test worker] o.s.b.w.embedded.tomcat.TomcatWebServer  : Tomcat initialized with port(s): 28852 (http)
2022-02-22 09:37:04.357  INFO 26792 --- [    Test worker] o.apache.catalina.core.StandardService   : Starting service [Tomcat]
2022-02-22 09:37:04.359  INFO 26792 --- [    Test worker] org.apache.catalina.core.StandardEngine  : Starting Servlet engine: [Apache Tomcat/9.0.54]
2022-02-22 09:37:04.527  INFO 26792 --- [    Test worker] o.a.c.c.C.[Tomcat].[localhost].[/]       : Initializing Spring embedded WebApplicationContext
2022-02-22 09:37:04.527  INFO 26792 --- [    Test worker] w.s.c.ServletWebServerApplicationContext : Root WebApplicationContext: initialization completed in 2152 ms
2022-02-22 09:37:05.550  INFO 26792 --- [    Test worker] o.s.b.a.e.web.EndpointLinksResolver      : Exposing 14 endpoint(s) beneath base path '/actuator'
2022-02-22 09:37:05.612  INFO 26792 --- [    Test worker] o.s.b.w.embedded.tomcat.TomcatWebServer  : Tomcat started on port(s): 28852 (http) with context path ''
2022-02-22 09:37:05.632  INFO 26792 --- [    Test worker] task.Main                                : Started Main in 3.925 seconds (JVM running for 4.937)
2022-02-22 09:37:06.161  INFO 26792 --- [io-28852-exec-1] o.a.c.c.C.[Tomcat].[localhost].[/]       : Initializing Spring DispatcherServlet 'dispatcherServlet'
2022-02-22 09:37:06.162  INFO 26792 --- [io-28852-exec-1] o.s.web.servlet.DispatcherServlet        : Initializing Servlet 'dispatcherServlet'
2022-02-22 09:37:06.164  INFO 26792 --- [io-28852-exec-1] o.s.web.servlet.DispatcherServlet        : Completed initialization in 2 ms
?[1;31m
Start test 2?[0m
?[1;31m
Start test 3?[0m
]]></system-out>
  <system-err><![CDATA[]]></system-err>
</testsuite>
